#
# There is insufficient memory for the Java Runtime Environment to continue.
# Native memory allocation (mmap) failed to map 50331648 bytes for Failed to commit area from 0x00000000cbd00000 to 0x00000000ced00000 of length 50331648.
# Possible reasons:
#   The system is out of physical RAM or swap space
#   The process is running with CompressedOops enabled, and the Java Heap may be blocking the growth of the native heap
# Possible solutions:
#   Reduce memory load on the system
#   Increase physical memory or swap space
#   Check if swap backing store is full
#   Decrease Java heap size (-Xmx/-Xms)
#   Decrease number of Java threads
#   Decrease Java thread stack sizes (-Xss)
#   Set larger code cache with -XX:ReservedCodeCacheSize=
#   JVM is running with Unscaled Compressed Oops mode in which the Java heap is
#     placed in the first 4GB address space. The Java Heap base address is the
#     maximum limit for the native heap growth. Please use -XX:HeapBaseMinAddress
#     to set the Java Heap base and to place the Java Heap above 4GB virtual address.
# This output file may be truncated or incomplete.
#
#  Out of Memory Error (t:/workspace/open/src/hotspot/os/windows/os_windows.cpp:3301), pid=3980, tid=9680
#
# JRE version: Java(TM) SE Runtime Environment (13.0.2+8) (build 13.0.2+8)
# Java VM: Java HotSpot(TM) 64-Bit Server VM (13.0.2+8, mixed mode, sharing, tiered, compressed oops, g1 gc, windows-amd64)
# No core dump will be written. Minidumps are not enabled by default on client versions of Windows
#

---------------  S U M M A R Y ------------

Command Line: --add-opens=java.base/java.util=ALL-UNNAMED --add-opens=java.base/java.lang=ALL-UNNAMED --add-opens=java.base/java.lang.invoke=ALL-UNNAMED --add-opens=java.prefs/java.util.prefs=ALL-UNNAMED -Xmx1024m -Dfile.encoding=windows-1252 -Duser.country=IN -Duser.language=en -Duser.variant org.gradle.launcher.daemon.bootstrap.GradleDaemon 6.1.1

Host: AMD PRO A4-4350B R4, 5 COMPUTE CORES 2C+3G     , 2 cores, 3G,  Windows 10 , 64 bit Build 17763 (10.0.17763.1158)
Time: Wed Sep 16 22:52:52 2020 Pacific Daylight Time elapsed time: 251 seconds (0d 0h 4m 11s)

---------------  T H R E A D  ---------------

Current thread (0x000002694ea61000):  VMThread "VM Thread" [stack: 0x000000861b800000,0x000000861b900000] [id=9680]

Stack: [0x000000861b800000,0x000000861b900000]
[error occurred during error reporting (printing stack bounds), id 0xc0000005, EXCEPTION_ACCESS_VIOLATION (0xc0000005) at pc=0x000002693abc10ad]

Native frames: (J=compiled Java code, j=interpreted, Vv=VM code, C=native code)
V  [jvm.dll+0x624f9a]
V  [jvm.dll+0x770cfa]
V  [jvm.dll+0x7724af]
V  [jvm.dll+0x772a15]
V  [jvm.dll+0x7729cb]
V  [jvm.dll+0x6244df]
C  [ntdll.dll+0x66b26]
C  [ntdll.dll+0x4849]
C  [ntdll.dll+0xa350e]
C  0x000002693abc10ad

VM_Operation (0x000000861b4ff420): G1Concurrent, mode: safepoint, requested by thread 0x0000026930ef8800


---------------  P R O C E S S  ---------------

Threads class SMR info:
_java_thread_list=0x000002695583e670, length=41, elements={
0x0000026930dbe000, 0x0000026930f8d800, 0x000002694ea6b000, 0x000002694ea86800,
0x000002694ea88000, 0x000002694ea89000, 0x000002694eacf800, 0x000002694eb03800,
0x000002694f4c4800, 0x000002694f4cb800, 0x000002694ff88800, 0x0000026950748800,
0x000002695090e800, 0x0000026950f9a800, 0x0000026950f9a000, 0x0000026950f9b800,
0x0000026950f9c800, 0x0000026951a3d800, 0x0000026951a44000, 0x0000026951a49000,
0x0000026951a41000, 0x0000026951a42000, 0x0000026951a40000, 0x0000026951a47800,
0x0000026951a43800, 0x0000026951a48800, 0x0000026951a42800, 0x0000026951a4a000,
0x0000026951a46800, 0x0000026951a4b000, 0x0000026951a45000, 0x0000026951a4b800,
0x0000026951a46000, 0x0000026951a4c800, 0x0000026950f98800, 0x0000026950f9d000,
0x0000026950f9e000, 0x0000026950f9f000, 0x000002695368c000, 0x0000026953689800,
0x000002695368a800
}

Java Threads: ( => current thread )
  0x0000026930dbe000 JavaThread "main" [_thread_blocked, id=3592, stack(0x000000861b200000,0x000000861b300000)]
  0x0000026930f8d800 JavaThread "Reference Handler" daemon [_thread_blocked, id=560, stack(0x000000861b900000,0x000000861ba00000)]
  0x000002694ea6b000 JavaThread "Finalizer" daemon [_thread_blocked, id=7136, stack(0x000000861ba00000,0x000000861bb00000)]
  0x000002694ea86800 JavaThread "Signal Dispatcher" daemon [_thread_blocked, id=2208, stack(0x000000861bb00000,0x000000861bc00000)]
  0x000002694ea88000 JavaThread "Attach Listener" daemon [_thread_blocked, id=7440, stack(0x000000861bc00000,0x000000861bd00000)]
  0x000002694ea89000 JavaThread "C2 CompilerThread0" daemon [_thread_blocked, id=1764, stack(0x000000861bd00000,0x000000861be00000)]
  0x000002694eacf800 JavaThread "C1 CompilerThread0" daemon [_thread_blocked, id=3840, stack(0x000000861be00000,0x000000861bf00000)]
  0x000002694eb03800 JavaThread "Sweeper thread" daemon [_thread_blocked, id=8364, stack(0x000000861bf00000,0x000000861c000000)]
  0x000002694f4c4800 JavaThread "Common-Cleaner" daemon [_thread_blocked, id=9224, stack(0x000000861c000000,0x000000861c100000)]
  0x000002694f4cb800 JavaThread "Service Thread" daemon [_thread_blocked, id=8564, stack(0x000000861c100000,0x000000861c200000)]
  0x000002694ff88800 JavaThread "Daemon health stats" [_thread_blocked, id=9276, stack(0x000000861c500000,0x000000861c600000)]
  0x0000026950748800 JavaThread "Incoming local TCP Connector on port 54568" [_thread_in_native, id=10168, stack(0x000000861c600000,0x000000861c700000)]
  0x000002695090e800 JavaThread "Daemon periodic checks" [_thread_blocked, id=9008, stack(0x000000861c700000,0x000000861c800000)]
  0x0000026950f9a800 JavaThread "Cache worker for journal cache (C:\Users\ELCOT\.gradle\caches\gradle-6.5\caches\journal-1)" [_thread_blocked, id=8540, stack(0x000000861cf00000,0x000000861d000000)]
  0x0000026950f9a000 JavaThread "File lock request listener" [_thread_in_native, id=10024, stack(0x000000861d000000,0x000000861d100000)]
  0x0000026950f9b800 JavaThread "Cache worker for file hash cache (C:\Users\ELCOT\.gradle\caches\gradle-6.5\caches\6.1.1\fileHashes)" [_thread_blocked, id=4924, stack(0x000000861d100000,0x000000861d200000)]
  0x0000026950f9c800 JavaThread "Cache worker for execution history cache (C:\Users\ELCOT\.gradle\caches\gradle-6.5\caches\6.1.1\executionHistory)" [_thread_blocked, id=7404, stack(0x000000861d600000,0x000000861d700000)]
  0x0000026951a3d800 JavaThread "Memory manager" [_thread_blocked, id=7876, stack(0x000000861da00000,0x000000861db00000)]
  0x0000026951a44000 JavaThread "Cache worker for file content cache (C:\Users\ELCOT\.gradle\caches\gradle-6.5\caches\6.1.1\fileContent)" [_thread_blocked, id=4032, stack(0x000000861db00000,0x000000861dc00000)]
  0x0000026951a49000 JavaThread "ForkJoinPool.commonPool-worker-1" daemon [_thread_blocked, id=1748, stack(0x000000861e300000,0x000000861e400000)]
  0x0000026951a41000 JavaThread "Daemon Thread 2" [_thread_blocked, id=7752, stack(0x000000861b000000,0x000000861b100000)]
  0x0000026951a42000 JavaThread "Handler for socket connection from /127.0.0.1:54568 to /127.0.0.1:54583" [_thread_in_native, id=6132, stack(0x000000861b100000,0x000000861b200000)]
  0x0000026951a40000 JavaThread "Cancel handler" [_thread_blocked, id=8420, stack(0x000000861c800000,0x000000861c900000)]
  0x0000026951a47800 JavaThread "Daemon worker Thread 2" [_thread_blocked, id=10124, stack(0x000000861c900000,0x000000861ca00000)]
  0x0000026951a43800 JavaThread "Asynchronous log dispatcher for DefaultDaemonConnection: socket connection from /127.0.0.1:54568 to /127.0.0.1:54583" [_thread_blocked, id=7736, stack(0x000000861ca00000,0x000000861cb00000)]
  0x0000026951a48800 JavaThread "Stdin handler" [_thread_blocked, id=6796, stack(0x000000861cb00000,0x000000861cc00000)]
  0x0000026951a42800 JavaThread "Thread-31" [_thread_blocked, id=5216, stack(0x000000861cc00000,0x000000861cd00000)]
  0x0000026951a4a000 JavaThread "Cache worker for checksums cache (D:\AndroidStudioProjects\DoChat\.gradle\checksums)" [_thread_blocked, id=8376, stack(0x000000861cd00000,0x000000861ce00000)]
  0x0000026951a46800 JavaThread "Cache worker for file hash cache (D:\AndroidStudioProjects\DoChat\.gradle\6.1.1\fileHashes)" [_thread_blocked, id=4312, stack(0x000000861ce00000,0x000000861cf00000)]
  0x0000026951a4b000 JavaThread "Cache worker for cache directory md-supplier (C:\Users\ELCOT\.gradle\caches\gradle-6.5\caches\6.1.1\md-supplier)" [_thread_blocked, id=6704, stack(0x000000861d200000,0x000000861d300000)]
  0x0000026951a45000 JavaThread "Cache worker for cache directory md-rule (C:\Users\ELCOT\.gradle\caches\gradle-6.5\caches\6.1.1\md-rule)" [_thread_blocked, id=9692, stack(0x000000861d300000,0x000000861d400000)]
  0x0000026951a4b800 JavaThread "Build operations" [_thread_blocked, id=6360, stack(0x000000861d400000,0x000000861d500000)]
  0x0000026951a46000 JavaThread "Build operations Thread 2" [_thread_blocked, id=8208, stack(0x000000861d500000,0x000000861d600000)]
  0x0000026951a4c800 JavaThread "Cache worker for Build Output Cleanup Cache (D:\AndroidStudioProjects\DoChat\.gradle\buildOutputCleanup)" [_thread_blocked, id=5488, stack(0x000000861d700000,0x000000861d800000)]
  0x0000026950f98800 JavaThread "Cache worker for file content cache (D:\AndroidStudioProjects\DoChat\.gradle\6.1.1\fileContent)" [_thread_blocked, id=3384, stack(0x000000861d800000,0x000000861d900000)]
  0x0000026950f9d000 JavaThread "Execution worker for ':'" [_thread_blocked, id=648, stack(0x000000861d900000,0x000000861da00000)]
  0x0000026950f9e000 JavaThread "Cache worker for execution history cache (D:\AndroidStudioProjects\DoChat\.gradle\6.1.1\executionHistory)" [_thread_blocked, id=10064, stack(0x000000861dc00000,0x000000861dd00000)]
  0x0000026950f9f000 JavaThread "Cache worker for Java compile cache (C:\Users\ELCOT\.gradle\caches\gradle-6.5\caches\6.1.1\javaCompile)" [_thread_blocked, id=632, stack(0x000000861dd00000,0x000000861de00000)]
  0x000002695368c000 JavaThread "Cache worker for Java compile cache (D:\AndroidStudioProjects\DoChat\.gradle\6.1.1\javaCompile)" [_thread_blocked, id=6480, stack(0x000000861de00000,0x000000861df00000)]
  0x0000026953689800 JavaThread "WorkerExecutor Queue" [_thread_blocked, id=8428, stack(0x000000861df00000,0x000000861e000000)]
  0x000002695368a800 JavaThread "WorkerExecutor Queue Thread 2" [_thread_blocked, id=2072, stack(0x000000861e000000,0x000000861e100000)]

Other Threads:
=>0x000002694ea61000 VMThread "VM Thread" [stack: 0x000000861b800000,0x000000861b900000] [id=9680]
  0x000002694f4cd000 WatcherThread [stack: 0x000000861c200000,0x000000861c300000] [id=3680]
  0x0000026930eef000 GCTaskThread "GC Thread#0" [stack: 0x000000861b300000,0x000000861b400000] [id=8808]
  0x000002694f5de000 GCTaskThread "GC Thread#1" [stack: 0x000000861c300000,0x000000861c400000] [id=6352]
  0x0000026930ef8800 ConcurrentGCThread "G1 Main Marker" [stack: 0x000000861b400000,0x000000861b500000] [id=1376]
  0x0000026930efa800 ConcurrentGCThread "G1 Conc#0" [stack: 0x000000861b500000,0x000000861b600000] [id=9792]
  0x0000026930f49800 ConcurrentGCThread "G1 Refine#0" [stack: 0x000000861b600000,0x000000861b700000] [id=5996]
  0x000002694f518000 ConcurrentGCThread "G1 Refine#1" [stack: 0x000000861c400000,0x000000861c500000] [id=2588]
  0x0000026930f4b800 ConcurrentGCThread "G1 Young RemSet Sampling" [stack: 0x000000861b700000,0x000000861b800000] [id=1812]

Threads with active compile tasks:

VM state:at safepoint (normal execution)

VM Mutex/Monitor currently owned by a thread:  ([mutex/lock_event])
[0x0000026930dbac80] Threads_lock - owner thread: 0x000002694ea61000
[0x0000026930dba5c0] Heap_lock - owner thread: 0x0000026930ef8800

Heap address: 0x00000000c0000000, size: 1024 MB, Compressed Oops mode: 32-bit
Narrow klass base: 0x0000000800000000, Narrow klass shift: 3
Compressed class space size: 1073741824 Address: 0x0000000800b40000

Heap:
 garbage-first heap   total 242688K, used 143292K [0x00000000c0000000, 0x0000000100000000)
  region size 1024K, 7 young (7168K), 2 survivors (2048K)
 Metaspace       used 93358K, capacity 95928K, committed 96048K, reserved 1132544K
  class space    used 12121K, capacity 13066K, committed 13184K, reserved 1048576K
Heap Regions: E=young(eden), S=young(survivor), O=old, HS=humongous(starts), HC=humongous(continues), CS=collection set, F=free, A=archive, TAMS=top-at-mark-start (previous, next)
|   0|0x00000000c0000000, 0x00000000c0100000, 0x00000000c0100000|100%|HS|  |TAMS 0x00000000c0100000, 0x00000000c0000000| Complete 
|   1|0x00000000c0100000, 0x00000000c0200000, 0x00000000c0200000|100%|HC|  |TAMS 0x00000000c0200000, 0x00000000c0100000| Complete 
|   2|0x00000000c0200000, 0x00000000c0300000, 0x00000000c0300000|100%|HC|  |TAMS 0x00000000c0300000, 0x00000000c0200000| Complete 
|   3|0x00000000c0300000, 0x00000000c0400000, 0x00000000c0400000|100%| O|  |TAMS 0x00000000c0400000, 0x00000000c0300000| Updating 
|   4|0x00000000c0400000, 0x00000000c0500000, 0x00000000c0500000|100%| O|  |TAMS 0x00000000c0500000, 0x00000000c0400000| Updating 
|   5|0x00000000c0500000, 0x00000000c0600000, 0x00000000c0600000|100%| O|  |TAMS 0x00000000c0600000, 0x00000000c0500000| Updating 
|   6|0x00000000c0600000, 0x00000000c0700000, 0x00000000c0700000|100%| O|  |TAMS 0x00000000c0700000, 0x00000000c0600000| Updating 
|   7|0x00000000c0700000, 0x00000000c0800000, 0x00000000c0800000|100%| O|  |TAMS 0x00000000c0800000, 0x00000000c0700000| Updating 
|   8|0x00000000c0800000, 0x00000000c0900000, 0x00000000c0900000|100%| O|  |TAMS 0x00000000c0900000, 0x00000000c0800000| Updating 
|   9|0x00000000c0900000, 0x00000000c0a00000, 0x00000000c0a00000|100%| O|  |TAMS 0x00000000c0a00000, 0x00000000c0900000| Updating 
|  10|0x00000000c0a00000, 0x00000000c0b00000, 0x00000000c0b00000|100%| O|  |TAMS 0x00000000c0b00000, 0x00000000c0a00000| Updating 
|  11|0x00000000c0b00000, 0x00000000c0c00000, 0x00000000c0c00000|100%| O|  |TAMS 0x00000000c0c00000, 0x00000000c0b00000| Updating 
|  12|0x00000000c0c00000, 0x00000000c0d00000, 0x00000000c0d00000|100%| O|  |TAMS 0x00000000c0d00000, 0x00000000c0c00000| Updating 
|  13|0x00000000c0d00000, 0x00000000c0e00000, 0x00000000c0e00000|100%| O|  |TAMS 0x00000000c0e00000, 0x00000000c0d00000| Updating 
|  14|0x00000000c0e00000, 0x00000000c0f00000, 0x00000000c0f00000|100%| O|  |TAMS 0x00000000c0f00000, 0x00000000c0e00000| Updating 
|  15|0x00000000c0f00000, 0x00000000c1000000, 0x00000000c1000000|100%| O|  |TAMS 0x00000000c1000000, 0x00000000c0f00000| Updating 
|  16|0x00000000c1000000, 0x00000000c1100000, 0x00000000c1100000|100%| O|  |TAMS 0x00000000c1100000, 0x00000000c1000000| Updating 
|  17|0x00000000c1100000, 0x00000000c1200000, 0x00000000c1200000|100%|HS|  |TAMS 0x00000000c1200000, 0x00000000c1100000| Complete 
|  18|0x00000000c1200000, 0x00000000c1300000, 0x00000000c1300000|100%|HC|  |TAMS 0x00000000c1300000, 0x00000000c1200000| Complete 
|  19|0x00000000c1300000, 0x00000000c1400000, 0x00000000c1400000|100%|HS|  |TAMS 0x00000000c1400000, 0x00000000c1300000| Complete 
|  20|0x00000000c1400000, 0x00000000c1500000, 0x00000000c1500000|100%|HC|  |TAMS 0x00000000c1500000, 0x00000000c1400000| Complete 
|  21|0x00000000c1500000, 0x00000000c1600000, 0x00000000c1600000|100%|HC|  |TAMS 0x00000000c1600000, 0x00000000c1500000| Complete 
|  22|0x00000000c1600000, 0x00000000c1700000, 0x00000000c1700000|100%|HS|  |TAMS 0x00000000c1700000, 0x00000000c1600000| Complete 
|  23|0x00000000c1700000, 0x00000000c1800000, 0x00000000c1800000|100%|HC|  |TAMS 0x00000000c1800000, 0x00000000c1700000| Complete 
|  24|0x00000000c1800000, 0x00000000c1900000, 0x00000000c1900000|100%|HC|  |TAMS 0x00000000c1900000, 0x00000000c1800000| Complete 
|  25|0x00000000c1900000, 0x00000000c1a00000, 0x00000000c1a00000|100%|HC|  |TAMS 0x00000000c1a00000, 0x00000000c1900000| Complete 
|  26|0x00000000c1a00000, 0x00000000c1b00000, 0x00000000c1b00000|100%| O|  |TAMS 0x00000000c1b00000, 0x00000000c1a00000| Updating 
|  27|0x00000000c1b00000, 0x00000000c1c00000, 0x00000000c1c00000|100%| O|  |TAMS 0x00000000c1c00000, 0x00000000c1b00000| Updating 
|  28|0x00000000c1c00000, 0x00000000c1d00000, 0x00000000c1d00000|100%| O|  |TAMS 0x00000000c1d00000, 0x00000000c1c00000| Updating 
|  29|0x00000000c1d00000, 0x00000000c1e00000, 0x00000000c1e00000|100%| O|  |TAMS 0x00000000c1e00000, 0x00000000c1d00000| Updating 
|  30|0x00000000c1e00000, 0x00000000c1f00000, 0x00000000c1f00000|100%| O|  |TAMS 0x00000000c1f00000, 0x00000000c1e00000| Updating 
|  31|0x00000000c1f00000, 0x00000000c2000000, 0x00000000c2000000|100%| O|  |TAMS 0x00000000c2000000, 0x00000000c1f00000| Updating 
|  32|0x00000000c2000000, 0x00000000c2100000, 0x00000000c2100000|100%| O|  |TAMS 0x00000000c2100000, 0x00000000c2000000| Updating 
|  33|0x00000000c2100000, 0x00000000c2200000, 0x00000000c2200000|100%| O|  |TAMS 0x00000000c2200000, 0x00000000c2100000| Updating 
|  34|0x00000000c2200000, 0x00000000c2300000, 0x00000000c2300000|100%| O|  |TAMS 0x00000000c2300000, 0x00000000c2200000| Updating 
|  35|0x00000000c2300000, 0x00000000c2400000, 0x00000000c2400000|100%| O|  |TAMS 0x00000000c2400000, 0x00000000c2300000| Updating 
|  36|0x00000000c2400000, 0x00000000c2500000, 0x00000000c2500000|100%|HS|  |TAMS 0x00000000c2500000, 0x00000000c2400000| Complete 
|  37|0x00000000c2500000, 0x00000000c2600000, 0x00000000c2600000|100%|HC|  |TAMS 0x00000000c2600000, 0x00000000c2500000| Complete 
|  38|0x00000000c2600000, 0x00000000c2700000, 0x00000000c2700000|100%|HC|  |TAMS 0x00000000c2700000, 0x00000000c2600000| Complete 
|  39|0x00000000c2700000, 0x00000000c2800000, 0x00000000c2800000|100%| O|  |TAMS 0x00000000c2800000, 0x00000000c2700000| Updating 
|  40|0x00000000c2800000, 0x00000000c2900000, 0x00000000c2900000|100%| O|  |TAMS 0x00000000c2900000, 0x00000000c2800000| Updating 
|  41|0x00000000c2900000, 0x00000000c2a00000, 0x00000000c2a00000|100%|HS|  |TAMS 0x00000000c2a00000, 0x00000000c2900000| Complete 
|  42|0x00000000c2a00000, 0x00000000c2b00000, 0x00000000c2b00000|100%|HC|  |TAMS 0x00000000c2b00000, 0x00000000c2a00000| Complete 
|  43|0x00000000c2b00000, 0x00000000c2c00000, 0x00000000c2c00000|100%| O|  |TAMS 0x00000000c2c00000, 0x00000000c2b00000| Updating 
|  44|0x00000000c2c00000, 0x00000000c2d00000, 0x00000000c2d00000|100%| O|  |TAMS 0x00000000c2d00000, 0x00000000c2c00000| Updating 
|  45|0x00000000c2d00000, 0x00000000c2e00000, 0x00000000c2e00000|100%| O|  |TAMS 0x00000000c2e00000, 0x00000000c2d00000| Updating 
|  46|0x00000000c2e00000, 0x00000000c2f00000, 0x00000000c2f00000|100%| O|  |TAMS 0x00000000c2f00000, 0x00000000c2e00000| Updating 
|  47|0x00000000c2f00000, 0x00000000c3000000, 0x00000000c3000000|100%| O|  |TAMS 0x00000000c3000000, 0x00000000c2f00000| Updating 
|  48|0x00000000c3000000, 0x00000000c3100000, 0x00000000c3100000|100%| O|  |TAMS 0x00000000c3100000, 0x00000000c3000000| Updating 
|  49|0x00000000c3100000, 0x00000000c3200000, 0x00000000c3200000|100%| O|  |TAMS 0x00000000c3200000, 0x00000000c3100000| Updating 
|  50|0x00000000c3200000, 0x00000000c3300000, 0x00000000c3300000|100%| O|  |TAMS 0x00000000c3300000, 0x00000000c3200000| Updating 
|  51|0x00000000c3300000, 0x00000000c3400000, 0x00000000c3400000|100%| O|  |TAMS 0x00000000c3400000, 0x00000000c3300000| Updating 
|  52|0x00000000c3400000, 0x00000000c3500000, 0x00000000c3500000|100%| O|  |TAMS 0x00000000c3500000, 0x00000000c3400000| Updating 
|  53|0x00000000c3500000, 0x00000000c3600000, 0x00000000c3600000|100%| O|  |TAMS 0x00000000c3600000, 0x00000000c3500000| Updating 
|  54|0x00000000c3600000, 0x00000000c3700000, 0x00000000c3700000|100%| O|  |TAMS 0x00000000c3700000, 0x00000000c3600000| Updating 
|  55|0x00000000c3700000, 0x00000000c3800000, 0x00000000c3800000|100%| O|  |TAMS 0x00000000c3800000, 0x00000000c3700000| Updating 
|  56|0x00000000c3800000, 0x00000000c3900000, 0x00000000c3900000|100%| O|  |TAMS 0x00000000c3900000, 0x00000000c3800000| Updating 
|  57|0x00000000c3900000, 0x00000000c3a00000, 0x00000000c3a00000|100%| O|  |TAMS 0x00000000c3a00000, 0x00000000c3900000| Updating 
|  58|0x00000000c3a00000, 0x00000000c3b00000, 0x00000000c3b00000|100%| O|  |TAMS 0x00000000c3b00000, 0x00000000c3a00000| Updating 
|  59|0x00000000c3b00000, 0x00000000c3c00000, 0x00000000c3c00000|100%| O|  |TAMS 0x00000000c3c00000, 0x00000000c3b00000| Updating 
|  60|0x00000000c3c00000, 0x00000000c3d00000, 0x00000000c3d00000|100%| O|  |TAMS 0x00000000c3d00000, 0x00000000c3c00000| Updating 
|  61|0x00000000c3d00000, 0x00000000c3e00000, 0x00000000c3e00000|100%| O|  |TAMS 0x00000000c3e00000, 0x00000000c3d00000| Updating 
|  62|0x00000000c3e00000, 0x00000000c3f00000, 0x00000000c3f00000|100%| O|  |TAMS 0x00000000c3f00000, 0x00000000c3e00000| Updating 
|  63|0x00000000c3f00000, 0x00000000c4000000, 0x00000000c4000000|100%| O|  |TAMS 0x00000000c4000000, 0x00000000c3f00000| Updating 
|  64|0x00000000c4000000, 0x00000000c4100000, 0x00000000c4100000|100%| O|  |TAMS 0x00000000c4100000, 0x00000000c4000000| Updating 
|  65|0x00000000c4100000, 0x00000000c41ef000, 0x00000000c4200000| 93%| O|  |TAMS 0x00000000c41ef000, 0x00000000c4100000| Updating 
|  66|0x00000000c4200000, 0x00000000c4300000, 0x00000000c4300000|100%|HS|  |TAMS 0x00000000c4200000, 0x00000000c4200000| Complete 
|  67|0x00000000c4300000, 0x00000000c4300000, 0x00000000c4400000|  0%| F|  |TAMS 0x00000000c4300000, 0x00000000c4300000| Untracked 
|  68|0x00000000c4400000, 0x00000000c4400000, 0x00000000c4500000|  0%| F|  |TAMS 0x00000000c4400000, 0x00000000c4400000| Untracked 
|  69|0x00000000c4500000, 0x00000000c4500000, 0x00000000c4600000|  0%| F|  |TAMS 0x00000000c4500000, 0x00000000c4500000| Untracked 
|  70|0x00000000c4600000, 0x00000000c4600000, 0x00000000c4700000|  0%| F|  |TAMS 0x00000000c4600000, 0x00000000c4600000| Untracked 
|  71|0x00000000c4700000, 0x00000000c4800000, 0x00000000c4800000|100%| O|  |TAMS 0x00000000c4800000, 0x00000000c4700000| Updating 
|  72|0x00000000c4800000, 0x00000000c4900000, 0x00000000c4900000|100%| O|  |TAMS 0x00000000c4900000, 0x00000000c4800000| Updating 
|  73|0x00000000c4900000, 0x00000000c4a00000, 0x00000000c4a00000|100%| O|  |TAMS 0x00000000c4a00000, 0x00000000c4900000| Updating 
|  74|0x00000000c4a00000, 0x00000000c4a00000, 0x00000000c4b00000|  0%| F|  |TAMS 0x00000000c4a00000, 0x00000000c4a00000| Untracked 
|  75|0x00000000c4b00000, 0x00000000c4c00000, 0x00000000c4c00000|100%| O|  |TAMS 0x00000000c4c00000, 0x00000000c4b00000| Updating 
|  76|0x00000000c4c00000, 0x00000000c4d00000, 0x00000000c4d00000|100%| O|  |TAMS 0x00000000c4d00000, 0x00000000c4c00000| Updating 
|  77|0x00000000c4d00000, 0x00000000c4e00000, 0x00000000c4e00000|100%| O|  |TAMS 0x00000000c4e00000, 0x00000000c4d00000| Updating 
|  78|0x00000000c4e00000, 0x00000000c4e00000, 0x00000000c4f00000|  0%| F|  |TAMS 0x00000000c4e00000, 0x00000000c4e00000| Untracked 
|  79|0x00000000c4f00000, 0x00000000c5000000, 0x00000000c5000000|100%| O|  |TAMS 0x00000000c5000000, 0x00000000c4f00000| Updating 
|  80|0x00000000c5000000, 0x00000000c5100000, 0x00000000c5100000|100%| O|  |TAMS 0x00000000c5100000, 0x00000000c5000000| Updating 
|  81|0x00000000c5100000, 0x00000000c5200000, 0x00000000c5200000|100%| O|  |TAMS 0x00000000c5200000, 0x00000000c5100000| Updating 
|  82|0x00000000c5200000, 0x00000000c5300000, 0x00000000c5300000|100%| O|  |TAMS 0x00000000c5300000, 0x00000000c5200000| Updating 
|  83|0x00000000c5300000, 0x00000000c5400000, 0x00000000c5400000|100%| O|  |TAMS 0x00000000c5400000, 0x00000000c5300000| Updating 
|  84|0x00000000c5400000, 0x00000000c5500000, 0x00000000c5500000|100%| O|  |TAMS 0x00000000c5500000, 0x00000000c5400000| Updating 
|  85|0x00000000c5500000, 0x00000000c5600000, 0x00000000c5600000|100%| O|  |TAMS 0x00000000c5600000, 0x00000000c5500000| Updating 
|  86|0x00000000c5600000, 0x00000000c5600000, 0x00000000c5700000|  0%| F|  |TAMS 0x00000000c5600000, 0x00000000c5600000| Untracked 
|  87|0x00000000c5700000, 0x00000000c5800000, 0x00000000c5800000|100%| O|  |TAMS 0x00000000c5800000, 0x00000000c5700000| Updating 
|  88|0x00000000c5800000, 0x00000000c5900000, 0x00000000c5900000|100%| O|  |TAMS 0x00000000c5900000, 0x00000000c5800000| Updating 
|  89|0x00000000c5900000, 0x00000000c5a00000, 0x00000000c5a00000|100%| O|  |TAMS 0x00000000c5a00000, 0x00000000c5900000| Updating 
|  90|0x00000000c5a00000, 0x00000000c5b00000, 0x00000000c5b00000|100%| O|  |TAMS 0x00000000c5b00000, 0x00000000c5a00000| Updating 
|  91|0x00000000c5b00000, 0x00000000c5c00000, 0x00000000c5c00000|100%| O|  |TAMS 0x00000000c5c00000, 0x00000000c5b00000| Updating 
|  92|0x00000000c5c00000, 0x00000000c5d00000, 0x00000000c5d00000|100%| O|  |TAMS 0x00000000c5d00000, 0x00000000c5c00000| Updating 
|  93|0x00000000c5d00000, 0x00000000c5e00000, 0x00000000c5e00000|100%|HS|  |TAMS 0x00000000c5e00000, 0x00000000c5d00000| Complete 
|  94|0x00000000c5e00000, 0x00000000c5f00000, 0x00000000c5f00000|100%|HC|  |TAMS 0x00000000c5f00000, 0x00000000c5e00000| Complete 
|  95|0x00000000c5f00000, 0x00000000c6000000, 0x00000000c6000000|100%| O|  |TAMS 0x00000000c6000000, 0x00000000c5f00000| Updating 
|  96|0x00000000c6000000, 0x00000000c6100000, 0x00000000c6100000|100%| O|  |TAMS 0x00000000c6100000, 0x00000000c6000000| Updating 
|  97|0x00000000c6100000, 0x00000000c6200000, 0x00000000c6200000|100%| O|  |TAMS 0x00000000c6200000, 0x00000000c6100000| Updating 
|  98|0x00000000c6200000, 0x00000000c6300000, 0x00000000c6300000|100%| O|  |TAMS 0x00000000c6300000, 0x00000000c6200000| Updating 
|  99|0x00000000c6300000, 0x00000000c6400000, 0x00000000c6400000|100%| O|  |TAMS 0x00000000c6400000, 0x00000000c6300000| Updating 
| 100|0x00000000c6400000, 0x00000000c6500000, 0x00000000c6500000|100%| O|  |TAMS 0x00000000c6500000, 0x00000000c6400000| Updating 
| 101|0x00000000c6500000, 0x00000000c6600000, 0x00000000c6600000|100%| O|  |TAMS 0x00000000c6600000, 0x00000000c6500000| Updating 
| 102|0x00000000c6600000, 0x00000000c6700000, 0x00000000c6700000|100%| O|  |TAMS 0x00000000c6700000, 0x00000000c6600000| Updating 
| 103|0x00000000c6700000, 0x00000000c6800000, 0x00000000c6800000|100%| O|  |TAMS 0x00000000c6800000, 0x00000000c6700000| Updating 
| 104|0x00000000c6800000, 0x00000000c6900000, 0x00000000c6900000|100%| O|  |TAMS 0x00000000c6900000, 0x00000000c6800000| Updating 
| 105|0x00000000c6900000, 0x00000000c6a00000, 0x00000000c6a00000|100%| O|  |TAMS 0x00000000c6a00000, 0x00000000c6900000| Updating 
| 106|0x00000000c6a00000, 0x00000000c6b00000, 0x00000000c6b00000|100%| O|  |TAMS 0x00000000c6b00000, 0x00000000c6a00000| Updating 
| 107|0x00000000c6b00000, 0x00000000c6c00000, 0x00000000c6c00000|100%| O|  |TAMS 0x00000000c6c00000, 0x00000000c6b00000| Updating 
| 108|0x00000000c6c00000, 0x00000000c6d00000, 0x00000000c6d00000|100%| O|  |TAMS 0x00000000c6d00000, 0x00000000c6c00000| Updating 
| 109|0x00000000c6d00000, 0x00000000c6e00000, 0x00000000c6e00000|100%| O|  |TAMS 0x00000000c6e00000, 0x00000000c6d00000| Updating 
| 110|0x00000000c6e00000, 0x00000000c6f00000, 0x00000000c6f00000|100%| O|  |TAMS 0x00000000c6f00000, 0x00000000c6e00000| Updating 
| 111|0x00000000c6f00000, 0x00000000c7000000, 0x00000000c7000000|100%| O|  |TAMS 0x00000000c7000000, 0x00000000c6f00000| Updating 
| 112|0x00000000c7000000, 0x00000000c7100000, 0x00000000c7100000|100%| O|  |TAMS 0x00000000c7100000, 0x00000000c7000000| Updating 
| 113|0x00000000c7100000, 0x00000000c7200000, 0x00000000c7200000|100%| O|  |TAMS 0x00000000c7200000, 0x00000000c7100000| Updating 
| 114|0x00000000c7200000, 0x00000000c7300000, 0x00000000c7300000|100%| O|  |TAMS 0x00000000c7300000, 0x00000000c7200000| Updating 
| 115|0x00000000c7300000, 0x00000000c7400000, 0x00000000c7400000|100%|HS|  |TAMS 0x00000000c7300000, 0x00000000c7300000| Complete 
| 116|0x00000000c7400000, 0x00000000c7500000, 0x00000000c7500000|100%|HC|  |TAMS 0x00000000c7400000, 0x00000000c7400000| Complete 
| 117|0x00000000c7500000, 0x00000000c7600000, 0x00000000c7600000|100%|HC|  |TAMS 0x00000000c7500000, 0x00000000c7500000| Complete 
| 118|0x00000000c7600000, 0x00000000c7700000, 0x00000000c7700000|100%|HC|  |TAMS 0x00000000c7600000, 0x00000000c7600000| Complete 
| 119|0x00000000c7700000, 0x00000000c7800000, 0x00000000c7800000|100%|HC|  |TAMS 0x00000000c7700000, 0x00000000c7700000| Complete 
| 120|0x00000000c7800000, 0x00000000c7900000, 0x00000000c7900000|100%|HC|  |TAMS 0x00000000c7800000, 0x00000000c7800000| Complete 
| 121|0x00000000c7900000, 0x00000000c7a00000, 0x00000000c7a00000|100%|HC|  |TAMS 0x00000000c7900000, 0x00000000c7900000| Complete 
| 122|0x00000000c7a00000, 0x00000000c7b00000, 0x00000000c7b00000|100%|HC|  |TAMS 0x00000000c7a00000, 0x00000000c7a00000| Complete 
| 123|0x00000000c7b00000, 0x00000000c7c00000, 0x00000000c7c00000|100%|HC|  |TAMS 0x00000000c7b00000, 0x00000000c7b00000| Complete 
| 124|0x00000000c7c00000, 0x00000000c7d00000, 0x00000000c7d00000|100%|HS|  |TAMS 0x00000000c7c00000, 0x00000000c7c00000| Complete 
| 125|0x00000000c7d00000, 0x00000000c7e00000, 0x00000000c7e00000|100%|HC|  |TAMS 0x00000000c7d00000, 0x00000000c7d00000| Complete 
| 126|0x00000000c7e00000, 0x00000000c7f00000, 0x00000000c7f00000|100%|HC|  |TAMS 0x00000000c7e00000, 0x00000000c7e00000| Complete 
| 127|0x00000000c7f00000, 0x00000000c8000000, 0x00000000c8000000|100%|HC|  |TAMS 0x00000000c7f00000, 0x00000000c7f00000| Complete 
| 128|0x00000000c8000000, 0x00000000c8100000, 0x00000000c8100000|100%|HC|  |TAMS 0x00000000c8000000, 0x00000000c8000000| Complete 
| 129|0x00000000c8100000, 0x00000000c8200000, 0x00000000c8200000|100%|HC|  |TAMS 0x00000000c8100000, 0x00000000c8100000| Complete 
| 130|0x00000000c8200000, 0x00000000c8300000, 0x00000000c8300000|100%|HC|  |TAMS 0x00000000c8200000, 0x00000000c8200000| Complete 
| 131|0x00000000c8300000, 0x00000000c8400000, 0x00000000c8400000|100%|HC|  |TAMS 0x00000000c8300000, 0x00000000c8300000| Complete 
| 132|0x00000000c8400000, 0x00000000c8500000, 0x00000000c8500000|100%|HC|  |TAMS 0x00000000c8400000, 0x00000000c8400000| Complete 
| 133|0x00000000c8500000, 0x00000000c8600000, 0x00000000c8600000|100%|HS|  |TAMS 0x00000000c8500000, 0x00000000c8500000| Complete 
| 134|0x00000000c8600000, 0x00000000c8700000, 0x00000000c8700000|100%|HC|  |TAMS 0x00000000c8600000, 0x00000000c8600000| Complete 
| 135|0x00000000c8700000, 0x00000000c8800000, 0x00000000c8800000|100%|HC|  |TAMS 0x00000000c8700000, 0x00000000c8700000| Complete 
| 136|0x00000000c8800000, 0x00000000c8900000, 0x00000000c8900000|100%|HC|  |TAMS 0x00000000c8800000, 0x00000000c8800000| Complete 
| 137|0x00000000c8900000, 0x00000000c8a00000, 0x00000000c8a00000|100%|HC|  |TAMS 0x00000000c8900000, 0x00000000c8900000| Complete 
| 138|0x00000000c8a00000, 0x00000000c8b00000, 0x00000000c8b00000|100%|HC|  |TAMS 0x00000000c8a00000, 0x00000000c8a00000| Complete 
| 139|0x00000000c8b00000, 0x00000000c8c00000, 0x00000000c8c00000|100%|HC|  |TAMS 0x00000000c8b00000, 0x00000000c8b00000| Complete 
| 140|0x00000000c8c00000, 0x00000000c8d00000, 0x00000000c8d00000|100%|HC|  |TAMS 0x00000000c8c00000, 0x00000000c8c00000| Complete 
| 141|0x00000000c8d00000, 0x00000000c8e00000, 0x00000000c8e00000|100%|HC|  |TAMS 0x00000000c8d00000, 0x00000000c8d00000| Complete 
| 142|0x00000000c8e00000, 0x00000000c8e00000, 0x00000000c8f00000|  0%| F|  |TAMS 0x00000000c8e00000, 0x00000000c8e00000| Untracked 
| 143|0x00000000c8f00000, 0x00000000c8f00000, 0x00000000c9000000|  0%| F|  |TAMS 0x00000000c8f00000, 0x00000000c8f00000| Untracked 
| 144|0x00000000c9000000, 0x00000000c9000000, 0x00000000c9100000|  0%| F|  |TAMS 0x00000000c9000000, 0x00000000c9000000| Untracked 
| 145|0x00000000c9100000, 0x00000000c9100000, 0x00000000c9200000|  0%| F|  |TAMS 0x00000000c9100000, 0x00000000c9100000| Untracked 
| 146|0x00000000c9200000, 0x00000000c9200000, 0x00000000c9300000|  0%| F|  |TAMS 0x00000000c9200000, 0x00000000c9200000| Untracked 
| 147|0x00000000c9300000, 0x00000000c9300000, 0x00000000c9400000|  0%| F|  |TAMS 0x00000000c9300000, 0x00000000c9300000| Untracked 
| 148|0x00000000c9400000, 0x00000000c9400000, 0x00000000c9500000|  0%| F|  |TAMS 0x00000000c9400000, 0x00000000c9400000| Untracked 
| 149|0x00000000c9500000, 0x00000000c9500000, 0x00000000c9600000|  0%| F|  |TAMS 0x00000000c9500000, 0x00000000c9500000| Untracked 
| 150|0x00000000c9600000, 0x00000000c9600000, 0x00000000c9700000|  0%| F|  |TAMS 0x00000000c9600000, 0x00000000c9600000| Untracked 
| 151|0x00000000c9700000, 0x00000000c9700000, 0x00000000c9800000|  0%| F|  |TAMS 0x00000000c9700000, 0x00000000c9700000| Untracked 
| 152|0x00000000c9800000, 0x00000000c9800000, 0x00000000c9900000|  0%| F|  |TAMS 0x00000000c9800000, 0x00000000c9800000| Untracked 
| 153|0x00000000c9900000, 0x00000000c9900000, 0x00000000c9a00000|  0%| F|  |TAMS 0x00000000c9900000, 0x00000000c9900000| Untracked 
| 154|0x00000000c9a00000, 0x00000000c9a00000, 0x00000000c9b00000|  0%| F|  |TAMS 0x00000000c9a00000, 0x00000000c9a00000| Untracked 
| 155|0x00000000c9b00000, 0x00000000c9b00000, 0x00000000c9c00000|  0%| F|  |TAMS 0x00000000c9b00000, 0x00000000c9b00000| Untracked 
| 156|0x00000000c9c00000, 0x00000000c9c00000, 0x00000000c9d00000|  0%| F|  |TAMS 0x00000000c9c00000, 0x00000000c9c00000| Untracked 
| 157|0x00000000c9d00000, 0x00000000c9d00000, 0x00000000c9e00000|  0%| F|  |TAMS 0x00000000c9d00000, 0x00000000c9d00000| Untracked 
| 158|0x00000000c9e00000, 0x00000000c9e00000, 0x00000000c9f00000|  0%| F|  |TAMS 0x00000000c9e00000, 0x00000000c9e00000| Untracked 
| 159|0x00000000c9f00000, 0x00000000c9f00000, 0x00000000ca000000|  0%| F|  |TAMS 0x00000000c9f00000, 0x00000000c9f00000| Untracked 
| 160|0x00000000ca000000, 0x00000000ca000000, 0x00000000ca100000|  0%| F|  |TAMS 0x00000000ca000000, 0x00000000ca000000| Untracked 
| 161|0x00000000ca100000, 0x00000000ca100000, 0x00000000ca200000|  0%| F|  |TAMS 0x00000000ca100000, 0x00000000ca100000| Untracked 
| 162|0x00000000ca200000, 0x00000000ca200000, 0x00000000ca300000|  0%| F|  |TAMS 0x00000000ca200000, 0x00000000ca200000| Untracked 
| 163|0x00000000ca300000, 0x00000000ca300000, 0x00000000ca400000|  0%| F|  |TAMS 0x00000000ca300000, 0x00000000ca300000| Untracked 
| 164|0x00000000ca400000, 0x00000000ca400000, 0x00000000ca500000|  0%| F|  |TAMS 0x00000000ca400000, 0x00000000ca400000| Untracked 
| 165|0x00000000ca500000, 0x00000000ca500000, 0x00000000ca600000|  0%| F|  |TAMS 0x00000000ca500000, 0x00000000ca500000| Untracked 
| 166|0x00000000ca600000, 0x00000000ca600000, 0x00000000ca700000|  0%| F|  |TAMS 0x00000000ca600000, 0x00000000ca600000| Untracked 
| 167|0x00000000ca700000, 0x00000000ca700000, 0x00000000ca800000|  0%| F|  |TAMS 0x00000000ca700000, 0x00000000ca700000| Untracked 
| 168|0x00000000ca800000, 0x00000000ca800000, 0x00000000ca900000|  0%| F|  |TAMS 0x00000000ca800000, 0x00000000ca800000| Untracked 
| 169|0x00000000ca900000, 0x00000000ca900000, 0x00000000caa00000|  0%| F|  |TAMS 0x00000000ca900000, 0x00000000ca900000| Untracked 
| 170|0x00000000caa00000, 0x00000000caa00000, 0x00000000cab00000|  0%| F|  |TAMS 0x00000000caa00000, 0x00000000caa00000| Untracked 
| 171|0x00000000cab00000, 0x00000000cab00000, 0x00000000cac00000|  0%| F|  |TAMS 0x00000000cab00000, 0x00000000cab00000| Untracked 
| 172|0x00000000cac00000, 0x00000000cac00000, 0x00000000cad00000|  0%| F|  |TAMS 0x00000000cac00000, 0x00000000cac00000| Untracked 
| 173|0x00000000cad00000, 0x00000000cad00000, 0x00000000cae00000|  0%| F|  |TAMS 0x00000000cad00000, 0x00000000cad00000| Untracked 
| 174|0x00000000cae00000, 0x00000000cae00000, 0x00000000caf00000|  0%| F|  |TAMS 0x00000000cae00000, 0x00000000cae00000| Untracked 
| 175|0x00000000caf00000, 0x00000000caf00000, 0x00000000cb000000|  0%| F|  |TAMS 0x00000000caf00000, 0x00000000caf00000| Untracked 
| 176|0x00000000cb000000, 0x00000000cb000000, 0x00000000cb100000|  0%| F|  |TAMS 0x00000000cb000000, 0x00000000cb000000| Untracked 
| 177|0x00000000cb100000, 0x00000000cb100000, 0x00000000cb200000|  0%| F|  |TAMS 0x00000000cb100000, 0x00000000cb100000| Untracked 
| 178|0x00000000cb200000, 0x00000000cb200000, 0x00000000cb300000|  0%| F|  |TAMS 0x00000000cb200000, 0x00000000cb200000| Untracked 
| 179|0x00000000cb300000, 0x00000000cb300000, 0x00000000cb400000|  0%| F|  |TAMS 0x00000000cb300000, 0x00000000cb300000| Untracked 
| 180|0x00000000cb400000, 0x00000000cb400000, 0x00000000cb500000|  0%| F|  |TAMS 0x00000000cb400000, 0x00000000cb400000| Untracked 
| 181|0x00000000cb500000, 0x00000000cb500000, 0x00000000cb600000|  0%| F|  |TAMS 0x00000000cb500000, 0x00000000cb500000| Untracked 
| 182|0x00000000cb600000, 0x00000000cb6bc238, 0x00000000cb700000| 73%| E|  |TAMS 0x00000000cb600000, 0x00000000cb600000| Complete 
| 183|0x00000000cb700000, 0x00000000cb800000, 0x00000000cb800000|100%| E|  |TAMS 0x00000000cb700000, 0x00000000cb700000| Complete 
| 184|0x00000000cb800000, 0x00000000cb900000, 0x00000000cb900000|100%| E|CS|TAMS 0x00000000cb800000, 0x00000000cb800000| Complete 
| 185|0x00000000cb900000, 0x00000000cba00000, 0x00000000cba00000|100%| S|CS|TAMS 0x00000000cb900000, 0x00000000cb900000| Complete 
| 186|0x00000000cba00000, 0x00000000cbb00000, 0x00000000cbb00000|100%| S|CS|TAMS 0x00000000cba00000, 0x00000000cba00000| Complete 
| 187|0x00000000cbb00000, 0x00000000cbc00000, 0x00000000cbc00000|100%| E|CS|TAMS 0x00000000cbb00000, 0x00000000cbb00000| Complete 
| 188|0x00000000cbc00000, 0x00000000cbd00000, 0x00000000cbd00000|100%| E|CS|TAMS 0x00000000cbc00000, 0x00000000cbc00000| Complete 

Card table byte_map: [0x000002694a300000,0x000002694a500000] _byte_map_base: 0x0000026949d00000

Marking Bits (Prev, Next): (CMBitMap*) 0x0000026930eefa88, (CMBitMap*) 0x0000026930eefa48
 Prev Bits: [0x000002694b700000, 0x000002694c700000)
 Next Bits: [0x000002694a700000, 0x000002694b700000)

Polling page: 0x0000026930c60000

Metaspace:

Usage:
  Non-class:     80.92 MB capacity,    79.33 MB ( 98%) used,     1.32 MB (  2%) free+waste,   272.38 KB ( <1%) overhead. 
      Class:     12.76 MB capacity,    11.84 MB ( 93%) used,   822.52 KB (  6%) free+waste,   121.88 KB ( <1%) overhead. 
       Both:     93.68 MB capacity,    91.17 MB ( 97%) used,     2.12 MB (  2%) free+waste,   394.25 KB ( <1%) overhead. 

Virtual space:
  Non-class space:       82.00 MB reserved,      80.92 MB ( 99%) committed 
      Class space:        1.00 GB reserved,      12.88 MB (  1%) committed 
             Both:        1.08 GB reserved,      93.80 MB (  8%) committed 

Chunk freelists:
   Non-Class:  2.00 KB
       Class:  22.00 KB
        Both:  24.00 KB

MaxMetaspaceSize: 17179869184.00 GB
CompressedClassSpaceSize: 1.00 GB

CodeHeap 'non-profiled nmethods': size=120064Kb used=6529Kb max_used=6834Kb free=113534Kb
 bounds [0x0000026942680000, 0x0000026942d30000, 0x0000026949bc0000]
CodeHeap 'profiled nmethods': size=120000Kb used=26147Kb max_used=26583Kb free=93852Kb
 bounds [0x000002693b150000, 0x000002693cb50000, 0x0000026942680000]
CodeHeap 'non-nmethods': size=5696Kb used=2443Kb max_used=2469Kb free=3252Kb
 bounds [0x000002693abc0000, 0x000002693ae30000, 0x000002693b150000]
 total_blobs=18788 nmethods=11700 adapters=848
 compilation: enabled
              stopped_count=0, restarted_count=0
 full_count=0

Compilation events (20 events):
Event: 251.872 Thread 0x000002694eacf800 14006       3       com.android.tools.r8.dex.n::g (49 bytes)
Event: 251.872 Thread 0x000002694eacf800 nmethod 14006 0x000002693badeb10 code [0x000002693badece0, 0x000002693badf030]
Event: 251.872 Thread 0x000002694ea89000 14007       4       com.android.tools.r8.utils.W::d (147 bytes)
Event: 251.874 Thread 0x000002694ea89000 nmethod 14007 0x0000026942789490 code [0x0000026942789620, 0x0000026942789738]
Event: 251.876 Thread 0x000002694eacf800 14008       3       com.android.tools.r8.utils.m0::b (75 bytes)
Event: 251.876 Thread 0x000002694eacf800 nmethod 14008 0x000002693bade290 code [0x000002693bade460, 0x000002693bade910]
Event: 251.876 Thread 0x000002694eacf800 14009       3       com.android.tools.r8.graph.W::a (44 bytes)
Event: 251.877 Thread 0x000002694eacf800 nmethod 14009 0x000002693badd910 code [0x000002693baddb00, 0x000002693bade090]
Event: 251.877 Thread 0x000002694eacf800 14010       3       com.android.tools.r8.graph.I0::a (34 bytes)
Event: 251.877 Thread 0x000002694eacf800 nmethod 14010 0x000002693badd310 code [0x000002693badd4c0, 0x000002693badd818]
Event: 251.878 Thread 0x000002694eacf800 14011       3       com.android.tools.r8.graph.c0::computeEquals (62 bytes)
Event: 251.879 Thread 0x000002694eacf800 nmethod 14011 0x000002693c9a2f10 code [0x000002693c9a3140, 0x000002693c9a3bb0]
Event: 251.879 Thread 0x000002694eacf800 14012       3       com.android.tools.r8.utils.W::d (147 bytes)
Event: 251.880 Thread 0x000002694eacf800 nmethod 14012 0x000002693c9a2690 code [0x000002693c9a2860, 0x000002693c9a2e98]
Event: 251.880 Thread 0x000002694eacf800 14013       3       com.android.tools.r8.graph.I0::e (33 bytes)
Event: 251.880 Thread 0x000002694eacf800 nmethod 14013 0x000002693badce10 code [0x000002693badcfc0, 0x000002693badd178]
Event: 251.880 Thread 0x000002694ea89000 14014       4       com.android.tools.r8.dex.j::f (8 bytes)
Event: 251.882 Thread 0x000002694ea89000 nmethod 14014 0x0000026942789090 code [0x0000026942789220, 0x0000026942789338]
Event: 251.883 Thread 0x000002694eacf800 14015       3       com.android.tools.r8.graph.I0::f (33 bytes)
Event: 251.883 Thread 0x000002694eacf800 nmethod 14015 0x000002693c9a2210 code [0x000002693c9a23c0, 0x000002693c9a2578]

GC Heap History (20 events):
Event: 224.003 GC heap before
{Heap before GC invocations=60 (full 0):
 garbage-first heap   total 160768K, used 122654K [0x00000000c0000000, 0x0000000100000000)
  region size 1024K, 36 young (36864K), 5 survivors (5120K)
 Metaspace       used 76231K, capacity 78442K, committed 78768K, reserved 1118208K
  class space    used 9938K, capacity 10650K, committed 10752K, reserved 1048576K
}
Event: 224.038 GC heap after
{Heap after GC invocations=61 (full 0):
 garbage-first heap   total 160768K, used 96497K [0x00000000c0000000, 0x0000000100000000)
  region size 1024K, 5 young (5120K), 5 survivors (5120K)
 Metaspace       used 76231K, capacity 78442K, committed 78768K, reserved 1118208K
  class space    used 9938K, capacity 10650K, committed 10752K, reserved 1048576K
}
Event: 226.236 GC heap before
{Heap before GC invocations=62 (full 0):
 garbage-first heap   total 163840K, used 125169K [0x00000000c0000000, 0x0000000100000000)
  region size 1024K, 34 young (34816K), 5 survivors (5120K)
 Metaspace       used 76240K, capacity 78442K, committed 78768K, reserved 1118208K
  class space    used 9938K, capacity 10650K, committed 10752K, reserved 1048576K
}
Event: 226.250 GC heap after
{Heap after GC invocations=63 (full 0):
 garbage-first heap   total 163840K, used 96256K [0x00000000c0000000, 0x0000000100000000)
  region size 1024K, 1 young (1024K), 1 survivors (1024K)
 Metaspace       used 76240K, capacity 78442K, committed 78768K, reserved 1118208K
  class space    used 9938K, capacity 10650K, committed 10752K, reserved 1048576K
}
Event: 228.388 GC heap before
{Heap before GC invocations=63 (full 0):
 garbage-first heap   total 163840K, used 128000K [0x00000000c0000000, 0x0000000100000000)
  region size 1024K, 33 young (33792K), 1 survivors (1024K)
 Metaspace       used 76777K, capacity 78984K, committed 79024K, reserved 1118208K
  class space    used 10021K, capacity 10724K, committed 10752K, reserved 1048576K
}
Event: 228.426 GC heap after
{Heap after GC invocations=64 (full 0):
 garbage-first heap   total 163840K, used 98606K [0x00000000c0000000, 0x0000000100000000)
  region size 1024K, 4 young (4096K), 4 survivors (4096K)
 Metaspace       used 76777K, capacity 78984K, committed 79024K, reserved 1118208K
  class space    used 10021K, capacity 10724K, committed 10752K, reserved 1048576K
}
Event: 237.643 GC heap before
{Heap before GC invocations=65 (full 0):
 garbage-first heap   total 167936K, used 132398K [0x00000000c0000000, 0x0000000100000000)
  region size 1024K, 35 young (35840K), 4 survivors (4096K)
 Metaspace       used 83748K, capacity 85931K, committed 86064K, reserved 1124352K
  class space    used 10863K, capacity 11615K, committed 11648K, reserved 1048576K
}
Event: 237.682 GC heap after
{Heap after GC invocations=66 (full 0):
 garbage-first heap   total 167936K, used 108257K [0x00000000c0000000, 0x0000000100000000)
  region size 1024K, 5 young (5120K), 5 survivors (5120K)
 Metaspace       used 83748K, capacity 85931K, committed 86064K, reserved 1124352K
  class space    used 10863K, capacity 11615K, committed 11648K, reserved 1048576K
}
Event: 238.793 GC heap before
{Heap before GC invocations=66 (full 0):
 garbage-first heap   total 167936K, used 111329K [0x00000000c0000000, 0x0000000100000000)
  region size 1024K, 8 young (8192K), 5 survivors (5120K)
 Metaspace       used 83883K, capacity 86149K, committed 86320K, reserved 1124352K
  class space    used 10880K, capacity 11624K, committed 11648K, reserved 1048576K
}
Event: 238.856 GC heap after
{Heap after GC invocations=67 (full 0):
 garbage-first heap   total 167936K, used 101160K [0x00000000c0000000, 0x0000000100000000)
  region size 1024K, 1 young (1024K), 1 survivors (1024K)
 Metaspace       used 83883K, capacity 86149K, committed 86320K, reserved 1124352K
  class space    used 10880K, capacity 11624K, committed 11648K, reserved 1048576K
}
Event: 242.131 GC heap before
{Heap before GC invocations=67 (full 0):
 garbage-first heap   total 167936K, used 131880K [0x00000000c0000000, 0x0000000100000000)
  region size 1024K, 32 young (32768K), 1 survivors (1024K)
 Metaspace       used 85608K, capacity 87935K, committed 88112K, reserved 1126400K
  class space    used 11042K, capacity 11848K, committed 11904K, reserved 1048576K
}
Event: 242.171 GC heap after
{Heap after GC invocations=68 (full 0):
 garbage-first heap   total 167936K, used 107520K [0x00000000c0000000, 0x0000000100000000)
  region size 1024K, 4 young (4096K), 4 survivors (4096K)
 Metaspace       used 85608K, capacity 87935K, committed 88112K, reserved 1126400K
  class space    used 11042K, capacity 11848K, committed 11904K, reserved 1048576K
}
Event: 244.703 GC heap before
{Heap before GC invocations=69 (full 0):
 garbage-first heap   total 181248K, used 134144K [0x00000000c0000000, 0x0000000100000000)
  region size 1024K, 31 young (31744K), 4 survivors (4096K)
 Metaspace       used 85972K, capacity 88299K, committed 88368K, reserved 1126400K
  class space    used 11055K, capacity 11859K, committed 11904K, reserved 1048576K
}
Event: 244.741 GC heap after
{Heap after GC invocations=70 (full 0):
 garbage-first heap   total 181248K, used 109702K [0x00000000c0000000, 0x0000000100000000)
  region size 1024K, 2 young (2048K), 2 survivors (2048K)
 Metaspace       used 85972K, capacity 88299K, committed 88368K, reserved 1126400K
  class space    used 11055K, capacity 11859K, committed 11904K, reserved 1048576K
}
Event: 246.769 GC heap before
{Heap before GC invocations=70 (full 0):
 garbage-first heap   total 181248K, used 140422K [0x00000000c0000000, 0x0000000100000000)
  region size 1024K, 33 young (33792K), 2 survivors (2048K)
 Metaspace       used 90576K, capacity 93022K, committed 93232K, reserved 1130496K
  class space    used 11754K, capacity 12574K, committed 12672K, reserved 1048576K
}
Event: 246.790 GC heap after
{Heap after GC invocations=71 (full 0):
 garbage-first heap   total 181248K, used 110818K [0x00000000c0000000, 0x0000000100000000)
  region size 1024K, 3 young (3072K), 3 survivors (3072K)
 Metaspace       used 90576K, capacity 93022K, committed 93232K, reserved 1130496K
  class space    used 11754K, capacity 12574K, committed 12672K, reserved 1048576K
}
Event: 249.472 GC heap before
{Heap before GC invocations=72 (full 0):
 garbage-first heap   total 193536K, used 142562K [0x00000000c0000000, 0x0000000100000000)
  region size 1024K, 35 young (35840K), 3 survivors (3072K)
 Metaspace       used 93212K, capacity 95820K, committed 95920K, reserved 1132544K
  class space    used 12105K, capacity 13030K, committed 13056K, reserved 1048576K
}
Event: 249.503 GC heap after
{Heap after GC invocations=73 (full 0):
 garbage-first heap   total 193536K, used 111372K [0x00000000c0000000, 0x0000000100000000)
  region size 1024K, 2 young (2048K), 2 survivors (2048K)
 Metaspace       used 93212K, capacity 95820K, committed 95920K, reserved 1132544K
  class space    used 12105K, capacity 13030K, committed 13056K, reserved 1048576K
}
Event: 251.591 GC heap before
{Heap before GC invocations=73 (full 0):
 garbage-first heap   total 193536K, used 112396K [0x00000000c0000000, 0x0000000100000000)
  region size 1024K, 4 young (4096K), 2 survivors (2048K)
 Metaspace       used 93222K, capacity 95823K, committed 95920K, reserved 1132544K
  class space    used 12106K, capacity 13031K, committed 13056K, reserved 1048576K
}
Event: 251.601 GC heap after
{Heap after GC invocations=74 (full 0):
 garbage-first heap   total 193536K, used 111548K [0x00000000c0000000, 0x0000000100000000)
  region size 1024K, 2 young (2048K), 2 survivors (2048K)
 Metaspace       used 93222K, capacity 95823K, committed 95920K, reserved 1132544K
  class space    used 12106K, capacity 13031K, committed 13056K, reserved 1048576K
}

Deoptimization events (20 events):
Event: 248.888 Thread 0x0000026951a47800 Uncommon trap: trap_request=0xffffff45 fr.pc=0x00000269428946f8 relative=0x0000000000000738
Event: 248.888 Thread 0x0000026951a47800 Uncommon trap: reason=unstable_if action=reinterpret pc=0x00000269428946f8 method=java.lang.Integer.stringSize(I)I @ 3 c2
Event: 248.888 Thread 0x0000026951a47800 DEOPT PACKING pc=0x00000269428946f8 sp=0x000000861c9f8000
Event: 248.888 Thread 0x0000026951a47800 DEOPT UNPACKING pc=0x000002693ac0942f sp=0x000000861c9f7f60 mode 2
Event: 248.888 Thread 0x0000026951a47800 Uncommon trap: trap_request=0xffffff45 fr.pc=0x0000026942b59200 relative=0x0000000000000260
Event: 248.888 Thread 0x0000026951a47800 Uncommon trap: reason=unstable_if action=reinterpret pc=0x0000026942b59200 method=java.lang.Integer.getChars(II[B)I @ 4 c2
Event: 248.888 Thread 0x0000026951a47800 DEOPT PACKING pc=0x0000026942b59200 sp=0x000000861c9f7fb0
Event: 248.888 Thread 0x0000026951a47800 DEOPT UNPACKING pc=0x000002693ac0942f sp=0x000000861c9f7f40 mode 2
Event: 248.911 Thread 0x000002695368a800 Uncommon trap: trap_request=0xffffffd6 fr.pc=0x00000269428dbe0c relative=0x0000000000002c8c
Event: 248.911 Thread 0x000002695368a800 Uncommon trap: reason=array_check action=maybe_recompile pc=0x00000269428dbe0c method=java.util.TimSort.reverseRange([Ljava/lang/Object;II)V @ 20 c2
Event: 248.911 Thread 0x000002695368a800 DEOPT PACKING pc=0x00000269428dbe0c sp=0x000000861e0fd960
Event: 248.911 Thread 0x000002695368a800 DEOPT UNPACKING pc=0x000002693ac0942f sp=0x000000861e0fd838 mode 2
Event: 249.097 Thread 0x000002695368a800 DEOPT PACKING pc=0x000002693b85b51f sp=0x000000861e0fd970
Event: 249.097 Thread 0x000002695368a800 DEOPT UNPACKING pc=0x000002693ac0994e sp=0x000000861e0fce78 mode 0
Event: 251.846 Thread 0x000002695368a800 DEOPT PACKING pc=0x000002693c80ba3d sp=0x000000861e0fd6e0
Event: 251.846 Thread 0x000002695368a800 DEOPT UNPACKING pc=0x000002693ac0994e sp=0x000000861e0fcbc8 mode 0
Event: 251.875 Thread 0x000002695368a800 Uncommon trap: trap_request=0xffffff45 fr.pc=0x0000026942789704 relative=0x00000000000000e4
Event: 251.875 Thread 0x000002695368a800 Uncommon trap: reason=unstable_if action=reinterpret pc=0x0000026942789704 method=com.android.tools.r8.utils.W.d(I)Z @ 33 c2
Event: 251.875 Thread 0x000002695368a800 DEOPT PACKING pc=0x0000026942789704 sp=0x000000861e0fd460
Event: 251.875 Thread 0x000002695368a800 DEOPT UNPACKING pc=0x000002693ac0942f sp=0x000000861e0fd3f0 mode 2

Classes unloaded (20 events):
Event: 43.930 Thread 0x000002694ea61000 Unloading class 0x00000008013e6040 'org/gradle/internal/execution/steps/ResolveChangesStep$$Lambda$560'
Event: 43.930 Thread 0x000002694ea61000 Unloading class 0x00000008013e6840 'org/gradle/internal/execution/steps/ResolveChangesStep$$Lambda$558'
Event: 43.930 Thread 0x000002694ea61000 Unloading class 0x00000008013e7c40 'org/gradle/internal/execution/steps/ResolveChangesStep$$Lambda$555'
Event: 43.930 Thread 0x000002694ea61000 Unloading class 0x00000008013e2440 'org/gradle/api/internal/artifacts/transform/DefaultTransformerInvocationFactory$TransformerExecution$$Lambda$553'
Event: 43.930 Thread 0x000002694ea61000 Unloading class 0x00000008013e1840 'org/gradle/api/internal/artifacts/transform/DefaultTransformerInvocationFactory$TransformerExecution$$Lambda$551'
Event: 43.930 Thread 0x000002694ea61000 Unloading class 0x00000008013e1040 'org/gradle/internal/execution/steps/CaptureStateBeforeExecutionStep$$Lambda$549'
Event: 43.930 Thread 0x000002694ea61000 Unloading class 0x00000008013e0c40 'java/lang/invoke/LambdaForm$DMH'
Event: 43.930 Thread 0x000002694ea61000 Unloading class 0x00000008013e0040 'org/gradle/internal/execution/steps/CaptureStateBeforeExecutionStep$$Lambda$546'
Event: 43.930 Thread 0x000002694ea61000 Unloading class 0x00000008013d4040 'org/gradle/internal/execution/steps/CaptureStateBeforeExecutionStep$$Lambda$542'
Event: 43.930 Thread 0x000002694ea61000 Unloading class 0x00000008013d5040 'org/gradle/internal/execution/steps/ValidateStep$$Lambda$539'
Event: 43.930 Thread 0x000002694ea61000 Unloading class 0x00000008013d6c40 'org/gradle/internal/execution/steps/LoadExecutionStateStep$$Lambda$535'
Event: 43.930 Thread 0x000002694ea61000 Unloading class 0x00000008013d7440 'org/gradle/internal/vfs/impl/DefaultVirtualFileSystem$$Lambda$533'
Event: 43.930 Thread 0x000002694ea61000 Unloading class 0x00000008013d3440 'org/gradle/internal/snapshot/impl/DirectorySnapshotter$PathVisitor$$Lambda$528'
Event: 43.930 Thread 0x000002694ea61000 Unloading class 0x00000008013d3040 'org/gradle/api/internal/artifacts/transform/DefaultTransformerInvocationFactory$2$$Lambda$526'
Event: 43.930 Thread 0x000002694ea61000 Unloading class 0x00000008013d2040 'org/gradle/api/internal/artifacts/transform/ImmutableTransformationWorkspaceProvider$$Lambda$525'
Event: 43.930 Thread 0x000002694ea61000 Unloading class 0x00000008013d1c40 'org/gradle/api/internal/artifacts/transform/DefaultTransformerInvocationFactory$$Lambda$523'
Event: 43.930 Thread 0x000002694ea61000 Unloading class 0x00000008013d0440 'java/lang/invoke/LambdaForm$DMH'
Event: 43.930 Thread 0x000002694ea61000 Unloading class 0x00000008013a9440 'org/gradle/api/internal/artifacts/transform/TransformationStep$$Lambda$519'
Event: 43.930 Thread 0x000002694ea61000 Unloading class 0x00000008013a9c40 'org/gradle/api/internal/artifacts/transform/TransformationStep$$Lambda$517'
Event: 43.930 Thread 0x000002694ea61000 Unloading class 0x00000008013aa440 'org/gradle/api/internal/artifacts/transform/TransformationStep$$Lambda$516'

Classes redefined (0 events):
No events

Internal exceptions (20 events):
Event: 243.708 Thread 0x0000026951a47800 Exception <a 'sun/nio/fs/WindowsException'{0x00000000ca433b00}> (0x00000000ca433b00) 
thrown [t:/workspace/open/src/hotspot/share/prims/jni.cpp, line 598]
Event: 243.719 Thread 0x0000026951a47800 Exception <a 'sun/nio/fs/WindowsException'{0x00000000ca4419a8}> (0x00000000ca4419a8) 
thrown [t:/workspace/open/src/hotspot/share/prims/jni.cpp, line 598]
Event: 243.763 Thread 0x0000026951a47800 Exception <a 'sun/nio/fs/WindowsException'{0x00000000ca46e150}> (0x00000000ca46e150) 
thrown [t:/workspace/open/src/hotspot/share/prims/jni.cpp, line 598]
Event: 243.920 Thread 0x0000026951a47800 Exception <a 'java/lang/NoSuchMethodError'{0x00000000ca2212a0}: 'int java.lang.invoke.DirectMethodHandle$Holder.invokeStaticInit(java.lang.Object)'> (0x00000000ca2212a0) 
thrown [t:/workspace/open/src/hotspot/share/interpreter/linkResolver.cpp, line 767]
Event: 244.018 Thread 0x0000026951a42800 Exception <a 'java/lang/NoSuchMethodError'{0x00000000ca1cefa0}: static Lorg/gradle/internal/build/event/types/DefaultJavaCompileTaskSuccessResult;.<clinit>()V> (0x00000000ca1cefa0) 
thrown [t:/workspace/open/src/hotspot/share/prims/jni.cpp, line 1347]
Event: 245.578 Thread 0x0000026950f9d000 Exception <a 'java/lang/NoSuchMethodError'{0x00000000ca39ccf0}: static Lcom/android/build/gradle/internal/tasks/DexArchiveBuilderTaskDelegate$ClasspathServiceKey;.<clinit>()V> (0x00000000ca39ccf0) 
thrown [t:/workspace/open/src/hotspot/share/prims/jni.cpp, line 1347]
Event: 245.818 Thread 0x0000026953689800 Exception <a 'sun/nio/fs/WindowsException'{0x00000000ca0fea48}> (0x00000000ca0fea48) 
thrown [t:/workspace/open/src/hotspot/share/prims/jni.cpp, line 598]
Event: 246.209 Thread 0x0000026953689800 Exception <a 'java/lang/NoSuchMethodError'{0x00000000c9b48620}: 'java.lang.Object java.lang.invoke.DirectMethodHandle$Holder.invokeStatic(java.lang.Object, java.lang.Object, java.lang.Object, java.lang.Object, java.lang.Object, java.lang.Object, java.lang.Object, java.lang.Object, java.lang.Object, java.lang.Object, java.lang.Object, java.lang.Object, java.lang.Object, java.lang.Object, java.lang.Object, java.lang.Object, java.lang.Object, int, java.lang.Object)'> (0x00000000c9b48620) 
thrown [t:/workspace
Event: 246.210 Thread 0x0000026953689800 Exception <a 'java/lang/NoSuchMethodError'{0x00000000c9b4d038}: 'java.lang.Object java.lang.invoke.DirectMethodHandle$Holder.invokeStaticInit(java.lang.Object, java.lang.Object, java.lang.Object, java.lang.Object, java.lang.Object, java.lang.Object, java.lang.Object, java.lang.Object, java.lang.Object, java.lang.Object, java.lang.Object, java.lang.Object, java.lang.Object, java.lang.Object, java.lang.Object, java.lang.Object, java.lang.Object, int, java.lang.Object)'> (0x00000000c9b4d038) 
thrown [t:/works
Event: 246.478 Thread 0x0000026953689800 Exception <a 'java/lang/NoSuchMethodError'{0x00000000c96b7518}: 'long java.lang.invoke.DirectMethodHandle$Holder.invokeStatic(java.lang.Object, java.lang.Object)'> (0x00000000c96b7518) 
thrown [t:/workspace/open/src/hotspot/share/interpreter/linkResolver.cpp, line 767]
Event: 246.481 Thread 0x0000026953689800 Exception <a 'java/lang/NoSuchMethodError'{0x00000000c96c4e80}: 'void java.lang.invoke.DirectMethodHandle$Holder.invokeSpecial(java.lang.Object, java.lang.Object, int, java.lang.Object)'> (0x00000000c96c4e80) 
thrown [t:/workspace/open/src/hotspot/share/interpreter/linkResolver.cpp, line 767]
Event: 246.694 Thread 0x0000026953689800 Exception <a 'java/lang/NoSuchMethodError'{0x00000000c91e0da0}: 'java.lang.Object java.lang.invoke.DirectMethodHandle$Holder.invokeVirtual(java.lang.Object, java.lang.Object, int, java.lang.Object)'> (0x00000000c91e0da0) 
thrown [t:/workspace/open/src/hotspot/share/interpreter/linkResolver.cpp, line 767]
Event: 246.756 Thread 0x0000026953689800 Exception <a 'java/lang/NoSuchMethodError'{0x00000000c90bd6f0}: 'void java.lang.invoke.DirectMethodHandle$Holder.invokeVirtual(java.lang.Object, java.lang.Object, int, java.lang.Object)'> (0x00000000c90bd6f0) 
thrown [t:/workspace/open/src/hotspot/share/interpreter/linkResolver.cpp, line 767]
Event: 246.964 Thread 0x0000026953689800 Exception <a 'java/lang/NoSuchMethodError'{0x00000000cafceb48}: 'java.lang.Object java.lang.invoke.DirectMethodHandle$Holder.newInvokeSpecial(java.lang.Object, int)'> (0x00000000cafceb48) 
thrown [t:/workspace/open/src/hotspot/share/interpreter/linkResolver.cpp, line 767]
Event: 247.997 Thread 0x0000026953689800 Exception <a 'java/lang/NoSuchMethodError'{0x00000000cb62f4b0}: 'void java.lang.invoke.DirectMethodHandle$Holder.invokeVirtual(java.lang.Object, java.lang.Object, int)'> (0x00000000cb62f4b0) 
thrown [t:/workspace/open/src/hotspot/share/interpreter/linkResolver.cpp, line 767]
Event: 248.054 Thread 0x0000026953689800 Exception <a 'sun/nio/fs/WindowsException'{0x00000000cb69fd10}> (0x00000000cb69fd10) 
thrown [t:/workspace/open/src/hotspot/share/prims/jni.cpp, line 598]
Event: 248.093 Thread 0x0000026953689800 Exception <a 'sun/nio/fs/WindowsException'{0x00000000cb6bb938}> (0x00000000cb6bb938) 
thrown [t:/workspace/open/src/hotspot/share/prims/jni.cpp, line 598]
Event: 248.100 Thread 0x0000026953689800 Exception <a 'sun/nio/fs/WindowsException'{0x00000000cb6c4528}> (0x00000000cb6c4528) 
thrown [t:/workspace/open/src/hotspot/share/prims/jni.cpp, line 598]
Event: 248.894 Thread 0x0000026951a47800 Exception <a 'java/lang/NoSuchMethodError'{0x00000000ca304420}: static Lcom/android/build/gradle/internal/tasks/DexMergingParams;.<clinit>()V> (0x00000000ca304420) 
thrown [t:/workspace/open/src/hotspot/share/prims/jni.cpp, line 1347]
Event: 251.699 Thread 0x000002695368a800 Exception <a 'sun/nio/fs/WindowsException'{0x00000000cbc0fa08}> (0x00000000cbc0fa08) 
thrown [t:/workspace/open/src/hotspot/share/prims/jni.cpp, line 598]

Events (20 events):
Event: 251.761 loading class com/android/tools/r8/graph/I0 done
Event: 251.762 loading class com/android/tools/r8/dex/p
Event: 251.762 loading class com/android/tools/r8/dex/p done
Event: 251.848 loading class com/android/tools/r8/s/a/b/g
Event: 251.848 loading class com/android/tools/r8/s/a/b/g done
Event: 251.848 loading class com/android/tools/r8/s/a/b/m/d
Event: 251.848 loading class com/android/tools/r8/s/a/b/m/d done
Event: 251.849 loading class com/android/tools/r8/s/a/b/m/a
Event: 251.849 loading class com/android/tools/r8/s/a/b/m/a done
Event: 251.852 loading class com/android/tools/r8/s/a/a/a/b
Event: 251.852 loading class com/android/tools/r8/s/a/a/a/b done
Event: 251.853 loading class com/android/tools/r8/dex/d
Event: 251.853 loading class com/android/tools/r8/dex/d done
Event: 251.857 loading class com/android/tools/r8/dex/n
Event: 251.857 loading class com/android/tools/r8/dex/n done
Event: 251.857 loading class com/android/tools/r8/graph/g0
Event: 251.857 loading class com/android/tools/r8/graph/g0 done
Event: 251.858 loading class com/android/tools/r8/graph/g0
Event: 251.858 loading class com/android/tools/r8/graph/g0 done
Event: 251.884 Executing VM operation: G1Concurrent


Dynamic libraries:
0x00007ff7421b0000 - 0x00007ff7421bf000 	C:\Program Files\Java\jdk-13.0.2\bin\java.exe
0x00007ffa41bc0000 - 0x00007ffa41dad000 	C:\Windows\SYSTEM32\ntdll.dll
0x00007ffa3f440000 - 0x00007ffa3f4f3000 	C:\Windows\System32\KERNEL32.DLL
0x00007ffa3e850000 - 0x00007ffa3eae5000 	C:\Windows\System32\KERNELBASE.dll
0x00007ffa3eba0000 - 0x00007ffa3ec9a000 	C:\Windows\System32\ucrtbase.dll
0x00007ffa37f00000 - 0x00007ffa37f18000 	C:\Program Files\Java\jdk-13.0.2\bin\jli.dll
0x00007ffa37980000 - 0x00007ffa37995000 	C:\Program Files\Java\jdk-13.0.2\bin\VCRUNTIME140.dll
0x00007ffa3fcf0000 - 0x00007ffa3fd93000 	C:\Windows\System32\ADVAPI32.dll
0x00007ffa3ee40000 - 0x00007ffa3eede000 	C:\Windows\System32\msvcrt.dll
0x00007ffa41390000 - 0x00007ffa4142e000 	C:\Windows\System32\sechost.dll
0x00007ffa41760000 - 0x00007ffa41882000 	C:\Windows\System32\RPCRT4.dll
0x00007ffa3f770000 - 0x00007ffa3f907000 	C:\Windows\System32\USER32.dll
0x00007ffa3eca0000 - 0x00007ffa3ecc0000 	C:\Windows\System32\win32u.dll
0x00007ffa41900000 - 0x00007ffa41929000 	C:\Windows\System32\GDI32.dll
0x00007ffa3e420000 - 0x00007ffa3e5b9000 	C:\Windows\System32\gdi32full.dll
0x00007ffa3ed40000 - 0x00007ffa3ede0000 	C:\Windows\System32\msvcp_win.dll
0x00007ffa2bb90000 - 0x00007ffa2be09000 	C:\Windows\WinSxS\amd64_microsoft.windows.common-controls_6595b64144ccf1df_6.0.17763.1217_none_de6e4304534e0ad3\COMCTL32.dll
0x00007ffa41430000 - 0x00007ffa4175c000 	C:\Windows\System32\combase.dll
0x00007ffa3ecc0000 - 0x00007ffa3ed3e000 	C:\Windows\System32\bcryptPrimitives.dll
0x00007ffa398b0000 - 0x00007ffa398ba000 	C:\Windows\SYSTEM32\VERSION.dll
0x00007ffa3f610000 - 0x00007ffa3f63e000 	C:\Windows\System32\IMM32.DLL
0x00007ffa36db0000 - 0x00007ffa36e4b000 	C:\Program Files\Java\jdk-13.0.2\bin\msvcp140.dll
0x00007ffa12530000 - 0x00007ffa1308d000 	C:\Program Files\Java\jdk-13.0.2\bin\server\jvm.dll
0x00007ffa3f910000 - 0x00007ffa3f918000 	C:\Windows\System32\PSAPI.DLL
0x00007ffa37ef0000 - 0x00007ffa37ef9000 	C:\Windows\SYSTEM32\WSOCK32.dll
0x00007ffa41890000 - 0x00007ffa418fd000 	C:\Windows\System32\WS2_32.dll
0x00007ffa3bcd0000 - 0x00007ffa3bcf4000 	C:\Windows\SYSTEM32\WINMM.dll
0x00007ffa3bca0000 - 0x00007ffa3bccd000 	C:\Windows\SYSTEM32\WINMMBASE.dll
0x00007ffa3dc80000 - 0x00007ffa3dcca000 	C:\Windows\System32\cfgmgr32.dll
0x00007ffa3dc60000 - 0x00007ffa3dc71000 	C:\Windows\System32\kernel.appcore.dll
0x00007ffa3ba00000 - 0x00007ffa3ba10000 	C:\Program Files\Java\jdk-13.0.2\bin\verify.dll
0x00007ffa31e00000 - 0x00007ffa31fed000 	C:\Windows\SYSTEM32\DBGHELP.DLL
0x00007ffa31dd0000 - 0x00007ffa31dfa000 	C:\Windows\SYSTEM32\dbgcore.DLL
0x00007ffa37720000 - 0x00007ffa37746000 	C:\Program Files\Java\jdk-13.0.2\bin\java.dll
0x00007ffa37700000 - 0x00007ffa37717000 	C:\Program Files\Java\jdk-13.0.2\bin\zip.dll
0x00007ffa37bc0000 - 0x00007ffa37bca000 	C:\Program Files\Java\jdk-13.0.2\bin\jimage.dll
0x00007ffa3fe70000 - 0x00007ffa41364000 	C:\Windows\System32\SHELL32.dll
0x00007ffa3f930000 - 0x00007ffa3f9d8000 	C:\Windows\System32\shcore.dll
0x00007ffa3dcd0000 - 0x00007ffa3e41e000 	C:\Windows\System32\windows.storage.dll
0x00007ffa3dc10000 - 0x00007ffa3dc34000 	C:\Windows\System32\profapi.dll
0x00007ffa3dbb0000 - 0x00007ffa3dc0d000 	C:\Windows\System32\powrprof.dll
0x00007ffa41930000 - 0x00007ffa41982000 	C:\Windows\System32\shlwapi.dll
0x00007ffa3eaf0000 - 0x00007ffa3eb07000 	C:\Windows\System32\cryptsp.dll
0x00007ffa37430000 - 0x00007ffa37449000 	C:\Program Files\Java\jdk-13.0.2\bin\net.dll
0x00007ffa31af0000 - 0x00007ffa31be2000 	C:\Windows\SYSTEM32\WINHTTP.dll
0x00007ffa3d370000 - 0x00007ffa3d3d7000 	C:\Windows\system32\mswsock.dll
0x00007ffa37410000 - 0x00007ffa37423000 	C:\Program Files\Java\jdk-13.0.2\bin\nio.dll
0x00007ffa22dd0000 - 0x00007ffa22df6000 	C:\Users\ELCOT\.gradle\caches\gradle-6.5\native\31\windows-amd64\native-platform.dll
0x00007ffa37970000 - 0x00007ffa37979000 	C:\Program Files\Java\jdk-13.0.2\bin\management.dll
0x00007ffa376f0000 - 0x00007ffa376fb000 	C:\Program Files\Java\jdk-13.0.2\bin\management_ext.dll
0x00007ffa3cf00000 - 0x00007ffa3cf33000 	C:\Windows\system32\rsaenh.dll
0x00007ffa3eb10000 - 0x00007ffa3eb36000 	C:\Windows\System32\bcrypt.dll
0x00007ffa3dae0000 - 0x00007ffa3db08000 	C:\Windows\SYSTEM32\USERENV.dll
0x00007ffa3d4f0000 - 0x00007ffa3d4fc000 	C:\Windows\SYSTEM32\CRYPTBASE.dll
0x00007ffa3d0a0000 - 0x00007ffa3d0dd000 	C:\Windows\SYSTEM32\IPHLPAPI.DLL
0x00007ffa41b80000 - 0x00007ffa41b88000 	C:\Windows\System32\NSI.dll
0x00007ffa35d90000 - 0x00007ffa35da6000 	C:\Windows\SYSTEM32\dhcpcsvc6.DLL
0x00007ffa35d70000 - 0x00007ffa35d8c000 	C:\Windows\SYSTEM32\dhcpcsvc.DLL
0x00007ffa3d0e0000 - 0x00007ffa3d1a7000 	C:\Windows\SYSTEM32\DNSAPI.dll
0x00007ffa34680000 - 0x00007ffa346a5000 	C:\Program Files\Java\jdk-13.0.2\bin\sunec.dll

dbghelp: loaded successfully - version: 4.0.5 - missing functions: none
symbol engine: initialized successfully - sym options: 0x614 - pdb path: .;C:\Program Files\Java\jdk-13.0.2\bin;C:\Windows\SYSTEM32;C:\Windows\WinSxS\amd64_microsoft.windows.common-controls_6595b64144ccf1df_6.0.17763.1217_none_de6e4304534e0ad3;C:\Program Files\Java\jdk-13.0.2\bin\server;C:\Users\ELCOT\.gradle\caches\gradle-6.5\native\31\windows-amd64

VM Arguments:
jvm_args: --add-opens=java.base/java.util=ALL-UNNAMED --add-opens=java.base/java.lang=ALL-UNNAMED --add-opens=java.base/java.lang.invoke=ALL-UNNAMED --add-opens=java.prefs/java.util.prefs=ALL-UNNAMED -Xmx1024m -Dfile.encoding=windows-1252 -Duser.country=IN -Duser.language=en -Duser.variant 
java_command: org.gradle.launcher.daemon.bootstrap.GradleDaemon 6.1.1
java_class_path (initial): C:\Users\ELCOT\.gradle\caches\gradle-6.5\wrapper\dists\gradle-6.1.1-all\cfmwm155h49vnt3hynmlrsdst\gradle-6.1.1\lib\gradle-launcher-6.1.1.jar
Launcher Type: SUN_STANDARD

[Global flags]
     intx CICompilerCount                          = 2                                         {product} {ergonomic}
     uint ConcGCThreads                            = 1                                         {product} {ergonomic}
     uint G1ConcRefinementThreads                  = 2                                         {product} {ergonomic}
   size_t G1HeapRegionSize                         = 1048576                                   {product} {ergonomic}
    uintx GCDrainStackTargetSize                   = 64                                        {product} {ergonomic}
   size_t InitialHeapSize                          = 65011712                                  {product} {ergonomic}
   size_t MarkStackSize                            = 4194304                                   {product} {ergonomic}
   size_t MaxHeapSize                              = 1073741824                                {product} {command line}
   size_t MaxNewSize                               = 643825664                                 {product} {ergonomic}
   size_t MinHeapDeltaBytes                        = 1048576                                   {product} {ergonomic}
   size_t MinHeapSize                              = 8388608                                   {product} {ergonomic}
    uintx NonNMethodCodeHeapSize                   = 5826188                                {pd product} {ergonomic}
    uintx NonProfiledCodeHeapSize                  = 122916026                              {pd product} {ergonomic}
    uintx ProfiledCodeHeapSize                     = 122916026                              {pd product} {ergonomic}
    uintx ReservedCodeCacheSize                    = 251658240                              {pd product} {ergonomic}
     bool SegmentedCodeCache                       = true                                      {product} {ergonomic}
   size_t SoftMaxHeapSize                          = 1073741824                             {manageable} {ergonomic}
     bool UseCompressedClassPointers               = true                                 {lp64_product} {ergonomic}
     bool UseCompressedOops                        = true                                 {lp64_product} {ergonomic}
     bool UseG1GC                                  = true                                      {product} {ergonomic}
     bool UseLargePagesIndividualAllocation        = false                                  {pd product} {ergonomic}

Logging:
Log output configuration:
 #0: stdout all=warning uptime,level,tags
 #1: stderr all=off uptime,level,tags

Environment Variables:
JAVA_HOME=C:\Program Files\Android\Android Studio\jre
PATH=C:\Program Files\AdoptOpenJDK\jdk-11.0.7.10-hotspot\bin;C:\Program Files (x86)\Common Files\Oracle\Java\javapath;C:\MinGW\bin;C:\Windows\system32;C:\Windows;C:\Windows\System32\Wbem;C:\Windows\System32\WindowsPowerShell\v1.0\;C:\Windows\System32\OpenSSH\;C:\Program Files\nodejs\;C:\Users\ELCOT\Downloads\python-3.8.2;C:\Program Files\Dart\dart-sdk\bin;C:\drivers\chromedriver_win32.zip;C:\src\flutter\flutter_windows_v1.12.13+hotfix.9-stable\flutter\bin;C:\Program Files (x86)\Android\android-sdk\platforms\platform-tools;C:\Program Files (x86)\Android\android-sdk\platform-tools\api;C:\Downloads\installer_r16-windows.exe;C:\ProgramData\Microsoft\Windows\Start Menu\Programs\Android SDK Tools;D:\kishoreAndroid\Android\Android Studio\bin;D:\kishoreAndroid\Android\Android Studio;C:\ProgramData\Microsoft\Windows\Start Menu\Programs\Visual Studio Emulator for Android.lnk;C:\Downloads\vs_emulatorsetup.exe;C:\Program Files (x86)\Android\android-sdk\SDK Manager;D:\Kishore\platforms;C:\Users\ELCOT\AppData\Local\Programs\Python\Python38\Scripts\;C:\Users\;C:\Program Files\Android\Android Studio\jre;C:\Program Files\Java\jdk-13.0.2\bin;C:\Program Files\Java\jre1.8.0_251\bin;C:\Program Files (x86)\Android\platform-tools;C:\Downloads\python-3.8.2.exe;C:\Program Files\dotnet\;C:\Program Files\Microsoft SQL Server\130\Tools\Binn\;C:\Program Files\Microsoft SQL Server\Client SDK\ODBC\170\Tools\Binn\;D:\Git\cmd;C:\Users\ELCOT\AppData\Roaming\npm;C:\Users\ELCOT\AppData\Local\Programs\Python\Python39\Scripts\;C:\Users\ELCOT\AppData\Local\Programs\Python\Python39\;C:\Users\ELCOT\AppData\Local\ValidatorBuddy;C:\Users\ELCOT\AppData\Local\Programs\Python\Python38;C:\src\flutter\bin;D:\Heroku\bin;D:\Microsoft VS Code\bin;C:\Users\ELCOT\AppData\Roaming\npm\node_modules\firebase\node_modules\protobufjs\bin;
USERNAME=ELCOT
OS=Windows_NT
PROCESSOR_IDENTIFIER=AMD64 Family 21 Model 112 Stepping 0, AuthenticAMD



---------------  S Y S T E M  ---------------

OS: Windows 10 , 64 bit Build 17763 (10.0.17763.1158)
HyperV virtualization detected

CPU:total 2 (initial active 2) (2 cores per cpu, 1 threads per core) family 21 model 112 stepping 0, cmov, cx8, fxsr, mmx, sse, sse2, sse3, ssse3, sse4.1, sse4.2, popcnt, avx, avx2, aes, clmul, mmxext, 3dnowpref, lzcnt, sse4a, tsc, tscinvbit, tscinv, bmi1, bmi2, fma

Memory: 4k page, system-wide physical 3935M (450M free)
TotalPageFile size 5322M (AvailPageFile size 45M)
current process WorkingSet (physical memory assigned to process): 449M, peak: 449M
current process commit charge ("private bytes"): 476M, peak: 524M

vm_info: Java HotSpot(TM) 64-Bit Server VM (13.0.2+8) for windows-amd64 JRE (13.0.2+8), built on Dec 11 2019 09:20:33 by "mach5one" with unknown MS VC++:1916

END.
