#
# There is insufficient memory for the Java Runtime Environment to continue.
# Native memory allocation (mmap) failed to map 28311552 bytes for Failed to commit area from 0x00000000cc500000 to 0x00000000ce000000 of length 28311552.
# Possible reasons:
#   The system is out of physical RAM or swap space
#   The process is running with CompressedOops enabled, and the Java Heap may be blocking the growth of the native heap
# Possible solutions:
#   Reduce memory load on the system
#   Increase physical memory or swap space
#   Check if swap backing store is full
#   Decrease Java heap size (-Xmx/-Xms)
#   Decrease number of Java threads
#   Decrease Java thread stack sizes (-Xss)
#   Set larger code cache with -XX:ReservedCodeCacheSize=
#   JVM is running with Unscaled Compressed Oops mode in which the Java heap is
#     placed in the first 4GB address space. The Java Heap base address is the
#     maximum limit for the native heap growth. Please use -XX:HeapBaseMinAddress
#     to set the Java Heap base and to place the Java Heap above 4GB virtual address.
# This output file may be truncated or incomplete.
#
#  Out of Memory Error (t:/workspace/open/src/hotspot/os/windows/os_windows.cpp:3301), pid=4472, tid=9768
#
# JRE version: Java(TM) SE Runtime Environment (13.0.2+8) (build 13.0.2+8)
# Java VM: Java HotSpot(TM) 64-Bit Server VM (13.0.2+8, mixed mode, sharing, tiered, compressed oops, g1 gc, windows-amd64)
# No core dump will be written. Minidumps are not enabled by default on client versions of Windows
#

---------------  S U M M A R Y ------------

Command Line: --add-opens=java.base/java.util=ALL-UNNAMED --add-opens=java.base/java.lang=ALL-UNNAMED --add-opens=java.base/java.lang.invoke=ALL-UNNAMED --add-opens=java.prefs/java.util.prefs=ALL-UNNAMED -Xmx1024m -Dfile.encoding=windows-1252 -Duser.country=IN -Duser.language=en -Duser.variant org.gradle.launcher.daemon.bootstrap.GradleDaemon 6.1.1

Host: AMD PRO A4-4350B R4, 5 COMPUTE CORES 2C+3G     , 2 cores, 3G,  Windows 10 , 64 bit Build 17763 (10.0.17763.1158)
Time: Wed Sep 16 22:56:59 2020 Pacific Daylight Time elapsed time: 57 seconds (0d 0h 0m 57s)

---------------  T H R E A D  ---------------

Current thread (0x00000236f1a2c800):  VMThread "VM Thread" [stack: 0x000000dd5c500000,0x000000dd5c600000] [id=9768]

Stack: [0x000000dd5c500000,0x000000dd5c600000]
[error occurred during error reporting (printing stack bounds), id 0xc0000005, EXCEPTION_ACCESS_VIOLATION (0xc0000005) at pc=0x00000236800010ad]

Native frames: (J=compiled Java code, j=interpreted, Vv=VM code, C=native code)
V  [jvm.dll+0x624f9a]
V  [jvm.dll+0x770cfa]
V  [jvm.dll+0x7724af]
V  [jvm.dll+0x772a15]
V  [jvm.dll+0x7729cb]
V  [jvm.dll+0x6244df]
C  [ntdll.dll+0x66b26]
C  [ntdll.dll+0x4849]
C  [ntdll.dll+0xa350e]
C  0x00000236800010ad

VM_Operation (0x000000dd5c1ff660): G1Concurrent, mode: safepoint, requested by thread 0x00000236f1997800


---------------  P R O C E S S  ---------------

Threads class SMR info:
_java_thread_list=0x00000236912e8bc0, length=42, elements={
0x00000236f195e800, 0x00000236fe5c9000, 0x00000236fe5cd000, 0x00000236fe5e5000,
0x00000236fe5e7000, 0x00000236fe5e9000, 0x00000236fe5ef000, 0x00000236fe5fe800,
0x00000236ff02a000, 0x00000236ff02c800, 0x000002368faf1800, 0x000002368fc75800,
0x00000236ffaf2000, 0x00000236ffb35000, 0x00000236fe639800, 0x00000236ffb40000,
0x00000236ff1d1800, 0x00000236ff1d2800, 0x00000236ffa9e000, 0x00000236ffa9f000,
0x000002368fb87000, 0x000002368fb86000, 0x000002368fb81800, 0x000002368fb83000,
0x000002368fb88000, 0x000002368fb83800, 0x000002368fb84800, 0x000002368fb85800,
0x000002368fd0a000, 0x000002368fd05000, 0x000002368fd06000, 0x000002368fd09000,
0x000002368fd04800, 0x000002368fd0b800, 0x000002368fd07800, 0x000002368fd06800,
0x000002368fd0b000, 0x000002368fd0c800, 0x000002368fd08800, 0x000002368fd0e000,
0x000002368fd10800, 0x000002368fd0f000
}

Java Threads: ( => current thread )
  0x00000236f195e800 JavaThread "main" [_thread_blocked, id=1288, stack(0x000000dd5bf00000,0x000000dd5c000000)]
  0x00000236fe5c9000 JavaThread "Reference Handler" daemon [_thread_blocked, id=6324, stack(0x000000dd5c600000,0x000000dd5c700000)]
  0x00000236fe5cd000 JavaThread "Finalizer" daemon [_thread_blocked, id=9304, stack(0x000000dd5c700000,0x000000dd5c800000)]
  0x00000236fe5e5000 JavaThread "Signal Dispatcher" daemon [_thread_blocked, id=6288, stack(0x000000dd5c800000,0x000000dd5c900000)]
  0x00000236fe5e7000 JavaThread "Attach Listener" daemon [_thread_blocked, id=964, stack(0x000000dd5c900000,0x000000dd5ca00000)]
  0x00000236fe5e9000 JavaThread "C2 CompilerThread0" daemon [_thread_blocked, id=5624, stack(0x000000dd5ca00000,0x000000dd5cb00000)]
  0x00000236fe5ef000 JavaThread "C1 CompilerThread0" daemon [_thread_blocked, id=1504, stack(0x000000dd5cb00000,0x000000dd5cc00000)]
  0x00000236fe5fe800 JavaThread "Sweeper thread" daemon [_thread_blocked, id=9332, stack(0x000000dd5cc00000,0x000000dd5cd00000)]
  0x00000236ff02a000 JavaThread "Common-Cleaner" daemon [_thread_blocked, id=4044, stack(0x000000dd5cd00000,0x000000dd5ce00000)]
  0x00000236ff02c800 JavaThread "Service Thread" daemon [_thread_blocked, id=8212, stack(0x000000dd5ce00000,0x000000dd5cf00000)]
  0x000002368faf1800 JavaThread "Daemon health stats" [_thread_blocked, id=2980, stack(0x000000dd5d200000,0x000000dd5d300000)]
  0x000002368fc75800 JavaThread "Incoming local TCP Connector on port 54620" [_thread_in_native, id=1240, stack(0x000000dd5d300000,0x000000dd5d400000)]
  0x00000236ffaf2000 JavaThread "Daemon periodic checks" [_thread_blocked, id=7064, stack(0x000000dd5d400000,0x000000dd5d500000)]
  0x00000236ffb35000 JavaThread "Daemon" [_thread_blocked, id=6672, stack(0x000000dd5d500000,0x000000dd5d600000)]
  0x00000236fe639800 JavaThread "Handler for socket connection from /127.0.0.1:54620 to /127.0.0.1:54621" [_thread_in_native, id=7368, stack(0x000000dd5d600000,0x000000dd5d700000)]
  0x00000236ffb40000 JavaThread "Cancel handler" [_thread_blocked, id=1352, stack(0x000000dd5d700000,0x000000dd5d800000)]
  0x00000236ff1d1800 JavaThread "Daemon worker" [_thread_blocked, id=9280, stack(0x000000dd5d800000,0x000000dd5d900000)]
  0x00000236ff1d2800 JavaThread "Asynchronous log dispatcher for DefaultDaemonConnection: socket connection from /127.0.0.1:54620 to /127.0.0.1:54621" [_thread_blocked, id=3732, stack(0x000000dd5d900000,0x000000dd5da00000)]
  0x00000236ffa9e000 JavaThread "Stdin handler" [_thread_blocked, id=7492, stack(0x000000dd5da00000,0x000000dd5db00000)]
  0x00000236ffa9f000 JavaThread "Thread-8" [_thread_blocked, id=7616, stack(0x000000dd5db00000,0x000000dd5dc00000)]
  0x000002368fb87000 JavaThread "Cache worker for journal cache (C:\Users\ELCOT\.gradle\caches\gradle-6.5\caches\journal-1)" [_thread_blocked, id=9432, stack(0x000000dd5dc00000,0x000000dd5dd00000)]
  0x000002368fb86000 JavaThread "File lock request listener" [_thread_in_native, id=7000, stack(0x000000dd5dd00000,0x000000dd5de00000)]
  0x000002368fb81800 JavaThread "Cache worker for file hash cache (C:\Users\ELCOT\.gradle\caches\gradle-6.5\caches\6.1.1\fileHashes)" [_thread_blocked, id=5200, stack(0x000000dd5de00000,0x000000dd5df00000)]
  0x000002368fb83000 JavaThread "Cache worker for checksums cache (D:\AndroidStudioProjects\DoChat\.gradle\checksums)" [_thread_blocked, id=10048, stack(0x000000dd5df00000,0x000000dd5e000000)]
  0x000002368fb88000 JavaThread "Cache worker for file hash cache (D:\AndroidStudioProjects\DoChat\.gradle\6.1.1\fileHashes)" [_thread_blocked, id=4492, stack(0x000000dd5e000000,0x000000dd5e100000)]
  0x000002368fb83800 JavaThread "Cache worker for cache directory md-supplier (C:\Users\ELCOT\.gradle\caches\gradle-6.5\caches\6.1.1\md-supplier)" [_thread_blocked, id=7672, stack(0x000000dd5e100000,0x000000dd5e200000)]
  0x000002368fb84800 JavaThread "Cache worker for cache directory md-rule (C:\Users\ELCOT\.gradle\caches\gradle-6.5\caches\6.1.1\md-rule)" [_thread_blocked, id=724, stack(0x000000dd5e200000,0x000000dd5e300000)]
  0x000002368fb85800 JavaThread "Cache worker for execution history cache (C:\Users\ELCOT\.gradle\caches\gradle-6.5\caches\6.1.1\executionHistory)" [_thread_blocked, id=1756, stack(0x000000dd5e300000,0x000000dd5e400000)]
  0x000002368fd0a000 JavaThread "Build operations" [_thread_blocked, id=6540, stack(0x000000dd5e400000,0x000000dd5e500000)]
  0x000002368fd05000 JavaThread "Build operations Thread 2" [_thread_blocked, id=7224, stack(0x000000dd5e500000,0x000000dd5e600000)]
  0x000002368fd06000 JavaThread "Cache worker for Build Output Cleanup Cache (D:\AndroidStudioProjects\DoChat\.gradle\buildOutputCleanup)" [_thread_blocked, id=4080, stack(0x000000dd5e600000,0x000000dd5e700000)]
  0x000002368fd09000 JavaThread "Memory manager" [_thread_blocked, id=9528, stack(0x000000dd5e700000,0x000000dd5e800000)]
  0x000002368fd04800 JavaThread "Cache worker for file content cache (C:\Users\ELCOT\.gradle\caches\gradle-6.5\caches\6.1.1\fileContent)" [_thread_blocked, id=6712, stack(0x000000dd5e800000,0x000000dd5e900000)]
  0x000002368fd0b800 JavaThread "Cache worker for file content cache (D:\AndroidStudioProjects\DoChat\.gradle\6.1.1\fileContent)" [_thread_blocked, id=4964, stack(0x000000dd5e900000,0x000000dd5ea00000)]
  0x000002368fd07800 JavaThread "Execution worker for ':'" [_thread_blocked, id=7684, stack(0x000000dd5bd00000,0x000000dd5be00000)]
  0x000002368fd06800 JavaThread "Cache worker for execution history cache (D:\AndroidStudioProjects\DoChat\.gradle\6.1.1\executionHistory)" [_thread_blocked, id=7584, stack(0x000000dd5ec00000,0x000000dd5ed00000)]
  0x000002368fd0b000 JavaThread "Cache worker for Java compile cache (C:\Users\ELCOT\.gradle\caches\gradle-6.5\caches\6.1.1\javaCompile)" [_thread_blocked, id=3400, stack(0x000000dd5ed00000,0x000000dd5ee00000)]
  0x000002368fd0c800 JavaThread "Cache worker for Java compile cache (D:\AndroidStudioProjects\DoChat\.gradle\6.1.1\javaCompile)" [_thread_blocked, id=9624, stack(0x000000dd5ee00000,0x000000dd5ef00000)]
  0x000002368fd08800 JavaThread "WorkerExecutor Queue" [_thread_blocked, id=4388, stack(0x000000dd5ef00000,0x000000dd5f000000)]
  0x000002368fd0e000 JavaThread "WorkerExecutor Queue Thread 2" [_thread_blocked, id=760, stack(0x000000dd5f000000,0x000000dd5f100000)]
  0x000002368fd10800 JavaThread "ForkJoinPool-1-worker-3" daemon [_thread_blocked, id=6580, stack(0x000000dd5f100000,0x000000dd5f200000)]
  0x000002368fd0f000 JavaThread "ForkJoinPool-1-worker-1" daemon [_thread_blocked, id=1008, stack(0x000000dd5f200000,0x000000dd5f300000)]

Other Threads:
=>0x00000236f1a2c800 VMThread "VM Thread" [stack: 0x000000dd5c500000,0x000000dd5c600000] [id=9768]
  0x00000236ff032800 WatcherThread [stack: 0x000000dd5cf00000,0x000000dd5d000000] [id=5928]
  0x00000236f198e000 GCTaskThread "GC Thread#0" [stack: 0x000000dd5c000000,0x000000dd5c100000] [id=6744]
  0x00000236ff087000 GCTaskThread "GC Thread#1" [stack: 0x000000dd5d000000,0x000000dd5d100000] [id=6612]
  0x00000236f1997800 ConcurrentGCThread "G1 Main Marker" [stack: 0x000000dd5c100000,0x000000dd5c200000] [id=4644]
  0x00000236f1999800 ConcurrentGCThread "G1 Conc#0" [stack: 0x000000dd5c200000,0x000000dd5c300000] [id=6984]
  0x00000236f19e8000 ConcurrentGCThread "G1 Refine#0" [stack: 0x000000dd5c300000,0x000000dd5c400000] [id=8256]
  0x00000236ffa61800 ConcurrentGCThread "G1 Refine#1" [stack: 0x000000dd5d100000,0x000000dd5d200000] [id=5732]
  0x00000236f19ea800 ConcurrentGCThread "G1 Young RemSet Sampling" [stack: 0x000000dd5c400000,0x000000dd5c500000] [id=4336]

Threads with active compile tasks:
C2 CompilerThread0    57616 11169   !   4       java.net.URLClassLoader::findClass (47 bytes)

VM state:at safepoint (normal execution)

VM Mutex/Monitor currently owned by a thread:  ([mutex/lock_event])
[0x00000236f195aa20] Threads_lock - owner thread: 0x00000236f1a2c800
[0x00000236f195bc20] Heap_lock - owner thread: 0x00000236f1997800

Heap address: 0x00000000c0000000, size: 1024 MB, Compressed Oops mode: 32-bit
Narrow klass base: 0x0000000800000000, Narrow klass shift: 3
Compressed class space size: 1073741824 Address: 0x0000000800b40000

Heap:
 garbage-first heap   total 229376K, used 135392K [0x00000000c0000000, 0x0000000100000000)
  region size 1024K, 11 young (11264K), 3 survivors (3072K)
 Metaspace       used 80943K, capacity 83168K, committed 83248K, reserved 1120256K
  class space    used 10811K, capacity 11585K, committed 11648K, reserved 1048576K
Heap Regions: E=young(eden), S=young(survivor), O=old, HS=humongous(starts), HC=humongous(continues), CS=collection set, F=free, A=archive, TAMS=top-at-mark-start (previous, next)
|   0|0x00000000c0000000, 0x00000000c0100000, 0x00000000c0100000|100%|HS|  |TAMS 0x00000000c0100000, 0x00000000c0000000| Complete 
|   1|0x00000000c0100000, 0x00000000c0200000, 0x00000000c0200000|100%|HC|  |TAMS 0x00000000c0200000, 0x00000000c0100000| Complete 
|   2|0x00000000c0200000, 0x00000000c0300000, 0x00000000c0300000|100%|HC|  |TAMS 0x00000000c0300000, 0x00000000c0200000| Complete 
|   3|0x00000000c0300000, 0x00000000c0400000, 0x00000000c0400000|100%| O|  |TAMS 0x00000000c0400000, 0x00000000c0300000| Updating 
|   4|0x00000000c0400000, 0x00000000c0500000, 0x00000000c0500000|100%| O|  |TAMS 0x00000000c0500000, 0x00000000c0400000| Updating 
|   5|0x00000000c0500000, 0x00000000c0600000, 0x00000000c0600000|100%| O|  |TAMS 0x00000000c0600000, 0x00000000c0500000| Updating 
|   6|0x00000000c0600000, 0x00000000c0700000, 0x00000000c0700000|100%| O|  |TAMS 0x00000000c0700000, 0x00000000c0600000| Updating 
|   7|0x00000000c0700000, 0x00000000c0800000, 0x00000000c0800000|100%| O|  |TAMS 0x00000000c0800000, 0x00000000c0700000| Updating 
|   8|0x00000000c0800000, 0x00000000c0900000, 0x00000000c0900000|100%| O|  |TAMS 0x00000000c0900000, 0x00000000c0800000| Updating 
|   9|0x00000000c0900000, 0x00000000c0a00000, 0x00000000c0a00000|100%| O|  |TAMS 0x00000000c0a00000, 0x00000000c0900000| Updating 
|  10|0x00000000c0a00000, 0x00000000c0b00000, 0x00000000c0b00000|100%| O|  |TAMS 0x00000000c0b00000, 0x00000000c0a00000| Updating 
|  11|0x00000000c0b00000, 0x00000000c0c00000, 0x00000000c0c00000|100%| O|  |TAMS 0x00000000c0c00000, 0x00000000c0b00000| Updating 
|  12|0x00000000c0c00000, 0x00000000c0d00000, 0x00000000c0d00000|100%| O|  |TAMS 0x00000000c0d00000, 0x00000000c0c00000| Updating 
|  13|0x00000000c0d00000, 0x00000000c0e00000, 0x00000000c0e00000|100%| O|  |TAMS 0x00000000c0e00000, 0x00000000c0d00000| Updating 
|  14|0x00000000c0e00000, 0x00000000c0f00000, 0x00000000c0f00000|100%| O|  |TAMS 0x00000000c0f00000, 0x00000000c0e00000| Updating 
|  15|0x00000000c0f00000, 0x00000000c1000000, 0x00000000c1000000|100%| O|  |TAMS 0x00000000c1000000, 0x00000000c0f00000| Updating 
|  16|0x00000000c1000000, 0x00000000c1100000, 0x00000000c1100000|100%|HS|  |TAMS 0x00000000c1100000, 0x00000000c1000000| Complete 
|  17|0x00000000c1100000, 0x00000000c1200000, 0x00000000c1200000|100%|HC|  |TAMS 0x00000000c1200000, 0x00000000c1100000| Complete 
|  18|0x00000000c1200000, 0x00000000c1300000, 0x00000000c1300000|100%|HS|  |TAMS 0x00000000c1300000, 0x00000000c1200000| Complete 
|  19|0x00000000c1300000, 0x00000000c1400000, 0x00000000c1400000|100%|HC|  |TAMS 0x00000000c1400000, 0x00000000c1300000| Complete 
|  20|0x00000000c1400000, 0x00000000c1500000, 0x00000000c1500000|100%|HC|  |TAMS 0x00000000c1500000, 0x00000000c1400000| Complete 
|  21|0x00000000c1500000, 0x00000000c1600000, 0x00000000c1600000|100%|HS|  |TAMS 0x00000000c1600000, 0x00000000c1500000| Complete 
|  22|0x00000000c1600000, 0x00000000c1700000, 0x00000000c1700000|100%|HC|  |TAMS 0x00000000c1700000, 0x00000000c1600000| Complete 
|  23|0x00000000c1700000, 0x00000000c1800000, 0x00000000c1800000|100%|HC|  |TAMS 0x00000000c1800000, 0x00000000c1700000| Complete 
|  24|0x00000000c1800000, 0x00000000c1900000, 0x00000000c1900000|100%|HC|  |TAMS 0x00000000c1900000, 0x00000000c1800000| Complete 
|  25|0x00000000c1900000, 0x00000000c1a00000, 0x00000000c1a00000|100%| O|  |TAMS 0x00000000c1a00000, 0x00000000c1900000| Updating 
|  26|0x00000000c1a00000, 0x00000000c1b00000, 0x00000000c1b00000|100%| O|  |TAMS 0x00000000c1b00000, 0x00000000c1a00000| Updating 
|  27|0x00000000c1b00000, 0x00000000c1c00000, 0x00000000c1c00000|100%| O|  |TAMS 0x00000000c1c00000, 0x00000000c1b00000| Updating 
|  28|0x00000000c1c00000, 0x00000000c1d00000, 0x00000000c1d00000|100%| O|  |TAMS 0x00000000c1d00000, 0x00000000c1c00000| Updating 
|  29|0x00000000c1d00000, 0x00000000c1e00000, 0x00000000c1e00000|100%| O|  |TAMS 0x00000000c1e00000, 0x00000000c1d00000| Updating 
|  30|0x00000000c1e00000, 0x00000000c1f00000, 0x00000000c1f00000|100%| O|  |TAMS 0x00000000c1f00000, 0x00000000c1e00000| Updating 
|  31|0x00000000c1f00000, 0x00000000c2000000, 0x00000000c2000000|100%| O|  |TAMS 0x00000000c2000000, 0x00000000c1f00000| Updating 
|  32|0x00000000c2000000, 0x00000000c2100000, 0x00000000c2100000|100%| O|  |TAMS 0x00000000c2100000, 0x00000000c2000000| Updating 
|  33|0x00000000c2100000, 0x00000000c2200000, 0x00000000c2200000|100%| O|  |TAMS 0x00000000c2200000, 0x00000000c2100000| Updating 
|  34|0x00000000c2200000, 0x00000000c2300000, 0x00000000c2300000|100%| O|  |TAMS 0x00000000c2300000, 0x00000000c2200000| Updating 
|  35|0x00000000c2300000, 0x00000000c2400000, 0x00000000c2400000|100%|HS|  |TAMS 0x00000000c2400000, 0x00000000c2300000| Complete 
|  36|0x00000000c2400000, 0x00000000c2500000, 0x00000000c2500000|100%|HC|  |TAMS 0x00000000c2500000, 0x00000000c2400000| Complete 
|  37|0x00000000c2500000, 0x00000000c2600000, 0x00000000c2600000|100%|HC|  |TAMS 0x00000000c2600000, 0x00000000c2500000| Complete 
|  38|0x00000000c2600000, 0x00000000c2700000, 0x00000000c2700000|100%| O|  |TAMS 0x00000000c2700000, 0x00000000c2600000| Updating 
|  39|0x00000000c2700000, 0x00000000c2800000, 0x00000000c2800000|100%| O|  |TAMS 0x00000000c2800000, 0x00000000c2700000| Updating 
|  40|0x00000000c2800000, 0x00000000c2900000, 0x00000000c2900000|100%| O|  |TAMS 0x00000000c2900000, 0x00000000c2800000| Updating 
|  41|0x00000000c2900000, 0x00000000c2a00000, 0x00000000c2a00000|100%|HS|  |TAMS 0x00000000c2a00000, 0x00000000c2900000| Complete 
|  42|0x00000000c2a00000, 0x00000000c2b00000, 0x00000000c2b00000|100%|HC|  |TAMS 0x00000000c2b00000, 0x00000000c2a00000| Complete 
|  43|0x00000000c2b00000, 0x00000000c2c00000, 0x00000000c2c00000|100%| O|  |TAMS 0x00000000c2c00000, 0x00000000c2b00000| Updating 
|  44|0x00000000c2c00000, 0x00000000c2d00000, 0x00000000c2d00000|100%| O|  |TAMS 0x00000000c2d00000, 0x00000000c2c00000| Updating 
|  45|0x00000000c2d00000, 0x00000000c2e00000, 0x00000000c2e00000|100%| O|  |TAMS 0x00000000c2e00000, 0x00000000c2d00000| Updating 
|  46|0x00000000c2e00000, 0x00000000c2f00000, 0x00000000c2f00000|100%| O|  |TAMS 0x00000000c2f00000, 0x00000000c2e00000| Updating 
|  47|0x00000000c2f00000, 0x00000000c3000000, 0x00000000c3000000|100%| O|  |TAMS 0x00000000c3000000, 0x00000000c2f00000| Updating 
|  48|0x00000000c3000000, 0x00000000c3100000, 0x00000000c3100000|100%| O|  |TAMS 0x00000000c3100000, 0x00000000c3000000| Updating 
|  49|0x00000000c3100000, 0x00000000c3200000, 0x00000000c3200000|100%| O|  |TAMS 0x00000000c3200000, 0x00000000c3100000| Updating 
|  50|0x00000000c3200000, 0x00000000c3300000, 0x00000000c3300000|100%| O|  |TAMS 0x00000000c3300000, 0x00000000c3200000| Updating 
|  51|0x00000000c3300000, 0x00000000c3400000, 0x00000000c3400000|100%| O|  |TAMS 0x00000000c3400000, 0x00000000c3300000| Updating 
|  52|0x00000000c3400000, 0x00000000c3500000, 0x00000000c3500000|100%| O|  |TAMS 0x00000000c3500000, 0x00000000c3400000| Updating 
|  53|0x00000000c3500000, 0x00000000c3600000, 0x00000000c3600000|100%| O|  |TAMS 0x00000000c3600000, 0x00000000c3500000| Updating 
|  54|0x00000000c3600000, 0x00000000c3700000, 0x00000000c3700000|100%| O|  |TAMS 0x00000000c3700000, 0x00000000c3600000| Updating 
|  55|0x00000000c3700000, 0x00000000c3800000, 0x00000000c3800000|100%| O|  |TAMS 0x00000000c3800000, 0x00000000c3700000| Updating 
|  56|0x00000000c3800000, 0x00000000c3900000, 0x00000000c3900000|100%| O|  |TAMS 0x00000000c3900000, 0x00000000c3800000| Updating 
|  57|0x00000000c3900000, 0x00000000c3a00000, 0x00000000c3a00000|100%| O|  |TAMS 0x00000000c3a00000, 0x00000000c3900000| Updating 
|  58|0x00000000c3a00000, 0x00000000c3b00000, 0x00000000c3b00000|100%| O|  |TAMS 0x00000000c3b00000, 0x00000000c3a00000| Updating 
|  59|0x00000000c3b00000, 0x00000000c3c00000, 0x00000000c3c00000|100%| O|  |TAMS 0x00000000c3c00000, 0x00000000c3b00000| Updating 
|  60|0x00000000c3c00000, 0x00000000c3d00000, 0x00000000c3d00000|100%| O|  |TAMS 0x00000000c3d00000, 0x00000000c3c00000| Updating 
|  61|0x00000000c3d00000, 0x00000000c3e00000, 0x00000000c3e00000|100%| O|  |TAMS 0x00000000c3e00000, 0x00000000c3d00000| Updating 
|  62|0x00000000c3e00000, 0x00000000c3f00000, 0x00000000c3f00000|100%| O|  |TAMS 0x00000000c3f00000, 0x00000000c3e00000| Updating 
|  63|0x00000000c3f00000, 0x00000000c4000000, 0x00000000c4000000|100%| O|  |TAMS 0x00000000c4000000, 0x00000000c3f00000| Updating 
|  64|0x00000000c4000000, 0x00000000c4100000, 0x00000000c4100000|100%|HS|  |TAMS 0x00000000c4100000, 0x00000000c4000000| Complete 
|  65|0x00000000c4100000, 0x00000000c4200000, 0x00000000c4200000|100%| O|  |TAMS 0x00000000c4200000, 0x00000000c4100000| Updating 
|  66|0x00000000c4200000, 0x00000000c4300000, 0x00000000c4300000|100%| O|  |TAMS 0x00000000c4300000, 0x00000000c4200000| Updating 
|  67|0x00000000c4300000, 0x00000000c4400000, 0x00000000c4400000|100%| O|  |TAMS 0x00000000c4400000, 0x00000000c4300000| Updating 
|  68|0x00000000c4400000, 0x00000000c4500000, 0x00000000c4500000|100%| O|  |TAMS 0x00000000c4500000, 0x00000000c4400000| Updating 
|  69|0x00000000c4500000, 0x00000000c4600000, 0x00000000c4600000|100%| O|  |TAMS 0x00000000c4600000, 0x00000000c4500000| Updating 
|  70|0x00000000c4600000, 0x00000000c4700000, 0x00000000c4700000|100%| O|  |TAMS 0x00000000c4700000, 0x00000000c4600000| Updating 
|  71|0x00000000c4700000, 0x00000000c4800000, 0x00000000c4800000|100%| O|  |TAMS 0x00000000c4800000, 0x00000000c4700000| Updating 
|  72|0x00000000c4800000, 0x00000000c4900000, 0x00000000c4900000|100%| O|  |TAMS 0x00000000c4900000, 0x00000000c4800000| Updating 
|  73|0x00000000c4900000, 0x00000000c4a00000, 0x00000000c4a00000|100%| O|  |TAMS 0x00000000c4a00000, 0x00000000c4900000| Updating 
|  74|0x00000000c4a00000, 0x00000000c4b00000, 0x00000000c4b00000|100%| O|  |TAMS 0x00000000c4ae5800, 0x00000000c4a00000| Updating 
|  75|0x00000000c4b00000, 0x00000000c4c00000, 0x00000000c4c00000|100%| O|  |TAMS 0x00000000c4c00000, 0x00000000c4b00000| Updating 
|  76|0x00000000c4c00000, 0x00000000c4d00000, 0x00000000c4d00000|100%| O|  |TAMS 0x00000000c4d00000, 0x00000000c4c00000| Updating 
|  77|0x00000000c4d00000, 0x00000000c4e00000, 0x00000000c4e00000|100%|HS|  |TAMS 0x00000000c4d00000, 0x00000000c4d00000| Complete 
|  78|0x00000000c4e00000, 0x00000000c4f00000, 0x00000000c4f00000|100%| O|  |TAMS 0x00000000c4f00000, 0x00000000c4e00000| Updating 
|  79|0x00000000c4f00000, 0x00000000c4f00000, 0x00000000c5000000|  0%| F|  |TAMS 0x00000000c4f00000, 0x00000000c4f00000| Untracked 
|  80|0x00000000c5000000, 0x00000000c5100000, 0x00000000c5100000|100%| O|  |TAMS 0x00000000c5000000, 0x00000000c5000000| Untracked 
|  81|0x00000000c5100000, 0x00000000c5200000, 0x00000000c5200000|100%| O|  |TAMS 0x00000000c5100000, 0x00000000c5100000| Untracked 
|  82|0x00000000c5200000, 0x00000000c5300000, 0x00000000c5300000|100%| O|  |TAMS 0x00000000c5300000, 0x00000000c5200000| Updating 
|  83|0x00000000c5300000, 0x00000000c5400000, 0x00000000c5400000|100%| O|  |TAMS 0x00000000c5400000, 0x00000000c5300000| Updating 
|  84|0x00000000c5400000, 0x00000000c5500000, 0x00000000c5500000|100%| O|  |TAMS 0x00000000c5400000, 0x00000000c5400000| Untracked 
|  85|0x00000000c5500000, 0x00000000c5600000, 0x00000000c5600000|100%| O|  |TAMS 0x00000000c5500000, 0x00000000c5500000| Untracked 
|  86|0x00000000c5600000, 0x00000000c5700000, 0x00000000c5700000|100%| O|  |TAMS 0x00000000c5600000, 0x00000000c5600000| Untracked 
|  87|0x00000000c5700000, 0x00000000c5800000, 0x00000000c5800000|100%| O|  |TAMS 0x00000000c5800000, 0x00000000c5700000| Updating 
|  88|0x00000000c5800000, 0x00000000c5900000, 0x00000000c5900000|100%| O|  |TAMS 0x00000000c5800000, 0x00000000c5800000| Untracked 
|  89|0x00000000c5900000, 0x00000000c5a00000, 0x00000000c5a00000|100%| O|  |TAMS 0x00000000c5900000, 0x00000000c5900000| Untracked 
|  90|0x00000000c5a00000, 0x00000000c5b00000, 0x00000000c5b00000|100%| O|  |TAMS 0x00000000c5a00000, 0x00000000c5a00000| Untracked 
|  91|0x00000000c5b00000, 0x00000000c5b38200, 0x00000000c5c00000| 21%| O|  |TAMS 0x00000000c5b00000, 0x00000000c5b00000| Updating 
|  92|0x00000000c5c00000, 0x00000000c5c00000, 0x00000000c5d00000|  0%| F|  |TAMS 0x00000000c5c00000, 0x00000000c5c00000| Untracked 
|  93|0x00000000c5d00000, 0x00000000c5e00000, 0x00000000c5e00000|100%| O|  |TAMS 0x00000000c5e00000, 0x00000000c5d00000| Updating 
|  94|0x00000000c5e00000, 0x00000000c5f00000, 0x00000000c5f00000|100%|HS|  |TAMS 0x00000000c5f00000, 0x00000000c5e00000| Complete 
|  95|0x00000000c5f00000, 0x00000000c6000000, 0x00000000c6000000|100%|HC|  |TAMS 0x00000000c6000000, 0x00000000c5f00000| Complete 
|  96|0x00000000c6000000, 0x00000000c6100000, 0x00000000c6100000|100%|HC|  |TAMS 0x00000000c6100000, 0x00000000c6000000| Complete 
|  97|0x00000000c6100000, 0x00000000c6200000, 0x00000000c6200000|100%|HC|  |TAMS 0x00000000c6200000, 0x00000000c6100000| Complete 
|  98|0x00000000c6200000, 0x00000000c6300000, 0x00000000c6300000|100%|HC|  |TAMS 0x00000000c6300000, 0x00000000c6200000| Complete 
|  99|0x00000000c6300000, 0x00000000c6400000, 0x00000000c6400000|100%|HC|  |TAMS 0x00000000c6400000, 0x00000000c6300000| Complete 
| 100|0x00000000c6400000, 0x00000000c6500000, 0x00000000c6500000|100%|HC|  |TAMS 0x00000000c6500000, 0x00000000c6400000| Complete 
| 101|0x00000000c6500000, 0x00000000c6600000, 0x00000000c6600000|100%|HC|  |TAMS 0x00000000c6600000, 0x00000000c6500000| Complete 
| 102|0x00000000c6600000, 0x00000000c6700000, 0x00000000c6700000|100%|HC|  |TAMS 0x00000000c6700000, 0x00000000c6600000| Complete 
| 103|0x00000000c6700000, 0x00000000c6700000, 0x00000000c6800000|  0%| F|  |TAMS 0x00000000c6700000, 0x00000000c6700000| Untracked 
| 104|0x00000000c6800000, 0x00000000c6800000, 0x00000000c6900000|  0%| F|  |TAMS 0x00000000c6800000, 0x00000000c6800000| Untracked 
| 105|0x00000000c6900000, 0x00000000c6900000, 0x00000000c6a00000|  0%| F|  |TAMS 0x00000000c6900000, 0x00000000c6900000| Untracked 
| 106|0x00000000c6a00000, 0x00000000c6a00000, 0x00000000c6b00000|  0%| F|  |TAMS 0x00000000c6a00000, 0x00000000c6a00000| Untracked 
| 107|0x00000000c6b00000, 0x00000000c6b00000, 0x00000000c6c00000|  0%| F|  |TAMS 0x00000000c6b00000, 0x00000000c6b00000| Untracked 
| 108|0x00000000c6c00000, 0x00000000c6c00000, 0x00000000c6d00000|  0%| F|  |TAMS 0x00000000c6c00000, 0x00000000c6c00000| Untracked 
| 109|0x00000000c6d00000, 0x00000000c6d00000, 0x00000000c6e00000|  0%| F|  |TAMS 0x00000000c6d00000, 0x00000000c6d00000| Untracked 
| 110|0x00000000c6e00000, 0x00000000c6e00000, 0x00000000c6f00000|  0%| F|  |TAMS 0x00000000c6e00000, 0x00000000c6e00000| Untracked 
| 111|0x00000000c6f00000, 0x00000000c6f00000, 0x00000000c7000000|  0%| F|  |TAMS 0x00000000c6f00000, 0x00000000c6f00000| Untracked 
| 112|0x00000000c7000000, 0x00000000c7100000, 0x00000000c7100000|100%|HS|  |TAMS 0x00000000c7100000, 0x00000000c7000000| Complete 
| 113|0x00000000c7100000, 0x00000000c7200000, 0x00000000c7200000|100%|HC|  |TAMS 0x00000000c7200000, 0x00000000c7100000| Complete 
| 114|0x00000000c7200000, 0x00000000c7300000, 0x00000000c7300000|100%|HC|  |TAMS 0x00000000c7300000, 0x00000000c7200000| Complete 
| 115|0x00000000c7300000, 0x00000000c7400000, 0x00000000c7400000|100%|HC|  |TAMS 0x00000000c7400000, 0x00000000c7300000| Complete 
| 116|0x00000000c7400000, 0x00000000c7500000, 0x00000000c7500000|100%|HC|  |TAMS 0x00000000c7500000, 0x00000000c7400000| Complete 
| 117|0x00000000c7500000, 0x00000000c7600000, 0x00000000c7600000|100%|HC|  |TAMS 0x00000000c7600000, 0x00000000c7500000| Complete 
| 118|0x00000000c7600000, 0x00000000c7700000, 0x00000000c7700000|100%|HC|  |TAMS 0x00000000c7700000, 0x00000000c7600000| Complete 
| 119|0x00000000c7700000, 0x00000000c7800000, 0x00000000c7800000|100%|HC|  |TAMS 0x00000000c7800000, 0x00000000c7700000| Complete 
| 120|0x00000000c7800000, 0x00000000c7900000, 0x00000000c7900000|100%|HC|  |TAMS 0x00000000c7900000, 0x00000000c7800000| Complete 
| 121|0x00000000c7900000, 0x00000000c7a00000, 0x00000000c7a00000|100%| O|  |TAMS 0x00000000c7a00000, 0x00000000c7900000| Updating 
| 122|0x00000000c7a00000, 0x00000000c7b00000, 0x00000000c7b00000|100%| O|  |TAMS 0x00000000c7b00000, 0x00000000c7a00000| Updating 
| 123|0x00000000c7b00000, 0x00000000c7c00000, 0x00000000c7c00000|100%| O|  |TAMS 0x00000000c7c00000, 0x00000000c7b00000| Updating 
| 124|0x00000000c7c00000, 0x00000000c7d00000, 0x00000000c7d00000|100%| O|  |TAMS 0x00000000c7d00000, 0x00000000c7c00000| Updating 
| 125|0x00000000c7d00000, 0x00000000c7e00000, 0x00000000c7e00000|100%| O|  |TAMS 0x00000000c7e00000, 0x00000000c7d00000| Updating 
| 126|0x00000000c7e00000, 0x00000000c7e00000, 0x00000000c7f00000|  0%| F|  |TAMS 0x00000000c7e00000, 0x00000000c7e00000| Untracked 
| 127|0x00000000c7f00000, 0x00000000c7f00000, 0x00000000c8000000|  0%| F|  |TAMS 0x00000000c7f00000, 0x00000000c7f00000| Untracked 
| 128|0x00000000c8000000, 0x00000000c8000000, 0x00000000c8100000|  0%| F|  |TAMS 0x00000000c8000000, 0x00000000c8000000| Untracked 
| 129|0x00000000c8100000, 0x00000000c8100000, 0x00000000c8200000|  0%| F|  |TAMS 0x00000000c8100000, 0x00000000c8100000| Untracked 
| 130|0x00000000c8200000, 0x00000000c8300000, 0x00000000c8300000|100%| O|  |TAMS 0x00000000c8300000, 0x00000000c8200000| Updating 
| 131|0x00000000c8300000, 0x00000000c8400000, 0x00000000c8400000|100%| O|  |TAMS 0x00000000c8400000, 0x00000000c8300000| Updating 
| 132|0x00000000c8400000, 0x00000000c8500000, 0x00000000c8500000|100%| O|  |TAMS 0x00000000c8500000, 0x00000000c8400000| Updating 
| 133|0x00000000c8500000, 0x00000000c8600000, 0x00000000c8600000|100%| O|  |TAMS 0x00000000c8600000, 0x00000000c8500000| Updating 
| 134|0x00000000c8600000, 0x00000000c8700000, 0x00000000c8700000|100%| O|  |TAMS 0x00000000c8700000, 0x00000000c8600000| Updating 
| 135|0x00000000c8700000, 0x00000000c8800000, 0x00000000c8800000|100%| O|  |TAMS 0x00000000c8800000, 0x00000000c8700000| Updating 
| 136|0x00000000c8800000, 0x00000000c8900000, 0x00000000c8900000|100%| O|  |TAMS 0x00000000c8900000, 0x00000000c8800000| Updating 
| 137|0x00000000c8900000, 0x00000000c8a00000, 0x00000000c8a00000|100%| O|  |TAMS 0x00000000c8a00000, 0x00000000c8900000| Updating 
| 138|0x00000000c8a00000, 0x00000000c8a00000, 0x00000000c8b00000|  0%| F|  |TAMS 0x00000000c8a00000, 0x00000000c8a00000| Untracked 
| 139|0x00000000c8b00000, 0x00000000c8b00000, 0x00000000c8c00000|  0%| F|  |TAMS 0x00000000c8b00000, 0x00000000c8b00000| Untracked 
| 140|0x00000000c8c00000, 0x00000000c8c00000, 0x00000000c8d00000|  0%| F|  |TAMS 0x00000000c8c00000, 0x00000000c8c00000| Untracked 
| 141|0x00000000c8d00000, 0x00000000c8d00000, 0x00000000c8e00000|  0%| F|  |TAMS 0x00000000c8d00000, 0x00000000c8d00000| Untracked 
| 142|0x00000000c8e00000, 0x00000000c8e00000, 0x00000000c8f00000|  0%| F|  |TAMS 0x00000000c8e00000, 0x00000000c8e00000| Untracked 
| 143|0x00000000c8f00000, 0x00000000c8f00000, 0x00000000c9000000|  0%| F|  |TAMS 0x00000000c8f00000, 0x00000000c8f00000| Untracked 
| 144|0x00000000c9000000, 0x00000000c9000000, 0x00000000c9100000|  0%| F|  |TAMS 0x00000000c9000000, 0x00000000c9000000| Untracked 
| 145|0x00000000c9100000, 0x00000000c9100000, 0x00000000c9200000|  0%| F|  |TAMS 0x00000000c9100000, 0x00000000c9100000| Untracked 
| 146|0x00000000c9200000, 0x00000000c9200000, 0x00000000c9300000|  0%| F|  |TAMS 0x00000000c9200000, 0x00000000c9200000| Untracked 
| 147|0x00000000c9300000, 0x00000000c9300000, 0x00000000c9400000|  0%| F|  |TAMS 0x00000000c9300000, 0x00000000c9300000| Untracked 
| 148|0x00000000c9400000, 0x00000000c9400000, 0x00000000c9500000|  0%| F|  |TAMS 0x00000000c9400000, 0x00000000c9400000| Untracked 
| 149|0x00000000c9500000, 0x00000000c9500000, 0x00000000c9600000|  0%| F|  |TAMS 0x00000000c9500000, 0x00000000c9500000| Untracked 
| 150|0x00000000c9600000, 0x00000000c9600000, 0x00000000c9700000|  0%| F|  |TAMS 0x00000000c9600000, 0x00000000c9600000| Untracked 
| 151|0x00000000c9700000, 0x00000000c9700000, 0x00000000c9800000|  0%| F|  |TAMS 0x00000000c9700000, 0x00000000c9700000| Untracked 
| 152|0x00000000c9800000, 0x00000000c9800000, 0x00000000c9900000|  0%| F|  |TAMS 0x00000000c9800000, 0x00000000c9800000| Untracked 
| 153|0x00000000c9900000, 0x00000000c9900000, 0x00000000c9a00000|  0%| F|  |TAMS 0x00000000c9900000, 0x00000000c9900000| Untracked 
| 154|0x00000000c9a00000, 0x00000000c9a00000, 0x00000000c9b00000|  0%| F|  |TAMS 0x00000000c9a00000, 0x00000000c9a00000| Untracked 
| 155|0x00000000c9b00000, 0x00000000c9b00000, 0x00000000c9c00000|  0%| F|  |TAMS 0x00000000c9b00000, 0x00000000c9b00000| Untracked 
| 156|0x00000000c9c00000, 0x00000000c9c00000, 0x00000000c9d00000|  0%| F|  |TAMS 0x00000000c9c00000, 0x00000000c9c00000| Untracked 
| 157|0x00000000c9d00000, 0x00000000c9d00000, 0x00000000c9e00000|  0%| F|  |TAMS 0x00000000c9d00000, 0x00000000c9d00000| Untracked 
| 158|0x00000000c9e00000, 0x00000000c9e00000, 0x00000000c9f00000|  0%| F|  |TAMS 0x00000000c9e00000, 0x00000000c9e00000| Untracked 
| 159|0x00000000c9f00000, 0x00000000c9f00000, 0x00000000ca000000|  0%| F|  |TAMS 0x00000000c9f00000, 0x00000000c9f00000| Untracked 
| 160|0x00000000ca000000, 0x00000000ca000000, 0x00000000ca100000|  0%| F|  |TAMS 0x00000000ca000000, 0x00000000ca000000| Untracked 
| 161|0x00000000ca100000, 0x00000000ca100000, 0x00000000ca200000|  0%| F|  |TAMS 0x00000000ca100000, 0x00000000ca100000| Untracked 
| 162|0x00000000ca200000, 0x00000000ca200000, 0x00000000ca300000|  0%| F|  |TAMS 0x00000000ca200000, 0x00000000ca200000| Untracked 
| 163|0x00000000ca300000, 0x00000000ca300000, 0x00000000ca400000|  0%| F|  |TAMS 0x00000000ca300000, 0x00000000ca300000| Untracked 
| 164|0x00000000ca400000, 0x00000000ca400000, 0x00000000ca500000|  0%| F|  |TAMS 0x00000000ca400000, 0x00000000ca400000| Untracked 
| 165|0x00000000ca500000, 0x00000000ca500000, 0x00000000ca600000|  0%| F|  |TAMS 0x00000000ca500000, 0x00000000ca500000| Untracked 
| 166|0x00000000ca600000, 0x00000000ca600000, 0x00000000ca700000|  0%| F|  |TAMS 0x00000000ca600000, 0x00000000ca600000| Untracked 
| 167|0x00000000ca700000, 0x00000000ca700000, 0x00000000ca800000|  0%| F|  |TAMS 0x00000000ca700000, 0x00000000ca700000| Untracked 
| 168|0x00000000ca800000, 0x00000000ca800000, 0x00000000ca900000|  0%| F|  |TAMS 0x00000000ca800000, 0x00000000ca800000| Untracked 
| 169|0x00000000ca900000, 0x00000000ca900000, 0x00000000caa00000|  0%| F|  |TAMS 0x00000000ca900000, 0x00000000ca900000| Untracked 
| 170|0x00000000caa00000, 0x00000000caa00000, 0x00000000cab00000|  0%| F|  |TAMS 0x00000000caa00000, 0x00000000caa00000| Untracked 
| 171|0x00000000cab00000, 0x00000000cab00000, 0x00000000cac00000|  0%| F|  |TAMS 0x00000000cab00000, 0x00000000cab00000| Untracked 
| 172|0x00000000cac00000, 0x00000000cad00000, 0x00000000cad00000|100%| S|CS|TAMS 0x00000000cac00000, 0x00000000cac00000| Complete 
| 173|0x00000000cad00000, 0x00000000cae00000, 0x00000000cae00000|100%| S|CS|TAMS 0x00000000cad00000, 0x00000000cad00000| Complete 
| 174|0x00000000cae00000, 0x00000000caf00000, 0x00000000caf00000|100%| S|CS|TAMS 0x00000000cae00000, 0x00000000cae00000| Complete 
| 175|0x00000000caf00000, 0x00000000caf00000, 0x00000000cb000000|  0%| F|  |TAMS 0x00000000caf00000, 0x00000000caf00000| Untracked 
| 176|0x00000000cb000000, 0x00000000cb000000, 0x00000000cb100000|  0%| F|  |TAMS 0x00000000cb000000, 0x00000000cb000000| Untracked 
| 177|0x00000000cb100000, 0x00000000cb100000, 0x00000000cb200000|  0%| F|  |TAMS 0x00000000cb100000, 0x00000000cb100000| Untracked 
| 178|0x00000000cb200000, 0x00000000cb200000, 0x00000000cb300000|  0%| F|  |TAMS 0x00000000cb200000, 0x00000000cb200000| Untracked 
| 179|0x00000000cb300000, 0x00000000cb300000, 0x00000000cb400000|  0%| F|  |TAMS 0x00000000cb300000, 0x00000000cb300000| Untracked 
| 180|0x00000000cb400000, 0x00000000cb400000, 0x00000000cb500000|  0%| F|  |TAMS 0x00000000cb400000, 0x00000000cb400000| Untracked 
| 181|0x00000000cb500000, 0x00000000cb500000, 0x00000000cb600000|  0%| F|  |TAMS 0x00000000cb500000, 0x00000000cb500000| Untracked 
| 182|0x00000000cb600000, 0x00000000cb600000, 0x00000000cb700000|  0%| F|  |TAMS 0x00000000cb600000, 0x00000000cb600000| Untracked 
| 183|0x00000000cb700000, 0x00000000cb700000, 0x00000000cb800000|  0%| F|  |TAMS 0x00000000cb700000, 0x00000000cb700000| Untracked 
| 184|0x00000000cb800000, 0x00000000cb800000, 0x00000000cb900000|  0%| F|  |TAMS 0x00000000cb800000, 0x00000000cb800000| Untracked 
| 185|0x00000000cb900000, 0x00000000cb900000, 0x00000000cba00000|  0%| F|  |TAMS 0x00000000cb900000, 0x00000000cb900000| Untracked 
| 186|0x00000000cba00000, 0x00000000cba00000, 0x00000000cbb00000|  0%| F|  |TAMS 0x00000000cba00000, 0x00000000cba00000| Untracked 
| 187|0x00000000cbb00000, 0x00000000cbb00000, 0x00000000cbc00000|  0%| F|  |TAMS 0x00000000cbb00000, 0x00000000cbb00000| Untracked 
| 188|0x00000000cbc00000, 0x00000000cbc00000, 0x00000000cbd00000|  0%| F|  |TAMS 0x00000000cbc00000, 0x00000000cbc00000| Untracked 
| 189|0x00000000cbd00000, 0x00000000cbd36fb8, 0x00000000cbe00000| 21%| E|  |TAMS 0x00000000cbd00000, 0x00000000cbd00000| Complete 
| 190|0x00000000cbe00000, 0x00000000cbf00000, 0x00000000cbf00000|100%| E|CS|TAMS 0x00000000cbe00000, 0x00000000cbe00000| Complete 
| 191|0x00000000cbf00000, 0x00000000cc000000, 0x00000000cc000000|100%| E|CS|TAMS 0x00000000cbf00000, 0x00000000cbf00000| Complete 
| 192|0x00000000cc000000, 0x00000000cc100000, 0x00000000cc100000|100%| E|CS|TAMS 0x00000000cc000000, 0x00000000cc000000| Complete 
| 193|0x00000000cc100000, 0x00000000cc200000, 0x00000000cc200000|100%| E|CS|TAMS 0x00000000cc100000, 0x00000000cc100000| Complete 
| 194|0x00000000cc200000, 0x00000000cc300000, 0x00000000cc300000|100%| E|CS|TAMS 0x00000000cc200000, 0x00000000cc200000| Complete 
| 195|0x00000000cc300000, 0x00000000cc400000, 0x00000000cc400000|100%| E|CS|TAMS 0x00000000cc300000, 0x00000000cc300000| Complete 
| 196|0x00000000cc400000, 0x00000000cc500000, 0x00000000cc500000|100%| E|CS|TAMS 0x00000000cc400000, 0x00000000cc400000| Complete 

Card table byte_map: [0x00000236f9e60000,0x00000236fa060000] _byte_map_base: 0x00000236f9860000

Marking Bits (Prev, Next): (CMBitMap*) 0x00000236f198eb58, (CMBitMap*) 0x00000236f198eb98
 Prev Bits: [0x00000236fa260000, 0x00000236fb260000)
 Next Bits: [0x00000236fb260000, 0x00000236fc260000)

Polling page: 0x00000236ef7c0000

Metaspace:

Usage:
  Non-class:     69.91 MB capacity,    68.49 MB ( 98%) used,     1.19 MB (  2%) free+waste,   231.94 KB ( <1%) overhead. 
      Class:     11.31 MB capacity,    10.56 MB ( 93%) used,   666.45 KB (  6%) free+waste,   106.81 KB ( <1%) overhead. 
       Both:     81.22 MB capacity,    79.05 MB ( 97%) used,     1.84 MB (  2%) free+waste,   338.75 KB ( <1%) overhead. 

Virtual space:
  Non-class space:       70.00 MB reserved,      69.92 MB (>99%) committed 
      Class space:        1.00 GB reserved,      11.38 MB (  1%) committed 
             Both:        1.07 GB reserved,      81.30 MB (  7%) committed 

Chunk freelists:
   Non-Class:  17.00 KB
       Class:  0 bytes
        Both:  17.00 KB

MaxMetaspaceSize: 17179869184.00 GB
CompressedClassSpaceSize: 1.00 GB

CodeHeap 'non-profiled nmethods': size=120064Kb used=5209Kb max_used=5209Kb free=114854Kb
 bounds [0x0000023687ac0000, 0x0000023687fe0000, 0x000002368f000000]
CodeHeap 'profiled nmethods': size=120000Kb used=20825Kb max_used=20825Kb free=99174Kb
 bounds [0x0000023680590000, 0x00000236819f0000, 0x0000023687ac0000]
CodeHeap 'non-nmethods': size=5696Kb used=2417Kb max_used=2448Kb free=3278Kb
 bounds [0x0000023680000000, 0x0000023680270000, 0x0000023680590000]
 total_blobs=14954 nmethods=9701 adapters=813
 compilation: enabled
              stopped_count=0, restarted_count=0
 full_count=0

Compilation events (20 events):
Event: 57.021 Thread 0x00000236fe5ef000 11157   !   3       java.util.concurrent.ConcurrentHashMap::putVal (432 bytes)
Event: 57.024 Thread 0x00000236fe5ef000 nmethod 11157 0x00000236819e9c10 code [0x00000236819e9f80, 0x00000236819ec240]
Event: 57.038 Thread 0x00000236fe5e9000 nmethod 11153 0x0000023687fcfe90 code [0x0000023687fd0020, 0x0000023687fd0698]
Event: 57.038 Thread 0x00000236fe5e9000 11158   !   4       java.util.concurrent.ConcurrentHashMap::putVal (432 bytes)
Event: 57.105 Thread 0x00000236fe5e9000 nmethod 11158 0x0000023687fd0a90 code [0x0000023687fd0ca0, 0x0000023687fd20a0]
Event: 57.105 Thread 0x00000236fe5e9000 11159       4       com.android.tools.r8.v.a.a.a.f.X::get (106 bytes)
Event: 57.110 Thread 0x00000236fe5e9000 nmethod 11159 0x0000023687fd2c10 code [0x0000023687fd2da0, 0x0000023687fd2fb8]
Event: 57.110 Thread 0x00000236fe5e9000 11161       4       com.android.tools.r8.dex.n::l (52 bytes)
Event: 57.126 Thread 0x00000236fe5e9000 nmethod 11161 0x0000023687fd3190 code [0x0000023687fd3360, 0x0000023687fd3938]
Event: 57.126 Thread 0x00000236fe5e9000 11162       4       com.android.tools.r8.graph.Z::computeHashCode (30 bytes)
Event: 57.228 Thread 0x00000236fe5e9000 nmethod 11162 0x0000023687fd3e10 code [0x0000023687fd3fe0, 0x0000023687fd48d8]
Event: 57.260 Thread 0x00000236fe5e9000 11163       4       com.android.tools.r8.s.a.b.l.d::a (368 bytes)
Event: 57.289 Thread 0x00000236fe5e9000 nmethod 11163 0x0000023687fd4f90 code [0x0000023687fd5120, 0x0000023687fd5bb8]
Event: 57.289 Thread 0x00000236fe5ef000 11164       3       com.android.tools.r8.s.a.b.l.d::a (286 bytes)
Event: 57.291 Thread 0x00000236fe5ef000 nmethod 11164 0x00000236819ecc90 code [0x00000236819ecfc0, 0x00000236819ee580]
Event: 57.362 Thread 0x00000236fe5ef000 11166       3       java.util.concurrent.ThreadLocalRandom::getProbe (13 bytes)
Event: 57.362 Thread 0x00000236fe5ef000 nmethod 11166 0x0000023680a12490 code [0x0000023680a12620, 0x0000023680a12778]
Event: 57.366 Thread 0x00000236fe5e9000 11168       4       java.lang.invoke.MemberName::initResolved (53 bytes)
Event: 57.368 Thread 0x00000236fe5e9000 nmethod 11168 0x0000023687fd6410 code [0x0000023687fd65a0, 0x0000023687fd66d8]
Event: 57.375 Thread 0x00000236fe5e9000 11169   !   4       java.net.URLClassLoader::findClass (47 bytes)

GC Heap History (20 events):
Event: 44.207 GC heap before
{Heap before GC invocations=54 (full 0):
 garbage-first heap   total 144384K, used 95086K [0x00000000c0000000, 0x0000000100000000)
  region size 1024K, 19 young (19456K), 5 survivors (5120K)
 Metaspace       used 71042K, capacity 73007K, committed 73136K, reserved 1112064K
  class space    used 9470K, capacity 10118K, committed 10240K, reserved 1048576K
}
Event: 44.253 GC heap after
{Heap after GC invocations=55 (full 0):
 garbage-first heap   total 144384K, used 84936K [0x00000000c0000000, 0x0000000100000000)
  region size 1024K, 3 young (3072K), 3 survivors (3072K)
 Metaspace       used 71042K, capacity 73007K, committed 73136K, reserved 1112064K
  class space    used 9470K, capacity 10118K, committed 10240K, reserved 1048576K
}
Event: 46.766 GC heap before
{Heap before GC invocations=56 (full 0):
 garbage-first heap   total 150528K, used 110536K [0x00000000c0000000, 0x0000000100000000)
  region size 1024K, 27 young (27648K), 3 survivors (3072K)
 Metaspace       used 71803K, capacity 73740K, committed 73904K, reserved 1114112K
  class space    used 9536K, capacity 10191K, committed 10240K, reserved 1048576K
}
Event: 46.797 GC heap after
{Heap after GC invocations=57 (full 0):
 garbage-first heap   total 150528K, used 93182K [0x00000000c0000000, 0x0000000100000000)
  region size 1024K, 4 young (4096K), 4 survivors (4096K)
 Metaspace       used 71803K, capacity 73740K, committed 73904K, reserved 1114112K
  class space    used 9536K, capacity 10191K, committed 10240K, reserved 1048576K
}
Event: 49.203 GC heap before
{Heap before GC invocations=57 (full 0):
 garbage-first heap   total 150528K, used 115710K [0x00000000c0000000, 0x0000000100000000)
  region size 1024K, 27 young (27648K), 4 survivors (4096K)
 Metaspace       used 73015K, capacity 75019K, committed 75056K, reserved 1114112K
  class space    used 9671K, capacity 10334K, committed 10368K, reserved 1048576K
}
Event: 49.232 GC heap after
{Heap after GC invocations=58 (full 0):
 garbage-first heap   total 150528K, used 95974K [0x00000000c0000000, 0x0000000100000000)
  region size 1024K, 3 young (3072K), 3 survivors (3072K)
 Metaspace       used 73015K, capacity 75019K, committed 75056K, reserved 1114112K
  class space    used 9671K, capacity 10334K, committed 10368K, reserved 1048576K
}
Event: 50.629 GC heap before
{Heap before GC invocations=59 (full 0):
 garbage-first heap   total 165888K, used 117478K [0x00000000c0000000, 0x0000000100000000)
  region size 1024K, 25 young (25600K), 3 survivors (3072K)
 Metaspace       used 73512K, capacity 75527K, committed 75696K, reserved 1114112K
  class space    used 9740K, capacity 10438K, committed 10496K, reserved 1048576K
}
Event: 50.654 GC heap after
{Heap after GC invocations=60 (full 0):
 garbage-first heap   total 165888K, used 96935K [0x00000000c0000000, 0x0000000100000000)
  region size 1024K, 2 young (2048K), 2 survivors (2048K)
 Metaspace       used 73512K, capacity 75527K, committed 75696K, reserved 1114112K
  class space    used 9740K, capacity 10438K, committed 10496K, reserved 1048576K
}
Event: 53.344 GC heap before
{Heap before GC invocations=60 (full 0):
 garbage-first heap   total 165888K, used 124583K [0x00000000c0000000, 0x0000000100000000)
  region size 1024K, 30 young (30720K), 2 survivors (2048K)
 Metaspace       used 80319K, capacity 82593K, committed 82736K, reserved 1120256K
  class space    used 10737K, capacity 11528K, committed 11648K, reserved 1048576K
}
Event: 53.359 GC heap after
{Heap after GC invocations=61 (full 0):
 garbage-first heap   total 165888K, used 97694K [0x00000000c0000000, 0x0000000100000000)
  region size 1024K, 2 young (2048K), 2 survivors (2048K)
 Metaspace       used 80319K, capacity 82593K, committed 82736K, reserved 1120256K
  class space    used 10737K, capacity 11528K, committed 11648K, reserved 1048576K
}
Event: 55.095 GC heap before
{Heap before GC invocations=62 (full 0):
 garbage-first heap   total 165888K, used 137630K [0x00000000c0000000, 0x0000000100000000)
  region size 1024K, 32 young (32768K), 2 survivors (2048K)
 Metaspace       used 80718K, capacity 82936K, committed 83248K, reserved 1120256K
  class space    used 10790K, capacity 11571K, committed 11648K, reserved 1048576K
}
Event: 55.118 GC heap after
{Heap after GC invocations=63 (full 0):
 garbage-first heap   total 165888K, used 108831K [0x00000000c0000000, 0x0000000100000000)
  region size 1024K, 4 young (4096K), 4 survivors (4096K)
 Metaspace       used 80718K, capacity 82936K, committed 83248K, reserved 1120256K
  class space    used 10790K, capacity 11571K, committed 11648K, reserved 1048576K
}
Event: 55.245 GC heap before
{Heap before GC invocations=63 (full 0):
 garbage-first heap   total 165888K, used 130335K [0x00000000c0000000, 0x0000000100000000)
  region size 1024K, 8 young (8192K), 4 survivors (4096K)
 Metaspace       used 80752K, capacity 82936K, committed 83248K, reserved 1120256K
  class space    used 10793K, capacity 11571K, committed 11648K, reserved 1048576K
}
Event: 55.305 GC heap after
{Heap after GC invocations=64 (full 0):
 garbage-first heap   total 165888K, used 110723K [0x00000000c0000000, 0x0000000100000000)
  region size 1024K, 1 young (1024K), 1 survivors (1024K)
 Metaspace       used 80752K, capacity 82936K, committed 83248K, reserved 1120256K
  class space    used 10793K, capacity 11571K, committed 11648K, reserved 1048576K
}
Event: 55.777 GC heap before
{Heap before GC invocations=64 (full 0):
 garbage-first heap   total 165888K, used 125059K [0x00000000c0000000, 0x0000000100000000)
  region size 1024K, 17 young (17408K), 1 survivors (1024K)
 Metaspace       used 80849K, capacity 83135K, committed 83248K, reserved 1120256K
  class space    used 10799K, capacity 11573K, committed 11648K, reserved 1048576K
}
Event: 55.812 GC heap after
{Heap after GC invocations=65 (full 0):
 garbage-first heap   total 165888K, used 117760K [0x00000000c0000000, 0x0000000100000000)
  region size 1024K, 4 young (4096K), 4 survivors (4096K)
 Metaspace       used 80849K, capacity 83135K, committed 83248K, reserved 1120256K
  class space    used 10799K, capacity 11573K, committed 11648K, reserved 1048576K
}
Event: 56.301 GC heap before
{Heap before GC invocations=66 (full 0):
 garbage-first heap   total 191488K, used 117760K [0x00000000c0000000, 0x0000000100000000)
  region size 1024K, 8 young (8192K), 4 survivors (4096K)
 Metaspace       used 80849K, capacity 83135K, committed 83248K, reserved 1120256K
  class space    used 10799K, capacity 11573K, committed 11648K, reserved 1048576K
}
Event: 56.328 GC heap after
{Heap after GC invocations=67 (full 0):
 garbage-first heap   total 191488K, used 117654K [0x00000000c0000000, 0x0000000100000000)
  region size 1024K, 2 young (2048K), 2 survivors (2048K)
 Metaspace       used 80849K, capacity 83135K, committed 83248K, reserved 1120256K
  class space    used 10799K, capacity 11573K, committed 11648K, reserved 1048576K
}
Event: 57.147 GC heap before
{Heap before GC invocations=68 (full 0):
 garbage-first heap   total 201728K, used 138134K [0x00000000c0000000, 0x0000000100000000)
  region size 1024K, 22 young (22528K), 2 survivors (2048K)
 Metaspace       used 80899K, capacity 83136K, committed 83248K, reserved 1120256K
  class space    used 10800K, capacity 11573K, committed 11648K, reserved 1048576K
}
Event: 57.227 GC heap after
{Heap after GC invocations=69 (full 0):
 garbage-first heap   total 201728K, used 127200K [0x00000000c0000000, 0x0000000100000000)
  region size 1024K, 3 young (3072K), 3 survivors (3072K)
 Metaspace       used 80899K, capacity 83136K, committed 83248K, reserved 1120256K
  class space    used 10800K, capacity 11573K, committed 11648K, reserved 1048576K
}

Deoptimization events (20 events):
Event: 56.968 Thread 0x000002368fd0e000 DEOPT PACKING pc=0x00000236819d35de sp=0x000000dd5f0fd130
Event: 56.968 Thread 0x000002368fd0e000 DEOPT UNPACKING pc=0x000002368004994e sp=0x000000dd5f0fc5a8 mode 0
Event: 56.969 Thread 0x000002368fd0e000 DEOPT PACKING pc=0x00000236819d35de sp=0x000000dd5f0fd130
Event: 56.969 Thread 0x000002368fd0e000 DEOPT UNPACKING pc=0x000002368004994e sp=0x000000dd5f0fc5a8 mode 0
Event: 56.971 Thread 0x000002368fd0e000 DEOPT PACKING pc=0x00000236819d35de sp=0x000000dd5f0fd130
Event: 56.971 Thread 0x000002368fd0e000 DEOPT UNPACKING pc=0x000002368004994e sp=0x000000dd5f0fc5a8 mode 0
Event: 56.972 Thread 0x000002368fd0e000 DEOPT PACKING pc=0x00000236819d35de sp=0x000000dd5f0fd130
Event: 56.972 Thread 0x000002368fd0e000 DEOPT UNPACKING pc=0x000002368004994e sp=0x000000dd5f0fc5a8 mode 0
Event: 57.014 Thread 0x000002368fd0e000 Uncommon trap: trap_request=0xffffff45 fr.pc=0x0000023687fbbca4 relative=0x0000000000001004
Event: 57.014 Thread 0x000002368fd0e000 Uncommon trap: reason=unstable_if action=reinterpret pc=0x0000023687fbbca4 method=java.util.concurrent.ConcurrentHashMap.putVal(Ljava/lang/Object;Ljava/lang/Object;Z)Ljava/lang/Object; @ 401 c2
Event: 57.014 Thread 0x000002368fd0e000 DEOPT PACKING pc=0x0000023687fbbca4 sp=0x000000dd5f0fd1b0
Event: 57.014 Thread 0x000002368fd0e000 DEOPT UNPACKING pc=0x000002368004942f sp=0x000000dd5f0fd130 mode 2
Event: 57.260 Thread 0x000002368fd0e000 Uncommon trap: trap_request=0xffffff45 fr.pc=0x0000023687fcc1e8 relative=0x0000000000000b88
Event: 57.260 Thread 0x000002368fd0e000 Uncommon trap: reason=unstable_if action=reinterpret pc=0x0000023687fcc1e8 method=com.android.tools.r8.s.a.b.l.d.a(Ljava/lang/Object;Z)Lcom/android/tools/r8/s/a/b/l/f; @ 15 c2
Event: 57.260 Thread 0x000002368fd0e000 DEOPT PACKING pc=0x0000023687fcc1e8 sp=0x000000dd5f0fcf00
Event: 57.260 Thread 0x000002368fd0e000 DEOPT UNPACKING pc=0x000002368004942f sp=0x000000dd5f0fcea0 mode 2
Event: 57.293 Thread 0x000002368fd0e000 Uncommon trap: trap_request=0xffffff45 fr.pc=0x0000023687b02150 relative=0x0000000000001270
Event: 57.294 Thread 0x000002368fd0e000 Uncommon trap: reason=unstable_if action=reinterpret pc=0x0000023687b02150 method=java.util.concurrent.ConcurrentHashMap.transfer([Ljava/util/concurrent/ConcurrentHashMap$Node;[Ljava/util/concurrent/ConcurrentHashMap$Node;)V @ 352 c2
Event: 57.294 Thread 0x000002368fd0e000 DEOPT PACKING pc=0x0000023687b02150 sp=0x000000dd5f0fd0c0
Event: 57.294 Thread 0x000002368fd0e000 DEOPT UNPACKING pc=0x000002368004942f sp=0x000000dd5f0fd038 mode 2

Classes unloaded (11 events):
Event: 20.604 Thread 0x00000236f1a2c800 Unloading class 0x0000000801006c40 'org/gradle/api/internal/artifacts/ivyservice/ivyresolve/ErrorHandlingModuleComponentRepository$ErrorHandlingModuleComponentRepositoryAccess$$Lambda$224'
Event: 20.604 Thread 0x00000236f1a2c800 Unloading class 0x0000000801007440 'org/gradle/api/internal/artifacts/ivyservice/ivyresolve/ErrorHandlingModuleComponentRepository$ErrorHandlingModuleComponentRepositoryAccess$$Lambda$222'
Event: 20.604 Thread 0x00000236f1a2c800 Unloading class 0x0000000801007840 'org/gradle/api/internal/artifacts/ivyservice/ivyresolve/ErrorHandlingModuleComponentRepository$ErrorHandlingModuleComponentRepositoryAccess$$Lambda$220'
Event: 42.659 Thread 0x00000236f1a2c800 Unloading class 0x00000008013d2040 'java/lang/invoke/LambdaForm$MH'
Event: 42.659 Thread 0x00000236f1a2c800 Unloading class 0x00000008013d0c40 'java/lang/invoke/LambdaForm$DMH'
Event: 42.659 Thread 0x00000236f1a2c800 Unloading class 0x00000008013d0840 'org/gradle/api/internal/artifacts/transform/DefaultTransformerInvocationFactory$$Lambda$521'
Event: 42.659 Thread 0x00000236f1a2c800 Unloading class 0x00000008013a9440 'java/lang/invoke/LambdaForm$DMH'
Event: 42.660 Thread 0x00000236f1a2c800 Unloading class 0x00000008013aac40 'org/gradle/execution/plan/DefaultPlanExecutor$ExecutorWorker$$Lambda$514'
Event: 49.509 Thread 0x00000236f1a2c800 Unloading class 0x0000000801434440 'org/gradle/api/internal/tasks/compile/incremental/classpath/DefaultClasspathEntrySnapshotCache$$Lambda$632'
Event: 49.509 Thread 0x00000236f1a2c800 Unloading class 0x0000000801434840 'org/gradle/api/internal/tasks/compile/incremental/classpath/DefaultClasspathEntrySnapshotCache$$Lambda$630'
Event: 49.509 Thread 0x00000236f1a2c800 Unloading class 0x0000000801435440 'org/gradle/api/internal/tasks/compile/incremental/classpath/CachingClasspathEntrySnapshotter$$Lambda$628'

Classes redefined (0 events):
No events

Internal exceptions (20 events):
Event: 49.661 Thread 0x000002368fd07800 Implicit null exception at 0x0000023687f2a665 to 0x0000023687f2ae92
Event: 49.742 Thread 0x000002368fd07800 Implicit null exception at 0x0000023687f2d32f to 0x0000023687f2dd3e
Event: 50.670 Thread 0x00000236ff1d1800 Exception <a 'java/lang/NoSuchMethodError'{0x00000000ca15f800}: static Lcom/android/build/gradle/internal/tasks/DexArchiveBuilderTaskDelegate$ClasspathServiceKey;.<clinit>()V> (0x00000000ca15f800) 
thrown [t:/workspace/open/src/hotspot/share/prims/jni.cpp, line 1347]
Event: 50.924 Thread 0x000002368fd08800 Exception <a 'sun/nio/fs/WindowsException'{0x00000000c9d86e40}> (0x00000000c9d86e40) 
thrown [t:/workspace/open/src/hotspot/share/prims/jni.cpp, line 598]
Event: 51.209 Thread 0x000002368fd08800 Exception <a 'java/lang/NoSuchMethodError'{0x00000000c999ca20}: 'java.lang.Object java.lang.invoke.DirectMethodHandle$Holder.invokeStatic(java.lang.Object, java.lang.Object, java.lang.Object, java.lang.Object, java.lang.Object, java.lang.Object, java.lang.Object, java.lang.Object, java.lang.Object, java.lang.Object, java.lang.Object, java.lang.Object, java.lang.Object, java.lang.Object, java.lang.Object, java.lang.Object, java.lang.Object, int, java.lang.Object)'> (0x00000000c999ca20) 
thrown [t:/workspace
Event: 51.210 Thread 0x000002368fd08800 Exception <a 'java/lang/NoSuchMethodError'{0x00000000c99a1730}: 'java.lang.Object java.lang.invoke.DirectMethodHandle$Holder.invokeStaticInit(java.lang.Object, java.lang.Object, java.lang.Object, java.lang.Object, java.lang.Object, java.lang.Object, java.lang.Object, java.lang.Object, java.lang.Object, java.lang.Object, java.lang.Object, java.lang.Object, java.lang.Object, java.lang.Object, java.lang.Object, java.lang.Object, java.lang.Object, int, java.lang.Object)'> (0x00000000c99a1730) 
thrown [t:/works
Event: 52.164 Thread 0x000002368fd08800 Exception <a 'java/lang/NoSuchMethodError'{0x00000000c9497d78}: 'long java.lang.invoke.DirectMethodHandle$Holder.invokeStatic(java.lang.Object, java.lang.Object)'> (0x00000000c9497d78) 
thrown [t:/workspace/open/src/hotspot/share/interpreter/linkResolver.cpp, line 767]
Event: 52.169 Thread 0x000002368fd08800 Exception <a 'java/lang/NoSuchMethodError'{0x00000000c94a5400}: 'void java.lang.invoke.DirectMethodHandle$Holder.invokeSpecial(java.lang.Object, java.lang.Object, int, java.lang.Object)'> (0x00000000c94a5400) 
thrown [t:/workspace/open/src/hotspot/share/interpreter/linkResolver.cpp, line 767]
Event: 52.330 Thread 0x000002368fd08800 Exception <a 'java/lang/NoSuchMethodError'{0x00000000c9167900}: 'java.lang.Object java.lang.invoke.DirectMethodHandle$Holder.invokeVirtual(java.lang.Object, java.lang.Object, int, java.lang.Object)'> (0x00000000c9167900) 
thrown [t:/workspace/open/src/hotspot/share/interpreter/linkResolver.cpp, line 767]
Event: 52.392 Thread 0x000002368fd08800 Exception <a 'java/lang/NoSuchMethodError'{0x00000000c9061990}: 'void java.lang.invoke.DirectMethodHandle$Holder.invokeVirtual(java.lang.Object, java.lang.Object, int, java.lang.Object)'> (0x00000000c9061990) 
thrown [t:/workspace/open/src/hotspot/share/interpreter/linkResolver.cpp, line 767]
Event: 52.515 Thread 0x000002368fd08800 Exception <a 'java/lang/NoSuchMethodError'{0x00000000c8e65b00}: 'java.lang.Object java.lang.invoke.DirectMethodHandle$Holder.newInvokeSpecial(java.lang.Object, int)'> (0x00000000c8e65b00) 
thrown [t:/workspace/open/src/hotspot/share/interpreter/linkResolver.cpp, line 767]
Event: 53.217 Thread 0x000002368fd08800 Exception <a 'java/lang/NoSuchMethodError'{0x00000000c85c0ce8}: 'void java.lang.invoke.DirectMethodHandle$Holder.invokeVirtual(java.lang.Object, java.lang.Object, int)'> (0x00000000c85c0ce8) 
thrown [t:/workspace/open/src/hotspot/share/interpreter/linkResolver.cpp, line 767]
Event: 53.262 Thread 0x000002368fd08800 Exception <a 'sun/nio/fs/WindowsException'{0x00000000c842fda0}> (0x00000000c842fda0) 
thrown [t:/workspace/open/src/hotspot/share/prims/jni.cpp, line 598]
Event: 53.297 Thread 0x000002368fd08800 Exception <a 'sun/nio/fs/WindowsException'{0x00000000c8447cd0}> (0x00000000c8447cd0) 
thrown [t:/workspace/open/src/hotspot/share/prims/jni.cpp, line 598]
Event: 53.322 Thread 0x000002368fd08800 Exception <a 'sun/nio/fs/WindowsException'{0x00000000c8491308}> (0x00000000c8491308) 
thrown [t:/workspace/open/src/hotspot/share/prims/jni.cpp, line 598]
Event: 53.463 Thread 0x000002368fd08800 Exception <a 'sun/nio/fs/WindowsException'{0x00000000ca146578}> (0x00000000ca146578) 
thrown [t:/workspace/open/src/hotspot/share/prims/jni.cpp, line 598]
Event: 54.613 Thread 0x00000236ff1d1800 Exception <a 'java/lang/NoSuchMethodError'{0x00000000c9145d28}: static Lcom/android/build/gradle/internal/tasks/Workers$ActionParameters;.<clinit>()V> (0x00000000c9145d28) 
thrown [t:/workspace/open/src/hotspot/share/prims/jni.cpp, line 1347]
Event: 54.617 Thread 0x00000236ff1d1800 Exception <a 'java/lang/NoSuchMethodError'{0x00000000c915d110}: static Lcom/android/build/gradle/internal/tasks/DexMergingParams;.<clinit>()V> (0x00000000c915d110) 
thrown [t:/workspace/open/src/hotspot/share/prims/jni.cpp, line 1347]
Event: 55.077 Thread 0x000002368fd0e000 Exception <a 'sun/nio/fs/WindowsException'{0x00000000c85d5338}> (0x00000000c85d5338) 
thrown [t:/workspace/open/src/hotspot/share/prims/jni.cpp, line 598]
Event: 57.260 Thread 0x000002368fd0e000 Implicit null exception at 0x0000023687fcb6b1 to 0x0000023687fcc1ce

Events (20 events):
Event: 57.372 loading class com/android/tools/r8/graph/Q done
Event: 57.372 loading class com/android/tools/r8/graph/Q
Event: 57.372 loading class com/android/tools/r8/graph/Q done
Event: 57.372 loading class com/android/tools/r8/dex/n$d
Event: 57.372 loading class com/android/tools/r8/dex/n$d done
Event: 57.373 loading class com/android/tools/r8/graph/J0
Event: 57.373 loading class com/android/tools/r8/graph/J0 done
Event: 57.373 loading class com/android/tools/r8/graph/J0
Event: 57.373 loading class com/android/tools/r8/graph/J0 done
Event: 57.374 loading class com/android/tools/r8/dex/n
Event: 57.374 loading class com/android/tools/r8/dex/n done
Event: 57.374 loading class com/android/tools/r8/graph/K
Event: 57.374 loading class com/android/tools/r8/graph/K done
Event: 57.374 loading class com/android/tools/r8/graph/K
Event: 57.374 loading class com/android/tools/r8/graph/K done
Event: 57.374 loading class com/android/tools/r8/code/u1
Event: 57.374 loading class com/android/tools/r8/code/u1 done
Event: 57.375 loading class com/android/tools/r8/code/K
Event: 57.375 loading class com/android/tools/r8/code/K done
Event: 57.568 Executing VM operation: G1Concurrent


Dynamic libraries:
0x00007ff7421b0000 - 0x00007ff7421bf000 	C:\Program Files\Java\jdk-13.0.2\bin\java.exe
0x00007ffa41bc0000 - 0x00007ffa41dad000 	C:\Windows\SYSTEM32\ntdll.dll
0x00007ffa3f440000 - 0x00007ffa3f4f3000 	C:\Windows\System32\KERNEL32.DLL
0x00007ffa3e850000 - 0x00007ffa3eae5000 	C:\Windows\System32\KERNELBASE.dll
0x00007ffa3eba0000 - 0x00007ffa3ec9a000 	C:\Windows\System32\ucrtbase.dll
0x00007ffa33940000 - 0x00007ffa33958000 	C:\Program Files\Java\jdk-13.0.2\bin\jli.dll
0x00007ffa33900000 - 0x00007ffa33915000 	C:\Program Files\Java\jdk-13.0.2\bin\VCRUNTIME140.dll
0x00007ffa3fcf0000 - 0x00007ffa3fd93000 	C:\Windows\System32\ADVAPI32.dll
0x00007ffa3ee40000 - 0x00007ffa3eede000 	C:\Windows\System32\msvcrt.dll
0x00007ffa41390000 - 0x00007ffa4142e000 	C:\Windows\System32\sechost.dll
0x00007ffa41760000 - 0x00007ffa41882000 	C:\Windows\System32\RPCRT4.dll
0x00007ffa3f770000 - 0x00007ffa3f907000 	C:\Windows\System32\USER32.dll
0x00007ffa3eca0000 - 0x00007ffa3ecc0000 	C:\Windows\System32\win32u.dll
0x00007ffa41900000 - 0x00007ffa41929000 	C:\Windows\System32\GDI32.dll
0x00007ffa3e420000 - 0x00007ffa3e5b9000 	C:\Windows\System32\gdi32full.dll
0x00007ffa3ed40000 - 0x00007ffa3ede0000 	C:\Windows\System32\msvcp_win.dll
0x00007ffa2bb90000 - 0x00007ffa2be09000 	C:\Windows\WinSxS\amd64_microsoft.windows.common-controls_6595b64144ccf1df_6.0.17763.1217_none_de6e4304534e0ad3\COMCTL32.dll
0x00007ffa41430000 - 0x00007ffa4175c000 	C:\Windows\System32\combase.dll
0x00007ffa3ecc0000 - 0x00007ffa3ed3e000 	C:\Windows\System32\bcryptPrimitives.dll
0x00007ffa398b0000 - 0x00007ffa398ba000 	C:\Windows\SYSTEM32\VERSION.dll
0x00007ffa3f610000 - 0x00007ffa3f63e000 	C:\Windows\System32\IMM32.DLL
0x00007ffa1e700000 - 0x00007ffa1e79b000 	C:\Program Files\Java\jdk-13.0.2\bin\msvcp140.dll
0x00007ffa159f0000 - 0x00007ffa1654d000 	C:\Program Files\Java\jdk-13.0.2\bin\server\jvm.dll
0x00007ffa3f910000 - 0x00007ffa3f918000 	C:\Windows\System32\PSAPI.DLL
0x00007ffa37ef0000 - 0x00007ffa37ef9000 	C:\Windows\SYSTEM32\WSOCK32.dll
0x00007ffa3bcd0000 - 0x00007ffa3bcf4000 	C:\Windows\SYSTEM32\WINMM.dll
0x00007ffa41890000 - 0x00007ffa418fd000 	C:\Windows\System32\WS2_32.dll
0x00007ffa3bca0000 - 0x00007ffa3bccd000 	C:\Windows\SYSTEM32\WINMMBASE.dll
0x00007ffa3dc80000 - 0x00007ffa3dcca000 	C:\Windows\System32\cfgmgr32.dll
0x00007ffa3dc60000 - 0x00007ffa3dc71000 	C:\Windows\System32\kernel.appcore.dll
0x00007ffa33930000 - 0x00007ffa33940000 	C:\Program Files\Java\jdk-13.0.2\bin\verify.dll
0x00007ffa31e00000 - 0x00007ffa31fed000 	C:\Windows\SYSTEM32\DBGHELP.DLL
0x00007ffa31dd0000 - 0x00007ffa31dfa000 	C:\Windows\SYSTEM32\dbgcore.DLL
0x00007ffa338d0000 - 0x00007ffa338f6000 	C:\Program Files\Java\jdk-13.0.2\bin\java.dll
0x00007ffa334c0000 - 0x00007ffa334d7000 	C:\Program Files\Java\jdk-13.0.2\bin\zip.dll
0x00007ffa337e0000 - 0x00007ffa337ea000 	C:\Program Files\Java\jdk-13.0.2\bin\jimage.dll
0x00007ffa3fe70000 - 0x00007ffa41364000 	C:\Windows\System32\SHELL32.dll
0x00007ffa3f930000 - 0x00007ffa3f9d8000 	C:\Windows\System32\shcore.dll
0x00007ffa3dcd0000 - 0x00007ffa3e41e000 	C:\Windows\System32\windows.storage.dll
0x00007ffa3dc10000 - 0x00007ffa3dc34000 	C:\Windows\System32\profapi.dll
0x00007ffa3dbb0000 - 0x00007ffa3dc0d000 	C:\Windows\System32\powrprof.dll
0x00007ffa41930000 - 0x00007ffa41982000 	C:\Windows\System32\shlwapi.dll
0x00007ffa3eaf0000 - 0x00007ffa3eb07000 	C:\Windows\System32\cryptsp.dll
0x00007ffa334a0000 - 0x00007ffa334b9000 	C:\Program Files\Java\jdk-13.0.2\bin\net.dll
0x00007ffa31af0000 - 0x00007ffa31be2000 	C:\Windows\SYSTEM32\WINHTTP.dll
0x00007ffa3d370000 - 0x00007ffa3d3d7000 	C:\Windows\system32\mswsock.dll
0x00007ffa33480000 - 0x00007ffa33493000 	C:\Program Files\Java\jdk-13.0.2\bin\nio.dll
0x00007ffa22dd0000 - 0x00007ffa22df6000 	C:\Users\ELCOT\.gradle\caches\gradle-6.5\native\31\windows-amd64\native-platform.dll
0x00007ffa33470000 - 0x00007ffa33479000 	C:\Program Files\Java\jdk-13.0.2\bin\management.dll
0x00007ffa330c0000 - 0x00007ffa330cb000 	C:\Program Files\Java\jdk-13.0.2\bin\management_ext.dll
0x00007ffa3cf00000 - 0x00007ffa3cf33000 	C:\Windows\system32\rsaenh.dll
0x00007ffa3eb10000 - 0x00007ffa3eb36000 	C:\Windows\System32\bcrypt.dll
0x00007ffa3dae0000 - 0x00007ffa3db08000 	C:\Windows\SYSTEM32\USERENV.dll
0x00007ffa3d4f0000 - 0x00007ffa3d4fc000 	C:\Windows\SYSTEM32\CRYPTBASE.dll
0x00007ffa3d0a0000 - 0x00007ffa3d0dd000 	C:\Windows\SYSTEM32\IPHLPAPI.DLL
0x00007ffa41b80000 - 0x00007ffa41b88000 	C:\Windows\System32\NSI.dll
0x00007ffa35d90000 - 0x00007ffa35da6000 	C:\Windows\SYSTEM32\dhcpcsvc6.DLL
0x00007ffa35d70000 - 0x00007ffa35d8c000 	C:\Windows\SYSTEM32\dhcpcsvc.DLL
0x00007ffa3d0e0000 - 0x00007ffa3d1a7000 	C:\Windows\SYSTEM32\DNSAPI.dll

dbghelp: loaded successfully - version: 4.0.5 - missing functions: none
symbol engine: initialized successfully - sym options: 0x614 - pdb path: .;C:\Program Files\Java\jdk-13.0.2\bin;C:\Windows\SYSTEM32;C:\Windows\WinSxS\amd64_microsoft.windows.common-controls_6595b64144ccf1df_6.0.17763.1217_none_de6e4304534e0ad3;C:\Program Files\Java\jdk-13.0.2\bin\server;C:\Users\ELCOT\.gradle\caches\gradle-6.5\native\31\windows-amd64

VM Arguments:
jvm_args: --add-opens=java.base/java.util=ALL-UNNAMED --add-opens=java.base/java.lang=ALL-UNNAMED --add-opens=java.base/java.lang.invoke=ALL-UNNAMED --add-opens=java.prefs/java.util.prefs=ALL-UNNAMED -Xmx1024m -Dfile.encoding=windows-1252 -Duser.country=IN -Duser.language=en -Duser.variant 
java_command: org.gradle.launcher.daemon.bootstrap.GradleDaemon 6.1.1
java_class_path (initial): C:\Users\ELCOT\.gradle\caches\gradle-6.5\wrapper\dists\gradle-6.1.1-all\cfmwm155h49vnt3hynmlrsdst\gradle-6.1.1\lib\gradle-launcher-6.1.1.jar
Launcher Type: SUN_STANDARD

[Global flags]
     intx CICompilerCount                          = 2                                         {product} {ergonomic}
     uint ConcGCThreads                            = 1                                         {product} {ergonomic}
     uint G1ConcRefinementThreads                  = 2                                         {product} {ergonomic}
   size_t G1HeapRegionSize                         = 1048576                                   {product} {ergonomic}
    uintx GCDrainStackTargetSize                   = 64                                        {product} {ergonomic}
   size_t InitialHeapSize                          = 65011712                                  {product} {ergonomic}
   size_t MarkStackSize                            = 4194304                                   {product} {ergonomic}
   size_t MaxHeapSize                              = 1073741824                                {product} {command line}
   size_t MaxNewSize                               = 643825664                                 {product} {ergonomic}
   size_t MinHeapDeltaBytes                        = 1048576                                   {product} {ergonomic}
   size_t MinHeapSize                              = 8388608                                   {product} {ergonomic}
    uintx NonNMethodCodeHeapSize                   = 5826188                                {pd product} {ergonomic}
    uintx NonProfiledCodeHeapSize                  = 122916026                              {pd product} {ergonomic}
    uintx ProfiledCodeHeapSize                     = 122916026                              {pd product} {ergonomic}
    uintx ReservedCodeCacheSize                    = 251658240                              {pd product} {ergonomic}
     bool SegmentedCodeCache                       = true                                      {product} {ergonomic}
   size_t SoftMaxHeapSize                          = 1073741824                             {manageable} {ergonomic}
     bool UseCompressedClassPointers               = true                                 {lp64_product} {ergonomic}
     bool UseCompressedOops                        = true                                 {lp64_product} {ergonomic}
     bool UseG1GC                                  = true                                      {product} {ergonomic}
     bool UseLargePagesIndividualAllocation        = false                                  {pd product} {ergonomic}

Logging:
Log output configuration:
 #0: stdout all=warning uptime,level,tags
 #1: stderr all=off uptime,level,tags

Environment Variables:
JAVA_HOME=C:\Program Files\Android\Android Studio\jre
PATH=C:\Program Files\AdoptOpenJDK\jdk-11.0.7.10-hotspot\bin;C:\Program Files (x86)\Common Files\Oracle\Java\javapath;C:\MinGW\bin;C:\Windows\system32;C:\Windows;C:\Windows\System32\Wbem;C:\Windows\System32\WindowsPowerShell\v1.0\;C:\Windows\System32\OpenSSH\;C:\Program Files\nodejs\;C:\Users\ELCOT\Downloads\python-3.8.2;C:\Program Files\Dart\dart-sdk\bin;C:\drivers\chromedriver_win32.zip;C:\src\flutter\flutter_windows_v1.12.13+hotfix.9-stable\flutter\bin;C:\Program Files (x86)\Android\android-sdk\platforms\platform-tools;C:\Program Files (x86)\Android\android-sdk\platform-tools\api;C:\Downloads\installer_r16-windows.exe;C:\ProgramData\Microsoft\Windows\Start Menu\Programs\Android SDK Tools;D:\kishoreAndroid\Android\Android Studio\bin;D:\kishoreAndroid\Android\Android Studio;C:\ProgramData\Microsoft\Windows\Start Menu\Programs\Visual Studio Emulator for Android.lnk;C:\Downloads\vs_emulatorsetup.exe;C:\Program Files (x86)\Android\android-sdk\SDK Manager;D:\Kishore\platforms;C:\Users\ELCOT\AppData\Local\Programs\Python\Python38\Scripts\;C:\Users\;C:\Program Files\Android\Android Studio\jre;C:\Program Files\Java\jdk-13.0.2\bin;C:\Program Files\Java\jre1.8.0_251\bin;C:\Program Files (x86)\Android\platform-tools;C:\Downloads\python-3.8.2.exe;C:\Program Files\dotnet\;C:\Program Files\Microsoft SQL Server\130\Tools\Binn\;C:\Program Files\Microsoft SQL Server\Client SDK\ODBC\170\Tools\Binn\;D:\Git\cmd;C:\Users\ELCOT\AppData\Roaming\npm;C:\Users\ELCOT\AppData\Local\Programs\Python\Python39\Scripts\;C:\Users\ELCOT\AppData\Local\Programs\Python\Python39\;C:\Users\ELCOT\AppData\Local\ValidatorBuddy;C:\Users\ELCOT\AppData\Local\Programs\Python\Python38;C:\src\flutter\bin;D:\Heroku\bin;D:\Microsoft VS Code\bin;C:\Users\ELCOT\AppData\Roaming\npm\node_modules\firebase\node_modules\protobufjs\bin;
USERNAME=ELCOT
OS=Windows_NT
PROCESSOR_IDENTIFIER=AMD64 Family 21 Model 112 Stepping 0, AuthenticAMD



---------------  S Y S T E M  ---------------

OS: Windows 10 , 64 bit Build 17763 (10.0.17763.1158)
HyperV virtualization detected

CPU:total 2 (initial active 2) (2 cores per cpu, 1 threads per core) family 21 model 112 stepping 0, cmov, cx8, fxsr, mmx, sse, sse2, sse3, ssse3, sse4.1, sse4.2, popcnt, avx, avx2, aes, clmul, mmxext, 3dnowpref, lzcnt, sse4a, tsc, tscinvbit, tscinv, bmi1, bmi2, fma

Memory: 4k page, system-wide physical 3935M (491M free)
TotalPageFile size 5322M (AvailPageFile size 28M)
current process WorkingSet (physical memory assigned to process): 419M, peak: 420M
current process commit charge ("private bytes"): 456M, peak: 484M

vm_info: Java HotSpot(TM) 64-Bit Server VM (13.0.2+8) for windows-amd64 JRE (13.0.2+8), built on Dec 11 2019 09:20:33 by "mach5one" with unknown MS VC++:1916

END.
