#
# There is insufficient memory for the Java Runtime Environment to continue.
# Native memory allocation (mmap) failed to map 33554432 bytes for Failed to commit area from 0x00000000c9800000 to 0x00000000cb800000 of length 33554432.
# Possible reasons:
#   The system is out of physical RAM or swap space
#   The process is running with CompressedOops enabled, and the Java Heap may be blocking the growth of the native heap
# Possible solutions:
#   Reduce memory load on the system
#   Increase physical memory or swap space
#   Check if swap backing store is full
#   Decrease Java heap size (-Xmx/-Xms)
#   Decrease number of Java threads
#   Decrease Java thread stack sizes (-Xss)
#   Set larger code cache with -XX:ReservedCodeCacheSize=
#   JVM is running with Unscaled Compressed Oops mode in which the Java heap is
#     placed in the first 4GB address space. The Java Heap base address is the
#     maximum limit for the native heap growth. Please use -XX:HeapBaseMinAddress
#     to set the Java Heap base and to place the Java Heap above 4GB virtual address.
# This output file may be truncated or incomplete.
#
#  Out of Memory Error (t:/workspace/open/src/hotspot/os/windows/os_windows.cpp:3301), pid=7232, tid=5656
#
# JRE version: Java(TM) SE Runtime Environment (13.0.2+8) (build 13.0.2+8)
# Java VM: Java HotSpot(TM) 64-Bit Server VM (13.0.2+8, mixed mode, sharing, tiered, compressed oops, g1 gc, windows-amd64)
# No core dump will be written. Minidumps are not enabled by default on client versions of Windows
#

---------------  S U M M A R Y ------------

Command Line: --add-opens=java.base/java.util=ALL-UNNAMED --add-opens=java.base/java.lang=ALL-UNNAMED --add-opens=java.base/java.lang.invoke=ALL-UNNAMED --add-opens=java.prefs/java.util.prefs=ALL-UNNAMED -Xmx1024m -Dfile.encoding=windows-1252 -Duser.country=IN -Duser.language=en -Duser.variant org.gradle.launcher.daemon.bootstrap.GradleDaemon 6.1.1

Host: AMD PRO A4-4350B R4, 5 COMPUTE CORES 2C+3G     , 2 cores, 3G,  Windows 10 , 64 bit Build 17763 (10.0.17763.1158)
Time: Sat Sep 12 02:41:09 2020 Pacific Daylight Time elapsed time: 58 seconds (0d 0h 0m 58s)

---------------  T H R E A D  ---------------

Current thread (0x00000281639dc800):  VMThread "VM Thread" [stack: 0x00000099ca800000,0x00000099ca900000] [id=5656]

Stack: [0x00000099ca800000,0x00000099ca900000]
[error occurred during error reporting (printing stack bounds), id 0xc0000005, EXCEPTION_ACCESS_VIOLATION (0xc0000005) at pc=0x000002816be110ad]

Native frames: (J=compiled Java code, j=interpreted, Vv=VM code, C=native code)
V  [jvm.dll+0x624f9a]
V  [jvm.dll+0x770cfa]
V  [jvm.dll+0x7724af]
V  [jvm.dll+0x772a15]
V  [jvm.dll+0x7729cb]
V  [jvm.dll+0x6244df]
C  [ntdll.dll+0x66b26]
C  [ntdll.dll+0x4849]
C  [ntdll.dll+0xa350e]
C  0x000002816be110ad

VM_Operation (0x00000099ca4ff490): G1Concurrent, mode: safepoint, requested by thread 0x0000028163948000


---------------  P R O C E S S  ---------------

Threads class SMR info:
_java_thread_list=0x0000028104ebad50, length=37, elements={
0x0000028163910000, 0x00000281639de800, 0x000002817f57b800, 0x000002817f599000,
0x000002817f59b000, 0x000002817f59d000, 0x000002817f5a7000, 0x000002817f5da000,
0x00000281000c9000, 0x00000281000ca800, 0x00000281010ab000, 0x0000028100f9d800,
0x000002810047f000, 0x00000281007f9000, 0x0000028101b6a800, 0x000002810095c800,
0x000002810095d800, 0x0000028100a1b800, 0x0000028100a1c800, 0x00000281016c3800,
0x0000028101aea800, 0x0000028101aeb800, 0x0000028101aee800, 0x0000028101aec800,
0x0000028101aee000, 0x0000028101ae9000, 0x0000028101aef800, 0x0000028101aea000,
0x00000281027b8800, 0x00000281027b5800, 0x00000281027b6000, 0x00000281027b4800,
0x00000281027bc800, 0x00000281027bc000, 0x00000281027b9800, 0x00000281027b7000,
0x00000281027c0000
}

Java Threads: ( => current thread )
  0x0000028163910000 JavaThread "main" [_thread_blocked, id=4332, stack(0x00000099ca200000,0x00000099ca300000)]
  0x00000281639de800 JavaThread "Reference Handler" daemon [_thread_blocked, id=8040, stack(0x00000099ca900000,0x00000099caa00000)]
  0x000002817f57b800 JavaThread "Finalizer" daemon [_thread_blocked, id=10624, stack(0x00000099caa00000,0x00000099cab00000)]
  0x000002817f599000 JavaThread "Signal Dispatcher" daemon [_thread_blocked, id=5276, stack(0x00000099cab00000,0x00000099cac00000)]
  0x000002817f59b000 JavaThread "Attach Listener" daemon [_thread_blocked, id=9916, stack(0x00000099cac00000,0x00000099cad00000)]
  0x000002817f59d000 JavaThread "C2 CompilerThread0" daemon [_thread_blocked, id=8520, stack(0x00000099cad00000,0x00000099cae00000)]
  0x000002817f5a7000 JavaThread "C1 CompilerThread0" daemon [_thread_blocked, id=216, stack(0x00000099cae00000,0x00000099caf00000)]
  0x000002817f5da000 JavaThread "Sweeper thread" daemon [_thread_blocked, id=9220, stack(0x00000099caf00000,0x00000099cb000000)]
  0x00000281000c9000 JavaThread "Common-Cleaner" daemon [_thread_blocked, id=10584, stack(0x00000099cb000000,0x00000099cb100000)]
  0x00000281000ca800 JavaThread "Service Thread" daemon [_thread_blocked, id=6584, stack(0x00000099cb100000,0x00000099cb200000)]
  0x00000281010ab000 JavaThread "Daemon health stats" [_thread_blocked, id=2380, stack(0x00000099cb400000,0x00000099cb500000)]
  0x0000028100f9d800 JavaThread "Incoming local TCP Connector on port 58105" [_thread_in_native, id=8216, stack(0x00000099cb500000,0x00000099cb600000)]
  0x000002810047f000 JavaThread "Daemon periodic checks" [_thread_blocked, id=4936, stack(0x00000099cb600000,0x00000099cb700000)]
  0x00000281007f9000 JavaThread "Daemon" [_thread_blocked, id=5976, stack(0x00000099cb700000,0x00000099cb800000)]
  0x0000028101b6a800 JavaThread "Handler for socket connection from /127.0.0.1:58105 to /127.0.0.1:58106" [_thread_in_native, id=8808, stack(0x00000099cb800000,0x00000099cb900000)]
  0x000002810095c800 JavaThread "Cancel handler" [_thread_blocked, id=7264, stack(0x00000099cb900000,0x00000099cba00000)]
  0x000002810095d800 JavaThread "Daemon worker" [_thread_blocked, id=10936, stack(0x00000099cba00000,0x00000099cbb00000)]
  0x0000028100a1b800 JavaThread "Asynchronous log dispatcher for DefaultDaemonConnection: socket connection from /127.0.0.1:58105 to /127.0.0.1:58106" [_thread_blocked, id=2116, stack(0x00000099cbb00000,0x00000099cbc00000)]
  0x0000028100a1c800 JavaThread "Stdin handler" [_thread_blocked, id=9660, stack(0x00000099cbc00000,0x00000099cbd00000)]
  0x00000281016c3800 JavaThread "Thread-8" [_thread_blocked, id=8908, stack(0x00000099cbd00000,0x00000099cbe00000)]
  0x0000028101aea800 JavaThread "Cache worker for journal cache (C:\Users\ELCOT\.gradle\caches\gradle-6.5\caches\journal-1)" [_thread_blocked, id=5460, stack(0x00000099cbe00000,0x00000099cbf00000)]
  0x0000028101aeb800 JavaThread "File lock request listener" [_thread_in_native, id=10524, stack(0x00000099cbf00000,0x00000099cc000000)]
  0x0000028101aee800 JavaThread "Cache worker for file hash cache (C:\Users\ELCOT\.gradle\caches\gradle-6.5\caches\6.1.1\fileHashes)" [_thread_blocked, id=2172, stack(0x00000099cc000000,0x00000099cc100000)]
  0x0000028101aec800 JavaThread "Cache worker for checksums cache (D:\AndroidStudioProjects\DoChat\.gradle\checksums)" [_thread_blocked, id=6724, stack(0x00000099cc100000,0x00000099cc200000)]
  0x0000028101aee000 JavaThread "Cache worker for file hash cache (D:\AndroidStudioProjects\DoChat\.gradle\6.1.1\fileHashes)" [_thread_blocked, id=3592, stack(0x00000099cc200000,0x00000099cc300000)]
  0x0000028101ae9000 JavaThread "Cache worker for cache directory md-supplier (C:\Users\ELCOT\.gradle\caches\gradle-6.5\caches\6.1.1\md-supplier)" [_thread_blocked, id=11144, stack(0x00000099cc300000,0x00000099cc400000)]
  0x0000028101aef800 JavaThread "Cache worker for cache directory md-rule (C:\Users\ELCOT\.gradle\caches\gradle-6.5\caches\6.1.1\md-rule)" [_thread_blocked, id=2624, stack(0x00000099cc400000,0x00000099cc500000)]
  0x0000028101aea000 JavaThread "Cache worker for execution history cache (C:\Users\ELCOT\.gradle\caches\gradle-6.5\caches\6.1.1\executionHistory)" [_thread_blocked, id=2744, stack(0x00000099cc500000,0x00000099cc600000)]
  0x00000281027b8800 JavaThread "Build operations" [_thread_blocked, id=5904, stack(0x00000099cc600000,0x00000099cc700000)]
  0x00000281027b5800 JavaThread "Build operations Thread 2" [_thread_blocked, id=6012, stack(0x00000099cc700000,0x00000099cc800000)]
  0x00000281027b6000 JavaThread "Cache worker for Build Output Cleanup Cache (D:\AndroidStudioProjects\DoChat\.gradle\buildOutputCleanup)" [_thread_blocked, id=10496, stack(0x00000099cc800000,0x00000099cc900000)]
  0x00000281027b4800 JavaThread "Memory manager" [_thread_blocked, id=11020, stack(0x00000099cc900000,0x00000099cca00000)]
  0x00000281027bc800 JavaThread "Cache worker for file content cache (C:\Users\ELCOT\.gradle\caches\gradle-6.5\caches\6.1.1\fileContent)" [_thread_blocked, id=1296, stack(0x00000099cca00000,0x00000099ccb00000)]
  0x00000281027bc000 JavaThread "Cache worker for file content cache (D:\AndroidStudioProjects\DoChat\.gradle\6.1.1\fileContent)" [_thread_blocked, id=5728, stack(0x00000099ccb00000,0x00000099ccc00000)]
  0x00000281027b9800 JavaThread "Execution worker for ':'" [_thread_blocked, id=5912, stack(0x00000099cce00000,0x00000099ccf00000)]
  0x00000281027b7000 JavaThread "Cache worker for execution history cache (D:\AndroidStudioProjects\DoChat\.gradle\6.1.1\executionHistory)" [_thread_blocked, id=10688, stack(0x00000099ccf00000,0x00000099cd000000)]
  0x00000281027c0000 JavaThread "WorkerExecutor Queue" [_thread_blocked, id=9292, stack(0x00000099cd000000,0x00000099cd100000)]

Other Threads:
=>0x00000281639dc800 VMThread "VM Thread" [stack: 0x00000099ca800000,0x00000099ca900000] [id=5656]
  0x00000281000d2800 WatcherThread [stack: 0x00000099cb200000,0x00000099cb300000] [id=8752]
  0x000002816393e800 GCTaskThread "GC Thread#0" [stack: 0x00000099ca300000,0x00000099ca400000] [id=10388]
  0x00000281001b8000 GCTaskThread "GC Thread#1" [stack: 0x00000099cb300000,0x00000099cb400000] [id=9592]
  0x0000028163948000 ConcurrentGCThread "G1 Main Marker" [stack: 0x00000099ca400000,0x00000099ca500000] [id=10564]
  0x000002816394a000 ConcurrentGCThread "G1 Conc#0" [stack: 0x00000099ca500000,0x00000099ca600000] [id=10200]
  0x0000028163998000 ConcurrentGCThread "G1 Refine#0" [stack: 0x00000099ca600000,0x00000099ca700000] [id=5320]
  0x000002816399a000 ConcurrentGCThread "G1 Young RemSet Sampling" [stack: 0x00000099ca700000,0x00000099ca800000] [id=3648]

Threads with active compile tasks:
C1 CompilerThread0    58240 9225       3       com.android.tools.r8.s.a.b.m.a::d (1471 bytes)

VM state:at safepoint (normal execution)

VM Mutex/Monitor currently owned by a thread:  ([mutex/lock_event])
[0x000002816193ac50] Threads_lock - owner thread: 0x00000281639dc800
[0x000002816193b9d0] Heap_lock - owner thread: 0x0000028163948000

Heap address: 0x00000000c0000000, size: 1024 MB, Compressed Oops mode: 32-bit
Narrow klass base: 0x0000000800000000, Narrow klass shift: 3
Compressed class space size: 1073741824 Address: 0x0000000800b40000

Heap:
 garbage-first heap   total 188416K, used 109949K [0x00000000c0000000, 0x0000000100000000)
  region size 1024K, 7 young (7168K), 4 survivors (4096K)
 Metaspace       used 66660K, capacity 68574K, committed 68656K, reserved 1107968K
  class space    used 8954K, capacity 9589K, committed 9600K, reserved 1048576K
Heap Regions: E=young(eden), S=young(survivor), O=old, HS=humongous(starts), HC=humongous(continues), CS=collection set, F=free, A=archive, TAMS=top-at-mark-start (previous, next)
|   0|0x00000000c0000000, 0x00000000c0100000, 0x00000000c0100000|100%|HS|  |TAMS 0x00000000c0100000, 0x00000000c0000000| Complete 
|   1|0x00000000c0100000, 0x00000000c0200000, 0x00000000c0200000|100%|HC|  |TAMS 0x00000000c0200000, 0x00000000c0100000| Complete 
|   2|0x00000000c0200000, 0x00000000c0300000, 0x00000000c0300000|100%|HC|  |TAMS 0x00000000c0300000, 0x00000000c0200000| Complete 
|   3|0x00000000c0300000, 0x00000000c0400000, 0x00000000c0400000|100%| O|  |TAMS 0x00000000c0400000, 0x00000000c0300000| Updating 
|   4|0x00000000c0400000, 0x00000000c0500000, 0x00000000c0500000|100%| O|  |TAMS 0x00000000c0500000, 0x00000000c0400000| Updating 
|   5|0x00000000c0500000, 0x00000000c0600000, 0x00000000c0600000|100%| O|  |TAMS 0x00000000c0600000, 0x00000000c0500000| Updating 
|   6|0x00000000c0600000, 0x00000000c0700000, 0x00000000c0700000|100%| O|  |TAMS 0x00000000c0700000, 0x00000000c0600000| Updating 
|   7|0x00000000c0700000, 0x00000000c0800000, 0x00000000c0800000|100%| O|  |TAMS 0x00000000c0800000, 0x00000000c0700000| Updating 
|   8|0x00000000c0800000, 0x00000000c0900000, 0x00000000c0900000|100%| O|  |TAMS 0x00000000c0900000, 0x00000000c0800000| Updating 
|   9|0x00000000c0900000, 0x00000000c0a00000, 0x00000000c0a00000|100%| O|  |TAMS 0x00000000c0a00000, 0x00000000c0900000| Updating 
|  10|0x00000000c0a00000, 0x00000000c0b00000, 0x00000000c0b00000|100%| O|  |TAMS 0x00000000c0b00000, 0x00000000c0a00000| Updating 
|  11|0x00000000c0b00000, 0x00000000c0c00000, 0x00000000c0c00000|100%| O|  |TAMS 0x00000000c0c00000, 0x00000000c0b00000| Updating 
|  12|0x00000000c0c00000, 0x00000000c0d00000, 0x00000000c0d00000|100%| O|  |TAMS 0x00000000c0d00000, 0x00000000c0c00000| Updating 
|  13|0x00000000c0d00000, 0x00000000c0e00000, 0x00000000c0e00000|100%| O|  |TAMS 0x00000000c0e00000, 0x00000000c0d00000| Updating 
|  14|0x00000000c0e00000, 0x00000000c0f00000, 0x00000000c0f00000|100%| O|  |TAMS 0x00000000c0f00000, 0x00000000c0e00000| Updating 
|  15|0x00000000c0f00000, 0x00000000c1000000, 0x00000000c1000000|100%|HS|  |TAMS 0x00000000c1000000, 0x00000000c0f00000| Complete 
|  16|0x00000000c1000000, 0x00000000c1100000, 0x00000000c1100000|100%|HC|  |TAMS 0x00000000c1100000, 0x00000000c1000000| Complete 
|  17|0x00000000c1100000, 0x00000000c1200000, 0x00000000c1200000|100%|HS|  |TAMS 0x00000000c1200000, 0x00000000c1100000| Complete 
|  18|0x00000000c1200000, 0x00000000c1300000, 0x00000000c1300000|100%|HC|  |TAMS 0x00000000c1300000, 0x00000000c1200000| Complete 
|  19|0x00000000c1300000, 0x00000000c1400000, 0x00000000c1400000|100%|HC|  |TAMS 0x00000000c1400000, 0x00000000c1300000| Complete 
|  20|0x00000000c1400000, 0x00000000c1500000, 0x00000000c1500000|100%|HS|  |TAMS 0x00000000c1500000, 0x00000000c1400000| Complete 
|  21|0x00000000c1500000, 0x00000000c1600000, 0x00000000c1600000|100%|HC|  |TAMS 0x00000000c1600000, 0x00000000c1500000| Complete 
|  22|0x00000000c1600000, 0x00000000c1700000, 0x00000000c1700000|100%|HC|  |TAMS 0x00000000c1700000, 0x00000000c1600000| Complete 
|  23|0x00000000c1700000, 0x00000000c1800000, 0x00000000c1800000|100%|HC|  |TAMS 0x00000000c1800000, 0x00000000c1700000| Complete 
|  24|0x00000000c1800000, 0x00000000c1900000, 0x00000000c1900000|100%| O|  |TAMS 0x00000000c1900000, 0x00000000c1800000| Updating 
|  25|0x00000000c1900000, 0x00000000c1a00000, 0x00000000c1a00000|100%| O|  |TAMS 0x00000000c1a00000, 0x00000000c1900000| Updating 
|  26|0x00000000c1a00000, 0x00000000c1b00000, 0x00000000c1b00000|100%| O|  |TAMS 0x00000000c1b00000, 0x00000000c1a00000| Updating 
|  27|0x00000000c1b00000, 0x00000000c1c00000, 0x00000000c1c00000|100%| O|  |TAMS 0x00000000c1c00000, 0x00000000c1b00000| Updating 
|  28|0x00000000c1c00000, 0x00000000c1d00000, 0x00000000c1d00000|100%| O|  |TAMS 0x00000000c1d00000, 0x00000000c1c00000| Updating 
|  29|0x00000000c1d00000, 0x00000000c1e00000, 0x00000000c1e00000|100%| O|  |TAMS 0x00000000c1e00000, 0x00000000c1d00000| Updating 
|  30|0x00000000c1e00000, 0x00000000c1f00000, 0x00000000c1f00000|100%| O|  |TAMS 0x00000000c1f00000, 0x00000000c1e00000| Updating 
|  31|0x00000000c1f00000, 0x00000000c2000000, 0x00000000c2000000|100%| O|  |TAMS 0x00000000c2000000, 0x00000000c1f00000| Updating 
|  32|0x00000000c2000000, 0x00000000c2100000, 0x00000000c2100000|100%| O|  |TAMS 0x00000000c2100000, 0x00000000c2000000| Updating 
|  33|0x00000000c2100000, 0x00000000c2200000, 0x00000000c2200000|100%| O|  |TAMS 0x00000000c2200000, 0x00000000c2100000| Updating 
|  34|0x00000000c2200000, 0x00000000c2300000, 0x00000000c2300000|100%| O|  |TAMS 0x00000000c2300000, 0x00000000c2200000| Updating 
|  35|0x00000000c2300000, 0x00000000c2400000, 0x00000000c2400000|100%| O|  |TAMS 0x00000000c2400000, 0x00000000c2300000| Updating 
|  36|0x00000000c2400000, 0x00000000c2500000, 0x00000000c2500000|100%|HS|  |TAMS 0x00000000c2500000, 0x00000000c2400000| Complete 
|  37|0x00000000c2500000, 0x00000000c2600000, 0x00000000c2600000|100%|HC|  |TAMS 0x00000000c2600000, 0x00000000c2500000| Complete 
|  38|0x00000000c2600000, 0x00000000c2700000, 0x00000000c2700000|100%|HC|  |TAMS 0x00000000c2700000, 0x00000000c2600000| Complete 
|  39|0x00000000c2700000, 0x00000000c2800000, 0x00000000c2800000|100%| O|  |TAMS 0x00000000c2800000, 0x00000000c2700000| Updating 
|  40|0x00000000c2800000, 0x00000000c2900000, 0x00000000c2900000|100%| O|  |TAMS 0x00000000c2900000, 0x00000000c2800000| Updating 
|  41|0x00000000c2900000, 0x00000000c2a00000, 0x00000000c2a00000|100%| O|  |TAMS 0x00000000c2a00000, 0x00000000c2900000| Updating 
|  42|0x00000000c2a00000, 0x00000000c2b00000, 0x00000000c2b00000|100%|HS|  |TAMS 0x00000000c2b00000, 0x00000000c2a00000| Complete 
|  43|0x00000000c2b00000, 0x00000000c2c00000, 0x00000000c2c00000|100%|HC|  |TAMS 0x00000000c2c00000, 0x00000000c2b00000| Complete 
|  44|0x00000000c2c00000, 0x00000000c2d00000, 0x00000000c2d00000|100%| O|  |TAMS 0x00000000c2d00000, 0x00000000c2c00000| Updating 
|  45|0x00000000c2d00000, 0x00000000c2e00000, 0x00000000c2e00000|100%| O|  |TAMS 0x00000000c2e00000, 0x00000000c2d00000| Updating 
|  46|0x00000000c2e00000, 0x00000000c2f00000, 0x00000000c2f00000|100%| O|  |TAMS 0x00000000c2f00000, 0x00000000c2e00000| Updating 
|  47|0x00000000c2f00000, 0x00000000c3000000, 0x00000000c3000000|100%| O|  |TAMS 0x00000000c3000000, 0x00000000c2f00000| Updating 
|  48|0x00000000c3000000, 0x00000000c3100000, 0x00000000c3100000|100%| O|  |TAMS 0x00000000c3100000, 0x00000000c3000000| Updating 
|  49|0x00000000c3100000, 0x00000000c3200000, 0x00000000c3200000|100%| O|  |TAMS 0x00000000c3200000, 0x00000000c3100000| Updating 
|  50|0x00000000c3200000, 0x00000000c3300000, 0x00000000c3300000|100%| O|  |TAMS 0x00000000c3300000, 0x00000000c3200000| Updating 
|  51|0x00000000c3300000, 0x00000000c3400000, 0x00000000c3400000|100%| O|  |TAMS 0x00000000c3400000, 0x00000000c3300000| Updating 
|  52|0x00000000c3400000, 0x00000000c3500000, 0x00000000c3500000|100%| O|  |TAMS 0x00000000c3500000, 0x00000000c3400000| Updating 
|  53|0x00000000c3500000, 0x00000000c3600000, 0x00000000c3600000|100%| O|  |TAMS 0x00000000c3600000, 0x00000000c3500000| Updating 
|  54|0x00000000c3600000, 0x00000000c3700000, 0x00000000c3700000|100%| O|  |TAMS 0x00000000c3700000, 0x00000000c3600000| Updating 
|  55|0x00000000c3700000, 0x00000000c3800000, 0x00000000c3800000|100%| O|  |TAMS 0x00000000c3800000, 0x00000000c3700000| Updating 
|  56|0x00000000c3800000, 0x00000000c3900000, 0x00000000c3900000|100%| O|  |TAMS 0x00000000c3900000, 0x00000000c3800000| Updating 
|  57|0x00000000c3900000, 0x00000000c3a00000, 0x00000000c3a00000|100%| O|  |TAMS 0x00000000c3a00000, 0x00000000c3900000| Updating 
|  58|0x00000000c3a00000, 0x00000000c3b00000, 0x00000000c3b00000|100%| O|  |TAMS 0x00000000c3b00000, 0x00000000c3a00000| Updating 
|  59|0x00000000c3b00000, 0x00000000c3c00000, 0x00000000c3c00000|100%| O|  |TAMS 0x00000000c3c00000, 0x00000000c3b00000| Updating 
|  60|0x00000000c3c00000, 0x00000000c3d00000, 0x00000000c3d00000|100%| O|  |TAMS 0x00000000c3d00000, 0x00000000c3c00000| Updating 
|  61|0x00000000c3d00000, 0x00000000c3e00000, 0x00000000c3e00000|100%| O|  |TAMS 0x00000000c3e00000, 0x00000000c3d00000| Updating 
|  62|0x00000000c3e00000, 0x00000000c3f00000, 0x00000000c3f00000|100%| O|  |TAMS 0x00000000c3f00000, 0x00000000c3e00000| Updating 
|  63|0x00000000c3f00000, 0x00000000c4000000, 0x00000000c4000000|100%| O|  |TAMS 0x00000000c4000000, 0x00000000c3f00000| Updating 
|  64|0x00000000c4000000, 0x00000000c4100000, 0x00000000c4100000|100%| O|  |TAMS 0x00000000c4100000, 0x00000000c4000000| Updating 
|  65|0x00000000c4100000, 0x00000000c4200000, 0x00000000c4200000|100%| O|  |TAMS 0x00000000c4200000, 0x00000000c4100000| Updating 
|  66|0x00000000c4200000, 0x00000000c4300000, 0x00000000c4300000|100%| O|  |TAMS 0x00000000c4300000, 0x00000000c4200000| Updating 
|  67|0x00000000c4300000, 0x00000000c4400000, 0x00000000c4400000|100%| O|  |TAMS 0x00000000c4400000, 0x00000000c4300000| Updating 
|  68|0x00000000c4400000, 0x00000000c4500000, 0x00000000c4500000|100%| O|  |TAMS 0x00000000c4500000, 0x00000000c4400000| Updating 
|  69|0x00000000c4500000, 0x00000000c4600000, 0x00000000c4600000|100%| O|  |TAMS 0x00000000c4600000, 0x00000000c4500000| Updating 
|  70|0x00000000c4600000, 0x00000000c4700000, 0x00000000c4700000|100%| O|  |TAMS 0x00000000c4700000, 0x00000000c4600000| Updating 
|  71|0x00000000c4700000, 0x00000000c4800000, 0x00000000c4800000|100%| O|  |TAMS 0x00000000c4800000, 0x00000000c4700000| Updating 
|  72|0x00000000c4800000, 0x00000000c4900000, 0x00000000c4900000|100%| O|  |TAMS 0x00000000c4900000, 0x00000000c4800000| Updating 
|  73|0x00000000c4900000, 0x00000000c4a00000, 0x00000000c4a00000|100%| O|  |TAMS 0x00000000c4a00000, 0x00000000c4900000| Updating 
|  74|0x00000000c4a00000, 0x00000000c4b00000, 0x00000000c4b00000|100%| O|  |TAMS 0x00000000c4b00000, 0x00000000c4a00000| Updating 
|  75|0x00000000c4b00000, 0x00000000c4c00000, 0x00000000c4c00000|100%| O|  |TAMS 0x00000000c4c00000, 0x00000000c4b00000| Updating 
|  76|0x00000000c4c00000, 0x00000000c4d00000, 0x00000000c4d00000|100%| O|  |TAMS 0x00000000c4cd6600, 0x00000000c4c00000| Updating 
|  77|0x00000000c4d00000, 0x00000000c4e00000, 0x00000000c4e00000|100%|HS|  |TAMS 0x00000000c4e00000, 0x00000000c4d00000| Complete 
|  78|0x00000000c4e00000, 0x00000000c4f00000, 0x00000000c4f00000|100%|HC|  |TAMS 0x00000000c4f00000, 0x00000000c4e00000| Complete 
|  79|0x00000000c4f00000, 0x00000000c5000000, 0x00000000c5000000|100%|HC|  |TAMS 0x00000000c5000000, 0x00000000c4f00000| Complete 
|  80|0x00000000c5000000, 0x00000000c5100000, 0x00000000c5100000|100%|HC|  |TAMS 0x00000000c5100000, 0x00000000c5000000| Complete 
|  81|0x00000000c5100000, 0x00000000c5200000, 0x00000000c5200000|100%|HC|  |TAMS 0x00000000c5200000, 0x00000000c5100000| Complete 
|  82|0x00000000c5200000, 0x00000000c5300000, 0x00000000c5300000|100%|HC|  |TAMS 0x00000000c5300000, 0x00000000c5200000| Complete 
|  83|0x00000000c5300000, 0x00000000c5400000, 0x00000000c5400000|100%|HC|  |TAMS 0x00000000c5400000, 0x00000000c5300000| Complete 
|  84|0x00000000c5400000, 0x00000000c5500000, 0x00000000c5500000|100%|HC|  |TAMS 0x00000000c5500000, 0x00000000c5400000| Complete 
|  85|0x00000000c5500000, 0x00000000c5600000, 0x00000000c5600000|100%| O|  |TAMS 0x00000000c5500000, 0x00000000c5500000| Untracked 
|  86|0x00000000c5600000, 0x00000000c5700000, 0x00000000c5700000|100%| O|  |TAMS 0x00000000c5600000, 0x00000000c5600000| Untracked 
|  87|0x00000000c5700000, 0x00000000c5800000, 0x00000000c5800000|100%|HS|  |TAMS 0x00000000c5700000, 0x00000000c5700000| Complete 
|  88|0x00000000c5800000, 0x00000000c5900000, 0x00000000c5900000|100%|HC|  |TAMS 0x00000000c5800000, 0x00000000c5800000| Complete 
|  89|0x00000000c5900000, 0x00000000c5a00000, 0x00000000c5a00000|100%|HC|  |TAMS 0x00000000c5900000, 0x00000000c5900000| Complete 
|  90|0x00000000c5a00000, 0x00000000c5b00000, 0x00000000c5b00000|100%|HC|  |TAMS 0x00000000c5a00000, 0x00000000c5a00000| Complete 
|  91|0x00000000c5b00000, 0x00000000c5c00000, 0x00000000c5c00000|100%|HC|  |TAMS 0x00000000c5b00000, 0x00000000c5b00000| Complete 
|  92|0x00000000c5c00000, 0x00000000c5d00000, 0x00000000c5d00000|100%|HC|  |TAMS 0x00000000c5c00000, 0x00000000c5c00000| Complete 
|  93|0x00000000c5d00000, 0x00000000c5e00000, 0x00000000c5e00000|100%|HC|  |TAMS 0x00000000c5d00000, 0x00000000c5d00000| Complete 
|  94|0x00000000c5e00000, 0x00000000c5f00000, 0x00000000c5f00000|100%|HC|  |TAMS 0x00000000c5e00000, 0x00000000c5e00000| Complete 
|  95|0x00000000c5f00000, 0x00000000c6000000, 0x00000000c6000000|100%|HS|  |TAMS 0x00000000c5f00000, 0x00000000c5f00000| Complete 
|  96|0x00000000c6000000, 0x00000000c6100000, 0x00000000c6100000|100%|HC|  |TAMS 0x00000000c6000000, 0x00000000c6000000| Complete 
|  97|0x00000000c6100000, 0x00000000c6200000, 0x00000000c6200000|100%|HC|  |TAMS 0x00000000c6100000, 0x00000000c6100000| Complete 
|  98|0x00000000c6200000, 0x00000000c6300000, 0x00000000c6300000|100%|HC|  |TAMS 0x00000000c6200000, 0x00000000c6200000| Complete 
|  99|0x00000000c6300000, 0x00000000c6400000, 0x00000000c6400000|100%|HC|  |TAMS 0x00000000c6300000, 0x00000000c6300000| Complete 
| 100|0x00000000c6400000, 0x00000000c6500000, 0x00000000c6500000|100%|HC|  |TAMS 0x00000000c6400000, 0x00000000c6400000| Complete 
| 101|0x00000000c6500000, 0x00000000c6600000, 0x00000000c6600000|100%|HC|  |TAMS 0x00000000c6500000, 0x00000000c6500000| Complete 
| 102|0x00000000c6600000, 0x00000000c6700000, 0x00000000c6700000|100%|HC|  |TAMS 0x00000000c6600000, 0x00000000c6600000| Complete 
| 103|0x00000000c6700000, 0x00000000c6700000, 0x00000000c6800000|  0%| F|  |TAMS 0x00000000c6700000, 0x00000000c6700000| Untracked 
| 104|0x00000000c6800000, 0x00000000c6800000, 0x00000000c6900000|  0%| F|  |TAMS 0x00000000c6800000, 0x00000000c6800000| Untracked 
| 105|0x00000000c6900000, 0x00000000c6900000, 0x00000000c6a00000|  0%| F|  |TAMS 0x00000000c6900000, 0x00000000c6900000| Untracked 
| 106|0x00000000c6a00000, 0x00000000c6a00000, 0x00000000c6b00000|  0%| F|  |TAMS 0x00000000c6a00000, 0x00000000c6a00000| Untracked 
| 107|0x00000000c6b00000, 0x00000000c6b00000, 0x00000000c6c00000|  0%| F|  |TAMS 0x00000000c6b00000, 0x00000000c6b00000| Untracked 
| 108|0x00000000c6c00000, 0x00000000c6c00000, 0x00000000c6d00000|  0%| F|  |TAMS 0x00000000c6c00000, 0x00000000c6c00000| Untracked 
| 109|0x00000000c6d00000, 0x00000000c6d00000, 0x00000000c6e00000|  0%| F|  |TAMS 0x00000000c6d00000, 0x00000000c6d00000| Untracked 
| 110|0x00000000c6e00000, 0x00000000c6e00000, 0x00000000c6f00000|  0%| F|  |TAMS 0x00000000c6e00000, 0x00000000c6e00000| Untracked 
| 111|0x00000000c6f00000, 0x00000000c6f00000, 0x00000000c7000000|  0%| F|  |TAMS 0x00000000c6f00000, 0x00000000c6f00000| Untracked 
| 112|0x00000000c7000000, 0x00000000c7000000, 0x00000000c7100000|  0%| F|  |TAMS 0x00000000c7000000, 0x00000000c7000000| Untracked 
| 113|0x00000000c7100000, 0x00000000c7100000, 0x00000000c7200000|  0%| F|  |TAMS 0x00000000c7100000, 0x00000000c7100000| Untracked 
| 114|0x00000000c7200000, 0x00000000c7200000, 0x00000000c7300000|  0%| F|  |TAMS 0x00000000c7200000, 0x00000000c7200000| Untracked 
| 115|0x00000000c7300000, 0x00000000c7300000, 0x00000000c7400000|  0%| F|  |TAMS 0x00000000c7300000, 0x00000000c7300000| Untracked 
| 116|0x00000000c7400000, 0x00000000c7400000, 0x00000000c7500000|  0%| F|  |TAMS 0x00000000c7400000, 0x00000000c7400000| Untracked 
| 117|0x00000000c7500000, 0x00000000c7500000, 0x00000000c7600000|  0%| F|  |TAMS 0x00000000c7500000, 0x00000000c7500000| Untracked 
| 118|0x00000000c7600000, 0x00000000c7600000, 0x00000000c7700000|  0%| F|  |TAMS 0x00000000c7600000, 0x00000000c7600000| Untracked 
| 119|0x00000000c7700000, 0x00000000c7700000, 0x00000000c7800000|  0%| F|  |TAMS 0x00000000c7700000, 0x00000000c7700000| Untracked 
| 120|0x00000000c7800000, 0x00000000c7800000, 0x00000000c7900000|  0%| F|  |TAMS 0x00000000c7800000, 0x00000000c7800000| Untracked 
| 121|0x00000000c7900000, 0x00000000c7900000, 0x00000000c7a00000|  0%| F|  |TAMS 0x00000000c7900000, 0x00000000c7900000| Untracked 
| 122|0x00000000c7a00000, 0x00000000c7a00000, 0x00000000c7b00000|  0%| F|  |TAMS 0x00000000c7a00000, 0x00000000c7a00000| Untracked 
| 123|0x00000000c7b00000, 0x00000000c7b00000, 0x00000000c7c00000|  0%| F|  |TAMS 0x00000000c7b00000, 0x00000000c7b00000| Untracked 
| 124|0x00000000c7c00000, 0x00000000c7c00000, 0x00000000c7d00000|  0%| F|  |TAMS 0x00000000c7c00000, 0x00000000c7c00000| Untracked 
| 125|0x00000000c7d00000, 0x00000000c7d00000, 0x00000000c7e00000|  0%| F|  |TAMS 0x00000000c7d00000, 0x00000000c7d00000| Untracked 
| 126|0x00000000c7e00000, 0x00000000c7e00000, 0x00000000c7f00000|  0%| F|  |TAMS 0x00000000c7e00000, 0x00000000c7e00000| Untracked 
| 127|0x00000000c7f00000, 0x00000000c7f00000, 0x00000000c8000000|  0%| F|  |TAMS 0x00000000c7f00000, 0x00000000c7f00000| Untracked 
| 128|0x00000000c8000000, 0x00000000c8000000, 0x00000000c8100000|  0%| F|  |TAMS 0x00000000c8000000, 0x00000000c8000000| Untracked 
| 129|0x00000000c8100000, 0x00000000c8100000, 0x00000000c8200000|  0%| F|  |TAMS 0x00000000c8100000, 0x00000000c8100000| Untracked 
| 130|0x00000000c8200000, 0x00000000c8200000, 0x00000000c8300000|  0%| F|  |TAMS 0x00000000c8200000, 0x00000000c8200000| Untracked 
| 131|0x00000000c8300000, 0x00000000c8300000, 0x00000000c8400000|  0%| F|  |TAMS 0x00000000c8300000, 0x00000000c8300000| Untracked 
| 132|0x00000000c8400000, 0x00000000c8400000, 0x00000000c8500000|  0%| F|  |TAMS 0x00000000c8400000, 0x00000000c8400000| Untracked 
| 133|0x00000000c8500000, 0x00000000c8500000, 0x00000000c8600000|  0%| F|  |TAMS 0x00000000c8500000, 0x00000000c8500000| Untracked 
| 134|0x00000000c8600000, 0x00000000c8600000, 0x00000000c8700000|  0%| F|  |TAMS 0x00000000c8600000, 0x00000000c8600000| Untracked 
| 135|0x00000000c8700000, 0x00000000c8700000, 0x00000000c8800000|  0%| F|  |TAMS 0x00000000c8700000, 0x00000000c8700000| Untracked 
| 136|0x00000000c8800000, 0x00000000c8800000, 0x00000000c8900000|  0%| F|  |TAMS 0x00000000c8800000, 0x00000000c8800000| Untracked 
| 137|0x00000000c8900000, 0x00000000c8900000, 0x00000000c8a00000|  0%| F|  |TAMS 0x00000000c8900000, 0x00000000c8900000| Untracked 
| 138|0x00000000c8a00000, 0x00000000c8a00000, 0x00000000c8b00000|  0%| F|  |TAMS 0x00000000c8a00000, 0x00000000c8a00000| Untracked 
| 139|0x00000000c8b00000, 0x00000000c8b00000, 0x00000000c8c00000|  0%| F|  |TAMS 0x00000000c8b00000, 0x00000000c8b00000| Untracked 
| 140|0x00000000c8c00000, 0x00000000c8c5f428, 0x00000000c8d00000| 37%| S|CS|TAMS 0x00000000c8c00000, 0x00000000c8c00000| Complete 
| 141|0x00000000c8d00000, 0x00000000c8e00000, 0x00000000c8e00000|100%| S|CS|TAMS 0x00000000c8d00000, 0x00000000c8d00000| Complete 
| 142|0x00000000c8e00000, 0x00000000c8f00000, 0x00000000c8f00000|100%| S|CS|TAMS 0x00000000c8e00000, 0x00000000c8e00000| Complete 
| 143|0x00000000c8f00000, 0x00000000c9000000, 0x00000000c9000000|100%| S|CS|TAMS 0x00000000c8f00000, 0x00000000c8f00000| Complete 
| 144|0x00000000c9000000, 0x00000000c9000000, 0x00000000c9100000|  0%| F|  |TAMS 0x00000000c9000000, 0x00000000c9000000| Untracked 
| 145|0x00000000c9100000, 0x00000000c9100000, 0x00000000c9200000|  0%| F|  |TAMS 0x00000000c9100000, 0x00000000c9100000| Untracked 
| 146|0x00000000c9200000, 0x00000000c9200000, 0x00000000c9300000|  0%| F|  |TAMS 0x00000000c9200000, 0x00000000c9200000| Untracked 
| 147|0x00000000c9300000, 0x00000000c9300000, 0x00000000c9400000|  0%| F|  |TAMS 0x00000000c9300000, 0x00000000c9300000| Untracked 
| 148|0x00000000c9400000, 0x00000000c9400000, 0x00000000c9500000|  0%| F|  |TAMS 0x00000000c9400000, 0x00000000c9400000| Untracked 
| 149|0x00000000c9500000, 0x00000000c95efcf8, 0x00000000c9600000| 93%| E|  |TAMS 0x00000000c9500000, 0x00000000c9500000| Complete 
| 150|0x00000000c9600000, 0x00000000c9700000, 0x00000000c9700000|100%| E|CS|TAMS 0x00000000c9600000, 0x00000000c9600000| Complete 
| 151|0x00000000c9700000, 0x00000000c97ffce0, 0x00000000c9800000| 99%| E|  |TAMS 0x00000000c9700000, 0x00000000c9700000| Complete 

Card table byte_map: [0x000002817ae10000,0x000002817b010000] _byte_map_base: 0x000002817a810000

Marking Bits (Prev, Next): (CMBitMap*) 0x000002816393f478, (CMBitMap*) 0x000002816393f4b8
 Prev Bits: [0x000002817b210000, 0x000002817c210000)
 Next Bits: [0x000002817c210000, 0x000002817d210000)

Polling page: 0x00000281617d0000

Metaspace:

Usage:
  Non-class:     57.60 MB capacity,    56.35 MB ( 98%) used,     1.08 MB (  2%) free+waste,   175.06 KB ( <1%) overhead. 
      Class:      9.36 MB capacity,     8.74 MB ( 93%) used,   553.49 KB (  6%) free+waste,    80.88 KB ( <1%) overhead. 
       Both:     66.97 MB capacity,    65.10 MB ( 97%) used,     1.62 MB (  2%) free+waste,   255.94 KB ( <1%) overhead. 

Virtual space:
  Non-class space:       58.00 MB reserved,      57.67 MB (>99%) committed 
      Class space:        1.00 GB reserved,       9.38 MB ( <1%) committed 
             Both:        1.06 GB reserved,      67.05 MB (  6%) committed 

Chunk freelists:
   Non-Class:  7.00 KB
       Class:  11.00 KB
        Both:  18.00 KB

MaxMetaspaceSize: 17179869184.00 GB
CompressedClassSpaceSize: 1.00 GB

CodeHeap 'non-profiled nmethods': size=120064Kb used=4308Kb max_used=4308Kb free=115755Kb
 bounds [0x00000281738d0000, 0x0000028173d10000, 0x000002817ae10000]
CodeHeap 'profiled nmethods': size=120000Kb used=18320Kb max_used=18320Kb free=101679Kb
 bounds [0x000002816c3a0000, 0x000002816d590000, 0x00000281738d0000]
CodeHeap 'non-nmethods': size=5696Kb used=2386Kb max_used=2419Kb free=3309Kb
 bounds [0x000002816be10000, 0x000002816c080000, 0x000002816c3a0000]
 total_blobs=12531 nmethods=8271 adapters=780
 compilation: enabled
              stopped_count=0, restarted_count=0
 full_count=0

Compilation events (20 events):
Event: 58.127 Thread 0x000002817f59d000 nmethod 9215 0x0000028173d04610 code [0x0000028173d047a0, 0x0000028173d048d8]
Event: 58.128 Thread 0x000002817f5a7000 9216       3       com.android.tools.r8.dex.n$$Lambda$660/0x000000080147c840::get (8 bytes)
Event: 58.128 Thread 0x000002817f5a7000 nmethod 9216 0x000002816d572e90 code [0x000002816d573040, 0x000002816d5731f0]
Event: 58.128 Thread 0x000002817f5a7000 9217       3       com.android.tools.r8.v.a.a.a.f.X::a (181 bytes)
Event: 58.129 Thread 0x000002817f5a7000 nmethod 9217 0x000002816d573310 code [0x000002816d573540, 0x000002816d573ee0]
Event: 58.130 Thread 0x000002817f59d000 9218       4       com.android.tools.r8.utils.W::c (23 bytes)
Event: 58.132 Thread 0x000002817f59d000 nmethod 9218 0x0000028173d04a90 code [0x0000028173d04c20, 0x0000028173d04d38]
Event: 58.132 Thread 0x000002817f5a7000 9219       3       com.android.tools.r8.graph.g0::equals (37 bytes)
Event: 58.133 Thread 0x000002817f5a7000 nmethod 9219 0x000002816d574210 code [0x000002816d5743e0, 0x000002816d574890]
Event: 58.133 Thread 0x000002817f5a7000 9220       3       com.android.tools.r8.dex.n::a (83 bytes)
Event: 58.133 Thread 0x000002817f5a7000 nmethod 9220 0x000002816d574990 code [0x000002816d574ba0, 0x000002816d5752c0]
Event: 58.134 Thread 0x000002817f5a7000 9221       3       com.android.tools.r8.s.a.b.m.a::a (453 bytes)
Event: 58.138 Thread 0x000002817f5a7000 nmethod 9221 0x000002816d575510 code [0x000002816d575a40, 0x000002816d578000]
Event: 58.141 Thread 0x000002817f5a7000 9222       3       jdk.internal.util.ArraysSupport::mismatch (73 bytes)
Event: 58.142 Thread 0x000002817f5a7000 nmethod 9222 0x000002816d578e90 code [0x000002816d579060, 0x000002816d579498]
Event: 58.147 Thread 0x000002817f5a7000 9223       3       com.android.tools.r8.dex.n::l (52 bytes)
Event: 58.148 Thread 0x000002817f5a7000 nmethod 9223 0x000002816d579690 code [0x000002816d5798c0, 0x000002816d57a370]
Event: 58.149 Thread 0x000002817f59d000 9224       4       com.android.tools.r8.graph.k::equals (22 bytes)
Event: 58.151 Thread 0x000002817f59d000 nmethod 9224 0x0000028173d04e10 code [0x0000028173d04fa0, 0x0000028173d05038]
Event: 58.152 Thread 0x000002817f5a7000 9225       3       com.android.tools.r8.s.a.b.m.a::d (1471 bytes)

GC Heap History (20 events):
Event: 31.665 GC heap before
{Heap before GC invocations=42 (full 0):
 garbage-first heap   total 129024K, used 90664K [0x00000000c0000000, 0x0000000100000000)
  region size 1024K, 32 young (32768K), 2 survivors (2048K)
 Metaspace       used 54662K, capacity 56076K, committed 56240K, reserved 1097728K
  class space    used 7321K, capacity 7819K, committed 7936K, reserved 1048576K
}
Event: 31.686 GC heap after
{Heap after GC invocations=43 (full 0):
 garbage-first heap   total 129024K, used 63083K [0x00000000c0000000, 0x0000000100000000)
  region size 1024K, 4 young (4096K), 4 survivors (4096K)
 Metaspace       used 54662K, capacity 56076K, committed 56240K, reserved 1097728K
  class space    used 7321K, capacity 7819K, committed 7936K, reserved 1048576K
}
Event: 33.269 GC heap before
{Heap before GC invocations=44 (full 0):
 garbage-first heap   total 129024K, used 93803K [0x00000000c0000000, 0x0000000100000000)
  region size 1024K, 34 young (34816K), 4 survivors (4096K)
 Metaspace       used 57733K, capacity 59254K, committed 59568K, reserved 1099776K
  class space    used 7833K, capacity 8331K, committed 8448K, reserved 1048576K
}
Event: 33.297 GC heap after
{Heap after GC invocations=45 (full 0):
 garbage-first heap   total 129024K, used 64974K [0x00000000c0000000, 0x0000000100000000)
  region size 1024K, 2 young (2048K), 2 survivors (2048K)
 Metaspace       used 57733K, capacity 59254K, committed 59568K, reserved 1099776K
  class space    used 7833K, capacity 8331K, committed 8448K, reserved 1048576K
}
Event: 35.582 GC heap before
{Heap before GC invocations=45 (full 0):
 garbage-first heap   total 129024K, used 96718K [0x00000000c0000000, 0x0000000100000000)
  region size 1024K, 33 young (33792K), 2 survivors (2048K)
 Metaspace       used 60031K, capacity 61670K, committed 61872K, reserved 1101824K
  class space    used 8073K, capacity 8601K, committed 8704K, reserved 1048576K
}
Event: 35.606 GC heap after
{Heap after GC invocations=46 (full 0):
 garbage-first heap   total 129024K, used 67903K [0x00000000c0000000, 0x0000000100000000)
  region size 1024K, 5 young (5120K), 5 survivors (5120K)
 Metaspace       used 60031K, capacity 61670K, committed 61872K, reserved 1101824K
  class space    used 8073K, capacity 8601K, committed 8704K, reserved 1048576K
}
Event: 38.084 GC heap before
{Heap before GC invocations=47 (full 0):
 garbage-first heap   total 129024K, used 98623K [0x00000000c0000000, 0x0000000100000000)
  region size 1024K, 35 young (35840K), 5 survivors (5120K)
 Metaspace       used 61728K, capacity 63459K, committed 63664K, reserved 1103872K
  class space    used 8346K, capacity 8919K, committed 8960K, reserved 1048576K
}
Event: 38.122 GC heap after
{Heap after GC invocations=48 (full 0):
 garbage-first heap   total 155648K, used 71764K [0x00000000c0000000, 0x0000000100000000)
  region size 1024K, 4 young (4096K), 4 survivors (4096K)
 Metaspace       used 61728K, capacity 63459K, committed 63664K, reserved 1103872K
  class space    used 8346K, capacity 8919K, committed 8960K, reserved 1048576K
}
Event: 41.232 GC heap before
{Heap before GC invocations=48 (full 0):
 garbage-first heap   total 155648K, used 110676K [0x00000000c0000000, 0x0000000100000000)
  region size 1024K, 43 young (44032K), 4 survivors (4096K)
 Metaspace       used 62105K, capacity 63793K, committed 63920K, reserved 1103872K
  class space    used 8348K, capacity 8919K, committed 8960K, reserved 1048576K
}
Event: 41.255 GC heap after
{Heap after GC invocations=49 (full 0):
 garbage-first heap   total 155648K, used 74066K [0x00000000c0000000, 0x0000000100000000)
  region size 1024K, 3 young (3072K), 3 survivors (3072K)
 Metaspace       used 62105K, capacity 63793K, committed 63920K, reserved 1103872K
  class space    used 8348K, capacity 8919K, committed 8960K, reserved 1048576K
}
Event: 44.209 GC heap before
{Heap before GC invocations=49 (full 0):
 garbage-first heap   total 155648K, used 115026K [0x00000000c0000000, 0x0000000100000000)
  region size 1024K, 43 young (44032K), 3 survivors (3072K)
 Metaspace       used 63011K, capacity 64817K, committed 65072K, reserved 1105920K
  class space    used 8447K, capacity 9050K, committed 9088K, reserved 1048576K
}
Event: 44.229 GC heap after
{Heap after GC invocations=50 (full 0):
 garbage-first heap   total 155648K, used 76270K [0x00000000c0000000, 0x0000000100000000)
  region size 1024K, 5 young (5120K), 5 survivors (5120K)
 Metaspace       used 63011K, capacity 64817K, committed 65072K, reserved 1105920K
  class space    used 8447K, capacity 9050K, committed 9088K, reserved 1048576K
}
Event: 46.897 GC heap before
{Heap before GC invocations=51 (full 0):
 garbage-first heap   total 155648K, used 119278K [0x00000000c0000000, 0x0000000100000000)
  region size 1024K, 48 young (49152K), 5 survivors (5120K)
 Metaspace       used 63588K, capacity 65430K, committed 65712K, reserved 1105920K
  class space    used 8510K, capacity 9132K, committed 9216K, reserved 1048576K
}
Event: 46.926 GC heap after
{Heap after GC invocations=52 (full 0):
 garbage-first heap   total 155648K, used 78827K [0x00000000c0000000, 0x0000000100000000)
  region size 1024K, 5 young (5120K), 5 survivors (5120K)
 Metaspace       used 63588K, capacity 65430K, committed 65712K, reserved 1105920K
  class space    used 8510K, capacity 9132K, committed 9216K, reserved 1048576K
}
Event: 49.723 GC heap before
{Heap before GC invocations=52 (full 0):
 garbage-first heap   total 155648K, used 120811K [0x00000000c0000000, 0x0000000100000000)
  region size 1024K, 47 young (48128K), 5 survivors (5120K)
 Metaspace       used 63897K, capacity 65766K, committed 65968K, reserved 1105920K
  class space    used 8553K, capacity 9191K, committed 9216K, reserved 1048576K
}
Event: 49.750 GC heap after
{Heap after GC invocations=53 (full 0):
 garbage-first heap   total 155648K, used 80677K [0x00000000c0000000, 0x0000000100000000)
  region size 1024K, 5 young (5120K), 5 survivors (5120K)
 Metaspace       used 63897K, capacity 65766K, committed 65968K, reserved 1105920K
  class space    used 8553K, capacity 9191K, committed 9216K, reserved 1048576K
}
Event: 57.179 GC heap before
{Heap before GC invocations=54 (full 0):
 garbage-first heap   total 155648K, used 111397K [0x00000000c0000000, 0x0000000100000000)
  region size 1024K, 37 young (37888K), 5 survivors (5120K)
 Metaspace       used 64968K, capacity 66872K, committed 67120K, reserved 1107968K
  class space    used 8721K, capacity 9339K, committed 9344K, reserved 1048576K
}
Event: 57.219 GC heap after
{Heap after GC invocations=55 (full 0):
 garbage-first heap   total 155648K, used 82651K [0x00000000c0000000, 0x0000000100000000)
  region size 1024K, 4 young (4096K), 4 survivors (4096K)
 Metaspace       used 64968K, capacity 66872K, committed 67120K, reserved 1107968K
  class space    used 8721K, capacity 9339K, committed 9344K, reserved 1048576K
}
Event: 57.917 GC heap before
{Heap before GC invocations=56 (full 0):
 garbage-first heap   total 155648K, used 96987K [0x00000000c0000000, 0x0000000100000000)
  region size 1024K, 12 young (12288K), 4 survivors (4096K)
 Metaspace       used 66415K, capacity 68343K, committed 68400K, reserved 1107968K
  class space    used 8919K, capacity 9555K, committed 9600K, reserved 1048576K
}
Event: 57.935 GC heap after
{Heap after GC invocations=57 (full 0):
 garbage-first heap   total 155648K, used 92541K [0x00000000c0000000, 0x0000000100000000)
  region size 1024K, 4 young (4096K), 4 survivors (4096K)
 Metaspace       used 66415K, capacity 68343K, committed 68400K, reserved 1107968K
  class space    used 8919K, capacity 9555K, committed 9600K, reserved 1048576K
}

Deoptimization events (20 events):
Event: 51.864 Thread 0x000002810095d800 DEOPT PACKING pc=0x000002816d4b1b33 sp=0x00000099cbaf9680
Event: 51.864 Thread 0x000002810095d800 DEOPT UNPACKING pc=0x000002816be5994e sp=0x00000099cbaf8af8 mode 0
Event: 56.991 Thread 0x00000281027c0000 Uncommon trap: trap_request=0xffffff45 fr.pc=0x0000028173946a44 relative=0x00000000000012c4
Event: 56.991 Thread 0x00000281027c0000 Uncommon trap: reason=unstable_if action=reinterpret pc=0x0000028173946a44 method=sun.nio.fs.WindowsPathParser.isSlash(C)Z @ 9 c2
Event: 56.991 Thread 0x00000281027c0000 DEOPT PACKING pc=0x0000028173946a44 sp=0x00000099cd0fddb0
Event: 56.991 Thread 0x00000281027c0000 DEOPT UNPACKING pc=0x000002816be5942f sp=0x00000099cd0fdd20 mode 2
Event: 56.991 Thread 0x00000281027c0000 Uncommon trap: trap_request=0xffffff45 fr.pc=0x00000281738e825c relative=0x000000000000003c
Event: 56.991 Thread 0x00000281027c0000 Uncommon trap: reason=unstable_if action=reinterpret pc=0x00000281738e825c method=sun.nio.fs.WindowsPathParser.isSlash(C)Z @ 9 c2
Event: 56.991 Thread 0x00000281027c0000 DEOPT PACKING pc=0x00000281738e825c sp=0x00000099cd0fdd90
Event: 56.991 Thread 0x00000281027c0000 DEOPT UNPACKING pc=0x000002816be5942f sp=0x00000099cd0fdd18 mode 2
Event: 56.995 Thread 0x00000281027c0000 Uncommon trap: trap_request=0xffffff45 fr.pc=0x000002817393d750 relative=0x00000000000012f0
Event: 56.995 Thread 0x00000281027c0000 Uncommon trap: reason=unstable_if action=reinterpret pc=0x000002817393d750 method=sun.nio.fs.WindowsPathParser.isSlash(C)Z @ 9 c2
Event: 56.995 Thread 0x00000281027c0000 DEOPT PACKING pc=0x000002817393d750 sp=0x00000099cd0fddb0
Event: 56.995 Thread 0x00000281027c0000 DEOPT UNPACKING pc=0x000002816be5942f sp=0x00000099cd0fdd20 mode 2
Event: 57.903 Thread 0x00000281027c0000 Uncommon trap: trap_request=0xffffff45 fr.pc=0x0000028173c4afec relative=0x00000000000000cc
Event: 57.903 Thread 0x00000281027c0000 Uncommon trap: reason=unstable_if action=reinterpret pc=0x0000028173c4afec method=jdk.internal.misc.Unsafe.convEndian(ZS)S @ 4 c2
Event: 57.903 Thread 0x00000281027c0000 DEOPT PACKING pc=0x0000028173c4afec sp=0x00000099cd0fd910
Event: 57.903 Thread 0x00000281027c0000 DEOPT UNPACKING pc=0x000002816be5942f sp=0x00000099cd0fd7d0 mode 2
Event: 57.992 Thread 0x00000281027c0000 DEOPT PACKING pc=0x000002816d55e1bd sp=0x00000099cd0fda60
Event: 57.992 Thread 0x00000281027c0000 DEOPT UNPACKING pc=0x000002816be5994e sp=0x00000099cd0fcf48 mode 0

Classes unloaded (11 events):
Event: 44.433 Thread 0x00000281639dc800 Unloading class 0x00000008013ef040 'org/gradle/api/internal/artifacts/transform/DefaultTransformerInvocationFactory$2$$Lambda$554'
Event: 44.433 Thread 0x00000281639dc800 Unloading class 0x00000008013e9c40 'org/gradle/internal/execution/steps/SkipUpToDateStep$$Lambda$552'
Event: 44.433 Thread 0x00000281639dc800 Unloading class 0x00000008013e9440 'org/gradle/internal/execution/steps/ResolveChangesStep$$Lambda$550'
Event: 44.433 Thread 0x00000281639dc800 Unloading class 0x00000008013e8c40 'org/gradle/internal/execution/steps/ResolveChangesStep$$Lambda$548'
Event: 44.433 Thread 0x00000281639dc800 Unloading class 0x00000008013d2440 'org/gradle/api/internal/artifacts/transform/DefaultTransformerInvocationFactory$TransformerExecution$$Lambda$540'
Event: 44.433 Thread 0x00000281639dc800 Unloading class 0x00000008013d3040 'org/gradle/internal/execution/steps/CaptureStateBeforeExecutionStep$$Lambda$539'
Event: 44.433 Thread 0x00000281639dc800 Unloading class 0x00000008013d3c40 'java/lang/invoke/LambdaForm$DMH'
Event: 44.433 Thread 0x00000281639dc800 Unloading class 0x00000008013d4440 'org/gradle/internal/execution/steps/CaptureStateBeforeExecutionStep$$Lambda$536'
Event: 44.433 Thread 0x00000281639dc800 Unloading class 0x00000008013d5840 'org/gradle/internal/execution/steps/ValidateStep$$Lambda$530'
Event: 44.433 Thread 0x00000281639dc800 Unloading class 0x00000008013d7440 'org/gradle/api/internal/artifacts/transform/DefaultTransformerInvocationFactory$2$$Lambda$525'
Event: 44.433 Thread 0x00000281639dc800 Unloading class 0x00000008013ab440 'org/gradle/execution/plan/DefaultPlanExecutor$ExecutorWorker$$Lambda$509'

Classes redefined (0 events):
No events

Internal exceptions (20 events):
Event: 45.744 Thread 0x00000281027b9800 Exception <a 'java/lang/NoSuchMethodError'{0x00000000c7f1e130}: 'java.lang.Object java.lang.invoke.DirectMethodHandle$Holder.invokeSpecial(java.lang.Object, java.lang.Object, java.lang.Object, java.lang.Object, java.lang.Object, int)'> (0x00000000c7f1e130) 
thrown [t:/workspace/open/src/hotspot/share/interpreter/linkResolver.cpp, line 767]
Event: 45.745 Thread 0x00000281027b9800 Exception <a 'java/lang/NoSuchMethodError'{0x00000000c7f21868}: 'java.lang.Object java.lang.invoke.Invokers$Holder.linkToTargetMethod(java.lang.Object, java.lang.Object, java.lang.Object, int, java.lang.Object)'> (0x00000000c7f21868) 
thrown [t:/workspace/open/src/hotspot/share/interpreter/linkResolver.cpp, line 767]
Event: 46.940 Thread 0x00000281027b9800 Exception <a 'java/lang/NoSuchMethodError'{0x00000000c979c4e8}: static Lcom/android/build/gradle/internal/scope/SingleArtifactType;.<clinit>()V> (0x00000000c979c4e8) 
thrown [t:/workspace/open/src/hotspot/share/prims/jni.cpp, line 1347]
Event: 46.940 Thread 0x00000281027b9800 Exception <a 'java/lang/NoSuchMethodError'{0x00000000c979f1d0}: static Lcom/android/build/gradle/internal/scope/SingleArtifactType;.<clinit>()V> (0x00000000c979f1d0) 
thrown [t:/workspace/open/src/hotspot/share/prims/jni.cpp, line 1347]
Event: 46.943 Thread 0x00000281027b9800 Exception <a 'java/lang/NoSuchMethodError'{0x00000000c97b4488}: static Lcom/android/build/api/artifact/ArtifactKind;.<clinit>()V> (0x00000000c97b4488) 
thrown [t:/workspace/open/src/hotspot/share/prims/jni.cpp, line 1347]
Event: 46.943 Thread 0x00000281027b9800 Exception <a 'java/lang/NoSuchMethodError'{0x00000000c97b5718}: static Lcom/android/build/api/artifact/ArtifactKind;.<clinit>()V> (0x00000000c97b5718) 
thrown [t:/workspace/open/src/hotspot/share/prims/jni.cpp, line 1347]
Event: 47.342 Thread 0x00000281027b9800 Exception <a 'sun/nio/fs/WindowsException'{0x00000000c92c4c88}> (0x00000000c92c4c88) 
thrown [t:/workspace/open/src/hotspot/share/prims/jni.cpp, line 598]
Event: 47.353 Thread 0x00000281027b9800 Exception <a 'sun/nio/fs/WindowsException'{0x00000000c92c5608}> (0x00000000c92c5608) 
thrown [t:/workspace/open/src/hotspot/share/prims/jni.cpp, line 598]
Event: 47.353 Thread 0x00000281027b9800 Exception <a 'sun/nio/fs/WindowsException'{0x00000000c92c6268}> (0x00000000c92c6268) 
thrown [t:/workspace/open/src/hotspot/share/prims/jni.cpp, line 598]
Event: 47.358 Thread 0x00000281027b9800 Exception <a 'sun/nio/fs/WindowsException'{0x00000000c92cd968}> (0x00000000c92cd968) 
thrown [t:/workspace/open/src/hotspot/share/prims/jni.cpp, line 598]
Event: 47.358 Thread 0x00000281027b9800 Exception <a 'sun/nio/fs/WindowsException'{0x00000000c92ce2a8}> (0x00000000c92ce2a8) 
thrown [t:/workspace/open/src/hotspot/share/prims/jni.cpp, line 598]
Event: 47.358 Thread 0x00000281027b9800 Exception <a 'sun/nio/fs/WindowsException'{0x00000000c92cec68}> (0x00000000c92cec68) 
thrown [t:/workspace/open/src/hotspot/share/prims/jni.cpp, line 598]
Event: 47.359 Thread 0x00000281027b9800 Exception <a 'sun/nio/fs/WindowsException'{0x00000000c92d0908}> (0x00000000c92d0908) 
thrown [t:/workspace/open/src/hotspot/share/prims/jni.cpp, line 598]
Event: 47.359 Thread 0x00000281027b9800 Exception <a 'sun/nio/fs/WindowsException'{0x00000000c92d1258}> (0x00000000c92d1258) 
thrown [t:/workspace/open/src/hotspot/share/prims/jni.cpp, line 598]
Event: 47.359 Thread 0x00000281027b9800 Exception <a 'sun/nio/fs/WindowsException'{0x00000000c92d1c28}> (0x00000000c92d1c28) 
thrown [t:/workspace/open/src/hotspot/share/prims/jni.cpp, line 598]
Event: 51.024 Thread 0x00000281027b9800 Exception <a 'java/lang/NoSuchMethodError'{0x00000000c8863828}: static Lcom/android/build/gradle/internal/tasks/Workers$ActionParameters;.<clinit>()V> (0x00000000c8863828) 
thrown [t:/workspace/open/src/hotspot/share/prims/jni.cpp, line 1347]
Event: 51.029 Thread 0x00000281027b9800 Exception <a 'java/lang/NoSuchMethodError'{0x00000000c8875c00}: static Lcom/android/build/gradle/internal/tasks/DexMergingParams;.<clinit>()V> (0x00000000c8875c00) 
thrown [t:/workspace/open/src/hotspot/share/prims/jni.cpp, line 1347]
Event: 57.576 Thread 0x00000281027c0000 Exception <a 'sun/nio/fs/WindowsException'{0x00000000c97c0930}> (0x00000000c97c0930) 
thrown [t:/workspace/open/src/hotspot/share/prims/jni.cpp, line 598]
Event: 57.871 Thread 0x00000281027c0000 Exception <a 'java/lang/NoSuchMethodError'{0x00000000c923eab0}: 'java.lang.Object java.lang.invoke.DirectMethodHandle$Holder.invokeStatic(java.lang.Object, java.lang.Object, java.lang.Object, java.lang.Object, java.lang.Object, java.lang.Object, java.lang.Object, java.lang.Object, java.lang.Object, java.lang.Object, java.lang.Object, java.lang.Object, java.lang.Object, java.lang.Object, java.lang.Object, java.lang.Object, java.lang.Object, int, java.lang.Object)'> (0x00000000c923eab0) 
thrown [t:/workspace
Event: 57.877 Thread 0x00000281027c0000 Exception <a 'java/lang/NoSuchMethodError'{0x00000000c92434c8}: 'java.lang.Object java.lang.invoke.DirectMethodHandle$Holder.invokeStaticInit(java.lang.Object, java.lang.Object, java.lang.Object, java.lang.Object, java.lang.Object, java.lang.Object, java.lang.Object, java.lang.Object, java.lang.Object, java.lang.Object, java.lang.Object, java.lang.Object, java.lang.Object, java.lang.Object, java.lang.Object, java.lang.Object, java.lang.Object, int, java.lang.Object)'> (0x00000000c92434c8) 
thrown [t:/works

Events (20 events):
Event: 58.046 loading class com/android/tools/r8/s/a/b/l/b done
Event: 58.046 loading class com/android/tools/r8/s/a/b/l/f
Event: 58.046 loading class com/android/tools/r8/s/a/b/l/f done
Event: 58.050 loading class com/android/tools/r8/s/a/b/l/d$a
Event: 58.050 loading class com/android/tools/r8/s/a/b/l/d$a done
Event: 58.051 loading class com/android/tools/r8/dex/d
Event: 58.051 loading class com/android/tools/r8/dex/d done
Event: 58.052 loading class com/android/tools/r8/s/a/b/l/c
Event: 58.052 loading class com/android/tools/r8/s/a/b/l/c done
Event: 58.052 loading class com/android/tools/r8/s/a/b/l/d$c
Event: 58.052 loading class com/android/tools/r8/s/a/b/l/d$c done
Event: 58.057 loading class com/android/tools/r8/dex/n
Event: 58.057 loading class com/android/tools/r8/dex/n done
Event: 58.057 loading class com/android/tools/r8/graph/g0
Event: 58.057 loading class com/android/tools/r8/graph/g0 done
Event: 58.057 loading class com/android/tools/r8/graph/g0
Event: 58.057 loading class com/android/tools/r8/graph/g0 done
Event: 58.058 loading class com/android/tools/r8/graph/B
Event: 58.058 loading class com/android/tools/r8/graph/B done
Event: 58.167 Executing VM operation: G1Concurrent


Dynamic libraries:
0x00007ff6452d0000 - 0x00007ff6452df000 	C:\Program Files\Java\jdk-13.0.2\bin\java.exe
0x00007ff845a20000 - 0x00007ff845c0d000 	C:\Windows\SYSTEM32\ntdll.dll
0x00007ff8452c0000 - 0x00007ff845373000 	C:\Windows\System32\KERNEL32.DLL
0x00007ff841ae0000 - 0x00007ff841d75000 	C:\Windows\System32\KERNELBASE.dll
0x00007ff8420b0000 - 0x00007ff8421aa000 	C:\Windows\System32\ucrtbase.dll
0x00007ff8385a0000 - 0x00007ff8385b8000 	C:\Program Files\Java\jdk-13.0.2\bin\jli.dll
0x00007ff842f70000 - 0x00007ff843013000 	C:\Windows\System32\ADVAPI32.dll
0x00007ff845740000 - 0x00007ff8457de000 	C:\Windows\System32\msvcrt.dll
0x00007ff844eb0000 - 0x00007ff844f4e000 	C:\Windows\System32\sechost.dll
0x00007ff844d70000 - 0x00007ff844e92000 	C:\Windows\System32\RPCRT4.dll
0x00007ff843620000 - 0x00007ff8437b7000 	C:\Windows\System32\USER32.dll
0x00007ff842330000 - 0x00007ff842350000 	C:\Windows\System32\win32u.dll
0x00007ff8456a0000 - 0x00007ff8456c9000 	C:\Windows\System32\GDI32.dll
0x00007ff842aa0000 - 0x00007ff842c39000 	C:\Windows\System32\gdi32full.dll
0x00007ff841d80000 - 0x00007ff841e20000 	C:\Windows\System32\msvcp_win.dll
0x00007ff8305b0000 - 0x00007ff830829000 	C:\Windows\WinSxS\amd64_microsoft.windows.common-controls_6595b64144ccf1df_6.0.17763.1217_none_de6e4304534e0ad3\COMCTL32.dll
0x00007ff842c40000 - 0x00007ff842f6c000 	C:\Windows\System32\combase.dll
0x00007ff8421e0000 - 0x00007ff84225e000 	C:\Windows\System32\bcryptPrimitives.dll
0x00007ff83d520000 - 0x00007ff83d52a000 	C:\Windows\SYSTEM32\VERSION.dll
0x00007ff835400000 - 0x00007ff835415000 	C:\Program Files\Java\jdk-13.0.2\bin\VCRUNTIME140.dll
0x00007ff845610000 - 0x00007ff84563e000 	C:\Windows\System32\IMM32.DLL
0x00007ff820540000 - 0x00007ff8205db000 	C:\Program Files\Java\jdk-13.0.2\bin\msvcp140.dll
0x00007ff818bf0000 - 0x00007ff81974d000 	C:\Program Files\Java\jdk-13.0.2\bin\server\jvm.dll
0x00007ff843610000 - 0x00007ff843618000 	C:\Windows\System32\PSAPI.DLL
0x00007ff83b280000 - 0x00007ff83b289000 	C:\Windows\SYSTEM32\WSOCK32.dll
0x00007ff83fa10000 - 0x00007ff83fa34000 	C:\Windows\SYSTEM32\WINMM.dll
0x00007ff83f9e0000 - 0x00007ff83fa0d000 	C:\Windows\SYSTEM32\WINMMBASE.dll
0x00007ff841e20000 - 0x00007ff841e6a000 	C:\Windows\System32\cfgmgr32.dll
0x00007ff844f50000 - 0x00007ff844fbd000 	C:\Windows\System32\WS2_32.dll
0x00007ff841a70000 - 0x00007ff841a81000 	C:\Windows\System32\kernel.appcore.dll
0x00007ff83fc20000 - 0x00007ff83fc30000 	C:\Program Files\Java\jdk-13.0.2\bin\verify.dll
0x00007ff831500000 - 0x00007ff8316ed000 	C:\Windows\SYSTEM32\DBGHELP.DLL
0x00007ff8313f0000 - 0x00007ff83141a000 	C:\Windows\SYSTEM32\dbgcore.DLL
0x00007ff82d6c0000 - 0x00007ff82d6e6000 	C:\Program Files\Java\jdk-13.0.2\bin\java.dll
0x00007ff8310d0000 - 0x00007ff8310e7000 	C:\Program Files\Java\jdk-13.0.2\bin\zip.dll
0x00007ff83fb30000 - 0x00007ff83fb3a000 	C:\Program Files\Java\jdk-13.0.2\bin\jimage.dll
0x00007ff8437c0000 - 0x00007ff844cb4000 	C:\Windows\System32\SHELL32.dll
0x00007ff844cc0000 - 0x00007ff844d68000 	C:\Windows\System32\shcore.dll
0x00007ff842350000 - 0x00007ff842a9e000 	C:\Windows\System32\windows.storage.dll
0x00007ff841a90000 - 0x00007ff841ab4000 	C:\Windows\System32\profapi.dll
0x00007ff841a10000 - 0x00007ff841a6d000 	C:\Windows\System32\powrprof.dll
0x00007ff845640000 - 0x00007ff845692000 	C:\Windows\System32\shlwapi.dll
0x00007ff842310000 - 0x00007ff842327000 	C:\Windows\System32\cryptsp.dll
0x00007ff830110000 - 0x00007ff830129000 	C:\Program Files\Java\jdk-13.0.2\bin\net.dll
0x00007ff8394b0000 - 0x00007ff8395a2000 	C:\Windows\SYSTEM32\WINHTTP.dll
0x00007ff8411d0000 - 0x00007ff841237000 	C:\Windows\system32\mswsock.dll
0x00007ff82e9b0000 - 0x00007ff82e9c3000 	C:\Program Files\Java\jdk-13.0.2\bin\nio.dll
0x00007ff8274c0000 - 0x00007ff8274e6000 	C:\Users\ELCOT\.gradle\caches\gradle-6.5\native\31\windows-amd64\native-platform.dll
0x00007ff83b550000 - 0x00007ff83b559000 	C:\Program Files\Java\jdk-13.0.2\bin\management.dll
0x00007ff83ae50000 - 0x00007ff83ae5b000 	C:\Program Files\Java\jdk-13.0.2\bin\management_ext.dll
0x00007ff840d60000 - 0x00007ff840d93000 	C:\Windows\system32\rsaenh.dll
0x00007ff8421b0000 - 0x00007ff8421d6000 	C:\Windows\System32\bcrypt.dll
0x00007ff841940000 - 0x00007ff841968000 	C:\Windows\SYSTEM32\USERENV.dll
0x00007ff841350000 - 0x00007ff84135c000 	C:\Windows\SYSTEM32\CRYPTBASE.dll
0x00007ff840f00000 - 0x00007ff840f3d000 	C:\Windows\SYSTEM32\IPHLPAPI.DLL
0x00007ff8456d0000 - 0x00007ff8456d8000 	C:\Windows\System32\NSI.dll
0x00007ff839490000 - 0x00007ff8394a6000 	C:\Windows\SYSTEM32\dhcpcsvc6.DLL
0x00007ff839470000 - 0x00007ff83948c000 	C:\Windows\SYSTEM32\dhcpcsvc.DLL
0x00007ff840f40000 - 0x00007ff841007000 	C:\Windows\SYSTEM32\DNSAPI.dll

dbghelp: loaded successfully - version: 4.0.5 - missing functions: none
symbol engine: initialized successfully - sym options: 0x614 - pdb path: .;C:\Program Files\Java\jdk-13.0.2\bin;C:\Windows\SYSTEM32;C:\Windows\WinSxS\amd64_microsoft.windows.common-controls_6595b64144ccf1df_6.0.17763.1217_none_de6e4304534e0ad3;C:\Program Files\Java\jdk-13.0.2\bin\server;C:\Users\ELCOT\.gradle\caches\gradle-6.5\native\31\windows-amd64

VM Arguments:
jvm_args: --add-opens=java.base/java.util=ALL-UNNAMED --add-opens=java.base/java.lang=ALL-UNNAMED --add-opens=java.base/java.lang.invoke=ALL-UNNAMED --add-opens=java.prefs/java.util.prefs=ALL-UNNAMED -Xmx1024m -Dfile.encoding=windows-1252 -Duser.country=IN -Duser.language=en -Duser.variant 
java_command: org.gradle.launcher.daemon.bootstrap.GradleDaemon 6.1.1
java_class_path (initial): C:\Users\ELCOT\.gradle\caches\gradle-6.5\wrapper\dists\gradle-6.1.1-all\cfmwm155h49vnt3hynmlrsdst\gradle-6.1.1\lib\gradle-launcher-6.1.1.jar
Launcher Type: SUN_STANDARD

[Global flags]
     intx CICompilerCount                          = 2                                         {product} {ergonomic}
     uint ConcGCThreads                            = 1                                         {product} {ergonomic}
     uint G1ConcRefinementThreads                  = 2                                         {product} {ergonomic}
   size_t G1HeapRegionSize                         = 1048576                                   {product} {ergonomic}
    uintx GCDrainStackTargetSize                   = 64                                        {product} {ergonomic}
   size_t InitialHeapSize                          = 65011712                                  {product} {ergonomic}
   size_t MarkStackSize                            = 4194304                                   {product} {ergonomic}
   size_t MaxHeapSize                              = 1073741824                                {product} {command line}
   size_t MaxNewSize                               = 643825664                                 {product} {ergonomic}
   size_t MinHeapDeltaBytes                        = 1048576                                   {product} {ergonomic}
   size_t MinHeapSize                              = 8388608                                   {product} {ergonomic}
    uintx NonNMethodCodeHeapSize                   = 5826188                                {pd product} {ergonomic}
    uintx NonProfiledCodeHeapSize                  = 122916026                              {pd product} {ergonomic}
    uintx ProfiledCodeHeapSize                     = 122916026                              {pd product} {ergonomic}
    uintx ReservedCodeCacheSize                    = 251658240                              {pd product} {ergonomic}
     bool SegmentedCodeCache                       = true                                      {product} {ergonomic}
   size_t SoftMaxHeapSize                          = 1073741824                             {manageable} {ergonomic}
     bool UseCompressedClassPointers               = true                                 {lp64_product} {ergonomic}
     bool UseCompressedOops                        = true                                 {lp64_product} {ergonomic}
     bool UseG1GC                                  = true                                      {product} {ergonomic}
     bool UseLargePagesIndividualAllocation        = false                                  {pd product} {ergonomic}

Logging:
Log output configuration:
 #0: stdout all=warning uptime,level,tags
 #1: stderr all=off uptime,level,tags

Environment Variables:
JAVA_HOME=C:\Program Files\Android\Android Studio\jre
PATH=C:\Program Files\AdoptOpenJDK\jdk-11.0.7.10-hotspot\bin;C:\Program Files (x86)\Common Files\Oracle\Java\javapath;C:\MinGW\bin;C:\Windows\system32;C:\Windows;C:\Windows\System32\Wbem;C:\Windows\System32\WindowsPowerShell\v1.0\;C:\Windows\System32\OpenSSH\;C:\Program Files\nodejs\;C:\Users\ELCOT\Downloads\python-3.8.2;C:\Program Files\Dart\dart-sdk\bin;C:\drivers\chromedriver_win32.zip;C:\src\flutter\flutter_windows_v1.12.13+hotfix.9-stable\flutter\bin;C:\Program Files (x86)\Android\android-sdk\platforms\platform-tools;C:\Program Files (x86)\Android\android-sdk\platform-tools\api;C:\Downloads\installer_r16-windows.exe;C:\ProgramData\Microsoft\Windows\Start Menu\Programs\Android SDK Tools;D:\kishoreAndroid\Android\Android Studio\bin;D:\kishoreAndroid\Android\Android Studio;C:\ProgramData\Microsoft\Windows\Start Menu\Programs\Visual Studio Emulator for Android.lnk;C:\Downloads\vs_emulatorsetup.exe;C:\Program Files (x86)\Android\android-sdk\SDK Manager;D:\Kishore\platforms;C:\Users\ELCOT\AppData\Local\Programs\Python\Python38\Scripts\;C:\Users\;C:\Program Files\Android\Android Studio\jre;C:\Program Files\Java\jdk-13.0.2\bin;C:\Program Files\Java\jre1.8.0_251\bin;C:\Program Files (x86)\Android\platform-tools;C:\Downloads\python-3.8.2.exe;C:\Program Files\dotnet\;C:\Program Files\Microsoft SQL Server\130\Tools\Binn\;C:\Program Files\Microsoft SQL Server\Client SDK\ODBC\170\Tools\Binn\;D:\Git\cmd;C:\Users\ELCOT\AppData\Roaming\npm;C:\Users\ELCOT\AppData\Local\Programs\Python\Python39\Scripts\;C:\Users\ELCOT\AppData\Local\Programs\Python\Python39\;C:\Users\ELCOT\AppData\Local\ValidatorBuddy;C:\Users\ELCOT\AppData\Local\Programs\Python\Python38;C:\src\flutter\bin;D:\Heroku\bin;D:\Microsoft VS Code\bin;C:\Users\ELCOT\AppData\Roaming\npm\node_modules\firebase\node_modules\protobufjs\bin;
USERNAME=ELCOT
OS=Windows_NT
PROCESSOR_IDENTIFIER=AMD64 Family 21 Model 112 Stepping 0, AuthenticAMD



---------------  S Y S T E M  ---------------

OS: Windows 10 , 64 bit Build 17763 (10.0.17763.1158)
HyperV virtualization detected

CPU:total 2 (initial active 2) (2 cores per cpu, 1 threads per core) family 21 model 112 stepping 0, cmov, cx8, fxsr, mmx, sse, sse2, sse3, ssse3, sse4.1, sse4.2, popcnt, avx, avx2, aes, clmul, mmxext, 3dnowpref, lzcnt, sse4a, tsc, tscinvbit, tscinv, bmi1, bmi2, fma

Memory: 4k page, system-wide physical 3935M (347M free)
TotalPageFile size 5322M (AvailPageFile size 31M)
current process WorkingSet (physical memory assigned to process): 338M, peak: 344M
current process commit charge ("private bytes"): 371M, peak: 403M

vm_info: Java HotSpot(TM) 64-Bit Server VM (13.0.2+8) for windows-amd64 JRE (13.0.2+8), built on Dec 11 2019 09:20:33 by "mach5one" with unknown MS VC++:1916

END.
