#
# There is insufficient memory for the Java Runtime Environment to continue.
# Native memory allocation (mmap) failed to map 33554432 bytes for Failed to commit area from 0x00000000cb900000 to 0x00000000cd900000 of length 33554432.
# Possible reasons:
#   The system is out of physical RAM or swap space
#   The process is running with CompressedOops enabled, and the Java Heap may be blocking the growth of the native heap
# Possible solutions:
#   Reduce memory load on the system
#   Increase physical memory or swap space
#   Check if swap backing store is full
#   Decrease Java heap size (-Xmx/-Xms)
#   Decrease number of Java threads
#   Decrease Java thread stack sizes (-Xss)
#   Set larger code cache with -XX:ReservedCodeCacheSize=
#   JVM is running with Unscaled Compressed Oops mode in which the Java heap is
#     placed in the first 4GB address space. The Java Heap base address is the
#     maximum limit for the native heap growth. Please use -XX:HeapBaseMinAddress
#     to set the Java Heap base and to place the Java Heap above 4GB virtual address.
# This output file may be truncated or incomplete.
#
#  Out of Memory Error (t:/workspace/open/src/hotspot/os/windows/os_windows.cpp:3301), pid=8660, tid=4880
#
# JRE version: Java(TM) SE Runtime Environment (13.0.2+8) (build 13.0.2+8)
# Java VM: Java HotSpot(TM) 64-Bit Server VM (13.0.2+8, mixed mode, sharing, tiered, compressed oops, g1 gc, windows-amd64)
# No core dump will be written. Minidumps are not enabled by default on client versions of Windows
#

---------------  S U M M A R Y ------------

Command Line: --add-opens=java.base/java.util=ALL-UNNAMED --add-opens=java.base/java.lang=ALL-UNNAMED --add-opens=java.base/java.lang.invoke=ALL-UNNAMED --add-opens=java.prefs/java.util.prefs=ALL-UNNAMED -Xmx1024m -Dfile.encoding=windows-1252 -Duser.country=IN -Duser.language=en -Duser.variant org.gradle.launcher.daemon.bootstrap.GradleDaemon 6.1.1

Host: AMD PRO A4-4350B R4, 5 COMPUTE CORES 2C+3G     , 2 cores, 3G,  Windows 10 , 64 bit Build 17763 (10.0.17763.1158)
Time: Wed Sep 16 23:01:38 2020 Pacific Daylight Time elapsed time: 95 seconds (0d 0h 1m 35s)

---------------  T H R E A D  ---------------

Current thread (0x000002653a52d800):  VMThread "VM Thread" [stack: 0x000000c824300000,0x000000c824400000] [id=4880]

Stack: [0x000000c824300000,0x000000c824400000]
[error occurred during error reporting (printing stack bounds), id 0xc0000005, EXCEPTION_ACCESS_VIOLATION (0xc0000005) at pc=0x00000265429610ad]

Native frames: (J=compiled Java code, j=interpreted, Vv=VM code, C=native code)
V  [jvm.dll+0x624f9a]
V  [jvm.dll+0x770cfa]
V  [jvm.dll+0x7724af]
V  [jvm.dll+0x772a15]
V  [jvm.dll+0x7729cb]
V  [jvm.dll+0x6244df]
C  [ntdll.dll+0x66b26]
C  [ntdll.dll+0x4849]
C  [ntdll.dll+0xa350e]
C  0x00000265429610ad

VM_Operation (0x000000c823fff8f0): G1Concurrent, mode: safepoint, requested by thread 0x000002653a49a000


---------------  P R O C E S S  ---------------

Threads class SMR info:
_java_thread_list=0x00000265590166f0, length=37, elements={
0x000002653837e000, 0x00000265560ca000, 0x00000265560ce000, 0x00000265560ea000,
0x00000265560ec800, 0x00000265560ee000, 0x00000265560f4000, 0x0000026556109000,
0x0000026556b26800, 0x0000026556b2c000, 0x00000265578cc800, 0x0000026556e45800,
0x0000026558224000, 0x0000026557fde800, 0x0000026556f99800, 0x00000265582c5800,
0x00000265582c6800, 0x00000265582c4800, 0x00000265582c9800, 0x0000026558501000,
0x0000026558502000, 0x00000265584fc000, 0x00000265584fd000, 0x0000026558509000,
0x0000026558503800, 0x0000026558508800, 0x0000026558506800, 0x0000026558505000,
0x000002655850a000, 0x0000026558504000, 0x0000026558507800, 0x00000265582c9000,
0x00000265582c8000, 0x00000265582ca800, 0x00000265582c7000, 0x0000026559bd8000,
0x0000026559bd3800
}

Java Threads: ( => current thread )
  0x000002653837e000 JavaThread "main" [_thread_blocked, id=9792, stack(0x000000c823d00000,0x000000c823e00000)]
  0x00000265560ca000 JavaThread "Reference Handler" daemon [_thread_blocked, id=3116, stack(0x000000c824400000,0x000000c824500000)]
  0x00000265560ce000 JavaThread "Finalizer" daemon [_thread_blocked, id=10184, stack(0x000000c824500000,0x000000c824600000)]
  0x00000265560ea000 JavaThread "Signal Dispatcher" daemon [_thread_blocked, id=4580, stack(0x000000c824600000,0x000000c824700000)]
  0x00000265560ec800 JavaThread "Attach Listener" daemon [_thread_blocked, id=5416, stack(0x000000c824700000,0x000000c824800000)]
  0x00000265560ee000 JavaThread "C2 CompilerThread0" daemon [_thread_blocked, id=8640, stack(0x000000c824800000,0x000000c824900000)]
  0x00000265560f4000 JavaThread "C1 CompilerThread0" daemon [_thread_blocked, id=9968, stack(0x000000c824900000,0x000000c824a00000)]
  0x0000026556109000 JavaThread "Sweeper thread" daemon [_thread_blocked, id=8156, stack(0x000000c824a00000,0x000000c824b00000)]
  0x0000026556b26800 JavaThread "Common-Cleaner" daemon [_thread_blocked, id=2588, stack(0x000000c824b00000,0x000000c824c00000)]
  0x0000026556b2c000 JavaThread "Service Thread" daemon [_thread_blocked, id=8564, stack(0x000000c824c00000,0x000000c824d00000)]
  0x00000265578cc800 JavaThread "Daemon health stats" [_thread_blocked, id=10024, stack(0x000000c824f00000,0x000000c825000000)]
  0x0000026556e45800 JavaThread "Incoming local TCP Connector on port 54634" [_thread_in_native, id=5992, stack(0x000000c825000000,0x000000c825100000)]
  0x0000026558224000 JavaThread "Daemon periodic checks" [_thread_blocked, id=6704, stack(0x000000c825100000,0x000000c825200000)]
  0x0000026557fde800 JavaThread "Daemon" [_thread_blocked, id=764, stack(0x000000c825200000,0x000000c825300000)]
  0x0000026556f99800 JavaThread "Daemon worker" [_thread_blocked, id=2232, stack(0x000000c825500000,0x000000c825600000)]
  0x00000265582c5800 JavaThread "Cache worker for journal cache (C:\Users\ELCOT\.gradle\caches\gradle-6.5\caches\journal-1)" [_thread_blocked, id=5908, stack(0x000000c825900000,0x000000c825a00000)]
  0x00000265582c6800 JavaThread "File lock request listener" [_thread_in_native, id=8472, stack(0x000000c825a00000,0x000000c825b00000)]
  0x00000265582c4800 JavaThread "Cache worker for file hash cache (C:\Users\ELCOT\.gradle\caches\gradle-6.5\caches\6.1.1\fileHashes)" [_thread_blocked, id=9488, stack(0x000000c825b00000,0x000000c825c00000)]
  0x00000265582c9800 JavaThread "Cache worker for execution history cache (C:\Users\ELCOT\.gradle\caches\gradle-6.5\caches\6.1.1\executionHistory)" [_thread_blocked, id=2544, stack(0x000000c826000000,0x000000c826100000)]
  0x0000026558501000 JavaThread "Handler for socket connection from /127.0.0.1:54634 to /127.0.0.1:54640" [_thread_in_native, id=9332, stack(0x000000c823b00000,0x000000c823c00000)]
  0x0000026558502000 JavaThread "Cancel handler" [_thread_blocked, id=4044, stack(0x000000c823c00000,0x000000c823d00000)]
  0x00000265584fc000 JavaThread "Asynchronous log dispatcher for DefaultDaemonConnection: socket connection from /127.0.0.1:54634 to /127.0.0.1:54640" [_thread_blocked, id=6612, stack(0x000000c825300000,0x000000c825400000)]
  0x00000265584fd000 JavaThread "Stdin handler" [_thread_blocked, id=5732, stack(0x000000c825400000,0x000000c825500000)]
  0x0000026558509000 JavaThread "Thread-23" [_thread_blocked, id=9768, stack(0x000000c825600000,0x000000c825700000)]
  0x0000026558503800 JavaThread "Cache worker for checksums cache (D:\AndroidStudioProjects\DoChat\.gradle\checksums)" [_thread_blocked, id=1288, stack(0x000000c825700000,0x000000c825800000)]
  0x0000026558508800 JavaThread "Cache worker for file hash cache (D:\AndroidStudioProjects\DoChat\.gradle\6.1.1\fileHashes)" [_thread_blocked, id=7064, stack(0x000000c825800000,0x000000c825900000)]
  0x0000026558506800 JavaThread "Cache worker for cache directory md-supplier (C:\Users\ELCOT\.gradle\caches\gradle-6.5\caches\6.1.1\md-supplier)" [_thread_blocked, id=1240, stack(0x000000c825c00000,0x000000c825d00000)]
  0x0000026558505000 JavaThread "Cache worker for cache directory md-rule (C:\Users\ELCOT\.gradle\caches\gradle-6.5\caches\6.1.1\md-rule)" [_thread_blocked, id=6672, stack(0x000000c825d00000,0x000000c825e00000)]
  0x000002655850a000 JavaThread "Build operations" [_thread_blocked, id=7368, stack(0x000000c825e00000,0x000000c825f00000)]
  0x0000026558504000 JavaThread "Build operations Thread 2" [_thread_blocked, id=1352, stack(0x000000c825f00000,0x000000c826000000)]
  0x0000026558507800 JavaThread "Cache worker for Build Output Cleanup Cache (D:\AndroidStudioProjects\DoChat\.gradle\buildOutputCleanup)" [_thread_blocked, id=9280, stack(0x000000c826100000,0x000000c826200000)]
  0x00000265582c9000 JavaThread "Memory manager" [_thread_blocked, id=9432, stack(0x000000c826200000,0x000000c826300000)]
  0x00000265582c8000 JavaThread "Cache worker for file content cache (C:\Users\ELCOT\.gradle\caches\gradle-6.5\caches\6.1.1\fileContent)" [_thread_blocked, id=7000, stack(0x000000c826300000,0x000000c826400000)]
  0x00000265582ca800 JavaThread "Cache worker for file content cache (D:\AndroidStudioProjects\DoChat\.gradle\6.1.1\fileContent)" [_thread_blocked, id=5200, stack(0x000000c826600000,0x000000c826700000)]
  0x00000265582c7000 JavaThread "Execution worker for ':'" [_thread_blocked, id=4492, stack(0x000000c826700000,0x000000c826800000)]
  0x0000026559bd8000 JavaThread "Cache worker for execution history cache (D:\AndroidStudioProjects\DoChat\.gradle\6.1.1\executionHistory)" [_thread_blocked, id=7672, stack(0x000000c826800000,0x000000c826900000)]
  0x0000026559bd3800 JavaThread "WorkerExecutor Queue" [_thread_blocked, id=6580, stack(0x000000c826900000,0x000000c826a00000)]

Other Threads:
=>0x000002653a52d800 VMThread "VM Thread" [stack: 0x000000c824300000,0x000000c824400000] [id=4880]
  0x0000026556b3c800 WatcherThread [stack: 0x000000c824d00000,0x000000c824e00000] [id=4032]
  0x000002653a490000 GCTaskThread "GC Thread#0" [stack: 0x000000c823e00000,0x000000c823f00000] [id=5996]
  0x0000026556c17800 GCTaskThread "GC Thread#1" [stack: 0x000000c824e00000,0x000000c824f00000] [id=632]
  0x000002653a49a000 ConcurrentGCThread "G1 Main Marker" [stack: 0x000000c823f00000,0x000000c824000000] [id=7136]
  0x000002653a49b000 ConcurrentGCThread "G1 Conc#0" [stack: 0x000000c824000000,0x000000c824100000] [id=1764]
  0x000002653a4e8800 ConcurrentGCThread "G1 Refine#0" [stack: 0x000000c824100000,0x000000c824200000] [id=9224]
  0x000002653a4ea800 ConcurrentGCThread "G1 Young RemSet Sampling" [stack: 0x000000c824200000,0x000000c824300000] [id=560]

Threads with active compile tasks:
C2 CompilerThread0    95971 11910  s    4       java.io.ByteArrayOutputStream::toByteArray (12 bytes)

VM state:at safepoint (normal execution)

VM Mutex/Monitor currently owned by a thread:  ([mutex/lock_event])
[0x000002653837b610] Threads_lock - owner thread: 0x000002653a52d800
[0x000002653837a530] Heap_lock - owner thread: 0x000002653a49a000

Heap address: 0x00000000c0000000, size: 1024 MB, Compressed Oops mode: 32-bit
Narrow klass base: 0x0000000800000000, Narrow klass shift: 3
Compressed class space size: 1073741824 Address: 0x0000000800b40000

Heap:
 garbage-first heap   total 222208K, used 129873K [0x00000000c0000000, 0x0000000100000000)
  region size 1024K, 5 young (5120K), 2 survivors (2048K)
 Metaspace       used 84334K, capacity 86902K, committed 87088K, reserved 1124352K
  class space    used 11043K, capacity 11866K, committed 11904K, reserved 1048576K
Heap Regions: E=young(eden), S=young(survivor), O=old, HS=humongous(starts), HC=humongous(continues), CS=collection set, F=free, A=archive, TAMS=top-at-mark-start (previous, next)
|   0|0x00000000c0000000, 0x00000000c0100000, 0x00000000c0100000|100%|HS|  |TAMS 0x00000000c0100000, 0x00000000c0000000| Complete 
|   1|0x00000000c0100000, 0x00000000c0200000, 0x00000000c0200000|100%|HC|  |TAMS 0x00000000c0200000, 0x00000000c0100000| Complete 
|   2|0x00000000c0200000, 0x00000000c0300000, 0x00000000c0300000|100%|HC|  |TAMS 0x00000000c0300000, 0x00000000c0200000| Complete 
|   3|0x00000000c0300000, 0x00000000c0400000, 0x00000000c0400000|100%| O|  |TAMS 0x00000000c0400000, 0x00000000c0300000| Updating 
|   4|0x00000000c0400000, 0x00000000c0500000, 0x00000000c0500000|100%| O|  |TAMS 0x00000000c0500000, 0x00000000c0400000| Updating 
|   5|0x00000000c0500000, 0x00000000c0600000, 0x00000000c0600000|100%| O|  |TAMS 0x00000000c0600000, 0x00000000c0500000| Updating 
|   6|0x00000000c0600000, 0x00000000c0700000, 0x00000000c0700000|100%| O|  |TAMS 0x00000000c0700000, 0x00000000c0600000| Updating 
|   7|0x00000000c0700000, 0x00000000c0800000, 0x00000000c0800000|100%| O|  |TAMS 0x00000000c0800000, 0x00000000c0700000| Updating 
|   8|0x00000000c0800000, 0x00000000c0900000, 0x00000000c0900000|100%| O|  |TAMS 0x00000000c0900000, 0x00000000c0800000| Updating 
|   9|0x00000000c0900000, 0x00000000c0a00000, 0x00000000c0a00000|100%| O|  |TAMS 0x00000000c0a00000, 0x00000000c0900000| Updating 
|  10|0x00000000c0a00000, 0x00000000c0a1e200, 0x00000000c0b00000| 11%| O|  |TAMS 0x00000000c0a1e200, 0x00000000c0a00000| Updating 
|  11|0x00000000c0b00000, 0x00000000c0c00000, 0x00000000c0c00000|100%| O|  |TAMS 0x00000000c0c00000, 0x00000000c0b00000| Updating 
|  12|0x00000000c0c00000, 0x00000000c0d00000, 0x00000000c0d00000|100%| O|  |TAMS 0x00000000c0d00000, 0x00000000c0c00000| Updating 
|  13|0x00000000c0d00000, 0x00000000c0e00000, 0x00000000c0e00000|100%| O|  |TAMS 0x00000000c0e00000, 0x00000000c0d00000| Updating 
|  14|0x00000000c0e00000, 0x00000000c0f00000, 0x00000000c0f00000|100%| O|  |TAMS 0x00000000c0f00000, 0x00000000c0e00000| Updating 
|  15|0x00000000c0f00000, 0x00000000c1000000, 0x00000000c1000000|100%| O|  |TAMS 0x00000000c1000000, 0x00000000c0f00000| Updating 
|  16|0x00000000c1000000, 0x00000000c1100000, 0x00000000c1100000|100%|HS|  |TAMS 0x00000000c1100000, 0x00000000c1000000| Complete 
|  17|0x00000000c1100000, 0x00000000c1200000, 0x00000000c1200000|100%|HC|  |TAMS 0x00000000c1200000, 0x00000000c1100000| Complete 
|  18|0x00000000c1200000, 0x00000000c1300000, 0x00000000c1300000|100%|HS|  |TAMS 0x00000000c1300000, 0x00000000c1200000| Complete 
|  19|0x00000000c1300000, 0x00000000c1400000, 0x00000000c1400000|100%|HC|  |TAMS 0x00000000c1400000, 0x00000000c1300000| Complete 
|  20|0x00000000c1400000, 0x00000000c1500000, 0x00000000c1500000|100%|HC|  |TAMS 0x00000000c1500000, 0x00000000c1400000| Complete 
|  21|0x00000000c1500000, 0x00000000c1600000, 0x00000000c1600000|100%|HS|  |TAMS 0x00000000c1600000, 0x00000000c1500000| Complete 
|  22|0x00000000c1600000, 0x00000000c1700000, 0x00000000c1700000|100%|HC|  |TAMS 0x00000000c1700000, 0x00000000c1600000| Complete 
|  23|0x00000000c1700000, 0x00000000c1800000, 0x00000000c1800000|100%|HC|  |TAMS 0x00000000c1800000, 0x00000000c1700000| Complete 
|  24|0x00000000c1800000, 0x00000000c1900000, 0x00000000c1900000|100%|HC|  |TAMS 0x00000000c1900000, 0x00000000c1800000| Complete 
|  25|0x00000000c1900000, 0x00000000c1a00000, 0x00000000c1a00000|100%|HS|  |TAMS 0x00000000c1a00000, 0x00000000c1900000| Complete 
|  26|0x00000000c1a00000, 0x00000000c1b00000, 0x00000000c1b00000|100%|HC|  |TAMS 0x00000000c1b00000, 0x00000000c1a00000| Complete 
|  27|0x00000000c1b00000, 0x00000000c1c00000, 0x00000000c1c00000|100%|HC|  |TAMS 0x00000000c1c00000, 0x00000000c1b00000| Complete 
|  28|0x00000000c1c00000, 0x00000000c1d00000, 0x00000000c1d00000|100%|HC|  |TAMS 0x00000000c1d00000, 0x00000000c1c00000| Complete 
|  29|0x00000000c1d00000, 0x00000000c1e00000, 0x00000000c1e00000|100%| O|  |TAMS 0x00000000c1e00000, 0x00000000c1d00000| Updating 
|  30|0x00000000c1e00000, 0x00000000c1f00000, 0x00000000c1f00000|100%| O|  |TAMS 0x00000000c1f00000, 0x00000000c1e00000| Updating 
|  31|0x00000000c1f00000, 0x00000000c1f00000, 0x00000000c2000000|  0%| F|  |TAMS 0x00000000c1f00000, 0x00000000c1f00000| Untracked 
|  32|0x00000000c2000000, 0x00000000c2100000, 0x00000000c2100000|100%| O|  |TAMS 0x00000000c2100000, 0x00000000c2000000| Updating 
|  33|0x00000000c2100000, 0x00000000c2200000, 0x00000000c2200000|100%| O|  |TAMS 0x00000000c2200000, 0x00000000c2100000| Updating 
|  34|0x00000000c2200000, 0x00000000c2300000, 0x00000000c2300000|100%| O|  |TAMS 0x00000000c2300000, 0x00000000c2200000| Updating 
|  35|0x00000000c2300000, 0x00000000c2400000, 0x00000000c2400000|100%| O|  |TAMS 0x00000000c2400000, 0x00000000c2300000| Updating 
|  36|0x00000000c2400000, 0x00000000c2500000, 0x00000000c2500000|100%| O|  |TAMS 0x00000000c2500000, 0x00000000c2400000| Updating 
|  37|0x00000000c2500000, 0x00000000c2600000, 0x00000000c2600000|100%| O|  |TAMS 0x00000000c2600000, 0x00000000c2500000| Updating 
|  38|0x00000000c2600000, 0x00000000c2700000, 0x00000000c2700000|100%| O|  |TAMS 0x00000000c2700000, 0x00000000c2600000| Updating 
|  39|0x00000000c2700000, 0x00000000c2800000, 0x00000000c2800000|100%| O|  |TAMS 0x00000000c2800000, 0x00000000c2700000| Updating 
|  40|0x00000000c2800000, 0x00000000c2900000, 0x00000000c2900000|100%| O|  |TAMS 0x00000000c2900000, 0x00000000c2800000| Updating 
|  41|0x00000000c2900000, 0x00000000c2a00000, 0x00000000c2a00000|100%| O|  |TAMS 0x00000000c2a00000, 0x00000000c2900000| Updating 
|  42|0x00000000c2a00000, 0x00000000c2b00000, 0x00000000c2b00000|100%| O|  |TAMS 0x00000000c2b00000, 0x00000000c2a00000| Updating 
|  43|0x00000000c2b00000, 0x00000000c2c00000, 0x00000000c2c00000|100%| O|  |TAMS 0x00000000c2c00000, 0x00000000c2b00000| Updating 
|  44|0x00000000c2c00000, 0x00000000c2d00000, 0x00000000c2d00000|100%|HS|  |TAMS 0x00000000c2d00000, 0x00000000c2c00000| Complete 
|  45|0x00000000c2d00000, 0x00000000c2e00000, 0x00000000c2e00000|100%|HC|  |TAMS 0x00000000c2e00000, 0x00000000c2d00000| Complete 
|  46|0x00000000c2e00000, 0x00000000c2f00000, 0x00000000c2f00000|100%|HC|  |TAMS 0x00000000c2f00000, 0x00000000c2e00000| Complete 
|  47|0x00000000c2f00000, 0x00000000c2f00000, 0x00000000c3000000|  0%| F|  |TAMS 0x00000000c2f00000, 0x00000000c2f00000| Untracked 
|  48|0x00000000c3000000, 0x00000000c3100000, 0x00000000c3100000|100%| O|  |TAMS 0x00000000c3100000, 0x00000000c3000000| Updating 
|  49|0x00000000c3100000, 0x00000000c3200000, 0x00000000c3200000|100%| O|  |TAMS 0x00000000c3200000, 0x00000000c3100000| Updating 
|  50|0x00000000c3200000, 0x00000000c3300000, 0x00000000c3300000|100%| O|  |TAMS 0x00000000c3300000, 0x00000000c3200000| Updating 
|  51|0x00000000c3300000, 0x00000000c3400000, 0x00000000c3400000|100%|HS|  |TAMS 0x00000000c3400000, 0x00000000c3300000| Complete 
|  52|0x00000000c3400000, 0x00000000c3500000, 0x00000000c3500000|100%|HC|  |TAMS 0x00000000c3500000, 0x00000000c3400000| Complete 
|  53|0x00000000c3500000, 0x00000000c3600000, 0x00000000c3600000|100%| O|  |TAMS 0x00000000c3600000, 0x00000000c3500000| Updating 
|  54|0x00000000c3600000, 0x00000000c3700000, 0x00000000c3700000|100%| O|  |TAMS 0x00000000c3700000, 0x00000000c3600000| Updating 
|  55|0x00000000c3700000, 0x00000000c3800000, 0x00000000c3800000|100%| O|  |TAMS 0x00000000c3800000, 0x00000000c3700000| Updating 
|  56|0x00000000c3800000, 0x00000000c3900000, 0x00000000c3900000|100%| O|  |TAMS 0x00000000c3900000, 0x00000000c3800000| Updating 
|  57|0x00000000c3900000, 0x00000000c3a00000, 0x00000000c3a00000|100%| O|  |TAMS 0x00000000c3a00000, 0x00000000c3900000| Updating 
|  58|0x00000000c3a00000, 0x00000000c3b00000, 0x00000000c3b00000|100%| O|  |TAMS 0x00000000c3b00000, 0x00000000c3a00000| Updating 
|  59|0x00000000c3b00000, 0x00000000c3c00000, 0x00000000c3c00000|100%| O|  |TAMS 0x00000000c3c00000, 0x00000000c3b00000| Updating 
|  60|0x00000000c3c00000, 0x00000000c3d00000, 0x00000000c3d00000|100%| O|  |TAMS 0x00000000c3d00000, 0x00000000c3c00000| Updating 
|  61|0x00000000c3d00000, 0x00000000c3e00000, 0x00000000c3e00000|100%| O|  |TAMS 0x00000000c3e00000, 0x00000000c3d00000| Updating 
|  62|0x00000000c3e00000, 0x00000000c3f00000, 0x00000000c3f00000|100%| O|  |TAMS 0x00000000c3f00000, 0x00000000c3e00000| Updating 
|  63|0x00000000c3f00000, 0x00000000c4000000, 0x00000000c4000000|100%| O|  |TAMS 0x00000000c4000000, 0x00000000c3f00000| Updating 
|  64|0x00000000c4000000, 0x00000000c4100000, 0x00000000c4100000|100%| O|  |TAMS 0x00000000c4100000, 0x00000000c4000000| Updating 
|  65|0x00000000c4100000, 0x00000000c4200000, 0x00000000c4200000|100%| O|  |TAMS 0x00000000c4200000, 0x00000000c4100000| Updating 
|  66|0x00000000c4200000, 0x00000000c4300000, 0x00000000c4300000|100%| O|  |TAMS 0x00000000c4300000, 0x00000000c4200000| Updating 
|  67|0x00000000c4300000, 0x00000000c4400000, 0x00000000c4400000|100%| O|  |TAMS 0x00000000c4400000, 0x00000000c4300000| Updating 
|  68|0x00000000c4400000, 0x00000000c4500000, 0x00000000c4500000|100%| O|  |TAMS 0x00000000c4500000, 0x00000000c4400000| Updating 
|  69|0x00000000c4500000, 0x00000000c4600000, 0x00000000c4600000|100%| O|  |TAMS 0x00000000c4600000, 0x00000000c4500000| Updating 
|  70|0x00000000c4600000, 0x00000000c4600000, 0x00000000c4700000|  0%| F|  |TAMS 0x00000000c4600000, 0x00000000c4600000| Untracked 
|  71|0x00000000c4700000, 0x00000000c4800000, 0x00000000c4800000|100%| O|  |TAMS 0x00000000c4800000, 0x00000000c4700000| Updating 
|  72|0x00000000c4800000, 0x00000000c4800000, 0x00000000c4900000|  0%| F|  |TAMS 0x00000000c4800000, 0x00000000c4800000| Untracked 
|  73|0x00000000c4900000, 0x00000000c4a00000, 0x00000000c4a00000|100%| O|  |TAMS 0x00000000c4a00000, 0x00000000c4900000| Updating 
|  74|0x00000000c4a00000, 0x00000000c4a00000, 0x00000000c4b00000|  0%| F|  |TAMS 0x00000000c4a00000, 0x00000000c4a00000| Untracked 
|  75|0x00000000c4b00000, 0x00000000c4b00000, 0x00000000c4c00000|  0%| F|  |TAMS 0x00000000c4b00000, 0x00000000c4b00000| Untracked 
|  76|0x00000000c4c00000, 0x00000000c4c00000, 0x00000000c4d00000|  0%| F|  |TAMS 0x00000000c4c00000, 0x00000000c4c00000| Untracked 
|  77|0x00000000c4d00000, 0x00000000c4d00000, 0x00000000c4e00000|  0%| F|  |TAMS 0x00000000c4d00000, 0x00000000c4d00000| Untracked 
|  78|0x00000000c4e00000, 0x00000000c4f00000, 0x00000000c4f00000|100%| O|  |TAMS 0x00000000c4f00000, 0x00000000c4e00000| Updating 
|  79|0x00000000c4f00000, 0x00000000c4f00000, 0x00000000c5000000|  0%| F|  |TAMS 0x00000000c4f00000, 0x00000000c4f00000| Untracked 
|  80|0x00000000c5000000, 0x00000000c5000000, 0x00000000c5100000|  0%| F|  |TAMS 0x00000000c5000000, 0x00000000c5000000| Untracked 
|  81|0x00000000c5100000, 0x00000000c5100000, 0x00000000c5200000|  0%| F|  |TAMS 0x00000000c5100000, 0x00000000c5100000| Untracked 
|  82|0x00000000c5200000, 0x00000000c5200000, 0x00000000c5300000|  0%| F|  |TAMS 0x00000000c5200000, 0x00000000c5200000| Untracked 
|  83|0x00000000c5300000, 0x00000000c5300000, 0x00000000c5400000|  0%| F|  |TAMS 0x00000000c5300000, 0x00000000c5300000| Untracked 
|  84|0x00000000c5400000, 0x00000000c5500000, 0x00000000c5500000|100%| O|  |TAMS 0x00000000c5500000, 0x00000000c5400000| Updating 
|  85|0x00000000c5500000, 0x00000000c5600000, 0x00000000c5600000|100%| O|  |TAMS 0x00000000c5600000, 0x00000000c5500000| Updating 
|  86|0x00000000c5600000, 0x00000000c5600000, 0x00000000c5700000|  0%| F|  |TAMS 0x00000000c5600000, 0x00000000c5600000| Untracked 
|  87|0x00000000c5700000, 0x00000000c5700000, 0x00000000c5800000|  0%| F|  |TAMS 0x00000000c5700000, 0x00000000c5700000| Untracked 
|  88|0x00000000c5800000, 0x00000000c5800000, 0x00000000c5900000|  0%| F|  |TAMS 0x00000000c5800000, 0x00000000c5800000| Untracked 
|  89|0x00000000c5900000, 0x00000000c5a00000, 0x00000000c5a00000|100%| O|  |TAMS 0x00000000c5a00000, 0x00000000c5900000| Updating 
|  90|0x00000000c5a00000, 0x00000000c5b00000, 0x00000000c5b00000|100%| O|  |TAMS 0x00000000c5b00000, 0x00000000c5a00000| Updating 
|  91|0x00000000c5b00000, 0x00000000c5c00000, 0x00000000c5c00000|100%| O|  |TAMS 0x00000000c5c00000, 0x00000000c5b00000| Updating 
|  92|0x00000000c5c00000, 0x00000000c5d00000, 0x00000000c5d00000|100%| O|  |TAMS 0x00000000c5d00000, 0x00000000c5c00000| Updating 
|  93|0x00000000c5d00000, 0x00000000c5e00000, 0x00000000c5e00000|100%| O|  |TAMS 0x00000000c5e00000, 0x00000000c5d00000| Updating 
|  94|0x00000000c5e00000, 0x00000000c5f00000, 0x00000000c5f00000|100%| O|  |TAMS 0x00000000c5f00000, 0x00000000c5e00000| Updating 
|  95|0x00000000c5f00000, 0x00000000c6000000, 0x00000000c6000000|100%| O|  |TAMS 0x00000000c6000000, 0x00000000c5f00000| Updating 
|  96|0x00000000c6000000, 0x00000000c6100000, 0x00000000c6100000|100%| O|  |TAMS 0x00000000c6100000, 0x00000000c6000000| Updating 
|  97|0x00000000c6100000, 0x00000000c6200000, 0x00000000c6200000|100%| O|  |TAMS 0x00000000c6200000, 0x00000000c6100000| Updating 
|  98|0x00000000c6200000, 0x00000000c6300000, 0x00000000c6300000|100%| O|  |TAMS 0x00000000c6300000, 0x00000000c6200000| Updating 
|  99|0x00000000c6300000, 0x00000000c6400000, 0x00000000c6400000|100%| O|  |TAMS 0x00000000c6400000, 0x00000000c6300000| Updating 
| 100|0x00000000c6400000, 0x00000000c6500000, 0x00000000c6500000|100%| O|  |TAMS 0x00000000c6500000, 0x00000000c6400000| Updating 
| 101|0x00000000c6500000, 0x00000000c6600000, 0x00000000c6600000|100%| O|  |TAMS 0x00000000c6600000, 0x00000000c6500000| Updating 
| 102|0x00000000c6600000, 0x00000000c6700000, 0x00000000c6700000|100%| O|  |TAMS 0x00000000c6700000, 0x00000000c6600000| Updating 
| 103|0x00000000c6700000, 0x00000000c6800000, 0x00000000c6800000|100%| O|  |TAMS 0x00000000c6800000, 0x00000000c6700000| Updating 
| 104|0x00000000c6800000, 0x00000000c6900000, 0x00000000c6900000|100%| O|  |TAMS 0x00000000c6900000, 0x00000000c6800000| Updating 
| 105|0x00000000c6900000, 0x00000000c6a00000, 0x00000000c6a00000|100%| O|  |TAMS 0x00000000c6a00000, 0x00000000c6900000| Updating 
| 106|0x00000000c6a00000, 0x00000000c6b00000, 0x00000000c6b00000|100%| O|  |TAMS 0x00000000c6b00000, 0x00000000c6a00000| Updating 
| 107|0x00000000c6b00000, 0x00000000c6c00000, 0x00000000c6c00000|100%| O|  |TAMS 0x00000000c6c00000, 0x00000000c6b00000| Updating 
| 108|0x00000000c6c00000, 0x00000000c6d00000, 0x00000000c6d00000|100%| O|  |TAMS 0x00000000c6d00000, 0x00000000c6c00000| Updating 
| 109|0x00000000c6d00000, 0x00000000c6e00000, 0x00000000c6e00000|100%| O|  |TAMS 0x00000000c6e00000, 0x00000000c6d00000| Updating 
| 110|0x00000000c6e00000, 0x00000000c6f00000, 0x00000000c6f00000|100%| O|  |TAMS 0x00000000c6f00000, 0x00000000c6e00000| Updating 
| 111|0x00000000c6f00000, 0x00000000c7000000, 0x00000000c7000000|100%| O|  |TAMS 0x00000000c7000000, 0x00000000c6f00000| Updating 
| 112|0x00000000c7000000, 0x00000000c7100000, 0x00000000c7100000|100%| O|  |TAMS 0x00000000c7100000, 0x00000000c7000000| Updating 
| 113|0x00000000c7100000, 0x00000000c7200000, 0x00000000c7200000|100%| O|  |TAMS 0x00000000c7200000, 0x00000000c7100000| Updating 
| 114|0x00000000c7200000, 0x00000000c7300000, 0x00000000c7300000|100%|HS|  |TAMS 0x00000000c7300000, 0x00000000c7200000| Complete 
| 115|0x00000000c7300000, 0x00000000c7400000, 0x00000000c7400000|100%|HC|  |TAMS 0x00000000c7400000, 0x00000000c7300000| Complete 
| 116|0x00000000c7400000, 0x00000000c7500000, 0x00000000c7500000|100%|HC|  |TAMS 0x00000000c7500000, 0x00000000c7400000| Complete 
| 117|0x00000000c7500000, 0x00000000c7600000, 0x00000000c7600000|100%|HC|  |TAMS 0x00000000c7600000, 0x00000000c7500000| Complete 
| 118|0x00000000c7600000, 0x00000000c7700000, 0x00000000c7700000|100%|HC|  |TAMS 0x00000000c7700000, 0x00000000c7600000| Complete 
| 119|0x00000000c7700000, 0x00000000c7800000, 0x00000000c7800000|100%|HC|  |TAMS 0x00000000c7800000, 0x00000000c7700000| Complete 
| 120|0x00000000c7800000, 0x00000000c7900000, 0x00000000c7900000|100%|HC|  |TAMS 0x00000000c7900000, 0x00000000c7800000| Complete 
| 121|0x00000000c7900000, 0x00000000c7a00000, 0x00000000c7a00000|100%|HC|  |TAMS 0x00000000c7a00000, 0x00000000c7900000| Complete 
| 122|0x00000000c7a00000, 0x00000000c7b00000, 0x00000000c7b00000|100%|HC|  |TAMS 0x00000000c7b00000, 0x00000000c7a00000| Complete 
| 123|0x00000000c7b00000, 0x00000000c7c00000, 0x00000000c7c00000|100%|HS|  |TAMS 0x00000000c7b00000, 0x00000000c7b00000| Complete 
| 124|0x00000000c7c00000, 0x00000000c7d00000, 0x00000000c7d00000|100%|HC|  |TAMS 0x00000000c7c00000, 0x00000000c7c00000| Complete 
| 125|0x00000000c7d00000, 0x00000000c7e00000, 0x00000000c7e00000|100%|HC|  |TAMS 0x00000000c7d00000, 0x00000000c7d00000| Complete 
| 126|0x00000000c7e00000, 0x00000000c7f00000, 0x00000000c7f00000|100%|HC|  |TAMS 0x00000000c7e00000, 0x00000000c7e00000| Complete 
| 127|0x00000000c7f00000, 0x00000000c8000000, 0x00000000c8000000|100%|HC|  |TAMS 0x00000000c7f00000, 0x00000000c7f00000| Complete 
| 128|0x00000000c8000000, 0x00000000c8100000, 0x00000000c8100000|100%|HC|  |TAMS 0x00000000c8000000, 0x00000000c8000000| Complete 
| 129|0x00000000c8100000, 0x00000000c8200000, 0x00000000c8200000|100%|HC|  |TAMS 0x00000000c8100000, 0x00000000c8100000| Complete 
| 130|0x00000000c8200000, 0x00000000c8300000, 0x00000000c8300000|100%|HC|  |TAMS 0x00000000c8200000, 0x00000000c8200000| Complete 
| 131|0x00000000c8300000, 0x00000000c8400000, 0x00000000c8400000|100%|HC|  |TAMS 0x00000000c8300000, 0x00000000c8300000| Complete 
| 132|0x00000000c8400000, 0x00000000c8500000, 0x00000000c8500000|100%|HS|  |TAMS 0x00000000c8400000, 0x00000000c8400000| Complete 
| 133|0x00000000c8500000, 0x00000000c8600000, 0x00000000c8600000|100%|HC|  |TAMS 0x00000000c8500000, 0x00000000c8500000| Complete 
| 134|0x00000000c8600000, 0x00000000c8700000, 0x00000000c8700000|100%|HC|  |TAMS 0x00000000c8600000, 0x00000000c8600000| Complete 
| 135|0x00000000c8700000, 0x00000000c8800000, 0x00000000c8800000|100%|HC|  |TAMS 0x00000000c8700000, 0x00000000c8700000| Complete 
| 136|0x00000000c8800000, 0x00000000c8900000, 0x00000000c8900000|100%|HC|  |TAMS 0x00000000c8800000, 0x00000000c8800000| Complete 
| 137|0x00000000c8900000, 0x00000000c8a00000, 0x00000000c8a00000|100%|HC|  |TAMS 0x00000000c8900000, 0x00000000c8900000| Complete 
| 138|0x00000000c8a00000, 0x00000000c8b00000, 0x00000000c8b00000|100%|HC|  |TAMS 0x00000000c8a00000, 0x00000000c8a00000| Complete 
| 139|0x00000000c8b00000, 0x00000000c8c00000, 0x00000000c8c00000|100%|HC|  |TAMS 0x00000000c8b00000, 0x00000000c8b00000| Complete 
| 140|0x00000000c8c00000, 0x00000000c8d00000, 0x00000000c8d00000|100%|HC|  |TAMS 0x00000000c8c00000, 0x00000000c8c00000| Complete 
| 141|0x00000000c8d00000, 0x00000000c8d00000, 0x00000000c8e00000|  0%| F|  |TAMS 0x00000000c8d00000, 0x00000000c8d00000| Untracked 
| 142|0x00000000c8e00000, 0x00000000c8e00000, 0x00000000c8f00000|  0%| F|  |TAMS 0x00000000c8e00000, 0x00000000c8e00000| Untracked 
| 143|0x00000000c8f00000, 0x00000000c8f00000, 0x00000000c9000000|  0%| F|  |TAMS 0x00000000c8f00000, 0x00000000c8f00000| Untracked 
| 144|0x00000000c9000000, 0x00000000c9000000, 0x00000000c9100000|  0%| F|  |TAMS 0x00000000c9000000, 0x00000000c9000000| Untracked 
| 145|0x00000000c9100000, 0x00000000c9100000, 0x00000000c9200000|  0%| F|  |TAMS 0x00000000c9100000, 0x00000000c9100000| Untracked 
| 146|0x00000000c9200000, 0x00000000c9200000, 0x00000000c9300000|  0%| F|  |TAMS 0x00000000c9200000, 0x00000000c9200000| Untracked 
| 147|0x00000000c9300000, 0x00000000c9300000, 0x00000000c9400000|  0%| F|  |TAMS 0x00000000c9300000, 0x00000000c9300000| Untracked 
| 148|0x00000000c9400000, 0x00000000c9400000, 0x00000000c9500000|  0%| F|  |TAMS 0x00000000c9400000, 0x00000000c9400000| Untracked 
| 149|0x00000000c9500000, 0x00000000c9500000, 0x00000000c9600000|  0%| F|  |TAMS 0x00000000c9500000, 0x00000000c9500000| Untracked 
| 150|0x00000000c9600000, 0x00000000c9600000, 0x00000000c9700000|  0%| F|  |TAMS 0x00000000c9600000, 0x00000000c9600000| Untracked 
| 151|0x00000000c9700000, 0x00000000c9700000, 0x00000000c9800000|  0%| F|  |TAMS 0x00000000c9700000, 0x00000000c9700000| Untracked 
| 152|0x00000000c9800000, 0x00000000c9800000, 0x00000000c9900000|  0%| F|  |TAMS 0x00000000c9800000, 0x00000000c9800000| Untracked 
| 153|0x00000000c9900000, 0x00000000c9900000, 0x00000000c9a00000|  0%| F|  |TAMS 0x00000000c9900000, 0x00000000c9900000| Untracked 
| 154|0x00000000c9a00000, 0x00000000c9a00000, 0x00000000c9b00000|  0%| F|  |TAMS 0x00000000c9a00000, 0x00000000c9a00000| Untracked 
| 155|0x00000000c9b00000, 0x00000000c9b00000, 0x00000000c9c00000|  0%| F|  |TAMS 0x00000000c9b00000, 0x00000000c9b00000| Untracked 
| 156|0x00000000c9c00000, 0x00000000c9c00000, 0x00000000c9d00000|  0%| F|  |TAMS 0x00000000c9c00000, 0x00000000c9c00000| Untracked 
| 157|0x00000000c9d00000, 0x00000000c9d00000, 0x00000000c9e00000|  0%| F|  |TAMS 0x00000000c9d00000, 0x00000000c9d00000| Untracked 
| 158|0x00000000c9e00000, 0x00000000c9e00000, 0x00000000c9f00000|  0%| F|  |TAMS 0x00000000c9e00000, 0x00000000c9e00000| Untracked 
| 159|0x00000000c9f00000, 0x00000000c9f00000, 0x00000000ca000000|  0%| F|  |TAMS 0x00000000c9f00000, 0x00000000c9f00000| Untracked 
| 160|0x00000000ca000000, 0x00000000ca000000, 0x00000000ca100000|  0%| F|  |TAMS 0x00000000ca000000, 0x00000000ca000000| Untracked 
| 161|0x00000000ca100000, 0x00000000ca100000, 0x00000000ca200000|  0%| F|  |TAMS 0x00000000ca100000, 0x00000000ca100000| Untracked 
| 162|0x00000000ca200000, 0x00000000ca200000, 0x00000000ca300000|  0%| F|  |TAMS 0x00000000ca200000, 0x00000000ca200000| Untracked 
| 163|0x00000000ca300000, 0x00000000ca300000, 0x00000000ca400000|  0%| F|  |TAMS 0x00000000ca300000, 0x00000000ca300000| Untracked 
| 164|0x00000000ca400000, 0x00000000ca400000, 0x00000000ca500000|  0%| F|  |TAMS 0x00000000ca400000, 0x00000000ca400000| Untracked 
| 165|0x00000000ca500000, 0x00000000ca500000, 0x00000000ca600000|  0%| F|  |TAMS 0x00000000ca500000, 0x00000000ca500000| Untracked 
| 166|0x00000000ca600000, 0x00000000ca600000, 0x00000000ca700000|  0%| F|  |TAMS 0x00000000ca600000, 0x00000000ca600000| Untracked 
| 167|0x00000000ca700000, 0x00000000ca700000, 0x00000000ca800000|  0%| F|  |TAMS 0x00000000ca700000, 0x00000000ca700000| Untracked 
| 168|0x00000000ca800000, 0x00000000ca800000, 0x00000000ca900000|  0%| F|  |TAMS 0x00000000ca800000, 0x00000000ca800000| Untracked 
| 169|0x00000000ca900000, 0x00000000ca900000, 0x00000000caa00000|  0%| F|  |TAMS 0x00000000ca900000, 0x00000000ca900000| Untracked 
| 170|0x00000000caa00000, 0x00000000caa00000, 0x00000000cab00000|  0%| F|  |TAMS 0x00000000caa00000, 0x00000000caa00000| Untracked 
| 171|0x00000000cab00000, 0x00000000cab00000, 0x00000000cac00000|  0%| F|  |TAMS 0x00000000cab00000, 0x00000000cab00000| Untracked 
| 172|0x00000000cac00000, 0x00000000cac00000, 0x00000000cad00000|  0%| F|  |TAMS 0x00000000cac00000, 0x00000000cac00000| Untracked 
| 173|0x00000000cad00000, 0x00000000cad00000, 0x00000000cae00000|  0%| F|  |TAMS 0x00000000cad00000, 0x00000000cad00000| Untracked 
| 174|0x00000000cae00000, 0x00000000cae00000, 0x00000000caf00000|  0%| F|  |TAMS 0x00000000cae00000, 0x00000000cae00000| Untracked 
| 175|0x00000000caf00000, 0x00000000caf00000, 0x00000000cb000000|  0%| F|  |TAMS 0x00000000caf00000, 0x00000000caf00000| Untracked 
| 176|0x00000000cb000000, 0x00000000cb0b6380, 0x00000000cb100000| 71%| S|CS|TAMS 0x00000000cb000000, 0x00000000cb000000| Complete 
| 177|0x00000000cb100000, 0x00000000cb200000, 0x00000000cb200000|100%| S|CS|TAMS 0x00000000cb100000, 0x00000000cb100000| Complete 
| 178|0x00000000cb200000, 0x00000000cb200000, 0x00000000cb300000|  0%| F|  |TAMS 0x00000000cb200000, 0x00000000cb200000| Untracked 
| 179|0x00000000cb300000, 0x00000000cb300000, 0x00000000cb400000|  0%| F|  |TAMS 0x00000000cb300000, 0x00000000cb300000| Untracked 
| 180|0x00000000cb400000, 0x00000000cb400000, 0x00000000cb500000|  0%| F|  |TAMS 0x00000000cb400000, 0x00000000cb400000| Untracked 
| 181|0x00000000cb500000, 0x00000000cb500000, 0x00000000cb600000|  0%| F|  |TAMS 0x00000000cb500000, 0x00000000cb500000| Untracked 
| 182|0x00000000cb600000, 0x00000000cb62e248, 0x00000000cb700000| 18%| E|  |TAMS 0x00000000cb600000, 0x00000000cb600000| Complete 
| 183|0x00000000cb700000, 0x00000000cb800000, 0x00000000cb800000|100%| E|CS|TAMS 0x00000000cb700000, 0x00000000cb700000| Complete 
| 184|0x00000000cb800000, 0x00000000cb900000, 0x00000000cb900000|100%| E|  |TAMS 0x00000000cb800000, 0x00000000cb800000| Complete 

Card table byte_map: [0x0000026551960000,0x0000026551b60000] _byte_map_base: 0x0000026551360000

Marking Bits (Prev, Next): (CMBitMap*) 0x000002653a490fe8, (CMBitMap*) 0x000002653a491028
 Prev Bits: [0x0000026551d60000, 0x0000026552d60000)
 Next Bits: [0x0000026552d60000, 0x0000026553d60000)

Polling page: 0x0000026538270000

Metaspace:

Usage:
  Non-class:     73.28 MB capacity,    71.57 MB ( 98%) used,     1.48 MB (  2%) free+waste,   225.38 KB ( <1%) overhead. 
      Class:     11.59 MB capacity,    10.78 MB ( 93%) used,   720.75 KB (  6%) free+waste,   102.25 KB ( <1%) overhead. 
       Both:     84.87 MB capacity,    82.36 MB ( 97%) used,     2.19 MB (  3%) free+waste,   327.63 KB ( <1%) overhead. 

Virtual space:
  Non-class space:       74.00 MB reserved,      73.42 MB (>99%) committed 
      Class space:        1.00 GB reserved,      11.63 MB (  1%) committed 
             Both:        1.07 GB reserved,      85.05 MB (  8%) committed 

Chunk freelists:
   Non-Class:  20.00 KB
       Class:  6.00 KB
        Both:  26.00 KB

MaxMetaspaceSize: 17179869184.00 GB
CompressedClassSpaceSize: 1.00 GB

CodeHeap 'non-profiled nmethods': size=120064Kb used=5453Kb max_used=5822Kb free=114610Kb
 bounds [0x000002654a420000, 0x000002654a9d0000, 0x0000026551960000]
CodeHeap 'profiled nmethods': size=120000Kb used=22369Kb max_used=24290Kb free=97630Kb
 bounds [0x0000026542ef0000, 0x00000265446b0000, 0x000002654a420000]
CodeHeap 'non-nmethods': size=5696Kb used=2412Kb max_used=2460Kb free=3283Kb
 bounds [0x0000026542960000, 0x0000026542bd0000, 0x0000026542ef0000]
 total_blobs=15754 nmethods=9995 adapters=808
 compilation: enabled
              stopped_count=0, restarted_count=0
 full_count=0

Compilation events (20 events):
Event: 95.918 Thread 0x00000265560f4000 nmethod 11900 0x0000026543699390 code [0x0000026543699580, 0x0000026543699b10]
Event: 95.918 Thread 0x00000265560f4000 11901       3       com.android.tools.r8.graph.I0::a (34 bytes)
Event: 95.919 Thread 0x00000265560f4000 nmethod 11901 0x0000026543577e90 code [0x0000026543578040, 0x0000026543578398]
Event: 95.920 Thread 0x00000265560f4000 11902       3       com.android.tools.r8.graph.I0::e (33 bytes)
Event: 95.920 Thread 0x00000265560f4000 nmethod 11902 0x0000026543665510 code [0x00000265436656c0, 0x0000026543665878]
Event: 95.921 Thread 0x00000265560ee000 11903       4       com.android.tools.r8.dex.j::f (8 bytes)
Event: 95.922 Thread 0x00000265560ee000 nmethod 11903 0x000002654a833c90 code [0x000002654a833e20, 0x000002654a833f38]
Event: 95.923 Thread 0x00000265560f4000 11904       3       com.android.tools.r8.graph.e0::a (258 bytes)
Event: 95.924 Thread 0x00000265560f4000 nmethod 11904 0x00000265431f5d10 code [0x00000265431f5f40, 0x00000265431f6910]
Event: 95.924 Thread 0x00000265560f4000 11905       3       com.android.tools.r8.graph.I0::f (33 bytes)
Event: 95.925 Thread 0x00000265560f4000 nmethod 11905 0x00000265436a4b90 code [0x00000265436a4d40, 0x00000265436a4ef8]
Event: 95.925 Thread 0x00000265560f4000 11906       3       com.android.tools.r8.dex.c::a (32 bytes)
Event: 95.926 Thread 0x00000265560f4000 nmethod 11906 0x00000265436b7e10 code [0x00000265436b7fc0, 0x00000265436b82b0]
Event: 95.926 Thread 0x00000265560f4000 11907       3       com.android.tools.r8.graph.e0::c (24 bytes)
Event: 95.926 Thread 0x00000265560f4000 nmethod 11907 0x0000026542f9fe90 code [0x0000026542fa0080, 0x0000026542fa04f0]
Event: 95.927 Thread 0x00000265560f4000 11908       3       com.android.tools.r8.graph.t::<init> (5 bytes)
Event: 95.927 Thread 0x00000265560f4000 nmethod 11908 0x00000265436d2f90 code [0x00000265436d3160, 0x00000265436d34d8]
Event: 95.928 Thread 0x00000265560f4000 11909   !   3       com.android.tools.r8.graph.e0::h (91 bytes)
Event: 95.929 Thread 0x00000265560f4000 nmethod 11909 0x00000265430a5a10 code [0x00000265430a5d20, 0x00000265430a6e20]
Event: 95.930 Thread 0x00000265560ee000 11910  s    4       java.io.ByteArrayOutputStream::toByteArray (12 bytes)

GC Heap History (20 events):
Event: 81.540 GC heap before
{Heap before GC invocations=52 (full 0):
 garbage-first heap   total 158720K, used 129536K [0x00000000c0000000, 0x0000000100000000)
  region size 1024K, 44 young (45056K), 6 survivors (6144K)
 Metaspace       used 80027K, capacity 82506K, committed 82608K, reserved 1120256K
  class space    used 10442K, capacity 11217K, committed 11264K, reserved 1048576K
}
Event: 81.580 GC heap after
{Heap after GC invocations=53 (full 0):
 garbage-first heap   total 158720K, used 94720K [0x00000000c0000000, 0x0000000100000000)
  region size 1024K, 4 young (4096K), 4 survivors (4096K)
 Metaspace       used 80027K, capacity 82506K, committed 82608K, reserved 1120256K
  class space    used 10442K, capacity 11217K, committed 11264K, reserved 1048576K
}
Event: 83.322 GC heap before
{Heap before GC invocations=53 (full 0):
 garbage-first heap   total 158720K, used 129536K [0x00000000c0000000, 0x0000000100000000)
  region size 1024K, 39 young (39936K), 4 survivors (4096K)
 Metaspace       used 80481K, capacity 82891K, committed 83120K, reserved 1122304K
  class space    used 10491K, capacity 11236K, committed 11264K, reserved 1048576K
}
Event: 83.353 GC heap after
{Heap after GC invocations=54 (full 0):
 garbage-first heap   total 158720K, used 99135K [0x00000000c0000000, 0x0000000100000000)
  region size 1024K, 5 young (5120K), 5 survivors (5120K)
 Metaspace       used 80481K, capacity 82891K, committed 83120K, reserved 1122304K
  class space    used 10491K, capacity 11236K, committed 11264K, reserved 1048576K
}
Event: 85.854 GC heap before
{Heap before GC invocations=55 (full 0):
 garbage-first heap   total 174080K, used 128831K [0x00000000c0000000, 0x0000000100000000)
  region size 1024K, 35 young (35840K), 5 survivors (5120K)
 Metaspace       used 81124K, capacity 83611K, committed 83760K, reserved 1122304K
  class space    used 10566K, capacity 11355K, committed 11392K, reserved 1048576K
}
Event: 85.877 GC heap after
{Heap after GC invocations=56 (full 0):
 garbage-first heap   total 174080K, used 101149K [0x00000000c0000000, 0x0000000100000000)
  region size 1024K, 2 young (2048K), 2 survivors (2048K)
 Metaspace       used 81124K, capacity 83611K, committed 83760K, reserved 1122304K
  class space    used 10566K, capacity 11355K, committed 11392K, reserved 1048576K
}
Event: 87.751 GC heap before
{Heap before GC invocations=56 (full 0):
 garbage-first heap   total 174080K, used 142109K [0x00000000c0000000, 0x0000000100000000)
  region size 1024K, 43 young (44032K), 2 survivors (2048K)
 Metaspace       used 81220K, capacity 83696K, committed 83760K, reserved 1122304K
  class space    used 10572K, capacity 11359K, committed 11392K, reserved 1048576K
}
Event: 87.789 GC heap after
{Heap after GC invocations=57 (full 0):
 garbage-first heap   total 174080K, used 103253K [0x00000000c0000000, 0x0000000100000000)
  region size 1024K, 4 young (4096K), 4 survivors (4096K)
 Metaspace       used 81220K, capacity 83696K, committed 83760K, reserved 1122304K
  class space    used 10572K, capacity 11359K, committed 11392K, reserved 1048576K
}
Event: 90.728 GC heap before
{Heap before GC invocations=58 (full 0):
 garbage-first heap   total 179200K, used 143189K [0x00000000c0000000, 0x0000000100000000)
  region size 1024K, 44 young (45056K), 4 survivors (4096K)
 Metaspace       used 81642K, capacity 84074K, committed 84400K, reserved 1122304K
  class space    used 10650K, capacity 11439K, committed 11520K, reserved 1048576K
}
Event: 90.769 GC heap after
{Heap after GC invocations=59 (full 0):
 garbage-first heap   total 179200K, used 105718K [0x00000000c0000000, 0x0000000100000000)
  region size 1024K, 5 young (5120K), 5 survivors (5120K)
 Metaspace       used 81642K, capacity 84074K, committed 84400K, reserved 1122304K
  class space    used 10650K, capacity 11439K, committed 11520K, reserved 1048576K
}
Event: 91.153 GC heap before
{Heap before GC invocations=59 (full 0):
 garbage-first heap   total 179200K, used 107766K [0x00000000c0000000, 0x0000000100000000)
  region size 1024K, 8 young (8192K), 5 survivors (5120K)
 Metaspace       used 81643K, capacity 84074K, committed 84400K, reserved 1122304K
  class space    used 10650K, capacity 11439K, committed 11520K, reserved 1048576K
}
Event: 91.214 GC heap after
{Heap after GC invocations=60 (full 0):
 garbage-first heap   total 179200K, used 98261K [0x00000000c0000000, 0x0000000100000000)
  region size 1024K, 1 young (1024K), 1 survivors (1024K)
 Metaspace       used 81643K, capacity 84074K, committed 84400K, reserved 1122304K
  class space    used 10650K, capacity 11439K, committed 11520K, reserved 1048576K
}
Event: 93.555 GC heap before
{Heap before GC invocations=60 (full 0):
 garbage-first heap   total 179200K, used 142293K [0x00000000c0000000, 0x0000000100000000)
  region size 1024K, 45 young (46080K), 1 survivors (1024K)
 Metaspace       used 82423K, capacity 84965K, committed 85040K, reserved 1122304K
  class space    used 10769K, capacity 11580K, committed 11648K, reserved 1048576K
}
Event: 93.577 GC heap after
{Heap after GC invocations=61 (full 0):
 garbage-first heap   total 179200K, used 99462K [0x00000000c0000000, 0x0000000100000000)
  region size 1024K, 2 young (2048K), 2 survivors (2048K)
 Metaspace       used 82423K, capacity 84965K, committed 85040K, reserved 1122304K
  class space    used 10769K, capacity 11580K, committed 11648K, reserved 1048576K
}
Event: 94.271 GC heap before
{Heap before GC invocations=62 (full 0):
 garbage-first heap   total 179200K, used 102534K [0x00000000c0000000, 0x0000000100000000)
  region size 1024K, 6 young (6144K), 2 survivors (2048K)
 Metaspace       used 82690K, capacity 85204K, committed 85296K, reserved 1122304K
  class space    used 10814K, capacity 11617K, committed 11648K, reserved 1048576K
}
Event: 94.286 GC heap after
{Heap after GC invocations=63 (full 0):
 garbage-first heap   total 179200K, used 99996K [0x00000000c0000000, 0x0000000100000000)
  region size 1024K, 3 young (3072K), 3 survivors (3072K)
 Metaspace       used 82690K, capacity 85204K, committed 85296K, reserved 1122304K
  class space    used 10814K, capacity 11617K, committed 11648K, reserved 1048576K
}
Event: 94.870 GC heap before
{Heap before GC invocations=64 (full 0):
 garbage-first heap   total 179200K, used 109212K [0x00000000c0000000, 0x0000000100000000)
  region size 1024K, 4 young (4096K), 3 survivors (3072K)
 Metaspace       used 82724K, capacity 85207K, committed 85296K, reserved 1122304K
  class space    used 10818K, capacity 11618K, committed 11648K, reserved 1048576K
}
Event: 94.884 GC heap after
{Heap after GC invocations=65 (full 0):
 garbage-first heap   total 179200K, used 109816K [0x00000000c0000000, 0x0000000100000000)
  region size 1024K, 2 young (2048K), 2 survivors (2048K)
 Metaspace       used 82724K, capacity 85207K, committed 85296K, reserved 1122304K
  class space    used 10818K, capacity 11618K, committed 11648K, reserved 1048576K
}
Event: 95.631 GC heap before
{Heap before GC invocations=66 (full 0):
 garbage-first heap   total 189440K, used 116984K [0x00000000c0000000, 0x0000000100000000)
  region size 1024K, 10 young (10240K), 2 survivors (2048K)
 Metaspace       used 84118K, capacity 86640K, committed 86832K, reserved 1124352K
  class space    used 11008K, capacity 11800K, committed 11904K, reserved 1048576K
}
Event: 95.640 GC heap after
{Heap after GC invocations=67 (full 0):
 garbage-first heap   total 189440K, used 110417K [0x00000000c0000000, 0x0000000100000000)
  region size 1024K, 2 young (2048K), 2 survivors (2048K)
 Metaspace       used 84118K, capacity 86640K, committed 86832K, reserved 1124352K
  class space    used 11008K, capacity 11800K, committed 11904K, reserved 1048576K
}

Deoptimization events (20 events):
Event: 94.250 Thread 0x0000026559bd3800 Uncommon trap: trap_request=0xffffff45 fr.pc=0x000002654a4393dc relative=0x000000000000003c
Event: 94.250 Thread 0x0000026559bd3800 Uncommon trap: reason=unstable_if action=reinterpret pc=0x000002654a4393dc method=sun.nio.fs.WindowsPathParser.isSlash(C)Z @ 9 c2
Event: 94.250 Thread 0x0000026559bd3800 DEOPT PACKING pc=0x000002654a4393dc sp=0x000000c8269fdb30
Event: 94.250 Thread 0x0000026559bd3800 DEOPT UNPACKING pc=0x00000265429a942f sp=0x000000c8269fdab8 mode 2
Event: 94.267 Thread 0x0000026559bd3800 DEOPT PACKING pc=0x0000026543259f1c sp=0x000000c8269fda80
Event: 94.267 Thread 0x0000026559bd3800 DEOPT UNPACKING pc=0x00000265429a994e sp=0x000000c8269fd020 mode 0
Event: 95.420 Thread 0x0000026559bd3800 Uncommon trap: trap_request=0xffffffde fr.pc=0x000002654a61f2b4 relative=0x00000000000010f4
Event: 95.420 Thread 0x0000026559bd3800 Uncommon trap: reason=class_check action=maybe_recompile pc=0x000002654a61f2b4 method=java.util.concurrent.ConcurrentHashMap.putVal(Ljava/lang/Object;Ljava/lang/Object;Z)Ljava/lang/Object; @ 159 c2
Event: 95.420 Thread 0x0000026559bd3800 DEOPT PACKING pc=0x000002654a61f2b4 sp=0x000000c8269fcf70
Event: 95.420 Thread 0x0000026559bd3800 DEOPT UNPACKING pc=0x00000265429a942f sp=0x000000c8269fcef0 mode 2
Event: 95.433 Thread 0x0000026559bd3800 Uncommon trap: trap_request=0xffffffde fr.pc=0x000002654a61f2b4 relative=0x00000000000010f4
Event: 95.433 Thread 0x0000026559bd3800 Uncommon trap: reason=class_check action=maybe_recompile pc=0x000002654a61f2b4 method=java.util.concurrent.ConcurrentHashMap.putVal(Ljava/lang/Object;Ljava/lang/Object;Z)Ljava/lang/Object; @ 159 c2
Event: 95.433 Thread 0x0000026559bd3800 DEOPT PACKING pc=0x000002654a61f2b4 sp=0x000000c8269fd290
Event: 95.433 Thread 0x0000026559bd3800 DEOPT UNPACKING pc=0x00000265429a942f sp=0x000000c8269fd210 mode 2
Event: 95.612 Thread 0x0000026559bd3800 Uncommon trap: trap_request=0xffffff45 fr.pc=0x000002654a71006c relative=0x00000000000000cc
Event: 95.612 Thread 0x0000026559bd3800 Uncommon trap: reason=unstable_if action=reinterpret pc=0x000002654a71006c method=jdk.internal.misc.Unsafe.convEndian(ZS)S @ 4 c2
Event: 95.612 Thread 0x0000026559bd3800 DEOPT PACKING pc=0x000002654a71006c sp=0x000000c8269fd680
Event: 95.612 Thread 0x0000026559bd3800 DEOPT UNPACKING pc=0x00000265429a942f sp=0x000000c8269fd540 mode 2
Event: 95.701 Thread 0x0000026559bd3800 DEOPT PACKING pc=0x00000265433f36bd sp=0x000000c8269fd7d0
Event: 95.701 Thread 0x0000026559bd3800 DEOPT UNPACKING pc=0x00000265429a994e sp=0x000000c8269fccb8 mode 0

Classes unloaded (6 events):
Event: 50.853 Thread 0x000002653a52d800 Unloading class 0x000000080150b040 'org/gradle/internal/execution/steps/ResolveChangesStep$$Lambda$560'
Event: 50.853 Thread 0x000002653a52d800 Unloading class 0x000000080150a040 'org/gradle/api/internal/artifacts/transform/DefaultTransformerInvocationFactory$TransformerExecution$$Lambda$556'
Event: 50.853 Thread 0x000002653a52d800 Unloading class 0x00000008014fd040 'java/lang/invoke/LambdaForm$MH'
Event: 50.853 Thread 0x000002653a52d800 Unloading class 0x00000008014fb840 'org/gradle/api/internal/artifacts/transform/DefaultTransformerInvocationFactory$$Lambda$535'
Event: 50.853 Thread 0x000002653a52d800 Unloading class 0x00000008014fb040 'java/lang/invoke/LambdaForm$DMH'
Event: 83.627 Thread 0x000002653a52d800 Unloading class 0x000000080150dc40 'org/gradle/api/internal/artifacts/transform/CacheableInvocation$$Lambda$574'

Classes redefined (0 events):
No events

Internal exceptions (20 events):
Event: 87.986 Thread 0x00000265582c7000 Exception <a 'java/lang/NoSuchMethodError'{0x00000000ca8c0aa0}: 'java.lang.Object java.lang.invoke.DirectMethodHandle$Holder.invokeSpecial(java.lang.Object, java.lang.Object, java.lang.Object, java.lang.Object, java.lang.Object, int)'> (0x00000000ca8c0aa0) 
thrown [t:/workspace/open/src/hotspot/share/interpreter/linkResolver.cpp, line 767]
Event: 88.002 Thread 0x00000265582c7000 Exception <a 'java/lang/NoSuchMethodError'{0x00000000ca8c41d8}: 'java.lang.Object java.lang.invoke.Invokers$Holder.linkToTargetMethod(java.lang.Object, java.lang.Object, java.lang.Object, int, java.lang.Object)'> (0x00000000ca8c41d8) 
thrown [t:/workspace/open/src/hotspot/share/interpreter/linkResolver.cpp, line 767]
Event: 88.847 Thread 0x0000026556f99800 Exception <a 'java/lang/NoSuchMethodError'{0x00000000c9ed9c38}: static Lcom/android/build/gradle/internal/scope/SingleArtifactType;.<clinit>()V> (0x00000000c9ed9c38) 
thrown [t:/workspace/open/src/hotspot/share/prims/jni.cpp, line 1347]
Event: 88.847 Thread 0x0000026556f99800 Exception <a 'java/lang/NoSuchMethodError'{0x00000000c9edd118}: static Lcom/android/build/gradle/internal/scope/SingleArtifactType;.<clinit>()V> (0x00000000c9edd118) 
thrown [t:/workspace/open/src/hotspot/share/prims/jni.cpp, line 1347]
Event: 88.848 Thread 0x0000026556f99800 Exception <a 'java/lang/NoSuchMethodError'{0x00000000c9ee1378}: static Lcom/android/build/api/artifact/ArtifactKind;.<clinit>()V> (0x00000000c9ee1378) 
thrown [t:/workspace/open/src/hotspot/share/prims/jni.cpp, line 1347]
Event: 88.848 Thread 0x0000026556f99800 Exception <a 'java/lang/NoSuchMethodError'{0x00000000c9ee2e00}: static Lcom/android/build/api/artifact/ArtifactKind;.<clinit>()V> (0x00000000c9ee2e00) 
thrown [t:/workspace/open/src/hotspot/share/prims/jni.cpp, line 1347]
Event: 89.012 Thread 0x00000265582c7000 Exception <a 'sun/nio/fs/WindowsException'{0x00000000c9877cc8}> (0x00000000c9877cc8) 
thrown [t:/workspace/open/src/hotspot/share/prims/jni.cpp, line 598]
Event: 89.012 Thread 0x00000265582c7000 Exception <a 'sun/nio/fs/WindowsException'{0x00000000c9878648}> (0x00000000c9878648) 
thrown [t:/workspace/open/src/hotspot/share/prims/jni.cpp, line 598]
Event: 89.013 Thread 0x00000265582c7000 Exception <a 'sun/nio/fs/WindowsException'{0x00000000c98792a8}> (0x00000000c98792a8) 
thrown [t:/workspace/open/src/hotspot/share/prims/jni.cpp, line 598]
Event: 89.019 Thread 0x00000265582c7000 Exception <a 'sun/nio/fs/WindowsException'{0x00000000c987ff48}> (0x00000000c987ff48) 
thrown [t:/workspace/open/src/hotspot/share/prims/jni.cpp, line 598]
Event: 89.019 Thread 0x00000265582c7000 Exception <a 'sun/nio/fs/WindowsException'{0x00000000c9880888}> (0x00000000c9880888) 
thrown [t:/workspace/open/src/hotspot/share/prims/jni.cpp, line 598]
Event: 89.019 Thread 0x00000265582c7000 Exception <a 'sun/nio/fs/WindowsException'{0x00000000c9881248}> (0x00000000c9881248) 
thrown [t:/workspace/open/src/hotspot/share/prims/jni.cpp, line 598]
Event: 89.020 Thread 0x00000265582c7000 Exception <a 'sun/nio/fs/WindowsException'{0x00000000c9882ee8}> (0x00000000c9882ee8) 
thrown [t:/workspace/open/src/hotspot/share/prims/jni.cpp, line 598]
Event: 89.020 Thread 0x00000265582c7000 Exception <a 'sun/nio/fs/WindowsException'{0x00000000c9883838}> (0x00000000c9883838) 
thrown [t:/workspace/open/src/hotspot/share/prims/jni.cpp, line 598]
Event: 89.020 Thread 0x00000265582c7000 Exception <a 'sun/nio/fs/WindowsException'{0x00000000c9884208}> (0x00000000c9884208) 
thrown [t:/workspace/open/src/hotspot/share/prims/jni.cpp, line 598]
Event: 93.096 Thread 0x00000265582c7000 Exception <a 'java/lang/NoSuchMethodError'{0x00000000c8d7e378}: static Lcom/android/build/gradle/internal/tasks/Workers$ActionParameters;.<clinit>()V> (0x00000000c8d7e378) 
thrown [t:/workspace/open/src/hotspot/share/prims/jni.cpp, line 1347]
Event: 93.098 Thread 0x00000265582c7000 Exception <a 'java/lang/NoSuchMethodError'{0x00000000c8d901b8}: static Lcom/android/build/gradle/internal/tasks/DexMergingParams;.<clinit>()V> (0x00000000c8d901b8) 
thrown [t:/workspace/open/src/hotspot/share/prims/jni.cpp, line 1347]
Event: 95.025 Thread 0x0000026559bd3800 Exception <a 'sun/nio/fs/WindowsException'{0x00000000cae8cf48}> (0x00000000cae8cf48) 
thrown [t:/workspace/open/src/hotspot/share/prims/jni.cpp, line 598]
Event: 95.589 Thread 0x0000026559bd3800 Exception <a 'java/lang/NoSuchMethodError'{0x00000000cb58b1a8}: 'java.lang.Object java.lang.invoke.DirectMethodHandle$Holder.invokeStatic(java.lang.Object, java.lang.Object, java.lang.Object, java.lang.Object, java.lang.Object, java.lang.Object, java.lang.Object, java.lang.Object, java.lang.Object, java.lang.Object, java.lang.Object, java.lang.Object, java.lang.Object, java.lang.Object, java.lang.Object, java.lang.Object, java.lang.Object, int, java.lang.Object)'> (0x00000000cb58b1a8) 
thrown [t:/workspace
Event: 95.590 Thread 0x0000026559bd3800 Exception <a 'java/lang/NoSuchMethodError'{0x00000000cb58fe10}: 'java.lang.Object java.lang.invoke.DirectMethodHandle$Holder.invokeStaticInit(java.lang.Object, java.lang.Object, java.lang.Object, java.lang.Object, java.lang.Object, java.lang.Object, java.lang.Object, java.lang.Object, java.lang.Object, java.lang.Object, java.lang.Object, java.lang.Object, java.lang.Object, java.lang.Object, java.lang.Object, java.lang.Object, java.lang.Object, int, java.lang.Object)'> (0x00000000cb58fe10) 
thrown [t:/works

Events (20 events):
Event: 95.743 loading class com/android/tools/r8/s/a/b/l/b done
Event: 95.744 loading class com/android/tools/r8/s/a/b/l/f
Event: 95.744 loading class com/android/tools/r8/s/a/b/l/f done
Event: 95.745 loading class com/android/tools/r8/s/a/b/l/d$a
Event: 95.745 loading class com/android/tools/r8/s/a/b/l/d$a done
Event: 95.746 loading class com/android/tools/r8/dex/d
Event: 95.746 loading class com/android/tools/r8/dex/d done
Event: 95.904 loading class com/android/tools/r8/s/a/b/l/c
Event: 95.904 loading class com/android/tools/r8/s/a/b/l/c done
Event: 95.904 loading class com/android/tools/r8/s/a/b/l/d$c
Event: 95.904 loading class com/android/tools/r8/s/a/b/l/d$c done
Event: 95.907 loading class com/android/tools/r8/dex/n
Event: 95.907 loading class com/android/tools/r8/dex/n done
Event: 95.907 loading class com/android/tools/r8/graph/g0
Event: 95.907 loading class com/android/tools/r8/graph/g0 done
Event: 95.907 loading class com/android/tools/r8/graph/g0
Event: 95.907 loading class com/android/tools/r8/graph/g0 done
Event: 95.908 loading class com/android/tools/r8/graph/B
Event: 95.908 loading class com/android/tools/r8/graph/B done
Event: 95.931 Executing VM operation: G1Concurrent


Dynamic libraries:
0x00007ff7421b0000 - 0x00007ff7421bf000 	C:\Program Files\Java\jdk-13.0.2\bin\java.exe
0x00007ffa41bc0000 - 0x00007ffa41dad000 	C:\Windows\SYSTEM32\ntdll.dll
0x00007ffa3f440000 - 0x00007ffa3f4f3000 	C:\Windows\System32\KERNEL32.DLL
0x00007ffa3e850000 - 0x00007ffa3eae5000 	C:\Windows\System32\KERNELBASE.dll
0x00007ffa3eba0000 - 0x00007ffa3ec9a000 	C:\Windows\System32\ucrtbase.dll
0x00007ffa37f00000 - 0x00007ffa37f18000 	C:\Program Files\Java\jdk-13.0.2\bin\jli.dll
0x00007ffa3fcf0000 - 0x00007ffa3fd93000 	C:\Windows\System32\ADVAPI32.dll
0x00007ffa3ee40000 - 0x00007ffa3eede000 	C:\Windows\System32\msvcrt.dll
0x00007ffa41390000 - 0x00007ffa4142e000 	C:\Windows\System32\sechost.dll
0x00007ffa41760000 - 0x00007ffa41882000 	C:\Windows\System32\RPCRT4.dll
0x00007ffa3f770000 - 0x00007ffa3f907000 	C:\Windows\System32\USER32.dll
0x00007ffa3eca0000 - 0x00007ffa3ecc0000 	C:\Windows\System32\win32u.dll
0x00007ffa41900000 - 0x00007ffa41929000 	C:\Windows\System32\GDI32.dll
0x00007ffa3e420000 - 0x00007ffa3e5b9000 	C:\Windows\System32\gdi32full.dll
0x00007ffa3ed40000 - 0x00007ffa3ede0000 	C:\Windows\System32\msvcp_win.dll
0x00007ffa37980000 - 0x00007ffa37995000 	C:\Program Files\Java\jdk-13.0.2\bin\VCRUNTIME140.dll
0x00007ffa2bb90000 - 0x00007ffa2be09000 	C:\Windows\WinSxS\amd64_microsoft.windows.common-controls_6595b64144ccf1df_6.0.17763.1217_none_de6e4304534e0ad3\COMCTL32.dll
0x00007ffa41430000 - 0x00007ffa4175c000 	C:\Windows\System32\combase.dll
0x00007ffa3ecc0000 - 0x00007ffa3ed3e000 	C:\Windows\System32\bcryptPrimitives.dll
0x00007ffa398b0000 - 0x00007ffa398ba000 	C:\Windows\SYSTEM32\VERSION.dll
0x00007ffa3f610000 - 0x00007ffa3f63e000 	C:\Windows\System32\IMM32.DLL
0x00007ffa1e700000 - 0x00007ffa1e79b000 	C:\Program Files\Java\jdk-13.0.2\bin\msvcp140.dll
0x00007ffa159f0000 - 0x00007ffa1654d000 	C:\Program Files\Java\jdk-13.0.2\bin\server\jvm.dll
0x00007ffa3f910000 - 0x00007ffa3f918000 	C:\Windows\System32\PSAPI.DLL
0x00007ffa37ef0000 - 0x00007ffa37ef9000 	C:\Windows\SYSTEM32\WSOCK32.dll
0x00007ffa41890000 - 0x00007ffa418fd000 	C:\Windows\System32\WS2_32.dll
0x00007ffa3bcd0000 - 0x00007ffa3bcf4000 	C:\Windows\SYSTEM32\WINMM.dll
0x00007ffa3bca0000 - 0x00007ffa3bccd000 	C:\Windows\SYSTEM32\WINMMBASE.dll
0x00007ffa3dc80000 - 0x00007ffa3dcca000 	C:\Windows\System32\cfgmgr32.dll
0x00007ffa3dc60000 - 0x00007ffa3dc71000 	C:\Windows\System32\kernel.appcore.dll
0x00007ffa3ba00000 - 0x00007ffa3ba10000 	C:\Program Files\Java\jdk-13.0.2\bin\verify.dll
0x00007ffa31e00000 - 0x00007ffa31fed000 	C:\Windows\SYSTEM32\DBGHELP.DLL
0x00007ffa31dd0000 - 0x00007ffa31dfa000 	C:\Windows\SYSTEM32\dbgcore.DLL
0x00007ffa37720000 - 0x00007ffa37746000 	C:\Program Files\Java\jdk-13.0.2\bin\java.dll
0x00007ffa34660000 - 0x00007ffa34677000 	C:\Program Files\Java\jdk-13.0.2\bin\zip.dll
0x00007ffa37970000 - 0x00007ffa3797a000 	C:\Program Files\Java\jdk-13.0.2\bin\jimage.dll
0x00007ffa3fe70000 - 0x00007ffa41364000 	C:\Windows\System32\SHELL32.dll
0x00007ffa3f930000 - 0x00007ffa3f9d8000 	C:\Windows\System32\shcore.dll
0x00007ffa3dcd0000 - 0x00007ffa3e41e000 	C:\Windows\System32\windows.storage.dll
0x00007ffa3dc10000 - 0x00007ffa3dc34000 	C:\Windows\System32\profapi.dll
0x00007ffa3dbb0000 - 0x00007ffa3dc0d000 	C:\Windows\System32\powrprof.dll
0x00007ffa41930000 - 0x00007ffa41982000 	C:\Windows\System32\shlwapi.dll
0x00007ffa3eaf0000 - 0x00007ffa3eb07000 	C:\Windows\System32\cryptsp.dll
0x00007ffa33940000 - 0x00007ffa33959000 	C:\Program Files\Java\jdk-13.0.2\bin\net.dll
0x00007ffa31af0000 - 0x00007ffa31be2000 	C:\Windows\SYSTEM32\WINHTTP.dll
0x00007ffa3d370000 - 0x00007ffa3d3d7000 	C:\Windows\system32\mswsock.dll
0x00007ffa33900000 - 0x00007ffa33913000 	C:\Program Files\Java\jdk-13.0.2\bin\nio.dll
0x00007ffa22dd0000 - 0x00007ffa22df6000 	C:\Users\ELCOT\.gradle\caches\gradle-6.5\native\31\windows-amd64\native-platform.dll
0x00007ffa33930000 - 0x00007ffa33939000 	C:\Program Files\Java\jdk-13.0.2\bin\management.dll
0x00007ffa338f0000 - 0x00007ffa338fb000 	C:\Program Files\Java\jdk-13.0.2\bin\management_ext.dll
0x00007ffa3cf00000 - 0x00007ffa3cf33000 	C:\Windows\system32\rsaenh.dll
0x00007ffa3eb10000 - 0x00007ffa3eb36000 	C:\Windows\System32\bcrypt.dll
0x00007ffa3dae0000 - 0x00007ffa3db08000 	C:\Windows\SYSTEM32\USERENV.dll
0x00007ffa3d4f0000 - 0x00007ffa3d4fc000 	C:\Windows\SYSTEM32\CRYPTBASE.dll
0x00007ffa3d0a0000 - 0x00007ffa3d0dd000 	C:\Windows\SYSTEM32\IPHLPAPI.DLL
0x00007ffa41b80000 - 0x00007ffa41b88000 	C:\Windows\System32\NSI.dll
0x00007ffa35d90000 - 0x00007ffa35da6000 	C:\Windows\SYSTEM32\dhcpcsvc6.DLL
0x00007ffa35d70000 - 0x00007ffa35d8c000 	C:\Windows\SYSTEM32\dhcpcsvc.DLL
0x00007ffa3d0e0000 - 0x00007ffa3d1a7000 	C:\Windows\SYSTEM32\DNSAPI.dll

dbghelp: loaded successfully - version: 4.0.5 - missing functions: none
symbol engine: initialized successfully - sym options: 0x614 - pdb path: .;C:\Program Files\Java\jdk-13.0.2\bin;C:\Windows\SYSTEM32;C:\Windows\WinSxS\amd64_microsoft.windows.common-controls_6595b64144ccf1df_6.0.17763.1217_none_de6e4304534e0ad3;C:\Program Files\Java\jdk-13.0.2\bin\server;C:\Users\ELCOT\.gradle\caches\gradle-6.5\native\31\windows-amd64

VM Arguments:
jvm_args: --add-opens=java.base/java.util=ALL-UNNAMED --add-opens=java.base/java.lang=ALL-UNNAMED --add-opens=java.base/java.lang.invoke=ALL-UNNAMED --add-opens=java.prefs/java.util.prefs=ALL-UNNAMED -Xmx1024m -Dfile.encoding=windows-1252 -Duser.country=IN -Duser.language=en -Duser.variant 
java_command: org.gradle.launcher.daemon.bootstrap.GradleDaemon 6.1.1
java_class_path (initial): C:\Users\ELCOT\.gradle\caches\gradle-6.5\wrapper\dists\gradle-6.1.1-all\cfmwm155h49vnt3hynmlrsdst\gradle-6.1.1\lib\gradle-launcher-6.1.1.jar
Launcher Type: SUN_STANDARD

[Global flags]
     intx CICompilerCount                          = 2                                         {product} {ergonomic}
     uint ConcGCThreads                            = 1                                         {product} {ergonomic}
     uint G1ConcRefinementThreads                  = 2                                         {product} {ergonomic}
   size_t G1HeapRegionSize                         = 1048576                                   {product} {ergonomic}
    uintx GCDrainStackTargetSize                   = 64                                        {product} {ergonomic}
   size_t InitialHeapSize                          = 65011712                                  {product} {ergonomic}
   size_t MarkStackSize                            = 4194304                                   {product} {ergonomic}
   size_t MaxHeapSize                              = 1073741824                                {product} {command line}
   size_t MaxNewSize                               = 643825664                                 {product} {ergonomic}
   size_t MinHeapDeltaBytes                        = 1048576                                   {product} {ergonomic}
   size_t MinHeapSize                              = 8388608                                   {product} {ergonomic}
    uintx NonNMethodCodeHeapSize                   = 5826188                                {pd product} {ergonomic}
    uintx NonProfiledCodeHeapSize                  = 122916026                              {pd product} {ergonomic}
    uintx ProfiledCodeHeapSize                     = 122916026                              {pd product} {ergonomic}
    uintx ReservedCodeCacheSize                    = 251658240                              {pd product} {ergonomic}
     bool SegmentedCodeCache                       = true                                      {product} {ergonomic}
   size_t SoftMaxHeapSize                          = 1073741824                             {manageable} {ergonomic}
     bool UseCompressedClassPointers               = true                                 {lp64_product} {ergonomic}
     bool UseCompressedOops                        = true                                 {lp64_product} {ergonomic}
     bool UseG1GC                                  = true                                      {product} {ergonomic}
     bool UseLargePagesIndividualAllocation        = false                                  {pd product} {ergonomic}

Logging:
Log output configuration:
 #0: stdout all=warning uptime,level,tags
 #1: stderr all=off uptime,level,tags

Environment Variables:
JAVA_HOME=C:\Program Files\Android\Android Studio\jre
PATH=C:\Program Files\AdoptOpenJDK\jdk-11.0.7.10-hotspot\bin;C:\Program Files (x86)\Common Files\Oracle\Java\javapath;C:\MinGW\bin;C:\Windows\system32;C:\Windows;C:\Windows\System32\Wbem;C:\Windows\System32\WindowsPowerShell\v1.0\;C:\Windows\System32\OpenSSH\;C:\Program Files\nodejs\;C:\Users\ELCOT\Downloads\python-3.8.2;C:\Program Files\Dart\dart-sdk\bin;C:\drivers\chromedriver_win32.zip;C:\src\flutter\flutter_windows_v1.12.13+hotfix.9-stable\flutter\bin;C:\Program Files (x86)\Android\android-sdk\platforms\platform-tools;C:\Program Files (x86)\Android\android-sdk\platform-tools\api;C:\Downloads\installer_r16-windows.exe;C:\ProgramData\Microsoft\Windows\Start Menu\Programs\Android SDK Tools;D:\kishoreAndroid\Android\Android Studio\bin;D:\kishoreAndroid\Android\Android Studio;C:\ProgramData\Microsoft\Windows\Start Menu\Programs\Visual Studio Emulator for Android.lnk;C:\Downloads\vs_emulatorsetup.exe;C:\Program Files (x86)\Android\android-sdk\SDK Manager;D:\Kishore\platforms;C:\Users\ELCOT\AppData\Local\Programs\Python\Python38\Scripts\;C:\Users\;C:\Program Files\Android\Android Studio\jre;C:\Program Files\Java\jdk-13.0.2\bin;C:\Program Files\Java\jre1.8.0_251\bin;C:\Program Files (x86)\Android\platform-tools;C:\Downloads\python-3.8.2.exe;C:\Program Files\dotnet\;C:\Program Files\Microsoft SQL Server\130\Tools\Binn\;C:\Program Files\Microsoft SQL Server\Client SDK\ODBC\170\Tools\Binn\;D:\Git\cmd;C:\Users\ELCOT\AppData\Roaming\npm;C:\Users\ELCOT\AppData\Local\Programs\Python\Python39\Scripts\;C:\Users\ELCOT\AppData\Local\Programs\Python\Python39\;C:\Users\ELCOT\AppData\Local\ValidatorBuddy;C:\Users\ELCOT\AppData\Local\Programs\Python\Python38;C:\src\flutter\bin;D:\Heroku\bin;D:\Microsoft VS Code\bin;C:\Users\ELCOT\AppData\Roaming\npm\node_modules\firebase\node_modules\protobufjs\bin;
USERNAME=ELCOT
OS=Windows_NT
PROCESSOR_IDENTIFIER=AMD64 Family 21 Model 112 Stepping 0, AuthenticAMD



---------------  S Y S T E M  ---------------

OS: Windows 10 , 64 bit Build 17763 (10.0.17763.1158)
HyperV virtualization detected

CPU:total 2 (initial active 2) (2 cores per cpu, 1 threads per core) family 21 model 112 stepping 0, cmov, cx8, fxsr, mmx, sse, sse2, sse3, ssse3, sse4.1, sse4.2, popcnt, avx, avx2, aes, clmul, mmxext, 3dnowpref, lzcnt, sse4a, tsc, tscinvbit, tscinv, bmi1, bmi2, fma

Memory: 4k page, system-wide physical 3935M (474M free)
TotalPageFile size 5322M (AvailPageFile size 13M)
current process WorkingSet (physical memory assigned to process): 424M, peak: 424M
current process commit charge ("private bytes"): 459M, peak: 491M

vm_info: Java HotSpot(TM) 64-Bit Server VM (13.0.2+8) for windows-amd64 JRE (13.0.2+8), built on Dec 11 2019 09:20:33 by "mach5one" with unknown MS VC++:1916

END.
