#
# There is insufficient memory for the Java Runtime Environment to continue.
# Native memory allocation (malloc) failed to allocate 1767216 bytes for Chunk::new
# Possible reasons:
#   The system is out of physical RAM or swap space
#   The process is running with CompressedOops enabled, and the Java Heap may be blocking the growth of the native heap
# Possible solutions:
#   Reduce memory load on the system
#   Increase physical memory or swap space
#   Check if swap backing store is full
#   Decrease Java heap size (-Xmx/-Xms)
#   Decrease number of Java threads
#   Decrease Java thread stack sizes (-Xss)
#   Set larger code cache with -XX:ReservedCodeCacheSize=
#   JVM is running with Unscaled Compressed Oops mode in which the Java heap is
#     placed in the first 4GB address space. The Java Heap base address is the
#     maximum limit for the native heap growth. Please use -XX:HeapBaseMinAddress
#     to set the Java Heap base and to place the Java Heap above 4GB virtual address.
# This output file may be truncated or incomplete.
#
#  Out of Memory Error (t:/workspace/open/src/hotspot/share/memory/arena.cpp:196), pid=980, tid=4964
#
# JRE version: Java(TM) SE Runtime Environment (13.0.2+8) (build 13.0.2+8)
# Java VM: Java HotSpot(TM) 64-Bit Server VM (13.0.2+8, mixed mode, sharing, tiered, compressed oops, g1 gc, windows-amd64)
# No core dump will be written. Minidumps are not enabled by default on client versions of Windows
#

---------------  S U M M A R Y ------------

Command Line: --add-opens=java.base/java.util=ALL-UNNAMED --add-opens=java.base/java.lang=ALL-UNNAMED --add-opens=java.base/java.lang.invoke=ALL-UNNAMED --add-opens=java.prefs/java.util.prefs=ALL-UNNAMED -Xmx1024m -Dfile.encoding=windows-1252 -Duser.country=IN -Duser.language=en -Duser.variant org.gradle.launcher.daemon.bootstrap.GradleDaemon 6.1.1

Host: AMD PRO A4-4350B R4, 5 COMPUTE CORES 2C+3G     , 2 cores, 3G,  Windows 10 , 64 bit Build 17763 (10.0.17763.1158)
Time: Thu Oct  8 00:22:07 2020 Pacific Daylight Time elapsed time: 132 seconds (0d 0h 2m 12s)

---------------  T H R E A D  ---------------

Current thread (0x00000212e6b33000):  JavaThread "C2 CompilerThread0" daemon [_thread_in_native, id=4964, stack(0x0000007d2dd00000,0x0000007d2de00000)]


Current CompileTask:
C2: 132534 11361   !   4       com.sun.tools.javac.parser.JavaTokenizer::readToken (2162 bytes)

Stack: [0x0000007d2dd00000,0x0000007d2de00000]
Native frames: (J=compiled Java code, j=interpreted, Vv=VM code, C=native code)
V  [jvm.dll+0x624f9a]
V  [jvm.dll+0x770cfa]
V  [jvm.dll+0x7724af]
V  [jvm.dll+0x772ab3]
V  [jvm.dll+0x24bf08]
V  [jvm.dll+0xc1e47]
V  [jvm.dll+0xc23cc]
V  [jvm.dll+0x35c068]
V  [jvm.dll+0x327803]
V  [jvm.dll+0x326bda]
V  [jvm.dll+0x205c27]
V  [jvm.dll+0x204e3f]
V  [jvm.dll+0x189c2c]
V  [jvm.dll+0x213e6d]
V  [jvm.dll+0x2120bb]
V  [jvm.dll+0x736bb6]
V  [jvm.dll+0x72fcaa]
V  [jvm.dll+0x623ea6]
C  [ucrtbase.dll+0x21ffa]
C  [KERNEL32.DLL+0x17974]
C  [ntdll.dll+0x6a271]


---------------  P R O C E S S  ---------------

Threads class SMR info:
_java_thread_list=0x00000212e8fe7290, length=42, elements={
0x00000212caea2800, 0x00000212e6b09800, 0x00000212e6b0b800, 0x00000212e6b2d000,
0x00000212e6b2f000, 0x00000212e6b33000, 0x00000212e6b3b000, 0x00000212e6b4e000,
0x00000212e756d000, 0x00000212e758b800, 0x00000212e8d7b000, 0x00000212e8636000,
0x00000212e8a2b000, 0x00000212e80c6800, 0x00000212e861c000, 0x00000212e861c800,
0x00000212e8558000, 0x00000212e847e000, 0x00000212e8861000, 0x00000212e7997800,
0x00000212e7998000, 0x00000212e7999000, 0x00000212e7994000, 0x00000212e7995000,
0x00000212e7996800, 0x00000212e7995800, 0x00000212e7993800, 0x00000212ea0f3000,
0x00000212ea0f4000, 0x00000212ea0f5800, 0x00000212ea0f5000, 0x00000212ea0f8000,
0x00000212ea0f2800, 0x00000212ea0f7800, 0x00000212ea0fc000, 0x00000212ea0fd000,
0x00000212ea0fa000, 0x00000212ea0fa800, 0x00000212ea0fe000, 0x00000212ea0f9000,
0x00000212ea0fe800, 0x00000212ea0ff800
}

Java Threads: ( => current thread )
  0x00000212caea2800 JavaThread "main" [_thread_blocked, id=7668, stack(0x0000007d2d200000,0x0000007d2d300000)]
  0x00000212e6b09800 JavaThread "Reference Handler" daemon [_thread_blocked, id=1724, stack(0x0000007d2d900000,0x0000007d2da00000)]
  0x00000212e6b0b800 JavaThread "Finalizer" daemon [_thread_blocked, id=2984, stack(0x0000007d2da00000,0x0000007d2db00000)]
  0x00000212e6b2d000 JavaThread "Signal Dispatcher" daemon [_thread_blocked, id=7688, stack(0x0000007d2db00000,0x0000007d2dc00000)]
  0x00000212e6b2f000 JavaThread "Attach Listener" daemon [_thread_blocked, id=2192, stack(0x0000007d2dc00000,0x0000007d2dd00000)]
=>0x00000212e6b33000 JavaThread "C2 CompilerThread0" daemon [_thread_in_native, id=4964, stack(0x0000007d2dd00000,0x0000007d2de00000)]
  0x00000212e6b3b000 JavaThread "C1 CompilerThread0" daemon [_thread_blocked, id=9192, stack(0x0000007d2de00000,0x0000007d2df00000)]
  0x00000212e6b4e000 JavaThread "Sweeper thread" daemon [_thread_blocked, id=8516, stack(0x0000007d2df00000,0x0000007d2e000000)]
  0x00000212e756d000 JavaThread "Common-Cleaner" daemon [_thread_blocked, id=6156, stack(0x0000007d2e000000,0x0000007d2e100000)]
  0x00000212e758b800 JavaThread "Service Thread" daemon [_thread_blocked, id=4080, stack(0x0000007d2e100000,0x0000007d2e200000)]
  0x00000212e8d7b000 JavaThread "Daemon health stats" [_thread_blocked, id=7636, stack(0x0000007d2e500000,0x0000007d2e600000)]
  0x00000212e8636000 JavaThread "Incoming local TCP Connector on port 53589" [_thread_in_native, id=1032, stack(0x0000007d2e600000,0x0000007d2e700000)]
  0x00000212e8a2b000 JavaThread "Daemon periodic checks" [_thread_blocked, id=8556, stack(0x0000007d2e700000,0x0000007d2e800000)]
  0x00000212e80c6800 JavaThread "Daemon" [_thread_blocked, id=744, stack(0x0000007d2e800000,0x0000007d2e900000)]
  0x00000212e861c000 JavaThread "Handler for socket connection from /127.0.0.1:53589 to /127.0.0.1:53590" [_thread_in_native, id=4204, stack(0x0000007d2e900000,0x0000007d2ea00000)]
  0x00000212e861c800 JavaThread "Cancel handler" [_thread_blocked, id=8460, stack(0x0000007d2ea00000,0x0000007d2eb00000)]
  0x00000212e8558000 JavaThread "Daemon worker" [_thread_blocked, id=9056, stack(0x0000007d2eb00000,0x0000007d2ec00000)]
  0x00000212e847e000 JavaThread "Asynchronous log dispatcher for DefaultDaemonConnection: socket connection from /127.0.0.1:53589 to /127.0.0.1:53590" [_thread_blocked, id=904, stack(0x0000007d2ec00000,0x0000007d2ed00000)]
  0x00000212e8861000 JavaThread "Thread-8" [_thread_blocked, id=4304, stack(0x0000007d2ee00000,0x0000007d2ef00000)]
  0x00000212e7997800 JavaThread "Cache worker for journal cache (C:\Users\ELCOT\.gradle\caches\gradle-6.5\caches\journal-1)" [_thread_blocked, id=9320, stack(0x0000007d2ef00000,0x0000007d2f000000)]
  0x00000212e7998000 JavaThread "File lock request listener" [_thread_in_native, id=8080, stack(0x0000007d2f000000,0x0000007d2f100000)]
  0x00000212e7999000 JavaThread "Cache worker for file hash cache (C:\Users\ELCOT\.gradle\caches\gradle-6.5\caches\6.1.1\fileHashes)" [_thread_blocked, id=4112, stack(0x0000007d2f100000,0x0000007d2f200000)]
  0x00000212e7994000 JavaThread "Cache worker for checksums cache (D:\AndroidStudioProjects\DoChat\.gradle\checksums)" [_thread_blocked, id=4572, stack(0x0000007d2f200000,0x0000007d2f300000)]
  0x00000212e7995000 JavaThread "Cache worker for file hash cache (D:\AndroidStudioProjects\DoChat\.gradle\6.1.1\fileHashes)" [_thread_blocked, id=7832, stack(0x0000007d2f300000,0x0000007d2f400000)]
  0x00000212e7996800 JavaThread "Cache worker for cache directory md-supplier (C:\Users\ELCOT\.gradle\caches\gradle-6.5\caches\6.1.1\md-supplier)" [_thread_blocked, id=8484, stack(0x0000007d2f400000,0x0000007d2f500000)]
  0x00000212e7995800 JavaThread "Cache worker for cache directory md-rule (C:\Users\ELCOT\.gradle\caches\gradle-6.5\caches\6.1.1\md-rule)" [_thread_blocked, id=10028, stack(0x0000007d2f500000,0x0000007d2f600000)]
  0x00000212e7993800 JavaThread "Cache worker for execution history cache (C:\Users\ELCOT\.gradle\caches\gradle-6.5\caches\6.1.1\executionHistory)" [_thread_blocked, id=9608, stack(0x0000007d2f600000,0x0000007d2f700000)]
  0x00000212ea0f3000 JavaThread "Build operations" [_thread_blocked, id=5104, stack(0x0000007d2f700000,0x0000007d2f800000)]
  0x00000212ea0f4000 JavaThread "Build operations Thread 2" [_thread_blocked, id=204, stack(0x0000007d2f800000,0x0000007d2f900000)]
  0x00000212ea0f5800 JavaThread "Cache worker for Build Output Cleanup Cache (D:\AndroidStudioProjects\DoChat\.gradle\buildOutputCleanup)" [_thread_blocked, id=1456, stack(0x0000007d2fb00000,0x0000007d2fc00000)]
  0x00000212ea0f5000 JavaThread "Memory manager" [_thread_blocked, id=8720, stack(0x0000007d2fc00000,0x0000007d2fd00000)]
  0x00000212ea0f8000 JavaThread "Cache worker for file content cache (C:\Users\ELCOT\.gradle\caches\gradle-6.5\caches\6.1.1\fileContent)" [_thread_blocked, id=2112, stack(0x0000007d2fd00000,0x0000007d2fe00000)]
  0x00000212ea0f2800 JavaThread "Cache worker for file content cache (D:\AndroidStudioProjects\DoChat\.gradle\6.1.1\fileContent)" [_thread_blocked, id=9940, stack(0x0000007d2fe00000,0x0000007d2ff00000)]
  0x00000212ea0f7800 JavaThread "Execution worker for ':'" [_thread_blocked, id=9240, stack(0x0000007d30000000,0x0000007d30100000)]
  0x00000212ea0fc000 JavaThread "Cache worker for execution history cache (D:\AndroidStudioProjects\DoChat\.gradle\6.1.1\executionHistory)" [_thread_blocked, id=10212, stack(0x0000007d2ed00000,0x0000007d2ee00000)]
  0x00000212ea0fd000 JavaThread "WorkerExecutor Queue" [_thread_blocked, id=8288, stack(0x0000007d2d000000,0x0000007d2d100000)]
  0x00000212ea0fa000 JavaThread "WorkerExecutor Queue Thread 2" [_thread_blocked, id=5732, stack(0x0000007d2d100000,0x0000007d2d200000)]
  0x00000212ea0fa800 JavaThread "pool-2-thread-1" [_thread_blocked, id=5392, stack(0x0000007d30100000,0x0000007d30200000)]
  0x00000212ea0fe000 JavaThread "stderr" [_thread_in_native, id=9484, stack(0x0000007d30200000,0x0000007d30300000)]
  0x00000212ea0f9000 JavaThread "stdout" [_thread_in_native, id=9840, stack(0x0000007d30300000,0x0000007d30400000)]
  0x00000212ea0fe800 JavaThread "Cache worker for Java compile cache (C:\Users\ELCOT\.gradle\caches\gradle-6.5\caches\6.1.1\javaCompile)" [_thread_blocked, id=1264, stack(0x0000007d30400000,0x0000007d30500000)]
  0x00000212ea0ff800 JavaThread "Cache worker for Java compile cache (D:\AndroidStudioProjects\DoChat\.gradle\6.1.1\javaCompile)" [_thread_blocked, id=5704, stack(0x0000007d30500000,0x0000007d30600000)]

Other Threads:
  0x00000212caf6d000 VMThread "VM Thread" [stack: 0x0000007d2d800000,0x0000007d2d900000] [id=8688]
  0x00000212e7591800 WatcherThread [stack: 0x0000007d2e200000,0x0000007d2e300000] [id=7544]
  0x00000212caed1800 GCTaskThread "GC Thread#0" [stack: 0x0000007d2d300000,0x0000007d2d400000] [id=8744]
  0x00000212e75dc800 GCTaskThread "GC Thread#1" [stack: 0x0000007d2e300000,0x0000007d2e400000] [id=3700]
  0x00000212caedb000 ConcurrentGCThread "G1 Main Marker" [stack: 0x0000007d2d400000,0x0000007d2d500000] [id=4052]
  0x00000212caedc000 ConcurrentGCThread "G1 Conc#0" [stack: 0x0000007d2d500000,0x0000007d2d600000] [id=9656]
  0x00000212caf28800 ConcurrentGCThread "G1 Refine#0" [stack: 0x0000007d2d600000,0x0000007d2d700000] [id=8264]
  0x00000212e7650800 ConcurrentGCThread "G1 Refine#1" [stack: 0x0000007d2e400000,0x0000007d2e500000] [id=2724]
  0x00000212caf2a800 ConcurrentGCThread "G1 Young RemSet Sampling" [stack: 0x0000007d2d700000,0x0000007d2d800000] [id=2332]

Threads with active compile tasks:
C2 CompilerThread0   132848 11361   !   4       com.sun.tools.javac.parser.JavaTokenizer::readToken (2162 bytes)

VM state:at safepoint (normal execution)

VM Mutex/Monitor currently owned by a thread:  ([mutex/lock_event])
[0x00000212cae9e600] Threads_lock - owner thread: 0x00000212caf6d000
[0x00000212cae9f890] Heap_lock - owner thread: 0x00000212ea0f7800

Heap address: 0x00000000c0000000, size: 1024 MB, Compressed Oops mode: 32-bit
Narrow klass base: 0x0000000800000000, Narrow klass shift: 3
Compressed class space size: 1073741824 Address: 0x0000000800b40000

Heap:
 garbage-first heap   total 162816K, used 110959K [0x00000000c0000000, 0x0000000100000000)
  region size 1024K, 17 young (17408K), 2 survivors (2048K)
 Metaspace       used 83754K, capacity 85772K, committed 85808K, reserved 1124352K
  class space    used 10940K, capacity 11632K, committed 11648K, reserved 1048576K
Heap Regions: E=young(eden), S=young(survivor), O=old, HS=humongous(starts), HC=humongous(continues), CS=collection set, F=free, A=archive, TAMS=top-at-mark-start (previous, next)
|   0|0x00000000c0000000, 0x00000000c0100000, 0x00000000c0100000|100%|HS|  |TAMS 0x00000000c0100000, 0x00000000c0100000| Complete 
|   1|0x00000000c0100000, 0x00000000c0200000, 0x00000000c0200000|100%|HC|  |TAMS 0x00000000c0200000, 0x00000000c0200000| Complete 
|   2|0x00000000c0200000, 0x00000000c0300000, 0x00000000c0300000|100%|HC|  |TAMS 0x00000000c0300000, 0x00000000c0300000| Complete 
|   3|0x00000000c0300000, 0x00000000c0400000, 0x00000000c0400000|100%| O|  |TAMS 0x00000000c0400000, 0x00000000c0400000| Untracked 
|   4|0x00000000c0400000, 0x00000000c0500000, 0x00000000c0500000|100%| O|  |TAMS 0x00000000c0500000, 0x00000000c0500000| Untracked 
|   5|0x00000000c0500000, 0x00000000c0600000, 0x00000000c0600000|100%| O|  |TAMS 0x00000000c0600000, 0x00000000c0600000| Untracked 
|   6|0x00000000c0600000, 0x00000000c0700000, 0x00000000c0700000|100%| O|  |TAMS 0x00000000c0700000, 0x00000000c0700000| Untracked 
|   7|0x00000000c0700000, 0x00000000c0800000, 0x00000000c0800000|100%| O|  |TAMS 0x00000000c0800000, 0x00000000c0800000| Untracked 
|   8|0x00000000c0800000, 0x00000000c0900000, 0x00000000c0900000|100%| O|  |TAMS 0x00000000c0900000, 0x00000000c0900000| Untracked 
|   9|0x00000000c0900000, 0x00000000c0a00000, 0x00000000c0a00000|100%| O|  |TAMS 0x00000000c0a00000, 0x00000000c0a00000| Untracked 
|  10|0x00000000c0a00000, 0x00000000c0b00000, 0x00000000c0b00000|100%| O|  |TAMS 0x00000000c0b00000, 0x00000000c0b00000| Untracked 
|  11|0x00000000c0b00000, 0x00000000c0c00000, 0x00000000c0c00000|100%| O|  |TAMS 0x00000000c0c00000, 0x00000000c0c00000| Untracked 
|  12|0x00000000c0c00000, 0x00000000c0d00000, 0x00000000c0d00000|100%| O|  |TAMS 0x00000000c0d00000, 0x00000000c0d00000| Untracked 
|  13|0x00000000c0d00000, 0x00000000c0e00000, 0x00000000c0e00000|100%| O|  |TAMS 0x00000000c0e00000, 0x00000000c0e00000| Untracked 
|  14|0x00000000c0e00000, 0x00000000c0f00000, 0x00000000c0f00000|100%| O|  |TAMS 0x00000000c0f00000, 0x00000000c0f00000| Untracked 
|  15|0x00000000c0f00000, 0x00000000c1000000, 0x00000000c1000000|100%| O|  |TAMS 0x00000000c1000000, 0x00000000c1000000| Untracked 
|  16|0x00000000c1000000, 0x00000000c1100000, 0x00000000c1100000|100%|HS|  |TAMS 0x00000000c1100000, 0x00000000c1100000| Complete 
|  17|0x00000000c1100000, 0x00000000c1200000, 0x00000000c1200000|100%|HC|  |TAMS 0x00000000c1200000, 0x00000000c1200000| Complete 
|  18|0x00000000c1200000, 0x00000000c1300000, 0x00000000c1300000|100%|HS|  |TAMS 0x00000000c1300000, 0x00000000c1300000| Complete 
|  19|0x00000000c1300000, 0x00000000c1400000, 0x00000000c1400000|100%|HC|  |TAMS 0x00000000c1400000, 0x00000000c1400000| Complete 
|  20|0x00000000c1400000, 0x00000000c1500000, 0x00000000c1500000|100%|HC|  |TAMS 0x00000000c1500000, 0x00000000c1500000| Complete 
|  21|0x00000000c1500000, 0x00000000c1600000, 0x00000000c1600000|100%|HS|  |TAMS 0x00000000c1600000, 0x00000000c1600000| Complete 
|  22|0x00000000c1600000, 0x00000000c1700000, 0x00000000c1700000|100%|HC|  |TAMS 0x00000000c1700000, 0x00000000c1700000| Complete 
|  23|0x00000000c1700000, 0x00000000c1800000, 0x00000000c1800000|100%|HC|  |TAMS 0x00000000c1800000, 0x00000000c1800000| Complete 
|  24|0x00000000c1800000, 0x00000000c1900000, 0x00000000c1900000|100%|HC|  |TAMS 0x00000000c1900000, 0x00000000c1900000| Complete 
|  25|0x00000000c1900000, 0x00000000c1a00000, 0x00000000c1a00000|100%| O|  |TAMS 0x00000000c1a00000, 0x00000000c1a00000| Untracked 
|  26|0x00000000c1a00000, 0x00000000c1b00000, 0x00000000c1b00000|100%| O|  |TAMS 0x00000000c1b00000, 0x00000000c1b00000| Untracked 
|  27|0x00000000c1b00000, 0x00000000c1c00000, 0x00000000c1c00000|100%| O|  |TAMS 0x00000000c1c00000, 0x00000000c1c00000| Untracked 
|  28|0x00000000c1c00000, 0x00000000c1d00000, 0x00000000c1d00000|100%| O|  |TAMS 0x00000000c1d00000, 0x00000000c1d00000| Untracked 
|  29|0x00000000c1d00000, 0x00000000c1e00000, 0x00000000c1e00000|100%| O|  |TAMS 0x00000000c1e00000, 0x00000000c1e00000| Untracked 
|  30|0x00000000c1e00000, 0x00000000c1f00000, 0x00000000c1f00000|100%| O|  |TAMS 0x00000000c1f00000, 0x00000000c1f00000| Untracked 
|  31|0x00000000c1f00000, 0x00000000c2000000, 0x00000000c2000000|100%| O|  |TAMS 0x00000000c2000000, 0x00000000c2000000| Untracked 
|  32|0x00000000c2000000, 0x00000000c2100000, 0x00000000c2100000|100%| O|  |TAMS 0x00000000c2100000, 0x00000000c2100000| Untracked 
|  33|0x00000000c2100000, 0x00000000c2200000, 0x00000000c2200000|100%| O|  |TAMS 0x00000000c2200000, 0x00000000c2200000| Untracked 
|  34|0x00000000c2200000, 0x00000000c2300000, 0x00000000c2300000|100%| O|  |TAMS 0x00000000c2300000, 0x00000000c2300000| Untracked 
|  35|0x00000000c2300000, 0x00000000c2400000, 0x00000000c2400000|100%| O|  |TAMS 0x00000000c2400000, 0x00000000c2400000| Untracked 
|  36|0x00000000c2400000, 0x00000000c2500000, 0x00000000c2500000|100%|HS|  |TAMS 0x00000000c2500000, 0x00000000c2500000| Complete 
|  37|0x00000000c2500000, 0x00000000c2600000, 0x00000000c2600000|100%|HC|  |TAMS 0x00000000c2600000, 0x00000000c2600000| Complete 
|  38|0x00000000c2600000, 0x00000000c2700000, 0x00000000c2700000|100%|HC|  |TAMS 0x00000000c2700000, 0x00000000c2700000| Complete 
|  39|0x00000000c2700000, 0x00000000c2800000, 0x00000000c2800000|100%| O|  |TAMS 0x00000000c2800000, 0x00000000c2800000| Untracked 
|  40|0x00000000c2800000, 0x00000000c2900000, 0x00000000c2900000|100%|HS|  |TAMS 0x00000000c2900000, 0x00000000c2900000| Complete 
|  41|0x00000000c2900000, 0x00000000c2a00000, 0x00000000c2a00000|100%|HC|  |TAMS 0x00000000c2a00000, 0x00000000c2a00000| Complete 
|  42|0x00000000c2a00000, 0x00000000c2b00000, 0x00000000c2b00000|100%| O|  |TAMS 0x00000000c2b00000, 0x00000000c2b00000| Untracked 
|  43|0x00000000c2b00000, 0x00000000c2c00000, 0x00000000c2c00000|100%| O|  |TAMS 0x00000000c2c00000, 0x00000000c2c00000| Untracked 
|  44|0x00000000c2c00000, 0x00000000c2d00000, 0x00000000c2d00000|100%| O|  |TAMS 0x00000000c2d00000, 0x00000000c2d00000| Untracked 
|  45|0x00000000c2d00000, 0x00000000c2e00000, 0x00000000c2e00000|100%| O|  |TAMS 0x00000000c2e00000, 0x00000000c2e00000| Untracked 
|  46|0x00000000c2e00000, 0x00000000c2f00000, 0x00000000c2f00000|100%| O|  |TAMS 0x00000000c2f00000, 0x00000000c2f00000| Untracked 
|  47|0x00000000c2f00000, 0x00000000c3000000, 0x00000000c3000000|100%| O|  |TAMS 0x00000000c3000000, 0x00000000c3000000| Untracked 
|  48|0x00000000c3000000, 0x00000000c3100000, 0x00000000c3100000|100%| O|  |TAMS 0x00000000c3100000, 0x00000000c3100000| Untracked 
|  49|0x00000000c3100000, 0x00000000c3200000, 0x00000000c3200000|100%| O|  |TAMS 0x00000000c3200000, 0x00000000c3200000| Untracked 
|  50|0x00000000c3200000, 0x00000000c3300000, 0x00000000c3300000|100%| O|  |TAMS 0x00000000c3300000, 0x00000000c3300000| Untracked 
|  51|0x00000000c3300000, 0x00000000c3400000, 0x00000000c3400000|100%| O|  |TAMS 0x00000000c3400000, 0x00000000c3400000| Untracked 
|  52|0x00000000c3400000, 0x00000000c3500000, 0x00000000c3500000|100%| O|  |TAMS 0x00000000c3500000, 0x00000000c3500000| Untracked 
|  53|0x00000000c3500000, 0x00000000c3600000, 0x00000000c3600000|100%| O|  |TAMS 0x00000000c3600000, 0x00000000c3600000| Untracked 
|  54|0x00000000c3600000, 0x00000000c3700000, 0x00000000c3700000|100%| O|  |TAMS 0x00000000c3700000, 0x00000000c3700000| Untracked 
|  55|0x00000000c3700000, 0x00000000c3800000, 0x00000000c3800000|100%| O|  |TAMS 0x00000000c3800000, 0x00000000c3800000| Untracked 
|  56|0x00000000c3800000, 0x00000000c3900000, 0x00000000c3900000|100%| O|  |TAMS 0x00000000c3900000, 0x00000000c3900000| Untracked 
|  57|0x00000000c3900000, 0x00000000c3a00000, 0x00000000c3a00000|100%| O|  |TAMS 0x00000000c3a00000, 0x00000000c3a00000| Untracked 
|  58|0x00000000c3a00000, 0x00000000c3b00000, 0x00000000c3b00000|100%| O|  |TAMS 0x00000000c3b00000, 0x00000000c3b00000| Untracked 
|  59|0x00000000c3b00000, 0x00000000c3c00000, 0x00000000c3c00000|100%| O|  |TAMS 0x00000000c3c00000, 0x00000000c3c00000| Untracked 
|  60|0x00000000c3c00000, 0x00000000c3d00000, 0x00000000c3d00000|100%| O|  |TAMS 0x00000000c3d00000, 0x00000000c3d00000| Untracked 
|  61|0x00000000c3d00000, 0x00000000c3e00000, 0x00000000c3e00000|100%| O|  |TAMS 0x00000000c3e00000, 0x00000000c3e00000| Untracked 
|  62|0x00000000c3e00000, 0x00000000c3f00000, 0x00000000c3f00000|100%| O|  |TAMS 0x00000000c3f00000, 0x00000000c3f00000| Untracked 
|  63|0x00000000c3f00000, 0x00000000c4000000, 0x00000000c4000000|100%| O|  |TAMS 0x00000000c4000000, 0x00000000c4000000| Untracked 
|  64|0x00000000c4000000, 0x00000000c4100000, 0x00000000c4100000|100%| O|  |TAMS 0x00000000c4100000, 0x00000000c4100000| Untracked 
|  65|0x00000000c4100000, 0x00000000c4200000, 0x00000000c4200000|100%| O|  |TAMS 0x00000000c4200000, 0x00000000c4200000| Untracked 
|  66|0x00000000c4200000, 0x00000000c4300000, 0x00000000c4300000|100%| O|  |TAMS 0x00000000c4300000, 0x00000000c4300000| Untracked 
|  67|0x00000000c4300000, 0x00000000c4400000, 0x00000000c4400000|100%| O|  |TAMS 0x00000000c4400000, 0x00000000c4400000| Untracked 
|  68|0x00000000c4400000, 0x00000000c4500000, 0x00000000c4500000|100%| O|  |TAMS 0x00000000c4500000, 0x00000000c4500000| Untracked 
|  69|0x00000000c4500000, 0x00000000c4600000, 0x00000000c4600000|100%| O|  |TAMS 0x00000000c4600000, 0x00000000c4600000| Untracked 
|  70|0x00000000c4600000, 0x00000000c4700000, 0x00000000c4700000|100%| O|  |TAMS 0x00000000c4700000, 0x00000000c4700000| Untracked 
|  71|0x00000000c4700000, 0x00000000c4800000, 0x00000000c4800000|100%| O|  |TAMS 0x00000000c4800000, 0x00000000c4800000| Untracked 
|  72|0x00000000c4800000, 0x00000000c4900000, 0x00000000c4900000|100%| O|  |TAMS 0x00000000c4900000, 0x00000000c4900000| Untracked 
|  73|0x00000000c4900000, 0x00000000c4a00000, 0x00000000c4a00000|100%| O|  |TAMS 0x00000000c4a00000, 0x00000000c4a00000| Untracked 
|  74|0x00000000c4a00000, 0x00000000c4b00000, 0x00000000c4b00000|100%| O|  |TAMS 0x00000000c4b00000, 0x00000000c4b00000| Untracked 
|  75|0x00000000c4b00000, 0x00000000c4c00000, 0x00000000c4c00000|100%| O|  |TAMS 0x00000000c4c00000, 0x00000000c4c00000| Untracked 
|  76|0x00000000c4c00000, 0x00000000c4d00000, 0x00000000c4d00000|100%| O|  |TAMS 0x00000000c4d00000, 0x00000000c4d00000| Untracked 
|  77|0x00000000c4d00000, 0x00000000c4e00000, 0x00000000c4e00000|100%| O|  |TAMS 0x00000000c4e00000, 0x00000000c4e00000| Untracked 
|  78|0x00000000c4e00000, 0x00000000c4f00000, 0x00000000c4f00000|100%| O|  |TAMS 0x00000000c4f00000, 0x00000000c4f00000| Untracked 
|  79|0x00000000c4f00000, 0x00000000c5000000, 0x00000000c5000000|100%| O|  |TAMS 0x00000000c5000000, 0x00000000c5000000| Untracked 
|  80|0x00000000c5000000, 0x00000000c5100000, 0x00000000c5100000|100%| O|  |TAMS 0x00000000c5100000, 0x00000000c5100000| Untracked 
|  81|0x00000000c5100000, 0x00000000c5200000, 0x00000000c5200000|100%| O|  |TAMS 0x00000000c5200000, 0x00000000c5200000| Untracked 
|  82|0x00000000c5200000, 0x00000000c5300000, 0x00000000c5300000|100%| O|  |TAMS 0x00000000c5300000, 0x00000000c5300000| Untracked 
|  83|0x00000000c5300000, 0x00000000c5400000, 0x00000000c5400000|100%| O|  |TAMS 0x00000000c5400000, 0x00000000c5400000| Untracked 
|  84|0x00000000c5400000, 0x00000000c5500000, 0x00000000c5500000|100%| O|  |TAMS 0x00000000c5500000, 0x00000000c5500000| Untracked 
|  85|0x00000000c5500000, 0x00000000c5600000, 0x00000000c5600000|100%| O|  |TAMS 0x00000000c5600000, 0x00000000c5600000| Untracked 
|  86|0x00000000c5600000, 0x00000000c5700000, 0x00000000c5700000|100%| O|  |TAMS 0x00000000c5700000, 0x00000000c5700000| Untracked 
|  87|0x00000000c5700000, 0x00000000c5800000, 0x00000000c5800000|100%| O|  |TAMS 0x00000000c57af200, 0x00000000c5800000| Untracked 
|  88|0x00000000c5800000, 0x00000000c5900000, 0x00000000c5900000|100%| O|  |TAMS 0x00000000c5800000, 0x00000000c5900000| Untracked 
|  89|0x00000000c5900000, 0x00000000c59f96b0, 0x00000000c5a00000| 97%| O|  |TAMS 0x00000000c5900000, 0x00000000c599ac00| Untracked 
|  90|0x00000000c5a00000, 0x00000000c5a00000, 0x00000000c5b00000|  0%| F|  |TAMS 0x00000000c5a00000, 0x00000000c5a00000| Untracked 
|  91|0x00000000c5b00000, 0x00000000c5b00000, 0x00000000c5c00000|  0%| F|  |TAMS 0x00000000c5b00000, 0x00000000c5b00000| Untracked 
|  92|0x00000000c5c00000, 0x00000000c5c00000, 0x00000000c5d00000|  0%| F|  |TAMS 0x00000000c5c00000, 0x00000000c5c00000| Untracked 
|  93|0x00000000c5d00000, 0x00000000c5d00000, 0x00000000c5e00000|  0%| F|  |TAMS 0x00000000c5d00000, 0x00000000c5d00000| Untracked 
|  94|0x00000000c5e00000, 0x00000000c5e00000, 0x00000000c5f00000|  0%| F|  |TAMS 0x00000000c5e00000, 0x00000000c5e00000| Untracked 
|  95|0x00000000c5f00000, 0x00000000c5f00000, 0x00000000c6000000|  0%| F|  |TAMS 0x00000000c5f00000, 0x00000000c5f00000| Untracked 
|  96|0x00000000c6000000, 0x00000000c6000000, 0x00000000c6100000|  0%| F|  |TAMS 0x00000000c6000000, 0x00000000c6000000| Untracked 
|  97|0x00000000c6100000, 0x00000000c6100000, 0x00000000c6200000|  0%| F|  |TAMS 0x00000000c6100000, 0x00000000c6100000| Untracked 
|  98|0x00000000c6200000, 0x00000000c6200000, 0x00000000c6300000|  0%| F|  |TAMS 0x00000000c6200000, 0x00000000c6200000| Untracked 
|  99|0x00000000c6300000, 0x00000000c6300000, 0x00000000c6400000|  0%| F|  |TAMS 0x00000000c6300000, 0x00000000c6300000| Untracked 
| 100|0x00000000c6400000, 0x00000000c6400000, 0x00000000c6500000|  0%| F|  |TAMS 0x00000000c6400000, 0x00000000c6400000| Untracked 
| 101|0x00000000c6500000, 0x00000000c6500000, 0x00000000c6600000|  0%| F|  |TAMS 0x00000000c6500000, 0x00000000c6500000| Untracked 
| 102|0x00000000c6600000, 0x00000000c6600000, 0x00000000c6700000|  0%| F|  |TAMS 0x00000000c6600000, 0x00000000c6600000| Untracked 
| 103|0x00000000c6700000, 0x00000000c6700000, 0x00000000c6800000|  0%| F|  |TAMS 0x00000000c6700000, 0x00000000c6700000| Untracked 
| 104|0x00000000c6800000, 0x00000000c6800000, 0x00000000c6900000|  0%| F|  |TAMS 0x00000000c6800000, 0x00000000c6800000| Untracked 
| 105|0x00000000c6900000, 0x00000000c6900000, 0x00000000c6a00000|  0%| F|  |TAMS 0x00000000c6900000, 0x00000000c6900000| Untracked 
| 106|0x00000000c6a00000, 0x00000000c6a00000, 0x00000000c6b00000|  0%| F|  |TAMS 0x00000000c6a00000, 0x00000000c6a00000| Untracked 
| 107|0x00000000c6b00000, 0x00000000c6b00000, 0x00000000c6c00000|  0%| F|  |TAMS 0x00000000c6b00000, 0x00000000c6b00000| Untracked 
| 108|0x00000000c6c00000, 0x00000000c6c00000, 0x00000000c6d00000|  0%| F|  |TAMS 0x00000000c6c00000, 0x00000000c6c00000| Untracked 
| 109|0x00000000c6d00000, 0x00000000c6d00000, 0x00000000c6e00000|  0%| F|  |TAMS 0x00000000c6d00000, 0x00000000c6d00000| Untracked 
| 110|0x00000000c6e00000, 0x00000000c6e00000, 0x00000000c6f00000|  0%| F|  |TAMS 0x00000000c6e00000, 0x00000000c6e00000| Untracked 
| 111|0x00000000c6f00000, 0x00000000c6f00000, 0x00000000c7000000|  0%| F|  |TAMS 0x00000000c6f00000, 0x00000000c6f00000| Untracked 
| 112|0x00000000c7000000, 0x00000000c7000000, 0x00000000c7100000|  0%| F|  |TAMS 0x00000000c7000000, 0x00000000c7000000| Untracked 
| 113|0x00000000c7100000, 0x00000000c7100000, 0x00000000c7200000|  0%| F|  |TAMS 0x00000000c7100000, 0x00000000c7100000| Untracked 
| 114|0x00000000c7200000, 0x00000000c7200000, 0x00000000c7300000|  0%| F|  |TAMS 0x00000000c7200000, 0x00000000c7200000| Untracked 
| 115|0x00000000c7300000, 0x00000000c7300000, 0x00000000c7400000|  0%| F|  |TAMS 0x00000000c7300000, 0x00000000c7300000| Untracked 
| 116|0x00000000c7400000, 0x00000000c7500000, 0x00000000c7500000|100%| E|CS|TAMS 0x00000000c7400000, 0x00000000c7500000| Complete 
| 117|0x00000000c7500000, 0x00000000c7600000, 0x00000000c7600000|100%| E|CS|TAMS 0x00000000c7500000, 0x00000000c7600000| Complete 
| 118|0x00000000c7600000, 0x00000000c7700000, 0x00000000c7700000|100%| E|CS|TAMS 0x00000000c7600000, 0x00000000c7700000| Complete 
| 119|0x00000000c7700000, 0x00000000c7800000, 0x00000000c7800000|100%| E|CS|TAMS 0x00000000c7700000, 0x00000000c7800000| Complete 
| 120|0x00000000c7800000, 0x00000000c7800000, 0x00000000c7900000|  0%| F|  |TAMS 0x00000000c7800000, 0x00000000c7800000| Untracked 
| 121|0x00000000c7900000, 0x00000000c7900000, 0x00000000c7a00000|  0%| F|  |TAMS 0x00000000c7900000, 0x00000000c7900000| Untracked 
| 122|0x00000000c7a00000, 0x00000000c7a00000, 0x00000000c7b00000|  0%| F|  |TAMS 0x00000000c7a00000, 0x00000000c7a00000| Untracked 
| 123|0x00000000c7b00000, 0x00000000c7b00000, 0x00000000c7c00000|  0%| F|  |TAMS 0x00000000c7b00000, 0x00000000c7b00000| Untracked 
| 124|0x00000000c7c00000, 0x00000000c7c00000, 0x00000000c7d00000|  0%| F|  |TAMS 0x00000000c7c00000, 0x00000000c7c00000| Untracked 
| 125|0x00000000c7d00000, 0x00000000c7d00000, 0x00000000c7e00000|  0%| F|  |TAMS 0x00000000c7d00000, 0x00000000c7d00000| Untracked 
| 126|0x00000000c7e00000, 0x00000000c7e00000, 0x00000000c7f00000|  0%| F|  |TAMS 0x00000000c7e00000, 0x00000000c7e00000| Untracked 
| 127|0x00000000c7f00000, 0x00000000c7f00000, 0x00000000c8000000|  0%| F|  |TAMS 0x00000000c7f00000, 0x00000000c7f00000| Untracked 
| 128|0x00000000c8000000, 0x00000000c8000000, 0x00000000c8100000|  0%| F|  |TAMS 0x00000000c8000000, 0x00000000c8000000| Untracked 
| 129|0x00000000c8100000, 0x00000000c8100000, 0x00000000c8200000|  0%| F|  |TAMS 0x00000000c8100000, 0x00000000c8100000| Untracked 
| 130|0x00000000c8200000, 0x00000000c8200000, 0x00000000c8300000|  0%| F|  |TAMS 0x00000000c8200000, 0x00000000c8200000| Untracked 
| 131|0x00000000c8300000, 0x00000000c8300000, 0x00000000c8400000|  0%| F|  |TAMS 0x00000000c8300000, 0x00000000c8300000| Untracked 
| 132|0x00000000c8400000, 0x00000000c8400000, 0x00000000c8500000|  0%| F|  |TAMS 0x00000000c8400000, 0x00000000c8400000| Untracked 
| 133|0x00000000c8500000, 0x00000000c8500000, 0x00000000c8600000|  0%| F|  |TAMS 0x00000000c8500000, 0x00000000c8500000| Untracked 
| 134|0x00000000c8600000, 0x00000000c8600000, 0x00000000c8700000|  0%| F|  |TAMS 0x00000000c8600000, 0x00000000c8600000| Untracked 
| 135|0x00000000c8700000, 0x00000000c8700000, 0x00000000c8800000|  0%| F|  |TAMS 0x00000000c8700000, 0x00000000c8700000| Untracked 
| 136|0x00000000c8800000, 0x00000000c8800000, 0x00000000c8900000|  0%| F|  |TAMS 0x00000000c8800000, 0x00000000c8800000| Untracked 
| 137|0x00000000c8900000, 0x00000000c8900000, 0x00000000c8a00000|  0%| F|  |TAMS 0x00000000c8900000, 0x00000000c8900000| Untracked 
| 138|0x00000000c8a00000, 0x00000000c8a00000, 0x00000000c8b00000|  0%| F|  |TAMS 0x00000000c8a00000, 0x00000000c8a00000| Untracked 
| 139|0x00000000c8b00000, 0x00000000c8b00000, 0x00000000c8c00000|  0%| F|  |TAMS 0x00000000c8b00000, 0x00000000c8b00000| Untracked 
| 140|0x00000000c8c00000, 0x00000000c8c00000, 0x00000000c8d00000|  0%| F|  |TAMS 0x00000000c8c00000, 0x00000000c8c00000| Untracked 
| 141|0x00000000c8d00000, 0x00000000c8db2460, 0x00000000c8e00000| 69%| S|  |TAMS 0x00000000c8d00000, 0x00000000c8d00000| Complete 
| 142|0x00000000c8e00000, 0x00000000c8f00000, 0x00000000c8f00000|100%| S|  |TAMS 0x00000000c8e00000, 0x00000000c8e00000| Complete 
| 143|0x00000000c8f00000, 0x00000000c9000000, 0x00000000c9000000|100%| S|  |TAMS 0x00000000c8f00000, 0x00000000c8f00000| Complete 
| 144|0x00000000c9000000, 0x00000000c90c10b0, 0x00000000c9100000| 75%| E|CS|TAMS 0x00000000c9000000, 0x00000000c90c10b0| Complete 
| 145|0x00000000c9100000, 0x00000000c9200000, 0x00000000c9200000|100%| E|CS|TAMS 0x00000000c9100000, 0x00000000c9200000| Complete 
| 146|0x00000000c9200000, 0x00000000c9300000, 0x00000000c9300000|100%| E|CS|TAMS 0x00000000c9200000, 0x00000000c9300000| Complete 
| 147|0x00000000c9300000, 0x00000000c9400000, 0x00000000c9400000|100%| E|CS|TAMS 0x00000000c9300000, 0x00000000c9400000| Complete 
| 148|0x00000000c9400000, 0x00000000c9500000, 0x00000000c9500000|100%| E|CS|TAMS 0x00000000c9400000, 0x00000000c9500000| Complete 
| 149|0x00000000c9500000, 0x00000000c9600000, 0x00000000c9600000|100%| E|CS|TAMS 0x00000000c9500000, 0x00000000c9600000| Complete 
| 150|0x00000000c9600000, 0x00000000c9700000, 0x00000000c9700000|100%| E|CS|TAMS 0x00000000c9600000, 0x00000000c9700000| Complete 
| 151|0x00000000c9700000, 0x00000000c9800000, 0x00000000c9800000|100%| E|CS|TAMS 0x00000000c9700000, 0x00000000c9800000| Complete 
| 152|0x00000000c9800000, 0x00000000c9900000, 0x00000000c9900000|100%| E|CS|TAMS 0x00000000c9800000, 0x00000000c9900000| Complete 
| 153|0x00000000c9900000, 0x00000000c9a00000, 0x00000000c9a00000|100%| E|CS|TAMS 0x00000000c9900000, 0x00000000c9a00000| Complete 
| 154|0x00000000c9a00000, 0x00000000c9b00000, 0x00000000c9b00000|100%| E|CS|TAMS 0x00000000c9a00000, 0x00000000c9b00000| Complete 
| 155|0x00000000c9b00000, 0x00000000c9c00000, 0x00000000c9c00000|100%| E|CS|TAMS 0x00000000c9b00000, 0x00000000c9c00000| Complete 
| 156|0x00000000c9c00000, 0x00000000c9d00000, 0x00000000c9d00000|100%| E|CS|TAMS 0x00000000c9c00000, 0x00000000c9d00000| Complete 
| 157|0x00000000c9d00000, 0x00000000c9e00000, 0x00000000c9e00000|100%| E|CS|TAMS 0x00000000c9d00000, 0x00000000c9e00000| Complete 
| 158|0x00000000c9e00000, 0x00000000c9f00000, 0x00000000c9f00000|100%| E|CS|TAMS 0x00000000c9e00000, 0x00000000c9f00000| Complete 

Card table byte_map: [0x00000212e23a0000,0x00000212e25a0000] _byte_map_base: 0x00000212e1da0000

Marking Bits (Prev, Next): (CMBitMap*) 0x00000212caed20f8, (CMBitMap*) 0x00000212caed2138
 Prev Bits: [0x00000212e27a0000, 0x00000212e37a0000)
 Next Bits: [0x00000212e37a0000, 0x00000212e47a0000)

Polling page: 0x00000212c8c80000

Metaspace:

Usage:
  Non-class:     72.40 MB capacity,    71.11 MB ( 98%) used,     1.09 MB (  2%) free+waste,   207.81 KB ( <1%) overhead. 
      Class:     11.36 MB capacity,    10.68 MB ( 94%) used,   596.88 KB (  5%) free+waste,    94.25 KB ( <1%) overhead. 
       Both:     83.76 MB capacity,    81.79 MB ( 98%) used,     1.68 MB (  2%) free+waste,   302.06 KB ( <1%) overhead. 

Virtual space:
  Non-class space:       74.00 MB reserved,      72.42 MB ( 98%) committed 
      Class space:        1.00 GB reserved,      11.38 MB (  1%) committed 
             Both:        1.07 GB reserved,      83.80 MB (  8%) committed 

Chunk freelists:
   Non-Class:  20.00 KB
       Class:  16.00 KB
        Both:  36.00 KB

MaxMetaspaceSize: 17179869184.00 GB
CompressedClassSpaceSize: 1.00 GB

CodeHeap 'non-profiled nmethods': size=120064Kb used=5660Kb max_used=5660Kb free=114403Kb
 bounds [0x00000212dae60000, 0x00000212db3f0000, 0x00000212e23a0000]
CodeHeap 'profiled nmethods': size=120000Kb used=24438Kb max_used=24438Kb free=95561Kb
 bounds [0x00000212d3930000, 0x00000212d5130000, 0x00000212dae60000]
CodeHeap 'non-nmethods': size=5696Kb used=2449Kb max_used=2483Kb free=3247Kb
 bounds [0x00000212d33a0000, 0x00000212d3610000, 0x00000212d3930000]
 total_blobs=15677 nmethods=10149 adapters=853
 compilation: enabled
              stopped_count=0, restarted_count=0
 full_count=0

Compilation events (20 events):
Event: 132.379 Thread 0x00000212e6b3b000 11384       3       com.sun.tools.javac.parser.JavacParser::qualident (141 bytes)
Event: 132.382 Thread 0x00000212e6b3b000 nmethod 11384 0x00000212d3db8410 code [0x00000212d3db8780, 0x00000212d3dba1b0]
Event: 132.383 Thread 0x00000212e6b3b000 11385       3       com.sun.tools.javac.tree.TreeMaker::VarDef (27 bytes)
Event: 132.384 Thread 0x00000212e6b3b000 nmethod 11385 0x00000212d3a72590 code [0x00000212d3a72740, 0x00000212d3a729b0]
Event: 132.426 Thread 0x00000212e6b3b000 11386       3       com.sun.tools.javac.parser.UnicodeReader::scanCommentChar (41 bytes)
Event: 132.427 Thread 0x00000212e6b3b000 nmethod 11386 0x00000212d3f2d310 code [0x00000212d3f2d500, 0x00000212d3f2dc40]
Event: 132.428 Thread 0x00000212e6b3b000 11387       3       com.sun.tools.javac.parser.JavacParser::modifiersOpt (562 bytes)
Event: 132.433 Thread 0x00000212e6b3b000 nmethod 11387 0x00000212d463e490 code [0x00000212d463e8c0, 0x00000212d4640c30]
Event: 132.434 Thread 0x00000212e6b3b000 11388       3       com.sun.tools.javac.parser.JavacParser::modifiersOpt (6 bytes)
Event: 132.434 Thread 0x00000212e6b3b000 nmethod 11388 0x00000212d3c24b90 code [0x00000212d3c24d40, 0x00000212d3c24ef0]
Event: 132.435 Thread 0x00000212e6b3b000 11389       3       com.sun.tools.javac.util.Assert::check (17 bytes)
Event: 132.436 Thread 0x00000212e6b3b000 nmethod 11389 0x00000212d4030d90 code [0x00000212d4030f60, 0x00000212d40313e0]
Event: 132.436 Thread 0x00000212e6b3b000 11390       3       com.sun.tools.javac.tree.TreeMaker$$Lambda$766/0x0000000801676c40::get$Lambda (9 bytes)
Event: 132.437 Thread 0x00000212e6b3b000 nmethod 11390 0x00000212d4631690 code [0x00000212d4631840, 0x00000212d4631af8]
Event: 132.450 Thread 0x00000212e6b3b000 11391       3       com.sun.tools.javac.parser.JavacParser::importDeclaration (189 bytes)
Event: 132.454 Thread 0x00000212e6b3b000 nmethod 11391 0x00000212d4f54810 code [0x00000212d4f54ca0, 0x00000212d4f57260]
Event: 132.454 Thread 0x00000212e6b3b000 11392       3       com.sun.tools.javac.tree.TreeMaker::Import (20 bytes)
Event: 132.454 Thread 0x00000212e6b3b000 nmethod 11392 0x00000212d3a24e90 code [0x00000212d3a25040, 0x00000212d3a253b8]
Event: 132.454 Thread 0x00000212e6b3b000 11393       3       com.sun.tools.javac.tree.JCTree$JCImport::<init> (15 bytes)
Event: 132.455 Thread 0x00000212e6b3b000 nmethod 11393 0x00000212d3a24910 code [0x00000212d3a24ac0, 0x00000212d3a24d58]

GC Heap History (20 events):
Event: 75.699 GC heap before
{Heap before GC invocations=56 (full 0):
 garbage-first heap   total 133120K, used 98390K [0x00000000c0000000, 0x0000000100000000)
  region size 1024K, 23 young (23552K), 2 survivors (2048K)
 Metaspace       used 68213K, capacity 69977K, committed 70064K, reserved 1110016K
  class space    used 9110K, capacity 9694K, committed 9728K, reserved 1048576K
}
Event: 75.718 GC heap after
{Heap after GC invocations=57 (full 0):
 garbage-first heap   total 133120K, used 78750K [0x00000000c0000000, 0x0000000100000000)
  region size 1024K, 3 young (3072K), 3 survivors (3072K)
 Metaspace       used 68213K, capacity 69977K, committed 70064K, reserved 1110016K
  class space    used 9110K, capacity 9694K, committed 9728K, reserved 1048576K
}
Event: 79.417 GC heap before
{Heap before GC invocations=57 (full 0):
 garbage-first heap   total 133120K, used 103326K [0x00000000c0000000, 0x0000000100000000)
  region size 1024K, 27 young (27648K), 3 survivors (3072K)
 Metaspace       used 68311K, capacity 70044K, committed 70320K, reserved 1110016K
  class space    used 9111K, capacity 9694K, committed 9728K, reserved 1048576K
}
Event: 79.434 GC heap after
{Heap after GC invocations=58 (full 0):
 garbage-first heap   total 133120K, used 80276K [0x00000000c0000000, 0x0000000100000000)
  region size 1024K, 3 young (3072K), 3 survivors (3072K)
 Metaspace       used 68311K, capacity 70044K, committed 70320K, reserved 1110016K
  class space    used 9111K, capacity 9694K, committed 9728K, reserved 1048576K
}
Event: 83.215 GC heap before
{Heap before GC invocations=59 (full 0):
 garbage-first heap   total 138240K, used 104852K [0x00000000c0000000, 0x0000000100000000)
  region size 1024K, 28 young (28672K), 3 survivors (3072K)
 Metaspace       used 69204K, capacity 70981K, committed 71216K, reserved 1110016K
  class space    used 9206K, capacity 9792K, committed 9856K, reserved 1048576K
}
Event: 83.232 GC heap after
{Heap after GC invocations=60 (full 0):
 garbage-first heap   total 138240K, used 81778K [0x00000000c0000000, 0x0000000100000000)
  region size 1024K, 3 young (3072K), 3 survivors (3072K)
 Metaspace       used 69204K, capacity 70981K, committed 71216K, reserved 1110016K
  class space    used 9206K, capacity 9792K, committed 9856K, reserved 1048576K
}
Event: 86.940 GC heap before
{Heap before GC invocations=60 (full 0):
 garbage-first heap   total 138240K, used 108402K [0x00000000c0000000, 0x0000000100000000)
  region size 1024K, 30 young (30720K), 3 survivors (3072K)
 Metaspace       used 69291K, capacity 71074K, committed 71216K, reserved 1110016K
  class space    used 9211K, capacity 9795K, committed 9856K, reserved 1048576K
}
Event: 86.971 GC heap after
{Heap after GC invocations=61 (full 0):
 garbage-first heap   total 138240K, used 83442K [0x00000000c0000000, 0x0000000100000000)
  region size 1024K, 4 young (4096K), 4 survivors (4096K)
 Metaspace       used 69291K, capacity 71074K, committed 71216K, reserved 1110016K
  class space    used 9211K, capacity 9795K, committed 9856K, reserved 1048576K
}
Event: 90.164 GC heap before
{Heap before GC invocations=62 (full 0):
 garbage-first heap   total 143360K, used 109042K [0x00000000c0000000, 0x0000000100000000)
  region size 1024K, 30 young (30720K), 4 survivors (4096K)
 Metaspace       used 70397K, capacity 72277K, committed 72368K, reserved 1112064K
  class space    used 9359K, capacity 9956K, committed 9984K, reserved 1048576K
}
Event: 90.185 GC heap after
{Heap after GC invocations=63 (full 0):
 garbage-first heap   total 143360K, used 84883K [0x00000000c0000000, 0x0000000100000000)
  region size 1024K, 3 young (3072K), 3 survivors (3072K)
 Metaspace       used 70397K, capacity 72277K, committed 72368K, reserved 1112064K
  class space    used 9359K, capacity 9956K, committed 9984K, reserved 1048576K
}
Event: 93.660 GC heap before
{Heap before GC invocations=63 (full 0):
 garbage-first heap   total 143360K, used 113555K [0x00000000c0000000, 0x0000000100000000)
  region size 1024K, 32 young (32768K), 3 survivors (3072K)
 Metaspace       used 71831K, capacity 73750K, committed 73776K, reserved 1114112K
  class space    used 9501K, capacity 10096K, committed 10112K, reserved 1048576K
}
Event: 93.676 GC heap after
{Heap after GC invocations=64 (full 0):
 garbage-first heap   total 143360K, used 85452K [0x00000000c0000000, 0x0000000100000000)
  region size 1024K, 2 young (2048K), 2 survivors (2048K)
 Metaspace       used 71831K, capacity 73750K, committed 73776K, reserved 1114112K
  class space    used 9501K, capacity 10096K, committed 10112K, reserved 1048576K
}
Event: 95.437 GC heap before
{Heap before GC invocations=65 (full 0):
 garbage-first heap   total 145408K, used 114124K [0x00000000c0000000, 0x0000000100000000)
  region size 1024K, 31 young (31744K), 2 survivors (2048K)
 Metaspace       used 74324K, capacity 76290K, committed 76464K, reserved 1116160K
  class space    used 9819K, capacity 10451K, committed 10496K, reserved 1048576K
}
Event: 95.461 GC heap after
{Heap after GC invocations=66 (full 0):
 garbage-first heap   total 145408K, used 87314K [0x00000000c0000000, 0x0000000100000000)
  region size 1024K, 4 young (4096K), 4 survivors (4096K)
 Metaspace       used 74324K, capacity 76290K, committed 76464K, reserved 1116160K
  class space    used 9819K, capacity 10451K, committed 10496K, reserved 1048576K
}
Event: 122.291 GC heap before
{Heap before GC invocations=66 (full 0):
 garbage-first heap   total 145408K, used 115986K [0x00000000c0000000, 0x0000000100000000)
  region size 1024K, 33 young (33792K), 4 survivors (4096K)
 Metaspace       used 75481K, capacity 77525K, committed 77616K, reserved 1116160K
  class space    used 9949K, capacity 10588K, committed 10624K, reserved 1048576K
}
Event: 122.340 GC heap after
{Heap after GC invocations=67 (full 0):
 garbage-first heap   total 145408K, used 91639K [0x00000000c0000000, 0x0000000100000000)
  region size 1024K, 5 young (5120K), 5 survivors (5120K)
 Metaspace       used 75481K, capacity 77525K, committed 77616K, reserved 1116160K
  class space    used 9949K, capacity 10588K, committed 10624K, reserved 1048576K
}
Event: 123.323 GC heap before
{Heap before GC invocations=68 (full 0):
 garbage-first heap   total 155648K, used 117239K [0x00000000c0000000, 0x0000000100000000)
  region size 1024K, 31 young (31744K), 5 survivors (5120K)
 Metaspace       used 75972K, capacity 78005K, committed 78128K, reserved 1116160K
  class space    used 9980K, capacity 10620K, committed 10624K, reserved 1048576K
}
Event: 123.352 GC heap after
{Heap after GC invocations=69 (full 0):
 garbage-first heap   total 155648K, used 91277K [0x00000000c0000000, 0x0000000100000000)
  region size 1024K, 2 young (2048K), 2 survivors (2048K)
 Metaspace       used 75972K, capacity 78005K, committed 78128K, reserved 1116160K
  class space    used 9980K, capacity 10620K, committed 10624K, reserved 1048576K
}
Event: 126.047 GC heap before
{Heap before GC invocations=69 (full 0):
 garbage-first heap   total 155648K, used 120973K [0x00000000c0000000, 0x0000000100000000)
  region size 1024K, 32 young (32768K), 2 survivors (2048K)
 Metaspace       used 77008K, capacity 79000K, committed 79152K, reserved 1118208K
  class space    used 10129K, capacity 10778K, committed 10880K, reserved 1048576K
}
Event: 126.094 GC heap after
{Heap after GC invocations=70 (full 0):
 garbage-first heap   total 155648K, used 95851K [0x00000000c0000000, 0x0000000100000000)
  region size 1024K, 4 young (4096K), 4 survivors (4096K)
 Metaspace       used 77008K, capacity 79000K, committed 79152K, reserved 1118208K
  class space    used 10129K, capacity 10778K, committed 10880K, reserved 1048576K
}

Deoptimization events (20 events):
Event: 127.710 Thread 0x00000212ea0f7800 DEOPT PACKING pc=0x00000212db092428 sp=0x0000007d300f47c0
Event: 127.710 Thread 0x00000212ea0f7800 DEOPT UNPACKING pc=0x00000212d33e942f sp=0x0000007d300f4708 mode 2
Event: 127.712 Thread 0x00000212ea0f7800 Uncommon trap: trap_request=0xffffffde fr.pc=0x00000212db092428 relative=0x00000000000012c8
Event: 127.712 Thread 0x00000212ea0f7800 Uncommon trap: reason=class_check action=maybe_recompile pc=0x00000212db092428 method=jdk.internal.loader.BuiltinClassLoader.loadClassOrNull(Ljava/lang/String;)Ljava/lang/Class; @ 3 c2
Event: 127.712 Thread 0x00000212ea0f7800 DEOPT PACKING pc=0x00000212db092428 sp=0x0000007d300f2e50
Event: 127.712 Thread 0x00000212ea0f7800 DEOPT UNPACKING pc=0x00000212d33e942f sp=0x0000007d300f2d98 mode 2
Event: 128.032 Thread 0x00000212ea0f7800 DEOPT PACKING pc=0x00000212d4e4849c sp=0x0000007d300f9ea0
Event: 128.032 Thread 0x00000212ea0f7800 DEOPT UNPACKING pc=0x00000212d33e994e sp=0x0000007d300f9440 mode 0
Event: 128.065 Thread 0x00000212ea0f7800 DEOPT PACKING pc=0x00000212d4e4849c sp=0x0000007d300f93f0
Event: 128.065 Thread 0x00000212ea0f7800 DEOPT UNPACKING pc=0x00000212d33e994e sp=0x0000007d300f8990 mode 0
Event: 129.339 Thread 0x00000212ea0f7800 DEOPT PACKING pc=0x00000212d4e4849c sp=0x0000007d300f8e70
Event: 129.339 Thread 0x00000212ea0f7800 DEOPT UNPACKING pc=0x00000212d33e994e sp=0x0000007d300f8410 mode 0
Event: 130.601 Thread 0x00000212ea0f7800 DEOPT PACKING pc=0x00000212d47e0a37 sp=0x0000007d300f5580
Event: 130.601 Thread 0x00000212ea0f7800 DEOPT UNPACKING pc=0x00000212d33e994e sp=0x0000007d300f4a90 mode 0
Event: 132.002 Thread 0x00000212ea0f7800 DEOPT PACKING pc=0x00000212d50abce4 sp=0x0000007d300f8a00
Event: 132.002 Thread 0x00000212ea0f7800 DEOPT UNPACKING pc=0x00000212d33e994e sp=0x0000007d300f8230 mode 0
Event: 132.222 Thread 0x00000212ea0f7800 Uncommon trap: trap_request=0xffffff45 fr.pc=0x00000212db3e1a5c relative=0x00000000000000bc
Event: 132.222 Thread 0x00000212ea0f7800 Uncommon trap: reason=unstable_if action=reinterpret pc=0x00000212db3e1a5c method=com.sun.tools.javac.parser.UnicodeReader.scanChar()V @ 37 c2
Event: 132.222 Thread 0x00000212ea0f7800 DEOPT PACKING pc=0x00000212db3e1a5c sp=0x0000007d300f7b10
Event: 132.222 Thread 0x00000212ea0f7800 DEOPT UNPACKING pc=0x00000212d33e942f sp=0x0000007d300f7ab8 mode 2

Classes unloaded (3 events):
Event: 38.333 Thread 0x00000212caf6d000 Unloading class 0x0000000801007440 'org/gradle/api/internal/artifacts/ivyservice/ivyresolve/ErrorHandlingModuleComponentRepository$ErrorHandlingModuleComponentRepositoryAccess$$Lambda$222'
Event: 38.333 Thread 0x00000212caf6d000 Unloading class 0x0000000801007c40 'org/gradle/api/internal/artifacts/ivyservice/ivyresolve/ErrorHandlingModuleComponentRepository$ErrorHandlingModuleComponentRepositoryAccess$$Lambda$219'
Event: 87.207 Thread 0x00000212caf6d000 Unloading class 0x00000008014af440 'org/gradle/api/internal/artifacts/transform/DefaultTransformerInvocationFactory$2$$Lambda$586'

Classes redefined (0 events):
No events

Internal exceptions (20 events):
Event: 95.491 Thread 0x00000212e8558000 Exception <a 'java/lang/NoSuchMethodError'{0x00000000c8dd4e00}: static Lcom/android/build/gradle/internal/services/Aapt2DaemonServiceKey;.<clinit>()V> (0x00000000c8dd4e00) 
thrown [t:/workspace/open/src/hotspot/share/prims/jni.cpp, line 1347]
Event: 95.494 Thread 0x00000212e8558000 Exception <a 'java/lang/NoSuchMethodError'{0x00000000c8de98d0}: static Lcom/android/builder/internal/aapt/AaptOptions;.<clinit>()V> (0x00000000c8de98d0) 
thrown [t:/workspace/open/src/hotspot/share/prims/jni.cpp, line 1347]
Event: 95.499 Thread 0x00000212e8558000 Exception <a 'java/lang/NoSuchMethodError'{0x00000000c8c12d38}: static Lcom/android/build/gradle/internal/scope/DefaultApkData;.<clinit>()V> (0x00000000c8c12d38) 
thrown [t:/workspace/open/src/hotspot/share/prims/jni.cpp, line 1347]
Event: 95.523 Thread 0x00000212e8558000 Exception <a 'java/lang/NoSuchMethodError'{0x00000000c8caba68}: static Lcom/android/build/gradle/internal/scope/BuildOutput;.<clinit>()V> (0x00000000c8caba68) 
thrown [t:/workspace/open/src/hotspot/share/prims/jni.cpp, line 1347]
Event: 97.942 Thread 0x00000212ea0fd000 Exception <a 'java/lang/NoSuchMethodError'{0x00000000c8995ec0}: 'void java.lang.invoke.DirectMethodHandle$Holder.invokeStatic(java.lang.Object, long)'> (0x00000000c8995ec0) 
thrown [t:/workspace/open/src/hotspot/share/interpreter/linkResolver.cpp, line 767]
Event: 97.986 Thread 0x00000212ea0fd000 Exception <a 'java/lang/NoSuchMethodError'{0x00000000c899d5d0}: 'java.lang.Object java.lang.invoke.DirectMethodHandle$Holder.invokeStatic(java.lang.Object, java.lang.Object, long, java.lang.Object)'> (0x00000000c899d5d0) 
thrown [t:/workspace/open/src/hotspot/share/interpreter/linkResolver.cpp, line 767]
Event: 97.988 Thread 0x00000212ea0fd000 Exception <a 'java/lang/NoSuchMethodError'{0x00000000c89a0338}: 'java.lang.Object java.lang.invoke.DirectMethodHandle$Holder.invokeStaticInit(java.lang.Object, java.lang.Object, long, java.lang.Object)'> (0x00000000c89a0338) 
thrown [t:/workspace/open/src/hotspot/share/interpreter/linkResolver.cpp, line 767]
Event: 98.943 Thread 0x00000212ea0fd000 Exception <a 'java/lang/NoSuchMethodError'{0x00000000c8700a00}: 'int java.lang.invoke.DirectMethodHandle$Holder.invokeSpecialIFC(java.lang.Object, java.lang.Object, java.lang.Object)'> (0x00000000c8700a00) 
thrown [t:/workspace/open/src/hotspot/share/interpreter/linkResolver.cpp, line 767]
Event: 122.844 Thread 0x00000212ea0fd000 Exception <a 'sun/nio/fs/WindowsException'{0x00000000c94057d0}> (0x00000000c94057d0) 
thrown [t:/workspace/open/src/hotspot/share/prims/jni.cpp, line 598]
Event: 122.848 Thread 0x00000212ea0fd000 Exception <a 'sun/nio/fs/WindowsException'{0x00000000c941b008}> (0x00000000c941b008) 
thrown [t:/workspace/open/src/hotspot/share/prims/jni.cpp, line 598]
Event: 122.848 Thread 0x00000212ea0fd000 Exception <a 'sun/nio/fs/WindowsException'{0x00000000c941b3e8}> (0x00000000c941b3e8) 
thrown [t:/workspace/open/src/hotspot/share/prims/jni.cpp, line 598]
Event: 124.199 Thread 0x00000212ea0f7800 Exception <a 'sun/nio/fs/WindowsException'{0x00000000c8c102d8}> (0x00000000c8c102d8) 
thrown [t:/workspace/open/src/hotspot/share/prims/jni.cpp, line 598]
Event: 124.200 Thread 0x00000212ea0f7800 Exception <a 'sun/nio/fs/WindowsException'{0x00000000c8c10c40}> (0x00000000c8c10c40) 
thrown [t:/workspace/open/src/hotspot/share/prims/jni.cpp, line 598]
Event: 124.214 Thread 0x00000212ea0f7800 Exception <a 'sun/nio/fs/WindowsException'{0x00000000c8c118a0}> (0x00000000c8c118a0) 
thrown [t:/workspace/open/src/hotspot/share/prims/jni.cpp, line 598]
Event: 124.218 Thread 0x00000212ea0f7800 Exception <a 'sun/nio/fs/WindowsException'{0x00000000c8c18a28}> (0x00000000c8c18a28) 
thrown [t:/workspace/open/src/hotspot/share/prims/jni.cpp, line 598]
Event: 124.218 Thread 0x00000212ea0f7800 Exception <a 'sun/nio/fs/WindowsException'{0x00000000c8c19368}> (0x00000000c8c19368) 
thrown [t:/workspace/open/src/hotspot/share/prims/jni.cpp, line 598]
Event: 124.218 Thread 0x00000212ea0f7800 Exception <a 'sun/nio/fs/WindowsException'{0x00000000c8c19d28}> (0x00000000c8c19d28) 
thrown [t:/workspace/open/src/hotspot/share/prims/jni.cpp, line 598]
Event: 124.219 Thread 0x00000212ea0f7800 Exception <a 'sun/nio/fs/WindowsException'{0x00000000c8c1b9c8}> (0x00000000c8c1b9c8) 
thrown [t:/workspace/open/src/hotspot/share/prims/jni.cpp, line 598]
Event: 124.219 Thread 0x00000212ea0f7800 Exception <a 'sun/nio/fs/WindowsException'{0x00000000c8c1c318}> (0x00000000c8c1c318) 
thrown [t:/workspace/open/src/hotspot/share/prims/jni.cpp, line 598]
Event: 124.219 Thread 0x00000212ea0f7800 Exception <a 'sun/nio/fs/WindowsException'{0x00000000c8c1cce8}> (0x00000000c8c1cce8) 
thrown [t:/workspace/open/src/hotspot/share/prims/jni.cpp, line 598]

Events (20 events):
Event: 131.757 loading class javax/tools/JavaFileObject
Event: 131.757 loading class javax/tools/JavaFileObject done
Event: 131.794 loading class jdk/internal/math/FloatingDecimal$HexFloatPattern
Event: 131.808 loading class jdk/internal/math/FloatingDecimal$HexFloatPattern done
Event: 131.831 loading class com/sun/tools/javac/util/Filter
Event: 131.831 loading class com/sun/tools/javac/util/Filter done
Event: 131.831 loading class com/sun/tools/javac/parser/Tokens$TokenKind
Event: 131.831 loading class com/sun/tools/javac/parser/Tokens$TokenKind done
Event: 131.831 loading class com/sun/tools/javac/parser/Tokens$TokenKind
Event: 131.831 loading class com/sun/tools/javac/parser/Tokens$TokenKind done
Event: 131.867 loading class com/sun/tools/javac/parser/Tokens$TokenKind
Event: 131.867 loading class com/sun/tools/javac/parser/Tokens$TokenKind done
Event: 131.868 loading class com/sun/tools/javac/parser/Tokens$TokenKind
Event: 131.868 loading class com/sun/tools/javac/parser/Tokens$TokenKind done
Event: 131.908 loading class com/sun/tools/javac/tree/JCTree
Event: 131.908 loading class com/sun/tools/javac/tree/JCTree done
Event: 131.908 loading class com/sun/tools/javac/tree/JCTree
Event: 131.908 loading class com/sun/tools/javac/tree/JCTree done
Event: 131.997 Executing VM operation: Deoptimize
Event: 132.000 Executing VM operation: Deoptimize done


Dynamic libraries:
0x00007ff7e01b0000 - 0x00007ff7e01bf000 	C:\Program Files\Java\jdk-13.0.2\bin\java.exe
0x00007ff9f88b0000 - 0x00007ff9f8a9d000 	C:\Windows\SYSTEM32\ntdll.dll
0x00007ff9f5ad0000 - 0x00007ff9f5b83000 	C:\Windows\System32\KERNEL32.DLL
0x00007ff9f4d00000 - 0x00007ff9f4f95000 	C:\Windows\System32\KERNELBASE.dll
0x00007ff9f4a40000 - 0x00007ff9f4b3a000 	C:\Windows\System32\ucrtbase.dll
0x00007ff9e83e0000 - 0x00007ff9e83f8000 	C:\Program Files\Java\jdk-13.0.2\bin\jli.dll
0x00007ff9f7be0000 - 0x00007ff9f7c83000 	C:\Windows\System32\ADVAPI32.dll
0x00007ff9f82a0000 - 0x00007ff9f833e000 	C:\Windows\System32\msvcrt.dll
0x00007ff9e83c0000 - 0x00007ff9e83d5000 	C:\Program Files\Java\jdk-13.0.2\bin\VCRUNTIME140.dll
0x00007ff9f7980000 - 0x00007ff9f7a1e000 	C:\Windows\System32\sechost.dll
0x00007ff9f8470000 - 0x00007ff9f8592000 	C:\Windows\System32\RPCRT4.dll
0x00007ff9f77e0000 - 0x00007ff9f7977000 	C:\Windows\System32\USER32.dll
0x00007ff9f4ce0000 - 0x00007ff9f4d00000 	C:\Windows\System32\win32u.dll
0x00007ff9f8240000 - 0x00007ff9f8269000 	C:\Windows\System32\GDI32.dll
0x00007ff9f4b40000 - 0x00007ff9f4cd9000 	C:\Windows\System32\gdi32full.dll
0x00007ff9f5740000 - 0x00007ff9f57e0000 	C:\Windows\System32\msvcp_win.dll
0x00007ff9e1f10000 - 0x00007ff9e2189000 	C:\Windows\WinSxS\amd64_microsoft.windows.common-controls_6595b64144ccf1df_6.0.17763.1217_none_de6e4304534e0ad3\COMCTL32.dll
0x00007ff9f5fb0000 - 0x00007ff9f62dc000 	C:\Windows\System32\combase.dll
0x00007ff9f5a20000 - 0x00007ff9f5a9e000 	C:\Windows\System32\bcryptPrimitives.dll
0x00007ff9f0370000 - 0x00007ff9f037a000 	C:\Windows\SYSTEM32\VERSION.dll
0x00007ff9f8270000 - 0x00007ff9f829e000 	C:\Windows\System32\IMM32.DLL
0x00007ff9dedf0000 - 0x00007ff9dee8b000 	C:\Program Files\Java\jdk-13.0.2\bin\msvcp140.dll
0x00007ff9bda50000 - 0x00007ff9be5ad000 	C:\Program Files\Java\jdk-13.0.2\bin\server\jvm.dll
0x00007ff9f85a0000 - 0x00007ff9f85a8000 	C:\Windows\System32\PSAPI.DLL
0x00007ff9f29c0000 - 0x00007ff9f29c9000 	C:\Windows\SYSTEM32\WSOCK32.dll
0x00007ff9f85b0000 - 0x00007ff9f861d000 	C:\Windows\System32\WS2_32.dll
0x00007ff9f28e0000 - 0x00007ff9f2904000 	C:\Windows\SYSTEM32\WINMM.dll
0x00007ff9f28b0000 - 0x00007ff9f28dd000 	C:\Windows\SYSTEM32\winmmbase.dll
0x00007ff9f56f0000 - 0x00007ff9f573a000 	C:\Windows\System32\cfgmgr32.dll
0x00007ff9f4920000 - 0x00007ff9f4931000 	C:\Windows\System32\kernel.appcore.dll
0x00007ff9f2960000 - 0x00007ff9f2970000 	C:\Program Files\Java\jdk-13.0.2\bin\verify.dll
0x00007ff9e3a50000 - 0x00007ff9e3c3d000 	C:\Windows\SYSTEM32\DBGHELP.DLL
0x00007ff9e3a20000 - 0x00007ff9e3a4a000 	C:\Windows\SYSTEM32\dbgcore.DLL
0x00007ff9ddb10000 - 0x00007ff9ddb36000 	C:\Program Files\Java\jdk-13.0.2\bin\java.dll
0x00007ff9e02f0000 - 0x00007ff9e0307000 	C:\Program Files\Java\jdk-13.0.2\bin\zip.dll
0x00007ff9ed940000 - 0x00007ff9ed94a000 	C:\Program Files\Java\jdk-13.0.2\bin\jimage.dll
0x00007ff9f62e0000 - 0x00007ff9f77d4000 	C:\Windows\System32\SHELL32.dll
0x00007ff9f87d0000 - 0x00007ff9f8878000 	C:\Windows\System32\shcore.dll
0x00007ff9f4fa0000 - 0x00007ff9f56ee000 	C:\Windows\System32\windows.storage.dll
0x00007ff9f4940000 - 0x00007ff9f4964000 	C:\Windows\System32\profapi.dll
0x00007ff9f48c0000 - 0x00007ff9f491d000 	C:\Windows\System32\powrprof.dll
0x00007ff9f5c90000 - 0x00007ff9f5ce2000 	C:\Windows\System32\shlwapi.dll
0x00007ff9f4970000 - 0x00007ff9f4987000 	C:\Windows\System32\cryptsp.dll
0x00007ff9dff90000 - 0x00007ff9dffa9000 	C:\Program Files\Java\jdk-13.0.2\bin\net.dll
0x00007ff9e8990000 - 0x00007ff9e8a82000 	C:\Windows\SYSTEM32\WINHTTP.dll
0x00007ff9f40c0000 - 0x00007ff9f4127000 	C:\Windows\system32\mswsock.dll
0x00007ff9dedd0000 - 0x00007ff9dede3000 	C:\Program Files\Java\jdk-13.0.2\bin\nio.dll
0x00007ff9e94b0000 - 0x00007ff9e94d6000 	C:\Users\ELCOT\.gradle\caches\gradle-6.5\native\31\windows-amd64\native-platform.dll
0x00007ff9ed050000 - 0x00007ff9ed059000 	C:\Program Files\Java\jdk-13.0.2\bin\management.dll
0x00007ff9ec690000 - 0x00007ff9ec69b000 	C:\Program Files\Java\jdk-13.0.2\bin\management_ext.dll
0x00007ff9f3bf0000 - 0x00007ff9f3c23000 	C:\Windows\system32\rsaenh.dll
0x00007ff9f5aa0000 - 0x00007ff9f5ac6000 	C:\Windows\System32\bcrypt.dll
0x00007ff9f47a0000 - 0x00007ff9f47c8000 	C:\Windows\SYSTEM32\USERENV.dll
0x00007ff9f4240000 - 0x00007ff9f424c000 	C:\Windows\SYSTEM32\CRYPTBASE.dll
0x00007ff9f3df0000 - 0x00007ff9f3e2d000 	C:\Windows\SYSTEM32\IPHLPAPI.DLL
0x00007ff9f5cf0000 - 0x00007ff9f5cf8000 	C:\Windows\System32\NSI.dll
0x00007ff9ec560000 - 0x00007ff9ec576000 	C:\Windows\SYSTEM32\dhcpcsvc6.DLL
0x00007ff9ec540000 - 0x00007ff9ec55c000 	C:\Windows\SYSTEM32\dhcpcsvc.DLL
0x00007ff9f3e40000 - 0x00007ff9f3f07000 	C:\Windows\SYSTEM32\DNSAPI.dll
0x00007ff9ec1f0000 - 0x00007ff9ec1fe000 	C:\Program Files\Java\jdk-13.0.2\bin\sunmscapi.dll
0x00007ff9f57e0000 - 0x00007ff9f59bc000 	C:\Windows\System32\CRYPT32.dll
0x00007ff9f48a0000 - 0x00007ff9f48b2000 	C:\Windows\System32\MSASN1.dll
0x00007ff9f4340000 - 0x00007ff9f4366000 	C:\Windows\SYSTEM32\ncrypt.dll
0x00007ff9f4300000 - 0x00007ff9f433c000 	C:\Windows\SYSTEM32\NTASN1.dll
0x00007ff9ddae0000 - 0x00007ff9ddb05000 	C:\Program Files\Java\jdk-13.0.2\bin\sunec.dll
0x00007ff9e8980000 - 0x00007ff9e898a000 	C:\Windows\System32\rasadhlp.dll
0x00007ff9e8d20000 - 0x00007ff9e8d99000 	C:\Windows\System32\fwpuclnt.dll

dbghelp: loaded successfully - version: 4.0.5 - missing functions: none
symbol engine: initialized successfully - sym options: 0x614 - pdb path: .;C:\Program Files\Java\jdk-13.0.2\bin;C:\Windows\SYSTEM32;C:\Windows\WinSxS\amd64_microsoft.windows.common-controls_6595b64144ccf1df_6.0.17763.1217_none_de6e4304534e0ad3;C:\Program Files\Java\jdk-13.0.2\bin\server;C:\Users\ELCOT\.gradle\caches\gradle-6.5\native\31\windows-amd64

VM Arguments:
jvm_args: --add-opens=java.base/java.util=ALL-UNNAMED --add-opens=java.base/java.lang=ALL-UNNAMED --add-opens=java.base/java.lang.invoke=ALL-UNNAMED --add-opens=java.prefs/java.util.prefs=ALL-UNNAMED -Xmx1024m -Dfile.encoding=windows-1252 -Duser.country=IN -Duser.language=en -Duser.variant 
java_command: org.gradle.launcher.daemon.bootstrap.GradleDaemon 6.1.1
java_class_path (initial): C:\Users\ELCOT\.gradle\caches\gradle-6.5\wrapper\dists\gradle-6.1.1-all\cfmwm155h49vnt3hynmlrsdst\gradle-6.1.1\lib\gradle-launcher-6.1.1.jar
Launcher Type: SUN_STANDARD

[Global flags]
     intx CICompilerCount                          = 2                                         {product} {ergonomic}
     uint ConcGCThreads                            = 1                                         {product} {ergonomic}
     uint G1ConcRefinementThreads                  = 2                                         {product} {ergonomic}
   size_t G1HeapRegionSize                         = 1048576                                   {product} {ergonomic}
    uintx GCDrainStackTargetSize                   = 64                                        {product} {ergonomic}
   size_t InitialHeapSize                          = 65011712                                  {product} {ergonomic}
   size_t MarkStackSize                            = 4194304                                   {product} {ergonomic}
   size_t MaxHeapSize                              = 1073741824                                {product} {command line}
   size_t MaxNewSize                               = 643825664                                 {product} {ergonomic}
   size_t MinHeapDeltaBytes                        = 1048576                                   {product} {ergonomic}
   size_t MinHeapSize                              = 8388608                                   {product} {ergonomic}
    uintx NonNMethodCodeHeapSize                   = 5826188                                {pd product} {ergonomic}
    uintx NonProfiledCodeHeapSize                  = 122916026                              {pd product} {ergonomic}
    uintx ProfiledCodeHeapSize                     = 122916026                              {pd product} {ergonomic}
    uintx ReservedCodeCacheSize                    = 251658240                              {pd product} {ergonomic}
     bool SegmentedCodeCache                       = true                                      {product} {ergonomic}
   size_t SoftMaxHeapSize                          = 1073741824                             {manageable} {ergonomic}
     bool UseCompressedClassPointers               = true                                 {lp64_product} {ergonomic}
     bool UseCompressedOops                        = true                                 {lp64_product} {ergonomic}
     bool UseG1GC                                  = true                                      {product} {ergonomic}
     bool UseLargePagesIndividualAllocation        = false                                  {pd product} {ergonomic}

Logging:
Log output configuration:
 #0: stdout all=warning uptime,level,tags
 #1: stderr all=off uptime,level,tags

Environment Variables:
JAVA_HOME=C:\Program Files\Android\Android Studio\jre
PATH=C:\Program Files\AdoptOpenJDK\jdk-11.0.7.10-hotspot\bin;C:\Program Files (x86)\Common Files\Oracle\Java\javapath;C:\MinGW\bin;C:\Windows\system32;C:\Windows;C:\Windows\System32\Wbem;C:\Windows\System32\WindowsPowerShell\v1.0\;C:\Windows\System32\OpenSSH\;C:\Program Files\nodejs\;C:\Users\ELCOT\Downloads\python-3.8.2;C:\Program Files\Dart\dart-sdk\bin;C:\drivers\chromedriver_win32.zip;C:\src\flutter\flutter_windows_v1.12.13+hotfix.9-stable\flutter\bin;C:\Program Files (x86)\Android\android-sdk\platforms\platform-tools;C:\Program Files (x86)\Android\android-sdk\platform-tools\api;C:\Downloads\installer_r16-windows.exe;C:\ProgramData\Microsoft\Windows\Start Menu\Programs\Android SDK Tools;D:\kishoreAndroid\Android\Android Studio\bin;D:\kishoreAndroid\Android\Android Studio;C:\ProgramData\Microsoft\Windows\Start Menu\Programs\Visual Studio Emulator for Android.lnk;C:\Downloads\vs_emulatorsetup.exe;C:\Program Files (x86)\Android\android-sdk\SDK Manager;D:\Kishore\platforms;C:\Users\ELCOT\AppData\Local\Programs\Python\Python38\Scripts\;C:\Users\;C:\Program Files\Android\Android Studio\jre;C:\Program Files\Java\jdk-13.0.2\bin;C:\Program Files\Java\jre1.8.0_251\bin;C:\Program Files (x86)\Android\platform-tools;C:\Downloads\python-3.8.2.exe;C:\Program Files\dotnet\;C:\Program Files\Microsoft SQL Server\130\Tools\Binn\;C:\Program Files\Microsoft SQL Server\Client SDK\ODBC\170\Tools\Binn\;D:\Git\cmd;C:\Users\ELCOT\AppData\Roaming\npm;D:\modelsim_ase\win32aloem;C:\Users\ELCOT\AppData\Local\Programs\Python\Python39\Scripts\;C:\Users\ELCOT\AppData\Local\Programs\Python\Python39\;C:\Users\ELCOT\AppData\Local\ValidatorBuddy;C:\Users\ELCOT\AppData\Local\Programs\Python\Python38;C:\src\flutter\bin;D:\Heroku\bin;D:\Microsoft VS Code\bin;C:\Users\ELCOT\AppData\Roaming\npm\node_modules\firebase\node_modules\protobufjs\bin;
USERNAME=ELCOT
OS=Windows_NT
PROCESSOR_IDENTIFIER=AMD64 Family 21 Model 112 Stepping 0, AuthenticAMD



---------------  S Y S T E M  ---------------

OS: Windows 10 , 64 bit Build 17763 (10.0.17763.1158)
HyperV virtualization detected

CPU:total 2 (initial active 2) (2 cores per cpu, 1 threads per core) family 21 model 112 stepping 0, cmov, cx8, fxsr, mmx, sse, sse2, sse3, ssse3, sse4.1, sse4.2, popcnt, avx, avx2, aes, clmul, mmxext, 3dnowpref, lzcnt, sse4a, tsc, tscinvbit, tscinv, bmi1, bmi2, fma

Memory: 4k page, system-wide physical 3935M (277M free)
TotalPageFile size 5322M (AvailPageFile size 3M)
current process WorkingSet (physical memory assigned to process): 385M, peak: 385M
current process commit charge ("private bytes"): 411M, peak: 412M

vm_info: Java HotSpot(TM) 64-Bit Server VM (13.0.2+8) for windows-amd64 JRE (13.0.2+8), built on Dec 11 2019 09:20:33 by "mach5one" with unknown MS VC++:1916

END.
