#
# There is insufficient memory for the Java Runtime Environment to continue.
# Native memory allocation (malloc) failed to allocate 1048576 bytes for AllocateHeap
# Possible reasons:
#   The system is out of physical RAM or swap space
#   The process is running with CompressedOops enabled, and the Java Heap may be blocking the growth of the native heap
# Possible solutions:
#   Reduce memory load on the system
#   Increase physical memory or swap space
#   Check if swap backing store is full
#   Decrease Java heap size (-Xmx/-Xms)
#   Decrease number of Java threads
#   Decrease Java thread stack sizes (-Xss)
#   Set larger code cache with -XX:ReservedCodeCacheSize=
#   JVM is running with Unscaled Compressed Oops mode in which the Java heap is
#     placed in the first 4GB address space. The Java Heap base address is the
#     maximum limit for the native heap growth. Please use -XX:HeapBaseMinAddress
#     to set the Java Heap base and to place the Java Heap above 4GB virtual address.
# This output file may be truncated or incomplete.
#
#  Out of Memory Error (t:/workspace/open/src/hotspot/share/memory/allocation.cpp:45), pid=776, tid=6452
#
# JRE version: Java(TM) SE Runtime Environment (13.0.2+8) (build 13.0.2+8)
# Java VM: Java HotSpot(TM) 64-Bit Server VM (13.0.2+8, mixed mode, sharing, tiered, compressed oops, g1 gc, windows-amd64)
# No core dump will be written. Minidumps are not enabled by default on client versions of Windows
#

---------------  S U M M A R Y ------------

Command Line: --add-opens=java.base/java.util=ALL-UNNAMED --add-opens=java.base/java.lang=ALL-UNNAMED --add-opens=java.base/java.lang.invoke=ALL-UNNAMED --add-opens=java.prefs/java.util.prefs=ALL-UNNAMED -Xmx1536m -Dfile.encoding=windows-1252 -Duser.country=IN -Duser.language=en -Duser.variant org.gradle.launcher.daemon.bootstrap.GradleDaemon 6.1.1

Host: AMD PRO A4-4350B R4, 5 COMPUTE CORES 2C+3G     , 2 cores, 3G,  Windows 10 , 64 bit Build 17763 (10.0.17763.1158)
Time: Mon Oct 12 21:37:35 2020 Pacific Daylight Time elapsed time: 24 seconds (0d 0h 0m 24s)

---------------  T H R E A D  ---------------

Current thread (0x000001e59294c800):  VMThread "VM Thread" [stack: 0x000000d375000000,0x000000d375100000] [id=6452]

Stack: [0x000000d375000000,0x000000d375100000]
[error occurred during error reporting (printing stack bounds), id 0xc0000005, EXCEPTION_ACCESS_VIOLATION (0xc0000005) at pc=0x000001e5800010ad]

Native frames: (J=compiled Java code, j=interpreted, Vv=VM code, C=native code)
V  [jvm.dll+0x624f9a]
V  [jvm.dll+0x770cfa]
V  [jvm.dll+0x7724af]
V  [jvm.dll+0x772a15]
V  [jvm.dll+0x7729cb]
V  [jvm.dll+0x6244df]
C  [ntdll.dll+0x66b26]
C  [ntdll.dll+0x4849]
C  [ntdll.dll+0xa350e]
C  0x000001e5800010ad

VM_Operation (0x000000d3762f2eb0): CollectForMetadataAllocation, mode: safepoint, requested by thread 0x000001e5945e5800


---------------  P R O C E S S  ---------------

Threads class SMR info:
_java_thread_list=0x000001e5970e22a0, length=31, elements={
0x000001e5f58d1000, 0x000001e592958800, 0x000001e592959800, 0x000001e59297b800,
0x000001e59297d800, 0x000001e59297e800, 0x000001e592982800, 0x000001e5929f9800,
0x000001e5932ba000, 0x000001e5932c0800, 0x000001e5947e4800, 0x000001e59400b800,
0x000001e594577800, 0x000001e5949c2800, 0x000001e593845800, 0x000001e593bcd000,
0x000001e5945e5800, 0x000001e593506800, 0x000001e594903000, 0x000001e593283000,
0x000001e5937a2800, 0x000001e5937a5000, 0x000001e5937a3800, 0x000001e5937a4800,
0x000001e5937a6000, 0x000001e5937a1000, 0x000001e5937a2000, 0x000001e5937a6800,
0x000001e5963ab800, 0x000001e5963a8000, 0x000001e5963aa000
}

Java Threads: ( => current thread )
  0x000001e5f58d1000 JavaThread "main" [_thread_blocked, id=8876, stack(0x000000d374a00000,0x000000d374b00000)]
  0x000001e592958800 JavaThread "Reference Handler" daemon [_thread_blocked, id=2708, stack(0x000000d375100000,0x000000d375200000)]
  0x000001e592959800 JavaThread "Finalizer" daemon [_thread_blocked, id=8656, stack(0x000000d375200000,0x000000d375300000)]
  0x000001e59297b800 JavaThread "Signal Dispatcher" daemon [_thread_blocked, id=7200, stack(0x000000d375300000,0x000000d375400000)]
  0x000001e59297d800 JavaThread "Attach Listener" daemon [_thread_blocked, id=9288, stack(0x000000d375400000,0x000000d375500000)]
  0x000001e59297e800 JavaThread "C2 CompilerThread0" daemon [_thread_blocked, id=11704, stack(0x000000d375500000,0x000000d375600000)]
  0x000001e592982800 JavaThread "C1 CompilerThread0" daemon [_thread_blocked, id=4408, stack(0x000000d375600000,0x000000d375700000)]
  0x000001e5929f9800 JavaThread "Sweeper thread" daemon [_thread_blocked, id=3984, stack(0x000000d375700000,0x000000d375800000)]
  0x000001e5932ba000 JavaThread "Common-Cleaner" daemon [_thread_blocked, id=3540, stack(0x000000d375800000,0x000000d375900000)]
  0x000001e5932c0800 JavaThread "Service Thread" daemon [_thread_blocked, id=12124, stack(0x000000d375900000,0x000000d375a00000)]
  0x000001e5947e4800 JavaThread "Daemon health stats" [_thread_blocked, id=9760, stack(0x000000d375c00000,0x000000d375d00000)]
  0x000001e59400b800 JavaThread "Incoming local TCP Connector on port 63210" [_thread_in_native, id=2648, stack(0x000000d375d00000,0x000000d375e00000)]
  0x000001e594577800 JavaThread "Daemon periodic checks" [_thread_blocked, id=6148, stack(0x000000d375e00000,0x000000d375f00000)]
  0x000001e5949c2800 JavaThread "Daemon" [_thread_blocked, id=9292, stack(0x000000d375f00000,0x000000d376000000)]
  0x000001e593845800 JavaThread "Handler for socket connection from /127.0.0.1:63210 to /127.0.0.1:63211" [_thread_in_native, id=9656, stack(0x000000d376000000,0x000000d376100000)]
  0x000001e593bcd000 JavaThread "Cancel handler" [_thread_blocked, id=2696, stack(0x000000d376100000,0x000000d376200000)]
  0x000001e5945e5800 JavaThread "Daemon worker" [_thread_blocked, id=7016, stack(0x000000d376200000,0x000000d376300000)]
  0x000001e593506800 JavaThread "Asynchronous log dispatcher for DefaultDaemonConnection: socket connection from /127.0.0.1:63210 to /127.0.0.1:63211" [_thread_blocked, id=6500, stack(0x000000d376300000,0x000000d376400000)]
  0x000001e594903000 JavaThread "Stdin handler" [_thread_blocked, id=3876, stack(0x000000d376400000,0x000000d376500000)]
  0x000001e593283000 JavaThread "Thread-8" [_thread_blocked, id=5324, stack(0x000000d376500000,0x000000d376600000)]
  0x000001e5937a2800 JavaThread "Cache worker for journal cache (C:\Users\ELCOT\.gradle\caches\gradle-6.5\caches\journal-1)" [_thread_blocked, id=11304, stack(0x000000d376600000,0x000000d376700000)]
  0x000001e5937a5000 JavaThread "File lock request listener" [_thread_in_native, id=4004, stack(0x000000d376700000,0x000000d376800000)]
  0x000001e5937a3800 JavaThread "Cache worker for file hash cache (C:\Users\ELCOT\.gradle\caches\gradle-6.5\caches\6.1.1\fileHashes)" [_thread_blocked, id=6368, stack(0x000000d376800000,0x000000d376900000)]
  0x000001e5937a4800 JavaThread "Cache worker for checksums cache (D:\AndroidStudioProjects\DoChat\.gradle\checksums)" [_thread_blocked, id=10968, stack(0x000000d376900000,0x000000d376a00000)]
  0x000001e5937a6000 JavaThread "Cache worker for file hash cache (D:\AndroidStudioProjects\DoChat\.gradle\6.1.1\fileHashes)" [_thread_blocked, id=6108, stack(0x000000d376a00000,0x000000d376b00000)]
  0x000001e5937a1000 JavaThread "Cache worker for cache directory md-supplier (C:\Users\ELCOT\.gradle\caches\gradle-6.5\caches\6.1.1\md-supplier)" [_thread_blocked, id=4480, stack(0x000000d376b00000,0x000000d376c00000)]
  0x000001e5937a2000 JavaThread "Cache worker for cache directory md-rule (C:\Users\ELCOT\.gradle\caches\gradle-6.5\caches\6.1.1\md-rule)" [_thread_blocked, id=8764, stack(0x000000d376c00000,0x000000d376d00000)]
  0x000001e5937a6800 JavaThread "Cache worker for execution history cache (C:\Users\ELCOT\.gradle\caches\gradle-6.5\caches\6.1.1\executionHistory)" [_thread_blocked, id=10380, stack(0x000000d376d00000,0x000000d376e00000)]
  0x000001e5963ab800 JavaThread "Build operations" [_thread_blocked, id=9236, stack(0x000000d376e00000,0x000000d376f00000)]
  0x000001e5963a8000 JavaThread "Build operations Thread 2" [_thread_blocked, id=11676, stack(0x000000d376f00000,0x000000d377000000)]
  0x000001e5963aa000 JavaThread "Cache worker for Build Output Cleanup Cache (D:\AndroidStudioProjects\DoChat\.gradle\buildOutputCleanup)" [_thread_blocked, id=10764, stack(0x000000d377000000,0x000000d377100000)]

Other Threads:
=>0x000001e59294c800 VMThread "VM Thread" [stack: 0x000000d375000000,0x000000d375100000] [id=6452]
  0x000001e5932ce000 WatcherThread [stack: 0x000000d375a00000,0x000000d375b00000] [id=5808]
  0x000001e5f590a800 GCTaskThread "GC Thread#0" [stack: 0x000000d374b00000,0x000000d374c00000] [id=2992]
  0x000001e59347b800 GCTaskThread "GC Thread#1" [stack: 0x000000d375b00000,0x000000d375c00000] [id=5992]
  0x000001e5f5918800 ConcurrentGCThread "G1 Main Marker" [stack: 0x000000d374c00000,0x000000d374d00000] [id=10520]
  0x000001e5f5919800 ConcurrentGCThread "G1 Conc#0" [stack: 0x000000d374d00000,0x000000d374e00000] [id=9268]
  0x000001e5f5968000 ConcurrentGCThread "G1 Refine#0" [stack: 0x000000d374e00000,0x000000d374f00000] [id=6296]
  0x000001e5f596a000 ConcurrentGCThread "G1 Young RemSet Sampling" [stack: 0x000000d374f00000,0x000000d375000000] [id=9800]

Threads with active compile tasks:
C2 CompilerThread0    24118 4912       4       java.lang.PublicMethods::merge (81 bytes)

VM state:at safepoint (normal execution)

VM Mutex/Monitor currently owned by a thread:  ([mutex/lock_event])
[0x000001e5f58cdfe0] Threads_lock - owner thread: 0x000001e59294c800
[0x000001e5f58cd6e0] Heap_lock - owner thread: 0x000001e5945e5800

Heap address: 0x00000000a0000000, size: 1536 MB, Compressed Oops mode: 32-bit
Narrow klass base: 0x0000000800000000, Narrow klass shift: 3
Compressed class space size: 1073741824 Address: 0x0000000800b40000

Heap:
 garbage-first heap   total 133120K, used 62440K [0x00000000a0000000, 0x0000000100000000)
  region size 1024K, 4 young (4096K), 4 survivors (4096K)
 Metaspace       used 46145K, capacity 47514K, committed 47616K, reserved 1097728K
  class space    used 6168K, capacity 6583K, committed 6656K, reserved 1048576K
Heap Regions: E=young(eden), S=young(survivor), O=old, HS=humongous(starts), HC=humongous(continues), CS=collection set, F=free, A=archive, TAMS=top-at-mark-start (previous, next)
|   0|0x00000000a0000000, 0x00000000a0100000, 0x00000000a0100000|100%|HS|  |TAMS 0x00000000a0100000, 0x00000000a0100000| Complete 
|   1|0x00000000a0100000, 0x00000000a0200000, 0x00000000a0200000|100%|HC|  |TAMS 0x00000000a0200000, 0x00000000a0200000| Complete 
|   2|0x00000000a0200000, 0x00000000a0300000, 0x00000000a0300000|100%|HC|  |TAMS 0x00000000a0300000, 0x00000000a0300000| Complete 
|   3|0x00000000a0300000, 0x00000000a0400000, 0x00000000a0400000|100%| O|  |TAMS 0x00000000a0400000, 0x00000000a0400000| Untracked 
|   4|0x00000000a0400000, 0x00000000a0500000, 0x00000000a0500000|100%| O|  |TAMS 0x00000000a0500000, 0x00000000a0500000| Untracked 
|   5|0x00000000a0500000, 0x00000000a0600000, 0x00000000a0600000|100%| O|  |TAMS 0x00000000a0600000, 0x00000000a0600000| Untracked 
|   6|0x00000000a0600000, 0x00000000a0700000, 0x00000000a0700000|100%| O|  |TAMS 0x00000000a0700000, 0x00000000a0700000| Untracked 
|   7|0x00000000a0700000, 0x00000000a0800000, 0x00000000a0800000|100%| O|  |TAMS 0x00000000a0800000, 0x00000000a0800000| Untracked 
|   8|0x00000000a0800000, 0x00000000a0900000, 0x00000000a0900000|100%| O|  |TAMS 0x00000000a0900000, 0x00000000a0900000| Untracked 
|   9|0x00000000a0900000, 0x00000000a0a00000, 0x00000000a0a00000|100%| O|  |TAMS 0x00000000a0a00000, 0x00000000a0a00000| Untracked 
|  10|0x00000000a0a00000, 0x00000000a0b00000, 0x00000000a0b00000|100%| O|  |TAMS 0x00000000a0b00000, 0x00000000a0b00000| Untracked 
|  11|0x00000000a0b00000, 0x00000000a0c00000, 0x00000000a0c00000|100%| O|  |TAMS 0x00000000a0c00000, 0x00000000a0c00000| Untracked 
|  12|0x00000000a0c00000, 0x00000000a0d00000, 0x00000000a0d00000|100%| O|  |TAMS 0x00000000a0d00000, 0x00000000a0d00000| Untracked 
|  13|0x00000000a0d00000, 0x00000000a0e00000, 0x00000000a0e00000|100%| O|  |TAMS 0x00000000a0e00000, 0x00000000a0e00000| Untracked 
|  14|0x00000000a0e00000, 0x00000000a0f00000, 0x00000000a0f00000|100%| O|  |TAMS 0x00000000a0f00000, 0x00000000a0f00000| Untracked 
|  15|0x00000000a0f00000, 0x00000000a1000000, 0x00000000a1000000|100%|HS|  |TAMS 0x00000000a1000000, 0x00000000a1000000| Complete 
|  16|0x00000000a1000000, 0x00000000a1100000, 0x00000000a1100000|100%|HC|  |TAMS 0x00000000a1100000, 0x00000000a1100000| Complete 
|  17|0x00000000a1100000, 0x00000000a1200000, 0x00000000a1200000|100%|HS|  |TAMS 0x00000000a1200000, 0x00000000a1200000| Complete 
|  18|0x00000000a1200000, 0x00000000a1300000, 0x00000000a1300000|100%|HC|  |TAMS 0x00000000a1300000, 0x00000000a1300000| Complete 
|  19|0x00000000a1300000, 0x00000000a1400000, 0x00000000a1400000|100%|HC|  |TAMS 0x00000000a1400000, 0x00000000a1400000| Complete 
|  20|0x00000000a1400000, 0x00000000a1500000, 0x00000000a1500000|100%|HS|  |TAMS 0x00000000a1500000, 0x00000000a1500000| Complete 
|  21|0x00000000a1500000, 0x00000000a1600000, 0x00000000a1600000|100%|HC|  |TAMS 0x00000000a1600000, 0x00000000a1600000| Complete 
|  22|0x00000000a1600000, 0x00000000a1700000, 0x00000000a1700000|100%|HC|  |TAMS 0x00000000a1700000, 0x00000000a1700000| Complete 
|  23|0x00000000a1700000, 0x00000000a1800000, 0x00000000a1800000|100%|HC|  |TAMS 0x00000000a1800000, 0x00000000a1800000| Complete 
|  24|0x00000000a1800000, 0x00000000a1900000, 0x00000000a1900000|100%|HS|  |TAMS 0x00000000a1900000, 0x00000000a1900000| Complete 
|  25|0x00000000a1900000, 0x00000000a1a00000, 0x00000000a1a00000|100%|HC|  |TAMS 0x00000000a1a00000, 0x00000000a1a00000| Complete 
|  26|0x00000000a1a00000, 0x00000000a1b00000, 0x00000000a1b00000|100%|HC|  |TAMS 0x00000000a1b00000, 0x00000000a1b00000| Complete 
|  27|0x00000000a1b00000, 0x00000000a1c00000, 0x00000000a1c00000|100%|HC|  |TAMS 0x00000000a1c00000, 0x00000000a1c00000| Complete 
|  28|0x00000000a1c00000, 0x00000000a1d00000, 0x00000000a1d00000|100%| O|  |TAMS 0x00000000a1d00000, 0x00000000a1d00000| Untracked 
|  29|0x00000000a1d00000, 0x00000000a1e00000, 0x00000000a1e00000|100%| O|  |TAMS 0x00000000a1e00000, 0x00000000a1e00000| Untracked 
|  30|0x00000000a1e00000, 0x00000000a1f00000, 0x00000000a1f00000|100%| O|  |TAMS 0x00000000a1f00000, 0x00000000a1f00000| Untracked 
|  31|0x00000000a1f00000, 0x00000000a2000000, 0x00000000a2000000|100%| O|  |TAMS 0x00000000a2000000, 0x00000000a2000000| Untracked 
|  32|0x00000000a2000000, 0x00000000a2100000, 0x00000000a2100000|100%| O|  |TAMS 0x00000000a2100000, 0x00000000a2100000| Untracked 
|  33|0x00000000a2100000, 0x00000000a2200000, 0x00000000a2200000|100%| O|  |TAMS 0x00000000a2200000, 0x00000000a2200000| Untracked 
|  34|0x00000000a2200000, 0x00000000a2300000, 0x00000000a2300000|100%| O|  |TAMS 0x00000000a2300000, 0x00000000a2300000| Untracked 
|  35|0x00000000a2300000, 0x00000000a2400000, 0x00000000a2400000|100%| O|  |TAMS 0x00000000a2400000, 0x00000000a2400000| Untracked 
|  36|0x00000000a2400000, 0x00000000a2500000, 0x00000000a2500000|100%| O|  |TAMS 0x00000000a2500000, 0x00000000a2500000| Untracked 
|  37|0x00000000a2500000, 0x00000000a2600000, 0x00000000a2600000|100%| O|  |TAMS 0x00000000a2600000, 0x00000000a2600000| Untracked 
|  38|0x00000000a2600000, 0x00000000a2700000, 0x00000000a2700000|100%| O|  |TAMS 0x00000000a2700000, 0x00000000a2700000| Untracked 
|  39|0x00000000a2700000, 0x00000000a2800000, 0x00000000a2800000|100%| O|  |TAMS 0x00000000a2800000, 0x00000000a2800000| Untracked 
|  40|0x00000000a2800000, 0x00000000a2900000, 0x00000000a2900000|100%| O|  |TAMS 0x00000000a2900000, 0x00000000a2900000| Untracked 
|  41|0x00000000a2900000, 0x00000000a2a00000, 0x00000000a2a00000|100%| O|  |TAMS 0x00000000a2a00000, 0x00000000a2a00000| Untracked 
|  42|0x00000000a2a00000, 0x00000000a2b00000, 0x00000000a2b00000|100%| O|  |TAMS 0x00000000a2b00000, 0x00000000a2b00000| Untracked 
|  43|0x00000000a2b00000, 0x00000000a2c00000, 0x00000000a2c00000|100%| O|  |TAMS 0x00000000a2c00000, 0x00000000a2c00000| Untracked 
|  44|0x00000000a2c00000, 0x00000000a2d00000, 0x00000000a2d00000|100%| O|  |TAMS 0x00000000a2d00000, 0x00000000a2d00000| Untracked 
|  45|0x00000000a2d00000, 0x00000000a2e00000, 0x00000000a2e00000|100%|HS|  |TAMS 0x00000000a2e00000, 0x00000000a2e00000| Complete 
|  46|0x00000000a2e00000, 0x00000000a2f00000, 0x00000000a2f00000|100%|HC|  |TAMS 0x00000000a2f00000, 0x00000000a2f00000| Complete 
|  47|0x00000000a2f00000, 0x00000000a3000000, 0x00000000a3000000|100%|HC|  |TAMS 0x00000000a3000000, 0x00000000a3000000| Complete 
|  48|0x00000000a3000000, 0x00000000a3100000, 0x00000000a3100000|100%| O|  |TAMS 0x00000000a3100000, 0x00000000a3100000| Untracked 
|  49|0x00000000a3100000, 0x00000000a3200000, 0x00000000a3200000|100%|HS|  |TAMS 0x00000000a3200000, 0x00000000a3200000| Complete 
|  50|0x00000000a3200000, 0x00000000a3300000, 0x00000000a3300000|100%|HC|  |TAMS 0x00000000a3300000, 0x00000000a3300000| Complete 
|  51|0x00000000a3300000, 0x00000000a3400000, 0x00000000a3400000|100%| O|  |TAMS 0x00000000a3400000, 0x00000000a3400000| Untracked 
|  52|0x00000000a3400000, 0x00000000a3500000, 0x00000000a3500000|100%| O|  |TAMS 0x00000000a34d0200, 0x00000000a3500000| Untracked 
|  53|0x00000000a3500000, 0x00000000a3600000, 0x00000000a3600000|100%| O|  |TAMS 0x00000000a3500000, 0x00000000a3600000| Untracked 
|  54|0x00000000a3600000, 0x00000000a3700000, 0x00000000a3700000|100%| O|  |TAMS 0x00000000a3600000, 0x00000000a3700000| Untracked 
|  55|0x00000000a3700000, 0x00000000a3800000, 0x00000000a3800000|100%| O|  |TAMS 0x00000000a3700000, 0x00000000a3800000| Untracked 
|  56|0x00000000a3800000, 0x00000000a3900000, 0x00000000a3900000|100%| O|  |TAMS 0x00000000a3800000, 0x00000000a38e4600| Untracked 
|  57|0x00000000a3900000, 0x00000000a39b5c00, 0x00000000a3a00000| 70%| O|  |TAMS 0x00000000a3900000, 0x00000000a3900000| Untracked 
|  58|0x00000000a3a00000, 0x00000000a3a00000, 0x00000000a3b00000|  0%| F|  |TAMS 0x00000000a3a00000, 0x00000000a3a00000| Untracked 
|  59|0x00000000a3b00000, 0x00000000a3b00000, 0x00000000a3c00000|  0%| F|  |TAMS 0x00000000a3b00000, 0x00000000a3b00000| Untracked 
|  60|0x00000000a3c00000, 0x00000000a3c00000, 0x00000000a3d00000|  0%| F|  |TAMS 0x00000000a3c00000, 0x00000000a3c00000| Untracked 
|  61|0x00000000a3d00000, 0x00000000a3d00000, 0x00000000a3e00000|  0%| F|  |TAMS 0x00000000a3d00000, 0x00000000a3d00000| Untracked 
|  62|0x00000000a3e00000, 0x00000000a3e00000, 0x00000000a3f00000|  0%| F|  |TAMS 0x00000000a3e00000, 0x00000000a3e00000| Untracked 
|  63|0x00000000a3f00000, 0x00000000a3f00000, 0x00000000a4000000|  0%| F|  |TAMS 0x00000000a3f00000, 0x00000000a3f00000| Untracked 
|  64|0x00000000a4000000, 0x00000000a4000000, 0x00000000a4100000|  0%| F|  |TAMS 0x00000000a4000000, 0x00000000a4000000| Untracked 
|  65|0x00000000a4100000, 0x00000000a4100000, 0x00000000a4200000|  0%| F|  |TAMS 0x00000000a4100000, 0x00000000a4100000| Untracked 
|  66|0x00000000a4200000, 0x00000000a4200000, 0x00000000a4300000|  0%| F|  |TAMS 0x00000000a4200000, 0x00000000a4200000| Untracked 
|  67|0x00000000a4300000, 0x00000000a4300000, 0x00000000a4400000|  0%| F|  |TAMS 0x00000000a4300000, 0x00000000a4300000| Untracked 
|  68|0x00000000a4400000, 0x00000000a4400000, 0x00000000a4500000|  0%| F|  |TAMS 0x00000000a4400000, 0x00000000a4400000| Untracked 
|  69|0x00000000a4500000, 0x00000000a4500000, 0x00000000a4600000|  0%| F|  |TAMS 0x00000000a4500000, 0x00000000a4500000| Untracked 
|  70|0x00000000a4600000, 0x00000000a4600000, 0x00000000a4700000|  0%| F|  |TAMS 0x00000000a4600000, 0x00000000a4600000| Untracked 
|  71|0x00000000a4700000, 0x00000000a4700000, 0x00000000a4800000|  0%| F|  |TAMS 0x00000000a4700000, 0x00000000a4700000| Untracked 
|  72|0x00000000a4800000, 0x00000000a4800000, 0x00000000a4900000|  0%| F|  |TAMS 0x00000000a4800000, 0x00000000a4800000| Untracked 
|  73|0x00000000a4900000, 0x00000000a4900000, 0x00000000a4a00000|  0%| F|  |TAMS 0x00000000a4900000, 0x00000000a4900000| Untracked 
|  74|0x00000000a4a00000, 0x00000000a4a00000, 0x00000000a4b00000|  0%| F|  |TAMS 0x00000000a4a00000, 0x00000000a4a00000| Untracked 
|  75|0x00000000a4b00000, 0x00000000a4b00000, 0x00000000a4c00000|  0%| F|  |TAMS 0x00000000a4b00000, 0x00000000a4b00000| Untracked 
|  76|0x00000000a4c00000, 0x00000000a4c00000, 0x00000000a4d00000|  0%| F|  |TAMS 0x00000000a4c00000, 0x00000000a4c00000| Untracked 
|  77|0x00000000a4d00000, 0x00000000a4d00000, 0x00000000a4e00000|  0%| F|  |TAMS 0x00000000a4d00000, 0x00000000a4d00000| Untracked 
|  78|0x00000000a4e00000, 0x00000000a4e00000, 0x00000000a4f00000|  0%| F|  |TAMS 0x00000000a4e00000, 0x00000000a4e00000| Untracked 
|  79|0x00000000a4f00000, 0x00000000a4f00000, 0x00000000a5000000|  0%| F|  |TAMS 0x00000000a4f00000, 0x00000000a4f00000| Untracked 
|  80|0x00000000a5000000, 0x00000000a5000000, 0x00000000a5100000|  0%| F|  |TAMS 0x00000000a5000000, 0x00000000a5000000| Untracked 
|  81|0x00000000a5100000, 0x00000000a5100000, 0x00000000a5200000|  0%| F|  |TAMS 0x00000000a5100000, 0x00000000a5100000| Untracked 
|  82|0x00000000a5200000, 0x00000000a5200000, 0x00000000a5300000|  0%| F|  |TAMS 0x00000000a5200000, 0x00000000a5200000| Untracked 
|  83|0x00000000a5300000, 0x00000000a5300000, 0x00000000a5400000|  0%| F|  |TAMS 0x00000000a5300000, 0x00000000a5300000| Untracked 
|  84|0x00000000a5400000, 0x00000000a5400000, 0x00000000a5500000|  0%| F|  |TAMS 0x00000000a5400000, 0x00000000a5400000| Untracked 
|  85|0x00000000a5500000, 0x00000000a5500000, 0x00000000a5600000|  0%| F|  |TAMS 0x00000000a5500000, 0x00000000a5500000| Untracked 
|  86|0x00000000a5600000, 0x00000000a5600000, 0x00000000a5700000|  0%| F|  |TAMS 0x00000000a5600000, 0x00000000a5600000| Untracked 
|  87|0x00000000a5700000, 0x00000000a5700000, 0x00000000a5800000|  0%| F|  |TAMS 0x00000000a5700000, 0x00000000a5700000| Untracked 
|  88|0x00000000a5800000, 0x00000000a5800000, 0x00000000a5900000|  0%| F|  |TAMS 0x00000000a5800000, 0x00000000a5800000| Untracked 
|  89|0x00000000a5900000, 0x00000000a5900000, 0x00000000a5a00000|  0%| F|  |TAMS 0x00000000a5900000, 0x00000000a5900000| Untracked 
|  90|0x00000000a5a00000, 0x00000000a5a00000, 0x00000000a5b00000|  0%| F|  |TAMS 0x00000000a5a00000, 0x00000000a5a00000| Untracked 
|  91|0x00000000a5b00000, 0x00000000a5b00000, 0x00000000a5c00000|  0%| F|  |TAMS 0x00000000a5b00000, 0x00000000a5b00000| Untracked 
|  92|0x00000000a5c00000, 0x00000000a5c00000, 0x00000000a5d00000|  0%| F|  |TAMS 0x00000000a5c00000, 0x00000000a5c00000| Untracked 
|  93|0x00000000a5d00000, 0x00000000a5d00000, 0x00000000a5e00000|  0%| F|  |TAMS 0x00000000a5d00000, 0x00000000a5d00000| Untracked 
|  94|0x00000000a5e00000, 0x00000000a5e00000, 0x00000000a5f00000|  0%| F|  |TAMS 0x00000000a5e00000, 0x00000000a5e00000| Untracked 
|  95|0x00000000a5f00000, 0x00000000a5f00000, 0x00000000a6000000|  0%| F|  |TAMS 0x00000000a5f00000, 0x00000000a5f00000| Untracked 
|  96|0x00000000a6000000, 0x00000000a6000000, 0x00000000a6100000|  0%| F|  |TAMS 0x00000000a6000000, 0x00000000a6000000| Untracked 
|  97|0x00000000a6100000, 0x00000000a6100000, 0x00000000a6200000|  0%| F|  |TAMS 0x00000000a6100000, 0x00000000a6100000| Untracked 
|  98|0x00000000a6200000, 0x00000000a6200000, 0x00000000a6300000|  0%| F|  |TAMS 0x00000000a6200000, 0x00000000a6200000| Untracked 
|  99|0x00000000a6300000, 0x00000000a6300000, 0x00000000a6400000|  0%| F|  |TAMS 0x00000000a6300000, 0x00000000a6300000| Untracked 
| 100|0x00000000a6400000, 0x00000000a6400000, 0x00000000a6500000|  0%| F|  |TAMS 0x00000000a6400000, 0x00000000a6400000| Untracked 
| 101|0x00000000a6500000, 0x00000000a6500000, 0x00000000a6600000|  0%| F|  |TAMS 0x00000000a6500000, 0x00000000a6500000| Untracked 
| 102|0x00000000a6600000, 0x00000000a6600000, 0x00000000a6700000|  0%| F|  |TAMS 0x00000000a6600000, 0x00000000a6600000| Untracked 
| 103|0x00000000a6700000, 0x00000000a6700000, 0x00000000a6800000|  0%| F|  |TAMS 0x00000000a6700000, 0x00000000a6700000| Untracked 
| 104|0x00000000a6800000, 0x00000000a6800000, 0x00000000a6900000|  0%| F|  |TAMS 0x00000000a6800000, 0x00000000a6800000| Untracked 
| 105|0x00000000a6900000, 0x00000000a6900000, 0x00000000a6a00000|  0%| F|  |TAMS 0x00000000a6900000, 0x00000000a6900000| Untracked 
| 106|0x00000000a6a00000, 0x00000000a6a00000, 0x00000000a6b00000|  0%| F|  |TAMS 0x00000000a6a00000, 0x00000000a6a00000| Untracked 
| 107|0x00000000a6b00000, 0x00000000a6b00000, 0x00000000a6c00000|  0%| F|  |TAMS 0x00000000a6b00000, 0x00000000a6b00000| Untracked 
| 108|0x00000000a6c00000, 0x00000000a6c00000, 0x00000000a6d00000|  0%| F|  |TAMS 0x00000000a6c00000, 0x00000000a6c00000| Untracked 
| 109|0x00000000a6d00000, 0x00000000a6d00000, 0x00000000a6e00000|  0%| F|  |TAMS 0x00000000a6d00000, 0x00000000a6d00000| Untracked 
| 110|0x00000000a6e00000, 0x00000000a6e00000, 0x00000000a6f00000|  0%| F|  |TAMS 0x00000000a6e00000, 0x00000000a6e00000| Untracked 
| 111|0x00000000a6f00000, 0x00000000a6f00000, 0x00000000a7000000|  0%| F|  |TAMS 0x00000000a6f00000, 0x00000000a6f00000| Untracked 
| 112|0x00000000a7000000, 0x00000000a7000000, 0x00000000a7100000|  0%| F|  |TAMS 0x00000000a7000000, 0x00000000a7000000| Untracked 
| 113|0x00000000a7100000, 0x00000000a7100000, 0x00000000a7200000|  0%| F|  |TAMS 0x00000000a7100000, 0x00000000a7100000| Untracked 
| 114|0x00000000a7200000, 0x00000000a7200000, 0x00000000a7300000|  0%| F|  |TAMS 0x00000000a7200000, 0x00000000a7200000| Untracked 
| 115|0x00000000a7300000, 0x00000000a7300000, 0x00000000a7400000|  0%| F|  |TAMS 0x00000000a7300000, 0x00000000a7300000| Untracked 
| 116|0x00000000a7400000, 0x00000000a7400000, 0x00000000a7500000|  0%| F|  |TAMS 0x00000000a7400000, 0x00000000a7400000| Untracked 
| 117|0x00000000a7500000, 0x00000000a7500000, 0x00000000a7600000|  0%| F|  |TAMS 0x00000000a7500000, 0x00000000a7500000| Untracked 
| 118|0x00000000a7600000, 0x00000000a7600000, 0x00000000a7700000|  0%| F|  |TAMS 0x00000000a7600000, 0x00000000a7600000| Untracked 
| 119|0x00000000a7700000, 0x00000000a7700000, 0x00000000a7800000|  0%| F|  |TAMS 0x00000000a7700000, 0x00000000a7700000| Untracked 
| 120|0x00000000a7800000, 0x00000000a7800000, 0x00000000a7900000|  0%| F|  |TAMS 0x00000000a7800000, 0x00000000a7800000| Untracked 
| 121|0x00000000a7900000, 0x00000000a7900000, 0x00000000a7a00000|  0%| F|  |TAMS 0x00000000a7900000, 0x00000000a7900000| Untracked 
| 122|0x00000000a7a00000, 0x00000000a7a446e0, 0x00000000a7b00000| 26%| S|CS|TAMS 0x00000000a7a00000, 0x00000000a7a00000| Complete 
| 123|0x00000000a7b00000, 0x00000000a7c00000, 0x00000000a7c00000|100%| S|CS|TAMS 0x00000000a7b00000, 0x00000000a7b00000| Complete 
| 124|0x00000000a7c00000, 0x00000000a7d00000, 0x00000000a7d00000|100%| S|CS|TAMS 0x00000000a7c00000, 0x00000000a7c00000| Complete 
| 125|0x00000000a7d00000, 0x00000000a7e00000, 0x00000000a7e00000|100%| S|CS|TAMS 0x00000000a7d00000, 0x00000000a7d00000| Complete 
| 126|0x00000000a7e00000, 0x00000000a7e00000, 0x00000000a7f00000|  0%| F|  |TAMS 0x00000000a7e00000, 0x00000000a7e00000| Untracked 
| 127|0x00000000a7f00000, 0x00000000a7f00000, 0x00000000a8000000|  0%| F|  |TAMS 0x00000000a7f00000, 0x00000000a7f00000| Untracked 
| 128|0x00000000a8000000, 0x00000000a8000000, 0x00000000a8100000|  0%| F|  |TAMS 0x00000000a8000000, 0x00000000a8000000| Untracked 
| 129|0x00000000a8100000, 0x00000000a8100000, 0x00000000a8200000|  0%| F|  |TAMS 0x00000000a8100000, 0x00000000a8100000| Untracked 

Card table byte_map: [0x000001e5fe0d0000,0x000001e5fe3d0000] _byte_map_base: 0x000001e5fdbd0000

Marking Bits (Prev, Next): (CMBitMap*) 0x000001e5f590b7e8, (CMBitMap*) 0x000001e5f590b828
 Prev Bits: [0x000001e5fe6d0000, 0x000001e5ffed0000)
 Next Bits: [0x000001e58f000000, 0x000001e590800000)

Polling page: 0x000001e5f36d0000

Metaspace:

Usage:
  Non-class:     39.97 MB capacity,    39.04 MB ( 98%) used,   859.00 KB (  2%) free+waste,    94.63 KB ( <1%) overhead. 
      Class:      6.43 MB capacity,     6.02 MB ( 94%) used,   368.99 KB (  6%) free+waste,    46.00 KB ( <1%) overhead. 
       Both:     46.40 MB capacity,    45.06 MB ( 97%) used,     1.20 MB (  3%) free+waste,   140.63 KB ( <1%) overhead. 

Virtual space:
  Non-class space:       48.00 MB reserved,      40.00 MB ( 83%) committed 
      Class space:        1.00 GB reserved,       6.50 MB ( <1%) committed 
             Both:        1.05 GB reserved,      46.50 MB (  4%) committed 

Chunk freelists:
   Non-Class:  29.00 KB
       Class:  9.00 KB
        Both:  38.00 KB

MaxMetaspaceSize: 17179869184.00 GB
CompressedClassSpaceSize: 1.00 GB

CodeHeap 'non-profiled nmethods': size=120064Kb used=2343Kb max_used=2343Kb free=117721Kb
 bounds [0x000001e587ac0000, 0x000001e587d30000, 0x000001e58f000000]
CodeHeap 'profiled nmethods': size=120000Kb used=10185Kb max_used=10185Kb free=109814Kb
 bounds [0x000001e580590000, 0x000001e580f90000, 0x000001e587ac0000]
CodeHeap 'non-nmethods': size=5696Kb used=2349Kb max_used=2388Kb free=3346Kb
 bounds [0x000001e580000000, 0x000001e580270000, 0x000001e580590000]
 total_blobs=7099 nmethods=4593 adapters=731
 compilation: enabled
              stopped_count=0, restarted_count=0
 full_count=0

Compilation events (20 events):
Event: 23.908 Thread 0x000001e592982800 4937       3       org.objectweb.asm.Frame::getInitializedType (153 bytes)
Event: 23.909 Thread 0x000001e592982800 nmethod 4937 0x000001e580f7c290 code [0x000001e580f7c480, 0x000001e580f7ca40]
Event: 23.914 Thread 0x000001e59297e800 nmethod 4897 0x000001e587d09110 code [0x000001e587d092e0, 0x000001e587d097e8]
Event: 23.914 Thread 0x000001e59297e800 4912       4       java.lang.PublicMethods::merge (81 bytes)
Event: 23.918 Thread 0x000001e592982800 4939       3       org.gradle.internal.reflect.MutableClassDetails::property (41 bytes)
Event: 23.920 Thread 0x000001e592982800 nmethod 4939 0x000001e580f7cd10 code [0x000001e580f7cf80, 0x000001e580f7de00]
Event: 23.921 Thread 0x000001e592982800 4940       3       org.objectweb.asm.Frame::addInitializedType (77 bytes)
Event: 23.922 Thread 0x000001e592982800 nmethod 4940 0x000001e580f7e210 code [0x000001e580f7e3e0, 0x000001e580f7e9b0]
Event: 23.923 Thread 0x000001e592982800 4941  s    3       org.gradle.internal.classloader.VisitableURLClassLoader::getUserData (48 bytes)
Event: 23.924 Thread 0x000001e592982800 nmethod 4941 0x000001e580f7eb90 code [0x000001e580f7ed80, 0x000001e580f7f500]
Event: 23.926 Thread 0x000001e592982800 4942       3       java.lang.Class::isEnum (27 bytes)
Event: 23.927 Thread 0x000001e592982800 nmethod 4942 0x000001e580f7f710 code [0x000001e580f7f8e0, 0x000001e580f7fb80]
Event: 23.927 Thread 0x000001e592982800 4943       3       org.objectweb.asm.SymbolTable$Entry::<init> (17 bytes)
Event: 23.928 Thread 0x000001e592982800 nmethod 4943 0x000001e580f7fc10 code [0x000001e580f7fdc0, 0x000001e580f7ffb0]
Event: 23.934 Thread 0x000001e592982800 4944       3       java.util.regex.Pattern::Single (7 bytes)
Event: 23.935 Thread 0x000001e592982800 nmethod 4944 0x000001e580f80090 code [0x000001e580f80280, 0x000001e580f80738]
Event: 23.937 Thread 0x000001e592982800 4945       3       java.lang.Module::canRead (86 bytes)
Event: 23.939 Thread 0x000001e592982800 nmethod 4945 0x000001e580f80910 code [0x000001e580f80cc0, 0x000001e580f828b0]
Event: 23.939 Thread 0x000001e592982800 4946       3       com.google.common.collect.ImmutableList::builder (8 bytes)
Event: 23.940 Thread 0x000001e592982800 nmethod 4946 0x000001e580f83090 code [0x000001e580f83280, 0x000001e580f83770]

GC Heap History (20 events):
Event: 16.074 GC heap before
{Heap before GC invocations=14 (full 0):
 garbage-first heap   total 92160K, used 60916K [0x00000000a0000000, 0x0000000100000000)
  region size 1024K, 24 young (24576K), 2 survivors (2048K)
 Metaspace       used 30294K, capacity 31120K, committed 31360K, reserved 1077248K
  class space    used 4103K, capacity 4396K, committed 4480K, reserved 1048576K
}
Event: 16.091 GC heap after
{Heap after GC invocations=15 (full 0):
 garbage-first heap   total 92160K, used 41421K [0x00000000a0000000, 0x0000000100000000)
  region size 1024K, 3 young (3072K), 3 survivors (3072K)
 Metaspace       used 30294K, capacity 31120K, committed 31360K, reserved 1077248K
  class space    used 4103K, capacity 4396K, committed 4480K, reserved 1048576K
}
Event: 17.159 GC heap before
{Heap before GC invocations=15 (full 0):
 garbage-first heap   total 92160K, used 63949K [0x00000000a0000000, 0x0000000100000000)
  region size 1024K, 25 young (25600K), 3 survivors (3072K)
 Metaspace       used 31963K, capacity 32914K, committed 33152K, reserved 1077248K
  class space    used 4330K, capacity 4647K, committed 4736K, reserved 1048576K
}
Event: 17.176 GC heap after
{Heap after GC invocations=16 (full 0):
 garbage-first heap   total 92160K, used 43281K [0x00000000a0000000, 0x0000000100000000)
  region size 1024K, 4 young (4096K), 4 survivors (4096K)
 Metaspace       used 31963K, capacity 32914K, committed 33152K, reserved 1077248K
  class space    used 4330K, capacity 4647K, committed 4736K, reserved 1048576K
}
Event: 18.215 GC heap before
{Heap before GC invocations=16 (full 0):
 garbage-first heap   total 92160K, used 66833K [0x00000000a0000000, 0x0000000100000000)
  region size 1024K, 27 young (27648K), 4 survivors (4096K)
 Metaspace       used 33650K, capacity 34717K, committed 34944K, reserved 1079296K
  class space    used 4596K, capacity 4901K, committed 4992K, reserved 1048576K
}
Event: 18.235 GC heap after
{Heap after GC invocations=17 (full 0):
 garbage-first heap   total 92160K, used 45289K [0x00000000a0000000, 0x0000000100000000)
  region size 1024K, 4 young (4096K), 4 survivors (4096K)
 Metaspace       used 33650K, capacity 34717K, committed 34944K, reserved 1079296K
  class space    used 4596K, capacity 4901K, committed 4992K, reserved 1048576K
}
Event: 19.250 GC heap before
{Heap before GC invocations=17 (full 0):
 garbage-first heap   total 92160K, used 68841K [0x00000000a0000000, 0x0000000100000000)
  region size 1024K, 27 young (27648K), 4 survivors (4096K)
 Metaspace       used 35182K, capacity 36319K, committed 36480K, reserved 1081344K
  class space    used 4813K, capacity 5181K, committed 5248K, reserved 1048576K
}
Event: 19.275 GC heap after
{Heap after GC invocations=18 (full 0):
 garbage-first heap   total 92160K, used 46762K [0x00000000a0000000, 0x0000000100000000)
  region size 1024K, 4 young (4096K), 4 survivors (4096K)
 Metaspace       used 35182K, capacity 36319K, committed 36480K, reserved 1081344K
  class space    used 4813K, capacity 5181K, committed 5248K, reserved 1048576K
}
Event: 20.390 GC heap before
{Heap before GC invocations=19 (full 0):
 garbage-first heap   total 92160K, used 61098K [0x00000000a0000000, 0x0000000100000000)
  region size 1024K, 20 young (20480K), 4 survivors (4096K)
 Metaspace       used 36027K, capacity 37231K, committed 37376K, reserved 1081344K
  class space    used 4922K, capacity 5290K, committed 5376K, reserved 1048576K
}
Event: 20.413 GC heap after
{Heap after GC invocations=20 (full 0):
 garbage-first heap   total 110592K, used 48933K [0x00000000a0000000, 0x0000000100000000)
  region size 1024K, 4 young (4096K), 4 survivors (4096K)
 Metaspace       used 36027K, capacity 37231K, committed 37376K, reserved 1081344K
  class space    used 4922K, capacity 5290K, committed 5376K, reserved 1048576K
}
Event: 20.570 GC heap before
{Heap before GC invocations=21 (full 0):
 garbage-first heap   total 110592K, used 54053K [0x00000000a0000000, 0x0000000100000000)
  region size 1024K, 8 young (8192K), 4 survivors (4096K)
 Metaspace       used 36027K, capacity 37231K, committed 37376K, reserved 1081344K
  class space    used 4922K, capacity 5290K, committed 5376K, reserved 1048576K
}
Event: 20.588 GC heap after
{Heap after GC invocations=22 (full 0):
 garbage-first heap   total 110592K, used 53702K [0x00000000a0000000, 0x0000000100000000)
  region size 1024K, 4 young (4096K), 4 survivors (4096K)
 Metaspace       used 36027K, capacity 37231K, committed 37376K, reserved 1081344K
  class space    used 4922K, capacity 5290K, committed 5376K, reserved 1048576K
}
Event: 21.872 GC heap before
{Heap before GC invocations=23 (full 0):
 garbage-first heap   total 110592K, used 81350K [0x00000000a0000000, 0x0000000100000000)
  region size 1024K, 29 young (29696K), 4 survivors (4096K)
 Metaspace       used 39946K, capacity 41255K, committed 41472K, reserved 1085440K
  class space    used 5421K, capacity 5822K, committed 5888K, reserved 1048576K
}
Event: 21.888 GC heap after
{Heap after GC invocations=24 (full 0):
 garbage-first heap   total 110592K, used 58176K [0x00000000a0000000, 0x0000000100000000)
  region size 1024K, 4 young (4096K), 4 survivors (4096K)
 Metaspace       used 39946K, capacity 41255K, committed 41472K, reserved 1085440K
  class space    used 5421K, capacity 5822K, committed 5888K, reserved 1048576K
}
Event: 22.993 GC heap before
{Heap before GC invocations=24 (full 0):
 garbage-first heap   total 110592K, used 81728K [0x00000000a0000000, 0x0000000100000000)
  region size 1024K, 28 young (28672K), 4 survivors (4096K)
 Metaspace       used 43322K, capacity 44616K, committed 44672K, reserved 1087488K
  class space    used 5829K, capacity 6221K, committed 6272K, reserved 1048576K
}
Event: 23.008 GC heap after
{Heap after GC invocations=25 (full 0):
 garbage-first heap   total 110592K, used 59105K [0x00000000a0000000, 0x0000000100000000)
  region size 1024K, 1 young (1024K), 1 survivors (1024K)
 Metaspace       used 43322K, capacity 44616K, committed 44672K, reserved 1087488K
  class space    used 5829K, capacity 6221K, committed 6272K, reserved 1048576K
}
Event: 23.822 GC heap before
{Heap before GC invocations=26 (full 0):
 garbage-first heap   total 110592K, used 83681K [0x00000000a0000000, 0x0000000100000000)
  region size 1024K, 26 young (26624K), 1 survivors (1024K)
 Metaspace       used 45876K, capacity 47207K, committed 47360K, reserved 1089536K
  class space    used 6134K, capacity 6548K, committed 6656K, reserved 1048576K
}
Event: 23.833 GC heap after
{Heap after GC invocations=27 (full 0):
 garbage-first heap   total 133120K, used 61773K [0x00000000a0000000, 0x0000000100000000)
  region size 1024K, 4 young (4096K), 4 survivors (4096K)
 Metaspace       used 45876K, capacity 47207K, committed 47360K, reserved 1089536K
  class space    used 6134K, capacity 6548K, committed 6656K, reserved 1048576K
}
Event: 23.974 GC heap before
{Heap before GC invocations=27 (full 0):
 garbage-first heap   total 133120K, used 64845K [0x00000000a0000000, 0x0000000100000000)
  region size 1024K, 8 young (8192K), 4 survivors (4096K)
 Metaspace       used 46145K, capacity 47514K, committed 47616K, reserved 1095680K
  class space    used 6168K, capacity 6583K, committed 6656K, reserved 1048576K
}
Event: 23.988 GC heap after
{Heap after GC invocations=28 (full 0):
 garbage-first heap   total 133120K, used 62440K [0x00000000a0000000, 0x0000000100000000)
  region size 1024K, 4 young (4096K), 4 survivors (4096K)
 Metaspace       used 46145K, capacity 47514K, committed 47616K, reserved 1095680K
  class space    used 6168K, capacity 6583K, committed 6656K, reserved 1048576K
}

Deoptimization events (20 events):
Event: 23.473 Thread 0x000001e5945e5800 DEOPT PACKING pc=0x000001e580f166fd sp=0x000000d3762f3600
Event: 23.473 Thread 0x000001e5945e5800 DEOPT UNPACKING pc=0x000001e58004994e sp=0x000000d3762f2ab8 mode 0
Event: 23.473 Thread 0x000001e5945e5800 DEOPT PACKING pc=0x000001e580f166fd sp=0x000000d3762f3600
Event: 23.473 Thread 0x000001e5945e5800 DEOPT UNPACKING pc=0x000001e58004994e sp=0x000000d3762f2ab8 mode 0
Event: 23.474 Thread 0x000001e5945e5800 DEOPT PACKING pc=0x000001e580f166fd sp=0x000000d3762f3600
Event: 23.474 Thread 0x000001e5945e5800 DEOPT UNPACKING pc=0x000001e58004994e sp=0x000000d3762f2ab8 mode 0
Event: 23.474 Thread 0x000001e5945e5800 DEOPT PACKING pc=0x000001e580f166fd sp=0x000000d3762f3600
Event: 23.474 Thread 0x000001e5945e5800 DEOPT UNPACKING pc=0x000001e58004994e sp=0x000000d3762f2ab8 mode 0
Event: 23.474 Thread 0x000001e5945e5800 DEOPT PACKING pc=0x000001e580f166fd sp=0x000000d3762f3600
Event: 23.474 Thread 0x000001e5945e5800 DEOPT UNPACKING pc=0x000001e58004994e sp=0x000000d3762f2ab8 mode 0
Event: 23.475 Thread 0x000001e5945e5800 DEOPT PACKING pc=0x000001e580f166fd sp=0x000000d3762f3600
Event: 23.475 Thread 0x000001e5945e5800 DEOPT UNPACKING pc=0x000001e58004994e sp=0x000000d3762f2ab8 mode 0
Event: 23.475 Thread 0x000001e5945e5800 DEOPT PACKING pc=0x000001e580f166fd sp=0x000000d3762f3600
Event: 23.475 Thread 0x000001e5945e5800 DEOPT UNPACKING pc=0x000001e58004994e sp=0x000000d3762f2ab8 mode 0
Event: 23.475 Thread 0x000001e5945e5800 DEOPT PACKING pc=0x000001e580f166fd sp=0x000000d3762f3600
Event: 23.475 Thread 0x000001e5945e5800 DEOPT UNPACKING pc=0x000001e58004994e sp=0x000000d3762f2ab8 mode 0
Event: 23.475 Thread 0x000001e5945e5800 DEOPT PACKING pc=0x000001e580f166fd sp=0x000000d3762f3600
Event: 23.475 Thread 0x000001e5945e5800 DEOPT UNPACKING pc=0x000001e58004994e sp=0x000000d3762f2ab8 mode 0
Event: 23.480 Thread 0x000001e5945e5800 DEOPT PACKING pc=0x000001e580f166fd sp=0x000000d3762f3870
Event: 23.480 Thread 0x000001e5945e5800 DEOPT UNPACKING pc=0x000001e58004994e sp=0x000000d3762f2d28 mode 0

Classes unloaded (0 events):
No events

Classes redefined (0 events):
No events

Internal exceptions (20 events):
Event: 21.116 Thread 0x000001e5945e5800 Exception <a 'java/lang/NoSuchMethodError'{0x00000000a5e7c278}: 'void java.lang.invoke.DirectMethodHandle$Holder.invokeStatic(java.lang.Object, java.lang.Object, java.lang.Object, java.lang.Object, java.lang.Object)'> (0x00000000a5e7c278) 
thrown [t:/workspace/open/src/hotspot/share/interpreter/linkResolver.cpp, line 767]
Event: 21.294 Thread 0x000001e5945e5800 Exception <a 'java/lang/IncompatibleClassChangeError'{0x00000000a5a99d30}: Found class java.lang.Object, but interface was expected> (0x00000000a5a99d30) 
thrown [t:/workspace/open/src/hotspot/share/interpreter/linkResolver.cpp, line 833]
Event: 21.493 Thread 0x000001e5945e5800 Implicit null exception at 0x000001e587ccbf13 to 0x000001e587ccdb26
Event: 21.509 Thread 0x000001e5945e5800 Exception <a 'java/lang/NoSuchMethodError'{0x00000000a5898370}: 'void java.lang.invoke.DirectMethodHandle$Holder.invokeInterface(java.lang.Object, java.lang.Object)'> (0x00000000a5898370) 
thrown [t:/workspace/open/src/hotspot/share/interpreter/linkResolver.cpp, line 767]
Event: 22.622 Thread 0x000001e5945e5800 Exception <a 'java/lang/NoSuchMethodError'{0x00000000a5a05c28}: 'java.lang.Object java.lang.invoke.DirectMethodHandle$Holder.invokeSpecial(java.lang.Object, java.lang.Object, java.lang.Object, java.lang.Object, java.lang.Object, java.lang.Object, java.lang.Object, java.lang.Object, java.lang.Object, java.lang.Object, java.lang.Object, java.lang.Object, java.lang.Object, java.lang.Object, java.lang.Object, java.lang.Object, java.lang.Object, java.lang.Object)'> (0x00000000a5a05c28) 
thrown [t:/workspace/ope
Event: 22.622 Thread 0x000001e5945e5800 Exception <a 'java/lang/NoSuchMethodError'{0x00000000a5a0bbd8}: 'java.lang.Object java.lang.invoke.DelegatingMethodHandle$Holder.reinvoke_L(java.lang.Object, java.lang.Object, java.lang.Object, java.lang.Object, java.lang.Object, java.lang.Object, java.lang.Object, java.lang.Object, java.lang.Object, java.lang.Object, java.lang.Object, java.lang.Object, java.lang.Object, java.lang.Object, java.lang.Object, java.lang.Object, java.lang.Object)'> (0x00000000a5a0bbd8) 
thrown [t:/workspace/open/src/hotspot/sha
Event: 22.626 Thread 0x000001e5945e5800 Exception <a 'java/lang/NoSuchMethodError'{0x00000000a5a15330}: 'java.lang.Object java.lang.invoke.DirectMethodHandle$Holder.invokeSpecial(java.lang.Object, java.lang.Object, java.lang.Object, java.lang.Object, java.lang.Object, java.lang.Object, java.lang.Object, java.lang.Object, java.lang.Object, java.lang.Object, java.lang.Object, java.lang.Object, java.lang.Object, java.lang.Object, java.lang.Object, java.lang.Object, java.lang.Object)'> (0x00000000a5a15330) 
thrown [t:/workspace/open/src/hotspot/shar
Event: 22.627 Thread 0x000001e5945e5800 Exception <a 'java/lang/NoSuchMethodError'{0x00000000a5a1a3e0}: 'java.lang.Object java.lang.invoke.Invokers$Holder.invoker(java.lang.Object, java.lang.Object, java.lang.Object, java.lang.Object, java.lang.Object, java.lang.Object, java.lang.Object, java.lang.Object, java.lang.Object, java.lang.Object, java.lang.Object, java.lang.Object, java.lang.Object, java.lang.Object, java.lang.Object, java.lang.Object, java.lang.Object)'> (0x00000000a5a1a3e0) 
thrown [t:/workspace/open/src/hotspot/share/interpreter/li
Event: 22.629 Thread 0x000001e5945e5800 Exception <a 'java/lang/NoSuchMethodError'{0x00000000a5a1fd70}: 'java.lang.Object java.lang.invoke.DelegatingMethodHandle$Holder.delegate(java.lang.Object, java.lang.Object, java.lang.Object, java.lang.Object, java.lang.Object, java.lang.Object, java.lang.Object, java.lang.Object, java.lang.Object, java.lang.Object, java.lang.Object, java.lang.Object, java.lang.Object, java.lang.Object, java.lang.Object, java.lang.Object, java.lang.Object)'> (0x00000000a5a1fd70) 
thrown [t:/workspace/open/src/hotspot/share
Event: 22.680 Thread 0x000001e5945e5800 Exception <a 'java/lang/NoSuchMethodError'{0x00000000a5a5fd00}: 'java.lang.Object java.lang.invoke.DirectMethodHandle$Holder.invokeStatic(java.lang.Object, java.lang.Object, java.lang.Object, java.lang.Object, java.lang.Object, java.lang.Object, java.lang.Object, java.lang.Object, java.lang.Object, java.lang.Object, java.lang.Object, java.lang.Object, java.lang.Object, java.lang.Object, java.lang.Object)'> (0x00000000a5a5fd00) 
thrown [t:/workspace/open/src/hotspot/share/interpreter/linkResolver.cpp, line 
Event: 22.683 Thread 0x000001e5945e5800 Exception <a 'java/lang/NoSuchMethodError'{0x00000000a5a6d370}: 'java.lang.Object java.lang.invoke.DirectMethodHandle$Holder.invokeStatic(java.lang.Object, java.lang.Object, java.lang.Object, java.lang.Object, java.lang.Object, java.lang.Object, java.lang.Object, java.lang.Object, java.lang.Object, java.lang.Object, java.lang.Object, java.lang.Object, java.lang.Object, java.lang.Object, java.lang.Object, java.lang.Object)'> (0x00000000a5a6d370) 
thrown [t:/workspace/open/src/hotspot/share/interpreter/linkR
Event: 22.692 Thread 0x000001e5945e5800 Exception <a 'java/lang/NoSuchMethodError'{0x00000000a5aa8350}: 'java.lang.Object java.lang.invoke.DirectMethodHandle$Holder.invokeStatic(java.lang.Object, java.lang.Object, java.lang.Object, java.lang.Object, java.lang.Object, java.lang.Object, java.lang.Object, java.lang.Object, java.lang.Object, java.lang.Object, java.lang.Object, java.lang.Object, java.lang.Object, java.lang.Object, java.lang.Object, java.lang.Object, java.lang.Object)'> (0x00000000a5aa8350) 
thrown [t:/workspace/open/src/hotspot/share
Event: 22.701 Thread 0x000001e5945e5800 Exception <a 'java/lang/NoSuchMethodError'{0x00000000a5acdd00}: 'java.lang.Object java.lang.invoke.DirectMethodHandle$Holder.invokeStatic(java.lang.Object, java.lang.Object, java.lang.Object, java.lang.Object, java.lang.Object, java.lang.Object, java.lang.Object, java.lang.Object, java.lang.Object, java.lang.Object, java.lang.Object, java.lang.Object, java.lang.Object, java.lang.Object, java.lang.Object, java.lang.Object, java.lang.Object, java.lang.Object)'> (0x00000000a5acdd00) 
thrown [t:/workspace/open
Event: 22.712 Thread 0x000001e5945e5800 Exception <a 'java/lang/NoSuchMethodError'{0x00000000a5af5338}: 'java.lang.Object java.lang.invoke.DirectMethodHandle$Holder.invokeStatic(java.lang.Object, java.lang.Object, java.lang.Object, java.lang.Object, java.lang.Object, java.lang.Object, java.lang.Object, java.lang.Object, java.lang.Object, java.lang.Object, java.lang.Object, java.lang.Object, java.lang.Object, java.lang.Object, java.lang.Object, java.lang.Object, java.lang.Object, java.lang.Object, java.lang.Object)'> (0x00000000a5af5338) 
thrown 
Event: 22.735 Thread 0x000001e5945e5800 Exception <a 'java/lang/NoSuchMethodError'{0x00000000a591eaf0}: 'java.lang.Object java.lang.invoke.DirectMethodHandle$Holder.invokeStatic(java.lang.Object, java.lang.Object, java.lang.Object, java.lang.Object, java.lang.Object, java.lang.Object, java.lang.Object, java.lang.Object, java.lang.Object, java.lang.Object, java.lang.Object, java.lang.Object, java.lang.Object, java.lang.Object, java.lang.Object, java.lang.Object, java.lang.Object, java.lang.Object, java.lang.Object, java.lang.Object)'> (0x00000000
Event: 23.176 Thread 0x000001e5945e5800 Implicit null exception at 0x000001e587ca4dbb to 0x000001e587ca50be
Event: 23.850 Thread 0x000001e5945e5800 Exception <a 'java/lang/ClassNotFoundException'{0x00000000a8177580}: com/android/build/gradle/internal/api/DefaultAndroidSourceSet_DecoratedBeanInfo> (0x00000000a8177580) 
thrown [t:/workspace/open/src/hotspot/share/classfile/systemDictionary.cpp, line 232]
Event: 23.851 Thread 0x000001e5945e5800 Exception <a 'java/lang/ClassNotFoundException'{0x00000000a818ad38}: com/android/build/gradle/internal/api/DefaultAndroidSourceSetBeanInfo> (0x00000000a818ad38) 
thrown [t:/workspace/open/src/hotspot/share/classfile/systemDictionary.cpp, line 232]
Event: 23.853 Thread 0x000001e5945e5800 Exception <a 'java/lang/ClassNotFoundException'{0x00000000a819e2d8}: com/android/build/gradle/internal/api/DefaultAndroidSourceSetCustomizer> (0x00000000a819e2d8) 
thrown [t:/workspace/open/src/hotspot/share/classfile/systemDictionary.cpp, line 232]
Event: 23.856 Thread 0x000001e5945e5800 Exception <a 'java/lang/ClassNotFoundException'{0x00000000a81e3b78}: com/android/build/gradle/internal/api/DefaultAndroidSourceSet_DecoratedCustomizer> (0x00000000a81e3b78) 
thrown [t:/workspace/open/src/hotspot/share/classfile/systemDictionary.cpp, line 232]

Events (20 events):
Event: 23.961 loading class com/android/build/gradle/internal/res/LinkApplicationAndroidResourcesTask$BaseCreationAction done
Event: 23.963 loading class com/android/build/gradle/tasks/MergeSourceSetFolders$MergeShaderSourceFoldersCreationAction
Event: 23.963 loading class com/android/build/gradle/tasks/MergeSourceSetFolders$MergeShaderSourceFoldersCreationAction done
Event: 23.964 loading class com/android/build/gradle/tasks/MergeSourceSetFolders$CreationAction
Event: 23.964 loading class com/android/build/gradle/tasks/MergeSourceSetFolders$CreationAction done
Event: 23.964 loading class com/android/build/gradle/tasks/ShaderCompile$CreationAction
Event: 23.964 loading class com/android/build/gradle/tasks/ShaderCompile$CreationAction done
Event: 23.965 loading class com/android/build/gradle/tasks/AidlCompile$CreationAction
Event: 23.965 loading class com/android/build/gradle/tasks/AidlCompile$CreationAction done
Event: 23.966 loading class com/android/build/gradle/tasks/JavaPreCompileTask$CreationAction
Event: 23.966 loading class com/android/build/gradle/tasks/JavaPreCompileTask$CreationAction done
Event: 23.967 loading class com/android/build/gradle/tasks/JavaCompileCreationAction
Event: 23.967 loading class com/android/build/gradle/tasks/JavaCompileCreationAction done
Event: 23.969 loading class com/android/build/gradle/tasks/LintPerVariantTask$CreationAction
Event: 23.969 loading class com/android/build/gradle/tasks/LintPerVariantTask$CreationAction done
Event: 23.970 loading class com/android/build/gradle/tasks/LintBaseTask$BaseCreationAction
Event: 23.970 loading class com/android/build/gradle/tasks/LintBaseTask$BaseCreationAction done
Event: 23.972 loading class com/android/build/gradle/internal/tasks/DexArchiveBuilderTask$CreationAction
Event: 23.972 loading class com/android/build/gradle/internal/tasks/DexArchiveBuilderTask$CreationAction done
Event: 23.974 Executing VM operation: CollectForMetadataAllocation


Dynamic libraries:
0x00007ff6585c0000 - 0x00007ff6585cf000 	C:\Program Files\Java\jdk-13.0.2\bin\java.exe
0x00007ff9f88b0000 - 0x00007ff9f8a9d000 	C:\Windows\SYSTEM32\ntdll.dll
0x00007ff9f5ad0000 - 0x00007ff9f5b83000 	C:\Windows\System32\KERNEL32.DLL
0x00007ff9f4d00000 - 0x00007ff9f4f95000 	C:\Windows\System32\KERNELBASE.dll
0x00007ff9f4a40000 - 0x00007ff9f4b3a000 	C:\Windows\System32\ucrtbase.dll
0x00007ff9edc20000 - 0x00007ff9edc38000 	C:\Program Files\Java\jdk-13.0.2\bin\jli.dll
0x00007ff9f7be0000 - 0x00007ff9f7c83000 	C:\Windows\System32\ADVAPI32.dll
0x00007ff9f82a0000 - 0x00007ff9f833e000 	C:\Windows\System32\msvcrt.dll
0x00007ff9ebb80000 - 0x00007ff9ebb95000 	C:\Program Files\Java\jdk-13.0.2\bin\VCRUNTIME140.dll
0x00007ff9f7980000 - 0x00007ff9f7a1e000 	C:\Windows\System32\sechost.dll
0x00007ff9f8470000 - 0x00007ff9f8592000 	C:\Windows\System32\RPCRT4.dll
0x00007ff9f77e0000 - 0x00007ff9f7977000 	C:\Windows\System32\USER32.dll
0x00007ff9e1f10000 - 0x00007ff9e2189000 	C:\Windows\WinSxS\amd64_microsoft.windows.common-controls_6595b64144ccf1df_6.0.17763.1217_none_de6e4304534e0ad3\COMCTL32.dll
0x00007ff9f5fb0000 - 0x00007ff9f62dc000 	C:\Windows\System32\combase.dll
0x00007ff9f5a20000 - 0x00007ff9f5a9e000 	C:\Windows\System32\bcryptPrimitives.dll
0x00007ff9f8240000 - 0x00007ff9f8269000 	C:\Windows\System32\GDI32.dll
0x00007ff9f4b40000 - 0x00007ff9f4cd9000 	C:\Windows\System32\gdi32full.dll
0x00007ff9f5740000 - 0x00007ff9f57e0000 	C:\Windows\System32\msvcp_win.dll
0x00007ff9f4ce0000 - 0x00007ff9f4d00000 	C:\Windows\System32\win32u.dll
0x00007ff9f0370000 - 0x00007ff9f037a000 	C:\Windows\SYSTEM32\VERSION.dll
0x00007ff9f8270000 - 0x00007ff9f829e000 	C:\Windows\System32\IMM32.DLL
0x00007ff9eabf0000 - 0x00007ff9eac8b000 	C:\Program Files\Java\jdk-13.0.2\bin\msvcp140.dll
0x00007ff9ce440000 - 0x00007ff9cef9d000 	C:\Program Files\Java\jdk-13.0.2\bin\server\jvm.dll
0x00007ff9f85a0000 - 0x00007ff9f85a8000 	C:\Windows\System32\PSAPI.DLL
0x00007ff9f10d0000 - 0x00007ff9f10d9000 	C:\Windows\SYSTEM32\WSOCK32.dll
0x00007ff9f85b0000 - 0x00007ff9f861d000 	C:\Windows\System32\WS2_32.dll
0x00007ff9f28e0000 - 0x00007ff9f2904000 	C:\Windows\SYSTEM32\WINMM.dll
0x00007ff9f28b0000 - 0x00007ff9f28dd000 	C:\Windows\SYSTEM32\WINMMBASE.dll
0x00007ff9f56f0000 - 0x00007ff9f573a000 	C:\Windows\System32\cfgmgr32.dll
0x00007ff9f4920000 - 0x00007ff9f4931000 	C:\Windows\System32\kernel.appcore.dll
0x00007ff9f1160000 - 0x00007ff9f1170000 	C:\Program Files\Java\jdk-13.0.2\bin\verify.dll
0x00007ff9e3a50000 - 0x00007ff9e3c3d000 	C:\Windows\SYSTEM32\DBGHELP.DLL
0x00007ff9e3a20000 - 0x00007ff9e3a4a000 	C:\Windows\SYSTEM32\dbgcore.DLL
0x00007ff9eb4a0000 - 0x00007ff9eb4c6000 	C:\Program Files\Java\jdk-13.0.2\bin\java.dll
0x00007ff9eba20000 - 0x00007ff9eba37000 	C:\Program Files\Java\jdk-13.0.2\bin\zip.dll
0x00007ff9ee770000 - 0x00007ff9ee77a000 	C:\Program Files\Java\jdk-13.0.2\bin\jimage.dll
0x00007ff9f62e0000 - 0x00007ff9f77d4000 	C:\Windows\System32\SHELL32.dll
0x00007ff9f87d0000 - 0x00007ff9f8878000 	C:\Windows\System32\shcore.dll
0x00007ff9f4fa0000 - 0x00007ff9f56ee000 	C:\Windows\System32\windows.storage.dll
0x00007ff9f4940000 - 0x00007ff9f4964000 	C:\Windows\System32\profapi.dll
0x00007ff9f48c0000 - 0x00007ff9f491d000 	C:\Windows\System32\powrprof.dll
0x00007ff9f5c90000 - 0x00007ff9f5ce2000 	C:\Windows\System32\shlwapi.dll
0x00007ff9f4970000 - 0x00007ff9f4987000 	C:\Windows\System32\cryptsp.dll
0x00007ff9eabd0000 - 0x00007ff9eabe9000 	C:\Program Files\Java\jdk-13.0.2\bin\net.dll
0x00007ff9e8990000 - 0x00007ff9e8a82000 	C:\Windows\SYSTEM32\WINHTTP.dll
0x00007ff9f40c0000 - 0x00007ff9f4127000 	C:\Windows\system32\mswsock.dll
0x00007ff9eabb0000 - 0x00007ff9eabc3000 	C:\Program Files\Java\jdk-13.0.2\bin\nio.dll
0x00007ff9ddd10000 - 0x00007ff9ddd36000 	C:\Users\ELCOT\.gradle\caches\gradle-6.5\native\31\windows-amd64\native-platform.dll
0x00007ff9edcd0000 - 0x00007ff9edcd9000 	C:\Program Files\Java\jdk-13.0.2\bin\management.dll
0x00007ff9edb70000 - 0x00007ff9edb7b000 	C:\Program Files\Java\jdk-13.0.2\bin\management_ext.dll
0x00007ff9f3bf0000 - 0x00007ff9f3c23000 	C:\Windows\system32\rsaenh.dll
0x00007ff9f5aa0000 - 0x00007ff9f5ac6000 	C:\Windows\System32\bcrypt.dll
0x00007ff9f47a0000 - 0x00007ff9f47c8000 	C:\Windows\SYSTEM32\USERENV.dll
0x00007ff9f4240000 - 0x00007ff9f424c000 	C:\Windows\SYSTEM32\CRYPTBASE.dll
0x00007ff9f3df0000 - 0x00007ff9f3e2d000 	C:\Windows\SYSTEM32\IPHLPAPI.DLL
0x00007ff9f5cf0000 - 0x00007ff9f5cf8000 	C:\Windows\System32\NSI.dll
0x00007ff9ec560000 - 0x00007ff9ec576000 	C:\Windows\SYSTEM32\dhcpcsvc6.DLL
0x00007ff9ec540000 - 0x00007ff9ec55c000 	C:\Windows\SYSTEM32\dhcpcsvc.DLL
0x00007ff9f3e40000 - 0x00007ff9f3f07000 	C:\Windows\SYSTEM32\DNSAPI.dll

dbghelp: loaded successfully - version: 4.0.5 - missing functions: none
symbol engine: initialized successfully - sym options: 0x614 - pdb path: .;C:\Program Files\Java\jdk-13.0.2\bin;C:\Windows\SYSTEM32;C:\Windows\WinSxS\amd64_microsoft.windows.common-controls_6595b64144ccf1df_6.0.17763.1217_none_de6e4304534e0ad3;C:\Program Files\Java\jdk-13.0.2\bin\server;C:\Users\ELCOT\.gradle\caches\gradle-6.5\native\31\windows-amd64

VM Arguments:
jvm_args: --add-opens=java.base/java.util=ALL-UNNAMED --add-opens=java.base/java.lang=ALL-UNNAMED --add-opens=java.base/java.lang.invoke=ALL-UNNAMED --add-opens=java.prefs/java.util.prefs=ALL-UNNAMED -Xmx1536m -Dfile.encoding=windows-1252 -Duser.country=IN -Duser.language=en -Duser.variant 
java_command: org.gradle.launcher.daemon.bootstrap.GradleDaemon 6.1.1
java_class_path (initial): C:\Users\ELCOT\.gradle\caches\gradle-6.5\wrapper\dists\gradle-6.1.1-all\cfmwm155h49vnt3hynmlrsdst\gradle-6.1.1\lib\gradle-launcher-6.1.1.jar
Launcher Type: SUN_STANDARD

[Global flags]
     intx CICompilerCount                          = 2                                         {product} {ergonomic}
     uint ConcGCThreads                            = 1                                         {product} {ergonomic}
     uint G1ConcRefinementThreads                  = 2                                         {product} {ergonomic}
   size_t G1HeapRegionSize                         = 1048576                                   {product} {ergonomic}
    uintx GCDrainStackTargetSize                   = 64                                        {product} {ergonomic}
   size_t InitialHeapSize                          = 65011712                                  {product} {ergonomic}
   size_t MarkStackSize                            = 4194304                                   {product} {ergonomic}
   size_t MaxHeapSize                              = 1610612736                                {product} {command line}
   size_t MaxNewSize                               = 965738496                                 {product} {ergonomic}
   size_t MinHeapDeltaBytes                        = 1048576                                   {product} {ergonomic}
   size_t MinHeapSize                              = 8388608                                   {product} {ergonomic}
    uintx NonNMethodCodeHeapSize                   = 5826188                                {pd product} {ergonomic}
    uintx NonProfiledCodeHeapSize                  = 122916026                              {pd product} {ergonomic}
    uintx ProfiledCodeHeapSize                     = 122916026                              {pd product} {ergonomic}
    uintx ReservedCodeCacheSize                    = 251658240                              {pd product} {ergonomic}
     bool SegmentedCodeCache                       = true                                      {product} {ergonomic}
   size_t SoftMaxHeapSize                          = 1610612736                             {manageable} {ergonomic}
     bool UseCompressedClassPointers               = true                                 {lp64_product} {ergonomic}
     bool UseCompressedOops                        = true                                 {lp64_product} {ergonomic}
     bool UseG1GC                                  = true                                      {product} {ergonomic}
     bool UseLargePagesIndividualAllocation        = false                                  {pd product} {ergonomic}

Logging:
Log output configuration:
 #0: stdout all=warning uptime,level,tags
 #1: stderr all=off uptime,level,tags

Environment Variables:
JAVA_HOME=C:\Program Files\Android\Android Studio\jre
PATH=C:\Program Files\AdoptOpenJDK\jdk-11.0.7.10-hotspot\bin;C:\Program Files (x86)\Common Files\Oracle\Java\javapath;C:\MinGW\bin;C:\Windows\system32;C:\Windows;C:\Windows\System32\Wbem;C:\Windows\System32\WindowsPowerShell\v1.0\;C:\Windows\System32\OpenSSH\;C:\Program Files\nodejs\;C:\Users\ELCOT\Downloads\python-3.8.2;C:\Program Files\Dart\dart-sdk\bin;C:\drivers\chromedriver_win32.zip;C:\src\flutter\flutter_windows_v1.12.13+hotfix.9-stable\flutter\bin;C:\Program Files (x86)\Android\android-sdk\platforms\platform-tools;C:\Program Files (x86)\Android\android-sdk\platform-tools\api;C:\Downloads\installer_r16-windows.exe;C:\ProgramData\Microsoft\Windows\Start Menu\Programs\Android SDK Tools;D:\kishoreAndroid\Android\Android Studio\bin;D:\kishoreAndroid\Android\Android Studio;C:\ProgramData\Microsoft\Windows\Start Menu\Programs\Visual Studio Emulator for Android.lnk;C:\Downloads\vs_emulatorsetup.exe;C:\Program Files (x86)\Android\android-sdk\SDK Manager;D:\Kishore\platforms;C:\Users\ELCOT\AppData\Local\Programs\Python\Python38\Scripts\;C:\Users\;C:\Program Files\Android\Android Studio\jre;C:\Program Files\Java\jdk-13.0.2\bin;C:\Program Files\Java\jre1.8.0_251\bin;C:\Program Files (x86)\Android\platform-tools;C:\Downloads\python-3.8.2.exe;C:\Program Files\dotnet\;C:\Program Files\Microsoft SQL Server\130\Tools\Binn\;C:\Program Files\Microsoft SQL Server\Client SDK\ODBC\170\Tools\Binn\;D:\Git\cmd;C:\Users\ELCOT\AppData\Roaming\npm;D:\modelsim_ase\win32aloem;C:\Users\ELCOT\AppData\Local\Programs\Python\Python39\Scripts\;C:\Users\ELCOT\AppData\Local\Programs\Python\Python39\;C:\Users\ELCOT\AppData\Local\ValidatorBuddy;C:\Users\ELCOT\AppData\Local\Programs\Python\Python38;C:\src\flutter\bin;D:\Heroku\bin;D:\Microsoft VS Code\bin;C:\Users\ELCOT\AppData\Roaming\npm\node_modules\firebase\node_modules\protobufjs\bin;
USERNAME=ELCOT
OS=Windows_NT
PROCESSOR_IDENTIFIER=AMD64 Family 21 Model 112 Stepping 0, AuthenticAMD



---------------  S Y S T E M  ---------------

OS: Windows 10 , 64 bit Build 17763 (10.0.17763.1158)
HyperV virtualization detected

CPU:total 2 (initial active 2) (2 cores per cpu, 1 threads per core) family 21 model 112 stepping 0, cmov, cx8, fxsr, mmx, sse, sse2, sse3, ssse3, sse4.1, sse4.2, popcnt, avx, avx2, aes, clmul, mmxext, 3dnowpref, lzcnt, sse4a, tsc, tscinvbit, tscinv, bmi1, bmi2, fma

Memory: 4k page, system-wide physical 3935M (470M free)
TotalPageFile size 5322M (AvailPageFile size 4M)
current process WorkingSet (physical memory assigned to process): 268M, peak: 268M
current process commit charge ("private bytes"): 316M, peak: 317M

vm_info: Java HotSpot(TM) 64-Bit Server VM (13.0.2+8) for windows-amd64 JRE (13.0.2+8), built on Dec 11 2019 09:20:33 by "mach5one" with unknown MS VC++:1916

END.
