#
# There is insufficient memory for the Java Runtime Environment to continue.
# Native memory allocation (malloc) failed to allocate 1298896 bytes for Chunk::new
# Possible reasons:
#   The system is out of physical RAM or swap space
#   The process is running with CompressedOops enabled, and the Java Heap may be blocking the growth of the native heap
# Possible solutions:
#   Reduce memory load on the system
#   Increase physical memory or swap space
#   Check if swap backing store is full
#   Decrease Java heap size (-Xmx/-Xms)
#   Decrease number of Java threads
#   Decrease Java thread stack sizes (-Xss)
#   Set larger code cache with -XX:ReservedCodeCacheSize=
#   JVM is running with Unscaled Compressed Oops mode in which the Java heap is
#     placed in the first 4GB address space. The Java Heap base address is the
#     maximum limit for the native heap growth. Please use -XX:HeapBaseMinAddress
#     to set the Java Heap base and to place the Java Heap above 4GB virtual address.
# This output file may be truncated or incomplete.
#
#  Out of Memory Error (t:/workspace/open/src/hotspot/share/memory/arena.cpp:196), pid=4684, tid=1992
#
# JRE version: Java(TM) SE Runtime Environment (13.0.2+8) (build 13.0.2+8)
# Java VM: Java HotSpot(TM) 64-Bit Server VM (13.0.2+8, mixed mode, sharing, tiered, compressed oops, g1 gc, windows-amd64)
# No core dump will be written. Minidumps are not enabled by default on client versions of Windows
#

---------------  S U M M A R Y ------------

Command Line: --add-opens=java.base/java.util=ALL-UNNAMED --add-opens=java.base/java.lang=ALL-UNNAMED --add-opens=java.base/java.lang.invoke=ALL-UNNAMED --add-opens=java.prefs/java.util.prefs=ALL-UNNAMED -Xmx2048m -Dfile.encoding=windows-1252 -Duser.country=IN -Duser.language=en -Duser.variant org.gradle.launcher.daemon.bootstrap.GradleDaemon 6.5

Host: AMD PRO A4-4350B R4, 5 COMPUTE CORES 2C+3G     , 2 cores, 3G,  Windows 10 , 64 bit Build 17763 (10.0.17763.1158)
Time: Thu Sep  3 03:54:05 2020 Pacific Daylight Time elapsed time: 89 seconds (0d 0h 1m 29s)

---------------  T H R E A D  ---------------

Current thread (0x00000236bc502000):  JavaThread "C2 CompilerThread0" daemon [_thread_in_native, id=1992, stack(0x000000e7b4d00000,0x000000e7b4e00000)]


Current CompileTask:
C2:  89796 6360   !   4       com.sun.beans.TypeResolver::resolve (261 bytes)

Stack: [0x000000e7b4d00000,0x000000e7b4e00000]
Native frames: (J=compiled Java code, j=interpreted, Vv=VM code, C=native code)
V  [jvm.dll+0x624f9a]
V  [jvm.dll+0x770cfa]
V  [jvm.dll+0x7724af]
V  [jvm.dll+0x772ab3]
V  [jvm.dll+0x24bf08]
V  [jvm.dll+0xc1e47]
V  [jvm.dll+0xc23cc]
V  [jvm.dll+0x35c068]
V  [jvm.dll+0x19f100]
V  [jvm.dll+0x205d36]
V  [jvm.dll+0x204e3f]
V  [jvm.dll+0x189c2c]
V  [jvm.dll+0x213e6d]
V  [jvm.dll+0x2120bb]
V  [jvm.dll+0x736bb6]
V  [jvm.dll+0x72fcaa]
V  [jvm.dll+0x623ea6]
C  [ucrtbase.dll+0x21ffa]
C  [KERNEL32.DLL+0x17974]
C  [ntdll.dll+0x6a271]


---------------  P R O C E S S  ---------------

Threads class SMR info:
_java_thread_list=0x00000236be5ec580, length=122, elements={
0x000002369e281000, 0x000002369e34d800, 0x00000236bc4e4000, 0x00000236bc4ff000,
0x00000236bc501000, 0x00000236bc502000, 0x00000236bc505000, 0x00000236bc56c000,
0x00000236bcf40000, 0x00000236bcf46800, 0x00000236be443800, 0x00000236be06c800,
0x00000236bd1d9000, 0x00000236bde12800, 0x00000236bd2ff800, 0x00000236bd152800,
0x00000236bda7a800, 0x00000236bdb24800, 0x00000236bd010000, 0x00000236be10b800,
0x00000236be10e000, 0x00000236be10f000, 0x00000236be10a000, 0x00000236be10f800,
0x00000236be110800, 0x00000236be10c800, 0x00000236be10d000, 0x00000236be10a800,
0x00000236bf505000, 0x00000236bf502800, 0x00000236bf509000, 0x00000236bf506800,
0x00000236bf507800, 0x00000236bf508800, 0x00000236bf506000, 0x00000236bf503800,
0x00000236bf50a000, 0x00000236bf504800, 0x00000236bf50d800, 0x00000236bf50b000,
0x00000236bf50c800, 0x00000236bf50e000, 0x00000236bf50f000, 0x00000236bf50f800,
0x00000236bf510800, 0x00000236bf511800, 0x00000236bf50b800, 0x00000236bfc29000,
0x00000236bfc28000, 0x00000236bfc27800, 0x00000236bfc23800, 0x00000236bfc24000,
0x00000236bfc2a000, 0x00000236bfc2a800, 0x00000236bfc26800, 0x00000236bfc25800,
0x00000236bfc2b800, 0x00000236bfc2f800, 0x00000236bfc30800, 0x00000236bfc31000,
0x00000236bfc2c800, 0x00000236bfc32000, 0x00000236bfc2e000, 0x00000236bfc2d000,
0x00000236bfc2e800, 0x00000236be7b1000, 0x00000236be7b3800, 0x00000236be7b2800,
0x00000236be7b5000, 0x00000236be7b7000, 0x00000236be7b7800, 0x00000236be7b4800,
0x00000236be7b6000, 0x00000236be7b2000, 0x00000236be7be000, 0x00000236be7bb800,
0x00000236be7ba000, 0x00000236be7bb000, 0x00000236be7b9800, 0x00000236be7bc800,
0x00000236be7bd800, 0x00000236be7b8800, 0x00000236be7bf000, 0x00000236be7c0000,
0x00000236c0ba2000, 0x00000236c0b9c800, 0x00000236c0ba1800, 0x00000236c0ba3000,
0x00000236c0b9d800, 0x00000236c0ba4000, 0x00000236c0b9e000, 0x00000236c0ba4800,
0x00000236c0ba0800, 0x00000236c0b9f000, 0x00000236c0ba5800, 0x00000236c0ba0000,
0x00000236c0ba6800, 0x00000236c0baa800, 0x00000236c0ba9800, 0x00000236c0bab000,
0x00000236c0ba8000, 0x00000236c0ba7000, 0x00000236c0ba9000, 0x00000236c020f800,
0x00000236c0212000, 0x00000236c0210800, 0x00000236c020c000, 0x00000236c0211000,
0x00000236c020e000, 0x00000236c0212800, 0x00000236c020d000, 0x00000236c0213800,
0x00000236c020e800, 0x00000236c0215000, 0x00000236c0214800, 0x00000236c0219800,
0x00000236c0218800, 0x00000236c021a000, 0x00000236c0216000, 0x00000236c021b000,
0x00000236c0217000, 0x00000236c0217800
}

Java Threads: ( => current thread )
  0x000002369e281000 JavaThread "main" [_thread_blocked, id=552, stack(0x000000e7b4200000,0x000000e7b4300000)]
  0x000002369e34d800 JavaThread "Reference Handler" daemon [_thread_blocked, id=1652, stack(0x000000e7b4900000,0x000000e7b4a00000)]
  0x00000236bc4e4000 JavaThread "Finalizer" daemon [_thread_blocked, id=6048, stack(0x000000e7b4a00000,0x000000e7b4b00000)]
  0x00000236bc4ff000 JavaThread "Signal Dispatcher" daemon [_thread_blocked, id=3968, stack(0x000000e7b4b00000,0x000000e7b4c00000)]
  0x00000236bc501000 JavaThread "Attach Listener" daemon [_thread_blocked, id=8036, stack(0x000000e7b4c00000,0x000000e7b4d00000)]
=>0x00000236bc502000 JavaThread "C2 CompilerThread0" daemon [_thread_in_native, id=1992, stack(0x000000e7b4d00000,0x000000e7b4e00000)]
  0x00000236bc505000 JavaThread "C1 CompilerThread0" daemon [_thread_blocked, id=1584, stack(0x000000e7b4e00000,0x000000e7b4f00000)]
  0x00000236bc56c000 JavaThread "Sweeper thread" daemon [_thread_blocked, id=2264, stack(0x000000e7b4f00000,0x000000e7b5000000)]
  0x00000236bcf40000 JavaThread "Common-Cleaner" daemon [_thread_blocked, id=7436, stack(0x000000e7b5000000,0x000000e7b5100000)]
  0x00000236bcf46800 JavaThread "Service Thread" daemon [_thread_blocked, id=1932, stack(0x000000e7b5100000,0x000000e7b5200000)]
  0x00000236be443800 JavaThread "Daemon health stats" [_thread_blocked, id=2752, stack(0x000000e7b5500000,0x000000e7b5600000)]
  0x00000236be06c800 JavaThread "Incoming local TCP Connector on port 51316" [_thread_in_native, id=7412, stack(0x000000e7b5800000,0x000000e7b5900000)]
  0x00000236bd1d9000 JavaThread "Daemon periodic checks" [_thread_blocked, id=1956, stack(0x000000e7b5900000,0x000000e7b5a00000)]
  0x00000236bde12800 JavaThread "Daemon" [_thread_blocked, id=4244, stack(0x000000e7b5a00000,0x000000e7b5b00000)]
  0x00000236bd2ff800 JavaThread "Handler for socket connection from /127.0.0.1:51316 to /127.0.0.1:51319" [_thread_in_native, id=3416, stack(0x000000e7b5b00000,0x000000e7b5c00000)]
  0x00000236bd152800 JavaThread "Cancel handler" [_thread_blocked, id=5528, stack(0x000000e7b5c00000,0x000000e7b5d00000)]
  0x00000236bda7a800 JavaThread "Daemon worker" [_thread_in_Java, id=7448, stack(0x000000e7b5d00000,0x000000e7b5e00000)]
  0x00000236bdb24800 JavaThread "Asynchronous log dispatcher for DefaultDaemonConnection: socket connection from /127.0.0.1:51316 to /127.0.0.1:51319" [_thread_blocked, id=832, stack(0x000000e7b5e00000,0x000000e7b5f00000)]
  0x00000236bd010000 JavaThread "Thread-8" [_thread_blocked, id=3880, stack(0x000000e7b6000000,0x000000e7b6100000)]
  0x00000236be10b800 JavaThread "Cache worker for journal cache (C:\Users\ELCOT\.gradle\caches\gradle-6.5\caches\journal-1)" [_thread_blocked, id=3128, stack(0x000000e7b6100000,0x000000e7b6200000)]
  0x00000236be10e000 JavaThread "File lock request listener" [_thread_in_native, id=3524, stack(0x000000e7b6200000,0x000000e7b6300000)]
  0x00000236be10f000 JavaThread "Cache worker for file hash cache (C:\Users\ELCOT\.gradle\caches\gradle-6.5\caches\6.5\fileHashes)" [_thread_blocked, id=2400, stack(0x000000e7b6300000,0x000000e7b6400000)]
  0x00000236be10a000 JavaThread "File lock release action executor" [_thread_blocked, id=6592, stack(0x000000e7b6400000,0x000000e7b6500000)]
  0x00000236be10f800 JavaThread "Cache worker for file hash cache (D:\AndroidStudioProjects\DoChat\.gradle\6.5\fileHashes)" [_thread_blocked, id=1688, stack(0x000000e7b6500000,0x000000e7b6600000)]
  0x00000236be110800 JavaThread "jar transforms" [_thread_blocked, id=2608, stack(0x000000e7b6600000,0x000000e7b6700000)]
  0x00000236be10c800 JavaThread "jar transforms Thread 2" [_thread_blocked, id=5272, stack(0x000000e7b6700000,0x000000e7b6800000)]
  0x00000236be10d000 JavaThread "jar transforms Thread 3" [_thread_blocked, id=7188, stack(0x000000e7b6800000,0x000000e7b6900000)]
  0x00000236be10a800 JavaThread "jar transforms Thread 4" [_thread_blocked, id=1592, stack(0x000000e7b6900000,0x000000e7b6a00000)]
  0x00000236bf505000 JavaThread "jar transforms Thread 5" [_thread_blocked, id=6040, stack(0x000000e7b6a00000,0x000000e7b6b00000)]
  0x00000236bf502800 JavaThread "jar transforms Thread 6" [_thread_blocked, id=3512, stack(0x000000e7b6b00000,0x000000e7b6c00000)]
  0x00000236bf509000 JavaThread "jar transforms Thread 7" [_thread_blocked, id=7716, stack(0x000000e7b6c00000,0x000000e7b6d00000)]
  0x00000236bf506800 JavaThread "jar transforms Thread 8" [_thread_blocked, id=7732, stack(0x000000e7b6d00000,0x000000e7b6e00000)]
  0x00000236bf507800 JavaThread "jar transforms Thread 9" [_thread_blocked, id=8148, stack(0x000000e7b6e00000,0x000000e7b6f00000)]
  0x00000236bf508800 JavaThread "jar transforms Thread 10" [_thread_blocked, id=1428, stack(0x000000e7b6f00000,0x000000e7b7000000)]
  0x00000236bf506000 JavaThread "jar transforms Thread 11" [_thread_blocked, id=6768, stack(0x000000e7b7000000,0x000000e7b7100000)]
  0x00000236bf503800 JavaThread "jar transforms Thread 12" [_thread_blocked, id=1940, stack(0x000000e7b7100000,0x000000e7b7200000)]
  0x00000236bf50a000 JavaThread "jar transforms Thread 13" [_thread_blocked, id=4696, stack(0x000000e7b7200000,0x000000e7b7300000)]
  0x00000236bf504800 JavaThread "jar transforms Thread 14" [_thread_blocked, id=4772, stack(0x000000e7b7300000,0x000000e7b7400000)]
  0x00000236bf50d800 JavaThread "jar transforms Thread 15" [_thread_blocked, id=2696, stack(0x000000e7b7400000,0x000000e7b7500000)]
  0x00000236bf50b000 JavaThread "jar transforms Thread 16" [_thread_blocked, id=6732, stack(0x000000e7b7500000,0x000000e7b7600000)]
  0x00000236bf50c800 JavaThread "jar transforms Thread 17" [_thread_blocked, id=2800, stack(0x000000e7b7600000,0x000000e7b7700000)]
  0x00000236bf50e000 JavaThread "jar transforms Thread 18" [_thread_blocked, id=1440, stack(0x000000e7b7700000,0x000000e7b7800000)]
  0x00000236bf50f000 JavaThread "jar transforms Thread 19" [_thread_blocked, id=3528, stack(0x000000e7b7800000,0x000000e7b7900000)]
  0x00000236bf50f800 JavaThread "jar transforms Thread 20" [_thread_blocked, id=4860, stack(0x000000e7b7900000,0x000000e7b7a00000)]
  0x00000236bf510800 JavaThread "jar transforms Thread 21" [_thread_blocked, id=3024, stack(0x000000e7b7a00000,0x000000e7b7b00000)]
  0x00000236bf511800 JavaThread "jar transforms Thread 22" [_thread_blocked, id=4424, stack(0x000000e7b7b00000,0x000000e7b7c00000)]
  0x00000236bf50b800 JavaThread "jar transforms Thread 23" [_thread_blocked, id=5412, stack(0x000000e7b7c00000,0x000000e7b7d00000)]
  0x00000236bfc29000 JavaThread "Cache worker for checksums cache (D:\AndroidStudioProjects\DoChat\.gradle\checksums)" [_thread_blocked, id=6272, stack(0x000000e7b7d00000,0x000000e7b7e00000)]
  0x00000236bfc28000 JavaThread "Cache worker for cache directory md-supplier (C:\Users\ELCOT\.gradle\caches\gradle-6.5\caches\6.5\md-supplier)" [_thread_blocked, id=4704, stack(0x000000e7b7e00000,0x000000e7b7f00000)]
  0x00000236bfc27800 JavaThread "Cache worker for cache directory md-rule (C:\Users\ELCOT\.gradle\caches\gradle-6.5\caches\6.5\md-rule)" [_thread_blocked, id=7800, stack(0x000000e7b7f00000,0x000000e7b8000000)]
  0x00000236bfc23800 JavaThread "Cache worker for execution history cache (C:\Users\ELCOT\.gradle\caches\gradle-6.5\caches\6.5\executionHistory)" [_thread_blocked, id=216, stack(0x000000e7b8000000,0x000000e7b8100000)]
  0x00000236bfc24000 JavaThread "Cache worker for file content cache (C:\Users\ELCOT\.gradle\caches\gradle-6.5\caches\6.5\fileContent)" [_thread_blocked, id=1316, stack(0x000000e7b8100000,0x000000e7b8200000)]
  0x00000236bfc2a000 JavaThread "Build operations" [_thread_blocked, id=856, stack(0x000000e7b4000000,0x000000e7b4100000)]
  0x00000236bfc2a800 JavaThread "Build operations Thread 2" [_thread_blocked, id=1568, stack(0x000000e7b4100000,0x000000e7b4200000)]
  0x00000236bfc26800 JavaThread "jar transforms Thread 24" [_thread_blocked, id=3768, stack(0x000000e7b8200000,0x000000e7b8300000)]
  0x00000236bfc25800 JavaThread "jar transforms Thread 25" [_thread_blocked, id=2356, stack(0x000000e7b8300000,0x000000e7b8400000)]
  0x00000236bfc2b800 JavaThread "jar transforms Thread 26" [_thread_blocked, id=7012, stack(0x000000e7b8400000,0x000000e7b8500000)]
  0x00000236bfc2f800 JavaThread "jar transforms Thread 27" [_thread_blocked, id=7164, stack(0x000000e7b8500000,0x000000e7b8600000)]
  0x00000236bfc30800 JavaThread "jar transforms Thread 28" [_thread_blocked, id=4336, stack(0x000000e7b8600000,0x000000e7b8700000)]
  0x00000236bfc31000 JavaThread "jar transforms Thread 29" [_thread_blocked, id=7564, stack(0x000000e7b8700000,0x000000e7b8800000)]
  0x00000236bfc2c800 JavaThread "jar transforms Thread 30" [_thread_blocked, id=1408, stack(0x000000e7b8800000,0x000000e7b8900000)]
  0x00000236bfc32000 JavaThread "jar transforms Thread 31" [_thread_blocked, id=1180, stack(0x000000e7b8900000,0x000000e7b8a00000)]
  0x00000236bfc2e000 JavaThread "jar transforms Thread 32" [_thread_blocked, id=7672, stack(0x000000e7b8a00000,0x000000e7b8b00000)]
  0x00000236bfc2d000 JavaThread "jar transforms Thread 33" [_thread_blocked, id=7928, stack(0x000000e7b8b00000,0x000000e7b8c00000)]
  0x00000236bfc2e800 JavaThread "jar transforms Thread 34" [_thread_blocked, id=5496, stack(0x000000e7b8c00000,0x000000e7b8d00000)]
  0x00000236be7b1000 JavaThread "jar transforms Thread 35" [_thread_blocked, id=6152, stack(0x000000e7b8d00000,0x000000e7b8e00000)]
  0x00000236be7b3800 JavaThread "jar transforms Thread 36" [_thread_blocked, id=2184, stack(0x000000e7b8e00000,0x000000e7b8f00000)]
  0x00000236be7b2800 JavaThread "jar transforms Thread 37" [_thread_blocked, id=6364, stack(0x000000e7b8f00000,0x000000e7b9000000)]
  0x00000236be7b5000 JavaThread "jar transforms Thread 38" [_thread_blocked, id=1052, stack(0x000000e7b9000000,0x000000e7b9100000)]
  0x00000236be7b7000 JavaThread "jar transforms Thread 39" [_thread_blocked, id=7020, stack(0x000000e7b9100000,0x000000e7b9200000)]
  0x00000236be7b7800 JavaThread "jar transforms Thread 40" [_thread_blocked, id=4576, stack(0x000000e7b9200000,0x000000e7b9300000)]
  0x00000236be7b4800 JavaThread "jar transforms Thread 41" [_thread_blocked, id=6996, stack(0x000000e7b9300000,0x000000e7b9400000)]
  0x00000236be7b6000 JavaThread "jar transforms Thread 42" [_thread_blocked, id=5452, stack(0x000000e7b9400000,0x000000e7b9500000)]
  0x00000236be7b2000 JavaThread "jar transforms Thread 43" [_thread_blocked, id=7728, stack(0x000000e7b9500000,0x000000e7b9600000)]
  0x00000236be7be000 JavaThread "jar transforms Thread 44" [_thread_blocked, id=4752, stack(0x000000e7b9600000,0x000000e7b9700000)]
  0x00000236be7bb800 JavaThread "jar transforms Thread 45" [_thread_blocked, id=2876, stack(0x000000e7b9700000,0x000000e7b9800000)]
  0x00000236be7ba000 JavaThread "jar transforms Thread 46" [_thread_blocked, id=6244, stack(0x000000e7b9800000,0x000000e7b9900000)]
  0x00000236be7bb000 JavaThread "jar transforms Thread 47" [_thread_blocked, id=6720, stack(0x000000e7b9900000,0x000000e7b9a00000)]
  0x00000236be7b9800 JavaThread "jar transforms Thread 48" [_thread_blocked, id=7272, stack(0x000000e7b9a00000,0x000000e7b9b00000)]
  0x00000236be7bc800 JavaThread "jar transforms Thread 49" [_thread_blocked, id=7852, stack(0x000000e7b9b00000,0x000000e7b9c00000)]
  0x00000236be7bd800 JavaThread "jar transforms Thread 50" [_thread_blocked, id=6980, stack(0x000000e7b9c00000,0x000000e7b9d00000)]
  0x00000236be7b8800 JavaThread "jar transforms Thread 51" [_thread_blocked, id=2268, stack(0x000000e7b9d00000,0x000000e7b9e00000)]
  0x00000236be7bf000 JavaThread "jar transforms Thread 52" [_thread_blocked, id=6972, stack(0x000000e7b9e00000,0x000000e7b9f00000)]
  0x00000236be7c0000 JavaThread "jar transforms Thread 53" [_thread_blocked, id=1716, stack(0x000000e7b9f00000,0x000000e7ba000000)]
  0x00000236c0ba2000 JavaThread "jar transforms Thread 54" [_thread_blocked, id=4304, stack(0x000000e7ba000000,0x000000e7ba100000)]
  0x00000236c0b9c800 JavaThread "jar transforms Thread 55" [_thread_blocked, id=6548, stack(0x000000e7ba100000,0x000000e7ba200000)]
  0x00000236c0ba1800 JavaThread "jar transforms Thread 56" [_thread_blocked, id=7328, stack(0x000000e7ba200000,0x000000e7ba300000)]
  0x00000236c0ba3000 JavaThread "jar transforms Thread 57" [_thread_blocked, id=7152, stack(0x000000e7ba300000,0x000000e7ba400000)]
  0x00000236c0b9d800 JavaThread "jar transforms Thread 58" [_thread_blocked, id=5824, stack(0x000000e7ba400000,0x000000e7ba500000)]
  0x00000236c0ba4000 JavaThread "jar transforms Thread 59" [_thread_blocked, id=5568, stack(0x000000e7ba500000,0x000000e7ba600000)]
  0x00000236c0b9e000 JavaThread "jar transforms Thread 60" [_thread_blocked, id=5424, stack(0x000000e7ba600000,0x000000e7ba700000)]
  0x00000236c0ba4800 JavaThread "jar transforms Thread 61" [_thread_blocked, id=7472, stack(0x000000e7ba700000,0x000000e7ba800000)]
  0x00000236c0ba0800 JavaThread "jar transforms Thread 62" [_thread_blocked, id=5128, stack(0x000000e7ba800000,0x000000e7ba900000)]
  0x00000236c0b9f000 JavaThread "jar transforms Thread 63" [_thread_blocked, id=6944, stack(0x000000e7ba900000,0x000000e7baa00000)]
  0x00000236c0ba5800 JavaThread "jar transforms Thread 64" [_thread_blocked, id=7704, stack(0x000000e7baa00000,0x000000e7bab00000)]
  0x00000236c0ba0000 JavaThread "jar transforms Thread 65" [_thread_blocked, id=2284, stack(0x000000e7bab00000,0x000000e7bac00000)]
  0x00000236c0ba6800 JavaThread "jar transforms Thread 66" [_thread_blocked, id=6392, stack(0x000000e7bac00000,0x000000e7bad00000)]
  0x00000236c0baa800 JavaThread "jar transforms Thread 67" [_thread_blocked, id=2280, stack(0x000000e7bad00000,0x000000e7bae00000)]
  0x00000236c0ba9800 JavaThread "jar transforms Thread 68" [_thread_blocked, id=6788, stack(0x000000e7bae00000,0x000000e7baf00000)]
  0x00000236c0bab000 JavaThread "jar transforms Thread 69" [_thread_blocked, id=5472, stack(0x000000e7baf00000,0x000000e7bb000000)]
  0x00000236c0ba8000 JavaThread "jar transforms Thread 70" [_thread_blocked, id=5284, stack(0x000000e7bb000000,0x000000e7bb100000)]
  0x00000236c0ba7000 JavaThread "jar transforms Thread 71" [_thread_blocked, id=2556, stack(0x000000e7bb100000,0x000000e7bb200000)]
  0x00000236c0ba9000 JavaThread "jar transforms Thread 72" [_thread_blocked, id=7068, stack(0x000000e7bb200000,0x000000e7bb300000)]
  0x00000236c020f800 JavaThread "jar transforms Thread 73" [_thread_blocked, id=2404, stack(0x000000e7bb300000,0x000000e7bb400000)]
  0x00000236c0212000 JavaThread "jar transforms Thread 74" [_thread_blocked, id=5388, stack(0x000000e7bb400000,0x000000e7bb500000)]
  0x00000236c0210800 JavaThread "jar transforms Thread 75" [_thread_blocked, id=4248, stack(0x000000e7bb500000,0x000000e7bb600000)]
  0x00000236c020c000 JavaThread "jar transforms Thread 76" [_thread_blocked, id=4804, stack(0x000000e7bb600000,0x000000e7bb700000)]
  0x00000236c0211000 JavaThread "jar transforms Thread 77" [_thread_blocked, id=472, stack(0x000000e7bb700000,0x000000e7bb800000)]
  0x00000236c020e000 JavaThread "jar transforms Thread 78" [_thread_blocked, id=7836, stack(0x000000e7bb800000,0x000000e7bb900000)]
  0x00000236c0212800 JavaThread "jar transforms Thread 79" [_thread_blocked, id=7668, stack(0x000000e7bb900000,0x000000e7bba00000)]
  0x00000236c020d000 JavaThread "jar transforms Thread 80" [_thread_blocked, id=7764, stack(0x000000e7bba00000,0x000000e7bbb00000)]
  0x00000236c0213800 JavaThread "jar transforms Thread 81" [_thread_blocked, id=7044, stack(0x000000e7bbb00000,0x000000e7bbc00000)]
  0x00000236c020e800 JavaThread "jar transforms Thread 82" [_thread_blocked, id=2260, stack(0x000000e7bbc00000,0x000000e7bbd00000)]
  0x00000236c0215000 JavaThread "jar transforms Thread 83" [_thread_blocked, id=5144, stack(0x000000e7bbd00000,0x000000e7bbe00000)]
  0x00000236c0214800 JavaThread "jar transforms Thread 84" [_thread_blocked, id=8172, stack(0x000000e7bbe00000,0x000000e7bbf00000)]
  0x00000236c0219800 JavaThread "jar transforms Thread 85" [_thread_blocked, id=3456, stack(0x000000e7bbf00000,0x000000e7bc000000)]
  0x00000236c0218800 JavaThread "jar transforms Thread 86" [_thread_blocked, id=3452, stack(0x000000e7bc000000,0x000000e7bc100000)]
  0x00000236c021a000 JavaThread "jar transforms Thread 87" [_thread_blocked, id=6076, stack(0x000000e7bc100000,0x000000e7bc200000)]
  0x00000236c0216000 JavaThread "jar transforms Thread 88" [_thread_blocked, id=2632, stack(0x000000e7bc200000,0x000000e7bc300000)]
  0x00000236c021b000 JavaThread "jar transforms Thread 89" [_thread_blocked, id=4088, stack(0x000000e7bc300000,0x000000e7bc400000)]
  0x00000236c0217000 JavaThread "jar transforms Thread 90" [_thread_blocked, id=1512, stack(0x000000e7bc400000,0x000000e7bc500000)]
  0x00000236c0217800 JavaThread "Cache worker for Build Output Cleanup Cache (D:\AndroidStudioProjects\DoChat\.gradle\buildOutputCleanup)" [_thread_blocked, id=3764, stack(0x000000e7bc500000,0x000000e7bc600000)]

Other Threads:
  0x000002369e34b800 VMThread "VM Thread" [stack: 0x000000e7b4800000,0x000000e7b4900000] [id=2412]
  0x00000236bcf48800 WatcherThread [stack: 0x000000e7b5200000,0x000000e7b5300000] [id=276]
  0x000002369e2c3000 GCTaskThread "GC Thread#0" [stack: 0x000000e7b4300000,0x000000e7b4400000] [id=1140]
  0x00000236bcfb7000 GCTaskThread "GC Thread#1" [stack: 0x000000e7b5300000,0x000000e7b5400000] [id=3468]
  0x000002369e2d4800 ConcurrentGCThread "G1 Main Marker" [stack: 0x000000e7b4400000,0x000000e7b4500000] [id=1000]
  0x000002369e2d5800 ConcurrentGCThread "G1 Conc#0" [stack: 0x000000e7b4500000,0x000000e7b4600000] [id=8096]
  0x000002369e323800 ConcurrentGCThread "G1 Refine#0" [stack: 0x000000e7b4600000,0x000000e7b4700000] [id=6052]
  0x00000236bd6fb800 ConcurrentGCThread "G1 Refine#1" [stack: 0x000000e7b5400000,0x000000e7b5500000] [id=1288]
  0x000002369e326800 ConcurrentGCThread "G1 Young RemSet Sampling" [stack: 0x000000e7b4700000,0x000000e7b4800000] [id=5012]

Threads with active compile tasks:
C2 CompilerThread0    89837 6360   !   4       com.sun.beans.TypeResolver::resolve (261 bytes)

VM state:not at safepoint (normal execution)

VM Mutex/Monitor currently owned by a thread: None

Heap address: 0x0000000080000000, size: 2048 MB, Compressed Oops mode: 32-bit
Narrow klass base: 0x0000000800000000, Narrow klass shift: 3
Compressed class space size: 1073741824 Address: 0x0000000800b40000

Heap:
 garbage-first heap   total 119808K, used 81474K [0x0000000080000000, 0x0000000100000000)
  region size 1024K, 20 young (20480K), 3 survivors (3072K)
 Metaspace       used 55656K, capacity 57232K, committed 57472K, reserved 1099776K
  class space    used 7188K, capacity 7699K, committed 7808K, reserved 1048576K
Heap Regions: E=young(eden), S=young(survivor), O=old, HS=humongous(starts), HC=humongous(continues), CS=collection set, F=free, A=archive, TAMS=top-at-mark-start (previous, next)
|   0|0x0000000080000000, 0x0000000080100000, 0x0000000080100000|100%|HS|  |TAMS 0x0000000080100000, 0x0000000080000000| Complete 
|   1|0x0000000080100000, 0x0000000080200000, 0x0000000080200000|100%|HC|  |TAMS 0x0000000080200000, 0x0000000080100000| Complete 
|   2|0x0000000080200000, 0x0000000080300000, 0x0000000080300000|100%|HC|  |TAMS 0x0000000080300000, 0x0000000080200000| Complete 
|   3|0x0000000080300000, 0x0000000080400000, 0x0000000080400000|100%| O|  |TAMS 0x0000000080400000, 0x0000000080300000| Untracked 
|   4|0x0000000080400000, 0x0000000080500000, 0x0000000080500000|100%| O|  |TAMS 0x0000000080500000, 0x0000000080400000| Untracked 
|   5|0x0000000080500000, 0x0000000080600000, 0x0000000080600000|100%| O|  |TAMS 0x0000000080600000, 0x0000000080500000| Untracked 
|   6|0x0000000080600000, 0x0000000080700000, 0x0000000080700000|100%| O|  |TAMS 0x0000000080700000, 0x0000000080600000| Untracked 
|   7|0x0000000080700000, 0x0000000080800000, 0x0000000080800000|100%| O|  |TAMS 0x0000000080800000, 0x0000000080700000| Untracked 
|   8|0x0000000080800000, 0x0000000080900000, 0x0000000080900000|100%| O|  |TAMS 0x0000000080900000, 0x0000000080800000| Untracked 
|   9|0x0000000080900000, 0x0000000080a00000, 0x0000000080a00000|100%| O|  |TAMS 0x0000000080a00000, 0x0000000080900000| Untracked 
|  10|0x0000000080a00000, 0x0000000080b00000, 0x0000000080b00000|100%| O|  |TAMS 0x0000000080b00000, 0x0000000080a00000| Untracked 
|  11|0x0000000080b00000, 0x0000000080c00000, 0x0000000080c00000|100%| O|  |TAMS 0x0000000080c00000, 0x0000000080b00000| Untracked 
|  12|0x0000000080c00000, 0x0000000080d00000, 0x0000000080d00000|100%| O|  |TAMS 0x0000000080d00000, 0x0000000080c00000| Untracked 
|  13|0x0000000080d00000, 0x0000000080e00000, 0x0000000080e00000|100%| O|  |TAMS 0x0000000080e00000, 0x0000000080d00000| Untracked 
|  14|0x0000000080e00000, 0x0000000080f00000, 0x0000000080f00000|100%| O|  |TAMS 0x0000000080f00000, 0x0000000080e00000| Untracked 
|  15|0x0000000080f00000, 0x0000000081000000, 0x0000000081000000|100%| O|  |TAMS 0x0000000081000000, 0x0000000080f00000| Untracked 
|  16|0x0000000081000000, 0x0000000081100000, 0x0000000081100000|100%| O|  |TAMS 0x0000000081100000, 0x0000000081000000| Untracked 
|  17|0x0000000081100000, 0x0000000081200000, 0x0000000081200000|100%|HS|  |TAMS 0x0000000081200000, 0x0000000081100000| Complete 
|  18|0x0000000081200000, 0x0000000081300000, 0x0000000081300000|100%|HC|  |TAMS 0x0000000081300000, 0x0000000081200000| Complete 
|  19|0x0000000081300000, 0x0000000081400000, 0x0000000081400000|100%|HS|  |TAMS 0x0000000081400000, 0x0000000081300000| Complete 
|  20|0x0000000081400000, 0x0000000081500000, 0x0000000081500000|100%|HC|  |TAMS 0x0000000081500000, 0x0000000081400000| Complete 
|  21|0x0000000081500000, 0x0000000081600000, 0x0000000081600000|100%|HC|  |TAMS 0x0000000081600000, 0x0000000081500000| Complete 
|  22|0x0000000081600000, 0x0000000081700000, 0x0000000081700000|100%|HS|  |TAMS 0x0000000081700000, 0x0000000081600000| Complete 
|  23|0x0000000081700000, 0x0000000081800000, 0x0000000081800000|100%|HC|  |TAMS 0x0000000081800000, 0x0000000081700000| Complete 
|  24|0x0000000081800000, 0x0000000081900000, 0x0000000081900000|100%|HC|  |TAMS 0x0000000081900000, 0x0000000081800000| Complete 
|  25|0x0000000081900000, 0x0000000081a00000, 0x0000000081a00000|100%|HC|  |TAMS 0x0000000081a00000, 0x0000000081900000| Complete 
|  26|0x0000000081a00000, 0x0000000081b00000, 0x0000000081b00000|100%|HS|  |TAMS 0x0000000081b00000, 0x0000000081a00000| Complete 
|  27|0x0000000081b00000, 0x0000000081c00000, 0x0000000081c00000|100%|HC|  |TAMS 0x0000000081c00000, 0x0000000081b00000| Complete 
|  28|0x0000000081c00000, 0x0000000081d00000, 0x0000000081d00000|100%|HC|  |TAMS 0x0000000081d00000, 0x0000000081c00000| Complete 
|  29|0x0000000081d00000, 0x0000000081e00000, 0x0000000081e00000|100%|HC|  |TAMS 0x0000000081e00000, 0x0000000081d00000| Complete 
|  30|0x0000000081e00000, 0x0000000081f00000, 0x0000000081f00000|100%| O|  |TAMS 0x0000000081f00000, 0x0000000081e00000| Untracked 
|  31|0x0000000081f00000, 0x0000000082000000, 0x0000000082000000|100%| O|  |TAMS 0x0000000082000000, 0x0000000081f00000| Untracked 
|  32|0x0000000082000000, 0x0000000082100000, 0x0000000082100000|100%| O|  |TAMS 0x0000000082100000, 0x0000000082000000| Untracked 
|  33|0x0000000082100000, 0x0000000082200000, 0x0000000082200000|100%| O|  |TAMS 0x0000000082200000, 0x0000000082100000| Untracked 
|  34|0x0000000082200000, 0x0000000082300000, 0x0000000082300000|100%| O|  |TAMS 0x0000000082300000, 0x0000000082200000| Untracked 
|  35|0x0000000082300000, 0x0000000082400000, 0x0000000082400000|100%| O|  |TAMS 0x0000000082400000, 0x0000000082300000| Untracked 
|  36|0x0000000082400000, 0x0000000082500000, 0x0000000082500000|100%| O|  |TAMS 0x0000000082500000, 0x0000000082400000| Untracked 
|  37|0x0000000082500000, 0x0000000082600000, 0x0000000082600000|100%| O|  |TAMS 0x0000000082600000, 0x0000000082500000| Untracked 
|  38|0x0000000082600000, 0x0000000082700000, 0x0000000082700000|100%| O|  |TAMS 0x0000000082700000, 0x0000000082600000| Untracked 
|  39|0x0000000082700000, 0x0000000082800000, 0x0000000082800000|100%| O|  |TAMS 0x0000000082800000, 0x0000000082700000| Untracked 
|  40|0x0000000082800000, 0x0000000082900000, 0x0000000082900000|100%| O|  |TAMS 0x0000000082900000, 0x0000000082800000| Untracked 
|  41|0x0000000082900000, 0x0000000082a00000, 0x0000000082a00000|100%| O|  |TAMS 0x0000000082a00000, 0x0000000082900000| Untracked 
|  42|0x0000000082a00000, 0x0000000082b00000, 0x0000000082b00000|100%| O|  |TAMS 0x0000000082b00000, 0x0000000082a00000| Untracked 
|  43|0x0000000082b00000, 0x0000000082c00000, 0x0000000082c00000|100%| O|  |TAMS 0x0000000082c00000, 0x0000000082b00000| Untracked 
|  44|0x0000000082c00000, 0x0000000082d00000, 0x0000000082d00000|100%| O|  |TAMS 0x0000000082d00000, 0x0000000082c00000| Untracked 
|  45|0x0000000082d00000, 0x0000000082e00000, 0x0000000082e00000|100%| O|  |TAMS 0x0000000082e00000, 0x0000000082d00000| Untracked 
|  46|0x0000000082e00000, 0x0000000082f00000, 0x0000000082f00000|100%| O|  |TAMS 0x0000000082f00000, 0x0000000082e00000| Untracked 
|  47|0x0000000082f00000, 0x0000000083000000, 0x0000000083000000|100%|HS|  |TAMS 0x0000000083000000, 0x0000000082f00000| Complete 
|  48|0x0000000083000000, 0x0000000083100000, 0x0000000083100000|100%|HC|  |TAMS 0x0000000083100000, 0x0000000083000000| Complete 
|  49|0x0000000083100000, 0x0000000083200000, 0x0000000083200000|100%|HC|  |TAMS 0x0000000083200000, 0x0000000083100000| Complete 
|  50|0x0000000083200000, 0x0000000083300000, 0x0000000083300000|100%| O|  |TAMS 0x0000000083300000, 0x0000000083200000| Untracked 
|  51|0x0000000083300000, 0x0000000083400000, 0x0000000083400000|100%|HS|  |TAMS 0x0000000083400000, 0x0000000083300000| Complete 
|  52|0x0000000083400000, 0x0000000083500000, 0x0000000083500000|100%|HC|  |TAMS 0x0000000083500000, 0x0000000083400000| Complete 
|  53|0x0000000083500000, 0x0000000083600000, 0x0000000083600000|100%| O|  |TAMS 0x0000000083600000, 0x0000000083500000| Untracked 
|  54|0x0000000083600000, 0x0000000083700000, 0x0000000083700000|100%| O|  |TAMS 0x0000000083700000, 0x0000000083600000| Untracked 
|  55|0x0000000083700000, 0x0000000083800000, 0x0000000083800000|100%| O|  |TAMS 0x0000000083800000, 0x0000000083700000| Untracked 
|  56|0x0000000083800000, 0x0000000083900000, 0x0000000083900000|100%| O|  |TAMS 0x0000000083900000, 0x0000000083800000| Untracked 
|  57|0x0000000083900000, 0x0000000083a00000, 0x0000000083a00000|100%| O|  |TAMS 0x0000000083a00000, 0x0000000083900000| Untracked 
|  58|0x0000000083a00000, 0x0000000083b00000, 0x0000000083b00000|100%| O|  |TAMS 0x0000000083a3fe00, 0x0000000083a00000| Untracked 
|  59|0x0000000083b00000, 0x0000000083c00000, 0x0000000083c00000|100%| O|  |TAMS 0x0000000083b00000, 0x0000000083b00000| Untracked 
|  60|0x0000000083c00000, 0x0000000083c00000, 0x0000000083d00000|  0%| F|  |TAMS 0x0000000083c00000, 0x0000000083c00000| Untracked 
|  61|0x0000000083d00000, 0x0000000083e00000, 0x0000000083e00000|100%| O|  |TAMS 0x0000000083d00000, 0x0000000083d00000| Untracked 
|  62|0x0000000083e00000, 0x0000000083e4b600, 0x0000000083f00000| 29%| O|  |TAMS 0x0000000083e00000, 0x0000000083e00000| Untracked 
|  63|0x0000000083f00000, 0x0000000083f00000, 0x0000000084000000|  0%| F|  |TAMS 0x0000000083f00000, 0x0000000083f00000| Untracked 
|  64|0x0000000084000000, 0x0000000084000000, 0x0000000084100000|  0%| F|  |TAMS 0x0000000084000000, 0x0000000084000000| Untracked 
|  65|0x0000000084100000, 0x0000000084100000, 0x0000000084200000|  0%| F|  |TAMS 0x0000000084100000, 0x0000000084100000| Untracked 
|  66|0x0000000084200000, 0x0000000084200000, 0x0000000084300000|  0%| F|  |TAMS 0x0000000084200000, 0x0000000084200000| Untracked 
|  67|0x0000000084300000, 0x0000000084300000, 0x0000000084400000|  0%| F|  |TAMS 0x0000000084300000, 0x0000000084300000| Untracked 
|  68|0x0000000084400000, 0x0000000084400000, 0x0000000084500000|  0%| F|  |TAMS 0x0000000084400000, 0x0000000084400000| Untracked 
|  69|0x0000000084500000, 0x0000000084500000, 0x0000000084600000|  0%| F|  |TAMS 0x0000000084500000, 0x0000000084500000| Untracked 
|  70|0x0000000084600000, 0x0000000084600000, 0x0000000084700000|  0%| F|  |TAMS 0x0000000084600000, 0x0000000084600000| Untracked 
|  71|0x0000000084700000, 0x0000000084700000, 0x0000000084800000|  0%| F|  |TAMS 0x0000000084700000, 0x0000000084700000| Untracked 
|  72|0x0000000084800000, 0x0000000084800000, 0x0000000084900000|  0%| F|  |TAMS 0x0000000084800000, 0x0000000084800000| Untracked 
|  73|0x0000000084900000, 0x0000000084900000, 0x0000000084a00000|  0%| F|  |TAMS 0x0000000084900000, 0x0000000084900000| Untracked 
|  74|0x0000000084a00000, 0x0000000084a00000, 0x0000000084b00000|  0%| F|  |TAMS 0x0000000084a00000, 0x0000000084a00000| Untracked 
|  75|0x0000000084b00000, 0x0000000084b00000, 0x0000000084c00000|  0%| F|  |TAMS 0x0000000084b00000, 0x0000000084b00000| Untracked 
|  76|0x0000000084c00000, 0x0000000084c00000, 0x0000000084d00000|  0%| F|  |TAMS 0x0000000084c00000, 0x0000000084c00000| Untracked 
|  77|0x0000000084d00000, 0x0000000084d00000, 0x0000000084e00000|  0%| F|  |TAMS 0x0000000084d00000, 0x0000000084d00000| Untracked 
|  78|0x0000000084e00000, 0x0000000084e00000, 0x0000000084f00000|  0%| F|  |TAMS 0x0000000084e00000, 0x0000000084e00000| Untracked 
|  79|0x0000000084f00000, 0x0000000084f00000, 0x0000000085000000|  0%| F|  |TAMS 0x0000000084f00000, 0x0000000084f00000| Untracked 
|  80|0x0000000085000000, 0x0000000085000000, 0x0000000085100000|  0%| F|  |TAMS 0x0000000085000000, 0x0000000085000000| Untracked 
|  81|0x0000000085100000, 0x0000000085100000, 0x0000000085200000|  0%| F|  |TAMS 0x0000000085100000, 0x0000000085100000| Untracked 
|  82|0x0000000085200000, 0x0000000085200000, 0x0000000085300000|  0%| F|  |TAMS 0x0000000085200000, 0x0000000085200000| Untracked 
|  83|0x0000000085300000, 0x0000000085300000, 0x0000000085400000|  0%| F|  |TAMS 0x0000000085300000, 0x0000000085300000| Untracked 
|  84|0x0000000085400000, 0x0000000085400000, 0x0000000085500000|  0%| F|  |TAMS 0x0000000085400000, 0x0000000085400000| Untracked 
|  85|0x0000000085500000, 0x0000000085500000, 0x0000000085600000|  0%| F|  |TAMS 0x0000000085500000, 0x0000000085500000| Untracked 
|  86|0x0000000085600000, 0x0000000085600000, 0x0000000085700000|  0%| F|  |TAMS 0x0000000085600000, 0x0000000085600000| Untracked 
|  87|0x0000000085700000, 0x0000000085700000, 0x0000000085800000|  0%| F|  |TAMS 0x0000000085700000, 0x0000000085700000| Untracked 
|  88|0x0000000085800000, 0x0000000085800000, 0x0000000085900000|  0%| F|  |TAMS 0x0000000085800000, 0x0000000085800000| Untracked 
|  89|0x0000000085900000, 0x00000000859453c8, 0x0000000085a00000| 27%| S|CS|TAMS 0x0000000085900000, 0x0000000085900000| Complete 
|  90|0x0000000085a00000, 0x0000000085b00000, 0x0000000085b00000|100%| S|CS|TAMS 0x0000000085a00000, 0x0000000085a00000| Complete 
|  91|0x0000000085b00000, 0x0000000085c00000, 0x0000000085c00000|100%| S|CS|TAMS 0x0000000085b00000, 0x0000000085b00000| Complete 
|  92|0x0000000085c00000, 0x0000000085c00000, 0x0000000085d00000|  0%| F|  |TAMS 0x0000000085c00000, 0x0000000085c00000| Untracked 
|  93|0x0000000085d00000, 0x0000000085d00000, 0x0000000085e00000|  0%| F|  |TAMS 0x0000000085d00000, 0x0000000085d00000| Untracked 
|  94|0x0000000085e00000, 0x0000000085e00000, 0x0000000085f00000|  0%| F|  |TAMS 0x0000000085e00000, 0x0000000085e00000| Untracked 
|  95|0x0000000085f00000, 0x0000000085f00000, 0x0000000086000000|  0%| F|  |TAMS 0x0000000085f00000, 0x0000000085f00000| Untracked 
|  96|0x0000000086000000, 0x0000000086000000, 0x0000000086100000|  0%| F|  |TAMS 0x0000000086000000, 0x0000000086000000| Untracked 
|  97|0x0000000086100000, 0x0000000086100000, 0x0000000086200000|  0%| F|  |TAMS 0x0000000086100000, 0x0000000086100000| Untracked 
|  98|0x0000000086200000, 0x0000000086200000, 0x0000000086300000|  0%| F|  |TAMS 0x0000000086200000, 0x0000000086200000| Untracked 
|  99|0x0000000086300000, 0x0000000086372750, 0x0000000086400000| 44%| E|  |TAMS 0x0000000086300000, 0x0000000086300000| Complete 
| 100|0x0000000086400000, 0x0000000086500000, 0x0000000086500000|100%| E|CS|TAMS 0x0000000086400000, 0x0000000086400000| Complete 
| 101|0x0000000086500000, 0x0000000086600000, 0x0000000086600000|100%| E|CS|TAMS 0x0000000086500000, 0x0000000086500000| Complete 
| 102|0x0000000086600000, 0x0000000086700000, 0x0000000086700000|100%| E|CS|TAMS 0x0000000086600000, 0x0000000086600000| Complete 
| 103|0x0000000086700000, 0x0000000086800000, 0x0000000086800000|100%| E|CS|TAMS 0x0000000086700000, 0x0000000086700000| Complete 
| 104|0x0000000086800000, 0x0000000086900000, 0x0000000086900000|100%| E|CS|TAMS 0x0000000086800000, 0x0000000086800000| Complete 
| 105|0x0000000086900000, 0x0000000086a00000, 0x0000000086a00000|100%| E|CS|TAMS 0x0000000086900000, 0x0000000086900000| Complete 
| 106|0x0000000086a00000, 0x0000000086b00000, 0x0000000086b00000|100%| E|CS|TAMS 0x0000000086a00000, 0x0000000086a00000| Complete 
| 107|0x0000000086b00000, 0x0000000086c00000, 0x0000000086c00000|100%| E|CS|TAMS 0x0000000086b00000, 0x0000000086b00000| Complete 
| 108|0x0000000086c00000, 0x0000000086d00000, 0x0000000086d00000|100%| E|CS|TAMS 0x0000000086c00000, 0x0000000086c00000| Complete 
| 109|0x0000000086d00000, 0x0000000086e00000, 0x0000000086e00000|100%| E|CS|TAMS 0x0000000086d00000, 0x0000000086d00000| Complete 
| 110|0x0000000086e00000, 0x0000000086f00000, 0x0000000086f00000|100%| E|CS|TAMS 0x0000000086e00000, 0x0000000086e00000| Complete 
| 111|0x0000000086f00000, 0x0000000087000000, 0x0000000087000000|100%| E|CS|TAMS 0x0000000086f00000, 0x0000000086f00000| Complete 
| 112|0x0000000087000000, 0x0000000087100000, 0x0000000087100000|100%| E|CS|TAMS 0x0000000087000000, 0x0000000087000000| Complete 
| 113|0x0000000087100000, 0x0000000087200000, 0x0000000087200000|100%| E|CS|TAMS 0x0000000087100000, 0x0000000087100000| Complete 
| 114|0x0000000087200000, 0x0000000087300000, 0x0000000087300000|100%| E|CS|TAMS 0x0000000087200000, 0x0000000087200000| Complete 
| 115|0x0000000087300000, 0x0000000087400000, 0x0000000087400000|100%| E|CS|TAMS 0x0000000087300000, 0x0000000087300000| Complete 
| 116|0x0000000087400000, 0x0000000087500000, 0x0000000087500000|100%| E|CS|TAMS 0x0000000087400000, 0x0000000087400000| Complete 

Card table byte_map: [0x00000236b5b80000,0x00000236b5f80000] _byte_map_base: 0x00000236b5780000

Marking Bits (Prev, Next): (CMBitMap*) 0x000002369e2c39c8, (CMBitMap*) 0x000002369e2c3a08
 Prev Bits: [0x00000236b6380000, 0x00000236b8380000)
 Next Bits: [0x00000236b8380000, 0x00000236ba380000)

Polling page: 0x000002369c070000

Metaspace:

Usage:
  Non-class:     48.37 MB capacity,    47.33 MB ( 98%) used,   942.30 KB (  2%) free+waste,   122.63 KB ( <1%) overhead. 
      Class:      7.52 MB capacity,     7.02 MB ( 93%) used,   451.32 KB (  6%) free+waste,    59.13 KB ( <1%) overhead. 
       Both:     55.89 MB capacity,    54.35 MB ( 97%) used,     1.36 MB (  2%) free+waste,   181.75 KB ( <1%) overhead. 

Virtual space:
  Non-class space:       50.00 MB reserved,      48.50 MB ( 97%) committed 
      Class space:        1.00 GB reserved,       7.63 MB ( <1%) committed 
             Both:        1.05 GB reserved,      56.13 MB (  5%) committed 

Chunk freelists:
   Non-Class:  3.00 KB
       Class:  13.00 KB
        Both:  16.00 KB

MaxMetaspaceSize: 17179869184.00 GB
CompressedClassSpaceSize: 1.00 GB

CodeHeap 'non-profiled nmethods': size=120064Kb used=3709Kb max_used=3709Kb free=116354Kb
 bounds [0x00000236ae240000, 0x00000236ae5e0000, 0x00000236b5780000]
CodeHeap 'profiled nmethods': size=120000Kb used=14162Kb max_used=14162Kb free=105838Kb
 bounds [0x00000236a6d10000, 0x00000236a7af0000, 0x00000236ae240000]
CodeHeap 'non-nmethods': size=5696Kb used=2370Kb max_used=2399Kb free=3325Kb
 bounds [0x00000236a6780000, 0x00000236a69f0000, 0x00000236a6d10000]
 total_blobs=9157 nmethods=6004 adapters=763
 compilation: enabled
              stopped_count=0, restarted_count=0
 full_count=0

Compilation events (20 events):
Event: 89.586 Thread 0x00000236bc505000 6377       3       java.util.Arrays::stream (8 bytes)
Event: 89.587 Thread 0x00000236bc505000 nmethod 6377 0x00000236a7accc90 code [0x00000236a7accec0, 0x00000236a7acd650]
Event: 89.587 Thread 0x00000236bc505000 6378       3       java.util.Arrays::stream (11 bytes)
Event: 89.588 Thread 0x00000236bc505000 nmethod 6378 0x00000236a7acd990 code [0x00000236a7acdbc0, 0x00000236a7ace2f0]
Event: 89.588 Thread 0x00000236bc505000 6379       3       java.util.Arrays::spliterator (10 bytes)
Event: 89.589 Thread 0x00000236bc505000 nmethod 6379 0x00000236a7ace610 code [0x00000236a7ace800, 0x00000236a7acec30]
Event: 89.597 Thread 0x00000236bc505000 6380       3       java.beans.Introspector::getTargetMethodInfo (250 bytes)
Event: 89.600 Thread 0x00000236bc505000 nmethod 6380 0x00000236a7acee10 code [0x00000236a7acf1c0, 0x00000236a7ad0b00]
Event: 89.611 Thread 0x00000236bc505000 6381   !   3       com.sun.beans.introspect.MethodInfo::get (143 bytes)
Event: 89.614 Thread 0x00000236bc505000 nmethod 6381 0x00000236a7ad1290 code [0x00000236a7ad1600, 0x00000236a7ad2e10]
Event: 89.627 Thread 0x00000236bc505000 6382       3       org.codehaus.groovy.reflection.CachedClass$8::initValue (127 bytes)
Event: 89.630 Thread 0x00000236bc505000 nmethod 6382 0x00000236a7ad3610 code [0x00000236a7ad3960, 0x00000236a7ad5240]
Event: 89.631 Thread 0x00000236bc505000 6383       3       org.codehaus.groovy.reflection.CachedClass$4::initValue (63 bytes)
Event: 89.633 Thread 0x00000236bc505000 nmethod 6383 0x00000236a7ad5990 code [0x00000236a7ad5be0, 0x00000236a7ad65f0]
Event: 89.674 Thread 0x00000236bc505000 6385       3       com.sun.beans.introspect.PropertyInfo::get (499 bytes)
Event: 89.693 Thread 0x00000236bc505000 nmethod 6385 0x00000236a7ad6910 code [0x00000236a7ad75e0, 0x00000236a7ae0a90]
Event: 89.709 Thread 0x00000236bc505000 6386       3       groovy.lang.MetaClassImpl::filterPropertyMethod (305 bytes)
Event: 89.712 Thread 0x00000236bc505000 nmethod 6386 0x00000236a7ae3590 code [0x00000236a7ae38c0, 0x00000236a7ae5490]
Event: 89.713 Thread 0x00000236bc505000 6387       1       groovy.lang.MetaClassImpl::getTheClass (5 bytes)
Event: 89.713 Thread 0x00000236bc505000 nmethod 6387 0x00000236ae5df110 code [0x00000236ae5df2a0, 0x00000236ae5df3d8]

GC Heap History (20 events):
Event: 68.457 GC heap before
{Heap before GC invocations=27 (full 0):
 garbage-first heap   total 81920K, used 65187K [0x0000000080000000, 0x0000000100000000)
  region size 1024K, 19 young (19456K), 2 survivors (2048K)
 Metaspace       used 40351K, capacity 41608K, committed 41856K, reserved 1085440K
  class space    used 5361K, capacity 5756K, committed 5760K, reserved 1048576K
}
Event: 68.474 GC heap after
{Heap after GC invocations=28 (full 0):
 garbage-first heap   total 81920K, used 48752K [0x0000000080000000, 0x0000000100000000)
  region size 1024K, 3 young (3072K), 3 survivors (3072K)
 Metaspace       used 40351K, capacity 41608K, committed 41856K, reserved 1085440K
  class space    used 5361K, capacity 5756K, committed 5760K, reserved 1048576K
}
Event: 69.160 GC heap before
{Heap before GC invocations=28 (full 0):
 garbage-first heap   total 81920K, used 53872K [0x0000000080000000, 0x0000000100000000)
  region size 1024K, 9 young (9216K), 3 survivors (3072K)
 Metaspace       used 40466K, capacity 41677K, committed 41856K, reserved 1085440K
  class space    used 5361K, capacity 5756K, committed 5760K, reserved 1048576K
}
Event: 69.172 GC heap after
{Heap after GC invocations=29 (full 0):
 garbage-first heap   total 81920K, used 50190K [0x0000000080000000, 0x0000000100000000)
  region size 1024K, 3 young (3072K), 3 survivors (3072K)
 Metaspace       used 40466K, capacity 41677K, committed 41856K, reserved 1085440K
  class space    used 5361K, capacity 5756K, committed 5760K, reserved 1048576K
}
Event: 69.392 GC heap before
{Heap before GC invocations=30 (full 0):
 garbage-first heap   total 92160K, used 54286K [0x0000000080000000, 0x0000000100000000)
  region size 1024K, 6 young (6144K), 3 survivors (3072K)
 Metaspace       used 40467K, capacity 41677K, committed 41856K, reserved 1085440K
  class space    used 5361K, capacity 5756K, committed 5760K, reserved 1048576K
}
Event: 69.400 GC heap after
{Heap after GC invocations=31 (full 0):
 garbage-first heap   total 92160K, used 53590K [0x0000000080000000, 0x0000000100000000)
  region size 1024K, 2 young (2048K), 2 survivors (2048K)
 Metaspace       used 40467K, capacity 41677K, committed 41856K, reserved 1085440K
  class space    used 5361K, capacity 5756K, committed 5760K, reserved 1048576K
}
Event: 72.802 GC heap before
{Heap before GC invocations=32 (full 0):
 garbage-first heap   total 96256K, used 72022K [0x0000000080000000, 0x0000000100000000)
  region size 1024K, 18 young (18432K), 2 survivors (2048K)
 Metaspace       used 41391K, capacity 42723K, committed 42880K, reserved 1085440K
  class space    used 5487K, capacity 5911K, committed 6016K, reserved 1048576K
}
Event: 72.812 GC heap after
{Heap after GC invocations=33 (full 0):
 garbage-first heap   total 96256K, used 58557K [0x0000000080000000, 0x0000000100000000)
  region size 1024K, 3 young (3072K), 3 survivors (3072K)
 Metaspace       used 41391K, capacity 42723K, committed 42880K, reserved 1085440K
  class space    used 5487K, capacity 5911K, committed 6016K, reserved 1048576K
}
Event: 74.246 GC heap before
{Heap before GC invocations=33 (full 0):
 garbage-first heap   total 96256K, used 73917K [0x0000000080000000, 0x0000000100000000)
  region size 1024K, 18 young (18432K), 3 survivors (3072K)
 Metaspace       used 44380K, capacity 45747K, committed 46080K, reserved 1089536K
  class space    used 5872K, capacity 6302K, committed 6400K, reserved 1048576K
}
Event: 74.258 GC heap after
{Heap after GC invocations=34 (full 0):
 garbage-first heap   total 96256K, used 59314K [0x0000000080000000, 0x0000000100000000)
  region size 1024K, 1 young (1024K), 1 survivors (1024K)
 Metaspace       used 44380K, capacity 45747K, committed 46080K, reserved 1089536K
  class space    used 5872K, capacity 6302K, committed 6400K, reserved 1048576K
}
Event: 75.852 GC heap before
{Heap before GC invocations=35 (full 0):
 garbage-first heap   total 104448K, used 74674K [0x0000000080000000, 0x0000000100000000)
  region size 1024K, 16 young (16384K), 1 survivors (1024K)
 Metaspace       used 46836K, capacity 48224K, committed 48384K, reserved 1091584K
  class space    used 6114K, capacity 6532K, committed 6656K, reserved 1048576K
}
Event: 75.861 GC heap after
{Heap after GC invocations=36 (full 0):
 garbage-first heap   total 104448K, used 59791K [0x0000000080000000, 0x0000000100000000)
  region size 1024K, 2 young (2048K), 2 survivors (2048K)
 Metaspace       used 46836K, capacity 48224K, committed 48384K, reserved 1091584K
  class space    used 6114K, capacity 6532K, committed 6656K, reserved 1048576K
}
Event: 81.018 GC heap before
{Heap before GC invocations=36 (full 0):
 garbage-first heap   total 104448K, used 77199K [0x0000000080000000, 0x0000000100000000)
  region size 1024K, 20 young (20480K), 2 survivors (2048K)
 Metaspace       used 49791K, capacity 51241K, committed 51328K, reserved 1093632K
  class space    used 6499K, capacity 6964K, committed 7040K, reserved 1048576K
}
Event: 81.038 GC heap after
{Heap after GC invocations=37 (full 0):
 garbage-first heap   total 104448K, used 61156K [0x0000000080000000, 0x0000000100000000)
  region size 1024K, 3 young (3072K), 3 survivors (3072K)
 Metaspace       used 49791K, capacity 51241K, committed 51328K, reserved 1093632K
  class space    used 6499K, capacity 6964K, committed 7040K, reserved 1048576K
}
Event: 82.610 GC heap before
{Heap before GC invocations=38 (full 0):
 garbage-first heap   total 119808K, used 78564K [0x0000000080000000, 0x0000000100000000)
  region size 1024K, 21 young (21504K), 3 survivors (3072K)
 Metaspace       used 50644K, capacity 52035K, committed 52224K, reserved 1093632K
  class space    used 6610K, capacity 7056K, committed 7168K, reserved 1048576K
}
Event: 82.632 GC heap after
{Heap after GC invocations=39 (full 0):
 garbage-first heap   total 119808K, used 62592K [0x0000000080000000, 0x0000000100000000)
  region size 1024K, 3 young (3072K), 3 survivors (3072K)
 Metaspace       used 50644K, capacity 52035K, committed 52224K, reserved 1093632K
  class space    used 6610K, capacity 7056K, committed 7168K, reserved 1048576K
}
Event: 84.581 GC heap before
{Heap before GC invocations=39 (full 0):
 garbage-first heap   total 119808K, used 73856K [0x0000000080000000, 0x0000000100000000)
  region size 1024K, 16 young (16384K), 3 survivors (3072K)
 Metaspace       used 51947K, capacity 53401K, committed 53632K, reserved 1095680K
  class space    used 6780K, capacity 7251K, committed 7296K, reserved 1048576K
}
Event: 84.596 GC heap after
{Heap after GC invocations=40 (full 0):
 garbage-first heap   total 119808K, used 63843K [0x0000000080000000, 0x0000000100000000)
  region size 1024K, 3 young (3072K), 3 survivors (3072K)
 Metaspace       used 51947K, capacity 53401K, committed 53632K, reserved 1095680K
  class space    used 6780K, capacity 7251K, committed 7296K, reserved 1048576K
}
Event: 87.731 GC heap before
{Heap before GC invocations=41 (full 0):
 garbage-first heap   total 119808K, used 87395K [0x0000000080000000, 0x0000000100000000)
  region size 1024K, 25 young (25600K), 3 survivors (3072K)
 Metaspace       used 55294K, capacity 56892K, committed 57088K, reserved 1099776K
  class space    used 7133K, capacity 7627K, committed 7680K, reserved 1048576K
}
Event: 87.749 GC heap after
{Heap after GC invocations=42 (full 0):
 garbage-first heap   total 119808K, used 65090K [0x0000000080000000, 0x0000000100000000)
  region size 1024K, 3 young (3072K), 3 survivors (3072K)
 Metaspace       used 55294K, capacity 56892K, committed 57088K, reserved 1099776K
  class space    used 7133K, capacity 7627K, committed 7680K, reserved 1048576K
}

Deoptimization events (20 events):
Event: 87.595 Thread 0x00000236bda7a800 DEOPT PACKING pc=0x00000236ae472a00 sp=0x000000e7b5df83a0
Event: 87.595 Thread 0x00000236bda7a800 DEOPT UNPACKING pc=0x00000236a67c942f sp=0x000000e7b5df8318 mode 2
Event: 87.678 Thread 0x00000236bda7a800 Uncommon trap: trap_request=0xffffffde fr.pc=0x00000236ae3bcb48 relative=0x0000000000000968
Event: 87.678 Thread 0x00000236bda7a800 Uncommon trap: reason=class_check action=maybe_recompile pc=0x00000236ae3bcb48 method=java.util.WeakHashMap.eq(Ljava/lang/Object;Ljava/lang/Object;)Z @ 7 c2
Event: 87.678 Thread 0x00000236bda7a800 DEOPT PACKING pc=0x00000236ae3bcb48 sp=0x000000e7b5df8f60
Event: 87.678 Thread 0x00000236bda7a800 DEOPT UNPACKING pc=0x00000236a67c942f sp=0x000000e7b5df8ed0 mode 2
Event: 87.698 Thread 0x00000236bda7a800 DEOPT PACKING pc=0x00000236a6f2c3e9 sp=0x000000e7b5df92b0
Event: 87.698 Thread 0x00000236bda7a800 DEOPT UNPACKING pc=0x00000236a67c994e sp=0x000000e7b5df8790 mode 0
Event: 88.409 Thread 0x00000236bda7a800 Uncommon trap: trap_request=0xffffff45 fr.pc=0x00000236ae5cc560 relative=0x0000000000000340
Event: 88.409 Thread 0x00000236bda7a800 Uncommon trap: reason=unstable_if action=reinterpret pc=0x00000236ae5cc560 method=java.util.StringJoiner.add(Ljava/lang/CharSequence;)Ljava/util/StringJoiner; @ 33 c2
Event: 88.409 Thread 0x00000236bda7a800 DEOPT PACKING pc=0x00000236ae5cc560 sp=0x000000e7b5df7fa0
Event: 88.409 Thread 0x00000236bda7a800 DEOPT UNPACKING pc=0x00000236a67c942f sp=0x000000e7b5df7f50 mode 2
Event: 89.499 Thread 0x00000236bda7a800 Uncommon trap: trap_request=0xffffff45 fr.pc=0x00000236ae310f54 relative=0x0000000000000db4
Event: 89.499 Thread 0x00000236bda7a800 Uncommon trap: reason=unstable_if action=reinterpret pc=0x00000236ae310f54 method=org.codehaus.groovy.reflection.CachedMethod.compareToMethod(Ljava/lang/reflect/Method;)I @ 43 c2
Event: 89.499 Thread 0x00000236bda7a800 DEOPT PACKING pc=0x00000236ae310f54 sp=0x000000e7b5df6b10
Event: 89.499 Thread 0x00000236bda7a800 DEOPT UNPACKING pc=0x00000236a67c942f sp=0x000000e7b5df6a50 mode 2
Event: 89.709 Thread 0x00000236bda7a800 Uncommon trap: trap_request=0xffffff45 fr.pc=0x00000236ae5cb0e4 relative=0x0000000000000704
Event: 89.709 Thread 0x00000236bda7a800 Uncommon trap: reason=unstable_if action=reinterpret pc=0x00000236ae5cb0e4 method=groovy.lang.MetaClassImpl.filterPropertyMethod(Ljava/lang/Object;ZZ)Ljava/lang/Object; @ 72 c2
Event: 89.709 Thread 0x00000236bda7a800 DEOPT PACKING pc=0x00000236ae5cb0e4 sp=0x000000e7b5df5410
Event: 89.709 Thread 0x00000236bda7a800 DEOPT UNPACKING pc=0x00000236a67c942f sp=0x000000e7b5df5370 mode 2

Classes unloaded (8 events):
Event: 65.423 Thread 0x000002369e34b800 Unloading class 0x0000000800fca840 '_BuildScript_'
Event: 74.366 Thread 0x000002369e34b800 Unloading class 0x00000008010d5840 'org/gradle/internal/resource/cached/AbstractCachedIndex$$Lambda$348'
Event: 74.367 Thread 0x000002369e34b800 Unloading class 0x00000008010d6840 'org/gradle/api/internal/artifacts/ivyservice/ivyresolve/ErrorHandlingModuleComponentRepository$ErrorHandlingModuleComponentRepositoryAccess$$Lambda$344'
Event: 74.367 Thread 0x000002369e34b800 Unloading class 0x00000008010d7040 'org/gradle/api/internal/artifacts/ivyservice/ivyresolve/ErrorHandlingModuleComponentRepository$ErrorHandlingModuleComponentRepositoryAccess$$Lambda$343'
Event: 81.159 Thread 0x000002369e34b800 Unloading class 0x00000008010e0040 '_BuildScript_$_run_closure2'
Event: 81.159 Thread 0x000002369e34b800 Unloading class 0x00000008010d4c08 '_BuildScript_$_run_closure1$_closure3'
Event: 81.159 Thread 0x000002369e34b800 Unloading class 0x00000008010d4840 '_BuildScript_$_run_closure1'
Event: 81.159 Thread 0x000002369e34b800 Unloading class 0x00000008010d5040 '_BuildScript_'

Classes redefined (0 events):
No events

Internal exceptions (20 events):
Event: 89.534 Thread 0x00000236bda7a800 Exception <a 'java/lang/ClassNotFoundException'{0x0000000086b91230}: org/gradle/api/internal/NamedDomainObjectContainerConfigureDelegateBeanInfo> (0x0000000086b91230) 
thrown [t:/workspace/open/src/hotspot/share/classfile/systemDictionary.cpp, line 232]
Event: 89.538 Thread 0x00000236bda7a800 Exception <a 'java/lang/ClassNotFoundException'{0x0000000086bbaa38}: org/gradle/api/internal/NamedDomainObjectContainerConfigureDelegateCustomizer> (0x0000000086bbaa38) 
thrown [t:/workspace/open/src/hotspot/share/classfile/systemDictionary.cpp, line 232]
Event: 89.569 Thread 0x00000236bda7a800 Exception <a 'java/lang/ClassNotFoundException'{0x00000000868193e8}: org/gradle/api/internal/FactoryNamedDomainObjectContainer_DecoratedBeanInfo> (0x00000000868193e8) 
thrown [t:/workspace/open/src/hotspot/share/classfile/systemDictionary.cpp, line 232]
Event: 89.572 Thread 0x00000236bda7a800 Exception <a 'java/lang/ClassNotFoundException'{0x00000000868411c8}: org/gradle/api/internal/FactoryNamedDomainObjectContainerBeanInfo> (0x00000000868411c8) 
thrown [t:/workspace/open/src/hotspot/share/classfile/systemDictionary.cpp, line 232]
Event: 89.576 Thread 0x00000236bda7a800 Exception <a 'java/lang/ClassNotFoundException'{0x0000000086869d50}: org/gradle/api/internal/AbstractNamedDomainObjectContainerBeanInfo> (0x0000000086869d50) 
thrown [t:/workspace/open/src/hotspot/share/classfile/systemDictionary.cpp, line 232]
Event: 89.582 Thread 0x00000236bda7a800 Exception <a 'java/lang/ClassNotFoundException'{0x0000000086891ae0}: org/gradle/api/internal/DefaultNamedDomainObjectSetBeanInfo> (0x0000000086891ae0) 
thrown [t:/workspace/open/src/hotspot/share/classfile/systemDictionary.cpp, line 232]
Event: 89.585 Thread 0x00000236bda7a800 Exception <a 'java/lang/ClassNotFoundException'{0x00000000868b9668}: org/gradle/api/internal/DefaultNamedDomainObjectSetCustomizer> (0x00000000868b9668) 
thrown [t:/workspace/open/src/hotspot/share/classfile/systemDictionary.cpp, line 232]
Event: 89.597 Thread 0x00000236bda7a800 Exception <a 'java/lang/ClassNotFoundException'{0x00000000868f8420}: org/gradle/api/internal/AbstractNamedDomainObjectContainerCustomizer> (0x00000000868f8420) 
thrown [t:/workspace/open/src/hotspot/share/classfile/systemDictionary.cpp, line 232]
Event: 89.605 Thread 0x00000236bda7a800 Exception <a 'java/lang/ClassNotFoundException'{0x0000000086735570}: org/gradle/api/internal/FactoryNamedDomainObjectContainerCustomizer> (0x0000000086735570) 
thrown [t:/workspace/open/src/hotspot/share/classfile/systemDictionary.cpp, line 232]
Event: 89.610 Thread 0x00000236bda7a800 Exception <a 'java/lang/ClassNotFoundException'{0x0000000086769c50}: org/gradle/api/internal/FactoryNamedDomainObjectContainer_DecoratedCustomizer> (0x0000000086769c50) 
thrown [t:/workspace/open/src/hotspot/share/classfile/systemDictionary.cpp, line 232]
Event: 89.646 Thread 0x00000236bda7a800 Exception <a 'java/lang/ClassNotFoundException'{0x000000008661b108}: com/android/build/gradle/internal/dsl/BuildType_DecoratedBeanInfo> (0x000000008661b108) 
thrown [t:/workspace/open/src/hotspot/share/classfile/systemDictionary.cpp, line 232]
Event: 89.648 Thread 0x00000236bda7a800 Exception <a 'java/lang/ClassNotFoundException'{0x000000008662e928}: com/android/build/gradle/internal/dsl/BuildTypeBeanInfo> (0x000000008662e928) 
thrown [t:/workspace/open/src/hotspot/share/classfile/systemDictionary.cpp, line 232]
Event: 89.650 Thread 0x00000236bda7a800 Exception <a 'java/lang/ClassNotFoundException'{0x0000000086641d28}: com/android/builder/core/AbstractBuildTypeBeanInfo> (0x0000000086641d28) 
thrown [t:/workspace/open/src/hotspot/share/classfile/systemDictionary.cpp, line 232]
Event: 89.652 Thread 0x00000236bda7a800 Exception <a 'java/lang/ClassNotFoundException'{0x00000000866556b8}: com/android/builder/core/AbstractBuildTypeCustomizer> (0x00000000866556b8) 
thrown [t:/workspace/open/src/hotspot/share/classfile/systemDictionary.cpp, line 232]
Event: 89.655 Thread 0x00000236bda7a800 Exception <a 'java/lang/ClassNotFoundException'{0x000000008667cac8}: com/android/build/gradle/internal/dsl/BuildTypeCustomizer> (0x000000008667cac8) 
thrown [t:/workspace/open/src/hotspot/share/classfile/systemDictionary.cpp, line 232]
Event: 89.695 Thread 0x00000236bda7a800 Exception <a 'java/lang/ClassNotFoundException'{0x00000000866bf948}: com/android/build/gradle/internal/dsl/BuildType_DecoratedCustomizer> (0x00000000866bf948) 
thrown [t:/workspace/open/src/hotspot/share/classfile/systemDictionary.cpp, line 232]
Event: 89.716 Thread 0x00000236bda7a800 Exception <a 'java/lang/ClassNotFoundException'{0x0000000086560760}: build_4v2ts71y8k3sndafics4hktza$_run_closure1$_closure4BeanInfo> (0x0000000086560760) 
thrown [t:/workspace/open/src/hotspot/share/classfile/systemDictionary.cpp, line 232]
Event: 89.717 Thread 0x00000236bda7a800 Exception <a 'java/lang/ClassNotFoundException'{0x000000008656d8e8}: build_4v2ts71y8k3sndafics4hktza$_run_closure1$_closure4Customizer> (0x000000008656d8e8) 
thrown [t:/workspace/open/src/hotspot/share/classfile/systemDictionary.cpp, line 232]
Event: 89.724 Thread 0x00000236bda7a800 Exception <a 'java/lang/ClassNotFoundException'{0x0000000086598810}: build_4v2ts71y8k3sndafics4hktza$_run_closure1BeanInfo> (0x0000000086598810) 
thrown [t:/workspace/open/src/hotspot/share/classfile/systemDictionary.cpp, line 232]
Event: 89.725 Thread 0x00000236bda7a800 Exception <a 'java/lang/ClassNotFoundException'{0x00000000865a62e0}: build_4v2ts71y8k3sndafics4hktza$_run_closure1Customizer> (0x00000000865a62e0) 
thrown [t:/workspace/open/src/hotspot/share/classfile/systemDictionary.cpp, line 232]

Events (20 events):
Event: 89.717 loading class build_4v2ts71y8k3sndafics4hktza$_run_closure1$_closure4Customizer
Event: 89.717 loading class build_4v2ts71y8k3sndafics4hktza$_run_closure1$_closure4Customizer done
Event: 89.717 loading class build_4v2ts71y8k3sndafics4hktza$_run_closure1$_closure4Customizer
Event: 89.717 loading class build_4v2ts71y8k3sndafics4hktza$_run_closure1$_closure4Customizer done
Event: 89.723 loading class build_4v2ts71y8k3sndafics4hktza$_run_closure1BeanInfo
Event: 89.723 loading class build_4v2ts71y8k3sndafics4hktza$_run_closure1BeanInfo done
Event: 89.724 loading class build_4v2ts71y8k3sndafics4hktza$_run_closure1BeanInfo
Event: 89.724 loading class build_4v2ts71y8k3sndafics4hktza$_run_closure1BeanInfo done
Event: 89.724 loading class build_4v2ts71y8k3sndafics4hktza$_run_closure1Customizer
Event: 89.724 loading class build_4v2ts71y8k3sndafics4hktza$_run_closure1Customizer done
Event: 89.725 loading class build_4v2ts71y8k3sndafics4hktza$_run_closure1Customizer
Event: 89.725 loading class build_4v2ts71y8k3sndafics4hktza$_run_closure1Customizer done
Event: 89.734 loading class groovy/runtime/metaclass/build_4v2ts71y8k3sndafics4hktza$_run_closure2MetaClass
Event: 89.734 loading class groovy/runtime/metaclass/build_4v2ts71y8k3sndafics4hktza$_run_closure2MetaClass done
Event: 89.736 loading class org/gradle/api/internal/file/collections/DefaultConfigurableFileTree
Event: 89.736 loading class org/gradle/api/internal/file/collections/DefaultConfigurableFileTree done
Event: 89.737 loading class org/gradle/api/internal/file/CompositeFileTree
Event: 89.737 loading class org/gradle/api/internal/file/CompositeFileTree done
Event: 89.743 loading class groovy/runtime/metaclass/org/gradle/api/internal/file/collections/DefaultConfigurableFileTreeMetaClass
Event: 89.743 loading class groovy/runtime/metaclass/org/gradle/api/internal/file/collections/DefaultConfigurableFileTreeMetaClass done


Dynamic libraries:
0x00007ff7209b0000 - 0x00007ff7209bf000 	C:\Program Files\Java\jdk-13.0.2\bin\java.exe
0x00007ff94f600000 - 0x00007ff94f7ed000 	C:\Windows\SYSTEM32\ntdll.dll
0x00007ff94ec80000 - 0x00007ff94ed33000 	C:\Windows\System32\KERNEL32.DLL
0x00007ff94b7c0000 - 0x00007ff94ba55000 	C:\Windows\System32\KERNELBASE.dll
0x00007ff94c410000 - 0x00007ff94c50a000 	C:\Windows\System32\ucrtbase.dll
0x00007ff949250000 - 0x00007ff949268000 	C:\Program Files\Java\jdk-13.0.2\bin\jli.dll
0x00007ff94cf00000 - 0x00007ff94cfa3000 	C:\Windows\System32\ADVAPI32.dll
0x00007ff94c8b0000 - 0x00007ff94c94e000 	C:\Windows\System32\msvcrt.dll
0x00007ff94ce40000 - 0x00007ff94cede000 	C:\Windows\System32\sechost.dll
0x00007ff94cd10000 - 0x00007ff94ce32000 	C:\Windows\System32\RPCRT4.dll
0x00007ff94cb70000 - 0x00007ff94cd07000 	C:\Windows\System32\USER32.dll
0x00007ff94c780000 - 0x00007ff94c7a0000 	C:\Windows\System32\win32u.dll
0x00007ff94d040000 - 0x00007ff94d069000 	C:\Windows\System32\GDI32.dll
0x00007ff94c5e0000 - 0x00007ff94c779000 	C:\Windows\System32\gdi32full.dll
0x00007ff94c540000 - 0x00007ff94c5e0000 	C:\Windows\System32\msvcp_win.dll
0x00007ff949230000 - 0x00007ff949245000 	C:\Program Files\Java\jdk-13.0.2\bin\VCRUNTIME140.dll
0x00007ff9387c0000 - 0x00007ff938a39000 	C:\Windows\WinSxS\amd64_microsoft.windows.common-controls_6595b64144ccf1df_6.0.17763.1217_none_de6e4304534e0ad3\COMCTL32.dll
0x00007ff94f170000 - 0x00007ff94f49c000 	C:\Windows\System32\combase.dll
0x00007ff94bc40000 - 0x00007ff94bcbe000 	C:\Windows\System32\bcryptPrimitives.dll
0x00007ff9472b0000 - 0x00007ff9472ba000 	C:\Windows\SYSTEM32\VERSION.dll
0x00007ff94d070000 - 0x00007ff94d09e000 	C:\Windows\System32\IMM32.DLL
0x00007ff942b00000 - 0x00007ff942b9b000 	C:\Program Files\Java\jdk-13.0.2\bin\msvcp140.dll
0x00007ff924970000 - 0x00007ff9254cd000 	C:\Program Files\Java\jdk-13.0.2\bin\server\jvm.dll
0x00007ff94cfb0000 - 0x00007ff94cfb8000 	C:\Windows\System32\PSAPI.DLL
0x00007ff9429f0000 - 0x00007ff9429f9000 	C:\Windows\SYSTEM32\WSOCK32.dll
0x00007ff94eb40000 - 0x00007ff94ebad000 	C:\Windows\System32\WS2_32.dll
0x00007ff949010000 - 0x00007ff949034000 	C:\Windows\SYSTEM32\WINMM.dll
0x00007ff948fe0000 - 0x00007ff94900d000 	C:\Windows\SYSTEM32\WINMMBASE.dll
0x00007ff94b770000 - 0x00007ff94b7ba000 	C:\Windows\System32\cfgmgr32.dll
0x00007ff94b5f0000 - 0x00007ff94b601000 	C:\Windows\System32\kernel.appcore.dll
0x00007ff949280000 - 0x00007ff949290000 	C:\Program Files\Java\jdk-13.0.2\bin\verify.dll
0x00007ff93fab0000 - 0x00007ff93fc9d000 	C:\Windows\SYSTEM32\DBGHELP.DLL
0x00007ff93fa80000 - 0x00007ff93faaa000 	C:\Windows\SYSTEM32\dbgcore.DLL
0x00007ff945620000 - 0x00007ff945646000 	C:\Program Files\Java\jdk-13.0.2\bin\java.dll
0x00007ff949210000 - 0x00007ff949227000 	C:\Program Files\Java\jdk-13.0.2\bin\zip.dll
0x00007ff9488c0000 - 0x00007ff9488ca000 	C:\Program Files\Java\jdk-13.0.2\bin\jimage.dll
0x00007ff94d1c0000 - 0x00007ff94e6b4000 	C:\Windows\System32\SHELL32.dll
0x00007ff94c950000 - 0x00007ff94c9f8000 	C:\Windows\System32\shcore.dll
0x00007ff94bcc0000 - 0x00007ff94c40e000 	C:\Windows\System32\windows.storage.dll
0x00007ff94b690000 - 0x00007ff94b6b4000 	C:\Windows\System32\profapi.dll
0x00007ff94b630000 - 0x00007ff94b68d000 	C:\Windows\System32\powrprof.dll
0x00007ff94f110000 - 0x00007ff94f162000 	C:\Windows\System32\shlwapi.dll
0x00007ff94c800000 - 0x00007ff94c817000 	C:\Windows\System32\cryptsp.dll
0x00007ff9448b0000 - 0x00007ff9448c9000 	C:\Program Files\Java\jdk-13.0.2\bin\net.dll
0x00007ff943240000 - 0x00007ff943332000 	C:\Windows\SYSTEM32\WINHTTP.dll
0x00007ff94ae10000 - 0x00007ff94ae77000 	C:\Windows\system32\mswsock.dll
0x00007ff944490000 - 0x00007ff9444a3000 	C:\Program Files\Java\jdk-13.0.2\bin\nio.dll
0x00007ff93d260000 - 0x00007ff93d287000 	C:\Users\ELCOT\.gradle\caches\gradle-6.5\native\f6784746aeab05261644944871eae4fe03e0ef1612fff0a4a95f87b438bc6780\windows-amd64\native-platform.dll
0x00007ff9488b0000 - 0x00007ff9488b9000 	C:\Program Files\Java\jdk-13.0.2\bin\management.dll
0x00007ff945610000 - 0x00007ff94561b000 	C:\Program Files\Java\jdk-13.0.2\bin\management_ext.dll
0x00007ff94a940000 - 0x00007ff94a973000 	C:\Windows\system32\rsaenh.dll
0x00007ff94c510000 - 0x00007ff94c536000 	C:\Windows\System32\bcrypt.dll
0x00007ff94b4f0000 - 0x00007ff94b518000 	C:\Windows\SYSTEM32\USERENV.dll
0x00007ff94aff0000 - 0x00007ff94affc000 	C:\Windows\SYSTEM32\CRYPTBASE.dll
0x00007ff94ab40000 - 0x00007ff94ab7d000 	C:\Windows\SYSTEM32\IPHLPAPI.DLL
0x00007ff94d0a0000 - 0x00007ff94d0a8000 	C:\Windows\System32\NSI.dll
0x00007ff943840000 - 0x00007ff943856000 	C:\Windows\SYSTEM32\dhcpcsvc6.DLL
0x00007ff9437f0000 - 0x00007ff94380c000 	C:\Windows\SYSTEM32\dhcpcsvc.DLL
0x00007ff94ab90000 - 0x00007ff94ac57000 	C:\Windows\SYSTEM32\DNSAPI.dll
0x00007ff943f10000 - 0x00007ff943f1b000 	C:\Windows\SYSTEM32\WINNSI.DLL

dbghelp: loaded successfully - version: 4.0.5 - missing functions: none
symbol engine: initialized successfully - sym options: 0x614 - pdb path: .;C:\Program Files\Java\jdk-13.0.2\bin;C:\Windows\SYSTEM32;C:\Windows\WinSxS\amd64_microsoft.windows.common-controls_6595b64144ccf1df_6.0.17763.1217_none_de6e4304534e0ad3;C:\Program Files\Java\jdk-13.0.2\bin\server;C:\Users\ELCOT\.gradle\caches\gradle-6.5\native\f6784746aeab05261644944871eae4fe03e0ef1612fff0a4a95f87b438bc6780\windows-amd64

VM Arguments:
jvm_args: --add-opens=java.base/java.util=ALL-UNNAMED --add-opens=java.base/java.lang=ALL-UNNAMED --add-opens=java.base/java.lang.invoke=ALL-UNNAMED --add-opens=java.prefs/java.util.prefs=ALL-UNNAMED -Xmx2048m -Dfile.encoding=windows-1252 -Duser.country=IN -Duser.language=en -Duser.variant 
java_command: org.gradle.launcher.daemon.bootstrap.GradleDaemon 6.5
java_class_path (initial): C:\Users\ELCOT\.gradle\caches\gradle-6.5\wrapper\dists\gradle-6.5-all\2oz4ud9k3tuxjg84bbf55q0tn\gradle-6.5\lib\gradle-launcher-6.5.jar
Launcher Type: SUN_STANDARD

[Global flags]
     intx CICompilerCount                          = 2                                         {product} {ergonomic}
     uint ConcGCThreads                            = 1                                         {product} {ergonomic}
     uint G1ConcRefinementThreads                  = 2                                         {product} {ergonomic}
   size_t G1HeapRegionSize                         = 1048576                                   {product} {ergonomic}
    uintx GCDrainStackTargetSize                   = 64                                        {product} {ergonomic}
   size_t InitialHeapSize                          = 65011712                                  {product} {ergonomic}
   size_t MarkStackSize                            = 4194304                                   {product} {ergonomic}
   size_t MaxHeapSize                              = 2147483648                                {product} {command line}
   size_t MaxNewSize                               = 1287651328                                {product} {ergonomic}
   size_t MinHeapDeltaBytes                        = 1048576                                   {product} {ergonomic}
   size_t MinHeapSize                              = 8388608                                   {product} {ergonomic}
    uintx NonNMethodCodeHeapSize                   = 5826188                                {pd product} {ergonomic}
    uintx NonProfiledCodeHeapSize                  = 122916026                              {pd product} {ergonomic}
    uintx ProfiledCodeHeapSize                     = 122916026                              {pd product} {ergonomic}
    uintx ReservedCodeCacheSize                    = 251658240                              {pd product} {ergonomic}
     bool SegmentedCodeCache                       = true                                      {product} {ergonomic}
   size_t SoftMaxHeapSize                          = 2147483648                             {manageable} {ergonomic}
     bool UseCompressedClassPointers               = true                                 {lp64_product} {ergonomic}
     bool UseCompressedOops                        = true                                 {lp64_product} {ergonomic}
     bool UseG1GC                                  = true                                      {product} {ergonomic}
     bool UseLargePagesIndividualAllocation        = false                                  {pd product} {ergonomic}

Logging:
Log output configuration:
 #0: stdout all=warning uptime,level,tags
 #1: stderr all=off uptime,level,tags

Environment Variables:
JAVA_HOME=C:\Program Files\Android\Android Studio\jre
PATH=C:\Program Files\AdoptOpenJDK\jdk-11.0.7.10-hotspot\bin;C:\Program Files (x86)\Common Files\Oracle\Java\javapath;C:\MinGW\bin;C:\Windows\system32;C:\Windows;C:\Windows\System32\Wbem;C:\Windows\System32\WindowsPowerShell\v1.0\;C:\Windows\System32\OpenSSH\;C:\Program Files\nodejs\;C:\Users\ELCOT\Downloads\python-3.8.2;C:\Program Files\Dart\dart-sdk\bin;C:\drivers\chromedriver_win32.zip;C:\src\flutter\flutter_windows_v1.12.13+hotfix.9-stable\flutter\bin;C:\Program Files (x86)\Android\android-sdk\platforms\platform-tools;C:\Program Files (x86)\Android\android-sdk\platform-tools\api;C:\Downloads\installer_r16-windows.exe;C:\ProgramData\Microsoft\Windows\Start Menu\Programs\Android SDK Tools;D:\kishoreAndroid\Android\Android Studio\bin;D:\kishoreAndroid\Android\Android Studio;C:\ProgramData\Microsoft\Windows\Start Menu\Programs\Visual Studio Emulator for Android.lnk;C:\Downloads\vs_emulatorsetup.exe;C:\Program Files (x86)\Android\android-sdk\SDK Manager;D:\Kishore\platforms;C:\Users\ELCOT\AppData\Local\Programs\Python\Python38\Scripts\;C:\Users\;C:\Program Files\Android\Android Studio\jre;C:\Program Files\Java\jdk-13.0.2\bin;C:\Program Files\Java\jre1.8.0_251\bin;C:\Program Files (x86)\Android\platform-tools;C:\Downloads\python-3.8.2.exe;C:\Program Files\dotnet\;C:\Program Files\Microsoft SQL Server\130\Tools\Binn\;C:\Program Files\Microsoft SQL Server\Client SDK\ODBC\170\Tools\Binn\;D:\Git\cmd;C:\Users\ELCOT\AppData\Roaming\npm\node_modules\firebase\node_modules\protobufjs\bin;C:\Users\ELCOT\AppData\Local\Programs\Python\Python39\Scripts\;C:\Users\ELCOT\AppData\Local\Programs\Python\Python39\;C:\Users\ELCOT\AppData\Local\ValidatorBuddy;C:\Users\ELCOT\AppData\Local\Programs\Python\Python38;C:\src\flutter\bin;D:\Heroku\bin;D:\Microsoft VS Code\bin;C:\Users\ELCOT\AppData\Roaming\npm\node_modules\firebase\node_modules\protobufjs\bin;
USERNAME=ELCOT
OS=Windows_NT
PROCESSOR_IDENTIFIER=AMD64 Family 21 Model 112 Stepping 0, AuthenticAMD



---------------  S Y S T E M  ---------------

OS: Windows 10 , 64 bit Build 17763 (10.0.17763.1158)
HyperV virtualization detected

CPU:total 2 (initial active 2) (2 cores per cpu, 1 threads per core) family 21 model 112 stepping 0, cmov, cx8, fxsr, mmx, sse, sse2, sse3, ssse3, sse4.1, sse4.2, popcnt, avx, avx2, aes, clmul, mmxext, 3dnowpref, lzcnt, sse4a, tsc, tscinvbit, tscinv, bmi1, bmi2, fma

Memory: 4k page, system-wide physical 3935M (607M free)
TotalPageFile size 5322M (AvailPageFile size 3M)
current process WorkingSet (physical memory assigned to process): 303M, peak: 305M
current process commit charge ("private bytes"): 339M, peak: 341M

vm_info: Java HotSpot(TM) 64-Bit Server VM (13.0.2+8) for windows-amd64 JRE (13.0.2+8), built on Dec 11 2019 09:20:33 by "mach5one" with unknown MS VC++:1916

END.
