#
# There is insufficient memory for the Java Runtime Environment to continue.
# Native memory allocation (mmap) failed to map 150994944 bytes for Failed to commit area from 0x0000000093500000 to 0x000000009c500000 of length 150994944.
# Possible reasons:
#   The system is out of physical RAM or swap space
#   The process is running with CompressedOops enabled, and the Java Heap may be blocking the growth of the native heap
# Possible solutions:
#   Reduce memory load on the system
#   Increase physical memory or swap space
#   Check if swap backing store is full
#   Decrease Java heap size (-Xmx/-Xms)
#   Decrease number of Java threads
#   Decrease Java thread stack sizes (-Xss)
#   Set larger code cache with -XX:ReservedCodeCacheSize=
#   JVM is running with Unscaled Compressed Oops mode in which the Java heap is
#     placed in the first 4GB address space. The Java Heap base address is the
#     maximum limit for the native heap growth. Please use -XX:HeapBaseMinAddress
#     to set the Java Heap base and to place the Java Heap above 4GB virtual address.
# This output file may be truncated or incomplete.
#
#  Out of Memory Error (t:/workspace/open/src/hotspot/os/windows/os_windows.cpp:3301), pid=3028, tid=5916
#
# JRE version: Java(TM) SE Runtime Environment (13.0.2+8) (build 13.0.2+8)
# Java VM: Java HotSpot(TM) 64-Bit Server VM (13.0.2+8, mixed mode, sharing, tiered, compressed oops, g1 gc, windows-amd64)
# No core dump will be written. Minidumps are not enabled by default on client versions of Windows
#

---------------  S U M M A R Y ------------

Command Line: --add-opens=java.base/java.util=ALL-UNNAMED --add-opens=java.base/java.lang=ALL-UNNAMED --add-opens=java.base/java.lang.invoke=ALL-UNNAMED --add-opens=java.prefs/java.util.prefs=ALL-UNNAMED -Xmx2048m -Dfile.encoding=windows-1252 -Duser.country=IN -Duser.language=en -Duser.variant org.gradle.launcher.daemon.bootstrap.GradleDaemon 6.1.1

Host: AMD PRO A4-4350B R4, 5 COMPUTE CORES 2C+3G     , 2 cores, 3G,  Windows 10 , 64 bit Build 17763 (10.0.17763.1158)
Time: Sat Sep 12 02:27:18 2020 Pacific Daylight Time elapsed time: 111 seconds (0d 0h 1m 51s)

---------------  T H R E A D  ---------------

Current thread (0x000001ba6780f800):  VMThread "VM Thread" [stack: 0x000000927ac00000,0x000000927ad00000] [id=5916]

Stack: [0x000000927ac00000,0x000000927ad00000]
[error occurred during error reporting (printing stack bounds), id 0xc0000005, EXCEPTION_ACCESS_VIOLATION (0xc0000005) at pc=0x000001ba51a710ad]

Native frames: (J=compiled Java code, j=interpreted, Vv=VM code, C=native code)
V  [jvm.dll+0x624f9a]
V  [jvm.dll+0x770cfa]
V  [jvm.dll+0x7724af]
V  [jvm.dll+0x772a15]
V  [jvm.dll+0x7729cb]
V  [jvm.dll+0x6244df]
C  [ntdll.dll+0x66b26]
C  [ntdll.dll+0x4849]
C  [ntdll.dll+0xa350e]
C  0x000001ba51a710ad

VM_Operation (0x000000927d3fcf60): G1CollectForAllocation, mode: safepoint, requested by thread 0x000001ba6e5f2800


---------------  P R O C E S S  ---------------

Threads class SMR info:
_java_thread_list=0x000001ba6c5d5410, length=39, elements={
0x000001ba49570800, 0x000001ba67810800, 0x000001ba67814800, 0x000001ba6782e000,
0x000001ba67830000, 0x000001ba67831800, 0x000001ba67839000, 0x000001ba68178800,
0x000001ba6828f800, 0x000001ba68291000, 0x000001ba6985f800, 0x000001ba69b02800,
0x000001ba690ef000, 0x000001ba69133800, 0x000001ba68222800, 0x000001ba68e4f000,
0x000001ba68e50000, 0x000001ba68e51000, 0x000001ba6abfd000, 0x000001ba6ac01000,
0x000001ba6ac02000, 0x000001ba6ac00000, 0x000001ba6abfc000, 0x000001ba6ac02800,
0x000001ba6ac04800, 0x000001ba6abfe800, 0x000001ba6ac05000, 0x000001ba6ac0a000,
0x000001ba6ac07800, 0x000001ba6ac06000, 0x000001ba6ac08800, 0x000001ba6ac0b000,
0x000001ba6ac09000, 0x000001ba6ac07000, 0x000001ba68e51800, 0x000001ba6e5f0800,
0x000001ba6e5f2800, 0x000001ba6e5f7800, 0x000001ba6e5f2000
}

Java Threads: ( => current thread )
  0x000001ba49570800 JavaThread "main" [_thread_blocked, id=8072, stack(0x000000927a600000,0x000000927a700000)]
  0x000001ba67810800 JavaThread "Reference Handler" daemon [_thread_blocked, id=3100, stack(0x000000927ad00000,0x000000927ae00000)]
  0x000001ba67814800 JavaThread "Finalizer" daemon [_thread_blocked, id=8184, stack(0x000000927ae00000,0x000000927af00000)]
  0x000001ba6782e000 JavaThread "Signal Dispatcher" daemon [_thread_blocked, id=10292, stack(0x000000927af00000,0x000000927b000000)]
  0x000001ba67830000 JavaThread "Attach Listener" daemon [_thread_blocked, id=156, stack(0x000000927b000000,0x000000927b100000)]
  0x000001ba67831800 JavaThread "C2 CompilerThread0" daemon [_thread_blocked, id=6872, stack(0x000000927b100000,0x000000927b200000)]
  0x000001ba67839000 JavaThread "C1 CompilerThread0" daemon [_thread_blocked, id=10196, stack(0x000000927b200000,0x000000927b300000)]
  0x000001ba68178800 JavaThread "Sweeper thread" daemon [_thread_blocked, id=9140, stack(0x000000927b300000,0x000000927b400000)]
  0x000001ba6828f800 JavaThread "Common-Cleaner" daemon [_thread_blocked, id=7896, stack(0x000000927b400000,0x000000927b500000)]
  0x000001ba68291000 JavaThread "Service Thread" daemon [_thread_blocked, id=2544, stack(0x000000927b500000,0x000000927b600000)]
  0x000001ba6985f800 JavaThread "Daemon health stats" [_thread_blocked, id=10064, stack(0x000000927b900000,0x000000927ba00000)]
  0x000001ba69b02800 JavaThread "Incoming local TCP Connector on port 57975" [_thread_in_native, id=1428, stack(0x000000927ba00000,0x000000927bb00000)]
  0x000001ba690ef000 JavaThread "Daemon periodic checks" [_thread_blocked, id=8460, stack(0x000000927bb00000,0x000000927bc00000)]
  0x000001ba69133800 JavaThread "Daemon" [_thread_blocked, id=5656, stack(0x000000927bc00000,0x000000927bd00000)]
  0x000001ba68222800 JavaThread "Daemon worker" [_thread_blocked, id=9880, stack(0x000000927bf00000,0x000000927c000000)]
  0x000001ba68e4f000 JavaThread "Cache worker for journal cache (C:\Users\ELCOT\.gradle\caches\gradle-6.5\caches\journal-1)" [_thread_blocked, id=10624, stack(0x000000927c300000,0x000000927c400000)]
  0x000001ba68e50000 JavaThread "File lock request listener" [_thread_in_native, id=5276, stack(0x000000927c400000,0x000000927c500000)]
  0x000001ba68e51000 JavaThread "Cache worker for file hash cache (C:\Users\ELCOT\.gradle\caches\gradle-6.5\caches\6.1.1\fileHashes)" [_thread_blocked, id=8040, stack(0x000000927c500000,0x000000927c600000)]
  0x000001ba6abfd000 JavaThread "Cache worker for execution history cache (C:\Users\ELCOT\.gradle\caches\gradle-6.5\caches\6.1.1\executionHistory)" [_thread_blocked, id=5320, stack(0x000000927ca00000,0x000000927cb00000)]
  0x000001ba6ac01000 JavaThread "Handler for socket connection from /127.0.0.1:57975 to /127.0.0.1:57981" [_thread_in_native, id=8520, stack(0x000000927a400000,0x000000927a500000)]
  0x000001ba6ac02000 JavaThread "Cancel handler" [_thread_blocked, id=10732, stack(0x000000927a500000,0x000000927a600000)]
  0x000001ba6ac00000 JavaThread "Asynchronous log dispatcher for DefaultDaemonConnection: socket connection from /127.0.0.1:57975 to /127.0.0.1:57981" [_thread_blocked, id=8432, stack(0x000000927bd00000,0x000000927be00000)]
  0x000001ba6abfc000 JavaThread "Stdin handler" [_thread_blocked, id=8712, stack(0x000000927be00000,0x000000927bf00000)]
  0x000001ba6ac02800 JavaThread "Thread-23" [_thread_blocked, id=8716, stack(0x000000927c000000,0x000000927c100000)]
  0x000001ba6ac04800 JavaThread "Cache worker for checksums cache (D:\AndroidStudioProjects\DoChat\.gradle\checksums)" [_thread_blocked, id=10584, stack(0x000000927c100000,0x000000927c200000)]
  0x000001ba6abfe800 JavaThread "Cache worker for file hash cache (D:\AndroidStudioProjects\DoChat\.gradle\6.1.1\fileHashes)" [_thread_blocked, id=6920, stack(0x000000927c200000,0x000000927c300000)]
  0x000001ba6ac05000 JavaThread "Cache worker for cache directory md-supplier (C:\Users\ELCOT\.gradle\caches\gradle-6.5\caches\6.1.1\md-supplier)" [_thread_blocked, id=540, stack(0x000000927c600000,0x000000927c700000)]
  0x000001ba6ac0a000 JavaThread "Cache worker for cache directory md-rule (C:\Users\ELCOT\.gradle\caches\gradle-6.5\caches\6.1.1\md-rule)" [_thread_blocked, id=216, stack(0x000000927c700000,0x000000927c800000)]
  0x000001ba6ac07800 JavaThread "Build operations" [_thread_blocked, id=4528, stack(0x000000927c800000,0x000000927c900000)]
  0x000001ba6ac06000 JavaThread "Build operations Thread 2" [_thread_blocked, id=9220, stack(0x000000927c900000,0x000000927ca00000)]
  0x000001ba6ac08800 JavaThread "Cache worker for Build Output Cleanup Cache (D:\AndroidStudioProjects\DoChat\.gradle\buildOutputCleanup)" [_thread_blocked, id=3648, stack(0x000000927cb00000,0x000000927cc00000)]
  0x000001ba6ac0b000 JavaThread "Memory manager" [_thread_blocked, id=8752, stack(0x000000927cc00000,0x000000927cd00000)]
  0x000001ba6ac09000 JavaThread "Cache worker for file content cache (C:\Users\ELCOT\.gradle\caches\gradle-6.5\caches\6.1.1\fileContent)" [_thread_blocked, id=9824, stack(0x000000927cd00000,0x000000927ce00000)]
  0x000001ba6ac07000 JavaThread "Cache worker for file content cache (D:\AndroidStudioProjects\DoChat\.gradle\6.1.1\fileContent)" [_thread_blocked, id=9916, stack(0x000000927d000000,0x000000927d100000)]
  0x000001ba68e51800 JavaThread "Execution worker for ':'" [_thread_blocked, id=4908, stack(0x000000927d100000,0x000000927d200000)]
  0x000001ba6e5f0800 JavaThread "Cache worker for execution history cache (D:\AndroidStudioProjects\DoChat\.gradle\6.1.1\executionHistory)" [_thread_blocked, id=9592, stack(0x000000927d200000,0x000000927d300000)]
  0x000001ba6e5f2800 JavaThread "WorkerExecutor Queue" [_thread_blocked, id=7532, stack(0x000000927d300000,0x000000927d400000)]
  0x000001ba6e5f7800 JavaThread "ForkJoinPool-1-worker-3" daemon [_thread_blocked, id=11076, stack(0x000000927d400000,0x000000927d500000)]
  0x000001ba6e5f2000 JavaThread "ForkJoinPool-1-worker-1" daemon [_thread_blocked, id=8012, stack(0x000000927d500000,0x000000927d600000)]

Other Threads:
=>0x000001ba6780f800 VMThread "VM Thread" [stack: 0x000000927ac00000,0x000000927ad00000] [id=5916]
  0x000001ba682a0000 WatcherThread [stack: 0x000000927b600000,0x000000927b700000] [id=2744]
  0x000001ba495b1000 GCTaskThread "GC Thread#0" [stack: 0x000000927a700000,0x000000927a800000] [id=8524]
  0x000001ba6831a000 GCTaskThread "GC Thread#1" [stack: 0x000000927b700000,0x000000927b800000] [id=7700]
  0x000001ba495c3000 ConcurrentGCThread "G1 Main Marker" [stack: 0x000000927a800000,0x000000927a900000] [id=7708]
  0x000001ba495c4000 ConcurrentGCThread "G1 Conc#0" [stack: 0x000000927a900000,0x000000927aa00000] [id=4304]
  0x000001ba67691800 ConcurrentGCThread "G1 Refine#0" [stack: 0x000000927aa00000,0x000000927ab00000] [id=7440]
  0x000001ba68c09800 ConcurrentGCThread "G1 Refine#1" [stack: 0x000000927b800000,0x000000927b900000] [id=6000]
  0x000001ba49635800 ConcurrentGCThread "G1 Young RemSet Sampling" [stack: 0x000000927ab00000,0x000000927ac00000] [id=10448]

Threads with active compile tasks:
C2 CompilerThread0   111425 12596       4       com.android.tools.r8.graph.Z::collectIndexedItems (64 bytes)

VM state:at safepoint (normal execution)

VM Mutex/Monitor currently owned by a thread:  ([mutex/lock_event])
[0x000001ba4956d220] Threads_lock - owner thread: 0x000001ba6780f800
[0x000001ba4956bde0] Heap_lock - owner thread: 0x000001ba6e5f2800

Heap address: 0x0000000080000000, size: 2048 MB, Compressed Oops mode: 32-bit
Narrow klass base: 0x0000000800000000, Narrow klass shift: 3
Compressed class space size: 1073741824 Address: 0x0000000800b40000

Heap:
 garbage-first heap   total 463872K, used 196608K [0x0000000080000000, 0x0000000100000000)
  region size 1024K, 2 young (2048K), 2 survivors (2048K)
 Metaspace       used 87226K, capacity 89781K, committed 89984K, reserved 1126400K
  class space    used 11490K, capacity 12292K, committed 12416K, reserved 1048576K
Heap Regions: E=young(eden), S=young(survivor), O=old, HS=humongous(starts), HC=humongous(continues), CS=collection set, F=free, A=archive, TAMS=top-at-mark-start (previous, next)
|   0|0x0000000080000000, 0x0000000080100000, 0x0000000080100000|100%|HS|  |TAMS 0x0000000080100000, 0x0000000080000000| Complete 
|   1|0x0000000080100000, 0x0000000080200000, 0x0000000080200000|100%|HC|  |TAMS 0x0000000080200000, 0x0000000080100000| Complete 
|   2|0x0000000080200000, 0x0000000080300000, 0x0000000080300000|100%|HC|  |TAMS 0x0000000080300000, 0x0000000080200000| Complete 
|   3|0x0000000080300000, 0x0000000080400000, 0x0000000080400000|100%| O|  |TAMS 0x0000000080400000, 0x0000000080300000| Untracked 
|   4|0x0000000080400000, 0x0000000080500000, 0x0000000080500000|100%| O|  |TAMS 0x0000000080500000, 0x0000000080400000| Untracked 
|   5|0x0000000080500000, 0x0000000080600000, 0x0000000080600000|100%| O|  |TAMS 0x0000000080600000, 0x0000000080500000| Untracked 
|   6|0x0000000080600000, 0x0000000080700000, 0x0000000080700000|100%| O|  |TAMS 0x0000000080700000, 0x0000000080600000| Untracked 
|   7|0x0000000080700000, 0x0000000080800000, 0x0000000080800000|100%| O|  |TAMS 0x0000000080800000, 0x0000000080700000| Complete 
|   8|0x0000000080800000, 0x0000000080900000, 0x0000000080900000|100%| O|  |TAMS 0x0000000080900000, 0x0000000080800000| Untracked 
|   9|0x0000000080900000, 0x0000000080a00000, 0x0000000080a00000|100%| O|  |TAMS 0x0000000080a00000, 0x0000000080900000| Complete 
|  10|0x0000000080a00000, 0x0000000080a00000, 0x0000000080b00000|  0%| F|  |TAMS 0x0000000080a00000, 0x0000000080a00000| Untracked 
|  11|0x0000000080b00000, 0x0000000080c00000, 0x0000000080c00000|100%| O|  |TAMS 0x0000000080c00000, 0x0000000080b00000| Complete 
|  12|0x0000000080c00000, 0x0000000080d00000, 0x0000000080d00000|100%| O|  |TAMS 0x0000000080d00000, 0x0000000080c00000| Untracked 
|  13|0x0000000080d00000, 0x0000000080e00000, 0x0000000080e00000|100%| O|  |TAMS 0x0000000080e00000, 0x0000000080d00000| Untracked 
|  14|0x0000000080e00000, 0x0000000080f00000, 0x0000000080f00000|100%| O|  |TAMS 0x0000000080f00000, 0x0000000080e00000| Untracked 
|  15|0x0000000080f00000, 0x0000000081000000, 0x0000000081000000|100%|HS|  |TAMS 0x0000000081000000, 0x0000000080f00000| Complete 
|  16|0x0000000081000000, 0x0000000081100000, 0x0000000081100000|100%|HC|  |TAMS 0x0000000081100000, 0x0000000081000000| Complete 
|  17|0x0000000081100000, 0x0000000081200000, 0x0000000081200000|100%|HS|  |TAMS 0x0000000081200000, 0x0000000081100000| Complete 
|  18|0x0000000081200000, 0x0000000081300000, 0x0000000081300000|100%|HC|  |TAMS 0x0000000081300000, 0x0000000081200000| Complete 
|  19|0x0000000081300000, 0x0000000081400000, 0x0000000081400000|100%|HC|  |TAMS 0x0000000081400000, 0x0000000081300000| Complete 
|  20|0x0000000081400000, 0x0000000081500000, 0x0000000081500000|100%|HS|  |TAMS 0x0000000081500000, 0x0000000081400000| Complete 
|  21|0x0000000081500000, 0x0000000081600000, 0x0000000081600000|100%|HC|  |TAMS 0x0000000081600000, 0x0000000081500000| Complete 
|  22|0x0000000081600000, 0x0000000081700000, 0x0000000081700000|100%|HC|  |TAMS 0x0000000081700000, 0x0000000081600000| Complete 
|  23|0x0000000081700000, 0x0000000081800000, 0x0000000081800000|100%|HC|  |TAMS 0x0000000081800000, 0x0000000081700000| Complete 
|  24|0x0000000081800000, 0x0000000081900000, 0x0000000081900000|100%|HS|  |TAMS 0x0000000081900000, 0x0000000081800000| Complete 
|  25|0x0000000081900000, 0x0000000081a00000, 0x0000000081a00000|100%|HC|  |TAMS 0x0000000081a00000, 0x0000000081900000| Complete 
|  26|0x0000000081a00000, 0x0000000081b00000, 0x0000000081b00000|100%|HC|  |TAMS 0x0000000081b00000, 0x0000000081a00000| Complete 
|  27|0x0000000081b00000, 0x0000000081c00000, 0x0000000081c00000|100%|HC|  |TAMS 0x0000000081c00000, 0x0000000081b00000| Complete 
|  28|0x0000000081c00000, 0x0000000081d00000, 0x0000000081d00000|100%| O|  |TAMS 0x0000000081d00000, 0x0000000081c00000| Untracked 
|  29|0x0000000081d00000, 0x0000000081e00000, 0x0000000081e00000|100%| O|  |TAMS 0x0000000081e00000, 0x0000000081d00000| Complete 
|  30|0x0000000081e00000, 0x0000000081f00000, 0x0000000081f00000|100%| O|  |TAMS 0x0000000081f00000, 0x0000000081e00000| Complete 
|  31|0x0000000081f00000, 0x0000000082000000, 0x0000000082000000|100%| O|  |TAMS 0x0000000082000000, 0x0000000081f00000| Untracked 
|  32|0x0000000082000000, 0x0000000082100000, 0x0000000082100000|100%| O|  |TAMS 0x0000000082100000, 0x0000000082000000| Untracked 
|  33|0x0000000082100000, 0x0000000082200000, 0x0000000082200000|100%| O|  |TAMS 0x0000000082200000, 0x0000000082100000| Untracked 
|  34|0x0000000082200000, 0x0000000082300000, 0x0000000082300000|100%| O|  |TAMS 0x0000000082300000, 0x0000000082200000| Untracked 
|  35|0x0000000082300000, 0x0000000082400000, 0x0000000082400000|100%| O|  |TAMS 0x0000000082400000, 0x0000000082300000| Complete 
|  36|0x0000000082400000, 0x0000000082500000, 0x0000000082500000|100%| O|  |TAMS 0x0000000082500000, 0x0000000082400000| Untracked 
|  37|0x0000000082500000, 0x0000000082600000, 0x0000000082600000|100%| O|  |TAMS 0x0000000082600000, 0x0000000082500000| Untracked 
|  38|0x0000000082600000, 0x0000000082700000, 0x0000000082700000|100%| O|  |TAMS 0x0000000082700000, 0x0000000082600000| Untracked 
|  39|0x0000000082700000, 0x0000000082800000, 0x0000000082800000|100%| O|  |TAMS 0x0000000082800000, 0x0000000082700000| Untracked 
|  40|0x0000000082800000, 0x0000000082900000, 0x0000000082900000|100%| O|  |TAMS 0x0000000082900000, 0x0000000082800000| Untracked 
|  41|0x0000000082900000, 0x0000000082a00000, 0x0000000082a00000|100%| O|  |TAMS 0x0000000082a00000, 0x0000000082900000| Complete 
|  42|0x0000000082a00000, 0x0000000082b00000, 0x0000000082b00000|100%| O|  |TAMS 0x0000000082b00000, 0x0000000082a00000| Untracked 
|  43|0x0000000082b00000, 0x0000000082c00000, 0x0000000082c00000|100%| O|  |TAMS 0x0000000082c00000, 0x0000000082b00000| Complete 
|  44|0x0000000082c00000, 0x0000000082d00000, 0x0000000082d00000|100%|HS|  |TAMS 0x0000000082d00000, 0x0000000082c00000| Complete 
|  45|0x0000000082d00000, 0x0000000082e00000, 0x0000000082e00000|100%|HC|  |TAMS 0x0000000082e00000, 0x0000000082d00000| Complete 
|  46|0x0000000082e00000, 0x0000000082f00000, 0x0000000082f00000|100%|HC|  |TAMS 0x0000000082f00000, 0x0000000082e00000| Complete 
|  47|0x0000000082f00000, 0x0000000083000000, 0x0000000083000000|100%|HS|  |TAMS 0x0000000083000000, 0x0000000082f00000| Complete 
|  48|0x0000000083000000, 0x0000000083100000, 0x0000000083100000|100%|HC|  |TAMS 0x0000000083100000, 0x0000000083000000| Complete 
|  49|0x0000000083100000, 0x0000000083200000, 0x0000000083200000|100%| O|  |TAMS 0x0000000083200000, 0x0000000083100000| Untracked 
|  50|0x0000000083200000, 0x0000000083300000, 0x0000000083300000|100%| O|  |TAMS 0x0000000083300000, 0x0000000083200000| Untracked 
|  51|0x0000000083300000, 0x0000000083400000, 0x0000000083400000|100%| O|  |TAMS 0x0000000083400000, 0x0000000083300000| Complete 
|  52|0x0000000083400000, 0x0000000083500000, 0x0000000083500000|100%| O|  |TAMS 0x0000000083500000, 0x0000000083400000| Untracked 
|  53|0x0000000083500000, 0x0000000083600000, 0x0000000083600000|100%| O|  |TAMS 0x0000000083600000, 0x0000000083500000| Untracked 
|  54|0x0000000083600000, 0x0000000083700000, 0x0000000083700000|100%| O|  |TAMS 0x0000000083700000, 0x0000000083600000| Untracked 
|  55|0x0000000083700000, 0x0000000083800000, 0x0000000083800000|100%| O|  |TAMS 0x0000000083800000, 0x0000000083700000| Complete 
|  56|0x0000000083800000, 0x0000000083900000, 0x0000000083900000|100%| O|  |TAMS 0x0000000083900000, 0x0000000083800000| Untracked 
|  57|0x0000000083900000, 0x0000000083a00000, 0x0000000083a00000|100%| O|  |TAMS 0x0000000083a00000, 0x0000000083900000| Untracked 
|  58|0x0000000083a00000, 0x0000000083b00000, 0x0000000083b00000|100%| O|  |TAMS 0x0000000083b00000, 0x0000000083a00000| Untracked 
|  59|0x0000000083b00000, 0x0000000083c00000, 0x0000000083c00000|100%| O|  |TAMS 0x0000000083c00000, 0x0000000083b00000| Untracked 
|  60|0x0000000083c00000, 0x0000000083d00000, 0x0000000083d00000|100%| O|  |TAMS 0x0000000083d00000, 0x0000000083c00000| Untracked 
|  61|0x0000000083d00000, 0x0000000083e00000, 0x0000000083e00000|100%| O|  |TAMS 0x0000000083e00000, 0x0000000083d00000| Complete 
|  62|0x0000000083e00000, 0x0000000083f00000, 0x0000000083f00000|100%| O|  |TAMS 0x0000000083f00000, 0x0000000083e00000| Untracked 
|  63|0x0000000083f00000, 0x0000000084000000, 0x0000000084000000|100%| O|  |TAMS 0x0000000084000000, 0x0000000083f00000| Complete 
|  64|0x0000000084000000, 0x0000000084100000, 0x0000000084100000|100%| O|  |TAMS 0x0000000084100000, 0x0000000084000000| Complete 
|  65|0x0000000084100000, 0x0000000084200000, 0x0000000084200000|100%| O|  |TAMS 0x0000000084200000, 0x0000000084100000| Untracked 
|  66|0x0000000084200000, 0x0000000084300000, 0x0000000084300000|100%| O|  |TAMS 0x0000000084300000, 0x0000000084200000| Untracked 
|  67|0x0000000084300000, 0x0000000084400000, 0x0000000084400000|100%| O|  |TAMS 0x0000000084400000, 0x0000000084300000| Complete 
|  68|0x0000000084400000, 0x0000000084500000, 0x0000000084500000|100%| O|  |TAMS 0x0000000084500000, 0x0000000084400000| Complete 
|  69|0x0000000084500000, 0x0000000084600000, 0x0000000084600000|100%| O|  |TAMS 0x0000000084600000, 0x0000000084500000| Untracked 
|  70|0x0000000084600000, 0x0000000084700000, 0x0000000084700000|100%| O|  |TAMS 0x0000000084700000, 0x0000000084600000| Complete 
|  71|0x0000000084700000, 0x0000000084800000, 0x0000000084800000|100%| O|  |TAMS 0x0000000084800000, 0x0000000084700000| Untracked 
|  72|0x0000000084800000, 0x0000000084900000, 0x0000000084900000|100%| O|  |TAMS 0x0000000084900000, 0x0000000084800000| Untracked 
|  73|0x0000000084900000, 0x0000000084a00000, 0x0000000084a00000|100%| O|  |TAMS 0x0000000084a00000, 0x0000000084900000| Complete 
|  74|0x0000000084a00000, 0x0000000084b00000, 0x0000000084b00000|100%| O|  |TAMS 0x0000000084b00000, 0x0000000084a00000| Untracked 
|  75|0x0000000084b00000, 0x0000000084c00000, 0x0000000084c00000|100%| O|  |TAMS 0x0000000084c00000, 0x0000000084b00000| Complete 
|  76|0x0000000084c00000, 0x0000000084d00000, 0x0000000084d00000|100%| O|  |TAMS 0x0000000084d00000, 0x0000000084c00000| Complete 
|  77|0x0000000084d00000, 0x0000000084d00000, 0x0000000084e00000|  0%| F|  |TAMS 0x0000000084d00000, 0x0000000084d00000| Untracked 
|  78|0x0000000084e00000, 0x0000000084f00000, 0x0000000084f00000|100%| O|  |TAMS 0x0000000084f00000, 0x0000000084e00000| Complete 
|  79|0x0000000084f00000, 0x0000000085000000, 0x0000000085000000|100%| O|  |TAMS 0x0000000085000000, 0x0000000084f00000| Complete 
|  80|0x0000000085000000, 0x0000000085100000, 0x0000000085100000|100%| O|  |TAMS 0x0000000085100000, 0x0000000085000000| Untracked 
|  81|0x0000000085100000, 0x0000000085200000, 0x0000000085200000|100%| O|  |TAMS 0x0000000085200000, 0x0000000085100000| Complete 
|  82|0x0000000085200000, 0x0000000085300000, 0x0000000085300000|100%| O|  |TAMS 0x0000000085300000, 0x0000000085200000| Untracked 
|  83|0x0000000085300000, 0x0000000085300000, 0x0000000085400000|  0%| F|  |TAMS 0x0000000085300000, 0x0000000085300000| Untracked 
|  84|0x0000000085400000, 0x0000000085500000, 0x0000000085500000|100%| O|  |TAMS 0x0000000085500000, 0x0000000085400000| Untracked 
|  85|0x0000000085500000, 0x0000000085600000, 0x0000000085600000|100%| O|  |TAMS 0x0000000085600000, 0x0000000085500000| Complete 
|  86|0x0000000085600000, 0x0000000085700000, 0x0000000085700000|100%| O|  |TAMS 0x0000000085700000, 0x0000000085600000| Untracked 
|  87|0x0000000085700000, 0x0000000085800000, 0x0000000085800000|100%| O|  |TAMS 0x0000000085800000, 0x0000000085700000| Untracked 
|  88|0x0000000085800000, 0x0000000085900000, 0x0000000085900000|100%| O|  |TAMS 0x0000000085900000, 0x0000000085800000| Untracked 
|  89|0x0000000085900000, 0x0000000085a00000, 0x0000000085a00000|100%| O|  |TAMS 0x0000000085a00000, 0x0000000085900000| Untracked 
|  90|0x0000000085a00000, 0x0000000085b00000, 0x0000000085b00000|100%| O|  |TAMS 0x0000000085b00000, 0x0000000085a00000| Untracked 
|  91|0x0000000085b00000, 0x0000000085c00000, 0x0000000085c00000|100%| O|  |TAMS 0x0000000085c00000, 0x0000000085b00000| Untracked 
|  92|0x0000000085c00000, 0x0000000085d00000, 0x0000000085d00000|100%| O|  |TAMS 0x0000000085d00000, 0x0000000085c00000| Complete 
|  93|0x0000000085d00000, 0x0000000085e00000, 0x0000000085e00000|100%| O|  |TAMS 0x0000000085e00000, 0x0000000085d00000| Complete 
|  94|0x0000000085e00000, 0x0000000085f00000, 0x0000000085f00000|100%| O|  |TAMS 0x0000000085f00000, 0x0000000085e00000| Complete 
|  95|0x0000000085f00000, 0x0000000086000000, 0x0000000086000000|100%| O|  |TAMS 0x0000000086000000, 0x0000000085f00000| Untracked 
|  96|0x0000000086000000, 0x0000000086100000, 0x0000000086100000|100%| O|  |TAMS 0x0000000086100000, 0x0000000086000000| Untracked 
|  97|0x0000000086100000, 0x0000000086200000, 0x0000000086200000|100%| O|  |TAMS 0x0000000086200000, 0x0000000086100000| Complete 
|  98|0x0000000086200000, 0x0000000086300000, 0x0000000086300000|100%|HS|  |TAMS 0x0000000086300000, 0x0000000086200000| Complete 
|  99|0x0000000086300000, 0x0000000086400000, 0x0000000086400000|100%|HC|  |TAMS 0x0000000086400000, 0x0000000086300000| Complete 
| 100|0x0000000086400000, 0x0000000086500000, 0x0000000086500000|100%|HC|  |TAMS 0x0000000086500000, 0x0000000086400000| Complete 
| 101|0x0000000086500000, 0x0000000086600000, 0x0000000086600000|100%|HC|  |TAMS 0x0000000086600000, 0x0000000086500000| Complete 
| 102|0x0000000086600000, 0x0000000086700000, 0x0000000086700000|100%|HC|  |TAMS 0x0000000086700000, 0x0000000086600000| Complete 
| 103|0x0000000086700000, 0x0000000086800000, 0x0000000086800000|100%|HC|  |TAMS 0x0000000086800000, 0x0000000086700000| Complete 
| 104|0x0000000086800000, 0x0000000086900000, 0x0000000086900000|100%|HC|  |TAMS 0x0000000086900000, 0x0000000086800000| Complete 
| 105|0x0000000086900000, 0x0000000086a00000, 0x0000000086a00000|100%|HC|  |TAMS 0x0000000086a00000, 0x0000000086900000| Complete 
| 106|0x0000000086a00000, 0x0000000086b00000, 0x0000000086b00000|100%| O|  |TAMS 0x0000000086b00000, 0x0000000086a00000| Untracked 
| 107|0x0000000086b00000, 0x0000000086c00000, 0x0000000086c00000|100%| O|  |TAMS 0x0000000086c00000, 0x0000000086b00000| Untracked 
| 108|0x0000000086c00000, 0x0000000086d00000, 0x0000000086d00000|100%| O|  |TAMS 0x0000000086d00000, 0x0000000086c00000| Untracked 
| 109|0x0000000086d00000, 0x0000000086e00000, 0x0000000086e00000|100%| O|  |TAMS 0x0000000086e00000, 0x0000000086d00000| Untracked 
| 110|0x0000000086e00000, 0x0000000086f00000, 0x0000000086f00000|100%| O|  |TAMS 0x0000000086f00000, 0x0000000086e00000| Untracked 
| 111|0x0000000086f00000, 0x0000000087000000, 0x0000000087000000|100%| O|  |TAMS 0x0000000087000000, 0x0000000086f00000| Untracked 
| 112|0x0000000087000000, 0x0000000087100000, 0x0000000087100000|100%| O|  |TAMS 0x0000000087100000, 0x0000000087000000| Complete 
| 113|0x0000000087100000, 0x0000000087200000, 0x0000000087200000|100%| O|  |TAMS 0x0000000087200000, 0x0000000087100000| Complete 
| 114|0x0000000087200000, 0x0000000087300000, 0x0000000087300000|100%| O|  |TAMS 0x0000000087200000, 0x0000000087200000| Untracked 
| 115|0x0000000087300000, 0x0000000087400000, 0x0000000087400000|100%| O|  |TAMS 0x0000000087300000, 0x0000000087300000| Untracked 
| 116|0x0000000087400000, 0x0000000087500000, 0x0000000087500000|100%| O|  |TAMS 0x0000000087400000, 0x0000000087400000| Untracked 
| 117|0x0000000087500000, 0x0000000087600000, 0x0000000087600000|100%| O|  |TAMS 0x0000000087500000, 0x0000000087500000| Untracked 
| 118|0x0000000087600000, 0x0000000087700000, 0x0000000087700000|100%| O|  |TAMS 0x0000000087600000, 0x0000000087600000| Untracked 
| 119|0x0000000087700000, 0x0000000087800000, 0x0000000087800000|100%| O|  |TAMS 0x0000000087700000, 0x0000000087700000| Untracked 
| 120|0x0000000087800000, 0x0000000087900000, 0x0000000087900000|100%| O|  |TAMS 0x0000000087800000, 0x0000000087800000| Untracked 
| 121|0x0000000087900000, 0x0000000087a00000, 0x0000000087a00000|100%| O|  |TAMS 0x0000000087900000, 0x0000000087900000| Untracked 
| 122|0x0000000087a00000, 0x0000000087b00000, 0x0000000087b00000|100%|HS|  |TAMS 0x0000000087b00000, 0x0000000087a00000| Complete 
| 123|0x0000000087b00000, 0x0000000087c00000, 0x0000000087c00000|100%| O|  |TAMS 0x0000000087c00000, 0x0000000087b00000| Untracked 
| 124|0x0000000087c00000, 0x0000000087d00000, 0x0000000087d00000|100%| O|  |TAMS 0x0000000087d00000, 0x0000000087c00000| Untracked 
| 125|0x0000000087d00000, 0x0000000087e00000, 0x0000000087e00000|100%|HS|  |TAMS 0x0000000087e00000, 0x0000000087d00000| Complete 
| 126|0x0000000087e00000, 0x0000000087f00000, 0x0000000087f00000|100%| O|  |TAMS 0x0000000087f00000, 0x0000000087e00000| Untracked 
| 127|0x0000000087f00000, 0x0000000088000000, 0x0000000088000000|100%| O|  |TAMS 0x0000000088000000, 0x0000000087f00000| Untracked 
| 128|0x0000000088000000, 0x0000000088100000, 0x0000000088100000|100%| O|  |TAMS 0x0000000088100000, 0x0000000088000000| Untracked 
| 129|0x0000000088100000, 0x0000000088200000, 0x0000000088200000|100%| O|  |TAMS 0x0000000088200000, 0x0000000088100000| Untracked 
| 130|0x0000000088200000, 0x0000000088300000, 0x0000000088300000|100%| O|  |TAMS 0x0000000088300000, 0x0000000088200000| Complete 
| 131|0x0000000088300000, 0x0000000088400000, 0x0000000088400000|100%| O|  |TAMS 0x0000000088400000, 0x0000000088300000| Untracked 
| 132|0x0000000088400000, 0x0000000088500000, 0x0000000088500000|100%| O|  |TAMS 0x0000000088500000, 0x0000000088400000| Untracked 
| 133|0x0000000088500000, 0x0000000088600000, 0x0000000088600000|100%| O|  |TAMS 0x0000000088600000, 0x0000000088500000| Untracked 
| 134|0x0000000088600000, 0x0000000088700000, 0x0000000088700000|100%| O|  |TAMS 0x0000000088700000, 0x0000000088600000| Untracked 
| 135|0x0000000088700000, 0x0000000088800000, 0x0000000088800000|100%| O|  |TAMS 0x0000000088800000, 0x0000000088700000| Untracked 
| 136|0x0000000088800000, 0x0000000088900000, 0x0000000088900000|100%| O|  |TAMS 0x0000000088900000, 0x0000000088800000| Complete 
| 137|0x0000000088900000, 0x0000000088900000, 0x0000000088a00000|  0%| F|  |TAMS 0x0000000088900000, 0x0000000088900000| Untracked 
| 138|0x0000000088a00000, 0x0000000088b00000, 0x0000000088b00000|100%| O|  |TAMS 0x0000000088b00000, 0x0000000088a00000| Complete 
| 139|0x0000000088b00000, 0x0000000088c00000, 0x0000000088c00000|100%| O|  |TAMS 0x0000000088c00000, 0x0000000088b00000| Complete 
| 140|0x0000000088c00000, 0x0000000088d00000, 0x0000000088d00000|100%| O|  |TAMS 0x0000000088d00000, 0x0000000088c00000| Untracked 
| 141|0x0000000088d00000, 0x0000000088e00000, 0x0000000088e00000|100%| O|  |TAMS 0x0000000088e00000, 0x0000000088d00000| Untracked 
| 142|0x0000000088e00000, 0x0000000088f00000, 0x0000000088f00000|100%| O|  |TAMS 0x0000000088f00000, 0x0000000088e00000| Untracked 
| 143|0x0000000088f00000, 0x0000000089000000, 0x0000000089000000|100%| O|  |TAMS 0x0000000089000000, 0x0000000088f00000| Untracked 
| 144|0x0000000089000000, 0x0000000089100000, 0x0000000089100000|100%| O|  |TAMS 0x0000000089100000, 0x0000000089000000| Untracked 
| 145|0x0000000089100000, 0x0000000089200000, 0x0000000089200000|100%| O|  |TAMS 0x0000000089200000, 0x0000000089100000| Untracked 
| 146|0x0000000089200000, 0x0000000089200000, 0x0000000089300000|  0%| F|  |TAMS 0x0000000089200000, 0x0000000089200000| Untracked 
| 147|0x0000000089300000, 0x0000000089400000, 0x0000000089400000|100%| O|  |TAMS 0x0000000089400000, 0x0000000089300000| Untracked 
| 148|0x0000000089400000, 0x0000000089500000, 0x0000000089500000|100%| O|  |TAMS 0x0000000089500000, 0x0000000089400000| Untracked 
| 149|0x0000000089500000, 0x0000000089600000, 0x0000000089600000|100%| O|  |TAMS 0x0000000089600000, 0x0000000089500000| Untracked 
| 150|0x0000000089600000, 0x0000000089700000, 0x0000000089700000|100%| O|  |TAMS 0x0000000089700000, 0x0000000089600000| Untracked 
| 151|0x0000000089700000, 0x0000000089800000, 0x0000000089800000|100%| O|  |TAMS 0x0000000089800000, 0x0000000089700000| Untracked 
| 152|0x0000000089800000, 0x0000000089900000, 0x0000000089900000|100%| O|  |TAMS 0x0000000089900000, 0x0000000089800000| Untracked 
| 153|0x0000000089900000, 0x0000000089a00000, 0x0000000089a00000|100%| O|  |TAMS 0x0000000089a00000, 0x0000000089900000| Complete 
| 154|0x0000000089a00000, 0x0000000089b00000, 0x0000000089b00000|100%| O|  |TAMS 0x0000000089b00000, 0x0000000089a00000| Complete 
| 155|0x0000000089b00000, 0x0000000089c00000, 0x0000000089c00000|100%| O|  |TAMS 0x0000000089c00000, 0x0000000089b00000| Untracked 
| 156|0x0000000089c00000, 0x0000000089d00000, 0x0000000089d00000|100%| O|  |TAMS 0x0000000089d00000, 0x0000000089c00000| Complete 
| 157|0x0000000089d00000, 0x0000000089e00000, 0x0000000089e00000|100%| O|  |TAMS 0x0000000089e00000, 0x0000000089d00000| Untracked 
| 158|0x0000000089e00000, 0x0000000089f00000, 0x0000000089f00000|100%|HS|  |TAMS 0x0000000089e00000, 0x0000000089e00000| Complete 
| 159|0x0000000089f00000, 0x000000008a000000, 0x000000008a000000|100%|HS|  |TAMS 0x0000000089f00000, 0x0000000089f00000| Complete 
| 160|0x000000008a000000, 0x000000008a100000, 0x000000008a100000|100%| O|  |TAMS 0x000000008a100000, 0x000000008a000000| Untracked 
| 161|0x000000008a100000, 0x000000008a200000, 0x000000008a200000|100%| O|  |TAMS 0x000000008a200000, 0x000000008a100000| Untracked 
| 162|0x000000008a200000, 0x000000008a300000, 0x000000008a300000|100%| O|  |TAMS 0x000000008a300000, 0x000000008a200000| Untracked 
| 163|0x000000008a300000, 0x000000008a400000, 0x000000008a400000|100%| O|  |TAMS 0x000000008a400000, 0x000000008a300000| Untracked 
| 164|0x000000008a400000, 0x000000008a500000, 0x000000008a500000|100%| O|  |TAMS 0x000000008a500000, 0x000000008a400000| Untracked 
| 165|0x000000008a500000, 0x000000008a600000, 0x000000008a600000|100%| O|  |TAMS 0x000000008a600000, 0x000000008a500000| Untracked 
| 166|0x000000008a600000, 0x000000008a700000, 0x000000008a700000|100%| O|  |TAMS 0x000000008a700000, 0x000000008a600000| Untracked 
| 167|0x000000008a700000, 0x000000008a800000, 0x000000008a800000|100%| O|  |TAMS 0x000000008a800000, 0x000000008a700000| Complete 
| 168|0x000000008a800000, 0x000000008a900000, 0x000000008a900000|100%| O|  |TAMS 0x000000008a900000, 0x000000008a800000| Complete 
| 169|0x000000008a900000, 0x000000008aa00000, 0x000000008aa00000|100%| O|  |TAMS 0x000000008aa00000, 0x000000008a900000| Untracked 
| 170|0x000000008aa00000, 0x000000008ab00000, 0x000000008ab00000|100%| O|  |TAMS 0x000000008ab00000, 0x000000008aa00000| Untracked 
| 171|0x000000008ab00000, 0x000000008ac00000, 0x000000008ac00000|100%| O|  |TAMS 0x000000008ac00000, 0x000000008ab00000| Complete 
| 172|0x000000008ac00000, 0x000000008ad00000, 0x000000008ad00000|100%| O|  |TAMS 0x000000008ac00000, 0x000000008ac00000| Untracked 
| 173|0x000000008ad00000, 0x000000008ae00000, 0x000000008ae00000|100%| O|  |TAMS 0x000000008ad00000, 0x000000008ad00000| Untracked 
| 174|0x000000008ae00000, 0x000000008af00000, 0x000000008af00000|100%| O|  |TAMS 0x000000008ae00000, 0x000000008ae00000| Untracked 
| 175|0x000000008af00000, 0x000000008b000000, 0x000000008b000000|100%| O|  |TAMS 0x000000008af00000, 0x000000008af00000| Untracked 
| 176|0x000000008b000000, 0x000000008b100000, 0x000000008b100000|100%| O|  |TAMS 0x000000008b000000, 0x000000008b000000| Untracked 
| 177|0x000000008b100000, 0x000000008b200000, 0x000000008b200000|100%| O|  |TAMS 0x000000008b100000, 0x000000008b100000| Untracked 
| 178|0x000000008b200000, 0x000000008b300000, 0x000000008b300000|100%| O|  |TAMS 0x000000008b200000, 0x000000008b200000| Untracked 
| 179|0x000000008b300000, 0x000000008b400000, 0x000000008b400000|100%| O|  |TAMS 0x000000008b300000, 0x000000008b300000| Untracked 
| 180|0x000000008b400000, 0x000000008b500000, 0x000000008b500000|100%| O|  |TAMS 0x000000008b400000, 0x000000008b400000| Untracked 
| 181|0x000000008b500000, 0x000000008b600000, 0x000000008b600000|100%| O|  |TAMS 0x000000008b500000, 0x000000008b500000| Untracked 
| 182|0x000000008b600000, 0x000000008b700000, 0x000000008b700000|100%| O|  |TAMS 0x000000008b600000, 0x000000008b600000| Untracked 
| 183|0x000000008b700000, 0x000000008b800000, 0x000000008b800000|100%| O|  |TAMS 0x000000008b700000, 0x000000008b700000| Untracked 
| 184|0x000000008b800000, 0x000000008b900000, 0x000000008b900000|100%| O|  |TAMS 0x000000008b800000, 0x000000008b800000| Untracked 
| 185|0x000000008b900000, 0x000000008b900000, 0x000000008ba00000|  0%| F|  |TAMS 0x000000008b900000, 0x000000008b900000| Untracked 
| 186|0x000000008ba00000, 0x000000008ba00000, 0x000000008bb00000|  0%| F|  |TAMS 0x000000008ba00000, 0x000000008ba00000| Untracked 
| 187|0x000000008bb00000, 0x000000008bb00000, 0x000000008bc00000|  0%| F|  |TAMS 0x000000008bb00000, 0x000000008bb00000| Untracked 
| 188|0x000000008bc00000, 0x000000008bc00000, 0x000000008bd00000|  0%| F|  |TAMS 0x000000008bc00000, 0x000000008bc00000| Untracked 
| 189|0x000000008bd00000, 0x000000008bd00000, 0x000000008be00000|  0%| F|  |TAMS 0x000000008bd00000, 0x000000008bd00000| Untracked 
| 190|0x000000008be00000, 0x000000008bf00000, 0x000000008bf00000|100%| O|  |TAMS 0x000000008bf00000, 0x000000008be00000| Complete 
| 191|0x000000008bf00000, 0x000000008c000000, 0x000000008c000000|100%| O|  |TAMS 0x000000008c000000, 0x000000008bf00000| Untracked 
| 192|0x000000008c000000, 0x000000008c100000, 0x000000008c100000|100%| O|  |TAMS 0x000000008c100000, 0x000000008c000000| Complete 
| 193|0x000000008c100000, 0x000000008c200000, 0x000000008c200000|100%| O|  |TAMS 0x000000008c200000, 0x000000008c100000| Complete 
| 194|0x000000008c200000, 0x000000008c300000, 0x000000008c300000|100%| O|  |TAMS 0x000000008c300000, 0x000000008c200000| Complete 
| 195|0x000000008c300000, 0x000000008c400000, 0x000000008c400000|100%| O|  |TAMS 0x000000008c400000, 0x000000008c300000| Untracked 
| 196|0x000000008c400000, 0x000000008c500000, 0x000000008c500000|100%| O|  |TAMS 0x000000008c500000, 0x000000008c400000| Untracked 
| 197|0x000000008c500000, 0x000000008c600000, 0x000000008c600000|100%| O|  |TAMS 0x000000008c600000, 0x000000008c500000| Untracked 
| 198|0x000000008c600000, 0x000000008c700000, 0x000000008c700000|100%| O|  |TAMS 0x000000008c700000, 0x000000008c600000| Untracked 
| 199|0x000000008c700000, 0x000000008c800000, 0x000000008c800000|100%| O|  |TAMS 0x000000008c800000, 0x000000008c700000| Complete 
| 200|0x000000008c800000, 0x000000008c800000, 0x000000008c900000|  0%| F|  |TAMS 0x000000008c800000, 0x000000008c800000| Untracked 
| 201|0x000000008c900000, 0x000000008c900000, 0x000000008ca00000|  0%| F|  |TAMS 0x000000008c900000, 0x000000008c900000| Untracked 
| 202|0x000000008ca00000, 0x000000008ca00000, 0x000000008cb00000|  0%| F|  |TAMS 0x000000008ca00000, 0x000000008ca00000| Untracked 
| 203|0x000000008cb00000, 0x000000008cb00000, 0x000000008cc00000|  0%| F|  |TAMS 0x000000008cb00000, 0x000000008cb00000| Untracked 
| 204|0x000000008cc00000, 0x000000008cc00000, 0x000000008cd00000|  0%| F|  |TAMS 0x000000008cc00000, 0x000000008cc00000| Untracked 
| 205|0x000000008cd00000, 0x000000008cd00000, 0x000000008ce00000|  0%| F|  |TAMS 0x000000008cd00000, 0x000000008cd00000| Untracked 
| 206|0x000000008ce00000, 0x000000008ce00000, 0x000000008cf00000|  0%| F|  |TAMS 0x000000008ce00000, 0x000000008ce00000| Untracked 
| 207|0x000000008cf00000, 0x000000008cf00000, 0x000000008d000000|  0%| F|  |TAMS 0x000000008cf00000, 0x000000008cf00000| Untracked 
| 208|0x000000008d000000, 0x000000008d000000, 0x000000008d100000|  0%| F|  |TAMS 0x000000008d000000, 0x000000008d000000| Untracked 
| 209|0x000000008d100000, 0x000000008d100000, 0x000000008d200000|  0%| F|  |TAMS 0x000000008d100000, 0x000000008d100000| Untracked 
| 210|0x000000008d200000, 0x000000008d200000, 0x000000008d300000|  0%| F|  |TAMS 0x000000008d200000, 0x000000008d200000| Untracked 
| 211|0x000000008d300000, 0x000000008d300000, 0x000000008d400000|  0%| F|  |TAMS 0x000000008d300000, 0x000000008d300000| Untracked 
| 212|0x000000008d400000, 0x000000008d400000, 0x000000008d500000|  0%| F|  |TAMS 0x000000008d400000, 0x000000008d400000| Untracked 
| 213|0x000000008d500000, 0x000000008d500000, 0x000000008d600000|  0%| F|  |TAMS 0x000000008d500000, 0x000000008d500000| Untracked 
| 214|0x000000008d600000, 0x000000008d600000, 0x000000008d700000|  0%| F|  |TAMS 0x000000008d600000, 0x000000008d600000| Untracked 
| 215|0x000000008d700000, 0x000000008d700000, 0x000000008d800000|  0%| F|  |TAMS 0x000000008d700000, 0x000000008d700000| Untracked 
| 216|0x000000008d800000, 0x000000008d800000, 0x000000008d900000|  0%| F|  |TAMS 0x000000008d800000, 0x000000008d800000| Untracked 
| 217|0x000000008d900000, 0x000000008d900000, 0x000000008da00000|  0%| F|  |TAMS 0x000000008d900000, 0x000000008d900000| Untracked 
| 218|0x000000008da00000, 0x000000008da00000, 0x000000008db00000|  0%| F|  |TAMS 0x000000008da00000, 0x000000008da00000| Untracked 
| 219|0x000000008db00000, 0x000000008db00000, 0x000000008dc00000|  0%| F|  |TAMS 0x000000008db00000, 0x000000008db00000| Untracked 
| 220|0x000000008dc00000, 0x000000008dc00000, 0x000000008dd00000|  0%| F|  |TAMS 0x000000008dc00000, 0x000000008dc00000| Untracked 
| 221|0x000000008dd00000, 0x000000008dd00000, 0x000000008de00000|  0%| F|  |TAMS 0x000000008dd00000, 0x000000008dd00000| Untracked 
| 222|0x000000008de00000, 0x000000008de00000, 0x000000008df00000|  0%| F|  |TAMS 0x000000008de00000, 0x000000008de00000| Untracked 
| 223|0x000000008df00000, 0x000000008df00000, 0x000000008e000000|  0%| F|  |TAMS 0x000000008df00000, 0x000000008df00000| Untracked 
| 224|0x000000008e000000, 0x000000008e000000, 0x000000008e100000|  0%| F|  |TAMS 0x000000008e000000, 0x000000008e000000| Untracked 
| 225|0x000000008e100000, 0x000000008e100000, 0x000000008e200000|  0%| F|  |TAMS 0x000000008e100000, 0x000000008e100000| Untracked 
| 226|0x000000008e200000, 0x000000008e200000, 0x000000008e300000|  0%| F|  |TAMS 0x000000008e200000, 0x000000008e200000| Untracked 
| 227|0x000000008e300000, 0x000000008e300000, 0x000000008e400000|  0%| F|  |TAMS 0x000000008e300000, 0x000000008e300000| Untracked 
| 228|0x000000008e400000, 0x000000008e400000, 0x000000008e500000|  0%| F|  |TAMS 0x000000008e400000, 0x000000008e400000| Untracked 
| 229|0x000000008e500000, 0x000000008e500000, 0x000000008e600000|  0%| F|  |TAMS 0x000000008e500000, 0x000000008e500000| Untracked 
| 230|0x000000008e600000, 0x000000008e600000, 0x000000008e700000|  0%| F|  |TAMS 0x000000008e600000, 0x000000008e600000| Untracked 
| 231|0x000000008e700000, 0x000000008e700000, 0x000000008e800000|  0%| F|  |TAMS 0x000000008e700000, 0x000000008e700000| Untracked 
| 232|0x000000008e800000, 0x000000008e800000, 0x000000008e900000|  0%| F|  |TAMS 0x000000008e800000, 0x000000008e800000| Untracked 
| 233|0x000000008e900000, 0x000000008e900000, 0x000000008ea00000|  0%| F|  |TAMS 0x000000008e900000, 0x000000008e900000| Untracked 
| 234|0x000000008ea00000, 0x000000008ea00000, 0x000000008eb00000|  0%| F|  |TAMS 0x000000008ea00000, 0x000000008ea00000| Untracked 
| 235|0x000000008eb00000, 0x000000008eb00000, 0x000000008ec00000|  0%| F|  |TAMS 0x000000008eb00000, 0x000000008eb00000| Untracked 
| 236|0x000000008ec00000, 0x000000008ec00000, 0x000000008ed00000|  0%| F|  |TAMS 0x000000008ec00000, 0x000000008ec00000| Untracked 
| 237|0x000000008ed00000, 0x000000008ed00000, 0x000000008ee00000|  0%| F|  |TAMS 0x000000008ed00000, 0x000000008ed00000| Untracked 
| 238|0x000000008ee00000, 0x000000008ee00000, 0x000000008ef00000|  0%| F|  |TAMS 0x000000008ee00000, 0x000000008ee00000| Untracked 
| 239|0x000000008ef00000, 0x000000008ef00000, 0x000000008f000000|  0%| F|  |TAMS 0x000000008ef00000, 0x000000008ef00000| Untracked 
| 240|0x000000008f000000, 0x000000008f000000, 0x000000008f100000|  0%| F|  |TAMS 0x000000008f000000, 0x000000008f000000| Untracked 
| 241|0x000000008f100000, 0x000000008f100000, 0x000000008f200000|  0%| F|  |TAMS 0x000000008f100000, 0x000000008f100000| Untracked 
| 242|0x000000008f200000, 0x000000008f200000, 0x000000008f300000|  0%| F|  |TAMS 0x000000008f200000, 0x000000008f200000| Untracked 
| 243|0x000000008f300000, 0x000000008f300000, 0x000000008f400000|  0%| F|  |TAMS 0x000000008f300000, 0x000000008f300000| Untracked 
| 244|0x000000008f400000, 0x000000008f400000, 0x000000008f500000|  0%| F|  |TAMS 0x000000008f400000, 0x000000008f400000| Untracked 
| 245|0x000000008f500000, 0x000000008f500000, 0x000000008f600000|  0%| F|  |TAMS 0x000000008f500000, 0x000000008f500000| Untracked 
| 246|0x000000008f600000, 0x000000008f600000, 0x000000008f700000|  0%| F|  |TAMS 0x000000008f600000, 0x000000008f600000| Untracked 
| 247|0x000000008f700000, 0x000000008f700000, 0x000000008f800000|  0%| F|  |TAMS 0x000000008f700000, 0x000000008f700000| Untracked 
| 248|0x000000008f800000, 0x000000008f800000, 0x000000008f900000|  0%| F|  |TAMS 0x000000008f800000, 0x000000008f800000| Untracked 
| 249|0x000000008f900000, 0x000000008f900000, 0x000000008fa00000|  0%| F|  |TAMS 0x000000008f900000, 0x000000008f900000| Untracked 
| 250|0x000000008fa00000, 0x000000008fa00000, 0x000000008fb00000|  0%| F|  |TAMS 0x000000008fa00000, 0x000000008fa00000| Untracked 
| 251|0x000000008fb00000, 0x000000008fb00000, 0x000000008fc00000|  0%| F|  |TAMS 0x000000008fb00000, 0x000000008fb00000| Untracked 
| 252|0x000000008fc00000, 0x000000008fc00000, 0x000000008fd00000|  0%| F|  |TAMS 0x000000008fc00000, 0x000000008fc00000| Untracked 
| 253|0x000000008fd00000, 0x000000008fd00000, 0x000000008fe00000|  0%| F|  |TAMS 0x000000008fd00000, 0x000000008fd00000| Untracked 
| 254|0x000000008fe00000, 0x000000008fe00000, 0x000000008ff00000|  0%| F|  |TAMS 0x000000008fe00000, 0x000000008fe00000| Untracked 
| 255|0x000000008ff00000, 0x000000008ff00000, 0x0000000090000000|  0%| F|  |TAMS 0x000000008ff00000, 0x000000008ff00000| Untracked 
| 256|0x0000000090000000, 0x0000000090000000, 0x0000000090100000|  0%| F|  |TAMS 0x0000000090000000, 0x0000000090000000| Untracked 
| 257|0x0000000090100000, 0x0000000090100000, 0x0000000090200000|  0%| F|  |TAMS 0x0000000090100000, 0x0000000090100000| Untracked 
| 258|0x0000000090200000, 0x0000000090200000, 0x0000000090300000|  0%| F|  |TAMS 0x0000000090200000, 0x0000000090200000| Untracked 
| 259|0x0000000090300000, 0x0000000090300000, 0x0000000090400000|  0%| F|  |TAMS 0x0000000090300000, 0x0000000090300000| Untracked 
| 260|0x0000000090400000, 0x0000000090400000, 0x0000000090500000|  0%| F|  |TAMS 0x0000000090400000, 0x0000000090400000| Untracked 
| 261|0x0000000090500000, 0x0000000090500000, 0x0000000090600000|  0%| F|  |TAMS 0x0000000090500000, 0x0000000090500000| Untracked 
| 262|0x0000000090600000, 0x0000000090600000, 0x0000000090700000|  0%| F|  |TAMS 0x0000000090600000, 0x0000000090600000| Untracked 
| 263|0x0000000090700000, 0x0000000090700000, 0x0000000090800000|  0%| F|  |TAMS 0x0000000090700000, 0x0000000090700000| Untracked 
| 264|0x0000000090800000, 0x0000000090800000, 0x0000000090900000|  0%| F|  |TAMS 0x0000000090800000, 0x0000000090800000| Untracked 
| 265|0x0000000090900000, 0x0000000090900000, 0x0000000090a00000|  0%| F|  |TAMS 0x0000000090900000, 0x0000000090900000| Untracked 
| 266|0x0000000090a00000, 0x0000000090a00000, 0x0000000090b00000|  0%| F|  |TAMS 0x0000000090a00000, 0x0000000090a00000| Untracked 
| 267|0x0000000090b00000, 0x0000000090b00000, 0x0000000090c00000|  0%| F|  |TAMS 0x0000000090b00000, 0x0000000090b00000| Untracked 
| 268|0x0000000090c00000, 0x0000000090c00000, 0x0000000090d00000|  0%| F|  |TAMS 0x0000000090c00000, 0x0000000090c00000| Untracked 
| 269|0x0000000090d00000, 0x0000000090d00000, 0x0000000090e00000|  0%| F|  |TAMS 0x0000000090d00000, 0x0000000090d00000| Untracked 
| 270|0x0000000090e00000, 0x0000000090e00000, 0x0000000090f00000|  0%| F|  |TAMS 0x0000000090e00000, 0x0000000090e00000| Untracked 
| 271|0x0000000090f00000, 0x0000000090f00000, 0x0000000091000000|  0%| F|  |TAMS 0x0000000090f00000, 0x0000000090f00000| Untracked 
| 272|0x0000000091000000, 0x0000000091000000, 0x0000000091100000|  0%| F|  |TAMS 0x0000000091000000, 0x0000000091000000| Untracked 
| 273|0x0000000091100000, 0x0000000091100000, 0x0000000091200000|  0%| F|  |TAMS 0x0000000091100000, 0x0000000091100000| Untracked 
| 274|0x0000000091200000, 0x0000000091200000, 0x0000000091300000|  0%| F|  |TAMS 0x0000000091200000, 0x0000000091200000| Untracked 
| 275|0x0000000091300000, 0x0000000091300000, 0x0000000091400000|  0%| F|  |TAMS 0x0000000091300000, 0x0000000091300000| Untracked 
| 276|0x0000000091400000, 0x0000000091400000, 0x0000000091500000|  0%| F|  |TAMS 0x0000000091400000, 0x0000000091400000| Untracked 
| 277|0x0000000091500000, 0x0000000091500000, 0x0000000091600000|  0%| F|  |TAMS 0x0000000091500000, 0x0000000091500000| Untracked 
| 278|0x0000000091600000, 0x0000000091600000, 0x0000000091700000|  0%| F|  |TAMS 0x0000000091600000, 0x0000000091600000| Untracked 
| 279|0x0000000091700000, 0x0000000091700000, 0x0000000091800000|  0%| F|  |TAMS 0x0000000091700000, 0x0000000091700000| Untracked 
| 280|0x0000000091800000, 0x0000000091800000, 0x0000000091900000|  0%| F|  |TAMS 0x0000000091800000, 0x0000000091800000| Untracked 
| 281|0x0000000091900000, 0x0000000091900000, 0x0000000091a00000|  0%| F|  |TAMS 0x0000000091900000, 0x0000000091900000| Untracked 
| 282|0x0000000091a00000, 0x0000000091a00000, 0x0000000091b00000|  0%| F|  |TAMS 0x0000000091a00000, 0x0000000091a00000| Untracked 
| 283|0x0000000091b00000, 0x0000000091b00000, 0x0000000091c00000|  0%| F|  |TAMS 0x0000000091b00000, 0x0000000091b00000| Untracked 
| 284|0x0000000091c00000, 0x0000000091c00000, 0x0000000091d00000|  0%| F|  |TAMS 0x0000000091c00000, 0x0000000091c00000| Untracked 
| 285|0x0000000091d00000, 0x0000000091d00000, 0x0000000091e00000|  0%| F|  |TAMS 0x0000000091d00000, 0x0000000091d00000| Untracked 
| 286|0x0000000091e00000, 0x0000000091e00000, 0x0000000091f00000|  0%| F|  |TAMS 0x0000000091e00000, 0x0000000091e00000| Untracked 
| 287|0x0000000091f00000, 0x0000000091f00000, 0x0000000092000000|  0%| F|  |TAMS 0x0000000091f00000, 0x0000000091f00000| Untracked 
| 288|0x0000000092000000, 0x0000000092000000, 0x0000000092100000|  0%| F|  |TAMS 0x0000000092000000, 0x0000000092000000| Untracked 
| 289|0x0000000092100000, 0x0000000092100000, 0x0000000092200000|  0%| F|  |TAMS 0x0000000092100000, 0x0000000092100000| Untracked 
| 290|0x0000000092200000, 0x0000000092200000, 0x0000000092300000|  0%| F|  |TAMS 0x0000000092200000, 0x0000000092200000| Untracked 
| 291|0x0000000092300000, 0x0000000092300000, 0x0000000092400000|  0%| F|  |TAMS 0x0000000092300000, 0x0000000092300000| Untracked 
| 292|0x0000000092400000, 0x0000000092400000, 0x0000000092500000|  0%| F|  |TAMS 0x0000000092400000, 0x0000000092400000| Untracked 
| 293|0x0000000092500000, 0x0000000092500000, 0x0000000092600000|  0%| F|  |TAMS 0x0000000092500000, 0x0000000092500000| Untracked 
| 294|0x0000000092600000, 0x0000000092600000, 0x0000000092700000|  0%| F|  |TAMS 0x0000000092600000, 0x0000000092600000| Untracked 
| 295|0x0000000092700000, 0x0000000092700000, 0x0000000092800000|  0%| F|  |TAMS 0x0000000092700000, 0x0000000092700000| Untracked 
| 296|0x0000000092800000, 0x0000000092900000, 0x0000000092900000|100%| S|CS|TAMS 0x0000000092800000, 0x0000000092800000| Complete 
| 297|0x0000000092900000, 0x0000000092a00000, 0x0000000092a00000|100%| S|CS|TAMS 0x0000000092900000, 0x0000000092900000| Complete 
| 298|0x0000000092a00000, 0x0000000092a00000, 0x0000000092b00000|  0%| F|  |TAMS 0x0000000092a00000, 0x0000000092a00000| Untracked 
| 299|0x0000000092b00000, 0x0000000092b00000, 0x0000000092c00000|  0%| F|  |TAMS 0x0000000092b00000, 0x0000000092b00000| Untracked 
| 300|0x0000000092c00000, 0x0000000092c00000, 0x0000000092d00000|  0%| F|  |TAMS 0x0000000092c00000, 0x0000000092c00000| Untracked 
| 301|0x0000000092d00000, 0x0000000092d00000, 0x0000000092e00000|  0%| F|  |TAMS 0x0000000092d00000, 0x0000000092d00000| Untracked 
| 302|0x0000000092e00000, 0x0000000092e00000, 0x0000000092f00000|  0%| F|  |TAMS 0x0000000092e00000, 0x0000000092e00000| Untracked 
| 303|0x0000000092f00000, 0x0000000092f00000, 0x0000000093000000|  0%| F|  |TAMS 0x0000000092f00000, 0x0000000092f00000| Untracked 
| 304|0x0000000093000000, 0x0000000093000000, 0x0000000093100000|  0%| F|  |TAMS 0x0000000093000000, 0x0000000093000000| Untracked 
| 305|0x0000000093100000, 0x0000000093100000, 0x0000000093200000|  0%| F|  |TAMS 0x0000000093100000, 0x0000000093100000| Untracked 
| 306|0x0000000093200000, 0x0000000093200000, 0x0000000093300000|  0%| F|  |TAMS 0x0000000093200000, 0x0000000093200000| Untracked 
| 307|0x0000000093300000, 0x0000000093300000, 0x0000000093400000|  0%| F|  |TAMS 0x0000000093300000, 0x0000000093300000| Untracked 
| 308|0x0000000093400000, 0x0000000093400000, 0x0000000093500000|  0%| F|  |TAMS 0x0000000093400000, 0x0000000093400000| Untracked 

Card table byte_map: [0x000001ba60e70000,0x000001ba61270000] _byte_map_base: 0x000001ba60a70000

Marking Bits (Prev, Next): (CMBitMap*) 0x000001ba495b1f98, (CMBitMap*) 0x000001ba495b1fd8
 Prev Bits: [0x000001ba61670000, 0x000001ba63670000)
 Next Bits: [0x000001ba63670000, 0x000001ba65670000)

Polling page: 0x000001ba474e0000

Metaspace:

Usage:
  Non-class:     75.67 MB capacity,    73.96 MB ( 98%) used,     1.48 MB (  2%) free+waste,   233.94 KB ( <1%) overhead. 
      Class:     12.00 MB capacity,    11.22 MB ( 93%) used,   696.11 KB (  6%) free+waste,   105.69 KB ( <1%) overhead. 
       Both:     87.68 MB capacity,    85.18 MB ( 97%) used,     2.16 MB (  2%) free+waste,   339.63 KB ( <1%) overhead. 

Virtual space:
  Non-class space:       76.00 MB reserved,      75.75 MB (>99%) committed 
      Class space:        1.00 GB reserved,      12.13 MB (  1%) committed 
             Both:        1.07 GB reserved,      87.88 MB (  8%) committed 

Chunk freelists:
   Non-Class:  15.00 KB
       Class:  0 bytes
        Both:  15.00 KB

MaxMetaspaceSize: 17179869184.00 GB
CompressedClassSpaceSize: 1.00 GB

CodeHeap 'non-profiled nmethods': size=120064Kb used=5971Kb max_used=5971Kb free=114093Kb
 bounds [0x000001ba59530000, 0x000001ba59b10000, 0x000001ba60a70000]
CodeHeap 'profiled nmethods': size=120000Kb used=24422Kb max_used=24422Kb free=95577Kb
 bounds [0x000001ba52000000, 0x000001ba53840000, 0x000001ba59530000]
CodeHeap 'non-nmethods': size=5696Kb used=2412Kb max_used=2474Kb free=3283Kb
 bounds [0x000001ba51a70000, 0x000001ba51cf0000, 0x000001ba52000000]
 total_blobs=16631 nmethods=10715 adapters=811
 compilation: enabled
              stopped_count=0, restarted_count=0
 full_count=0

Compilation events (20 events):
Event: 110.889 Thread 0x000001ba67839000 12637       2       com.android.tools.r8.code.P::a (1 bytes)
Event: 110.889 Thread 0x000001ba67839000 nmethod 12637 0x000001ba5319ed90 code [0x000001ba5319ef20, 0x000001ba5319f098]
Event: 110.920 Thread 0x000001ba67839000 12640       2       com.android.tools.r8.code.H2::a (1 bytes)
Event: 110.921 Thread 0x000001ba67839000 nmethod 12640 0x000001ba5319e810 code [0x000001ba5319e9a0, 0x000001ba5319eb18]
Event: 110.926 Thread 0x000001ba67839000 12642       2       com.android.tools.r8.code.N::a (1 bytes)
Event: 110.926 Thread 0x000001ba67839000 nmethod 12642 0x000001ba52667b10 code [0x000001ba52667ca0, 0x000001ba52667e18]
Event: 110.950 Thread 0x000001ba67831800 nmethod 12562 0x000001ba59aff190 code [0x000001ba59aff4a0, 0x000001ba59b029d0]
Event: 110.951 Thread 0x000001ba67839000 12644       2       com.android.tools.r8.code.z1::a (1 bytes)
Event: 110.951 Thread 0x000001ba67831800 12631       4       java.util.Spliterators$ArraySpliterator::forEachRemaining (68 bytes)
Event: 110.951 Thread 0x000001ba67839000 nmethod 12644 0x000001ba52667790 code [0x000001ba52667920, 0x000001ba52667a98]
Event: 110.955 Thread 0x000001ba67831800 nmethod 12631 0x000001ba59b03d90 code [0x000001ba59b03f20, 0x000001ba59b04138]
Event: 110.955 Thread 0x000001ba67831800 12563       4       com.android.tools.r8.code.Y0::a (1 bytes)
Event: 110.955 Thread 0x000001ba67831800 nmethod 12563 0x000001ba59b04310 code [0x000001ba59b044a0, 0x000001ba59b04518]
Event: 110.956 Thread 0x000001ba67831800 12593       4       com.android.tools.r8.graph.H$e::hashCode (11 bytes)
Event: 110.956 Thread 0x000001ba67831800 nmethod 12593 0x000001ba59b04610 code [0x000001ba59b047a0, 0x000001ba59b04818]
Event: 110.956 Thread 0x000001ba67831800 12573       4       com.android.tools.r8.code.a3::a (1 bytes)
Event: 110.957 Thread 0x000001ba67831800 nmethod 12573 0x000001ba59b04910 code [0x000001ba59b04aa0, 0x000001ba59b04b18]
Event: 110.957 Thread 0x000001ba67831800 12596       4       com.android.tools.r8.graph.Z::collectIndexedItems (64 bytes)
Event: 110.963 Thread 0x000001ba67839000 12645       2       com.android.tools.r8.code.m::a (1 bytes)
Event: 110.963 Thread 0x000001ba67839000 nmethod 12645 0x000001ba52667410 code [0x000001ba526675a0, 0x000001ba52667718]

GC Heap History (20 events):
Event: 99.266 GC heap after
{Heap after GC invocations=50 (full 0):
 garbage-first heap   total 192512K, used 103080K [0x0000000080000000, 0x0000000100000000)
  region size 1024K, 6 young (6144K), 6 survivors (6144K)
 Metaspace       used 81524K, capacity 83998K, committed 84224K, reserved 1122304K
  class space    used 10630K, capacity 11397K, committed 11520K, reserved 1048576K
}
Event: 101.025 GC heap before
{Heap before GC invocations=50 (full 0):
 garbage-first heap   total 192512K, used 143016K [0x0000000080000000, 0x0000000100000000)
  region size 1024K, 46 young (47104K), 6 survivors (6144K)
 Metaspace       used 82556K, capacity 85062K, committed 85376K, reserved 1122304K
  class space    used 10791K, capacity 11574K, committed 11648K, reserved 1048576K
}
Event: 101.059 GC heap after
{Heap after GC invocations=51 (full 0):
 garbage-first heap   total 192512K, used 105412K [0x0000000080000000, 0x0000000100000000)
  region size 1024K, 5 young (5120K), 5 survivors (5120K)
 Metaspace       used 82556K, capacity 85062K, committed 85376K, reserved 1122304K
  class space    used 10791K, capacity 11574K, committed 11648K, reserved 1048576K
}
Event: 103.126 GC heap before
{Heap before GC invocations=52 (full 0):
 garbage-first heap   total 194560K, used 182212K [0x0000000080000000, 0x0000000100000000)
  region size 1024K, 53 young (54272K), 5 survivors (5120K)
 Metaspace       used 84292K, capacity 86826K, committed 86912K, reserved 1124352K
  class space    used 11022K, capacity 11823K, committed 11904K, reserved 1048576K
}
Event: 103.271 GC heap after
{Heap after GC invocations=53 (full 0):
 garbage-first heap   total 206848K, used 142336K [0x0000000080000000, 0x0000000100000000)
  region size 1024K, 7 young (7168K), 7 survivors (7168K)
 Metaspace       used 84292K, capacity 86826K, committed 86912K, reserved 1124352K
  class space    used 11022K, capacity 11823K, committed 11904K, reserved 1048576K
}
Event: 103.328 GC heap before
{Heap before GC invocations=53 (full 0):
 garbage-first heap   total 206848K, used 144384K [0x0000000080000000, 0x0000000100000000)
  region size 1024K, 10 young (10240K), 7 survivors (7168K)
 Metaspace       used 84293K, capacity 86826K, committed 86912K, reserved 1124352K
  class space    used 11022K, capacity 11823K, committed 11904K, reserved 1048576K
}
Event: 103.416 GC heap after
{Heap after GC invocations=54 (full 0):
 garbage-first heap   total 206848K, used 144896K [0x0000000080000000, 0x0000000100000000)
  region size 1024K, 2 young (2048K), 2 survivors (2048K)
 Metaspace       used 84293K, capacity 86826K, committed 86912K, reserved 1124352K
  class space    used 11022K, capacity 11823K, committed 11904K, reserved 1048576K
}
Event: 104.648 GC heap before
{Heap before GC invocations=54 (full 0):
 garbage-first heap   total 206848K, used 169472K [0x0000000080000000, 0x0000000100000000)
  region size 1024K, 27 young (27648K), 2 survivors (2048K)
 Metaspace       used 85852K, capacity 88381K, committed 88448K, reserved 1126400K
  class space    used 11316K, capacity 12104K, committed 12160K, reserved 1048576K
}
Event: 104.716 GC heap after
{Heap after GC invocations=55 (full 0):
 garbage-first heap   total 206848K, used 157696K [0x0000000080000000, 0x0000000100000000)
  region size 1024K, 4 young (4096K), 4 survivors (4096K)
 Metaspace       used 85852K, capacity 88381K, committed 88448K, reserved 1126400K
  class space    used 11316K, capacity 12104K, committed 12160K, reserved 1048576K
}
Event: 105.766 GC heap before
{Heap before GC invocations=56 (full 0):
 garbage-first heap   total 265216K, used 168960K [0x0000000080000000, 0x0000000100000000)
  region size 1024K, 15 young (15360K), 4 survivors (4096K)
 Metaspace       used 85872K, capacity 88445K, committed 88704K, reserved 1126400K
  class space    used 11316K, capacity 12104K, committed 12160K, reserved 1048576K
}
Event: 105.877 GC heap after
{Heap after GC invocations=57 (full 0):
 garbage-first heap   total 265216K, used 164864K [0x0000000080000000, 0x0000000100000000)
  region size 1024K, 2 young (2048K), 2 survivors (2048K)
 Metaspace       used 85872K, capacity 88445K, committed 88704K, reserved 1126400K
  class space    used 11316K, capacity 12104K, committed 12160K, reserved 1048576K
}
Event: 106.328 GC heap before
{Heap before GC invocations=57 (full 0):
 garbage-first heap   total 265216K, used 186368K [0x0000000080000000, 0x0000000100000000)
  region size 1024K, 25 young (25600K), 2 survivors (2048K)
 Metaspace       used 85877K, capacity 88445K, committed 88704K, reserved 1126400K
  class space    used 11316K, capacity 12104K, committed 12160K, reserved 1048576K
}
Event: 106.404 GC heap after
{Heap after GC invocations=58 (full 0):
 garbage-first heap   total 265216K, used 178688K [0x0000000080000000, 0x0000000100000000)
  region size 1024K, 5 young (5120K), 5 survivors (5120K)
 Metaspace       used 85877K, capacity 88445K, committed 88704K, reserved 1126400K
  class space    used 11316K, capacity 12104K, committed 12160K, reserved 1048576K
}
Event: 108.123 GC heap before
{Heap before GC invocations=59 (full 0):
 garbage-first heap   total 306176K, used 204288K [0x0000000080000000, 0x0000000100000000)
  region size 1024K, 28 young (28672K), 5 survivors (5120K)
 Metaspace       used 86906K, capacity 89475K, committed 89600K, reserved 1126400K
  class space    used 11461K, capacity 12276K, committed 12288K, reserved 1048576K
}
Event: 108.242 GC heap after
{Heap after GC invocations=60 (full 0):
 garbage-first heap   total 306176K, used 192512K [0x0000000080000000, 0x0000000100000000)
  region size 1024K, 4 young (4096K), 4 survivors (4096K)
 Metaspace       used 86906K, capacity 89475K, committed 89600K, reserved 1126400K
  class space    used 11461K, capacity 12276K, committed 12288K, reserved 1048576K
}
Event: 108.525 GC heap before
{Heap before GC invocations=60 (full 0):
 garbage-first heap   total 306176K, used 200704K [0x0000000080000000, 0x0000000100000000)
  region size 1024K, 13 young (13312K), 4 survivors (4096K)
 Metaspace       used 86942K, capacity 89478K, committed 89600K, reserved 1126400K
  class space    used 11465K, capacity 12277K, committed 12288K, reserved 1048576K
}
Event: 108.616 GC heap after
{Heap after GC invocations=61 (full 0):
 garbage-first heap   total 306176K, used 196504K [0x0000000080000000, 0x0000000100000000)
  region size 1024K, 4 young (4096K), 4 survivors (4096K)
 Metaspace       used 86942K, capacity 89478K, committed 89600K, reserved 1126400K
  class space    used 11465K, capacity 12277K, committed 12288K, reserved 1048576K
}
Event: 110.378 GC heap before
{Heap before GC invocations=62 (full 0):
 garbage-first heap   total 316416K, used 208792K [0x0000000080000000, 0x0000000100000000)
  region size 1024K, 25 young (25600K), 4 survivors (4096K)
 Metaspace       used 87222K, capacity 89781K, committed 89984K, reserved 1126400K
  class space    used 11490K, capacity 12292K, committed 12416K, reserved 1048576K
}
Event: 110.508 GC heap after
{Heap after GC invocations=63 (full 0):
 garbage-first heap   total 316416K, used 195072K [0x0000000080000000, 0x0000000100000000)
  region size 1024K, 4 young (4096K), 4 survivors (4096K)
 Metaspace       used 87222K, capacity 89781K, committed 89984K, reserved 1126400K
  class space    used 11490K, capacity 12292K, committed 12416K, reserved 1048576K
}
Event: 111.001 GC heap before
{Heap before GC invocations=63 (full 0):
 garbage-first heap   total 316416K, used 208384K [0x0000000080000000, 0x0000000100000000)
  region size 1024K, 15 young (15360K), 4 survivors (4096K)
 Metaspace       used 87226K, capacity 89781K, committed 89984K, reserved 1126400K
  class space    used 11490K, capacity 12292K, committed 12416K, reserved 1048576K
}

Deoptimization events (20 events):
Event: 109.752 Thread 0x000001ba6e5f2800 Uncommon trap: trap_request=0xffffffc6 fr.pc=0x000001ba599efa1c relative=0x00000000000002dc
Event: 109.752 Thread 0x000001ba6e5f2800 Uncommon trap: reason=bimorphic_or_optimized_type_check action=maybe_recompile pc=0x000001ba599efa1c method=java.util.Collections$SetFromMap.contains(Ljava/lang/Object;)Z @ 5 c2
Event: 109.752 Thread 0x000001ba6e5f2800 DEOPT PACKING pc=0x000001ba599efa1c sp=0x000000927d3fd5a0
Event: 109.752 Thread 0x000001ba6e5f2800 DEOPT UNPACKING pc=0x000001ba51ab942f sp=0x000000927d3fd548 mode 2
Event: 109.752 Thread 0x000001ba6e5f2800 Uncommon trap: trap_request=0xffffffc6 fr.pc=0x000001ba599efa1c relative=0x00000000000002dc
Event: 109.752 Thread 0x000001ba6e5f2800 Uncommon trap: reason=bimorphic_or_optimized_type_check action=maybe_recompile pc=0x000001ba599efa1c method=java.util.Collections$SetFromMap.contains(Ljava/lang/Object;)Z @ 5 c2
Event: 109.752 Thread 0x000001ba6e5f2800 DEOPT PACKING pc=0x000001ba599efa1c sp=0x000000927d3fd520
Event: 109.752 Thread 0x000001ba6e5f2800 DEOPT UNPACKING pc=0x000001ba51ab942f sp=0x000000927d3fd4c8 mode 2
Event: 109.752 Thread 0x000001ba6e5f2800 Uncommon trap: trap_request=0xffffffc6 fr.pc=0x000001ba599efa1c relative=0x00000000000002dc
Event: 109.752 Thread 0x000001ba6e5f2800 Uncommon trap: reason=bimorphic_or_optimized_type_check action=maybe_recompile pc=0x000001ba599efa1c method=java.util.Collections$SetFromMap.contains(Ljava/lang/Object;)Z @ 5 c2
Event: 109.752 Thread 0x000001ba6e5f2800 DEOPT PACKING pc=0x000001ba599efa1c sp=0x000000927d3fd520
Event: 109.752 Thread 0x000001ba6e5f2800 DEOPT UNPACKING pc=0x000001ba51ab942f sp=0x000000927d3fd4c8 mode 2
Event: 109.870 Thread 0x000001ba6e5f2800 Uncommon trap: trap_request=0xffffffe4 fr.pc=0x000001ba5999a520 relative=0x0000000000000280
Event: 109.870 Thread 0x000001ba6e5f2800 Uncommon trap: reason=range_check action=make_not_entrant pc=0x000001ba5999a520 method=com.android.tools.r8.graph.e0.c(Lcom/android/tools/r8/graph/e0;)I @ 23 c2
Event: 109.870 Thread 0x000001ba6e5f2800 DEOPT PACKING pc=0x000001ba5999a520 sp=0x000000927d3fd190
Event: 109.870 Thread 0x000001ba6e5f2800 DEOPT UNPACKING pc=0x000001ba51ab942f sp=0x000000927d3fd118 mode 2
Event: 110.091 Thread 0x000001ba6e5f2800 Uncommon trap: trap_request=0xffffff45 fr.pc=0x000001ba59876028 relative=0x0000000000000308
Event: 110.091 Thread 0x000001ba6e5f2800 Uncommon trap: reason=unstable_if action=reinterpret pc=0x000001ba59876028 method=com.android.tools.r8.graph.e0.c(Lcom/android/tools/r8/graph/e0;)I @ 80 c2
Event: 110.091 Thread 0x000001ba6e5f2800 DEOPT PACKING pc=0x000001ba59876028 sp=0x000000927d3fd270
Event: 110.091 Thread 0x000001ba6e5f2800 DEOPT UNPACKING pc=0x000001ba51ab942f sp=0x000000927d3fd210 mode 2

Classes unloaded (6 events):
Event: 22.529 Thread 0x000001ba6780f800 Unloading class 0x0000000801054c40 'org/gradle/api/internal/artifacts/ivyservice/ivyresolve/ErrorHandlingModuleComponentRepository$ErrorHandlingModuleComponentRepositoryAccess$$Lambda$235'
Event: 96.499 Thread 0x000001ba6780f800 Unloading class 0x00000008014c5840 'org/gradle/internal/execution/steps/ResolveChangesStep$$Lambda$546'
Event: 96.499 Thread 0x000001ba6780f800 Unloading class 0x00000008014bc840 'java/lang/invoke/LambdaForm$MH'
Event: 96.499 Thread 0x000001ba6780f800 Unloading class 0x00000008014bb440 'org/gradle/api/internal/artifacts/transform/DefaultTransformerInvocationFactory$$Lambda$522'
Event: 96.499 Thread 0x000001ba6780f800 Unloading class 0x00000008014bb040 'java/lang/invoke/LambdaForm$DMH'
Event: 107.025 Thread 0x000001ba6780f800 Unloading class 0x00000008016a8c40 'com/android/tools/r8/dex/n$$Lambda$745'

Classes redefined (0 events):
No events

Internal exceptions (20 events):
Event: 98.129 Thread 0x000001ba68e51800 Exception <a 'sun/nio/fs/WindowsException'{0x0000000089fdfb78}> (0x0000000089fdfb78) 
thrown [t:/workspace/open/src/hotspot/share/prims/jni.cpp, line 598]
Event: 98.129 Thread 0x000001ba68e51800 Exception <a 'sun/nio/fs/WindowsException'{0x0000000089fe07d8}> (0x0000000089fe07d8) 
thrown [t:/workspace/open/src/hotspot/share/prims/jni.cpp, line 598]
Event: 98.134 Thread 0x000001ba68e51800 Exception <a 'sun/nio/fs/WindowsException'{0x0000000089e23c18}> (0x0000000089e23c18) 
thrown [t:/workspace/open/src/hotspot/share/prims/jni.cpp, line 598]
Event: 98.134 Thread 0x000001ba68e51800 Exception <a 'sun/nio/fs/WindowsException'{0x0000000089e24558}> (0x0000000089e24558) 
thrown [t:/workspace/open/src/hotspot/share/prims/jni.cpp, line 598]
Event: 98.134 Thread 0x000001ba68e51800 Exception <a 'sun/nio/fs/WindowsException'{0x0000000089e24f18}> (0x0000000089e24f18) 
thrown [t:/workspace/open/src/hotspot/share/prims/jni.cpp, line 598]
Event: 98.135 Thread 0x000001ba68e51800 Exception <a 'sun/nio/fs/WindowsException'{0x0000000089e26b78}> (0x0000000089e26b78) 
thrown [t:/workspace/open/src/hotspot/share/prims/jni.cpp, line 598]
Event: 98.135 Thread 0x000001ba68e51800 Exception <a 'sun/nio/fs/WindowsException'{0x0000000089e274c8}> (0x0000000089e274c8) 
thrown [t:/workspace/open/src/hotspot/share/prims/jni.cpp, line 598]
Event: 98.135 Thread 0x000001ba68e51800 Exception <a 'sun/nio/fs/WindowsException'{0x0000000089e27e98}> (0x0000000089e27e98) 
thrown [t:/workspace/open/src/hotspot/share/prims/jni.cpp, line 598]
Event: 100.284 Thread 0x000001ba68222800 Exception <a 'java/lang/NoSuchMethodError'{0x000000008a4d1950}: static Lcom/android/build/gradle/internal/tasks/Workers$ActionParameters;.<clinit>()V> (0x000000008a4d1950) 
thrown [t:/workspace/open/src/hotspot/share/prims/jni.cpp, line 1347]
Event: 100.287 Thread 0x000001ba68222800 Exception <a 'java/lang/NoSuchMethodError'{0x000000008a4e8740}: static Lcom/android/build/gradle/internal/tasks/DexMergingParams;.<clinit>()V> (0x000000008a4e8740) 
thrown [t:/workspace/open/src/hotspot/share/prims/jni.cpp, line 1347]
Event: 100.430 Thread 0x000001ba6e5f2800 Implicit null exception at 0x000001ba59983b14 to 0x000001ba59986112
Event: 101.100 Thread 0x000001ba6e5f2800 Exception <a 'sun/nio/fs/WindowsException'{0x000000008bbc9c10}> (0x000000008bbc9c10) 
thrown [t:/workspace/open/src/hotspot/share/prims/jni.cpp, line 598]
Event: 101.678 Thread 0x000001ba6e5f2800 Exception <a 'java/lang/NoSuchMethodError'{0x000000008b88df38}: 'java.lang.Object java.lang.invoke.DirectMethodHandle$Holder.invokeStatic(java.lang.Object, java.lang.Object, java.lang.Object, java.lang.Object, java.lang.Object, java.lang.Object, java.lang.Object, java.lang.Object, java.lang.Object, java.lang.Object, java.lang.Object, java.lang.Object, java.lang.Object, java.lang.Object, java.lang.Object, java.lang.Object, java.lang.Object, int, java.lang.Object)'> (0x000000008b88df38) 
thrown [t:/workspace
Event: 101.679 Thread 0x000001ba6e5f2800 Exception <a 'java/lang/NoSuchMethodError'{0x000000008b892950}: 'java.lang.Object java.lang.invoke.DirectMethodHandle$Holder.invokeStaticInit(java.lang.Object, java.lang.Object, java.lang.Object, java.lang.Object, java.lang.Object, java.lang.Object, java.lang.Object, java.lang.Object, java.lang.Object, java.lang.Object, java.lang.Object, java.lang.Object, java.lang.Object, java.lang.Object, java.lang.Object, java.lang.Object, java.lang.Object, int, java.lang.Object)'> (0x000000008b892950) 
thrown [t:/works
Event: 103.502 Thread 0x000001ba6e5f2000 Exception <a 'java/lang/NoSuchMethodError'{0x000000008bb05378}: 'java.lang.Object java.lang.invoke.DirectMethodHandle$Holder.newInvokeSpecial(java.lang.Object, int)'> (0x000000008bb05378) 
thrown [t:/workspace/open/src/hotspot/share/interpreter/linkResolver.cpp, line 767]
Event: 103.637 Thread 0x000001ba6e5f7800 Implicit null exception at 0x000001ba59737eaf to 0x000001ba59737fa2
Event: 103.643 Thread 0x000001ba6e5f7800 Exception <a 'java/lang/NoSuchMethodError'{0x000000008b7c9650}: 'long java.lang.invoke.DirectMethodHandle$Holder.invokeStatic(java.lang.Object, java.lang.Object, java.lang.Object)'> (0x000000008b7c9650) 
thrown [t:/workspace/open/src/hotspot/share/interpreter/linkResolver.cpp, line 767]
Event: 108.010 Thread 0x000001ba6e5f2800 Exception <a 'java/lang/NoSuchMethodError'{0x0000000091731240}: 'long java.lang.invoke.DirectMethodHandle$Holder.invokeStatic(java.lang.Object, java.lang.Object)'> (0x0000000091731240) 
thrown [t:/workspace/open/src/hotspot/share/interpreter/linkResolver.cpp, line 767]
Event: 108.028 Thread 0x000001ba6e5f7800 Exception <a 'java/lang/NoSuchMethodError'{0x000000009176ab08}: 'void java.lang.invoke.DirectMethodHandle$Holder.invokeSpecial(java.lang.Object, java.lang.Object, int, java.lang.Object)'> (0x000000009176ab08) 
thrown [t:/workspace/open/src/hotspot/share/interpreter/linkResolver.cpp, line 767]
Event: 108.045 Thread 0x000001ba6e5f2000 Exception <a 'java/lang/NoSuchMethodError'{0x0000000091633aa0}: 'void java.lang.invoke.DirectMethodHandle$Holder.invokeSpecial(java.lang.Object, java.lang.Object, int, java.lang.Object)'> (0x0000000091633aa0) 
thrown [t:/workspace/open/src/hotspot/share/interpreter/linkResolver.cpp, line 767]

Events (20 events):
Event: 109.726 loading class com/android/tools/r8/graph/b0 done
Event: 109.753 loading class com/android/tools/r8/dex/v
Event: 109.753 loading class com/android/tools/r8/dex/v done
Event: 109.753 loading class com/android/tools/r8/dex/v
Event: 109.753 loading class com/android/tools/r8/dex/v done
Event: 109.753 loading class com/android/tools/r8/graph/V
Event: 109.753 loading class com/android/tools/r8/graph/V done
Event: 109.755 loading class com/android/tools/r8/graph/H
Event: 109.755 loading class com/android/tools/r8/graph/H done
Event: 109.755 loading class com/android/tools/r8/graph/H
Event: 109.755 loading class com/android/tools/r8/graph/H done
Event: 109.756 loading class com/android/tools/r8/graph/H
Event: 109.756 loading class com/android/tools/r8/graph/H done
Event: 109.756 loading class com/android/tools/r8/graph/H
Event: 109.756 loading class com/android/tools/r8/graph/H done
Event: 109.757 loading class com/android/tools/r8/graph/H$h
Event: 109.757 loading class com/android/tools/r8/graph/H$h done
Event: 110.378 Executing VM operation: G1CollectForAllocation
Event: 110.542 Executing VM operation: G1CollectForAllocation done
Event: 111.001 Executing VM operation: G1CollectForAllocation


Dynamic libraries:
0x00007ff6452d0000 - 0x00007ff6452df000 	C:\Program Files\Java\jdk-13.0.2\bin\java.exe
0x00007ff845a20000 - 0x00007ff845c0d000 	C:\Windows\SYSTEM32\ntdll.dll
0x00007ff8452c0000 - 0x00007ff845373000 	C:\Windows\System32\KERNEL32.DLL
0x00007ff841ae0000 - 0x00007ff841d75000 	C:\Windows\System32\KERNELBASE.dll
0x00007ff8420b0000 - 0x00007ff8421aa000 	C:\Windows\System32\ucrtbase.dll
0x00007ff83add0000 - 0x00007ff83ade5000 	C:\Program Files\Java\jdk-13.0.2\bin\VCRUNTIME140.dll
0x00007ff83e390000 - 0x00007ff83e3a8000 	C:\Program Files\Java\jdk-13.0.2\bin\jli.dll
0x00007ff842f70000 - 0x00007ff843013000 	C:\Windows\System32\ADVAPI32.dll
0x00007ff845740000 - 0x00007ff8457de000 	C:\Windows\System32\msvcrt.dll
0x00007ff844eb0000 - 0x00007ff844f4e000 	C:\Windows\System32\sechost.dll
0x00007ff844d70000 - 0x00007ff844e92000 	C:\Windows\System32\RPCRT4.dll
0x00007ff843620000 - 0x00007ff8437b7000 	C:\Windows\System32\USER32.dll
0x00007ff842330000 - 0x00007ff842350000 	C:\Windows\System32\win32u.dll
0x00007ff8456a0000 - 0x00007ff8456c9000 	C:\Windows\System32\GDI32.dll
0x00007ff842aa0000 - 0x00007ff842c39000 	C:\Windows\System32\gdi32full.dll
0x00007ff841d80000 - 0x00007ff841e20000 	C:\Windows\System32\msvcp_win.dll
0x00007ff8305b0000 - 0x00007ff830829000 	C:\Windows\WinSxS\amd64_microsoft.windows.common-controls_6595b64144ccf1df_6.0.17763.1217_none_de6e4304534e0ad3\COMCTL32.dll
0x00007ff842c40000 - 0x00007ff842f6c000 	C:\Windows\System32\combase.dll
0x00007ff8421e0000 - 0x00007ff84225e000 	C:\Windows\System32\bcryptPrimitives.dll
0x00007ff83d520000 - 0x00007ff83d52a000 	C:\Windows\SYSTEM32\VERSION.dll
0x00007ff845610000 - 0x00007ff84563e000 	C:\Windows\System32\IMM32.DLL
0x00007ff827990000 - 0x00007ff827a2b000 	C:\Program Files\Java\jdk-13.0.2\bin\msvcp140.dll
0x00007ff81b700000 - 0x00007ff81c25d000 	C:\Program Files\Java\jdk-13.0.2\bin\server\jvm.dll
0x00007ff843610000 - 0x00007ff843618000 	C:\Windows\System32\PSAPI.DLL
0x00007ff83b280000 - 0x00007ff83b289000 	C:\Windows\SYSTEM32\WSOCK32.dll
0x00007ff844f50000 - 0x00007ff844fbd000 	C:\Windows\System32\WS2_32.dll
0x00007ff83fa10000 - 0x00007ff83fa34000 	C:\Windows\SYSTEM32\WINMM.dll
0x00007ff83f9e0000 - 0x00007ff83fa0d000 	C:\Windows\SYSTEM32\WINMMBASE.dll
0x00007ff841e20000 - 0x00007ff841e6a000 	C:\Windows\System32\cfgmgr32.dll
0x00007ff841a70000 - 0x00007ff841a81000 	C:\Windows\System32\kernel.appcore.dll
0x00007ff83fbb0000 - 0x00007ff83fbc0000 	C:\Program Files\Java\jdk-13.0.2\bin\verify.dll
0x00007ff831500000 - 0x00007ff8316ed000 	C:\Windows\SYSTEM32\DBGHELP.DLL
0x00007ff8313f0000 - 0x00007ff83141a000 	C:\Windows\SYSTEM32\dbgcore.DLL
0x00007ff838590000 - 0x00007ff8385b6000 	C:\Program Files\Java\jdk-13.0.2\bin\java.dll
0x00007ff83abb0000 - 0x00007ff83abc7000 	C:\Program Files\Java\jdk-13.0.2\bin\zip.dll
0x00007ff83b550000 - 0x00007ff83b55a000 	C:\Program Files\Java\jdk-13.0.2\bin\jimage.dll
0x00007ff8437c0000 - 0x00007ff844cb4000 	C:\Windows\System32\SHELL32.dll
0x00007ff844cc0000 - 0x00007ff844d68000 	C:\Windows\System32\shcore.dll
0x00007ff842350000 - 0x00007ff842a9e000 	C:\Windows\System32\windows.storage.dll
0x00007ff841a90000 - 0x00007ff841ab4000 	C:\Windows\System32\profapi.dll
0x00007ff841a10000 - 0x00007ff841a6d000 	C:\Windows\System32\powrprof.dll
0x00007ff845640000 - 0x00007ff845692000 	C:\Windows\System32\shlwapi.dll
0x00007ff842310000 - 0x00007ff842327000 	C:\Windows\System32\cryptsp.dll
0x00007ff835400000 - 0x00007ff835419000 	C:\Program Files\Java\jdk-13.0.2\bin\net.dll
0x00007ff8394b0000 - 0x00007ff8395a2000 	C:\Windows\SYSTEM32\WINHTTP.dll
0x00007ff8411d0000 - 0x00007ff841237000 	C:\Windows\system32\mswsock.dll
0x00007ff8310d0000 - 0x00007ff8310e3000 	C:\Program Files\Java\jdk-13.0.2\bin\nio.dll
0x00007ff8274c0000 - 0x00007ff8274e6000 	C:\Users\ELCOT\.gradle\caches\gradle-6.5\native\31\windows-amd64\native-platform.dll
0x00007ff83ae50000 - 0x00007ff83ae59000 	C:\Program Files\Java\jdk-13.0.2\bin\management.dll
0x00007ff83adc0000 - 0x00007ff83adcb000 	C:\Program Files\Java\jdk-13.0.2\bin\management_ext.dll
0x00007ff840d60000 - 0x00007ff840d93000 	C:\Windows\system32\rsaenh.dll
0x00007ff8421b0000 - 0x00007ff8421d6000 	C:\Windows\System32\bcrypt.dll
0x00007ff841940000 - 0x00007ff841968000 	C:\Windows\SYSTEM32\USERENV.dll
0x00007ff841350000 - 0x00007ff84135c000 	C:\Windows\SYSTEM32\CRYPTBASE.dll
0x00007ff840f00000 - 0x00007ff840f3d000 	C:\Windows\SYSTEM32\IPHLPAPI.DLL
0x00007ff8456d0000 - 0x00007ff8456d8000 	C:\Windows\System32\NSI.dll
0x00007ff839490000 - 0x00007ff8394a6000 	C:\Windows\SYSTEM32\dhcpcsvc6.DLL
0x00007ff839470000 - 0x00007ff83948c000 	C:\Windows\SYSTEM32\dhcpcsvc.DLL
0x00007ff840f40000 - 0x00007ff841007000 	C:\Windows\SYSTEM32\DNSAPI.dll

dbghelp: loaded successfully - version: 4.0.5 - missing functions: none
symbol engine: initialized successfully - sym options: 0x614 - pdb path: .;C:\Program Files\Java\jdk-13.0.2\bin;C:\Windows\SYSTEM32;C:\Windows\WinSxS\amd64_microsoft.windows.common-controls_6595b64144ccf1df_6.0.17763.1217_none_de6e4304534e0ad3;C:\Program Files\Java\jdk-13.0.2\bin\server;C:\Users\ELCOT\.gradle\caches\gradle-6.5\native\31\windows-amd64

VM Arguments:
jvm_args: --add-opens=java.base/java.util=ALL-UNNAMED --add-opens=java.base/java.lang=ALL-UNNAMED --add-opens=java.base/java.lang.invoke=ALL-UNNAMED --add-opens=java.prefs/java.util.prefs=ALL-UNNAMED -Xmx2048m -Dfile.encoding=windows-1252 -Duser.country=IN -Duser.language=en -Duser.variant 
java_command: org.gradle.launcher.daemon.bootstrap.GradleDaemon 6.1.1
java_class_path (initial): C:\Users\ELCOT\.gradle\caches\gradle-6.5\wrapper\dists\gradle-6.1.1-all\cfmwm155h49vnt3hynmlrsdst\gradle-6.1.1\lib\gradle-launcher-6.1.1.jar
Launcher Type: SUN_STANDARD

[Global flags]
     intx CICompilerCount                          = 2                                         {product} {ergonomic}
     uint ConcGCThreads                            = 1                                         {product} {ergonomic}
     uint G1ConcRefinementThreads                  = 2                                         {product} {ergonomic}
   size_t G1HeapRegionSize                         = 1048576                                   {product} {ergonomic}
    uintx GCDrainStackTargetSize                   = 64                                        {product} {ergonomic}
   size_t InitialHeapSize                          = 65011712                                  {product} {ergonomic}
   size_t MarkStackSize                            = 4194304                                   {product} {ergonomic}
   size_t MaxHeapSize                              = 2147483648                                {product} {command line}
   size_t MaxNewSize                               = 1287651328                                {product} {ergonomic}
   size_t MinHeapDeltaBytes                        = 1048576                                   {product} {ergonomic}
   size_t MinHeapSize                              = 8388608                                   {product} {ergonomic}
    uintx NonNMethodCodeHeapSize                   = 5826188                                {pd product} {ergonomic}
    uintx NonProfiledCodeHeapSize                  = 122916026                              {pd product} {ergonomic}
    uintx ProfiledCodeHeapSize                     = 122916026                              {pd product} {ergonomic}
    uintx ReservedCodeCacheSize                    = 251658240                              {pd product} {ergonomic}
     bool SegmentedCodeCache                       = true                                      {product} {ergonomic}
   size_t SoftMaxHeapSize                          = 2147483648                             {manageable} {ergonomic}
     bool UseCompressedClassPointers               = true                                 {lp64_product} {ergonomic}
     bool UseCompressedOops                        = true                                 {lp64_product} {ergonomic}
     bool UseG1GC                                  = true                                      {product} {ergonomic}
     bool UseLargePagesIndividualAllocation        = false                                  {pd product} {ergonomic}

Logging:
Log output configuration:
 #0: stdout all=warning uptime,level,tags
 #1: stderr all=off uptime,level,tags

Environment Variables:
JAVA_HOME=C:\Program Files\Android\Android Studio\jre
PATH=C:\Program Files\AdoptOpenJDK\jdk-11.0.7.10-hotspot\bin;C:\Program Files (x86)\Common Files\Oracle\Java\javapath;C:\MinGW\bin;C:\Windows\system32;C:\Windows;C:\Windows\System32\Wbem;C:\Windows\System32\WindowsPowerShell\v1.0\;C:\Windows\System32\OpenSSH\;C:\Program Files\nodejs\;C:\Users\ELCOT\Downloads\python-3.8.2;C:\Program Files\Dart\dart-sdk\bin;C:\drivers\chromedriver_win32.zip;C:\src\flutter\flutter_windows_v1.12.13+hotfix.9-stable\flutter\bin;C:\Program Files (x86)\Android\android-sdk\platforms\platform-tools;C:\Program Files (x86)\Android\android-sdk\platform-tools\api;C:\Downloads\installer_r16-windows.exe;C:\ProgramData\Microsoft\Windows\Start Menu\Programs\Android SDK Tools;D:\kishoreAndroid\Android\Android Studio\bin;D:\kishoreAndroid\Android\Android Studio;C:\ProgramData\Microsoft\Windows\Start Menu\Programs\Visual Studio Emulator for Android.lnk;C:\Downloads\vs_emulatorsetup.exe;C:\Program Files (x86)\Android\android-sdk\SDK Manager;D:\Kishore\platforms;C:\Users\ELCOT\AppData\Local\Programs\Python\Python38\Scripts\;C:\Users\;C:\Program Files\Android\Android Studio\jre;C:\Program Files\Java\jdk-13.0.2\bin;C:\Program Files\Java\jre1.8.0_251\bin;C:\Program Files (x86)\Android\platform-tools;C:\Downloads\python-3.8.2.exe;C:\Program Files\dotnet\;C:\Program Files\Microsoft SQL Server\130\Tools\Binn\;C:\Program Files\Microsoft SQL Server\Client SDK\ODBC\170\Tools\Binn\;D:\Git\cmd;C:\Users\ELCOT\AppData\Roaming\npm;C:\Users\ELCOT\AppData\Local\Programs\Python\Python39\Scripts\;C:\Users\ELCOT\AppData\Local\Programs\Python\Python39\;C:\Users\ELCOT\AppData\Local\ValidatorBuddy;C:\Users\ELCOT\AppData\Local\Programs\Python\Python38;C:\src\flutter\bin;D:\Heroku\bin;D:\Microsoft VS Code\bin;C:\Users\ELCOT\AppData\Roaming\npm\node_modules\firebase\node_modules\protobufjs\bin;
USERNAME=ELCOT
OS=Windows_NT
PROCESSOR_IDENTIFIER=AMD64 Family 21 Model 112 Stepping 0, AuthenticAMD



---------------  S Y S T E M  ---------------

OS: Windows 10 , 64 bit Build 17763 (10.0.17763.1158)
HyperV virtualization detected

CPU:total 2 (initial active 2) (2 cores per cpu, 1 threads per core) family 21 model 112 stepping 0, cmov, cx8, fxsr, mmx, sse, sse2, sse3, ssse3, sse4.1, sse4.2, popcnt, avx, avx2, aes, clmul, mmxext, 3dnowpref, lzcnt, sse4a, tsc, tscinvbit, tscinv, bmi1, bmi2, fma

Memory: 4k page, system-wide physical 3935M (435M free)
TotalPageFile size 5322M (AvailPageFile size 27M)
current process WorkingSet (physical memory assigned to process): 532M, peak: 536M
current process commit charge ("private bytes"): 609M, peak: 753M

vm_info: Java HotSpot(TM) 64-Bit Server VM (13.0.2+8) for windows-amd64 JRE (13.0.2+8), built on Dec 11 2019 09:20:33 by "mach5one" with unknown MS VC++:1916

END.
