#
# There is insufficient memory for the Java Runtime Environment to continue.
# Native memory allocation (mmap) failed to map 38797312 bytes for Failed to commit area from 0x00000000cc800000 to 0x00000000ced00000 of length 38797312.
# Possible reasons:
#   The system is out of physical RAM or swap space
#   The process is running with CompressedOops enabled, and the Java Heap may be blocking the growth of the native heap
# Possible solutions:
#   Reduce memory load on the system
#   Increase physical memory or swap space
#   Check if swap backing store is full
#   Decrease Java heap size (-Xmx/-Xms)
#   Decrease number of Java threads
#   Decrease Java thread stack sizes (-Xss)
#   Set larger code cache with -XX:ReservedCodeCacheSize=
#   JVM is running with Unscaled Compressed Oops mode in which the Java heap is
#     placed in the first 4GB address space. The Java Heap base address is the
#     maximum limit for the native heap growth. Please use -XX:HeapBaseMinAddress
#     to set the Java Heap base and to place the Java Heap above 4GB virtual address.
# This output file may be truncated or incomplete.
#
#  Out of Memory Error (t:/workspace/open/src/hotspot/os/windows/os_windows.cpp:3301), pid=10956, tid=1156
#
# JRE version: Java(TM) SE Runtime Environment (13.0.2+8) (build 13.0.2+8)
# Java VM: Java HotSpot(TM) 64-Bit Server VM (13.0.2+8, mixed mode, sharing, tiered, compressed oops, g1 gc, windows-amd64)
# No core dump will be written. Minidumps are not enabled by default on client versions of Windows
#

---------------  S U M M A R Y ------------

Command Line: --add-opens=java.base/java.util=ALL-UNNAMED --add-opens=java.base/java.lang=ALL-UNNAMED --add-opens=java.base/java.lang.invoke=ALL-UNNAMED --add-opens=java.prefs/java.util.prefs=ALL-UNNAMED -Xmx1024m -Dfile.encoding=windows-1252 -Duser.country=IN -Duser.language=en -Duser.variant org.gradle.launcher.daemon.bootstrap.GradleDaemon 6.1.1

Host: AMD PRO A4-4350B R4, 5 COMPUTE CORES 2C+3G     , 2 cores, 3G,  Windows 10 , 64 bit Build 17763 (10.0.17763.1158)
Time: Mon Sep 14 10:21:02 2020 Pacific Daylight Time elapsed time: 53 seconds (0d 0h 0m 53s)

---------------  T H R E A D  ---------------

Current thread (0x0000011f2f47e000):  VMThread "VM Thread" [stack: 0x000000010eb00000,0x000000010ec00000] [id=1156]

Stack: [0x000000010eb00000,0x000000010ec00000]
[error occurred during error reporting (printing stack bounds), id 0xc0000005, EXCEPTION_ACCESS_VIOLATION (0xc0000005) at pc=0x0000011f378b10ad]

Native frames: (J=compiled Java code, j=interpreted, Vv=VM code, C=native code)
V  [jvm.dll+0x624f9a]
V  [jvm.dll+0x770cfa]
V  [jvm.dll+0x7724af]
V  [jvm.dll+0x772a15]
V  [jvm.dll+0x7729cb]
V  [jvm.dll+0x6244df]
C  [ntdll.dll+0x66b26]
C  [ntdll.dll+0x4849]
C  [ntdll.dll+0xa350e]
C  0x0000011f378b10ad

VM_Operation (0x000000010e7ff830): G1Concurrent, mode: safepoint, requested by thread 0x0000011f2f3e7800


---------------  P R O C E S S  ---------------

Threads class SMR info:
_java_thread_list=0x0000011f4e240380, length=39, elements={
0x0000011f2f3ae800, 0x0000011f4b010000, 0x0000011f4b016000, 0x0000011f4b031800,
0x0000011f4b032800, 0x0000011f4b036800, 0x0000011f4b03a000, 0x0000011f4b051800,
0x0000011f4ba77000, 0x0000011f4ba97000, 0x0000011f4cddc800, 0x0000011f4cf12800,
0x0000011f4cc4a800, 0x0000011f4cc4b000, 0x0000011f4ce01800, 0x0000011f4ce02800,
0x0000011f4ba94800, 0x0000011f4d532800, 0x0000011f4d533000, 0x0000011f4d01b000,
0x0000011f4d25d800, 0x0000011f4d25b000, 0x0000011f4d25c800, 0x0000011f4d25e000,
0x0000011f4d25b800, 0x0000011f4d259800, 0x0000011f4d25f000, 0x0000011f4d260000,
0x0000011f4dff5800, 0x0000011f4dff0000, 0x0000011f4dff6800, 0x0000011f4dff1800,
0x0000011f4dff0800, 0x0000011f4dff3000, 0x0000011f4dff4000, 0x0000011f4dff7000,
0x0000011f4dff2800, 0x0000011f4dffa800, 0x0000011f4dff9800
}

Java Threads: ( => current thread )
  0x0000011f2f3ae800 JavaThread "main" [_thread_blocked, id=5988, stack(0x000000010e500000,0x000000010e600000)]
  0x0000011f4b010000 JavaThread "Reference Handler" daemon [_thread_blocked, id=1964, stack(0x000000010ec00000,0x000000010ed00000)]
  0x0000011f4b016000 JavaThread "Finalizer" daemon [_thread_blocked, id=9112, stack(0x000000010ed00000,0x000000010ee00000)]
  0x0000011f4b031800 JavaThread "Signal Dispatcher" daemon [_thread_blocked, id=3284, stack(0x000000010ee00000,0x000000010ef00000)]
  0x0000011f4b032800 JavaThread "Attach Listener" daemon [_thread_blocked, id=6392, stack(0x000000010ef00000,0x000000010f000000)]
  0x0000011f4b036800 JavaThread "C2 CompilerThread0" daemon [_thread_blocked, id=4248, stack(0x000000010f000000,0x000000010f100000)]
  0x0000011f4b03a000 JavaThread "C1 CompilerThread0" daemon [_thread_blocked, id=6724, stack(0x000000010f100000,0x000000010f200000)]
  0x0000011f4b051800 JavaThread "Sweeper thread" daemon [_thread_blocked, id=5212, stack(0x000000010f200000,0x000000010f300000)]
  0x0000011f4ba77000 JavaThread "Common-Cleaner" daemon [_thread_blocked, id=4508, stack(0x000000010f300000,0x000000010f400000)]
  0x0000011f4ba97000 JavaThread "Service Thread" daemon [_thread_blocked, id=10424, stack(0x000000010f400000,0x000000010f500000)]
  0x0000011f4cddc800 JavaThread "Daemon health stats" [_thread_blocked, id=2704, stack(0x000000010f800000,0x000000010f900000)]
  0x0000011f4cf12800 JavaThread "Incoming local TCP Connector on port 62418" [_thread_in_native, id=6088, stack(0x000000010f900000,0x000000010fa00000)]
  0x0000011f4cc4a800 JavaThread "Daemon periodic checks" [_thread_blocked, id=4924, stack(0x000000010fa00000,0x000000010fb00000)]
  0x0000011f4cc4b000 JavaThread "Daemon" [_thread_blocked, id=9168, stack(0x000000010fb00000,0x000000010fc00000)]
  0x0000011f4ce01800 JavaThread "Handler for socket connection from /127.0.0.1:62418 to /127.0.0.1:62419" [_thread_in_native, id=8148, stack(0x000000010fc00000,0x000000010fd00000)]
  0x0000011f4ce02800 JavaThread "Cancel handler" [_thread_blocked, id=9164, stack(0x000000010fd00000,0x000000010fe00000)]
  0x0000011f4ba94800 JavaThread "Daemon worker" [_thread_blocked, id=4920, stack(0x000000010fe00000,0x000000010ff00000)]
  0x0000011f4d532800 JavaThread "Asynchronous log dispatcher for DefaultDaemonConnection: socket connection from /127.0.0.1:62418 to /127.0.0.1:62419" [_thread_blocked, id=9812, stack(0x000000010ff00000,0x0000000110000000)]
  0x0000011f4d533000 JavaThread "Stdin handler" [_thread_blocked, id=6420, stack(0x0000000110000000,0x0000000110100000)]
  0x0000011f4d01b000 JavaThread "Thread-8" [_thread_blocked, id=5956, stack(0x0000000110100000,0x0000000110200000)]
  0x0000011f4d25d800 JavaThread "Cache worker for journal cache (C:\Users\ELCOT\.gradle\caches\gradle-6.5\caches\journal-1)" [_thread_blocked, id=5984, stack(0x0000000110200000,0x0000000110300000)]
  0x0000011f4d25b000 JavaThread "File lock request listener" [_thread_in_native, id=860, stack(0x0000000110300000,0x0000000110400000)]
  0x0000011f4d25c800 JavaThread "Cache worker for file hash cache (C:\Users\ELCOT\.gradle\caches\gradle-6.5\caches\6.1.1\fileHashes)" [_thread_blocked, id=10576, stack(0x0000000110400000,0x0000000110500000)]
  0x0000011f4d25e000 JavaThread "Cache worker for checksums cache (D:\AndroidStudioProjects\DoChat\.gradle\checksums)" [_thread_blocked, id=2744, stack(0x0000000110500000,0x0000000110600000)]
  0x0000011f4d25b800 JavaThread "Cache worker for file hash cache (D:\AndroidStudioProjects\DoChat\.gradle\6.1.1\fileHashes)" [_thread_blocked, id=7312, stack(0x0000000110600000,0x0000000110700000)]
  0x0000011f4d259800 JavaThread "Cache worker for cache directory md-supplier (C:\Users\ELCOT\.gradle\caches\gradle-6.5\caches\6.1.1\md-supplier)" [_thread_blocked, id=8016, stack(0x0000000110700000,0x0000000110800000)]
  0x0000011f4d25f000 JavaThread "Cache worker for cache directory md-rule (C:\Users\ELCOT\.gradle\caches\gradle-6.5\caches\6.1.1\md-rule)" [_thread_blocked, id=7484, stack(0x0000000110800000,0x0000000110900000)]
  0x0000011f4d260000 JavaThread "Cache worker for execution history cache (C:\Users\ELCOT\.gradle\caches\gradle-6.5\caches\6.1.1\executionHistory)" [_thread_blocked, id=5172, stack(0x0000000110900000,0x0000000110a00000)]
  0x0000011f4dff5800 JavaThread "Build operations" [_thread_blocked, id=8364, stack(0x0000000110a00000,0x0000000110b00000)]
  0x0000011f4dff0000 JavaThread "Build operations Thread 2" [_thread_blocked, id=1792, stack(0x0000000110b00000,0x0000000110c00000)]
  0x0000011f4dff6800 JavaThread "Cache worker for Build Output Cleanup Cache (D:\AndroidStudioProjects\DoChat\.gradle\buildOutputCleanup)" [_thread_blocked, id=3436, stack(0x0000000110c00000,0x0000000110d00000)]
  0x0000011f4dff1800 JavaThread "Memory manager" [_thread_blocked, id=3292, stack(0x0000000110d00000,0x0000000110e00000)]
  0x0000011f4dff0800 JavaThread "Cache worker for file content cache (C:\Users\ELCOT\.gradle\caches\gradle-6.5\caches\6.1.1\fileContent)" [_thread_blocked, id=7272, stack(0x0000000110e00000,0x0000000110f00000)]
  0x0000011f4dff3000 JavaThread "Cache worker for file content cache (D:\AndroidStudioProjects\DoChat\.gradle\6.1.1\fileContent)" [_thread_blocked, id=6292, stack(0x0000000110f00000,0x0000000111000000)]
  0x0000011f4dff4000 JavaThread "Execution worker for ':'" [_thread_blocked, id=7660, stack(0x0000000111000000,0x0000000111100000)]
  0x0000011f4dff7000 JavaThread "Cache worker for execution history cache (D:\AndroidStudioProjects\DoChat\.gradle\6.1.1\executionHistory)" [_thread_blocked, id=10816, stack(0x0000000111300000,0x0000000111400000)]
  0x0000011f4dff2800 JavaThread "WorkerExecutor Queue" [_thread_blocked, id=4172, stack(0x0000000111400000,0x0000000111500000)]
  0x0000011f4dffa800 JavaThread "ForkJoinPool-1-worker-3" daemon [_thread_blocked, id=8780, stack(0x0000000111500000,0x0000000111600000)]
  0x0000011f4dff9800 JavaThread "ForkJoinPool-1-worker-1" daemon [_thread_blocked, id=2384, stack(0x0000000111600000,0x0000000111700000)]

Other Threads:
=>0x0000011f2f47e000 VMThread "VM Thread" [stack: 0x000000010eb00000,0x000000010ec00000] [id=1156]
  0x0000011f4baa0000 WatcherThread [stack: 0x000000010f500000,0x000000010f600000] [id=10340]
  0x0000011f2f3de000 GCTaskThread "GC Thread#0" [stack: 0x000000010e600000,0x000000010e700000] [id=908]
  0x0000011f4bb3d800 GCTaskThread "GC Thread#1" [stack: 0x000000010f600000,0x000000010f700000] [id=992]
  0x0000011f2f3e7800 ConcurrentGCThread "G1 Main Marker" [stack: 0x000000010e700000,0x000000010e800000] [id=6672]
  0x0000011f2f3ea000 ConcurrentGCThread "G1 Conc#0" [stack: 0x000000010e800000,0x000000010e900000] [id=1184]
  0x0000011f2f437800 ConcurrentGCThread "G1 Refine#0" [stack: 0x000000010e900000,0x000000010ea00000] [id=9196]
  0x0000011f4c333800 ConcurrentGCThread "G1 Refine#1" [stack: 0x000000010f700000,0x000000010f800000] [id=7840]
  0x0000011f2f439800 ConcurrentGCThread "G1 Young RemSet Sampling" [stack: 0x000000010ea00000,0x000000010eb00000] [id=1372]

Threads with active compile tasks:
C2 CompilerThread0    53758 9713 %     4       com.android.tools.r8.dex.n::a @ 330 (1022 bytes)

VM state:at safepoint (normal execution)

VM Mutex/Monitor currently owned by a thread:  ([mutex/lock_event])
[0x0000011f2f3aa660] Threads_lock - owner thread: 0x0000011f2f47e000
[0x0000011f2f3abb30] Heap_lock - owner thread: 0x0000011f2f3e7800

Heap address: 0x00000000c0000000, size: 1024 MB, Compressed Oops mode: 32-bit
Narrow klass base: 0x0000000800000000, Narrow klass shift: 3
Compressed class space size: 1073741824 Address: 0x0000000800b40000

Heap:
 garbage-first heap   total 242688K, used 144384K [0x00000000c0000000, 0x0000000100000000)
  region size 1024K, 5 young (5120K), 4 survivors (4096K)
 Metaspace       used 68313K, capacity 70202K, committed 70320K, reserved 1110016K
  class space    used 9247K, capacity 9875K, committed 9984K, reserved 1048576K
Heap Regions: E=young(eden), S=young(survivor), O=old, HS=humongous(starts), HC=humongous(continues), CS=collection set, F=free, A=archive, TAMS=top-at-mark-start (previous, next)
|   0|0x00000000c0000000, 0x00000000c0100000, 0x00000000c0100000|100%|HS|  |TAMS 0x00000000c0100000, 0x00000000c0000000| Complete 
|   1|0x00000000c0100000, 0x00000000c0200000, 0x00000000c0200000|100%|HC|  |TAMS 0x00000000c0200000, 0x00000000c0100000| Complete 
|   2|0x00000000c0200000, 0x00000000c0300000, 0x00000000c0300000|100%|HC|  |TAMS 0x00000000c0300000, 0x00000000c0200000| Complete 
|   3|0x00000000c0300000, 0x00000000c0400000, 0x00000000c0400000|100%| O|  |TAMS 0x00000000c0400000, 0x00000000c0300000| Updating 
|   4|0x00000000c0400000, 0x00000000c0500000, 0x00000000c0500000|100%| O|  |TAMS 0x00000000c0500000, 0x00000000c0400000| Updating 
|   5|0x00000000c0500000, 0x00000000c0600000, 0x00000000c0600000|100%| O|  |TAMS 0x00000000c0600000, 0x00000000c0500000| Updating 
|   6|0x00000000c0600000, 0x00000000c0700000, 0x00000000c0700000|100%| O|  |TAMS 0x00000000c0700000, 0x00000000c0600000| Updating 
|   7|0x00000000c0700000, 0x00000000c0800000, 0x00000000c0800000|100%| O|  |TAMS 0x00000000c0800000, 0x00000000c0700000| Updating 
|   8|0x00000000c0800000, 0x00000000c0900000, 0x00000000c0900000|100%| O|  |TAMS 0x00000000c0900000, 0x00000000c0800000| Updating 
|   9|0x00000000c0900000, 0x00000000c0a00000, 0x00000000c0a00000|100%| O|  |TAMS 0x00000000c0a00000, 0x00000000c0900000| Updating 
|  10|0x00000000c0a00000, 0x00000000c0b00000, 0x00000000c0b00000|100%| O|  |TAMS 0x00000000c0b00000, 0x00000000c0a00000| Updating 
|  11|0x00000000c0b00000, 0x00000000c0c00000, 0x00000000c0c00000|100%| O|  |TAMS 0x00000000c0c00000, 0x00000000c0b00000| Updating 
|  12|0x00000000c0c00000, 0x00000000c0d00000, 0x00000000c0d00000|100%| O|  |TAMS 0x00000000c0d00000, 0x00000000c0c00000| Updating 
|  13|0x00000000c0d00000, 0x00000000c0e00000, 0x00000000c0e00000|100%| O|  |TAMS 0x00000000c0e00000, 0x00000000c0d00000| Updating 
|  14|0x00000000c0e00000, 0x00000000c0f00000, 0x00000000c0f00000|100%| O|  |TAMS 0x00000000c0f00000, 0x00000000c0e00000| Updating 
|  15|0x00000000c0f00000, 0x00000000c1000000, 0x00000000c1000000|100%| O|  |TAMS 0x00000000c1000000, 0x00000000c0f00000| Updating 
|  16|0x00000000c1000000, 0x00000000c1100000, 0x00000000c1100000|100%| O|  |TAMS 0x00000000c1100000, 0x00000000c1000000| Updating 
|  17|0x00000000c1100000, 0x00000000c1200000, 0x00000000c1200000|100%|HS|  |TAMS 0x00000000c1200000, 0x00000000c1100000| Complete 
|  18|0x00000000c1200000, 0x00000000c1300000, 0x00000000c1300000|100%|HC|  |TAMS 0x00000000c1300000, 0x00000000c1200000| Complete 
|  19|0x00000000c1300000, 0x00000000c1400000, 0x00000000c1400000|100%|HS|  |TAMS 0x00000000c1400000, 0x00000000c1300000| Complete 
|  20|0x00000000c1400000, 0x00000000c1500000, 0x00000000c1500000|100%|HC|  |TAMS 0x00000000c1500000, 0x00000000c1400000| Complete 
|  21|0x00000000c1500000, 0x00000000c1600000, 0x00000000c1600000|100%|HC|  |TAMS 0x00000000c1600000, 0x00000000c1500000| Complete 
|  22|0x00000000c1600000, 0x00000000c1700000, 0x00000000c1700000|100%|HS|  |TAMS 0x00000000c1700000, 0x00000000c1600000| Complete 
|  23|0x00000000c1700000, 0x00000000c1800000, 0x00000000c1800000|100%|HC|  |TAMS 0x00000000c1800000, 0x00000000c1700000| Complete 
|  24|0x00000000c1800000, 0x00000000c1900000, 0x00000000c1900000|100%|HC|  |TAMS 0x00000000c1900000, 0x00000000c1800000| Complete 
|  25|0x00000000c1900000, 0x00000000c1a00000, 0x00000000c1a00000|100%|HC|  |TAMS 0x00000000c1a00000, 0x00000000c1900000| Complete 
|  26|0x00000000c1a00000, 0x00000000c1b00000, 0x00000000c1b00000|100%| O|  |TAMS 0x00000000c1b00000, 0x00000000c1a00000| Updating 
|  27|0x00000000c1b00000, 0x00000000c1c00000, 0x00000000c1c00000|100%| O|  |TAMS 0x00000000c1c00000, 0x00000000c1b00000| Updating 
|  28|0x00000000c1c00000, 0x00000000c1d00000, 0x00000000c1d00000|100%| O|  |TAMS 0x00000000c1d00000, 0x00000000c1c00000| Updating 
|  29|0x00000000c1d00000, 0x00000000c1e00000, 0x00000000c1e00000|100%| O|  |TAMS 0x00000000c1e00000, 0x00000000c1d00000| Updating 
|  30|0x00000000c1e00000, 0x00000000c1f00000, 0x00000000c1f00000|100%| O|  |TAMS 0x00000000c1f00000, 0x00000000c1e00000| Updating 
|  31|0x00000000c1f00000, 0x00000000c2000000, 0x00000000c2000000|100%| O|  |TAMS 0x00000000c2000000, 0x00000000c1f00000| Updating 
|  32|0x00000000c2000000, 0x00000000c2100000, 0x00000000c2100000|100%| O|  |TAMS 0x00000000c2100000, 0x00000000c2000000| Updating 
|  33|0x00000000c2100000, 0x00000000c2200000, 0x00000000c2200000|100%| O|  |TAMS 0x00000000c2200000, 0x00000000c2100000| Updating 
|  34|0x00000000c2200000, 0x00000000c2300000, 0x00000000c2300000|100%| O|  |TAMS 0x00000000c2300000, 0x00000000c2200000| Updating 
|  35|0x00000000c2300000, 0x00000000c2400000, 0x00000000c2400000|100%|HS|  |TAMS 0x00000000c2400000, 0x00000000c2300000| Complete 
|  36|0x00000000c2400000, 0x00000000c2500000, 0x00000000c2500000|100%|HC|  |TAMS 0x00000000c2500000, 0x00000000c2400000| Complete 
|  37|0x00000000c2500000, 0x00000000c2600000, 0x00000000c2600000|100%|HC|  |TAMS 0x00000000c2600000, 0x00000000c2500000| Complete 
|  38|0x00000000c2600000, 0x00000000c2700000, 0x00000000c2700000|100%|HS|  |TAMS 0x00000000c2700000, 0x00000000c2600000| Complete 
|  39|0x00000000c2700000, 0x00000000c2800000, 0x00000000c2800000|100%|HC|  |TAMS 0x00000000c2800000, 0x00000000c2700000| Complete 
|  40|0x00000000c2800000, 0x00000000c2900000, 0x00000000c2900000|100%| O|  |TAMS 0x00000000c2900000, 0x00000000c2800000| Updating 
|  41|0x00000000c2900000, 0x00000000c2a00000, 0x00000000c2a00000|100%| O|  |TAMS 0x00000000c2a00000, 0x00000000c2900000| Updating 
|  42|0x00000000c2a00000, 0x00000000c2b00000, 0x00000000c2b00000|100%| O|  |TAMS 0x00000000c2b00000, 0x00000000c2a00000| Updating 
|  43|0x00000000c2b00000, 0x00000000c2c00000, 0x00000000c2c00000|100%| O|  |TAMS 0x00000000c2c00000, 0x00000000c2b00000| Updating 
|  44|0x00000000c2c00000, 0x00000000c2d00000, 0x00000000c2d00000|100%| O|  |TAMS 0x00000000c2d00000, 0x00000000c2c00000| Updating 
|  45|0x00000000c2d00000, 0x00000000c2e00000, 0x00000000c2e00000|100%| O|  |TAMS 0x00000000c2e00000, 0x00000000c2d00000| Updating 
|  46|0x00000000c2e00000, 0x00000000c2f00000, 0x00000000c2f00000|100%| O|  |TAMS 0x00000000c2f00000, 0x00000000c2e00000| Updating 
|  47|0x00000000c2f00000, 0x00000000c3000000, 0x00000000c3000000|100%| O|  |TAMS 0x00000000c3000000, 0x00000000c2f00000| Updating 
|  48|0x00000000c3000000, 0x00000000c3100000, 0x00000000c3100000|100%| O|  |TAMS 0x00000000c3100000, 0x00000000c3000000| Updating 
|  49|0x00000000c3100000, 0x00000000c3200000, 0x00000000c3200000|100%| O|  |TAMS 0x00000000c3200000, 0x00000000c3100000| Updating 
|  50|0x00000000c3200000, 0x00000000c3300000, 0x00000000c3300000|100%| O|  |TAMS 0x00000000c3300000, 0x00000000c3200000| Updating 
|  51|0x00000000c3300000, 0x00000000c3400000, 0x00000000c3400000|100%| O|  |TAMS 0x00000000c3400000, 0x00000000c3300000| Updating 
|  52|0x00000000c3400000, 0x00000000c3500000, 0x00000000c3500000|100%| O|  |TAMS 0x00000000c3500000, 0x00000000c3400000| Updating 
|  53|0x00000000c3500000, 0x00000000c3600000, 0x00000000c3600000|100%| O|  |TAMS 0x00000000c3600000, 0x00000000c3500000| Updating 
|  54|0x00000000c3600000, 0x00000000c3700000, 0x00000000c3700000|100%| O|  |TAMS 0x00000000c3700000, 0x00000000c3600000| Updating 
|  55|0x00000000c3700000, 0x00000000c3800000, 0x00000000c3800000|100%| O|  |TAMS 0x00000000c3800000, 0x00000000c3700000| Updating 
|  56|0x00000000c3800000, 0x00000000c3900000, 0x00000000c3900000|100%| O|  |TAMS 0x00000000c3900000, 0x00000000c3800000| Updating 
|  57|0x00000000c3900000, 0x00000000c3a00000, 0x00000000c3a00000|100%| O|  |TAMS 0x00000000c3a00000, 0x00000000c3900000| Updating 
|  58|0x00000000c3a00000, 0x00000000c3b00000, 0x00000000c3b00000|100%| O|  |TAMS 0x00000000c3b00000, 0x00000000c3a00000| Updating 
|  59|0x00000000c3b00000, 0x00000000c3c00000, 0x00000000c3c00000|100%| O|  |TAMS 0x00000000c3c00000, 0x00000000c3b00000| Updating 
|  60|0x00000000c3c00000, 0x00000000c3d00000, 0x00000000c3d00000|100%| O|  |TAMS 0x00000000c3d00000, 0x00000000c3c00000| Updating 
|  61|0x00000000c3d00000, 0x00000000c3e00000, 0x00000000c3e00000|100%| O|  |TAMS 0x00000000c3e00000, 0x00000000c3d00000| Updating 
|  62|0x00000000c3e00000, 0x00000000c3f00000, 0x00000000c3f00000|100%| O|  |TAMS 0x00000000c3f00000, 0x00000000c3e00000| Updating 
|  63|0x00000000c3f00000, 0x00000000c4000000, 0x00000000c4000000|100%| O|  |TAMS 0x00000000c4000000, 0x00000000c3f00000| Updating 
|  64|0x00000000c4000000, 0x00000000c4100000, 0x00000000c4100000|100%| O|  |TAMS 0x00000000c4100000, 0x00000000c4000000| Updating 
|  65|0x00000000c4100000, 0x00000000c4200000, 0x00000000c4200000|100%| O|  |TAMS 0x00000000c4200000, 0x00000000c4100000| Updating 
|  66|0x00000000c4200000, 0x00000000c4300000, 0x00000000c4300000|100%| O|  |TAMS 0x00000000c4300000, 0x00000000c4200000| Updating 
|  67|0x00000000c4300000, 0x00000000c4400000, 0x00000000c4400000|100%| O|  |TAMS 0x00000000c4400000, 0x00000000c4300000| Updating 
|  68|0x00000000c4400000, 0x00000000c4500000, 0x00000000c4500000|100%| O|  |TAMS 0x00000000c4500000, 0x00000000c4400000| Updating 
|  69|0x00000000c4500000, 0x00000000c4600000, 0x00000000c4600000|100%| O|  |TAMS 0x00000000c4600000, 0x00000000c4500000| Updating 
|  70|0x00000000c4600000, 0x00000000c4700000, 0x00000000c4700000|100%| O|  |TAMS 0x00000000c4700000, 0x00000000c4600000| Updating 
|  71|0x00000000c4700000, 0x00000000c4800000, 0x00000000c4800000|100%| O|  |TAMS 0x00000000c4800000, 0x00000000c4700000| Updating 
|  72|0x00000000c4800000, 0x00000000c4900000, 0x00000000c4900000|100%| O|  |TAMS 0x00000000c4900000, 0x00000000c4800000| Updating 
|  73|0x00000000c4900000, 0x00000000c4a00000, 0x00000000c4a00000|100%| O|  |TAMS 0x00000000c4a00000, 0x00000000c4900000| Updating 
|  74|0x00000000c4a00000, 0x00000000c4b00000, 0x00000000c4b00000|100%| O|  |TAMS 0x00000000c4b00000, 0x00000000c4a00000| Updating 
|  75|0x00000000c4b00000, 0x00000000c4c00000, 0x00000000c4c00000|100%| O|  |TAMS 0x00000000c4c00000, 0x00000000c4b00000| Updating 
|  76|0x00000000c4c00000, 0x00000000c4d00000, 0x00000000c4d00000|100%| O|  |TAMS 0x00000000c4d00000, 0x00000000c4c00000| Updating 
|  77|0x00000000c4d00000, 0x00000000c4e00000, 0x00000000c4e00000|100%| O|  |TAMS 0x00000000c4e00000, 0x00000000c4d00000| Updating 
|  78|0x00000000c4e00000, 0x00000000c4f00000, 0x00000000c4f00000|100%|HS|  |TAMS 0x00000000c4f00000, 0x00000000c4e00000| Complete 
|  79|0x00000000c4f00000, 0x00000000c5000000, 0x00000000c5000000|100%|HC|  |TAMS 0x00000000c5000000, 0x00000000c4f00000| Complete 
|  80|0x00000000c5000000, 0x00000000c5100000, 0x00000000c5100000|100%|HC|  |TAMS 0x00000000c5100000, 0x00000000c5000000| Complete 
|  81|0x00000000c5100000, 0x00000000c5200000, 0x00000000c5200000|100%|HC|  |TAMS 0x00000000c5200000, 0x00000000c5100000| Complete 
|  82|0x00000000c5200000, 0x00000000c5300000, 0x00000000c5300000|100%|HC|  |TAMS 0x00000000c5300000, 0x00000000c5200000| Complete 
|  83|0x00000000c5300000, 0x00000000c5400000, 0x00000000c5400000|100%|HC|  |TAMS 0x00000000c5400000, 0x00000000c5300000| Complete 
|  84|0x00000000c5400000, 0x00000000c5500000, 0x00000000c5500000|100%|HC|  |TAMS 0x00000000c5500000, 0x00000000c5400000| Complete 
|  85|0x00000000c5500000, 0x00000000c5600000, 0x00000000c5600000|100%|HC|  |TAMS 0x00000000c5600000, 0x00000000c5500000| Complete 
|  86|0x00000000c5600000, 0x00000000c5700000, 0x00000000c5700000|100%|HC|  |TAMS 0x00000000c5700000, 0x00000000c5600000| Complete 
|  87|0x00000000c5700000, 0x00000000c5800000, 0x00000000c5800000|100%|HS|  |TAMS 0x00000000c5800000, 0x00000000c5700000| Complete 
|  88|0x00000000c5800000, 0x00000000c5900000, 0x00000000c5900000|100%| O|  |TAMS 0x00000000c5900000, 0x00000000c5800000| Updating 
|  89|0x00000000c5900000, 0x00000000c5a00000, 0x00000000c5a00000|100%| O|  |TAMS 0x00000000c5a00000, 0x00000000c5900000| Updating 
|  90|0x00000000c5a00000, 0x00000000c5b00000, 0x00000000c5b00000|100%| O|  |TAMS 0x00000000c5b00000, 0x00000000c5a00000| Updating 
|  91|0x00000000c5b00000, 0x00000000c5c00000, 0x00000000c5c00000|100%| O|  |TAMS 0x00000000c5c00000, 0x00000000c5b00000| Updating 
|  92|0x00000000c5c00000, 0x00000000c5d00000, 0x00000000c5d00000|100%| O|  |TAMS 0x00000000c5d00000, 0x00000000c5c00000| Updating 
|  93|0x00000000c5d00000, 0x00000000c5e00000, 0x00000000c5e00000|100%|HS|  |TAMS 0x00000000c5e00000, 0x00000000c5d00000| Complete 
|  94|0x00000000c5e00000, 0x00000000c5f00000, 0x00000000c5f00000|100%| O|  |TAMS 0x00000000c5f00000, 0x00000000c5e00000| Updating 
|  95|0x00000000c5f00000, 0x00000000c6000000, 0x00000000c6000000|100%| O|  |TAMS 0x00000000c6000000, 0x00000000c5f00000| Updating 
|  96|0x00000000c6000000, 0x00000000c6100000, 0x00000000c6100000|100%|HS|  |TAMS 0x00000000c6100000, 0x00000000c6000000| Complete 
|  97|0x00000000c6100000, 0x00000000c6200000, 0x00000000c6200000|100%|HC|  |TAMS 0x00000000c6200000, 0x00000000c6100000| Complete 
|  98|0x00000000c6200000, 0x00000000c6300000, 0x00000000c6300000|100%|HC|  |TAMS 0x00000000c6300000, 0x00000000c6200000| Complete 
|  99|0x00000000c6300000, 0x00000000c6400000, 0x00000000c6400000|100%|HC|  |TAMS 0x00000000c6400000, 0x00000000c6300000| Complete 
| 100|0x00000000c6400000, 0x00000000c6500000, 0x00000000c6500000|100%|HC|  |TAMS 0x00000000c6500000, 0x00000000c6400000| Complete 
| 101|0x00000000c6500000, 0x00000000c6600000, 0x00000000c6600000|100%|HC|  |TAMS 0x00000000c6600000, 0x00000000c6500000| Complete 
| 102|0x00000000c6600000, 0x00000000c6700000, 0x00000000c6700000|100%|HC|  |TAMS 0x00000000c6700000, 0x00000000c6600000| Complete 
| 103|0x00000000c6700000, 0x00000000c6800000, 0x00000000c6800000|100%|HC|  |TAMS 0x00000000c6800000, 0x00000000c6700000| Complete 
| 104|0x00000000c6800000, 0x00000000c6900000, 0x00000000c6900000|100%|HC|  |TAMS 0x00000000c6900000, 0x00000000c6800000| Complete 
| 105|0x00000000c6900000, 0x00000000c6a00000, 0x00000000c6a00000|100%| O|  |TAMS 0x00000000c6a00000, 0x00000000c6900000| Updating 
| 106|0x00000000c6a00000, 0x00000000c6b00000, 0x00000000c6b00000|100%| O|  |TAMS 0x00000000c6b00000, 0x00000000c6a00000| Updating 
| 107|0x00000000c6b00000, 0x00000000c6c00000, 0x00000000c6c00000|100%| O|  |TAMS 0x00000000c6c00000, 0x00000000c6b00000| Updating 
| 108|0x00000000c6c00000, 0x00000000c6d00000, 0x00000000c6d00000|100%| O|  |TAMS 0x00000000c6d00000, 0x00000000c6c00000| Updating 
| 109|0x00000000c6d00000, 0x00000000c6e00000, 0x00000000c6e00000|100%| O|  |TAMS 0x00000000c6e00000, 0x00000000c6d00000| Updating 
| 110|0x00000000c6e00000, 0x00000000c6f00000, 0x00000000c6f00000|100%| O|  |TAMS 0x00000000c6f00000, 0x00000000c6e00000| Updating 
| 111|0x00000000c6f00000, 0x00000000c7000000, 0x00000000c7000000|100%| O|  |TAMS 0x00000000c7000000, 0x00000000c6f00000| Updating 
| 112|0x00000000c7000000, 0x00000000c7100000, 0x00000000c7100000|100%| O|  |TAMS 0x00000000c7100000, 0x00000000c7000000| Updating 
| 113|0x00000000c7100000, 0x00000000c7200000, 0x00000000c7200000|100%| O|  |TAMS 0x00000000c7200000, 0x00000000c7100000| Updating 
| 114|0x00000000c7200000, 0x00000000c7300000, 0x00000000c7300000|100%| O|  |TAMS 0x00000000c7300000, 0x00000000c7200000| Updating 
| 115|0x00000000c7300000, 0x00000000c7400000, 0x00000000c7400000|100%| O|  |TAMS 0x00000000c7400000, 0x00000000c7300000| Updating 
| 116|0x00000000c7400000, 0x00000000c7500000, 0x00000000c7500000|100%| O|  |TAMS 0x00000000c7500000, 0x00000000c7400000| Updating 
| 117|0x00000000c7500000, 0x00000000c7600000, 0x00000000c7600000|100%| O|  |TAMS 0x00000000c7600000, 0x00000000c7500000| Updating 
| 118|0x00000000c7600000, 0x00000000c7700000, 0x00000000c7700000|100%| O|  |TAMS 0x00000000c7700000, 0x00000000c7600000| Updating 
| 119|0x00000000c7700000, 0x00000000c7800000, 0x00000000c7800000|100%| O|  |TAMS 0x00000000c7800000, 0x00000000c7700000| Updating 
| 120|0x00000000c7800000, 0x00000000c7900000, 0x00000000c7900000|100%| O|  |TAMS 0x00000000c7900000, 0x00000000c7800000| Updating 
| 121|0x00000000c7900000, 0x00000000c7a00000, 0x00000000c7a00000|100%| O|  |TAMS 0x00000000c7a00000, 0x00000000c7900000| Updating 
| 122|0x00000000c7a00000, 0x00000000c7b00000, 0x00000000c7b00000|100%| O|  |TAMS 0x00000000c7b00000, 0x00000000c7a00000| Updating 
| 123|0x00000000c7b00000, 0x00000000c7c00000, 0x00000000c7c00000|100%| O|  |TAMS 0x00000000c7c00000, 0x00000000c7b00000| Updating 
| 124|0x00000000c7c00000, 0x00000000c7d00000, 0x00000000c7d00000|100%| O|  |TAMS 0x00000000c7c66200, 0x00000000c7c00000| Updating 
| 125|0x00000000c7d00000, 0x00000000c7e00000, 0x00000000c7e00000|100%| O|  |TAMS 0x00000000c7d00000, 0x00000000c7d00000| Untracked 
| 126|0x00000000c7e00000, 0x00000000c7f00000, 0x00000000c7f00000|100%| O|  |TAMS 0x00000000c7e00000, 0x00000000c7e00000| Untracked 
| 127|0x00000000c7f00000, 0x00000000c8000000, 0x00000000c8000000|100%| O|  |TAMS 0x00000000c7f00000, 0x00000000c7f00000| Untracked 
| 128|0x00000000c8000000, 0x00000000c8100000, 0x00000000c8100000|100%| O|  |TAMS 0x00000000c8000000, 0x00000000c8000000| Untracked 
| 129|0x00000000c8100000, 0x00000000c8200000, 0x00000000c8200000|100%| O|  |TAMS 0x00000000c8100000, 0x00000000c8100000| Untracked 
| 130|0x00000000c8200000, 0x00000000c8300000, 0x00000000c8300000|100%| O|  |TAMS 0x00000000c8200000, 0x00000000c8200000| Untracked 
| 131|0x00000000c8300000, 0x00000000c8400000, 0x00000000c8400000|100%| O|  |TAMS 0x00000000c8300000, 0x00000000c8300000| Untracked 
| 132|0x00000000c8400000, 0x00000000c8500000, 0x00000000c8500000|100%| O|  |TAMS 0x00000000c8400000, 0x00000000c8400000| Untracked 
| 133|0x00000000c8500000, 0x00000000c8600000, 0x00000000c8600000|100%| O|  |TAMS 0x00000000c8500000, 0x00000000c8500000| Untracked 
| 134|0x00000000c8600000, 0x00000000c8700000, 0x00000000c8700000|100%| O|  |TAMS 0x00000000c8600000, 0x00000000c8600000| Untracked 
| 135|0x00000000c8700000, 0x00000000c8800000, 0x00000000c8800000|100%| O|  |TAMS 0x00000000c8700000, 0x00000000c8700000| Untracked 
| 136|0x00000000c8800000, 0x00000000c8900000, 0x00000000c8900000|100%| O|  |TAMS 0x00000000c8800000, 0x00000000c8800000| Untracked 
| 137|0x00000000c8900000, 0x00000000c8900000, 0x00000000c8a00000|  0%| F|  |TAMS 0x00000000c8900000, 0x00000000c8900000| Untracked 
| 138|0x00000000c8a00000, 0x00000000c8a00000, 0x00000000c8b00000|  0%| F|  |TAMS 0x00000000c8a00000, 0x00000000c8a00000| Untracked 
| 139|0x00000000c8b00000, 0x00000000c8b00000, 0x00000000c8c00000|  0%| F|  |TAMS 0x00000000c8b00000, 0x00000000c8b00000| Untracked 
| 140|0x00000000c8c00000, 0x00000000c8c00000, 0x00000000c8d00000|  0%| F|  |TAMS 0x00000000c8c00000, 0x00000000c8c00000| Untracked 
| 141|0x00000000c8d00000, 0x00000000c8d00000, 0x00000000c8e00000|  0%| F|  |TAMS 0x00000000c8d00000, 0x00000000c8d00000| Untracked 
| 142|0x00000000c8e00000, 0x00000000c8e00000, 0x00000000c8f00000|  0%| F|  |TAMS 0x00000000c8e00000, 0x00000000c8e00000| Untracked 
| 143|0x00000000c8f00000, 0x00000000c8f00000, 0x00000000c9000000|  0%| F|  |TAMS 0x00000000c8f00000, 0x00000000c8f00000| Untracked 
| 144|0x00000000c9000000, 0x00000000c9000000, 0x00000000c9100000|  0%| F|  |TAMS 0x00000000c9000000, 0x00000000c9000000| Untracked 
| 145|0x00000000c9100000, 0x00000000c9100000, 0x00000000c9200000|  0%| F|  |TAMS 0x00000000c9100000, 0x00000000c9100000| Untracked 
| 146|0x00000000c9200000, 0x00000000c9200000, 0x00000000c9300000|  0%| F|  |TAMS 0x00000000c9200000, 0x00000000c9200000| Untracked 
| 147|0x00000000c9300000, 0x00000000c9300000, 0x00000000c9400000|  0%| F|  |TAMS 0x00000000c9300000, 0x00000000c9300000| Untracked 
| 148|0x00000000c9400000, 0x00000000c9400000, 0x00000000c9500000|  0%| F|  |TAMS 0x00000000c9400000, 0x00000000c9400000| Untracked 
| 149|0x00000000c9500000, 0x00000000c9500000, 0x00000000c9600000|  0%| F|  |TAMS 0x00000000c9500000, 0x00000000c9500000| Untracked 
| 150|0x00000000c9600000, 0x00000000c9600000, 0x00000000c9700000|  0%| F|  |TAMS 0x00000000c9600000, 0x00000000c9600000| Untracked 
| 151|0x00000000c9700000, 0x00000000c9700000, 0x00000000c9800000|  0%| F|  |TAMS 0x00000000c9700000, 0x00000000c9700000| Untracked 
| 152|0x00000000c9800000, 0x00000000c9800000, 0x00000000c9900000|  0%| F|  |TAMS 0x00000000c9800000, 0x00000000c9800000| Untracked 
| 153|0x00000000c9900000, 0x00000000c9900000, 0x00000000c9a00000|  0%| F|  |TAMS 0x00000000c9900000, 0x00000000c9900000| Untracked 
| 154|0x00000000c9a00000, 0x00000000c9a00000, 0x00000000c9b00000|  0%| F|  |TAMS 0x00000000c9a00000, 0x00000000c9a00000| Untracked 
| 155|0x00000000c9b00000, 0x00000000c9b00000, 0x00000000c9c00000|  0%| F|  |TAMS 0x00000000c9b00000, 0x00000000c9b00000| Untracked 
| 156|0x00000000c9c00000, 0x00000000c9c00000, 0x00000000c9d00000|  0%| F|  |TAMS 0x00000000c9c00000, 0x00000000c9c00000| Untracked 
| 157|0x00000000c9d00000, 0x00000000c9d00000, 0x00000000c9e00000|  0%| F|  |TAMS 0x00000000c9d00000, 0x00000000c9d00000| Untracked 
| 158|0x00000000c9e00000, 0x00000000c9e00000, 0x00000000c9f00000|  0%| F|  |TAMS 0x00000000c9e00000, 0x00000000c9e00000| Untracked 
| 159|0x00000000c9f00000, 0x00000000c9f00000, 0x00000000ca000000|  0%| F|  |TAMS 0x00000000c9f00000, 0x00000000c9f00000| Untracked 
| 160|0x00000000ca000000, 0x00000000ca000000, 0x00000000ca100000|  0%| F|  |TAMS 0x00000000ca000000, 0x00000000ca000000| Untracked 
| 161|0x00000000ca100000, 0x00000000ca100000, 0x00000000ca200000|  0%| F|  |TAMS 0x00000000ca100000, 0x00000000ca100000| Untracked 
| 162|0x00000000ca200000, 0x00000000ca200000, 0x00000000ca300000|  0%| F|  |TAMS 0x00000000ca200000, 0x00000000ca200000| Untracked 
| 163|0x00000000ca300000, 0x00000000ca300000, 0x00000000ca400000|  0%| F|  |TAMS 0x00000000ca300000, 0x00000000ca300000| Untracked 
| 164|0x00000000ca400000, 0x00000000ca400000, 0x00000000ca500000|  0%| F|  |TAMS 0x00000000ca400000, 0x00000000ca400000| Untracked 
| 165|0x00000000ca500000, 0x00000000ca500000, 0x00000000ca600000|  0%| F|  |TAMS 0x00000000ca500000, 0x00000000ca500000| Untracked 
| 166|0x00000000ca600000, 0x00000000ca600000, 0x00000000ca700000|  0%| F|  |TAMS 0x00000000ca600000, 0x00000000ca600000| Untracked 
| 167|0x00000000ca700000, 0x00000000ca700000, 0x00000000ca800000|  0%| F|  |TAMS 0x00000000ca700000, 0x00000000ca700000| Untracked 
| 168|0x00000000ca800000, 0x00000000ca800000, 0x00000000ca900000|  0%| F|  |TAMS 0x00000000ca800000, 0x00000000ca800000| Untracked 
| 169|0x00000000ca900000, 0x00000000ca900000, 0x00000000caa00000|  0%| F|  |TAMS 0x00000000ca900000, 0x00000000ca900000| Untracked 
| 170|0x00000000caa00000, 0x00000000cab00000, 0x00000000cab00000|100%| S|CS|TAMS 0x00000000caa00000, 0x00000000caa00000| Complete 
| 171|0x00000000cab00000, 0x00000000cac00000, 0x00000000cac00000|100%| S|CS|TAMS 0x00000000cab00000, 0x00000000cab00000| Complete 
| 172|0x00000000cac00000, 0x00000000cad00000, 0x00000000cad00000|100%| S|CS|TAMS 0x00000000cac00000, 0x00000000cac00000| Complete 
| 173|0x00000000cad00000, 0x00000000cae00000, 0x00000000cae00000|100%| S|CS|TAMS 0x00000000cad00000, 0x00000000cad00000| Complete 
| 174|0x00000000cae00000, 0x00000000cae00000, 0x00000000caf00000|  0%| F|  |TAMS 0x00000000cae00000, 0x00000000cae00000| Untracked 
| 175|0x00000000caf00000, 0x00000000caf00000, 0x00000000cb000000|  0%| F|  |TAMS 0x00000000caf00000, 0x00000000caf00000| Untracked 
| 176|0x00000000cb000000, 0x00000000cb000000, 0x00000000cb100000|  0%| F|  |TAMS 0x00000000cb000000, 0x00000000cb000000| Untracked 
| 177|0x00000000cb100000, 0x00000000cb100000, 0x00000000cb200000|  0%| F|  |TAMS 0x00000000cb100000, 0x00000000cb100000| Untracked 
| 178|0x00000000cb200000, 0x00000000cb200000, 0x00000000cb300000|  0%| F|  |TAMS 0x00000000cb200000, 0x00000000cb200000| Untracked 
| 179|0x00000000cb300000, 0x00000000cb300000, 0x00000000cb400000|  0%| F|  |TAMS 0x00000000cb300000, 0x00000000cb300000| Untracked 
| 180|0x00000000cb400000, 0x00000000cb400000, 0x00000000cb500000|  0%| F|  |TAMS 0x00000000cb400000, 0x00000000cb400000| Untracked 
| 181|0x00000000cb500000, 0x00000000cb500000, 0x00000000cb600000|  0%| F|  |TAMS 0x00000000cb500000, 0x00000000cb500000| Untracked 
| 182|0x00000000cb600000, 0x00000000cb600000, 0x00000000cb700000|  0%| F|  |TAMS 0x00000000cb600000, 0x00000000cb600000| Untracked 
| 183|0x00000000cb700000, 0x00000000cb700000, 0x00000000cb800000|  0%| F|  |TAMS 0x00000000cb700000, 0x00000000cb700000| Untracked 
| 184|0x00000000cb800000, 0x00000000cb800000, 0x00000000cb900000|  0%| F|  |TAMS 0x00000000cb800000, 0x00000000cb800000| Untracked 
| 185|0x00000000cb900000, 0x00000000cb900000, 0x00000000cba00000|  0%| F|  |TAMS 0x00000000cb900000, 0x00000000cb900000| Untracked 
| 186|0x00000000cba00000, 0x00000000cba00000, 0x00000000cbb00000|  0%| F|  |TAMS 0x00000000cba00000, 0x00000000cba00000| Untracked 
| 187|0x00000000cbb00000, 0x00000000cbb00000, 0x00000000cbc00000|  0%| F|  |TAMS 0x00000000cbb00000, 0x00000000cbb00000| Untracked 
| 188|0x00000000cbc00000, 0x00000000cbc00000, 0x00000000cbd00000|  0%| F|  |TAMS 0x00000000cbc00000, 0x00000000cbc00000| Untracked 
| 189|0x00000000cbd00000, 0x00000000cbd00000, 0x00000000cbe00000|  0%| F|  |TAMS 0x00000000cbd00000, 0x00000000cbd00000| Untracked 
| 190|0x00000000cbe00000, 0x00000000cbe00000, 0x00000000cbf00000|  0%| F|  |TAMS 0x00000000cbe00000, 0x00000000cbe00000| Untracked 
| 191|0x00000000cbf00000, 0x00000000cbf00000, 0x00000000cc000000|  0%| F|  |TAMS 0x00000000cbf00000, 0x00000000cbf00000| Untracked 
| 192|0x00000000cc000000, 0x00000000cc000000, 0x00000000cc100000|  0%| F|  |TAMS 0x00000000cc000000, 0x00000000cc000000| Untracked 
| 193|0x00000000cc100000, 0x00000000cc100000, 0x00000000cc200000|  0%| F|  |TAMS 0x00000000cc100000, 0x00000000cc100000| Untracked 
| 194|0x00000000cc200000, 0x00000000cc200000, 0x00000000cc300000|  0%| F|  |TAMS 0x00000000cc200000, 0x00000000cc200000| Untracked 
| 195|0x00000000cc300000, 0x00000000cc300000, 0x00000000cc400000|  0%| F|  |TAMS 0x00000000cc300000, 0x00000000cc300000| Untracked 
| 196|0x00000000cc400000, 0x00000000cc400000, 0x00000000cc500000|  0%| F|  |TAMS 0x00000000cc400000, 0x00000000cc400000| Untracked 
| 197|0x00000000cc500000, 0x00000000cc500000, 0x00000000cc600000|  0%| F|  |TAMS 0x00000000cc500000, 0x00000000cc500000| Untracked 
| 198|0x00000000cc600000, 0x00000000cc600000, 0x00000000cc700000|  0%| F|  |TAMS 0x00000000cc600000, 0x00000000cc600000| Untracked 
| 199|0x00000000cc700000, 0x00000000cc701260, 0x00000000cc800000|  0%| E|  |TAMS 0x00000000cc700000, 0x00000000cc700000| Complete 

Card table byte_map: [0x0000011f468b0000,0x0000011f46ab0000] _byte_map_base: 0x0000011f462b0000

Marking Bits (Prev, Next): (CMBitMap*) 0x0000011f2f3dee08, (CMBitMap*) 0x0000011f2f3dee48
 Prev Bits: [0x0000011f46cb0000, 0x0000011f47cb0000)
 Next Bits: [0x0000011f47cb0000, 0x0000011f48cb0000)

Polling page: 0x0000011f2d330000

Metaspace:

Usage:
  Non-class:     58.91 MB capacity,    57.68 MB ( 98%) used,     1.06 MB (  2%) free+waste,   180.38 KB ( <1%) overhead. 
      Class:      9.64 MB capacity,     9.03 MB ( 94%) used,   544.05 KB (  6%) free+waste,    83.25 KB ( <1%) overhead. 
       Both:     68.56 MB capacity,    66.71 MB ( 97%) used,     1.59 MB (  2%) free+waste,   263.63 KB ( <1%) overhead. 

Virtual space:
  Non-class space:       60.00 MB reserved,      58.92 MB ( 98%) committed 
      Class space:        1.00 GB reserved,       9.75 MB ( <1%) committed 
             Both:        1.06 GB reserved,      68.67 MB (  6%) committed 

Chunk freelists:
   Non-Class:  9.00 KB
       Class:  13.00 KB
        Both:  22.00 KB

MaxMetaspaceSize: 17179869184.00 GB
CompressedClassSpaceSize: 1.00 GB

CodeHeap 'non-profiled nmethods': size=120064Kb used=4501Kb max_used=4767Kb free=115562Kb
 bounds [0x0000011f3f370000, 0x0000011f3f820000, 0x0000011f468b0000]
CodeHeap 'profiled nmethods': size=120000Kb used=18506Kb max_used=19736Kb free=101493Kb
 bounds [0x0000011f37e40000, 0x0000011f39190000, 0x0000011f3f370000]
CodeHeap 'non-nmethods': size=5696Kb used=2390Kb max_used=2425Kb free=3305Kb
 bounds [0x0000011f378b0000, 0x0000011f37b20000, 0x0000011f37e40000]
 total_blobs=13262 nmethods=8359 adapters=783
 compilation: enabled
              stopped_count=0, restarted_count=0
 full_count=0

Compilation events (20 events):
Event: 52.919 Thread 0x0000011f4b03a000 9759       2       com.android.tools.r8.code.K3::<init> (7 bytes)
Event: 52.919 Thread 0x0000011f4b03a000 nmethod 9759 0x0000011f37f39d90 code [0x0000011f37f39f60, 0x0000011f37f3a260]
Event: 52.929 Thread 0x0000011f4b03a000 9760       2       com.android.tools.r8.code.f::<init> (7 bytes)
Event: 52.929 Thread 0x0000011f4b03a000 nmethod 9760 0x0000011f37fc0610 code [0x0000011f37fc07e0, 0x0000011f37fc0ae0]
Event: 52.960 Thread 0x0000011f4b03a000 9762       2       com.android.tools.r8.graph.u::d (71 bytes)
Event: 52.961 Thread 0x0000011f4b03a000 nmethod 9762 0x0000011f37f12010 code [0x0000011f37f12200, 0x0000011f37f12750]
Event: 52.996 Thread 0x0000011f4b03a000 9764 %     3       com.android.tools.r8.v.a.a.a.f.X::b @ 102 (190 bytes)
Event: 52.998 Thread 0x0000011f4b03a000 nmethod 9764% 0x0000011f38540c10 code [0x0000011f38540ec0, 0x0000011f38541e90]
Event: 52.998 Thread 0x0000011f4b03a000 9765       3       com.android.tools.r8.v.a.a.a.f.X::b (190 bytes)
Event: 53.000 Thread 0x0000011f4b03a000 nmethod 9765 0x0000011f3835f490 code [0x0000011f3835f720, 0x0000011f383604f0]
Event: 53.024 Thread 0x0000011f4b03a000 9767 %     3       com.android.tools.r8.utils.V::d @ 29 (61 bytes)
Event: 53.025 Thread 0x0000011f4b03a000 nmethod 9767% 0x0000011f37ef2e10 code [0x0000011f37ef2fe0, 0x0000011f37ef3510]
Event: 53.025 Thread 0x0000011f4b03a000 9768       3       com.android.tools.r8.utils.V::d (61 bytes)
Event: 53.025 Thread 0x0000011f4b03a000 nmethod 9768 0x0000011f38050390 code [0x0000011f38050560, 0x0000011f38050a10]
Event: 53.060 Thread 0x0000011f4b03a000 9770       2       com.android.tools.r8.code.i2::<init> (7 bytes)
Event: 53.061 Thread 0x0000011f4b03a000 nmethod 9770 0x0000011f38169890 code [0x0000011f38169a40, 0x0000011f38169c18]
Event: 53.061 Thread 0x0000011f4b03a000 9771       2       com.android.tools.r8.code.j3::<init> (13 bytes)
Event: 53.062 Thread 0x0000011f4b03a000 nmethod 9771 0x0000011f38217390 code [0x0000011f38217560, 0x0000011f38217870]
Event: 53.108 Thread 0x0000011f4b03a000 9773   !   2       com.android.tools.r8.graph.e0::d (24 bytes)
Event: 53.109 Thread 0x0000011f4b03a000 nmethod 9773 0x0000011f38314a10 code [0x0000011f38314be0, 0x0000011f38314fc0]

GC Heap History (20 events):
Event: 45.101 GC heap before
{Heap before GC invocations=40 (full 0):
 garbage-first heap   total 144384K, used 112787K [0x00000000c0000000, 0x0000000100000000)
  region size 1024K, 40 young (40960K), 5 survivors (5120K)
 Metaspace       used 63864K, capacity 65686K, committed 65968K, reserved 1105920K
  class space    used 8543K, capacity 9188K, committed 9216K, reserved 1048576K
}
Event: 45.126 GC heap after
{Heap after GC invocations=41 (full 0):
 garbage-first heap   total 144384K, used 79872K [0x00000000c0000000, 0x0000000100000000)
  region size 1024K, 4 young (4096K), 4 survivors (4096K)
 Metaspace       used 63864K, capacity 65686K, committed 65968K, reserved 1105920K
  class space    used 8543K, capacity 9188K, committed 9216K, reserved 1048576K
}
Event: 46.548 GC heap before
{Heap before GC invocations=41 (full 0):
 garbage-first heap   total 144384K, used 116736K [0x00000000c0000000, 0x0000000100000000)
  region size 1024K, 40 young (40960K), 4 survivors (4096K)
 Metaspace       used 64474K, capacity 66326K, committed 66608K, reserved 1105920K
  class space    used 8632K, capacity 9266K, committed 9344K, reserved 1048576K
}
Event: 46.573 GC heap after
{Heap after GC invocations=42 (full 0):
 garbage-first heap   total 144384K, used 81849K [0x00000000c0000000, 0x0000000100000000)
  region size 1024K, 4 young (4096K), 4 survivors (4096K)
 Metaspace       used 64474K, capacity 66326K, committed 66608K, reserved 1105920K
  class space    used 8632K, capacity 9266K, committed 9344K, reserved 1048576K
}
Event: 47.081 GC heap before
{Heap before GC invocations=43 (full 0):
 garbage-first heap   total 144384K, used 89017K [0x00000000c0000000, 0x0000000100000000)
  region size 1024K, 12 young (12288K), 4 survivors (4096K)
 Metaspace       used 64958K, capacity 66862K, committed 67120K, reserved 1107968K
  class space    used 8713K, capacity 9338K, committed 9344K, reserved 1048576K
}
Event: 47.104 GC heap after
{Heap after GC invocations=44 (full 0):
 garbage-first heap   total 144384K, used 82203K [0x00000000c0000000, 0x0000000100000000)
  region size 1024K, 3 young (3072K), 3 survivors (3072K)
 Metaspace       used 64958K, capacity 66862K, committed 67120K, reserved 1107968K
  class space    used 8713K, capacity 9338K, committed 9344K, reserved 1048576K
}
Event: 48.056 GC heap before
{Heap before GC invocations=45 (full 0):
 garbage-first heap   total 157696K, used 102683K [0x00000000c0000000, 0x0000000100000000)
  region size 1024K, 15 young (15360K), 3 survivors (3072K)
 Metaspace       used 66417K, capacity 68330K, committed 68400K, reserved 1107968K
  class space    used 8912K, capacity 9553K, committed 9600K, reserved 1048576K
}
Event: 48.079 GC heap after
{Heap after GC invocations=46 (full 0):
 garbage-first heap   total 157696K, used 92842K [0x00000000c0000000, 0x0000000100000000)
  region size 1024K, 4 young (4096K), 4 survivors (4096K)
 Metaspace       used 66417K, capacity 68330K, committed 68400K, reserved 1107968K
  class space    used 8912K, capacity 9553K, committed 9600K, reserved 1048576K
}
Event: 48.714 GC heap before
{Heap before GC invocations=47 (full 0):
 garbage-first heap   total 193536K, used 126634K [0x00000000c0000000, 0x0000000100000000)
  region size 1024K, 21 young (21504K), 4 survivors (4096K)
 Metaspace       used 66692K, capacity 68626K, committed 68656K, reserved 1107968K
  class space    used 8947K, capacity 9587K, committed 9600K, reserved 1048576K
}
Event: 48.777 GC heap after
{Heap after GC invocations=48 (full 0):
 garbage-first heap   total 193536K, used 109143K [0x00000000c0000000, 0x0000000100000000)
  region size 1024K, 5 young (5120K), 5 survivors (5120K)
 Metaspace       used 66692K, capacity 68626K, committed 68656K, reserved 1107968K
  class space    used 8947K, capacity 9587K, committed 9600K, reserved 1048576K
}
Event: 49.253 GC heap before
{Heap before GC invocations=49 (full 0):
 garbage-first heap   total 193536K, used 112215K [0x00000000c0000000, 0x0000000100000000)
  region size 1024K, 9 young (9216K), 5 survivors (5120K)
 Metaspace       used 66692K, capacity 68626K, committed 68656K, reserved 1107968K
  class space    used 8947K, capacity 9587K, committed 9600K, reserved 1048576K
}
Event: 49.286 GC heap after
{Heap after GC invocations=50 (full 0):
 garbage-first heap   total 193536K, used 112898K [0x00000000c0000000, 0x0000000100000000)
  region size 1024K, 3 young (3072K), 3 survivors (3072K)
 Metaspace       used 66692K, capacity 68626K, committed 68656K, reserved 1107968K
  class space    used 8947K, capacity 9587K, committed 9600K, reserved 1048576K
}
Event: 49.737 GC heap before
{Heap before GC invocations=51 (full 0):
 garbage-first heap   total 193536K, used 113922K [0x00000000c0000000, 0x0000000100000000)
  region size 1024K, 4 young (4096K), 3 survivors (3072K)
 Metaspace       used 66692K, capacity 68626K, committed 68656K, reserved 1107968K
  class space    used 8947K, capacity 9587K, committed 9600K, reserved 1048576K
}
Event: 49.753 GC heap after
{Heap after GC invocations=52 (full 0):
 garbage-first heap   total 193536K, used 113480K [0x00000000c0000000, 0x0000000100000000)
  region size 1024K, 1 young (1024K), 1 survivors (1024K)
 Metaspace       used 66692K, capacity 68626K, committed 68656K, reserved 1107968K
  class space    used 8947K, capacity 9587K, committed 9600K, reserved 1048576K
}
Event: 50.579 GC heap before
{Heap before GC invocations=53 (full 0):
 garbage-first heap   total 194560K, used 132936K [0x00000000c0000000, 0x0000000100000000)
  region size 1024K, 21 young (21504K), 1 survivors (1024K)
 Metaspace       used 66729K, capacity 68627K, committed 68656K, reserved 1107968K
  class space    used 8948K, capacity 9587K, committed 9600K, reserved 1048576K
}
Event: 50.662 GC heap after
{Heap after GC invocations=54 (full 0):
 garbage-first heap   total 194560K, used 122388K [0x00000000c0000000, 0x0000000100000000)
  region size 1024K, 4 young (4096K), 4 survivors (4096K)
 Metaspace       used 66729K, capacity 68627K, committed 68656K, reserved 1107968K
  class space    used 8948K, capacity 9587K, committed 9600K, reserved 1048576K
}
Event: 52.517 GC heap before
{Heap before GC invocations=55 (full 0):
 garbage-first heap   total 204800K, used 140820K [0x00000000c0000000, 0x0000000100000000)
  region size 1024K, 22 young (22528K), 4 survivors (4096K)
 Metaspace       used 68281K, capacity 70199K, committed 70320K, reserved 1110016K
  class space    used 9246K, capacity 9874K, committed 9984K, reserved 1048576K
}
Event: 52.611 GC heap after
{Heap after GC invocations=56 (full 0):
 garbage-first heap   total 204800K, used 130456K [0x00000000c0000000, 0x0000000100000000)
  region size 1024K, 3 young (3072K), 3 survivors (3072K)
 Metaspace       used 68281K, capacity 70199K, committed 70320K, reserved 1110016K
  class space    used 9246K, capacity 9874K, committed 9984K, reserved 1048576K
}
Event: 53.121 GC heap before
{Heap before GC invocations=56 (full 0):
 garbage-first heap   total 204800K, used 152984K [0x00000000c0000000, 0x0000000100000000)
  region size 1024K, 26 young (26624K), 3 survivors (3072K)
 Metaspace       used 68313K, capacity 70202K, committed 70320K, reserved 1110016K
  class space    used 9247K, capacity 9875K, committed 9984K, reserved 1048576K
}
Event: 53.226 GC heap after
{Heap after GC invocations=57 (full 0):
 garbage-first heap   total 204800K, used 144384K [0x00000000c0000000, 0x0000000100000000)
  region size 1024K, 4 young (4096K), 4 survivors (4096K)
 Metaspace       used 68313K, capacity 70202K, committed 70320K, reserved 1110016K
  class space    used 9247K, capacity 9875K, committed 9984K, reserved 1048576K
}

Deoptimization events (20 events):
Event: 53.062 Thread 0x0000011f4dff9800 DEOPT PACKING pc=0x0000011f3910481c sp=0x00000001116fe950
Event: 53.062 Thread 0x0000011f4dff9800 DEOPT UNPACKING pc=0x0000011f378f994e sp=0x00000001116fdf48 mode 0
Event: 53.071 Thread 0x0000011f4dff9800 DEOPT PACKING pc=0x0000011f3910481c sp=0x00000001116fe950
Event: 53.071 Thread 0x0000011f4dff9800 DEOPT UNPACKING pc=0x0000011f378f994e sp=0x00000001116fdf48 mode 0
Event: 53.077 Thread 0x0000011f4dff9800 DEOPT PACKING pc=0x0000011f39175b3e sp=0x00000001116fe1a0
Event: 53.077 Thread 0x0000011f4dff9800 DEOPT UNPACKING pc=0x0000011f378f994e sp=0x00000001116fdd90 mode 0
Event: 53.078 Thread 0x0000011f4dff9800 DEOPT PACKING pc=0x0000011f3910481c sp=0x00000001116fe950
Event: 53.078 Thread 0x0000011f4dff9800 DEOPT UNPACKING pc=0x0000011f378f994e sp=0x00000001116fdf48 mode 0
Event: 53.090 Thread 0x0000011f4dff9800 DEOPT PACKING pc=0x0000011f3910481c sp=0x00000001116fe950
Event: 53.090 Thread 0x0000011f4dff9800 DEOPT UNPACKING pc=0x0000011f378f994e sp=0x00000001116fdf48 mode 0
Event: 53.097 Thread 0x0000011f4dff9800 DEOPT PACKING pc=0x0000011f39175b3e sp=0x00000001116fe1b0
Event: 53.097 Thread 0x0000011f4dff9800 DEOPT UNPACKING pc=0x0000011f378f994e sp=0x00000001116fdda0 mode 0
Event: 53.099 Thread 0x0000011f4dff9800 DEOPT PACKING pc=0x0000011f3910481c sp=0x00000001116fe950
Event: 53.099 Thread 0x0000011f4dff9800 DEOPT UNPACKING pc=0x0000011f378f994e sp=0x00000001116fdf48 mode 0
Event: 53.108 Thread 0x0000011f4dff9800 DEOPT PACKING pc=0x0000011f3910481c sp=0x00000001116fe960
Event: 53.108 Thread 0x0000011f4dff9800 DEOPT UNPACKING pc=0x0000011f378f994e sp=0x00000001116fdf58 mode 0
Event: 53.114 Thread 0x0000011f4dff9800 DEOPT PACKING pc=0x0000011f39175b3e sp=0x00000001116fe1b0
Event: 53.114 Thread 0x0000011f4dff9800 DEOPT UNPACKING pc=0x0000011f378f994e sp=0x00000001116fdda0 mode 0
Event: 53.115 Thread 0x0000011f4dff9800 DEOPT PACKING pc=0x0000011f3910481c sp=0x00000001116fe950
Event: 53.115 Thread 0x0000011f4dff9800 DEOPT UNPACKING pc=0x0000011f378f994e sp=0x00000001116fdf48 mode 0

Classes unloaded (3 events):
Event: 21.668 Thread 0x0000011f2f47e000 Unloading class 0x000000080100ec40 'org/gradle/api/internal/artifacts/ivyservice/ivyresolve/ErrorHandlingModuleComponentRepository$ErrorHandlingModuleComponentRepositoryAccess$$Lambda$224'
Event: 21.668 Thread 0x0000011f2f47e000 Unloading class 0x000000080100f440 'org/gradle/api/internal/artifacts/ivyservice/ivyresolve/ErrorHandlingModuleComponentRepository$ErrorHandlingModuleComponentRepositoryAccess$$Lambda$222'
Event: 21.668 Thread 0x0000011f2f47e000 Unloading class 0x000000080100f840 'org/gradle/api/internal/artifacts/ivyservice/ivyresolve/ErrorHandlingModuleComponentRepository$ErrorHandlingModuleComponentRepositoryAccess$$Lambda$219'

Classes redefined (0 events):
No events

Internal exceptions (20 events):
Event: 43.999 Thread 0x0000011f4ba94800 Exception <a 'sun/nio/fs/WindowsException'{0x00000000c7fe0898}> (0x00000000c7fe0898) 
thrown [t:/workspace/open/src/hotspot/share/prims/jni.cpp, line 598]
Event: 44.002 Thread 0x0000011f4ba94800 Exception <a 'sun/nio/fs/WindowsException'{0x00000000c7fe1a10}> (0x00000000c7fe1a10) 
thrown [t:/workspace/open/src/hotspot/share/prims/jni.cpp, line 598]
Event: 44.004 Thread 0x0000011f4ba94800 Exception <a 'sun/nio/fs/WindowsException'{0x00000000c7e171a8}> (0x00000000c7e171a8) 
thrown [t:/workspace/open/src/hotspot/share/prims/jni.cpp, line 598]
Event: 44.008 Thread 0x0000011f4ba94800 Exception <a 'sun/nio/fs/WindowsException'{0x00000000c7e1ebd0}> (0x00000000c7e1ebd0) 
thrown [t:/workspace/open/src/hotspot/share/prims/jni.cpp, line 598]
Event: 44.008 Thread 0x0000011f4ba94800 Exception <a 'sun/nio/fs/WindowsException'{0x00000000c7e1fd08}> (0x00000000c7e1fd08) 
thrown [t:/workspace/open/src/hotspot/share/prims/jni.cpp, line 598]
Event: 44.008 Thread 0x0000011f4ba94800 Exception <a 'sun/nio/fs/WindowsException'{0x00000000c7e20ec0}> (0x00000000c7e20ec0) 
thrown [t:/workspace/open/src/hotspot/share/prims/jni.cpp, line 598]
Event: 44.009 Thread 0x0000011f4ba94800 Exception <a 'sun/nio/fs/WindowsException'{0x00000000c7e233d8}> (0x00000000c7e233d8) 
thrown [t:/workspace/open/src/hotspot/share/prims/jni.cpp, line 598]
Event: 44.010 Thread 0x0000011f4ba94800 Exception <a 'sun/nio/fs/WindowsException'{0x00000000c7e24520}> (0x00000000c7e24520) 
thrown [t:/workspace/open/src/hotspot/share/prims/jni.cpp, line 598]
Event: 44.010 Thread 0x0000011f4ba94800 Exception <a 'sun/nio/fs/WindowsException'{0x00000000c7e256e8}> (0x00000000c7e256e8) 
thrown [t:/workspace/open/src/hotspot/share/prims/jni.cpp, line 598]
Event: 45.324 Thread 0x0000011f4ba94800 Implicit null exception at 0x0000011f3f4c9465 to 0x0000011f3f4c9c92
Event: 46.365 Thread 0x0000011f4ba94800 Exception <a 'java/lang/NoSuchMethodError'{0x00000000c6e70f00}: static Lcom/android/build/gradle/internal/tasks/Workers$ActionParameters;.<clinit>()V> (0x00000000c6e70f00) 
thrown [t:/workspace/open/src/hotspot/share/prims/jni.cpp, line 1347]
Event: 46.370 Thread 0x0000011f4ba94800 Exception <a 'java/lang/NoSuchMethodError'{0x00000000c6e88048}: static Lcom/android/build/gradle/internal/tasks/DexMergingParams;.<clinit>()V> (0x00000000c6e88048) 
thrown [t:/workspace/open/src/hotspot/share/prims/jni.cpp, line 1347]
Event: 47.371 Thread 0x0000011f4dff2800 Exception <a 'sun/nio/fs/WindowsException'{0x00000000c8beb438}> (0x00000000c8beb438) 
thrown [t:/workspace/open/src/hotspot/share/prims/jni.cpp, line 598]
Event: 47.985 Thread 0x0000011f4dff2800 Exception <a 'java/lang/NoSuchMethodError'{0x00000000c9277138}: 'java.lang.Object java.lang.invoke.DirectMethodHandle$Holder.invokeStatic(java.lang.Object, java.lang.Object, java.lang.Object, java.lang.Object, java.lang.Object, java.lang.Object, java.lang.Object, java.lang.Object, java.lang.Object, java.lang.Object, java.lang.Object, java.lang.Object, java.lang.Object, java.lang.Object, java.lang.Object, java.lang.Object, java.lang.Object, int, java.lang.Object)'> (0x00000000c9277138) 
thrown [t:/workspace
Event: 47.987 Thread 0x0000011f4dff2800 Exception <a 'java/lang/NoSuchMethodError'{0x00000000c927bb50}: 'java.lang.Object java.lang.invoke.DirectMethodHandle$Holder.invokeStaticInit(java.lang.Object, java.lang.Object, java.lang.Object, java.lang.Object, java.lang.Object, java.lang.Object, java.lang.Object, java.lang.Object, java.lang.Object, java.lang.Object, java.lang.Object, java.lang.Object, java.lang.Object, java.lang.Object, java.lang.Object, java.lang.Object, java.lang.Object, int, java.lang.Object)'> (0x00000000c927bb50) 
thrown [t:/works
Event: 51.175 Thread 0x0000011f4dff2800 Implicit null exception at 0x0000011f3f7daeb1 to 0x0000011f3f7db9ce
Event: 51.529 Thread 0x0000011f4dffa800 Exception <a 'java/lang/NoSuchMethodError'{0x00000000cc0823a8}: 'java.lang.Object java.lang.invoke.DirectMethodHandle$Holder.newInvokeSpecial(java.lang.Object, int)'> (0x00000000cc0823a8) 
thrown [t:/workspace/open/src/hotspot/share/interpreter/linkResolver.cpp, line 767]
Event: 51.828 Thread 0x0000011f4dff9800 Implicit null exception at 0x0000011f3f567eaf to 0x0000011f3f567fa2
Event: 51.843 Thread 0x0000011f4dff9800 Exception <a 'java/lang/NoSuchMethodError'{0x00000000cbd692e8}: 'long java.lang.invoke.DirectMethodHandle$Holder.invokeStatic(java.lang.Object, java.lang.Object, java.lang.Object)'> (0x00000000cbd692e8) 
thrown [t:/workspace/open/src/hotspot/share/interpreter/linkResolver.cpp, line 767]
Event: 51.848 Thread 0x0000011f4dffa800 Exception <a 'java/lang/NoSuchMethodError'{0x00000000cbd4ae58}: 'long java.lang.invoke.DirectMethodHandle$Holder.invokeStatic(java.lang.Object, java.lang.Object, java.lang.Object)'> (0x00000000cbd4ae58) 
thrown [t:/workspace/open/src/hotspot/share/interpreter/linkResolver.cpp, line 767]

Events (20 events):
Event: 52.459 Executing VM operation: HandshakeAllThreads done
Event: 52.460 Thread 0x0000011f4b051800 flushing nmethod 0x0000011f3f3de910
Event: 52.460 Thread 0x0000011f4b051800 flushing nmethod 0x0000011f3f44ef90
Event: 52.462 Thread 0x0000011f4b051800 flushing nmethod 0x0000011f3f6bde10
Event: 52.463 Thread 0x0000011f4b051800 flushing nmethod 0x0000011f3f7be310
Event: 52.475 Thread 0x0000011f4b051800 flushing nmethod 0x0000011f38726490
Event: 52.482 Thread 0x0000011f4b051800 flushing nmethod 0x0000011f38d32010
Event: 52.482 Thread 0x0000011f4b051800 flushing nmethod 0x0000011f38d67990
Event: 52.484 Thread 0x0000011f4b051800 flushing nmethod 0x0000011f38da5110
Event: 52.485 Thread 0x0000011f4b051800 flushing nmethod 0x0000011f38e2bf90
Event: 52.487 Thread 0x0000011f4b051800 flushing nmethod 0x0000011f39082990
Event: 52.509 loading class com/android/tools/r8/graph/h0$a
Event: 52.509 loading class com/android/tools/r8/graph/h0$a done
Event: 52.517 Executing VM operation: G1CollectForAllocation
Event: 52.632 Executing VM operation: G1CollectForAllocation done
Event: 53.055 loading class com/android/tools/r8/dex/n$a
Event: 53.055 loading class com/android/tools/r8/dex/n$a done
Event: 53.120 Executing VM operation: G1CollectForAllocation
Event: 53.298 Executing VM operation: G1CollectForAllocation done
Event: 53.658 Executing VM operation: G1Concurrent


Dynamic libraries:
0x00007ff75f3e0000 - 0x00007ff75f3ef000 	C:\Program Files\Java\jdk-13.0.2\bin\java.exe
0x00007ff845a20000 - 0x00007ff845c0d000 	C:\Windows\SYSTEM32\ntdll.dll
0x00007ff8452c0000 - 0x00007ff845373000 	C:\Windows\System32\KERNEL32.DLL
0x00007ff841ae0000 - 0x00007ff841d75000 	C:\Windows\System32\KERNELBASE.dll
0x00007ff8420b0000 - 0x00007ff8421aa000 	C:\Windows\System32\ucrtbase.dll
0x00007ff831330000 - 0x00007ff831348000 	C:\Program Files\Java\jdk-13.0.2\bin\jli.dll
0x00007ff842f70000 - 0x00007ff843013000 	C:\Windows\System32\ADVAPI32.dll
0x00007ff82e9b0000 - 0x00007ff82e9c5000 	C:\Program Files\Java\jdk-13.0.2\bin\VCRUNTIME140.dll
0x00007ff845740000 - 0x00007ff8457de000 	C:\Windows\System32\msvcrt.dll
0x00007ff844eb0000 - 0x00007ff844f4e000 	C:\Windows\System32\sechost.dll
0x00007ff844d70000 - 0x00007ff844e92000 	C:\Windows\System32\RPCRT4.dll
0x00007ff843620000 - 0x00007ff8437b7000 	C:\Windows\System32\USER32.dll
0x00007ff8305b0000 - 0x00007ff830829000 	C:\Windows\WinSxS\amd64_microsoft.windows.common-controls_6595b64144ccf1df_6.0.17763.1217_none_de6e4304534e0ad3\COMCTL32.dll
0x00007ff842c40000 - 0x00007ff842f6c000 	C:\Windows\System32\combase.dll
0x00007ff842330000 - 0x00007ff842350000 	C:\Windows\System32\win32u.dll
0x00007ff8421e0000 - 0x00007ff84225e000 	C:\Windows\System32\bcryptPrimitives.dll
0x00007ff8456a0000 - 0x00007ff8456c9000 	C:\Windows\System32\GDI32.dll
0x00007ff842aa0000 - 0x00007ff842c39000 	C:\Windows\System32\gdi32full.dll
0x00007ff841d80000 - 0x00007ff841e20000 	C:\Windows\System32\msvcp_win.dll
0x00007ff83d520000 - 0x00007ff83d52a000 	C:\Windows\SYSTEM32\VERSION.dll
0x00007ff845610000 - 0x00007ff84563e000 	C:\Windows\System32\IMM32.DLL
0x00007ff82dc30000 - 0x00007ff82dccb000 	C:\Program Files\Java\jdk-13.0.2\bin\msvcp140.dll
0x00007ff818b20000 - 0x00007ff81967d000 	C:\Program Files\Java\jdk-13.0.2\bin\server\jvm.dll
0x00007ff843610000 - 0x00007ff843618000 	C:\Windows\System32\PSAPI.DLL
0x00007ff83fa10000 - 0x00007ff83fa34000 	C:\Windows\SYSTEM32\WINMM.dll
0x00007ff83fb90000 - 0x00007ff83fb99000 	C:\Windows\SYSTEM32\WSOCK32.dll
0x00007ff844f50000 - 0x00007ff844fbd000 	C:\Windows\System32\WS2_32.dll
0x00007ff83f9e0000 - 0x00007ff83fa0d000 	C:\Windows\SYSTEM32\winmmbase.dll
0x00007ff841e20000 - 0x00007ff841e6a000 	C:\Windows\System32\cfgmgr32.dll
0x00007ff841a70000 - 0x00007ff841a81000 	C:\Windows\System32\kernel.appcore.dll
0x00007ff8395b0000 - 0x00007ff8395c0000 	C:\Program Files\Java\jdk-13.0.2\bin\verify.dll
0x00007ff831500000 - 0x00007ff8316ed000 	C:\Windows\SYSTEM32\DBGHELP.DLL
0x00007ff8313f0000 - 0x00007ff83141a000 	C:\Windows\SYSTEM32\dbgcore.DLL
0x00007ff82dc00000 - 0x00007ff82dc26000 	C:\Program Files\Java\jdk-13.0.2\bin\java.dll
0x00007ff82dbe0000 - 0x00007ff82dbf7000 	C:\Program Files\Java\jdk-13.0.2\bin\zip.dll
0x00007ff838170000 - 0x00007ff83817a000 	C:\Program Files\Java\jdk-13.0.2\bin\jimage.dll
0x00007ff8437c0000 - 0x00007ff844cb4000 	C:\Windows\System32\SHELL32.dll
0x00007ff844cc0000 - 0x00007ff844d68000 	C:\Windows\System32\shcore.dll
0x00007ff842350000 - 0x00007ff842a9e000 	C:\Windows\System32\windows.storage.dll
0x00007ff841a90000 - 0x00007ff841ab4000 	C:\Windows\System32\profapi.dll
0x00007ff841a10000 - 0x00007ff841a6d000 	C:\Windows\System32\powrprof.dll
0x00007ff845640000 - 0x00007ff845692000 	C:\Windows\System32\shlwapi.dll
0x00007ff842310000 - 0x00007ff842327000 	C:\Windows\System32\cryptsp.dll
0x00007ff82dbc0000 - 0x00007ff82dbd9000 	C:\Program Files\Java\jdk-13.0.2\bin\net.dll
0x00007ff8394b0000 - 0x00007ff8395a2000 	C:\Windows\SYSTEM32\WINHTTP.dll
0x00007ff8411d0000 - 0x00007ff841237000 	C:\Windows\system32\mswsock.dll
0x00007ff82cde0000 - 0x00007ff82cdf3000 	C:\Program Files\Java\jdk-13.0.2\bin\nio.dll
0x00007ff837970000 - 0x00007ff837996000 	C:\Users\ELCOT\.gradle\caches\gradle-6.5\native\31\windows-amd64\native-platform.dll
0x00007ff837950000 - 0x00007ff837959000 	C:\Program Files\Java\jdk-13.0.2\bin\management.dll
0x00007ff8369a0000 - 0x00007ff8369ab000 	C:\Program Files\Java\jdk-13.0.2\bin\management_ext.dll
0x00007ff840d60000 - 0x00007ff840d93000 	C:\Windows\system32\rsaenh.dll
0x00007ff8421b0000 - 0x00007ff8421d6000 	C:\Windows\System32\bcrypt.dll
0x00007ff841940000 - 0x00007ff841968000 	C:\Windows\SYSTEM32\USERENV.dll
0x00007ff841350000 - 0x00007ff84135c000 	C:\Windows\SYSTEM32\CRYPTBASE.dll
0x00007ff840f00000 - 0x00007ff840f3d000 	C:\Windows\SYSTEM32\IPHLPAPI.DLL
0x00007ff8456d0000 - 0x00007ff8456d8000 	C:\Windows\System32\NSI.dll
0x00007ff839490000 - 0x00007ff8394a6000 	C:\Windows\SYSTEM32\dhcpcsvc6.DLL
0x00007ff839470000 - 0x00007ff83948c000 	C:\Windows\SYSTEM32\dhcpcsvc.DLL
0x00007ff840f40000 - 0x00007ff841007000 	C:\Windows\SYSTEM32\DNSAPI.dll

dbghelp: loaded successfully - version: 4.0.5 - missing functions: none
symbol engine: initialized successfully - sym options: 0x614 - pdb path: .;C:\Program Files\Java\jdk-13.0.2\bin;C:\Windows\SYSTEM32;C:\Windows\WinSxS\amd64_microsoft.windows.common-controls_6595b64144ccf1df_6.0.17763.1217_none_de6e4304534e0ad3;C:\Program Files\Java\jdk-13.0.2\bin\server;C:\Users\ELCOT\.gradle\caches\gradle-6.5\native\31\windows-amd64

VM Arguments:
jvm_args: --add-opens=java.base/java.util=ALL-UNNAMED --add-opens=java.base/java.lang=ALL-UNNAMED --add-opens=java.base/java.lang.invoke=ALL-UNNAMED --add-opens=java.prefs/java.util.prefs=ALL-UNNAMED -Xmx1024m -Dfile.encoding=windows-1252 -Duser.country=IN -Duser.language=en -Duser.variant 
java_command: org.gradle.launcher.daemon.bootstrap.GradleDaemon 6.1.1
java_class_path (initial): C:\Users\ELCOT\.gradle\caches\gradle-6.5\wrapper\dists\gradle-6.1.1-all\cfmwm155h49vnt3hynmlrsdst\gradle-6.1.1\lib\gradle-launcher-6.1.1.jar
Launcher Type: SUN_STANDARD

[Global flags]
     intx CICompilerCount                          = 2                                         {product} {ergonomic}
     uint ConcGCThreads                            = 1                                         {product} {ergonomic}
     uint G1ConcRefinementThreads                  = 2                                         {product} {ergonomic}
   size_t G1HeapRegionSize                         = 1048576                                   {product} {ergonomic}
    uintx GCDrainStackTargetSize                   = 64                                        {product} {ergonomic}
   size_t InitialHeapSize                          = 65011712                                  {product} {ergonomic}
   size_t MarkStackSize                            = 4194304                                   {product} {ergonomic}
   size_t MaxHeapSize                              = 1073741824                                {product} {command line}
   size_t MaxNewSize                               = 643825664                                 {product} {ergonomic}
   size_t MinHeapDeltaBytes                        = 1048576                                   {product} {ergonomic}
   size_t MinHeapSize                              = 8388608                                   {product} {ergonomic}
    uintx NonNMethodCodeHeapSize                   = 5826188                                {pd product} {ergonomic}
    uintx NonProfiledCodeHeapSize                  = 122916026                              {pd product} {ergonomic}
    uintx ProfiledCodeHeapSize                     = 122916026                              {pd product} {ergonomic}
    uintx ReservedCodeCacheSize                    = 251658240                              {pd product} {ergonomic}
     bool SegmentedCodeCache                       = true                                      {product} {ergonomic}
   size_t SoftMaxHeapSize                          = 1073741824                             {manageable} {ergonomic}
     bool UseCompressedClassPointers               = true                                 {lp64_product} {ergonomic}
     bool UseCompressedOops                        = true                                 {lp64_product} {ergonomic}
     bool UseG1GC                                  = true                                      {product} {ergonomic}
     bool UseLargePagesIndividualAllocation        = false                                  {pd product} {ergonomic}

Logging:
Log output configuration:
 #0: stdout all=warning uptime,level,tags
 #1: stderr all=off uptime,level,tags

Environment Variables:
JAVA_HOME=C:\Program Files\Android\Android Studio\jre
PATH=C:\Program Files\AdoptOpenJDK\jdk-11.0.7.10-hotspot\bin;C:\Program Files (x86)\Common Files\Oracle\Java\javapath;C:\MinGW\bin;C:\Windows\system32;C:\Windows;C:\Windows\System32\Wbem;C:\Windows\System32\WindowsPowerShell\v1.0\;C:\Windows\System32\OpenSSH\;C:\Program Files\nodejs\;C:\Users\ELCOT\Downloads\python-3.8.2;C:\Program Files\Dart\dart-sdk\bin;C:\drivers\chromedriver_win32.zip;C:\src\flutter\flutter_windows_v1.12.13+hotfix.9-stable\flutter\bin;C:\Program Files (x86)\Android\android-sdk\platforms\platform-tools;C:\Program Files (x86)\Android\android-sdk\platform-tools\api;C:\Downloads\installer_r16-windows.exe;C:\ProgramData\Microsoft\Windows\Start Menu\Programs\Android SDK Tools;D:\kishoreAndroid\Android\Android Studio\bin;D:\kishoreAndroid\Android\Android Studio;C:\ProgramData\Microsoft\Windows\Start Menu\Programs\Visual Studio Emulator for Android.lnk;C:\Downloads\vs_emulatorsetup.exe;C:\Program Files (x86)\Android\android-sdk\SDK Manager;D:\Kishore\platforms;C:\Users\ELCOT\AppData\Local\Programs\Python\Python38\Scripts\;C:\Users\;C:\Program Files\Android\Android Studio\jre;C:\Program Files\Java\jdk-13.0.2\bin;C:\Program Files\Java\jre1.8.0_251\bin;C:\Program Files (x86)\Android\platform-tools;C:\Downloads\python-3.8.2.exe;C:\Program Files\dotnet\;C:\Program Files\Microsoft SQL Server\130\Tools\Binn\;C:\Program Files\Microsoft SQL Server\Client SDK\ODBC\170\Tools\Binn\;D:\Git\cmd;C:\Users\ELCOT\AppData\Roaming\npm;C:\Users\ELCOT\AppData\Local\Programs\Python\Python39\Scripts\;C:\Users\ELCOT\AppData\Local\Programs\Python\Python39\;C:\Users\ELCOT\AppData\Local\ValidatorBuddy;C:\Users\ELCOT\AppData\Local\Programs\Python\Python38;C:\src\flutter\bin;D:\Heroku\bin;D:\Microsoft VS Code\bin;C:\Users\ELCOT\AppData\Roaming\npm\node_modules\firebase\node_modules\protobufjs\bin;
USERNAME=ELCOT
OS=Windows_NT
PROCESSOR_IDENTIFIER=AMD64 Family 21 Model 112 Stepping 0, AuthenticAMD



---------------  S Y S T E M  ---------------

OS: Windows 10 , 64 bit Build 17763 (10.0.17763.1158)
HyperV virtualization detected

CPU:total 2 (initial active 2) (2 cores per cpu, 1 threads per core) family 21 model 112 stepping 0, cmov, cx8, fxsr, mmx, sse, sse2, sse3, ssse3, sse4.1, sse4.2, popcnt, avx, avx2, aes, clmul, mmxext, 3dnowpref, lzcnt, sse4a, tsc, tscinvbit, tscinv, bmi1, bmi2, fma

Memory: 4k page, system-wide physical 3935M (551M free)
TotalPageFile size 5322M (AvailPageFile size 38M)
current process WorkingSet (physical memory assigned to process): 397M, peak: 398M
current process commit charge ("private bytes"): 442M, peak: 480M

vm_info: Java HotSpot(TM) 64-Bit Server VM (13.0.2+8) for windows-amd64 JRE (13.0.2+8), built on Dec 11 2019 09:20:33 by "mach5one" with unknown MS VC++:1916

END.
