#
# There is insufficient memory for the Java Runtime Environment to continue.
# Native memory allocation (mmap) failed to map 84934656 bytes for Failed to commit area from 0x00000000ce500000 to 0x00000000d3600000 of length 84934656.
# Possible reasons:
#   The system is out of physical RAM or swap space
#   The process is running with CompressedOops enabled, and the Java Heap may be blocking the growth of the native heap
# Possible solutions:
#   Reduce memory load on the system
#   Increase physical memory or swap space
#   Check if swap backing store is full
#   Decrease Java heap size (-Xmx/-Xms)
#   Decrease number of Java threads
#   Decrease Java thread stack sizes (-Xss)
#   Set larger code cache with -XX:ReservedCodeCacheSize=
#   JVM is running with Unscaled Compressed Oops mode in which the Java heap is
#     placed in the first 4GB address space. The Java Heap base address is the
#     maximum limit for the native heap growth. Please use -XX:HeapBaseMinAddress
#     to set the Java Heap base and to place the Java Heap above 4GB virtual address.
# This output file may be truncated or incomplete.
#
#  Out of Memory Error (t:/workspace/open/src/hotspot/os/windows/os_windows.cpp:3301), pid=12128, tid=11440
#
# JRE version: Java(TM) SE Runtime Environment (13.0.2+8) (build 13.0.2+8)
# Java VM: Java HotSpot(TM) 64-Bit Server VM (13.0.2+8, mixed mode, sharing, tiered, compressed oops, g1 gc, windows-amd64)
# No core dump will be written. Minidumps are not enabled by default on client versions of Windows
#

---------------  S U M M A R Y ------------

Command Line: --add-opens=java.base/java.util=ALL-UNNAMED --add-opens=java.base/java.lang=ALL-UNNAMED --add-opens=java.base/java.lang.invoke=ALL-UNNAMED --add-opens=java.prefs/java.util.prefs=ALL-UNNAMED -Xmx1024m -Dfile.encoding=windows-1252 -Duser.country=IN -Duser.language=en -Duser.variant org.gradle.launcher.daemon.bootstrap.GradleDaemon 6.1.1

Host: AMD PRO A4-4350B R4, 5 COMPUTE CORES 2C+3G     , 2 cores, 3G,  Windows 10 , 64 bit Build 17763 (10.0.17763.1158)
Time: Mon Oct 12 21:00:36 2020 Pacific Daylight Time elapsed time: 82 seconds (0d 0h 1m 22s)

---------------  T H R E A D  ---------------

Current thread (0x000002312576c000):  VMThread "VM Thread" [stack: 0x000000a1d1a00000,0x000000a1d1b00000] [id=11440]

Stack: [0x000000a1d1a00000,0x000000a1d1b00000]
[error occurred during error reporting (printing stack bounds), id 0xc0000005, EXCEPTION_ACCESS_VIOLATION (0xc0000005) at pc=0x000002312dba10ad]

Native frames: (J=compiled Java code, j=interpreted, Vv=VM code, C=native code)
V  [jvm.dll+0x624f9a]
V  [jvm.dll+0x770cfa]
V  [jvm.dll+0x7724af]
V  [jvm.dll+0x772a15]
V  [jvm.dll+0x7729cb]
V  [jvm.dll+0x6244df]
C  [ntdll.dll+0x66b26]
C  [ntdll.dll+0x4849]
C  [ntdll.dll+0xa350e]
C  0x000002312dba10ad

VM_Operation (0x000000a1d30fe1f0): G1CollectForAllocation, mode: safepoint, requested by thread 0x0000023143472800


---------------  P R O C E S S  ---------------

Threads class SMR info:
_java_thread_list=0x000002314637f5c0, length=38, elements={
0x00000231256a0000, 0x000002312576e000, 0x000002314130c800, 0x0000023141328800,
0x000002314132a800, 0x000002314132c800, 0x0000023141335800, 0x0000023141341800,
0x0000023141d6c800, 0x0000023141d70000, 0x0000023142f47000, 0x00000231435b0000,
0x0000023141e8b000, 0x0000023141d22800, 0x0000023141385800, 0x00000231420bd800,
0x0000023141d33800, 0x0000023141cd6800, 0x0000023141e0d000, 0x0000023142093800,
0x0000023142091000, 0x000002314208e800, 0x0000023142092800, 0x0000023142092000,
0x000002314208e000, 0x0000023142094800, 0x000002314208f800, 0x000002314346a800,
0x000002314346e800, 0x0000023143471000, 0x0000023143471800, 0x000002314346c000,
0x0000023143475000, 0x0000023143477800, 0x0000023143475800, 0x0000023143474000,
0x0000023143476800, 0x0000023143472800
}

Java Threads: ( => current thread )
  0x00000231256a0000 JavaThread "main" [_thread_blocked, id=5824, stack(0x000000a1d1400000,0x000000a1d1500000)]
  0x000002312576e000 JavaThread "Reference Handler" daemon [_thread_blocked, id=4380, stack(0x000000a1d1b00000,0x000000a1d1c00000)]
  0x000002314130c800 JavaThread "Finalizer" daemon [_thread_blocked, id=11104, stack(0x000000a1d1c00000,0x000000a1d1d00000)]
  0x0000023141328800 JavaThread "Signal Dispatcher" daemon [_thread_blocked, id=1100, stack(0x000000a1d1d00000,0x000000a1d1e00000)]
  0x000002314132a800 JavaThread "Attach Listener" daemon [_thread_blocked, id=5968, stack(0x000000a1d1e00000,0x000000a1d1f00000)]
  0x000002314132c800 JavaThread "C2 CompilerThread0" daemon [_thread_in_native, id=7548, stack(0x000000a1d1f00000,0x000000a1d2000000)]
  0x0000023141335800 JavaThread "C1 CompilerThread0" daemon [_thread_blocked, id=6028, stack(0x000000a1d2000000,0x000000a1d2100000)]
  0x0000023141341800 JavaThread "Sweeper thread" daemon [_thread_blocked, id=460, stack(0x000000a1d2100000,0x000000a1d2200000)]
  0x0000023141d6c800 JavaThread "Common-Cleaner" daemon [_thread_blocked, id=4004, stack(0x000000a1d2200000,0x000000a1d2300000)]
  0x0000023141d70000 JavaThread "Service Thread" daemon [_thread_blocked, id=7248, stack(0x000000a1d2300000,0x000000a1d2400000)]
  0x0000023142f47000 JavaThread "Daemon health stats" [_thread_blocked, id=9300, stack(0x000000a1d2800000,0x000000a1d2900000)]
  0x00000231435b0000 JavaThread "Incoming local TCP Connector on port 63019" [_thread_in_native, id=9976, stack(0x000000a1d2900000,0x000000a1d2a00000)]
  0x0000023141e8b000 JavaThread "Daemon periodic checks" [_thread_blocked, id=6540, stack(0x000000a1d2a00000,0x000000a1d2b00000)]
  0x0000023141d22800 JavaThread "Daemon" [_thread_blocked, id=3556, stack(0x000000a1d2b00000,0x000000a1d2c00000)]
  0x0000023141385800 JavaThread "Handler for socket connection from /127.0.0.1:63019 to /127.0.0.1:63020" [_thread_in_native, id=4444, stack(0x000000a1d2c00000,0x000000a1d2d00000)]
  0x00000231420bd800 JavaThread "Cancel handler" [_thread_blocked, id=5512, stack(0x000000a1d2d00000,0x000000a1d2e00000)]
  0x0000023141d33800 JavaThread "Daemon worker" [_thread_blocked, id=8172, stack(0x000000a1d2e00000,0x000000a1d2f00000)]
  0x0000023141cd6800 JavaThread "Asynchronous log dispatcher for DefaultDaemonConnection: socket connection from /127.0.0.1:63019 to /127.0.0.1:63020" [_thread_blocked, id=9856, stack(0x000000a1d2f00000,0x000000a1d3000000)]
  0x0000023141e0d000 JavaThread "Thread-8" [_thread_blocked, id=4876, stack(0x000000a1d3100000,0x000000a1d3200000)]
  0x0000023142093800 JavaThread "Cache worker for journal cache (C:\Users\ELCOT\.gradle\caches\gradle-6.5\caches\journal-1)" [_thread_blocked, id=9296, stack(0x000000a1d3200000,0x000000a1d3300000)]
  0x0000023142091000 JavaThread "File lock request listener" [_thread_in_native, id=848, stack(0x000000a1d3300000,0x000000a1d3400000)]
  0x000002314208e800 JavaThread "Cache worker for file hash cache (C:\Users\ELCOT\.gradle\caches\gradle-6.5\caches\6.1.1\fileHashes)" [_thread_blocked, id=844, stack(0x000000a1d3400000,0x000000a1d3500000)]
  0x0000023142092800 JavaThread "Cache worker for checksums cache (D:\AndroidStudioProjects\DoChat\.gradle\checksums)" [_thread_blocked, id=840, stack(0x000000a1d3500000,0x000000a1d3600000)]
  0x0000023142092000 JavaThread "Cache worker for file hash cache (D:\AndroidStudioProjects\DoChat\.gradle\6.1.1\fileHashes)" [_thread_blocked, id=2708, stack(0x000000a1d3600000,0x000000a1d3700000)]
  0x000002314208e000 JavaThread "Cache worker for cache directory md-supplier (C:\Users\ELCOT\.gradle\caches\gradle-6.5\caches\6.1.1\md-supplier)" [_thread_blocked, id=9224, stack(0x000000a1d3700000,0x000000a1d3800000)]
  0x0000023142094800 JavaThread "Cache worker for cache directory md-rule (C:\Users\ELCOT\.gradle\caches\gradle-6.5\caches\6.1.1\md-rule)" [_thread_blocked, id=2532, stack(0x000000a1d3800000,0x000000a1d3900000)]
  0x000002314208f800 JavaThread "Cache worker for execution history cache (C:\Users\ELCOT\.gradle\caches\gradle-6.5\caches\6.1.1\executionHistory)" [_thread_blocked, id=2896, stack(0x000000a1d3900000,0x000000a1d3a00000)]
  0x000002314346a800 JavaThread "Build operations" [_thread_blocked, id=4980, stack(0x000000a1d3a00000,0x000000a1d3b00000)]
  0x000002314346e800 JavaThread "Build operations Thread 2" [_thread_blocked, id=5440, stack(0x000000a1d3b00000,0x000000a1d3c00000)]
  0x0000023143471000 JavaThread "Cache worker for Build Output Cleanup Cache (D:\AndroidStudioProjects\DoChat\.gradle\buildOutputCleanup)" [_thread_blocked, id=4100, stack(0x000000a1d3c00000,0x000000a1d3d00000)]
  0x0000023143471800 JavaThread "Memory manager" [_thread_blocked, id=7724, stack(0x000000a1d3e00000,0x000000a1d3f00000)]
  0x000002314346c000 JavaThread "Cache worker for file content cache (C:\Users\ELCOT\.gradle\caches\gradle-6.5\caches\6.1.1\fileContent)" [_thread_blocked, id=10532, stack(0x000000a1d3f00000,0x000000a1d4000000)]
  0x0000023143475000 JavaThread "Cache worker for file content cache (D:\AndroidStudioProjects\DoChat\.gradle\6.1.1\fileContent)" [_thread_blocked, id=7552, stack(0x000000a1d4000000,0x000000a1d4100000)]
  0x0000023143477800 JavaThread "Execution worker for ':'" [_thread_blocked, id=1368, stack(0x000000a1d4100000,0x000000a1d4200000)]
  0x0000023143475800 JavaThread "Cache worker for execution history cache (D:\AndroidStudioProjects\DoChat\.gradle\6.1.1\executionHistory)" [_thread_blocked, id=11472, stack(0x000000a1d4200000,0x000000a1d4300000)]
  0x0000023143474000 JavaThread "WorkerExecutor Queue" [_thread_blocked, id=7384, stack(0x000000a1d1200000,0x000000a1d1300000)]
  0x0000023143476800 JavaThread "ForkJoinPool-1-worker-3" daemon [_thread_blocked, id=628, stack(0x000000a1d1300000,0x000000a1d1400000)]
  0x0000023143472800 JavaThread "ForkJoinPool-1-worker-1" daemon [_thread_blocked, id=8740, stack(0x000000a1d3000000,0x000000a1d3100000)]

Other Threads:
=>0x000002312576c000 VMThread "VM Thread" [stack: 0x000000a1d1a00000,0x000000a1d1b00000] [id=11440]
  0x0000023141d71800 WatcherThread [stack: 0x000000a1d2400000,0x000000a1d2500000] [id=1112]
  0x00000231256ce800 GCTaskThread "GC Thread#0" [stack: 0x000000a1d1500000,0x000000a1d1600000] [id=6524]
  0x0000023141dd4800 GCTaskThread "GC Thread#1" [stack: 0x000000a1d2500000,0x000000a1d2600000] [id=4996]
  0x00000231256d8000 ConcurrentGCThread "G1 Main Marker" [stack: 0x000000a1d1600000,0x000000a1d1700000] [id=4028]
  0x00000231256d9800 ConcurrentGCThread "G1 Conc#0" [stack: 0x000000a1d1700000,0x000000a1d1800000] [id=1324]
  0x0000023125726000 ConcurrentGCThread "G1 Refine#0" [stack: 0x000000a1d1800000,0x000000a1d1900000] [id=10188]
  0x00000231427fa000 ConcurrentGCThread "G1 Refine#1" [stack: 0x000000a1d2700000,0x000000a1d2800000] [id=10052]
  0x0000023125728800 ConcurrentGCThread "G1 Young RemSet Sampling" [stack: 0x000000a1d1900000,0x000000a1d1a00000] [id=6316]

Threads with active compile tasks:
C2 CompilerThread0    82588 9861 %     4       com.android.tools.r8.dex.n::a @ 330 (1022 bytes)

VM state:at safepoint (normal execution)

VM Mutex/Monitor currently owned by a thread:  ([mutex/lock_event])
[0x00000231236ca9b0] Threads_lock - owner thread: 0x000002312576c000
[0x00000231236cb730] Heap_lock - owner thread: 0x0000023143472800

Heap address: 0x00000000c0000000, size: 1024 MB, Compressed Oops mode: 32-bit
Narrow klass base: 0x0000000800000000, Narrow klass shift: 3
Compressed class space size: 1073741824 Address: 0x0000000800b40000

Heap:
 garbage-first heap   total 317440K, used 159744K [0x00000000c0000000, 0x0000000100000000)
  region size 1024K, 3 young (3072K), 3 survivors (3072K)
 Metaspace       used 68285K, capacity 70194K, committed 70320K, reserved 1110016K
  class space    used 9242K, capacity 9871K, committed 9984K, reserved 1048576K
Heap Regions: E=young(eden), S=young(survivor), O=old, HS=humongous(starts), HC=humongous(continues), CS=collection set, F=free, A=archive, TAMS=top-at-mark-start (previous, next)
|   0|0x00000000c0000000, 0x00000000c0100000, 0x00000000c0100000|100%|HS|  |TAMS 0x00000000c0100000, 0x00000000c0100000| Complete 
|   1|0x00000000c0100000, 0x00000000c0200000, 0x00000000c0200000|100%|HC|  |TAMS 0x00000000c0200000, 0x00000000c0200000| Complete 
|   2|0x00000000c0200000, 0x00000000c0300000, 0x00000000c0300000|100%|HC|  |TAMS 0x00000000c0300000, 0x00000000c0300000| Complete 
|   3|0x00000000c0300000, 0x00000000c0400000, 0x00000000c0400000|100%| O|  |TAMS 0x00000000c0400000, 0x00000000c0400000| Untracked 
|   4|0x00000000c0400000, 0x00000000c0500000, 0x00000000c0500000|100%| O|  |TAMS 0x00000000c0500000, 0x00000000c0500000| Untracked 
|   5|0x00000000c0500000, 0x00000000c0600000, 0x00000000c0600000|100%| O|  |TAMS 0x00000000c0600000, 0x00000000c0600000| Untracked 
|   6|0x00000000c0600000, 0x00000000c0700000, 0x00000000c0700000|100%| O|  |TAMS 0x00000000c0700000, 0x00000000c0700000| Untracked 
|   7|0x00000000c0700000, 0x00000000c0800000, 0x00000000c0800000|100%| O|  |TAMS 0x00000000c0800000, 0x00000000c0800000| Untracked 
|   8|0x00000000c0800000, 0x00000000c0900000, 0x00000000c0900000|100%| O|  |TAMS 0x00000000c0900000, 0x00000000c0900000| Untracked 
|   9|0x00000000c0900000, 0x00000000c0a00000, 0x00000000c0a00000|100%| O|  |TAMS 0x00000000c0a00000, 0x00000000c0a00000| Untracked 
|  10|0x00000000c0a00000, 0x00000000c0b00000, 0x00000000c0b00000|100%| O|  |TAMS 0x00000000c0b00000, 0x00000000c0b00000| Untracked 
|  11|0x00000000c0b00000, 0x00000000c0c00000, 0x00000000c0c00000|100%| O|  |TAMS 0x00000000c0c00000, 0x00000000c0c00000| Untracked 
|  12|0x00000000c0c00000, 0x00000000c0d00000, 0x00000000c0d00000|100%| O|  |TAMS 0x00000000c0d00000, 0x00000000c0d00000| Untracked 
|  13|0x00000000c0d00000, 0x00000000c0e00000, 0x00000000c0e00000|100%| O|  |TAMS 0x00000000c0e00000, 0x00000000c0e00000| Untracked 
|  14|0x00000000c0e00000, 0x00000000c0f00000, 0x00000000c0f00000|100%| O|  |TAMS 0x00000000c0f00000, 0x00000000c0f00000| Untracked 
|  15|0x00000000c0f00000, 0x00000000c1000000, 0x00000000c1000000|100%| O|  |TAMS 0x00000000c1000000, 0x00000000c1000000| Untracked 
|  16|0x00000000c1000000, 0x00000000c1100000, 0x00000000c1100000|100%| O|  |TAMS 0x00000000c1100000, 0x00000000c1100000| Untracked 
|  17|0x00000000c1100000, 0x00000000c1200000, 0x00000000c1200000|100%|HS|  |TAMS 0x00000000c1200000, 0x00000000c1200000| Complete 
|  18|0x00000000c1200000, 0x00000000c1300000, 0x00000000c1300000|100%|HC|  |TAMS 0x00000000c1300000, 0x00000000c1300000| Complete 
|  19|0x00000000c1300000, 0x00000000c1400000, 0x00000000c1400000|100%|HS|  |TAMS 0x00000000c1400000, 0x00000000c1400000| Complete 
|  20|0x00000000c1400000, 0x00000000c1500000, 0x00000000c1500000|100%|HC|  |TAMS 0x00000000c1500000, 0x00000000c1500000| Complete 
|  21|0x00000000c1500000, 0x00000000c1600000, 0x00000000c1600000|100%|HC|  |TAMS 0x00000000c1600000, 0x00000000c1600000| Complete 
|  22|0x00000000c1600000, 0x00000000c1700000, 0x00000000c1700000|100%|HS|  |TAMS 0x00000000c1700000, 0x00000000c1700000| Complete 
|  23|0x00000000c1700000, 0x00000000c1800000, 0x00000000c1800000|100%|HC|  |TAMS 0x00000000c1800000, 0x00000000c1800000| Complete 
|  24|0x00000000c1800000, 0x00000000c1900000, 0x00000000c1900000|100%|HC|  |TAMS 0x00000000c1900000, 0x00000000c1900000| Complete 
|  25|0x00000000c1900000, 0x00000000c1a00000, 0x00000000c1a00000|100%|HC|  |TAMS 0x00000000c1a00000, 0x00000000c1a00000| Complete 
|  26|0x00000000c1a00000, 0x00000000c1b00000, 0x00000000c1b00000|100%| O|  |TAMS 0x00000000c1b00000, 0x00000000c1b00000| Untracked 
|  27|0x00000000c1b00000, 0x00000000c1c00000, 0x00000000c1c00000|100%| O|  |TAMS 0x00000000c1c00000, 0x00000000c1c00000| Untracked 
|  28|0x00000000c1c00000, 0x00000000c1d00000, 0x00000000c1d00000|100%| O|  |TAMS 0x00000000c1d00000, 0x00000000c1d00000| Untracked 
|  29|0x00000000c1d00000, 0x00000000c1e00000, 0x00000000c1e00000|100%| O|  |TAMS 0x00000000c1e00000, 0x00000000c1e00000| Untracked 
|  30|0x00000000c1e00000, 0x00000000c1f00000, 0x00000000c1f00000|100%| O|  |TAMS 0x00000000c1f00000, 0x00000000c1f00000| Untracked 
|  31|0x00000000c1f00000, 0x00000000c2000000, 0x00000000c2000000|100%| O|  |TAMS 0x00000000c2000000, 0x00000000c2000000| Untracked 
|  32|0x00000000c2000000, 0x00000000c2100000, 0x00000000c2100000|100%| O|  |TAMS 0x00000000c2100000, 0x00000000c2100000| Untracked 
|  33|0x00000000c2100000, 0x00000000c2200000, 0x00000000c2200000|100%| O|  |TAMS 0x00000000c2200000, 0x00000000c2200000| Untracked 
|  34|0x00000000c2200000, 0x00000000c2300000, 0x00000000c2300000|100%| O|  |TAMS 0x00000000c2300000, 0x00000000c2300000| Untracked 
|  35|0x00000000c2300000, 0x00000000c2400000, 0x00000000c2400000|100%| O|  |TAMS 0x00000000c2400000, 0x00000000c2400000| Untracked 
|  36|0x00000000c2400000, 0x00000000c2500000, 0x00000000c2500000|100%| O|  |TAMS 0x00000000c2500000, 0x00000000c2500000| Untracked 
|  37|0x00000000c2500000, 0x00000000c2600000, 0x00000000c2600000|100%|HS|  |TAMS 0x00000000c2600000, 0x00000000c2600000| Complete 
|  38|0x00000000c2600000, 0x00000000c2700000, 0x00000000c2700000|100%|HC|  |TAMS 0x00000000c2700000, 0x00000000c2700000| Complete 
|  39|0x00000000c2700000, 0x00000000c2800000, 0x00000000c2800000|100%|HC|  |TAMS 0x00000000c2800000, 0x00000000c2800000| Complete 
|  40|0x00000000c2800000, 0x00000000c2900000, 0x00000000c2900000|100%| O|  |TAMS 0x00000000c2900000, 0x00000000c2900000| Untracked 
|  41|0x00000000c2900000, 0x00000000c2a00000, 0x00000000c2a00000|100%| O|  |TAMS 0x00000000c2a00000, 0x00000000c2a00000| Untracked 
|  42|0x00000000c2a00000, 0x00000000c2b00000, 0x00000000c2b00000|100%|HS|  |TAMS 0x00000000c2b00000, 0x00000000c2b00000| Complete 
|  43|0x00000000c2b00000, 0x00000000c2c00000, 0x00000000c2c00000|100%|HC|  |TAMS 0x00000000c2c00000, 0x00000000c2c00000| Complete 
|  44|0x00000000c2c00000, 0x00000000c2d00000, 0x00000000c2d00000|100%| O|  |TAMS 0x00000000c2d00000, 0x00000000c2d00000| Untracked 
|  45|0x00000000c2d00000, 0x00000000c2e00000, 0x00000000c2e00000|100%| O|  |TAMS 0x00000000c2e00000, 0x00000000c2e00000| Untracked 
|  46|0x00000000c2e00000, 0x00000000c2f00000, 0x00000000c2f00000|100%| O|  |TAMS 0x00000000c2f00000, 0x00000000c2f00000| Untracked 
|  47|0x00000000c2f00000, 0x00000000c3000000, 0x00000000c3000000|100%| O|  |TAMS 0x00000000c3000000, 0x00000000c3000000| Untracked 
|  48|0x00000000c3000000, 0x00000000c3100000, 0x00000000c3100000|100%| O|  |TAMS 0x00000000c3100000, 0x00000000c3100000| Untracked 
|  49|0x00000000c3100000, 0x00000000c3200000, 0x00000000c3200000|100%| O|  |TAMS 0x00000000c3200000, 0x00000000c3200000| Untracked 
|  50|0x00000000c3200000, 0x00000000c3300000, 0x00000000c3300000|100%| O|  |TAMS 0x00000000c3300000, 0x00000000c3300000| Untracked 
|  51|0x00000000c3300000, 0x00000000c3400000, 0x00000000c3400000|100%| O|  |TAMS 0x00000000c3400000, 0x00000000c3400000| Untracked 
|  52|0x00000000c3400000, 0x00000000c3500000, 0x00000000c3500000|100%| O|  |TAMS 0x00000000c3500000, 0x00000000c3500000| Untracked 
|  53|0x00000000c3500000, 0x00000000c3600000, 0x00000000c3600000|100%| O|  |TAMS 0x00000000c3600000, 0x00000000c3600000| Untracked 
|  54|0x00000000c3600000, 0x00000000c3700000, 0x00000000c3700000|100%| O|  |TAMS 0x00000000c3700000, 0x00000000c3700000| Untracked 
|  55|0x00000000c3700000, 0x00000000c3800000, 0x00000000c3800000|100%| O|  |TAMS 0x00000000c3800000, 0x00000000c3800000| Untracked 
|  56|0x00000000c3800000, 0x00000000c3900000, 0x00000000c3900000|100%| O|  |TAMS 0x00000000c3900000, 0x00000000c3900000| Untracked 
|  57|0x00000000c3900000, 0x00000000c3a00000, 0x00000000c3a00000|100%| O|  |TAMS 0x00000000c3a00000, 0x00000000c3a00000| Untracked 
|  58|0x00000000c3a00000, 0x00000000c3b00000, 0x00000000c3b00000|100%| O|  |TAMS 0x00000000c3b00000, 0x00000000c3b00000| Untracked 
|  59|0x00000000c3b00000, 0x00000000c3c00000, 0x00000000c3c00000|100%| O|  |TAMS 0x00000000c3c00000, 0x00000000c3c00000| Untracked 
|  60|0x00000000c3c00000, 0x00000000c3d00000, 0x00000000c3d00000|100%| O|  |TAMS 0x00000000c3d00000, 0x00000000c3d00000| Untracked 
|  61|0x00000000c3d00000, 0x00000000c3e00000, 0x00000000c3e00000|100%| O|  |TAMS 0x00000000c3e00000, 0x00000000c3e00000| Untracked 
|  62|0x00000000c3e00000, 0x00000000c3f00000, 0x00000000c3f00000|100%| O|  |TAMS 0x00000000c3f00000, 0x00000000c3f00000| Untracked 
|  63|0x00000000c3f00000, 0x00000000c4000000, 0x00000000c4000000|100%| O|  |TAMS 0x00000000c4000000, 0x00000000c4000000| Untracked 
|  64|0x00000000c4000000, 0x00000000c4100000, 0x00000000c4100000|100%| O|  |TAMS 0x00000000c4100000, 0x00000000c4100000| Untracked 
|  65|0x00000000c4100000, 0x00000000c4200000, 0x00000000c4200000|100%| O|  |TAMS 0x00000000c4200000, 0x00000000c4200000| Untracked 
|  66|0x00000000c4200000, 0x00000000c4300000, 0x00000000c4300000|100%| O|  |TAMS 0x00000000c4300000, 0x00000000c4300000| Untracked 
|  67|0x00000000c4300000, 0x00000000c4400000, 0x00000000c4400000|100%| O|  |TAMS 0x00000000c4400000, 0x00000000c4400000| Untracked 
|  68|0x00000000c4400000, 0x00000000c4500000, 0x00000000c4500000|100%| O|  |TAMS 0x00000000c4500000, 0x00000000c4500000| Untracked 
|  69|0x00000000c4500000, 0x00000000c4600000, 0x00000000c4600000|100%| O|  |TAMS 0x00000000c4600000, 0x00000000c4600000| Untracked 
|  70|0x00000000c4600000, 0x00000000c4700000, 0x00000000c4700000|100%| O|  |TAMS 0x00000000c4700000, 0x00000000c4700000| Untracked 
|  71|0x00000000c4700000, 0x00000000c4800000, 0x00000000c4800000|100%| O|  |TAMS 0x00000000c4800000, 0x00000000c4800000| Untracked 
|  72|0x00000000c4800000, 0x00000000c4900000, 0x00000000c4900000|100%| O|  |TAMS 0x00000000c4900000, 0x00000000c4900000| Untracked 
|  73|0x00000000c4900000, 0x00000000c4a00000, 0x00000000c4a00000|100%| O|  |TAMS 0x00000000c4a00000, 0x00000000c4a00000| Untracked 
|  74|0x00000000c4a00000, 0x00000000c4b00000, 0x00000000c4b00000|100%| O|  |TAMS 0x00000000c4b00000, 0x00000000c4b00000| Untracked 
|  75|0x00000000c4b00000, 0x00000000c4c00000, 0x00000000c4c00000|100%| O|  |TAMS 0x00000000c4c00000, 0x00000000c4c00000| Untracked 
|  76|0x00000000c4c00000, 0x00000000c4d00000, 0x00000000c4d00000|100%| O|  |TAMS 0x00000000c4d00000, 0x00000000c4d00000| Untracked 
|  77|0x00000000c4d00000, 0x00000000c4e00000, 0x00000000c4e00000|100%| O|  |TAMS 0x00000000c4e00000, 0x00000000c4e00000| Untracked 
|  78|0x00000000c4e00000, 0x00000000c4f00000, 0x00000000c4f00000|100%| O|  |TAMS 0x00000000c4f00000, 0x00000000c4f00000| Untracked 
|  79|0x00000000c4f00000, 0x00000000c5000000, 0x00000000c5000000|100%| O|  |TAMS 0x00000000c5000000, 0x00000000c5000000| Untracked 
|  80|0x00000000c5000000, 0x00000000c5100000, 0x00000000c5100000|100%|HS|  |TAMS 0x00000000c5100000, 0x00000000c5100000| Complete 
|  81|0x00000000c5100000, 0x00000000c5200000, 0x00000000c5200000|100%|HC|  |TAMS 0x00000000c5200000, 0x00000000c5200000| Complete 
|  82|0x00000000c5200000, 0x00000000c5300000, 0x00000000c5300000|100%|HC|  |TAMS 0x00000000c5300000, 0x00000000c5300000| Complete 
|  83|0x00000000c5300000, 0x00000000c5400000, 0x00000000c5400000|100%|HC|  |TAMS 0x00000000c5400000, 0x00000000c5400000| Complete 
|  84|0x00000000c5400000, 0x00000000c5500000, 0x00000000c5500000|100%|HC|  |TAMS 0x00000000c5500000, 0x00000000c5500000| Complete 
|  85|0x00000000c5500000, 0x00000000c5600000, 0x00000000c5600000|100%|HC|  |TAMS 0x00000000c5600000, 0x00000000c5600000| Complete 
|  86|0x00000000c5600000, 0x00000000c5700000, 0x00000000c5700000|100%|HC|  |TAMS 0x00000000c5700000, 0x00000000c5700000| Complete 
|  87|0x00000000c5700000, 0x00000000c5800000, 0x00000000c5800000|100%|HC|  |TAMS 0x00000000c5800000, 0x00000000c5800000| Complete 
|  88|0x00000000c5800000, 0x00000000c5900000, 0x00000000c5900000|100%|HC|  |TAMS 0x00000000c5900000, 0x00000000c5900000| Complete 
|  89|0x00000000c5900000, 0x00000000c5a00000, 0x00000000c5a00000|100%| O|  |TAMS 0x00000000c5a00000, 0x00000000c5a00000| Untracked 
|  90|0x00000000c5a00000, 0x00000000c5b00000, 0x00000000c5b00000|100%| O|  |TAMS 0x00000000c5b00000, 0x00000000c5b00000| Untracked 
|  91|0x00000000c5b00000, 0x00000000c5c00000, 0x00000000c5c00000|100%|HS|  |TAMS 0x00000000c5c00000, 0x00000000c5c00000| Complete 
|  92|0x00000000c5c00000, 0x00000000c5d00000, 0x00000000c5d00000|100%| O|  |TAMS 0x00000000c5d00000, 0x00000000c5d00000| Untracked 
|  93|0x00000000c5d00000, 0x00000000c5e00000, 0x00000000c5e00000|100%| O|  |TAMS 0x00000000c5e00000, 0x00000000c5e00000| Untracked 
|  94|0x00000000c5e00000, 0x00000000c5f00000, 0x00000000c5f00000|100%| O|  |TAMS 0x00000000c5f00000, 0x00000000c5f00000| Untracked 
|  95|0x00000000c5f00000, 0x00000000c6000000, 0x00000000c6000000|100%| O|  |TAMS 0x00000000c6000000, 0x00000000c6000000| Untracked 
|  96|0x00000000c6000000, 0x00000000c6100000, 0x00000000c6100000|100%| O|  |TAMS 0x00000000c6100000, 0x00000000c6100000| Untracked 
|  97|0x00000000c6100000, 0x00000000c6200000, 0x00000000c6200000|100%| O|  |TAMS 0x00000000c6200000, 0x00000000c6200000| Untracked 
|  98|0x00000000c6200000, 0x00000000c6300000, 0x00000000c6300000|100%| O|  |TAMS 0x00000000c6300000, 0x00000000c6300000| Untracked 
|  99|0x00000000c6300000, 0x00000000c6400000, 0x00000000c6400000|100%| O|  |TAMS 0x00000000c6400000, 0x00000000c6400000| Untracked 
| 100|0x00000000c6400000, 0x00000000c6500000, 0x00000000c6500000|100%|HS|  |TAMS 0x00000000c6500000, 0x00000000c6500000| Complete 
| 101|0x00000000c6500000, 0x00000000c6600000, 0x00000000c6600000|100%|HC|  |TAMS 0x00000000c6600000, 0x00000000c6600000| Complete 
| 102|0x00000000c6600000, 0x00000000c6700000, 0x00000000c6700000|100%|HC|  |TAMS 0x00000000c6700000, 0x00000000c6700000| Complete 
| 103|0x00000000c6700000, 0x00000000c6800000, 0x00000000c6800000|100%|HC|  |TAMS 0x00000000c6800000, 0x00000000c6800000| Complete 
| 104|0x00000000c6800000, 0x00000000c6900000, 0x00000000c6900000|100%|HC|  |TAMS 0x00000000c6900000, 0x00000000c6900000| Complete 
| 105|0x00000000c6900000, 0x00000000c6a00000, 0x00000000c6a00000|100%|HC|  |TAMS 0x00000000c6a00000, 0x00000000c6a00000| Complete 
| 106|0x00000000c6a00000, 0x00000000c6b00000, 0x00000000c6b00000|100%|HC|  |TAMS 0x00000000c6b00000, 0x00000000c6b00000| Complete 
| 107|0x00000000c6b00000, 0x00000000c6c00000, 0x00000000c6c00000|100%|HC|  |TAMS 0x00000000c6c00000, 0x00000000c6c00000| Complete 
| 108|0x00000000c6c00000, 0x00000000c6d00000, 0x00000000c6d00000|100%|HC|  |TAMS 0x00000000c6d00000, 0x00000000c6d00000| Complete 
| 109|0x00000000c6d00000, 0x00000000c6e00000, 0x00000000c6e00000|100%| O|  |TAMS 0x00000000c6e00000, 0x00000000c6e00000| Untracked 
| 110|0x00000000c6e00000, 0x00000000c6f00000, 0x00000000c6f00000|100%| O|  |TAMS 0x00000000c6f00000, 0x00000000c6f00000| Untracked 
| 111|0x00000000c6f00000, 0x00000000c7000000, 0x00000000c7000000|100%| O|  |TAMS 0x00000000c7000000, 0x00000000c7000000| Untracked 
| 112|0x00000000c7000000, 0x00000000c7100000, 0x00000000c7100000|100%| O|  |TAMS 0x00000000c7100000, 0x00000000c7100000| Untracked 
| 113|0x00000000c7100000, 0x00000000c7200000, 0x00000000c7200000|100%| O|  |TAMS 0x00000000c7200000, 0x00000000c7200000| Untracked 
| 114|0x00000000c7200000, 0x00000000c7300000, 0x00000000c7300000|100%| O|  |TAMS 0x00000000c7300000, 0x00000000c7300000| Untracked 
| 115|0x00000000c7300000, 0x00000000c7400000, 0x00000000c7400000|100%| O|  |TAMS 0x00000000c7400000, 0x00000000c7400000| Untracked 
| 116|0x00000000c7400000, 0x00000000c7500000, 0x00000000c7500000|100%| O|  |TAMS 0x00000000c7500000, 0x00000000c7500000| Untracked 
| 117|0x00000000c7500000, 0x00000000c7600000, 0x00000000c7600000|100%| O|  |TAMS 0x00000000c7600000, 0x00000000c7600000| Untracked 
| 118|0x00000000c7600000, 0x00000000c7700000, 0x00000000c7700000|100%| O|  |TAMS 0x00000000c7700000, 0x00000000c7700000| Untracked 
| 119|0x00000000c7700000, 0x00000000c7800000, 0x00000000c7800000|100%| O|  |TAMS 0x00000000c7800000, 0x00000000c7800000| Untracked 
| 120|0x00000000c7800000, 0x00000000c7900000, 0x00000000c7900000|100%|HS|  |TAMS 0x00000000c7900000, 0x00000000c7900000| Complete 
| 121|0x00000000c7900000, 0x00000000c7a00000, 0x00000000c7a00000|100%| O|  |TAMS 0x00000000c7a00000, 0x00000000c7a00000| Untracked 
| 122|0x00000000c7a00000, 0x00000000c7b00000, 0x00000000c7b00000|100%| O|  |TAMS 0x00000000c7b00000, 0x00000000c7b00000| Untracked 
| 123|0x00000000c7b00000, 0x00000000c7c00000, 0x00000000c7c00000|100%| O|  |TAMS 0x00000000c7c00000, 0x00000000c7c00000| Untracked 
| 124|0x00000000c7c00000, 0x00000000c7d00000, 0x00000000c7d00000|100%| O|  |TAMS 0x00000000c7c5ca00, 0x00000000c7d00000| Untracked 
| 125|0x00000000c7d00000, 0x00000000c7e00000, 0x00000000c7e00000|100%| O|  |TAMS 0x00000000c7d00000, 0x00000000c7e00000| Untracked 
| 126|0x00000000c7e00000, 0x00000000c7f00000, 0x00000000c7f00000|100%| O|  |TAMS 0x00000000c7e00000, 0x00000000c7f00000| Untracked 
| 127|0x00000000c7f00000, 0x00000000c8000000, 0x00000000c8000000|100%| O|  |TAMS 0x00000000c7f00000, 0x00000000c8000000| Untracked 
| 128|0x00000000c8000000, 0x00000000c8100000, 0x00000000c8100000|100%| O|  |TAMS 0x00000000c8000000, 0x00000000c8100000| Untracked 
| 129|0x00000000c8100000, 0x00000000c8200000, 0x00000000c8200000|100%| O|  |TAMS 0x00000000c8100000, 0x00000000c8200000| Untracked 
| 130|0x00000000c8200000, 0x00000000c8300000, 0x00000000c8300000|100%| O|  |TAMS 0x00000000c8200000, 0x00000000c8300000| Untracked 
| 131|0x00000000c8300000, 0x00000000c8400000, 0x00000000c8400000|100%| O|  |TAMS 0x00000000c8300000, 0x00000000c8400000| Untracked 
| 132|0x00000000c8400000, 0x00000000c8500000, 0x00000000c8500000|100%| O|  |TAMS 0x00000000c8400000, 0x00000000c8500000| Untracked 
| 133|0x00000000c8500000, 0x00000000c8600000, 0x00000000c8600000|100%| O|  |TAMS 0x00000000c8500000, 0x00000000c8600000| Untracked 
| 134|0x00000000c8600000, 0x00000000c8700000, 0x00000000c8700000|100%| O|  |TAMS 0x00000000c8600000, 0x00000000c8700000| Untracked 
| 135|0x00000000c8700000, 0x00000000c8800000, 0x00000000c8800000|100%| O|  |TAMS 0x00000000c8700000, 0x00000000c8800000| Untracked 
| 136|0x00000000c8800000, 0x00000000c8900000, 0x00000000c8900000|100%| O|  |TAMS 0x00000000c8800000, 0x00000000c8900000| Untracked 
| 137|0x00000000c8900000, 0x00000000c8a00000, 0x00000000c8a00000|100%| O|  |TAMS 0x00000000c8900000, 0x00000000c8a00000| Untracked 
| 138|0x00000000c8a00000, 0x00000000c8b00000, 0x00000000c8b00000|100%| O|  |TAMS 0x00000000c8a00000, 0x00000000c8b00000| Untracked 
| 139|0x00000000c8b00000, 0x00000000c8c00000, 0x00000000c8c00000|100%| O|  |TAMS 0x00000000c8b00000, 0x00000000c8c00000| Untracked 
| 140|0x00000000c8c00000, 0x00000000c8d00000, 0x00000000c8d00000|100%| O|  |TAMS 0x00000000c8c00000, 0x00000000c8d00000| Untracked 
| 141|0x00000000c8d00000, 0x00000000c8e00000, 0x00000000c8e00000|100%| O|  |TAMS 0x00000000c8d00000, 0x00000000c8d80000| Untracked 
| 142|0x00000000c8e00000, 0x00000000c8f00000, 0x00000000c8f00000|100%| O|  |TAMS 0x00000000c8e00000, 0x00000000c8e00000| Untracked 
| 143|0x00000000c8f00000, 0x00000000c9000000, 0x00000000c9000000|100%| O|  |TAMS 0x00000000c8f00000, 0x00000000c8f00000| Untracked 
| 144|0x00000000c9000000, 0x00000000c9100000, 0x00000000c9100000|100%| O|  |TAMS 0x00000000c9000000, 0x00000000c9000000| Untracked 
| 145|0x00000000c9100000, 0x00000000c9200000, 0x00000000c9200000|100%| O|  |TAMS 0x00000000c9100000, 0x00000000c9100000| Untracked 
| 146|0x00000000c9200000, 0x00000000c9300000, 0x00000000c9300000|100%| O|  |TAMS 0x00000000c9200000, 0x00000000c9200000| Untracked 
| 147|0x00000000c9300000, 0x00000000c9400000, 0x00000000c9400000|100%| O|  |TAMS 0x00000000c9300000, 0x00000000c9300000| Untracked 
| 148|0x00000000c9400000, 0x00000000c9500000, 0x00000000c9500000|100%| O|  |TAMS 0x00000000c9400000, 0x00000000c9400000| Untracked 
| 149|0x00000000c9500000, 0x00000000c9600000, 0x00000000c9600000|100%| O|  |TAMS 0x00000000c9500000, 0x00000000c9500000| Untracked 
| 150|0x00000000c9600000, 0x00000000c9700000, 0x00000000c9700000|100%| O|  |TAMS 0x00000000c9600000, 0x00000000c9600000| Untracked 
| 151|0x00000000c9700000, 0x00000000c9800000, 0x00000000c9800000|100%| O|  |TAMS 0x00000000c9700000, 0x00000000c9700000| Untracked 
| 152|0x00000000c9800000, 0x00000000c9900000, 0x00000000c9900000|100%| O|  |TAMS 0x00000000c9800000, 0x00000000c9800000| Untracked 
| 153|0x00000000c9900000, 0x00000000c9900000, 0x00000000c9a00000|  0%| F|  |TAMS 0x00000000c9900000, 0x00000000c9900000| Untracked 
| 154|0x00000000c9a00000, 0x00000000c9a00000, 0x00000000c9b00000|  0%| F|  |TAMS 0x00000000c9a00000, 0x00000000c9a00000| Untracked 
| 155|0x00000000c9b00000, 0x00000000c9b00000, 0x00000000c9c00000|  0%| F|  |TAMS 0x00000000c9b00000, 0x00000000c9b00000| Untracked 
| 156|0x00000000c9c00000, 0x00000000c9c00000, 0x00000000c9d00000|  0%| F|  |TAMS 0x00000000c9c00000, 0x00000000c9c00000| Untracked 
| 157|0x00000000c9d00000, 0x00000000c9d00000, 0x00000000c9e00000|  0%| F|  |TAMS 0x00000000c9d00000, 0x00000000c9d00000| Untracked 
| 158|0x00000000c9e00000, 0x00000000c9e00000, 0x00000000c9f00000|  0%| F|  |TAMS 0x00000000c9e00000, 0x00000000c9e00000| Untracked 
| 159|0x00000000c9f00000, 0x00000000c9f00000, 0x00000000ca000000|  0%| F|  |TAMS 0x00000000c9f00000, 0x00000000c9f00000| Untracked 
| 160|0x00000000ca000000, 0x00000000ca000000, 0x00000000ca100000|  0%| F|  |TAMS 0x00000000ca000000, 0x00000000ca000000| Untracked 
| 161|0x00000000ca100000, 0x00000000ca100000, 0x00000000ca200000|  0%| F|  |TAMS 0x00000000ca100000, 0x00000000ca100000| Untracked 
| 162|0x00000000ca200000, 0x00000000ca200000, 0x00000000ca300000|  0%| F|  |TAMS 0x00000000ca200000, 0x00000000ca200000| Untracked 
| 163|0x00000000ca300000, 0x00000000ca300000, 0x00000000ca400000|  0%| F|  |TAMS 0x00000000ca300000, 0x00000000ca300000| Untracked 
| 164|0x00000000ca400000, 0x00000000ca400000, 0x00000000ca500000|  0%| F|  |TAMS 0x00000000ca400000, 0x00000000ca400000| Untracked 
| 165|0x00000000ca500000, 0x00000000ca500000, 0x00000000ca600000|  0%| F|  |TAMS 0x00000000ca500000, 0x00000000ca500000| Untracked 
| 166|0x00000000ca600000, 0x00000000ca600000, 0x00000000ca700000|  0%| F|  |TAMS 0x00000000ca600000, 0x00000000ca600000| Untracked 
| 167|0x00000000ca700000, 0x00000000ca700000, 0x00000000ca800000|  0%| F|  |TAMS 0x00000000ca700000, 0x00000000ca700000| Untracked 
| 168|0x00000000ca800000, 0x00000000ca800000, 0x00000000ca900000|  0%| F|  |TAMS 0x00000000ca800000, 0x00000000ca800000| Untracked 
| 169|0x00000000ca900000, 0x00000000ca900000, 0x00000000caa00000|  0%| F|  |TAMS 0x00000000ca900000, 0x00000000ca900000| Untracked 
| 170|0x00000000caa00000, 0x00000000caa00000, 0x00000000cab00000|  0%| F|  |TAMS 0x00000000caa00000, 0x00000000caa00000| Untracked 
| 171|0x00000000cab00000, 0x00000000cab00000, 0x00000000cac00000|  0%| F|  |TAMS 0x00000000cab00000, 0x00000000cab00000| Untracked 
| 172|0x00000000cac00000, 0x00000000cac00000, 0x00000000cad00000|  0%| F|  |TAMS 0x00000000cac00000, 0x00000000cac00000| Untracked 
| 173|0x00000000cad00000, 0x00000000cad00000, 0x00000000cae00000|  0%| F|  |TAMS 0x00000000cad00000, 0x00000000cad00000| Untracked 
| 174|0x00000000cae00000, 0x00000000cae00000, 0x00000000caf00000|  0%| F|  |TAMS 0x00000000cae00000, 0x00000000cae00000| Untracked 
| 175|0x00000000caf00000, 0x00000000caf00000, 0x00000000cb000000|  0%| F|  |TAMS 0x00000000caf00000, 0x00000000caf00000| Untracked 
| 176|0x00000000cb000000, 0x00000000cb000000, 0x00000000cb100000|  0%| F|  |TAMS 0x00000000cb000000, 0x00000000cb000000| Untracked 
| 177|0x00000000cb100000, 0x00000000cb100000, 0x00000000cb200000|  0%| F|  |TAMS 0x00000000cb100000, 0x00000000cb100000| Untracked 
| 178|0x00000000cb200000, 0x00000000cb200000, 0x00000000cb300000|  0%| F|  |TAMS 0x00000000cb200000, 0x00000000cb200000| Untracked 
| 179|0x00000000cb300000, 0x00000000cb300000, 0x00000000cb400000|  0%| F|  |TAMS 0x00000000cb300000, 0x00000000cb300000| Untracked 
| 180|0x00000000cb400000, 0x00000000cb400000, 0x00000000cb500000|  0%| F|  |TAMS 0x00000000cb400000, 0x00000000cb400000| Untracked 
| 181|0x00000000cb500000, 0x00000000cb500000, 0x00000000cb600000|  0%| F|  |TAMS 0x00000000cb500000, 0x00000000cb500000| Untracked 
| 182|0x00000000cb600000, 0x00000000cb600000, 0x00000000cb700000|  0%| F|  |TAMS 0x00000000cb600000, 0x00000000cb600000| Untracked 
| 183|0x00000000cb700000, 0x00000000cb700000, 0x00000000cb800000|  0%| F|  |TAMS 0x00000000cb700000, 0x00000000cb700000| Untracked 
| 184|0x00000000cb800000, 0x00000000cb800000, 0x00000000cb900000|  0%| F|  |TAMS 0x00000000cb800000, 0x00000000cb800000| Untracked 
| 185|0x00000000cb900000, 0x00000000cb900000, 0x00000000cba00000|  0%| F|  |TAMS 0x00000000cb900000, 0x00000000cb900000| Untracked 
| 186|0x00000000cba00000, 0x00000000cba00000, 0x00000000cbb00000|  0%| F|  |TAMS 0x00000000cba00000, 0x00000000cba00000| Untracked 
| 187|0x00000000cbb00000, 0x00000000cbb00000, 0x00000000cbc00000|  0%| F|  |TAMS 0x00000000cbb00000, 0x00000000cbb00000| Untracked 
| 188|0x00000000cbc00000, 0x00000000cbc00000, 0x00000000cbd00000|  0%| F|  |TAMS 0x00000000cbc00000, 0x00000000cbc00000| Untracked 
| 189|0x00000000cbd00000, 0x00000000cbd00000, 0x00000000cbe00000|  0%| F|  |TAMS 0x00000000cbd00000, 0x00000000cbd00000| Untracked 
| 190|0x00000000cbe00000, 0x00000000cbe00000, 0x00000000cbf00000|  0%| F|  |TAMS 0x00000000cbe00000, 0x00000000cbe00000| Untracked 
| 191|0x00000000cbf00000, 0x00000000cbf00000, 0x00000000cc000000|  0%| F|  |TAMS 0x00000000cbf00000, 0x00000000cbf00000| Untracked 
| 192|0x00000000cc000000, 0x00000000cc000000, 0x00000000cc100000|  0%| F|  |TAMS 0x00000000cc000000, 0x00000000cc000000| Untracked 
| 193|0x00000000cc100000, 0x00000000cc100000, 0x00000000cc200000|  0%| F|  |TAMS 0x00000000cc100000, 0x00000000cc100000| Untracked 
| 194|0x00000000cc200000, 0x00000000cc200000, 0x00000000cc300000|  0%| F|  |TAMS 0x00000000cc200000, 0x00000000cc200000| Untracked 
| 195|0x00000000cc300000, 0x00000000cc300000, 0x00000000cc400000|  0%| F|  |TAMS 0x00000000cc300000, 0x00000000cc300000| Untracked 
| 196|0x00000000cc400000, 0x00000000cc400000, 0x00000000cc500000|  0%| F|  |TAMS 0x00000000cc400000, 0x00000000cc400000| Untracked 
| 197|0x00000000cc500000, 0x00000000cc500000, 0x00000000cc600000|  0%| F|  |TAMS 0x00000000cc500000, 0x00000000cc500000| Untracked 
| 198|0x00000000cc600000, 0x00000000cc600000, 0x00000000cc700000|  0%| F|  |TAMS 0x00000000cc600000, 0x00000000cc600000| Untracked 
| 199|0x00000000cc700000, 0x00000000cc700000, 0x00000000cc800000|  0%| F|  |TAMS 0x00000000cc700000, 0x00000000cc700000| Untracked 
| 200|0x00000000cc800000, 0x00000000cc800000, 0x00000000cc900000|  0%| F|  |TAMS 0x00000000cc800000, 0x00000000cc800000| Untracked 
| 201|0x00000000cc900000, 0x00000000cc900000, 0x00000000cca00000|  0%| F|  |TAMS 0x00000000cc900000, 0x00000000cc900000| Untracked 
| 202|0x00000000cca00000, 0x00000000cca00000, 0x00000000ccb00000|  0%| F|  |TAMS 0x00000000cca00000, 0x00000000cca00000| Untracked 
| 203|0x00000000ccb00000, 0x00000000ccb00000, 0x00000000ccc00000|  0%| F|  |TAMS 0x00000000ccb00000, 0x00000000ccb00000| Untracked 
| 204|0x00000000ccc00000, 0x00000000ccd00000, 0x00000000ccd00000|100%| S|CS|TAMS 0x00000000ccc00000, 0x00000000ccc00000| Complete 
| 205|0x00000000ccd00000, 0x00000000cce00000, 0x00000000cce00000|100%| S|CS|TAMS 0x00000000ccd00000, 0x00000000ccd00000| Complete 
| 206|0x00000000cce00000, 0x00000000ccf00000, 0x00000000ccf00000|100%| S|CS|TAMS 0x00000000cce00000, 0x00000000cce00000| Complete 
| 207|0x00000000ccf00000, 0x00000000ccf00000, 0x00000000cd000000|  0%| F|  |TAMS 0x00000000ccf00000, 0x00000000ccf00000| Untracked 
| 208|0x00000000cd000000, 0x00000000cd000000, 0x00000000cd100000|  0%| F|  |TAMS 0x00000000cd000000, 0x00000000cd000000| Untracked 
| 209|0x00000000cd100000, 0x00000000cd100000, 0x00000000cd200000|  0%| F|  |TAMS 0x00000000cd100000, 0x00000000cd100000| Untracked 
| 210|0x00000000cd200000, 0x00000000cd200000, 0x00000000cd300000|  0%| F|  |TAMS 0x00000000cd200000, 0x00000000cd200000| Untracked 
| 211|0x00000000cd300000, 0x00000000cd300000, 0x00000000cd400000|  0%| F|  |TAMS 0x00000000cd300000, 0x00000000cd300000| Untracked 
| 212|0x00000000cd400000, 0x00000000cd400000, 0x00000000cd500000|  0%| F|  |TAMS 0x00000000cd400000, 0x00000000cd400000| Untracked 
| 213|0x00000000cd500000, 0x00000000cd500000, 0x00000000cd600000|  0%| F|  |TAMS 0x00000000cd500000, 0x00000000cd500000| Untracked 
| 214|0x00000000cd600000, 0x00000000cd600000, 0x00000000cd700000|  0%| F|  |TAMS 0x00000000cd600000, 0x00000000cd600000| Untracked 
| 215|0x00000000cd700000, 0x00000000cd700000, 0x00000000cd800000|  0%| F|  |TAMS 0x00000000cd700000, 0x00000000cd700000| Untracked 
| 216|0x00000000cd800000, 0x00000000cd800000, 0x00000000cd900000|  0%| F|  |TAMS 0x00000000cd800000, 0x00000000cd800000| Untracked 
| 217|0x00000000cd900000, 0x00000000cd900000, 0x00000000cda00000|  0%| F|  |TAMS 0x00000000cd900000, 0x00000000cd900000| Untracked 
| 218|0x00000000cda00000, 0x00000000cda00000, 0x00000000cdb00000|  0%| F|  |TAMS 0x00000000cda00000, 0x00000000cda00000| Untracked 
| 219|0x00000000cdb00000, 0x00000000cdb00000, 0x00000000cdc00000|  0%| F|  |TAMS 0x00000000cdb00000, 0x00000000cdb00000| Untracked 
| 220|0x00000000cdc00000, 0x00000000cdc00000, 0x00000000cdd00000|  0%| F|  |TAMS 0x00000000cdc00000, 0x00000000cdc00000| Untracked 
| 221|0x00000000cdd00000, 0x00000000cdd00000, 0x00000000cde00000|  0%| F|  |TAMS 0x00000000cdd00000, 0x00000000cdd00000| Untracked 
| 222|0x00000000cde00000, 0x00000000cde00000, 0x00000000cdf00000|  0%| F|  |TAMS 0x00000000cde00000, 0x00000000cde00000| Untracked 
| 223|0x00000000cdf00000, 0x00000000cdf00000, 0x00000000ce000000|  0%| F|  |TAMS 0x00000000cdf00000, 0x00000000cdf00000| Untracked 
| 224|0x00000000ce000000, 0x00000000ce000000, 0x00000000ce100000|  0%| F|  |TAMS 0x00000000ce000000, 0x00000000ce000000| Untracked 
| 225|0x00000000ce100000, 0x00000000ce100000, 0x00000000ce200000|  0%| F|  |TAMS 0x00000000ce100000, 0x00000000ce100000| Untracked 
| 226|0x00000000ce200000, 0x00000000ce200000, 0x00000000ce300000|  0%| F|  |TAMS 0x00000000ce200000, 0x00000000ce200000| Untracked 
| 227|0x00000000ce300000, 0x00000000ce300000, 0x00000000ce400000|  0%| F|  |TAMS 0x00000000ce300000, 0x00000000ce300000| Untracked 
| 228|0x00000000ce400000, 0x00000000ce400000, 0x00000000ce500000|  0%| F|  |TAMS 0x00000000ce400000, 0x00000000ce400000| Untracked 

Card table byte_map: [0x000002313cba0000,0x000002313cda0000] _byte_map_base: 0x000002313c5a0000

Marking Bits (Prev, Next): (CMBitMap*) 0x00000231256cf528, (CMBitMap*) 0x00000231256cf4e8
 Prev Bits: [0x000002313dfa0000, 0x000002313efa0000)
 Next Bits: [0x000002313cfa0000, 0x000002313dfa0000)

Polling page: 0x0000023123520000

Metaspace:

Usage:
  Non-class:     58.91 MB capacity,    57.66 MB ( 98%) used,     1.07 MB (  2%) free+waste,   179.94 KB ( <1%) overhead. 
      Class:      9.64 MB capacity,     9.03 MB ( 94%) used,   545.28 KB (  6%) free+waste,    83.00 KB ( <1%) overhead. 
       Both:     68.55 MB capacity,    66.69 MB ( 97%) used,     1.61 MB (  2%) free+waste,   262.94 KB ( <1%) overhead. 

Virtual space:
  Non-class space:       60.00 MB reserved,      58.92 MB ( 98%) committed 
      Class space:        1.00 GB reserved,       9.75 MB ( <1%) committed 
             Both:        1.06 GB reserved,      68.67 MB (  6%) committed 

Chunk freelists:
   Non-Class:  13.00 KB
       Class:  17.00 KB
        Both:  30.00 KB

MaxMetaspaceSize: 17179869184.00 GB
CompressedClassSpaceSize: 1.00 GB

CodeHeap 'non-profiled nmethods': size=120064Kb used=5013Kb max_used=5151Kb free=115050Kb
 bounds [0x0000023135660000, 0x0000023135b70000, 0x000002313cba0000]
CodeHeap 'profiled nmethods': size=120000Kb used=19722Kb max_used=20404Kb free=100277Kb
 bounds [0x000002312e130000, 0x000002312f590000, 0x0000023135660000]
CodeHeap 'non-nmethods': size=5696Kb used=2388Kb max_used=2436Kb free=3307Kb
 bounds [0x000002312dba0000, 0x000002312de10000, 0x000002312e130000]
 total_blobs=13633 nmethods=8581 adapters=783
 compilation: enabled
              stopped_count=0, restarted_count=0
 full_count=0

Compilation events (20 events):
Event: 81.898 Thread 0x0000023141335800 9887       2       com.android.tools.r8.dex.n::a (71 bytes)
Event: 81.900 Thread 0x0000023141335800 nmethod 9887 0x000002312e9add90 code [0x000002312e9ae040, 0x000002312e9aea60]
Event: 82.105 Thread 0x0000023141335800 9892       2       com.android.tools.r8.code.j0::<init> (7 bytes)
Event: 82.106 Thread 0x0000023141335800 nmethod 9892 0x000002312e1d1990 code [0x000002312e1d1b40, 0x000002312e1d1d38]
Event: 82.110 Thread 0x0000023141335800 9893       2       com.android.tools.r8.code.I3::<init> (7 bytes)
Event: 82.111 Thread 0x0000023141335800 nmethod 9893 0x000002312e500d10 code [0x000002312e500ee0, 0x000002312e5011e0]
Event: 82.111 Thread 0x0000023141335800 9894       2       com.android.tools.r8.code.H3::<init> (7 bytes)
Event: 82.112 Thread 0x0000023141335800 nmethod 9894 0x000002312e285210 code [0x000002312e2853c0, 0x000002312e2855b8]
Event: 82.152 Thread 0x0000023141335800 9895       2       com.android.tools.r8.code.v2::<init> (7 bytes)
Event: 82.153 Thread 0x0000023141335800 nmethod 9895 0x000002312e589110 code [0x000002312e5892e0, 0x000002312e5895e0]
Event: 82.176 Thread 0x0000023141335800 9897       2       com.android.tools.r8.code.u::<init> (7 bytes)
Event: 82.177 Thread 0x0000023141335800 nmethod 9897 0x000002312e813110 code [0x000002312e8132e0, 0x000002312e8135e0]
Event: 82.259 Thread 0x0000023141335800 9898       2       com.android.tools.r8.code.p2::<init> (7 bytes)
Event: 82.259 Thread 0x0000023141335800 nmethod 9898 0x000002312e82f610 code [0x000002312e82f7e0, 0x000002312e82fae0]
Event: 82.262 Thread 0x0000023141335800 9899       2       java.util.Arrays::hashCode (44 bytes)
Event: 82.263 Thread 0x0000023141335800 nmethod 9899 0x000002312e8b6c90 code [0x000002312e8b6e40, 0x000002312e8b7018]
Event: 82.286 Thread 0x0000023141335800 9901       2       com.android.tools.r8.code.L0::<init> (34 bytes)
Event: 82.286 Thread 0x0000023141335800 nmethod 9901 0x000002312e862e10 code [0x000002312e862fc0, 0x000002312e863230]
Event: 82.287 Thread 0x0000023141335800 9902       2       com.android.tools.r8.code.L0::hashCode (28 bytes)
Event: 82.287 Thread 0x0000023141335800 nmethod 9902 0x000002312e91cc90 code [0x000002312e91ce40, 0x000002312e91d030]

GC Heap History (20 events):
Event: 72.873 GC heap after
{Heap after GC invocations=66 (full 0):
 garbage-first heap   total 158720K, used 94050K [0x00000000c0000000, 0x0000000100000000)
  region size 1024K, 2 young (2048K), 2 survivors (2048K)
 Metaspace       used 64976K, capacity 66875K, committed 67120K, reserved 1107968K
  class space    used 8718K, capacity 9341K, committed 9344K, reserved 1048576K
}
Event: 73.915 GC heap before
{Heap before GC invocations=67 (full 0):
 garbage-first heap   total 163840K, used 102242K [0x00000000c0000000, 0x0000000100000000)
  region size 1024K, 10 young (10240K), 2 survivors (2048K)
 Metaspace       used 66370K, capacity 68276K, committed 68400K, reserved 1107968K
  class space    used 8911K, capacity 9555K, committed 9600K, reserved 1048576K
}
Event: 73.929 GC heap after
{Heap after GC invocations=68 (full 0):
 garbage-first heap   total 163840K, used 94762K [0x00000000c0000000, 0x0000000100000000)
  region size 1024K, 3 young (3072K), 3 survivors (3072K)
 Metaspace       used 66370K, capacity 68276K, committed 68400K, reserved 1107968K
  class space    used 8911K, capacity 9555K, committed 9600K, reserved 1048576K
}
Event: 74.869 GC heap before
{Heap before GC invocations=69 (full 0):
 garbage-first heap   total 193536K, used 128554K [0x00000000c0000000, 0x0000000100000000)
  region size 1024K, 20 young (20480K), 3 survivors (3072K)
 Metaspace       used 66656K, capacity 68571K, committed 68656K, reserved 1107968K
  class space    used 8946K, capacity 9589K, committed 9600K, reserved 1048576K
}
Event: 74.915 GC heap after
{Heap after GC invocations=70 (full 0):
 garbage-first heap   total 193536K, used 111422K [0x00000000c0000000, 0x0000000100000000)
  region size 1024K, 5 young (5120K), 5 survivors (5120K)
 Metaspace       used 66656K, capacity 68571K, committed 68656K, reserved 1107968K
  class space    used 8946K, capacity 9589K, committed 9600K, reserved 1048576K
}
Event: 75.420 GC heap before
{Heap before GC invocations=71 (full 0):
 garbage-first heap   total 193536K, used 115518K [0x00000000c0000000, 0x0000000100000000)
  region size 1024K, 9 young (9216K), 5 survivors (5120K)
 Metaspace       used 66656K, capacity 68571K, committed 68656K, reserved 1107968K
  class space    used 8946K, capacity 9589K, committed 9600K, reserved 1048576K
}
Event: 75.452 GC heap after
{Heap after GC invocations=72 (full 0):
 garbage-first heap   total 193536K, used 114493K [0x00000000c0000000, 0x0000000100000000)
  region size 1024K, 2 young (2048K), 2 survivors (2048K)
 Metaspace       used 66656K, capacity 68571K, committed 68656K, reserved 1107968K
  class space    used 8946K, capacity 9589K, committed 9600K, reserved 1048576K
}
Event: 75.913 GC heap before
{Heap before GC invocations=73 (full 0):
 garbage-first heap   total 193536K, used 115517K [0x00000000c0000000, 0x0000000100000000)
  region size 1024K, 3 young (3072K), 2 survivors (2048K)
 Metaspace       used 66656K, capacity 68571K, committed 68656K, reserved 1107968K
  class space    used 8946K, capacity 9589K, committed 9600K, reserved 1048576K
}
Event: 75.931 GC heap after
{Heap after GC invocations=74 (full 0):
 garbage-first heap   total 193536K, used 115334K [0x00000000c0000000, 0x0000000100000000)
  region size 1024K, 1 young (1024K), 1 survivors (1024K)
 Metaspace       used 66656K, capacity 68571K, committed 68656K, reserved 1107968K
  class space    used 8946K, capacity 9589K, committed 9600K, reserved 1048576K
}
Event: 76.534 GC heap before
{Heap before GC invocations=75 (full 0):
 garbage-first heap   total 193536K, used 124550K [0x00000000c0000000, 0x0000000100000000)
  region size 1024K, 9 young (9216K), 1 survivors (1024K)
 Metaspace       used 66667K, capacity 68572K, committed 68656K, reserved 1107968K
  class space    used 8946K, capacity 9589K, committed 9600K, reserved 1048576K
}
Event: 76.553 GC heap after
{Heap after GC invocations=76 (full 0):
 garbage-first heap   total 193536K, used 118366K [0x00000000c0000000, 0x0000000100000000)
  region size 1024K, 2 young (2048K), 2 survivors (2048K)
 Metaspace       used 66667K, capacity 68572K, committed 68656K, reserved 1107968K
  class space    used 8946K, capacity 9589K, committed 9600K, reserved 1048576K
}
Event: 76.726 GC heap before
{Heap before GC invocations=76 (full 0):
 garbage-first heap   total 193536K, used 128606K [0x00000000c0000000, 0x0000000100000000)
  region size 1024K, 13 young (13312K), 2 survivors (2048K)
 Metaspace       used 66688K, capacity 68636K, committed 68656K, reserved 1107968K
  class space    used 8947K, capacity 9589K, committed 9600K, reserved 1048576K
}
Event: 76.778 GC heap after
{Heap after GC invocations=77 (full 0):
 garbage-first heap   total 193536K, used 124883K [0x00000000c0000000, 0x0000000100000000)
  region size 1024K, 2 young (2048K), 2 survivors (2048K)
 Metaspace       used 66688K, capacity 68636K, committed 68656K, reserved 1107968K
  class space    used 8947K, capacity 9589K, committed 9600K, reserved 1048576K
}
Event: 77.505 GC heap before
{Heap before GC invocations=78 (full 0):
 garbage-first heap   total 225280K, used 136147K [0x00000000c0000000, 0x0000000100000000)
  region size 1024K, 13 young (13312K), 2 survivors (2048K)
 Metaspace       used 67606K, capacity 69514K, committed 69680K, reserved 1110016K
  class space    used 9170K, capacity 9798K, committed 9856K, reserved 1048576K
}
Event: 77.578 GC heap after
{Heap after GC invocations=79 (full 0):
 garbage-first heap   total 225280K, used 129394K [0x00000000c0000000, 0x0000000100000000)
  region size 1024K, 2 young (2048K), 2 survivors (2048K)
 Metaspace       used 67606K, capacity 69514K, committed 69680K, reserved 1110016K
  class space    used 9170K, capacity 9798K, committed 9856K, reserved 1048576K
}
Event: 78.417 GC heap before
{Heap before GC invocations=79 (full 0):
 garbage-first heap   total 225280K, used 144754K [0x00000000c0000000, 0x0000000100000000)
  region size 1024K, 17 young (17408K), 2 survivors (2048K)
 Metaspace       used 68218K, capacity 70130K, committed 70320K, reserved 1110016K
  class space    used 9242K, capacity 9871K, committed 9984K, reserved 1048576K
}
Event: 78.492 GC heap after
{Heap after GC invocations=80 (full 0):
 garbage-first heap   total 225280K, used 138562K [0x00000000c0000000, 0x0000000100000000)
  region size 1024K, 3 young (3072K), 3 survivors (3072K)
 Metaspace       used 68218K, capacity 70130K, committed 70320K, reserved 1110016K
  class space    used 9242K, capacity 9871K, committed 9984K, reserved 1048576K
}
Event: 80.904 GC heap before
{Heap before GC invocations=81 (full 0):
 garbage-first heap   total 234496K, used 152898K [0x00000000c0000000, 0x0000000100000000)
  region size 1024K, 18 young (18432K), 3 survivors (3072K)
 Metaspace       used 68280K, capacity 70194K, committed 70320K, reserved 1110016K
  class space    used 9242K, capacity 9871K, committed 9984K, reserved 1048576K
}
Event: 80.963 GC heap after
{Heap after GC invocations=82 (full 0):
 garbage-first heap   total 234496K, used 147968K [0x00000000c0000000, 0x0000000100000000)
  region size 1024K, 3 young (3072K), 3 survivors (3072K)
 Metaspace       used 68280K, capacity 70194K, committed 70320K, reserved 1110016K
  class space    used 9242K, capacity 9871K, committed 9984K, reserved 1048576K
}
Event: 82.289 GC heap before
{Heap before GC invocations=82 (full 0):
 garbage-first heap   total 234496K, used 166400K [0x00000000c0000000, 0x0000000100000000)
  region size 1024K, 22 young (22528K), 3 survivors (3072K)
 Metaspace       used 68285K, capacity 70194K, committed 70320K, reserved 1110016K
  class space    used 9242K, capacity 9871K, committed 9984K, reserved 1048576K
}

Deoptimization events (20 events):
Event: 82.251 Thread 0x0000023143472800 DEOPT PACKING pc=0x000002312f51cd7c sp=0x000000a1d30fe830
Event: 82.251 Thread 0x0000023143472800 DEOPT UNPACKING pc=0x000002312dbe994e sp=0x000000a1d30fdd88 mode 0
Event: 82.253 Thread 0x0000023143472800 DEOPT PACKING pc=0x000002312f51b864 sp=0x000000a1d30fe7f0
Event: 82.253 Thread 0x0000023143472800 DEOPT UNPACKING pc=0x000002312dbe994e sp=0x000000a1d30fdd88 mode 0
Event: 82.254 Thread 0x0000023143472800 DEOPT PACKING pc=0x000002312f51b864 sp=0x000000a1d30fe7f0
Event: 82.254 Thread 0x0000023143472800 DEOPT UNPACKING pc=0x000002312dbe994e sp=0x000000a1d30fdd88 mode 0
Event: 82.256 Thread 0x0000023143472800 DEOPT PACKING pc=0x000002312f51b864 sp=0x000000a1d30fe7f0
Event: 82.256 Thread 0x0000023143472800 DEOPT UNPACKING pc=0x000002312dbe994e sp=0x000000a1d30fdd88 mode 0
Event: 82.257 Thread 0x0000023143472800 DEOPT PACKING pc=0x000002312f51f2cc sp=0x000000a1d30fe7e0
Event: 82.257 Thread 0x0000023143472800 DEOPT UNPACKING pc=0x000002312dbe994e sp=0x000000a1d30fdd88 mode 0
Event: 82.260 Thread 0x0000023143472800 DEOPT PACKING pc=0x000002312f57cea8 sp=0x000000a1d30fe200
Event: 82.260 Thread 0x0000023143472800 DEOPT UNPACKING pc=0x000002312dbe994e sp=0x000000a1d30fde20 mode 0
Event: 82.260 Thread 0x0000023143472800 DEOPT PACKING pc=0x000002312f50e294 sp=0x000000a1d30fe9e0
Event: 82.260 Thread 0x0000023143472800 DEOPT UNPACKING pc=0x000002312dbe994e sp=0x000000a1d30fdfd8 mode 0
Event: 82.269 Thread 0x0000023143472800 DEOPT PACKING pc=0x000002312f50e294 sp=0x000000a1d30fe9e0
Event: 82.269 Thread 0x0000023143472800 DEOPT UNPACKING pc=0x000002312dbe994e sp=0x000000a1d30fdfd8 mode 0
Event: 82.273 Thread 0x0000023143472800 DEOPT PACKING pc=0x000002312f57cea8 sp=0x000000a1d30fe200
Event: 82.273 Thread 0x0000023143472800 DEOPT UNPACKING pc=0x000002312dbe994e sp=0x000000a1d30fde20 mode 0
Event: 82.288 Thread 0x0000023143472800 DEOPT PACKING pc=0x000002312f57cea8 sp=0x000000a1d30fe200
Event: 82.288 Thread 0x0000023143472800 DEOPT UNPACKING pc=0x000002312dbe994e sp=0x000000a1d30fde20 mode 0

Classes unloaded (5 events):
Event: 61.228 Thread 0x000002312576c000 Unloading class 0x00000008013ef040 'org/gradle/api/internal/artifacts/transform/DefaultTransformerInvocationFactory$2$$Lambda$549'
Event: 61.228 Thread 0x000002312576c000 Unloading class 0x00000008013e8440 'org/gradle/internal/execution/steps/ResolveChangesStep$$Lambda$544'
Event: 61.228 Thread 0x000002312576c000 Unloading class 0x00000008013d1c40 'java/lang/invoke/LambdaForm$MH'
Event: 61.228 Thread 0x000002312576c000 Unloading class 0x00000008013d0440 'java/lang/invoke/LambdaForm$DMH'
Event: 61.228 Thread 0x000002312576c000 Unloading class 0x00000008013d0040 'org/gradle/api/internal/artifacts/transform/DefaultTransformerInvocationFactory$$Lambda$518'

Classes redefined (0 events):
No events

Internal exceptions (20 events):
Event: 65.226 Thread 0x0000023141d33800 Exception <a 'java/lang/NoSuchMethodError'{0x00000000c7678c90}: static Lcom/android/build/api/artifact/ArtifactKind;.<clinit>()V> (0x00000000c7678c90) 
thrown [t:/workspace/open/src/hotspot/share/prims/jni.cpp, line 1347]
Event: 65.581 Thread 0x0000023143477800 Exception <a 'sun/nio/fs/WindowsException'{0x00000000c7182220}> (0x00000000c7182220) 
thrown [t:/workspace/open/src/hotspot/share/prims/jni.cpp, line 598]
Event: 65.582 Thread 0x0000023143477800 Exception <a 'sun/nio/fs/WindowsException'{0x00000000c7182ba0}> (0x00000000c7182ba0) 
thrown [t:/workspace/open/src/hotspot/share/prims/jni.cpp, line 598]
Event: 65.582 Thread 0x0000023143477800 Exception <a 'sun/nio/fs/WindowsException'{0x00000000c7183800}> (0x00000000c7183800) 
thrown [t:/workspace/open/src/hotspot/share/prims/jni.cpp, line 598]
Event: 65.588 Thread 0x0000023143477800 Exception <a 'sun/nio/fs/WindowsException'{0x00000000c718aa30}> (0x00000000c718aa30) 
thrown [t:/workspace/open/src/hotspot/share/prims/jni.cpp, line 598]
Event: 65.589 Thread 0x0000023143477800 Exception <a 'sun/nio/fs/WindowsException'{0x00000000c718b370}> (0x00000000c718b370) 
thrown [t:/workspace/open/src/hotspot/share/prims/jni.cpp, line 598]
Event: 65.589 Thread 0x0000023143477800 Exception <a 'sun/nio/fs/WindowsException'{0x00000000c718bd30}> (0x00000000c718bd30) 
thrown [t:/workspace/open/src/hotspot/share/prims/jni.cpp, line 598]
Event: 65.590 Thread 0x0000023143477800 Exception <a 'sun/nio/fs/WindowsException'{0x00000000c718da50}> (0x00000000c718da50) 
thrown [t:/workspace/open/src/hotspot/share/prims/jni.cpp, line 598]
Event: 65.590 Thread 0x0000023143477800 Exception <a 'sun/nio/fs/WindowsException'{0x00000000c718e3a0}> (0x00000000c718e3a0) 
thrown [t:/workspace/open/src/hotspot/share/prims/jni.cpp, line 598]
Event: 65.591 Thread 0x0000023143477800 Exception <a 'sun/nio/fs/WindowsException'{0x00000000c718ed70}> (0x00000000c718ed70) 
thrown [t:/workspace/open/src/hotspot/share/prims/jni.cpp, line 598]
Event: 67.955 Thread 0x0000023141d33800 Implicit null exception at 0x0000023135a99b60 to 0x0000023135a9a376
Event: 70.004 Thread 0x0000023141d33800 Exception <a 'java/lang/NoSuchMethodError'{0x00000000c7a90370}: static Lcom/android/build/gradle/internal/tasks/Workers$ActionParameters;.<clinit>()V> (0x00000000c7a90370) 
thrown [t:/workspace/open/src/hotspot/share/prims/jni.cpp, line 1347]
Event: 70.009 Thread 0x0000023141d33800 Exception <a 'java/lang/NoSuchMethodError'{0x00000000c7aa7750}: static Lcom/android/build/gradle/internal/tasks/DexMergingParams;.<clinit>()V> (0x00000000c7aa7750) 
thrown [t:/workspace/open/src/hotspot/share/prims/jni.cpp, line 1347]
Event: 72.927 Thread 0x0000023143474000 Exception <a 'sun/nio/fs/WindowsException'{0x00000000c988e048}> (0x00000000c988e048) 
thrown [t:/workspace/open/src/hotspot/share/prims/jni.cpp, line 598]
Event: 73.822 Thread 0x0000023143474000 Exception <a 'java/lang/NoSuchMethodError'{0x00000000c9d98ac0}: 'java.lang.Object java.lang.invoke.DirectMethodHandle$Holder.invokeStatic(java.lang.Object, java.lang.Object, java.lang.Object, java.lang.Object, java.lang.Object, java.lang.Object, java.lang.Object, java.lang.Object, java.lang.Object, java.lang.Object, java.lang.Object, java.lang.Object, java.lang.Object, java.lang.Object, java.lang.Object, java.lang.Object, java.lang.Object, int, java.lang.Object)'> (0x00000000c9d98ac0) 
thrown [t:/workspace
Event: 73.823 Thread 0x0000023143474000 Exception <a 'java/lang/NoSuchMethodError'{0x00000000c9d9d4d8}: 'java.lang.Object java.lang.invoke.DirectMethodHandle$Holder.invokeStaticInit(java.lang.Object, java.lang.Object, java.lang.Object, java.lang.Object, java.lang.Object, java.lang.Object, java.lang.Object, java.lang.Object, java.lang.Object, java.lang.Object, java.lang.Object, java.lang.Object, java.lang.Object, java.lang.Object, java.lang.Object, java.lang.Object, java.lang.Object, int, java.lang.Object)'> (0x00000000c9d9d4d8) 
thrown [t:/works
Event: 77.230 Thread 0x0000023143476800 Exception <a 'java/lang/NoSuchMethodError'{0x00000000cb4ba2c8}: 'java.lang.Object java.lang.invoke.DirectMethodHandle$Holder.newInvokeSpecial(java.lang.Object, int)'> (0x00000000cb4ba2c8) 
thrown [t:/workspace/open/src/hotspot/share/interpreter/linkResolver.cpp, line 767]
Event: 77.645 Thread 0x0000023143472800 Implicit null exception at 0x00000231357fe32f to 0x00000231357fe422
Event: 77.661 Thread 0x0000023143472800 Exception <a 'java/lang/NoSuchMethodError'{0x00000000cdbb9a30}: 'long java.lang.invoke.DirectMethodHandle$Holder.invokeStatic(java.lang.Object, java.lang.Object, java.lang.Object)'> (0x00000000cdbb9a30) 
thrown [t:/workspace/open/src/hotspot/share/interpreter/linkResolver.cpp, line 767]
Event: 77.667 Thread 0x0000023143476800 Exception <a 'java/lang/NoSuchMethodError'{0x00000000cdba1860}: 'long java.lang.invoke.DirectMethodHandle$Holder.invokeStatic(java.lang.Object, java.lang.Object, java.lang.Object)'> (0x00000000cdba1860) 
thrown [t:/workspace/open/src/hotspot/share/interpreter/linkResolver.cpp, line 767]

Events (20 events):
Event: 80.617 Thread 0x0000023141341800 flushing nmethod 0x000002312f1bcb10
Event: 80.617 Thread 0x0000023141341800 flushing nmethod 0x000002312f1bcf10
Event: 80.617 Thread 0x0000023141341800 flushing nmethod 0x000002312f1bd510
Event: 80.617 Thread 0x0000023141341800 flushing nmethod 0x000002312f1e7890
Event: 80.617 Thread 0x0000023141341800 flushing nmethod 0x000002312f1ea890
Event: 80.617 Thread 0x0000023141341800 flushing nmethod 0x000002312f1f1190
Event: 80.617 Thread 0x0000023141341800 flushing nmethod 0x000002312f1f6490
Event: 80.617 Thread 0x0000023141341800 flushing nmethod 0x000002312f22b990
Event: 80.618 Thread 0x0000023141341800 flushing nmethod 0x000002312f286690
Event: 80.618 Thread 0x0000023141341800 flushing nmethod 0x000002312f2af110
Event: 80.618 Thread 0x0000023141341800 flushing nmethod 0x000002312f2b2b10
Event: 80.625 Executing VM operation: HandshakeAllThreads
Event: 80.654 Executing VM operation: HandshakeAllThreads done
Event: 80.654 Thread 0x0000023141341800 flushing nmethod 0x00000231356cdb90
Event: 80.657 Thread 0x0000023141341800 flushing nmethod 0x00000231359c3b90
Event: 80.668 Thread 0x0000023141341800 flushing nmethod 0x000002312e90d810
Event: 80.681 Thread 0x0000023141341800 flushing nmethod 0x000002312f3ed690
Event: 80.903 Executing VM operation: G1CollectForAllocation
Event: 80.965 Executing VM operation: G1CollectForAllocation done
Event: 82.289 Executing VM operation: G1CollectForAllocation


Dynamic libraries:
0x00007ff6585c0000 - 0x00007ff6585cf000 	C:\Program Files\Java\jdk-13.0.2\bin\java.exe
0x00007ff9f88b0000 - 0x00007ff9f8a9d000 	C:\Windows\SYSTEM32\ntdll.dll
0x00007ff9f5ad0000 - 0x00007ff9f5b83000 	C:\Windows\System32\KERNEL32.DLL
0x00007ff9f4d00000 - 0x00007ff9f4f95000 	C:\Windows\System32\KERNELBASE.dll
0x00007ff9f4a40000 - 0x00007ff9f4b3a000 	C:\Windows\System32\ucrtbase.dll
0x00007ff9eba20000 - 0x00007ff9eba38000 	C:\Program Files\Java\jdk-13.0.2\bin\jli.dll
0x00007ff9f7be0000 - 0x00007ff9f7c83000 	C:\Windows\System32\ADVAPI32.dll
0x00007ff9f82a0000 - 0x00007ff9f833e000 	C:\Windows\System32\msvcrt.dll
0x00007ff9f7980000 - 0x00007ff9f7a1e000 	C:\Windows\System32\sechost.dll
0x00007ff9f8470000 - 0x00007ff9f8592000 	C:\Windows\System32\RPCRT4.dll
0x00007ff9f77e0000 - 0x00007ff9f7977000 	C:\Windows\System32\USER32.dll
0x00007ff9f4ce0000 - 0x00007ff9f4d00000 	C:\Windows\System32\win32u.dll
0x00007ff9f8240000 - 0x00007ff9f8269000 	C:\Windows\System32\GDI32.dll
0x00007ff9f4b40000 - 0x00007ff9f4cd9000 	C:\Windows\System32\gdi32full.dll
0x00007ff9f5740000 - 0x00007ff9f57e0000 	C:\Windows\System32\msvcp_win.dll
0x00007ff9eaba0000 - 0x00007ff9eabb5000 	C:\Program Files\Java\jdk-13.0.2\bin\VCRUNTIME140.dll
0x00007ff9e1f10000 - 0x00007ff9e2189000 	C:\Windows\WinSxS\amd64_microsoft.windows.common-controls_6595b64144ccf1df_6.0.17763.1217_none_de6e4304534e0ad3\COMCTL32.dll
0x00007ff9f5fb0000 - 0x00007ff9f62dc000 	C:\Windows\System32\combase.dll
0x00007ff9f5a20000 - 0x00007ff9f5a9e000 	C:\Windows\System32\bcryptPrimitives.dll
0x00007ff9f0370000 - 0x00007ff9f037a000 	C:\Windows\SYSTEM32\VERSION.dll
0x00007ff9f8270000 - 0x00007ff9f829e000 	C:\Windows\System32\IMM32.DLL
0x00007ff9d5900000 - 0x00007ff9d599b000 	C:\Program Files\Java\jdk-13.0.2\bin\msvcp140.dll
0x00007ff9cf650000 - 0x00007ff9d01ad000 	C:\Program Files\Java\jdk-13.0.2\bin\server\jvm.dll
0x00007ff9f85a0000 - 0x00007ff9f85a8000 	C:\Windows\System32\PSAPI.DLL
0x00007ff9f10d0000 - 0x00007ff9f10d9000 	C:\Windows\SYSTEM32\WSOCK32.dll
0x00007ff9f28e0000 - 0x00007ff9f2904000 	C:\Windows\SYSTEM32\WINMM.dll
0x00007ff9f85b0000 - 0x00007ff9f861d000 	C:\Windows\System32\WS2_32.dll
0x00007ff9f28b0000 - 0x00007ff9f28dd000 	C:\Windows\SYSTEM32\winmmbase.dll
0x00007ff9f56f0000 - 0x00007ff9f573a000 	C:\Windows\System32\cfgmgr32.dll
0x00007ff9f4920000 - 0x00007ff9f4931000 	C:\Windows\System32\kernel.appcore.dll
0x00007ff9ec690000 - 0x00007ff9ec6a0000 	C:\Program Files\Java\jdk-13.0.2\bin\verify.dll
0x00007ff9e3a50000 - 0x00007ff9e3c3d000 	C:\Windows\SYSTEM32\DBGHELP.DLL
0x00007ff9e3a20000 - 0x00007ff9e3a4a000 	C:\Windows\SYSTEM32\dbgcore.DLL
0x00007ff9eab70000 - 0x00007ff9eab96000 	C:\Program Files\Java\jdk-13.0.2\bin\java.dll
0x00007ff9eab50000 - 0x00007ff9eab67000 	C:\Program Files\Java\jdk-13.0.2\bin\zip.dll
0x00007ff9ec520000 - 0x00007ff9ec52a000 	C:\Program Files\Java\jdk-13.0.2\bin\jimage.dll
0x00007ff9f62e0000 - 0x00007ff9f77d4000 	C:\Windows\System32\SHELL32.dll
0x00007ff9f87d0000 - 0x00007ff9f8878000 	C:\Windows\System32\shcore.dll
0x00007ff9f4fa0000 - 0x00007ff9f56ee000 	C:\Windows\System32\windows.storage.dll
0x00007ff9f4940000 - 0x00007ff9f4964000 	C:\Windows\System32\profapi.dll
0x00007ff9f48c0000 - 0x00007ff9f491d000 	C:\Windows\System32\powrprof.dll
0x00007ff9f5c90000 - 0x00007ff9f5ce2000 	C:\Windows\System32\shlwapi.dll
0x00007ff9f4970000 - 0x00007ff9f4987000 	C:\Windows\System32\cryptsp.dll
0x00007ff9e9930000 - 0x00007ff9e9949000 	C:\Program Files\Java\jdk-13.0.2\bin\net.dll
0x00007ff9e8990000 - 0x00007ff9e8a82000 	C:\Windows\SYSTEM32\WINHTTP.dll
0x00007ff9f40c0000 - 0x00007ff9f4127000 	C:\Windows\system32\mswsock.dll
0x00007ff9e9140000 - 0x00007ff9e9153000 	C:\Program Files\Java\jdk-13.0.2\bin\nio.dll
0x00007ff9ddd10000 - 0x00007ff9ddd36000 	C:\Users\ELCOT\.gradle\caches\gradle-6.5\native\31\windows-amd64\native-platform.dll
0x00007ff9ea4a0000 - 0x00007ff9ea4a9000 	C:\Program Files\Java\jdk-13.0.2\bin\management.dll
0x00007ff9e9920000 - 0x00007ff9e992b000 	C:\Program Files\Java\jdk-13.0.2\bin\management_ext.dll
0x00007ff9f3bf0000 - 0x00007ff9f3c23000 	C:\Windows\system32\rsaenh.dll
0x00007ff9f5aa0000 - 0x00007ff9f5ac6000 	C:\Windows\System32\bcrypt.dll
0x00007ff9f47a0000 - 0x00007ff9f47c8000 	C:\Windows\SYSTEM32\USERENV.dll
0x00007ff9f4240000 - 0x00007ff9f424c000 	C:\Windows\SYSTEM32\CRYPTBASE.dll
0x00007ff9f3df0000 - 0x00007ff9f3e2d000 	C:\Windows\SYSTEM32\IPHLPAPI.DLL
0x00007ff9f5cf0000 - 0x00007ff9f5cf8000 	C:\Windows\System32\NSI.dll
0x00007ff9ec560000 - 0x00007ff9ec576000 	C:\Windows\SYSTEM32\dhcpcsvc6.DLL
0x00007ff9ec540000 - 0x00007ff9ec55c000 	C:\Windows\SYSTEM32\dhcpcsvc.DLL
0x00007ff9f3e40000 - 0x00007ff9f3f07000 	C:\Windows\SYSTEM32\DNSAPI.dll

dbghelp: loaded successfully - version: 4.0.5 - missing functions: none
symbol engine: initialized successfully - sym options: 0x614 - pdb path: .;C:\Program Files\Java\jdk-13.0.2\bin;C:\Windows\SYSTEM32;C:\Windows\WinSxS\amd64_microsoft.windows.common-controls_6595b64144ccf1df_6.0.17763.1217_none_de6e4304534e0ad3;C:\Program Files\Java\jdk-13.0.2\bin\server;C:\Users\ELCOT\.gradle\caches\gradle-6.5\native\31\windows-amd64

VM Arguments:
jvm_args: --add-opens=java.base/java.util=ALL-UNNAMED --add-opens=java.base/java.lang=ALL-UNNAMED --add-opens=java.base/java.lang.invoke=ALL-UNNAMED --add-opens=java.prefs/java.util.prefs=ALL-UNNAMED -Xmx1024m -Dfile.encoding=windows-1252 -Duser.country=IN -Duser.language=en -Duser.variant 
java_command: org.gradle.launcher.daemon.bootstrap.GradleDaemon 6.1.1
java_class_path (initial): C:\Users\ELCOT\.gradle\caches\gradle-6.5\wrapper\dists\gradle-6.1.1-all\cfmwm155h49vnt3hynmlrsdst\gradle-6.1.1\lib\gradle-launcher-6.1.1.jar
Launcher Type: SUN_STANDARD

[Global flags]
     intx CICompilerCount                          = 2                                         {product} {ergonomic}
     uint ConcGCThreads                            = 1                                         {product} {ergonomic}
     uint G1ConcRefinementThreads                  = 2                                         {product} {ergonomic}
   size_t G1HeapRegionSize                         = 1048576                                   {product} {ergonomic}
    uintx GCDrainStackTargetSize                   = 64                                        {product} {ergonomic}
   size_t InitialHeapSize                          = 65011712                                  {product} {ergonomic}
   size_t MarkStackSize                            = 4194304                                   {product} {ergonomic}
   size_t MaxHeapSize                              = 1073741824                                {product} {command line}
   size_t MaxNewSize                               = 643825664                                 {product} {ergonomic}
   size_t MinHeapDeltaBytes                        = 1048576                                   {product} {ergonomic}
   size_t MinHeapSize                              = 8388608                                   {product} {ergonomic}
    uintx NonNMethodCodeHeapSize                   = 5826188                                {pd product} {ergonomic}
    uintx NonProfiledCodeHeapSize                  = 122916026                              {pd product} {ergonomic}
    uintx ProfiledCodeHeapSize                     = 122916026                              {pd product} {ergonomic}
    uintx ReservedCodeCacheSize                    = 251658240                              {pd product} {ergonomic}
     bool SegmentedCodeCache                       = true                                      {product} {ergonomic}
   size_t SoftMaxHeapSize                          = 1073741824                             {manageable} {ergonomic}
     bool UseCompressedClassPointers               = true                                 {lp64_product} {ergonomic}
     bool UseCompressedOops                        = true                                 {lp64_product} {ergonomic}
     bool UseG1GC                                  = true                                      {product} {ergonomic}
     bool UseLargePagesIndividualAllocation        = false                                  {pd product} {ergonomic}

Logging:
Log output configuration:
 #0: stdout all=warning uptime,level,tags
 #1: stderr all=off uptime,level,tags

Environment Variables:
JAVA_HOME=C:\Program Files\Android\Android Studio\jre
PATH=C:\Program Files\AdoptOpenJDK\jdk-11.0.7.10-hotspot\bin;C:\Program Files (x86)\Common Files\Oracle\Java\javapath;C:\MinGW\bin;C:\Windows\system32;C:\Windows;C:\Windows\System32\Wbem;C:\Windows\System32\WindowsPowerShell\v1.0\;C:\Windows\System32\OpenSSH\;C:\Program Files\nodejs\;C:\Users\ELCOT\Downloads\python-3.8.2;C:\Program Files\Dart\dart-sdk\bin;C:\drivers\chromedriver_win32.zip;C:\src\flutter\flutter_windows_v1.12.13+hotfix.9-stable\flutter\bin;C:\Program Files (x86)\Android\android-sdk\platforms\platform-tools;C:\Program Files (x86)\Android\android-sdk\platform-tools\api;C:\Downloads\installer_r16-windows.exe;C:\ProgramData\Microsoft\Windows\Start Menu\Programs\Android SDK Tools;D:\kishoreAndroid\Android\Android Studio\bin;D:\kishoreAndroid\Android\Android Studio;C:\ProgramData\Microsoft\Windows\Start Menu\Programs\Visual Studio Emulator for Android.lnk;C:\Downloads\vs_emulatorsetup.exe;C:\Program Files (x86)\Android\android-sdk\SDK Manager;D:\Kishore\platforms;C:\Users\ELCOT\AppData\Local\Programs\Python\Python38\Scripts\;C:\Users\;C:\Program Files\Android\Android Studio\jre;C:\Program Files\Java\jdk-13.0.2\bin;C:\Program Files\Java\jre1.8.0_251\bin;C:\Program Files (x86)\Android\platform-tools;C:\Downloads\python-3.8.2.exe;C:\Program Files\dotnet\;C:\Program Files\Microsoft SQL Server\130\Tools\Binn\;C:\Program Files\Microsoft SQL Server\Client SDK\ODBC\170\Tools\Binn\;D:\Git\cmd;C:\Users\ELCOT\AppData\Roaming\npm;D:\modelsim_ase\win32aloem;C:\Users\ELCOT\AppData\Local\Programs\Python\Python39\Scripts\;C:\Users\ELCOT\AppData\Local\Programs\Python\Python39\;C:\Users\ELCOT\AppData\Local\ValidatorBuddy;C:\Users\ELCOT\AppData\Local\Programs\Python\Python38;C:\src\flutter\bin;D:\Heroku\bin;D:\Microsoft VS Code\bin;C:\Users\ELCOT\AppData\Roaming\npm\node_modules\firebase\node_modules\protobufjs\bin;
USERNAME=ELCOT
OS=Windows_NT
PROCESSOR_IDENTIFIER=AMD64 Family 21 Model 112 Stepping 0, AuthenticAMD



---------------  S Y S T E M  ---------------

OS: Windows 10 , 64 bit Build 17763 (10.0.17763.1158)
HyperV virtualization detected

CPU:total 2 (initial active 2) (2 cores per cpu, 1 threads per core) family 21 model 112 stepping 0, cmov, cx8, fxsr, mmx, sse, sse2, sse3, ssse3, sse4.1, sse4.2, popcnt, avx, avx2, aes, clmul, mmxext, 3dnowpref, lzcnt, sse4a, tsc, tscinvbit, tscinv, bmi1, bmi2, fma

Memory: 4k page, system-wide physical 3935M (313M free)
TotalPageFile size 5322M (AvailPageFile size 14M)
current process WorkingSet (physical memory assigned to process): 433M, peak: 433M
current process commit charge ("private bytes"): 487M, peak: 566M

vm_info: Java HotSpot(TM) 64-Bit Server VM (13.0.2+8) for windows-amd64 JRE (13.0.2+8), built on Dec 11 2019 09:20:33 by "mach5one" with unknown MS VC++:1916

END.
