#
# There is insufficient memory for the Java Runtime Environment to continue.
# Native memory allocation (mmap) failed to map 28311552 bytes for Failed to commit area from 0x00000000cbb00000 to 0x00000000cd600000 of length 28311552.
# Possible reasons:
#   The system is out of physical RAM or swap space
#   The process is running with CompressedOops enabled, and the Java Heap may be blocking the growth of the native heap
# Possible solutions:
#   Reduce memory load on the system
#   Increase physical memory or swap space
#   Check if swap backing store is full
#   Decrease Java heap size (-Xmx/-Xms)
#   Decrease number of Java threads
#   Decrease Java thread stack sizes (-Xss)
#   Set larger code cache with -XX:ReservedCodeCacheSize=
#   JVM is running with Unscaled Compressed Oops mode in which the Java heap is
#     placed in the first 4GB address space. The Java Heap base address is the
#     maximum limit for the native heap growth. Please use -XX:HeapBaseMinAddress
#     to set the Java Heap base and to place the Java Heap above 4GB virtual address.
# This output file may be truncated or incomplete.
#
#  Out of Memory Error (t:/workspace/open/src/hotspot/os/windows/os_windows.cpp:3301), pid=4456, tid=6176
#
# JRE version: Java(TM) SE Runtime Environment (13.0.2+8) (build 13.0.2+8)
# Java VM: Java HotSpot(TM) 64-Bit Server VM (13.0.2+8, mixed mode, sharing, tiered, compressed oops, g1 gc, windows-amd64)
# No core dump will be written. Minidumps are not enabled by default on client versions of Windows
#

---------------  S U M M A R Y ------------

Command Line: --add-opens=java.base/java.util=ALL-UNNAMED --add-opens=java.base/java.lang=ALL-UNNAMED --add-opens=java.base/java.lang.invoke=ALL-UNNAMED --add-opens=java.prefs/java.util.prefs=ALL-UNNAMED -Xmx1024m -Dfile.encoding=windows-1252 -Duser.country=IN -Duser.language=en -Duser.variant org.gradle.launcher.daemon.bootstrap.GradleDaemon 6.1.1

Host: AMD PRO A4-4350B R4, 5 COMPUTE CORES 2C+3G     , 2 cores, 3G,  Windows 10 , 64 bit Build 17763 (10.0.17763.1158)
Time: Mon Sep 14 10:14:07 2020 Pacific Daylight Time elapsed time: 74 seconds (0d 0h 1m 14s)

---------------  T H R E A D  ---------------

Current thread (0x000001cc38cbd800):  VMThread "VM Thread" [stack: 0x000000865c300000,0x000000865c400000] [id=6176]

Stack: [0x000000865c300000,0x000000865c400000]
[error occurred during error reporting (printing stack bounds), id 0xc0000005, EXCEPTION_ACCESS_VIOLATION (0xc0000005) at pc=0x000001cc429110ad]

Native frames: (J=compiled Java code, j=interpreted, Vv=VM code, C=native code)
V  [jvm.dll+0x624f9a]
V  [jvm.dll+0x770cfa]
V  [jvm.dll+0x7724af]
V  [jvm.dll+0x772a15]
V  [jvm.dll+0x7729cb]
V  [jvm.dll+0x6244df]
C  [ntdll.dll+0x66b26]
C  [ntdll.dll+0x4849]
C  [ntdll.dll+0xa350e]
C  0x000001cc429110ad

VM_Operation (0x000000865bfff910): G1Concurrent, mode: safepoint, requested by thread 0x000001cc38c28800


---------------  P R O C E S S  ---------------

Threads class SMR info:
_java_thread_list=0x000001cc5c98e810, length=39, elements={
0x000001cc38bf1000, 0x000001cc567b9800, 0x000001cc567bc000, 0x000001cc567da000,
0x000001cc567dc000, 0x000001cc567de000, 0x000001cc567e7000, 0x000001cc56863800,
0x000001cc5723e800, 0x000001cc57242800, 0x000001cc587d5800, 0x000001cc58409800,
0x000001cc571fd000, 0x000001cc57708800, 0x000001cc5752e800, 0x000001cc58938800,
0x000001cc58939000, 0x000001cc58677000, 0x000001cc5833c800, 0x000001cc57bfd800,
0x000001cc57bfa800, 0x000001cc57bf9800, 0x000001cc57c00000, 0x000001cc57bfc000,
0x000001cc57bff800, 0x000001cc57bfd000, 0x000001cc57bfe800, 0x000001cc59a1d000,
0x000001cc59a1d800, 0x000001cc59a1e800, 0x000001cc59a1b000, 0x000001cc59a19800,
0x000001cc59a1c000, 0x000001cc59a1f000, 0x000001cc59a20000, 0x000001cc59a1a800,
0x000001cc59a26000, 0x000001cc59a24000, 0x000001cc59a23800
}

Java Threads: ( => current thread )
  0x000001cc38bf1000 JavaThread "main" [_thread_blocked, id=9268, stack(0x000000865bd00000,0x000000865be00000)]
  0x000001cc567b9800 JavaThread "Reference Handler" daemon [_thread_blocked, id=10616, stack(0x000000865c400000,0x000000865c500000)]
  0x000001cc567bc000 JavaThread "Finalizer" daemon [_thread_blocked, id=2668, stack(0x000000865c500000,0x000000865c600000)]
  0x000001cc567da000 JavaThread "Signal Dispatcher" daemon [_thread_blocked, id=8744, stack(0x000000865c600000,0x000000865c700000)]
  0x000001cc567dc000 JavaThread "Attach Listener" daemon [_thread_blocked, id=6996, stack(0x000000865c700000,0x000000865c800000)]
  0x000001cc567de000 JavaThread "C2 CompilerThread0" daemon [_thread_blocked, id=2840, stack(0x000000865c800000,0x000000865c900000)]
  0x000001cc567e7000 JavaThread "C1 CompilerThread0" daemon [_thread_blocked, id=8348, stack(0x000000865c900000,0x000000865ca00000)]
  0x000001cc56863800 JavaThread "Sweeper thread" daemon [_thread_blocked, id=500, stack(0x000000865ca00000,0x000000865cb00000)]
  0x000001cc5723e800 JavaThread "Common-Cleaner" daemon [_thread_blocked, id=5264, stack(0x000000865cb00000,0x000000865cc00000)]
  0x000001cc57242800 JavaThread "Service Thread" daemon [_thread_blocked, id=11112, stack(0x000000865cc00000,0x000000865cd00000)]
  0x000001cc587d5800 JavaThread "Daemon health stats" [_thread_blocked, id=10800, stack(0x000000865cf00000,0x000000865d000000)]
  0x000001cc58409800 JavaThread "Incoming local TCP Connector on port 62255" [_thread_in_native, id=9060, stack(0x000000865d000000,0x000000865d100000)]
  0x000001cc571fd000 JavaThread "Daemon periodic checks" [_thread_blocked, id=6008, stack(0x000000865d100000,0x000000865d200000)]
  0x000001cc57708800 JavaThread "Daemon" [_thread_blocked, id=996, stack(0x000000865d200000,0x000000865d300000)]
  0x000001cc5752e800 JavaThread "Handler for socket connection from /127.0.0.1:62255 to /127.0.0.1:62256" [_thread_in_native, id=10136, stack(0x000000865d300000,0x000000865d400000)]
  0x000001cc58938800 JavaThread "Cancel handler" [_thread_blocked, id=1060, stack(0x000000865d400000,0x000000865d500000)]
  0x000001cc58939000 JavaThread "Daemon worker" [_thread_blocked, id=6936, stack(0x000000865d500000,0x000000865d600000)]
  0x000001cc58677000 JavaThread "Asynchronous log dispatcher for DefaultDaemonConnection: socket connection from /127.0.0.1:62255 to /127.0.0.1:62256" [_thread_blocked, id=6744, stack(0x000000865d600000,0x000000865d700000)]
  0x000001cc5833c800 JavaThread "Thread-8" [_thread_blocked, id=9176, stack(0x000000865d800000,0x000000865d900000)]
  0x000001cc57bfd800 JavaThread "Cache worker for journal cache (C:\Users\ELCOT\.gradle\caches\gradle-6.5\caches\journal-1)" [_thread_blocked, id=1980, stack(0x000000865d900000,0x000000865da00000)]
  0x000001cc57bfa800 JavaThread "File lock request listener" [_thread_in_native, id=2184, stack(0x000000865da00000,0x000000865db00000)]
  0x000001cc57bf9800 JavaThread "Cache worker for file hash cache (C:\Users\ELCOT\.gradle\caches\gradle-6.5\caches\6.1.1\fileHashes)" [_thread_blocked, id=10236, stack(0x000000865db00000,0x000000865dc00000)]
  0x000001cc57c00000 JavaThread "Cache worker for checksums cache (D:\AndroidStudioProjects\DoChat\.gradle\checksums)" [_thread_blocked, id=11060, stack(0x000000865dc00000,0x000000865dd00000)]
  0x000001cc57bfc000 JavaThread "Cache worker for file hash cache (D:\AndroidStudioProjects\DoChat\.gradle\6.1.1\fileHashes)" [_thread_blocked, id=2980, stack(0x000000865dd00000,0x000000865de00000)]
  0x000001cc57bff800 JavaThread "Cache worker for cache directory md-supplier (C:\Users\ELCOT\.gradle\caches\gradle-6.5\caches\6.1.1\md-supplier)" [_thread_blocked, id=1204, stack(0x000000865de00000,0x000000865df00000)]
  0x000001cc57bfd000 JavaThread "Cache worker for cache directory md-rule (C:\Users\ELCOT\.gradle\caches\gradle-6.5\caches\6.1.1\md-rule)" [_thread_blocked, id=3524, stack(0x000000865df00000,0x000000865e000000)]
  0x000001cc57bfe800 JavaThread "Cache worker for execution history cache (C:\Users\ELCOT\.gradle\caches\gradle-6.5\caches\6.1.1\executionHistory)" [_thread_blocked, id=10864, stack(0x000000865e000000,0x000000865e100000)]
  0x000001cc59a1d000 JavaThread "Build operations" [_thread_blocked, id=8036, stack(0x000000865e100000,0x000000865e200000)]
  0x000001cc59a1d800 JavaThread "Build operations Thread 2" [_thread_blocked, id=9096, stack(0x000000865e200000,0x000000865e300000)]
  0x000001cc59a1e800 JavaThread "Cache worker for Build Output Cleanup Cache (D:\AndroidStudioProjects\DoChat\.gradle\buildOutputCleanup)" [_thread_blocked, id=8996, stack(0x000000865e300000,0x000000865e400000)]
  0x000001cc59a1b000 JavaThread "Memory manager" [_thread_blocked, id=5572, stack(0x000000865e400000,0x000000865e500000)]
  0x000001cc59a19800 JavaThread "Cache worker for file content cache (C:\Users\ELCOT\.gradle\caches\gradle-6.5\caches\6.1.1\fileContent)" [_thread_blocked, id=4624, stack(0x000000865e500000,0x000000865e600000)]
  0x000001cc59a1c000 JavaThread "Cache worker for file content cache (D:\AndroidStudioProjects\DoChat\.gradle\6.1.1\fileContent)" [_thread_blocked, id=5840, stack(0x000000865e600000,0x000000865e700000)]
  0x000001cc59a1f000 JavaThread "Execution worker for ':'" [_thread_blocked, id=10956, stack(0x000000865e700000,0x000000865e800000)]
  0x000001cc59a20000 JavaThread "Cache worker for execution history cache (D:\AndroidStudioProjects\DoChat\.gradle\6.1.1\executionHistory)" [_thread_blocked, id=10040, stack(0x000000865ea00000,0x000000865eb00000)]
  0x000001cc59a1a800 JavaThread "Cache worker for Java compile cache (C:\Users\ELCOT\.gradle\caches\gradle-6.5\caches\6.1.1\javaCompile)" [_thread_blocked, id=10760, stack(0x000000865eb00000,0x000000865ec00000)]
  0x000001cc59a26000 JavaThread "Cache worker for Java compile cache (D:\AndroidStudioProjects\DoChat\.gradle\6.1.1\javaCompile)" [_thread_blocked, id=1928, stack(0x000000865ec00000,0x000000865ed00000)]
  0x000001cc59a24000 JavaThread "WorkerExecutor Queue" [_thread_blocked, id=8460, stack(0x000000865bb00000,0x000000865bc00000)]
  0x000001cc59a23800 JavaThread "WorkerExecutor Queue Thread 2" [_thread_blocked, id=5316, stack(0x000000865bc00000,0x000000865bd00000)]

Other Threads:
=>0x000001cc38cbd800 VMThread "VM Thread" [stack: 0x000000865c300000,0x000000865c400000] [id=6176]
  0x000001cc57259000 WatcherThread [stack: 0x000000865cd00000,0x000000865ce00000] [id=3552]
  0x000001cc38c1f000 GCTaskThread "GC Thread#0" [stack: 0x000000865be00000,0x000000865bf00000] [id=6788]
  0x000001cc57371800 GCTaskThread "GC Thread#1" [stack: 0x000000865ce00000,0x000000865cf00000] [id=4892]
  0x000001cc38c28800 ConcurrentGCThread "G1 Main Marker" [stack: 0x000000865bf00000,0x000000865c000000] [id=9960]
  0x000001cc38c2b000 ConcurrentGCThread "G1 Conc#0" [stack: 0x000000865c000000,0x000000865c100000] [id=7276]
  0x000001cc38c79800 ConcurrentGCThread "G1 Refine#0" [stack: 0x000000865c100000,0x000000865c200000] [id=6496]
  0x000001cc38c7b800 ConcurrentGCThread "G1 Young RemSet Sampling" [stack: 0x000000865c200000,0x000000865c300000] [id=9516]

Threads with active compile tasks:
C2 CompilerThread0    74486 11852       4       com.android.tools.r8.dex.n::m (2047 bytes)

VM state:at safepoint (normal execution)

VM Mutex/Monitor currently owned by a thread:  ([mutex/lock_event])
[0x000001cc38aeb6f0] Threads_lock - owner thread: 0x000001cc38cbd800
[0x000001cc38aeb270] Heap_lock - owner thread: 0x000001cc38c28800

Heap address: 0x00000000c0000000, size: 1024 MB, Compressed Oops mode: 32-bit
Narrow klass base: 0x0000000800000000, Narrow klass shift: 3
Compressed class space size: 1073741824 Address: 0x0000000800b40000

Heap:
 garbage-first heap   total 219136K, used 130048K [0x00000000c0000000, 0x0000000100000000)
  region size 1024K, 6 young (6144K), 4 survivors (4096K)
 Metaspace       used 81452K, capacity 83748K, committed 84016K, reserved 1122304K
  class space    used 10806K, capacity 11580K, committed 11648K, reserved 1048576K
Heap Regions: E=young(eden), S=young(survivor), O=old, HS=humongous(starts), HC=humongous(continues), CS=collection set, F=free, A=archive, TAMS=top-at-mark-start (previous, next)
|   0|0x00000000c0000000, 0x00000000c0100000, 0x00000000c0100000|100%|HS|  |TAMS 0x00000000c0100000, 0x00000000c0000000| Complete 
|   1|0x00000000c0100000, 0x00000000c0200000, 0x00000000c0200000|100%|HC|  |TAMS 0x00000000c0200000, 0x00000000c0100000| Complete 
|   2|0x00000000c0200000, 0x00000000c0300000, 0x00000000c0300000|100%|HC|  |TAMS 0x00000000c0300000, 0x00000000c0200000| Complete 
|   3|0x00000000c0300000, 0x00000000c0400000, 0x00000000c0400000|100%| O|  |TAMS 0x00000000c0400000, 0x00000000c0300000| Updating 
|   4|0x00000000c0400000, 0x00000000c0500000, 0x00000000c0500000|100%| O|  |TAMS 0x00000000c0500000, 0x00000000c0400000| Updating 
|   5|0x00000000c0500000, 0x00000000c0600000, 0x00000000c0600000|100%| O|  |TAMS 0x00000000c0600000, 0x00000000c0500000| Updating 
|   6|0x00000000c0600000, 0x00000000c0700000, 0x00000000c0700000|100%| O|  |TAMS 0x00000000c0700000, 0x00000000c0600000| Updating 
|   7|0x00000000c0700000, 0x00000000c0800000, 0x00000000c0800000|100%| O|  |TAMS 0x00000000c0800000, 0x00000000c0700000| Updating 
|   8|0x00000000c0800000, 0x00000000c0900000, 0x00000000c0900000|100%| O|  |TAMS 0x00000000c0900000, 0x00000000c0800000| Updating 
|   9|0x00000000c0900000, 0x00000000c0a00000, 0x00000000c0a00000|100%| O|  |TAMS 0x00000000c0a00000, 0x00000000c0900000| Updating 
|  10|0x00000000c0a00000, 0x00000000c0b00000, 0x00000000c0b00000|100%| O|  |TAMS 0x00000000c0a00000, 0x00000000c0a00000| Untracked 
|  11|0x00000000c0b00000, 0x00000000c0c00000, 0x00000000c0c00000|100%| O|  |TAMS 0x00000000c0c00000, 0x00000000c0b00000| Updating 
|  12|0x00000000c0c00000, 0x00000000c0d00000, 0x00000000c0d00000|100%| O|  |TAMS 0x00000000c0d00000, 0x00000000c0c00000| Updating 
|  13|0x00000000c0d00000, 0x00000000c0e00000, 0x00000000c0e00000|100%| O|  |TAMS 0x00000000c0e00000, 0x00000000c0d00000| Updating 
|  14|0x00000000c0e00000, 0x00000000c0f00000, 0x00000000c0f00000|100%| O|  |TAMS 0x00000000c0f00000, 0x00000000c0e00000| Updating 
|  15|0x00000000c0f00000, 0x00000000c1000000, 0x00000000c1000000|100%| O|  |TAMS 0x00000000c1000000, 0x00000000c0f00000| Updating 
|  16|0x00000000c1000000, 0x00000000c1100000, 0x00000000c1100000|100%|HS|  |TAMS 0x00000000c1100000, 0x00000000c1000000| Complete 
|  17|0x00000000c1100000, 0x00000000c1200000, 0x00000000c1200000|100%|HC|  |TAMS 0x00000000c1200000, 0x00000000c1100000| Complete 
|  18|0x00000000c1200000, 0x00000000c1300000, 0x00000000c1300000|100%|HS|  |TAMS 0x00000000c1300000, 0x00000000c1200000| Complete 
|  19|0x00000000c1300000, 0x00000000c1400000, 0x00000000c1400000|100%|HC|  |TAMS 0x00000000c1400000, 0x00000000c1300000| Complete 
|  20|0x00000000c1400000, 0x00000000c1500000, 0x00000000c1500000|100%|HC|  |TAMS 0x00000000c1500000, 0x00000000c1400000| Complete 
|  21|0x00000000c1500000, 0x00000000c1600000, 0x00000000c1600000|100%|HS|  |TAMS 0x00000000c1600000, 0x00000000c1500000| Complete 
|  22|0x00000000c1600000, 0x00000000c1700000, 0x00000000c1700000|100%|HC|  |TAMS 0x00000000c1700000, 0x00000000c1600000| Complete 
|  23|0x00000000c1700000, 0x00000000c1800000, 0x00000000c1800000|100%|HC|  |TAMS 0x00000000c1800000, 0x00000000c1700000| Complete 
|  24|0x00000000c1800000, 0x00000000c1900000, 0x00000000c1900000|100%|HC|  |TAMS 0x00000000c1900000, 0x00000000c1800000| Complete 
|  25|0x00000000c1900000, 0x00000000c1a00000, 0x00000000c1a00000|100%| O|  |TAMS 0x00000000c1a00000, 0x00000000c1900000| Updating 
|  26|0x00000000c1a00000, 0x00000000c1b00000, 0x00000000c1b00000|100%| O|  |TAMS 0x00000000c1b00000, 0x00000000c1a00000| Updating 
|  27|0x00000000c1b00000, 0x00000000c1c00000, 0x00000000c1c00000|100%| O|  |TAMS 0x00000000c1c00000, 0x00000000c1b00000| Updating 
|  28|0x00000000c1c00000, 0x00000000c1d00000, 0x00000000c1d00000|100%| O|  |TAMS 0x00000000c1d00000, 0x00000000c1c00000| Updating 
|  29|0x00000000c1d00000, 0x00000000c1e00000, 0x00000000c1e00000|100%| O|  |TAMS 0x00000000c1e00000, 0x00000000c1d00000| Updating 
|  30|0x00000000c1e00000, 0x00000000c1f00000, 0x00000000c1f00000|100%| O|  |TAMS 0x00000000c1f00000, 0x00000000c1e00000| Updating 
|  31|0x00000000c1f00000, 0x00000000c2000000, 0x00000000c2000000|100%| O|  |TAMS 0x00000000c2000000, 0x00000000c1f00000| Updating 
|  32|0x00000000c2000000, 0x00000000c2100000, 0x00000000c2100000|100%| O|  |TAMS 0x00000000c2100000, 0x00000000c2000000| Updating 
|  33|0x00000000c2100000, 0x00000000c2200000, 0x00000000c2200000|100%| O|  |TAMS 0x00000000c2200000, 0x00000000c2100000| Updating 
|  34|0x00000000c2200000, 0x00000000c2300000, 0x00000000c2300000|100%| O|  |TAMS 0x00000000c2300000, 0x00000000c2200000| Updating 
|  35|0x00000000c2300000, 0x00000000c2400000, 0x00000000c2400000|100%|HS|  |TAMS 0x00000000c2400000, 0x00000000c2300000| Complete 
|  36|0x00000000c2400000, 0x00000000c2500000, 0x00000000c2500000|100%|HC|  |TAMS 0x00000000c2500000, 0x00000000c2400000| Complete 
|  37|0x00000000c2500000, 0x00000000c2600000, 0x00000000c2600000|100%|HC|  |TAMS 0x00000000c2600000, 0x00000000c2500000| Complete 
|  38|0x00000000c2600000, 0x00000000c2700000, 0x00000000c2700000|100%| O|  |TAMS 0x00000000c2700000, 0x00000000c2600000| Updating 
|  39|0x00000000c2700000, 0x00000000c2800000, 0x00000000c2800000|100%| O|  |TAMS 0x00000000c2700000, 0x00000000c2700000| Untracked 
|  40|0x00000000c2800000, 0x00000000c2900000, 0x00000000c2900000|100%| O|  |TAMS 0x00000000c2900000, 0x00000000c2800000| Updating 
|  41|0x00000000c2900000, 0x00000000c2a00000, 0x00000000c2a00000|100%| O|  |TAMS 0x00000000c2a00000, 0x00000000c2900000| Updating 
|  42|0x00000000c2a00000, 0x00000000c2b00000, 0x00000000c2b00000|100%|HS|  |TAMS 0x00000000c2b00000, 0x00000000c2a00000| Complete 
|  43|0x00000000c2b00000, 0x00000000c2c00000, 0x00000000c2c00000|100%|HC|  |TAMS 0x00000000c2c00000, 0x00000000c2b00000| Complete 
|  44|0x00000000c2c00000, 0x00000000c2d00000, 0x00000000c2d00000|100%| O|  |TAMS 0x00000000c2d00000, 0x00000000c2c00000| Updating 
|  45|0x00000000c2d00000, 0x00000000c2e00000, 0x00000000c2e00000|100%|HS|  |TAMS 0x00000000c2d00000, 0x00000000c2d00000| Complete 
|  46|0x00000000c2e00000, 0x00000000c2f00000, 0x00000000c2f00000|100%| O|  |TAMS 0x00000000c2f00000, 0x00000000c2e00000| Updating 
|  47|0x00000000c2f00000, 0x00000000c3000000, 0x00000000c3000000|100%| O|  |TAMS 0x00000000c3000000, 0x00000000c2f00000| Updating 
|  48|0x00000000c3000000, 0x00000000c3100000, 0x00000000c3100000|100%| O|  |TAMS 0x00000000c3100000, 0x00000000c3000000| Updating 
|  49|0x00000000c3100000, 0x00000000c3200000, 0x00000000c3200000|100%| O|  |TAMS 0x00000000c3200000, 0x00000000c3100000| Updating 
|  50|0x00000000c3200000, 0x00000000c3300000, 0x00000000c3300000|100%| O|  |TAMS 0x00000000c3300000, 0x00000000c3200000| Updating 
|  51|0x00000000c3300000, 0x00000000c3400000, 0x00000000c3400000|100%| O|  |TAMS 0x00000000c3400000, 0x00000000c3300000| Updating 
|  52|0x00000000c3400000, 0x00000000c3500000, 0x00000000c3500000|100%| O|  |TAMS 0x00000000c3500000, 0x00000000c3400000| Updating 
|  53|0x00000000c3500000, 0x00000000c3600000, 0x00000000c3600000|100%| O|  |TAMS 0x00000000c3600000, 0x00000000c3500000| Updating 
|  54|0x00000000c3600000, 0x00000000c3700000, 0x00000000c3700000|100%| O|  |TAMS 0x00000000c3700000, 0x00000000c3600000| Updating 
|  55|0x00000000c3700000, 0x00000000c3800000, 0x00000000c3800000|100%| O|  |TAMS 0x00000000c3800000, 0x00000000c3700000| Updating 
|  56|0x00000000c3800000, 0x00000000c3900000, 0x00000000c3900000|100%| O|  |TAMS 0x00000000c3900000, 0x00000000c3800000| Updating 
|  57|0x00000000c3900000, 0x00000000c3a00000, 0x00000000c3a00000|100%| O|  |TAMS 0x00000000c3a00000, 0x00000000c3900000| Updating 
|  58|0x00000000c3a00000, 0x00000000c3b00000, 0x00000000c3b00000|100%| O|  |TAMS 0x00000000c3b00000, 0x00000000c3a00000| Updating 
|  59|0x00000000c3b00000, 0x00000000c3c00000, 0x00000000c3c00000|100%| O|  |TAMS 0x00000000c3c00000, 0x00000000c3b00000| Updating 
|  60|0x00000000c3c00000, 0x00000000c3d00000, 0x00000000c3d00000|100%| O|  |TAMS 0x00000000c3d00000, 0x00000000c3c00000| Updating 
|  61|0x00000000c3d00000, 0x00000000c3e00000, 0x00000000c3e00000|100%| O|  |TAMS 0x00000000c3e00000, 0x00000000c3d00000| Updating 
|  62|0x00000000c3e00000, 0x00000000c3f00000, 0x00000000c3f00000|100%| O|  |TAMS 0x00000000c3f00000, 0x00000000c3e00000| Updating 
|  63|0x00000000c3f00000, 0x00000000c4000000, 0x00000000c4000000|100%| O|  |TAMS 0x00000000c4000000, 0x00000000c3f00000| Updating 
|  64|0x00000000c4000000, 0x00000000c4100000, 0x00000000c4100000|100%| O|  |TAMS 0x00000000c4100000, 0x00000000c4000000| Updating 
|  65|0x00000000c4100000, 0x00000000c4100000, 0x00000000c4200000|  0%| F|  |TAMS 0x00000000c4100000, 0x00000000c4100000| Untracked 
|  66|0x00000000c4200000, 0x00000000c4300000, 0x00000000c4300000|100%| O|  |TAMS 0x00000000c4300000, 0x00000000c4200000| Updating 
|  67|0x00000000c4300000, 0x00000000c4300000, 0x00000000c4400000|  0%| F|  |TAMS 0x00000000c4300000, 0x00000000c4300000| Untracked 
|  68|0x00000000c4400000, 0x00000000c4400000, 0x00000000c4500000|  0%| F|  |TAMS 0x00000000c4400000, 0x00000000c4400000| Untracked 
|  69|0x00000000c4500000, 0x00000000c4500000, 0x00000000c4600000|  0%| F|  |TAMS 0x00000000c4500000, 0x00000000c4500000| Untracked 
|  70|0x00000000c4600000, 0x00000000c4700000, 0x00000000c4700000|100%| O|  |TAMS 0x00000000c4700000, 0x00000000c4600000| Updating 
|  71|0x00000000c4700000, 0x00000000c4800000, 0x00000000c4800000|100%| O|  |TAMS 0x00000000c4800000, 0x00000000c4700000| Updating 
|  72|0x00000000c4800000, 0x00000000c4900000, 0x00000000c4900000|100%| O|  |TAMS 0x00000000c4900000, 0x00000000c4800000| Updating 
|  73|0x00000000c4900000, 0x00000000c4a00000, 0x00000000c4a00000|100%| O|  |TAMS 0x00000000c4a00000, 0x00000000c4900000| Updating 
|  74|0x00000000c4a00000, 0x00000000c4b00000, 0x00000000c4b00000|100%| O|  |TAMS 0x00000000c4b00000, 0x00000000c4a00000| Updating 
|  75|0x00000000c4b00000, 0x00000000c4b00000, 0x00000000c4c00000|  0%| F|  |TAMS 0x00000000c4b00000, 0x00000000c4b00000| Untracked 
|  76|0x00000000c4c00000, 0x00000000c4d00000, 0x00000000c4d00000|100%| O|  |TAMS 0x00000000c4d00000, 0x00000000c4c00000| Updating 
|  77|0x00000000c4d00000, 0x00000000c4e00000, 0x00000000c4e00000|100%| O|  |TAMS 0x00000000c4e00000, 0x00000000c4d00000| Updating 
|  78|0x00000000c4e00000, 0x00000000c4f00000, 0x00000000c4f00000|100%| O|  |TAMS 0x00000000c4f00000, 0x00000000c4e00000| Updating 
|  79|0x00000000c4f00000, 0x00000000c5000000, 0x00000000c5000000|100%| O|  |TAMS 0x00000000c5000000, 0x00000000c4f00000| Updating 
|  80|0x00000000c5000000, 0x00000000c5100000, 0x00000000c5100000|100%| O|  |TAMS 0x00000000c5100000, 0x00000000c5000000| Updating 
|  81|0x00000000c5100000, 0x00000000c5100000, 0x00000000c5200000|  0%| F|  |TAMS 0x00000000c5100000, 0x00000000c5100000| Untracked 
|  82|0x00000000c5200000, 0x00000000c5200000, 0x00000000c5300000|  0%| F|  |TAMS 0x00000000c5200000, 0x00000000c5200000| Untracked 
|  83|0x00000000c5300000, 0x00000000c5300000, 0x00000000c5400000|  0%| F|  |TAMS 0x00000000c5300000, 0x00000000c5300000| Untracked 
|  84|0x00000000c5400000, 0x00000000c5400000, 0x00000000c5500000|  0%| F|  |TAMS 0x00000000c5400000, 0x00000000c5400000| Untracked 
|  85|0x00000000c5500000, 0x00000000c5500000, 0x00000000c5600000|  0%| F|  |TAMS 0x00000000c5500000, 0x00000000c5500000| Untracked 
|  86|0x00000000c5600000, 0x00000000c5700000, 0x00000000c5700000|100%|HS|  |TAMS 0x00000000c5700000, 0x00000000c5600000| Complete 
|  87|0x00000000c5700000, 0x00000000c5800000, 0x00000000c5800000|100%| O|  |TAMS 0x00000000c5800000, 0x00000000c5700000| Updating 
|  88|0x00000000c5800000, 0x00000000c5800000, 0x00000000c5900000|  0%| F|  |TAMS 0x00000000c5800000, 0x00000000c5800000| Untracked 
|  89|0x00000000c5900000, 0x00000000c5900000, 0x00000000c5a00000|  0%| F|  |TAMS 0x00000000c5900000, 0x00000000c5900000| Untracked 
|  90|0x00000000c5a00000, 0x00000000c5b00000, 0x00000000c5b00000|100%| O|  |TAMS 0x00000000c5b00000, 0x00000000c5a00000| Updating 
|  91|0x00000000c5b00000, 0x00000000c5b00000, 0x00000000c5c00000|  0%| F|  |TAMS 0x00000000c5b00000, 0x00000000c5b00000| Untracked 
|  92|0x00000000c5c00000, 0x00000000c5c00000, 0x00000000c5d00000|  0%| F|  |TAMS 0x00000000c5c00000, 0x00000000c5c00000| Untracked 
|  93|0x00000000c5d00000, 0x00000000c5d00000, 0x00000000c5e00000|  0%| F|  |TAMS 0x00000000c5d00000, 0x00000000c5d00000| Untracked 
|  94|0x00000000c5e00000, 0x00000000c5f00000, 0x00000000c5f00000|100%| O|  |TAMS 0x00000000c5f00000, 0x00000000c5e00000| Updating 
|  95|0x00000000c5f00000, 0x00000000c5f00000, 0x00000000c6000000|  0%| F|  |TAMS 0x00000000c5f00000, 0x00000000c5f00000| Untracked 
|  96|0x00000000c6000000, 0x00000000c6000000, 0x00000000c6100000|  0%| F|  |TAMS 0x00000000c6000000, 0x00000000c6000000| Untracked 
|  97|0x00000000c6100000, 0x00000000c6100000, 0x00000000c6200000|  0%| F|  |TAMS 0x00000000c6100000, 0x00000000c6100000| Untracked 
|  98|0x00000000c6200000, 0x00000000c6300000, 0x00000000c6300000|100%| O|  |TAMS 0x00000000c6300000, 0x00000000c6200000| Updating 
|  99|0x00000000c6300000, 0x00000000c6400000, 0x00000000c6400000|100%|HS|  |TAMS 0x00000000c6400000, 0x00000000c6300000| Complete 
| 100|0x00000000c6400000, 0x00000000c6500000, 0x00000000c6500000|100%|HC|  |TAMS 0x00000000c6500000, 0x00000000c6400000| Complete 
| 101|0x00000000c6500000, 0x00000000c6600000, 0x00000000c6600000|100%|HC|  |TAMS 0x00000000c6600000, 0x00000000c6500000| Complete 
| 102|0x00000000c6600000, 0x00000000c6700000, 0x00000000c6700000|100%|HC|  |TAMS 0x00000000c6700000, 0x00000000c6600000| Complete 
| 103|0x00000000c6700000, 0x00000000c6800000, 0x00000000c6800000|100%|HC|  |TAMS 0x00000000c6800000, 0x00000000c6700000| Complete 
| 104|0x00000000c6800000, 0x00000000c6900000, 0x00000000c6900000|100%|HC|  |TAMS 0x00000000c6900000, 0x00000000c6800000| Complete 
| 105|0x00000000c6900000, 0x00000000c6a00000, 0x00000000c6a00000|100%|HC|  |TAMS 0x00000000c6a00000, 0x00000000c6900000| Complete 
| 106|0x00000000c6a00000, 0x00000000c6b00000, 0x00000000c6b00000|100%|HC|  |TAMS 0x00000000c6b00000, 0x00000000c6a00000| Complete 
| 107|0x00000000c6b00000, 0x00000000c6c00000, 0x00000000c6c00000|100%|HC|  |TAMS 0x00000000c6c00000, 0x00000000c6b00000| Complete 
| 108|0x00000000c6c00000, 0x00000000c6d00000, 0x00000000c6d00000|100%| O|  |TAMS 0x00000000c6d00000, 0x00000000c6c00000| Updating 
| 109|0x00000000c6d00000, 0x00000000c6e00000, 0x00000000c6e00000|100%| O|  |TAMS 0x00000000c6e00000, 0x00000000c6d00000| Updating 
| 110|0x00000000c6e00000, 0x00000000c6f00000, 0x00000000c6f00000|100%| O|  |TAMS 0x00000000c6f00000, 0x00000000c6e00000| Updating 
| 111|0x00000000c6f00000, 0x00000000c7000000, 0x00000000c7000000|100%| O|  |TAMS 0x00000000c7000000, 0x00000000c6f00000| Updating 
| 112|0x00000000c7000000, 0x00000000c7100000, 0x00000000c7100000|100%| O|  |TAMS 0x00000000c7100000, 0x00000000c7000000| Updating 
| 113|0x00000000c7100000, 0x00000000c7200000, 0x00000000c7200000|100%| O|  |TAMS 0x00000000c7200000, 0x00000000c7100000| Updating 
| 114|0x00000000c7200000, 0x00000000c7300000, 0x00000000c7300000|100%| O|  |TAMS 0x00000000c7300000, 0x00000000c7200000| Updating 
| 115|0x00000000c7300000, 0x00000000c7400000, 0x00000000c7400000|100%| O|  |TAMS 0x00000000c7400000, 0x00000000c7300000| Updating 
| 116|0x00000000c7400000, 0x00000000c7500000, 0x00000000c7500000|100%| O|  |TAMS 0x00000000c7500000, 0x00000000c7400000| Updating 
| 117|0x00000000c7500000, 0x00000000c7600000, 0x00000000c7600000|100%| O|  |TAMS 0x00000000c7600000, 0x00000000c7500000| Updating 
| 118|0x00000000c7600000, 0x00000000c7700000, 0x00000000c7700000|100%|HS|  |TAMS 0x00000000c7700000, 0x00000000c7600000| Complete 
| 119|0x00000000c7700000, 0x00000000c7800000, 0x00000000c7800000|100%|HC|  |TAMS 0x00000000c7800000, 0x00000000c7700000| Complete 
| 120|0x00000000c7800000, 0x00000000c7900000, 0x00000000c7900000|100%|HC|  |TAMS 0x00000000c7900000, 0x00000000c7800000| Complete 
| 121|0x00000000c7900000, 0x00000000c7a00000, 0x00000000c7a00000|100%|HC|  |TAMS 0x00000000c7a00000, 0x00000000c7900000| Complete 
| 122|0x00000000c7a00000, 0x00000000c7b00000, 0x00000000c7b00000|100%|HC|  |TAMS 0x00000000c7b00000, 0x00000000c7a00000| Complete 
| 123|0x00000000c7b00000, 0x00000000c7c00000, 0x00000000c7c00000|100%|HC|  |TAMS 0x00000000c7c00000, 0x00000000c7b00000| Complete 
| 124|0x00000000c7c00000, 0x00000000c7d00000, 0x00000000c7d00000|100%|HC|  |TAMS 0x00000000c7d00000, 0x00000000c7c00000| Complete 
| 125|0x00000000c7d00000, 0x00000000c7e00000, 0x00000000c7e00000|100%|HC|  |TAMS 0x00000000c7e00000, 0x00000000c7d00000| Complete 
| 126|0x00000000c7e00000, 0x00000000c7f00000, 0x00000000c7f00000|100%|HC|  |TAMS 0x00000000c7f00000, 0x00000000c7e00000| Complete 
| 127|0x00000000c7f00000, 0x00000000c8000000, 0x00000000c8000000|100%| O|  |TAMS 0x00000000c8000000, 0x00000000c7f00000| Updating 
| 128|0x00000000c8000000, 0x00000000c8100000, 0x00000000c8100000|100%| O|  |TAMS 0x00000000c8100000, 0x00000000c8000000| Updating 
| 129|0x00000000c8100000, 0x00000000c8200000, 0x00000000c8200000|100%| O|  |TAMS 0x00000000c8200000, 0x00000000c8100000| Updating 
| 130|0x00000000c8200000, 0x00000000c8300000, 0x00000000c8300000|100%| O|  |TAMS 0x00000000c8300000, 0x00000000c8200000| Updating 
| 131|0x00000000c8300000, 0x00000000c8400000, 0x00000000c8400000|100%| O|  |TAMS 0x00000000c8400000, 0x00000000c8300000| Updating 
| 132|0x00000000c8400000, 0x00000000c8500000, 0x00000000c8500000|100%| O|  |TAMS 0x00000000c8500000, 0x00000000c8400000| Updating 
| 133|0x00000000c8500000, 0x00000000c8600000, 0x00000000c8600000|100%| O|  |TAMS 0x00000000c8600000, 0x00000000c8500000| Updating 
| 134|0x00000000c8600000, 0x00000000c8700000, 0x00000000c8700000|100%| O|  |TAMS 0x00000000c8700000, 0x00000000c8600000| Updating 
| 135|0x00000000c8700000, 0x00000000c8800000, 0x00000000c8800000|100%| O|  |TAMS 0x00000000c8800000, 0x00000000c8700000| Updating 
| 136|0x00000000c8800000, 0x00000000c8900000, 0x00000000c8900000|100%| O|  |TAMS 0x00000000c8900000, 0x00000000c8800000| Updating 
| 137|0x00000000c8900000, 0x00000000c8a00000, 0x00000000c8a00000|100%| O|  |TAMS 0x00000000c8a00000, 0x00000000c8900000| Updating 
| 138|0x00000000c8a00000, 0x00000000c8b00000, 0x00000000c8b00000|100%| O|  |TAMS 0x00000000c8b00000, 0x00000000c8a00000| Updating 
| 139|0x00000000c8b00000, 0x00000000c8c00000, 0x00000000c8c00000|100%| O|  |TAMS 0x00000000c8c00000, 0x00000000c8b00000| Updating 
| 140|0x00000000c8c00000, 0x00000000c8c00000, 0x00000000c8d00000|  0%| F|  |TAMS 0x00000000c8c00000, 0x00000000c8c00000| Untracked 
| 141|0x00000000c8d00000, 0x00000000c8d00000, 0x00000000c8e00000|  0%| F|  |TAMS 0x00000000c8d00000, 0x00000000c8d00000| Untracked 
| 142|0x00000000c8e00000, 0x00000000c8e00000, 0x00000000c8f00000|  0%| F|  |TAMS 0x00000000c8e00000, 0x00000000c8e00000| Untracked 
| 143|0x00000000c8f00000, 0x00000000c8f00000, 0x00000000c9000000|  0%| F|  |TAMS 0x00000000c8f00000, 0x00000000c8f00000| Untracked 
| 144|0x00000000c9000000, 0x00000000c9000000, 0x00000000c9100000|  0%| F|  |TAMS 0x00000000c9000000, 0x00000000c9000000| Untracked 
| 145|0x00000000c9100000, 0x00000000c9100000, 0x00000000c9200000|  0%| F|  |TAMS 0x00000000c9100000, 0x00000000c9100000| Untracked 
| 146|0x00000000c9200000, 0x00000000c9200000, 0x00000000c9300000|  0%| F|  |TAMS 0x00000000c9200000, 0x00000000c9200000| Untracked 
| 147|0x00000000c9300000, 0x00000000c9300000, 0x00000000c9400000|  0%| F|  |TAMS 0x00000000c9300000, 0x00000000c9300000| Untracked 
| 148|0x00000000c9400000, 0x00000000c9400000, 0x00000000c9500000|  0%| F|  |TAMS 0x00000000c9400000, 0x00000000c9400000| Untracked 
| 149|0x00000000c9500000, 0x00000000c9500000, 0x00000000c9600000|  0%| F|  |TAMS 0x00000000c9500000, 0x00000000c9500000| Untracked 
| 150|0x00000000c9600000, 0x00000000c9600000, 0x00000000c9700000|  0%| F|  |TAMS 0x00000000c9600000, 0x00000000c9600000| Untracked 
| 151|0x00000000c9700000, 0x00000000c9700000, 0x00000000c9800000|  0%| F|  |TAMS 0x00000000c9700000, 0x00000000c9700000| Untracked 
| 152|0x00000000c9800000, 0x00000000c9800000, 0x00000000c9900000|  0%| F|  |TAMS 0x00000000c9800000, 0x00000000c9800000| Untracked 
| 153|0x00000000c9900000, 0x00000000c9900000, 0x00000000c9a00000|  0%| F|  |TAMS 0x00000000c9900000, 0x00000000c9900000| Untracked 
| 154|0x00000000c9a00000, 0x00000000c9a00000, 0x00000000c9b00000|  0%| F|  |TAMS 0x00000000c9a00000, 0x00000000c9a00000| Untracked 
| 155|0x00000000c9b00000, 0x00000000c9b00000, 0x00000000c9c00000|  0%| F|  |TAMS 0x00000000c9b00000, 0x00000000c9b00000| Untracked 
| 156|0x00000000c9c00000, 0x00000000c9c00000, 0x00000000c9d00000|  0%| F|  |TAMS 0x00000000c9c00000, 0x00000000c9c00000| Untracked 
| 157|0x00000000c9d00000, 0x00000000c9d00000, 0x00000000c9e00000|  0%| F|  |TAMS 0x00000000c9d00000, 0x00000000c9d00000| Untracked 
| 158|0x00000000c9e00000, 0x00000000c9e00000, 0x00000000c9f00000|  0%| F|  |TAMS 0x00000000c9e00000, 0x00000000c9e00000| Untracked 
| 159|0x00000000c9f00000, 0x00000000c9f00000, 0x00000000ca000000|  0%| F|  |TAMS 0x00000000c9f00000, 0x00000000c9f00000| Untracked 
| 160|0x00000000ca000000, 0x00000000ca000000, 0x00000000ca100000|  0%| F|  |TAMS 0x00000000ca000000, 0x00000000ca000000| Untracked 
| 161|0x00000000ca100000, 0x00000000ca100000, 0x00000000ca200000|  0%| F|  |TAMS 0x00000000ca100000, 0x00000000ca100000| Untracked 
| 162|0x00000000ca200000, 0x00000000ca200000, 0x00000000ca300000|  0%| F|  |TAMS 0x00000000ca200000, 0x00000000ca200000| Untracked 
| 163|0x00000000ca300000, 0x00000000ca300000, 0x00000000ca400000|  0%| F|  |TAMS 0x00000000ca300000, 0x00000000ca300000| Untracked 
| 164|0x00000000ca400000, 0x00000000ca400000, 0x00000000ca500000|  0%| F|  |TAMS 0x00000000ca400000, 0x00000000ca400000| Untracked 
| 165|0x00000000ca500000, 0x00000000ca500000, 0x00000000ca600000|  0%| F|  |TAMS 0x00000000ca500000, 0x00000000ca500000| Untracked 
| 166|0x00000000ca600000, 0x00000000ca600000, 0x00000000ca700000|  0%| F|  |TAMS 0x00000000ca600000, 0x00000000ca600000| Untracked 
| 167|0x00000000ca700000, 0x00000000ca700000, 0x00000000ca800000|  0%| F|  |TAMS 0x00000000ca700000, 0x00000000ca700000| Untracked 
| 168|0x00000000ca800000, 0x00000000ca800000, 0x00000000ca900000|  0%| F|  |TAMS 0x00000000ca800000, 0x00000000ca800000| Untracked 
| 169|0x00000000ca900000, 0x00000000ca900000, 0x00000000caa00000|  0%| F|  |TAMS 0x00000000ca900000, 0x00000000ca900000| Untracked 
| 170|0x00000000caa00000, 0x00000000caa00000, 0x00000000cab00000|  0%| F|  |TAMS 0x00000000caa00000, 0x00000000caa00000| Untracked 
| 171|0x00000000cab00000, 0x00000000cab00000, 0x00000000cac00000|  0%| F|  |TAMS 0x00000000cab00000, 0x00000000cab00000| Untracked 
| 172|0x00000000cac00000, 0x00000000cac00000, 0x00000000cad00000|  0%| F|  |TAMS 0x00000000cac00000, 0x00000000cac00000| Untracked 
| 173|0x00000000cad00000, 0x00000000cae00000, 0x00000000cae00000|100%| S|CS|TAMS 0x00000000cad00000, 0x00000000cad00000| Complete 
| 174|0x00000000cae00000, 0x00000000caf00000, 0x00000000caf00000|100%| S|CS|TAMS 0x00000000cae00000, 0x00000000cae00000| Complete 
| 175|0x00000000caf00000, 0x00000000cb000000, 0x00000000cb000000|100%| S|CS|TAMS 0x00000000caf00000, 0x00000000caf00000| Complete 
| 176|0x00000000cb000000, 0x00000000cb100000, 0x00000000cb100000|100%| S|CS|TAMS 0x00000000cb000000, 0x00000000cb000000| Complete 
| 177|0x00000000cb100000, 0x00000000cb100000, 0x00000000cb200000|  0%| F|  |TAMS 0x00000000cb100000, 0x00000000cb100000| Untracked 
| 178|0x00000000cb200000, 0x00000000cb200000, 0x00000000cb300000|  0%| F|  |TAMS 0x00000000cb200000, 0x00000000cb200000| Untracked 
| 179|0x00000000cb300000, 0x00000000cb300000, 0x00000000cb400000|  0%| F|  |TAMS 0x00000000cb300000, 0x00000000cb300000| Untracked 
| 180|0x00000000cb400000, 0x00000000cb400000, 0x00000000cb500000|  0%| F|  |TAMS 0x00000000cb400000, 0x00000000cb400000| Untracked 
| 181|0x00000000cb500000, 0x00000000cb500000, 0x00000000cb600000|  0%| F|  |TAMS 0x00000000cb500000, 0x00000000cb500000| Untracked 
| 182|0x00000000cb600000, 0x00000000cb600000, 0x00000000cb700000|  0%| F|  |TAMS 0x00000000cb600000, 0x00000000cb600000| Untracked 
| 183|0x00000000cb700000, 0x00000000cb700000, 0x00000000cb800000|  0%| F|  |TAMS 0x00000000cb700000, 0x00000000cb700000| Untracked 
| 184|0x00000000cb800000, 0x00000000cb800000, 0x00000000cb900000|  0%| F|  |TAMS 0x00000000cb800000, 0x00000000cb800000| Untracked 
| 185|0x00000000cb900000, 0x00000000cb93aba8, 0x00000000cba00000| 22%| E|  |TAMS 0x00000000cb900000, 0x00000000cb900000| Complete 
| 186|0x00000000cba00000, 0x00000000cbb00000, 0x00000000cbb00000|100%| E|CS|TAMS 0x00000000cba00000, 0x00000000cba00000| Complete 

Card table byte_map: [0x000001cc52050000,0x000001cc52250000] _byte_map_base: 0x000001cc51a50000

Marking Bits (Prev, Next): (CMBitMap*) 0x000001cc38c1fdd8, (CMBitMap*) 0x000001cc38c1fd98
 Prev Bits: [0x000001cc53450000, 0x000001cc54450000)
 Next Bits: [0x000001cc52450000, 0x000001cc53450000)

Polling page: 0x000001cc389b0000

Metaspace:

Usage:
  Non-class:     70.48 MB capacity,    68.99 MB ( 98%) used,     1.26 MB (  2%) free+waste,   232.88 KB ( <1%) overhead. 
      Class:     11.31 MB capacity,    10.55 MB ( 93%) used,   666.87 KB (  6%) free+waste,   106.50 KB ( <1%) overhead. 
       Both:     81.79 MB capacity,    79.54 MB ( 97%) used,     1.91 MB (  2%) free+waste,   339.38 KB ( <1%) overhead. 

Virtual space:
  Non-class space:       72.00 MB reserved,      70.67 MB ( 98%) committed 
      Class space:        1.00 GB reserved,      11.38 MB (  1%) committed 
             Both:        1.07 GB reserved,      82.05 MB (  7%) committed 

Chunk freelists:
   Non-Class:  8.00 KB
       Class:  4.00 KB
        Both:  12.00 KB

MaxMetaspaceSize: 17179869184.00 GB
CompressedClassSpaceSize: 1.00 GB

CodeHeap 'non-profiled nmethods': size=120064Kb used=5493Kb max_used=5728Kb free=114570Kb
 bounds [0x000001cc4a3d0000, 0x000001cc4a970000, 0x000001cc51910000]
CodeHeap 'profiled nmethods': size=120000Kb used=23238Kb max_used=23898Kb free=96761Kb
 bounds [0x000001cc42ea0000, 0x000001cc44620000, 0x000001cc4a3d0000]
CodeHeap 'non-nmethods': size=5696Kb used=2416Kb max_used=2460Kb free=3279Kb
 bounds [0x000001cc42910000, 0x000001cc42b90000, 0x000001cc42ea0000]
 total_blobs=15935 nmethods=10084 adapters=813
 compilation: enabled
              stopped_count=0, restarted_count=0
 full_count=0

Compilation events (20 events):
Event: 73.720 Thread 0x000001cc567de000 nmethod 11815 0x000001cc4a5a8590 code [0x000001cc4a5a87c0, 0x000001cc4a5a9a90]
Event: 73.720 Thread 0x000001cc567de000 11840   !   4       com.android.tools.r8.graph.e0::g (89 bytes)
Event: 73.852 Thread 0x000001cc567de000 nmethod 11840 0x000001cc4a4a7d10 code [0x000001cc4a4a7ee0, 0x000001cc4a4a8ad8]
Event: 73.852 Thread 0x000001cc567de000 11847 %     4       com.android.tools.r8.dex.n::m @ 942 (2047 bytes)
Event: 74.109 Thread 0x000001cc567de000 nmethod 11847% 0x000001cc4a607b90 code [0x000001cc4a607f00, 0x000001cc4a60a8a0]
Event: 74.109 Thread 0x000001cc567de000 11806       4       com.android.tools.r8.utils.m0::b (75 bytes)
Event: 74.115 Thread 0x000001cc567de000 nmethod 11806 0x000001cc4a72f690 code [0x000001cc4a72f820, 0x000001cc4a72fa18]
Event: 74.115 Thread 0x000001cc567de000 11812       4       com.android.tools.r8.graph.W::a (44 bytes)
Event: 74.121 Thread 0x000001cc567de000 nmethod 11812 0x000001cc4a53eb90 code [0x000001cc4a53ed40, 0x000001cc4a53efe8]
Event: 74.121 Thread 0x000001cc567de000 11814       4       com.android.tools.r8.graph.I0::a (34 bytes)
Event: 74.126 Thread 0x000001cc567de000 nmethod 11814 0x000001cc4a53e690 code [0x000001cc4a53e820, 0x000001cc4a53e998]
Event: 74.126 Thread 0x000001cc567de000 11848       4       com.android.tools.r8.graph.Z::<init> (78 bytes)
Event: 74.132 Thread 0x000001cc567de000 nmethod 11848 0x000001cc4a5a7f90 code [0x000001cc4a5a8120, 0x000001cc4a5a8468]
Event: 74.132 Thread 0x000001cc567de000 11849       4       com.android.tools.r8.graph.W::a (55 bytes)
Event: 74.143 Thread 0x000001cc567de000 nmethod 11849 0x000001cc4a5a7490 code [0x000001cc4a5a7640, 0x000001cc4a5a7b58]
Event: 74.143 Thread 0x000001cc567de000 11850       4       com.android.tools.r8.graph.Z::computeHashCode (30 bytes)
Event: 74.180 Thread 0x000001cc567de000 nmethod 11850 0x000001cc4a845510 code [0x000001cc4a8456e0, 0x000001cc4a845ff8]
Event: 74.195 Thread 0x000001cc567de000 11851 %     4       com.android.tools.r8.dex.n::m @ 1409 (2047 bytes)
Event: 74.246 Thread 0x000001cc567de000 nmethod 11851% 0x000001cc4a843610 code [0x000001cc4a843860, 0x000001cc4a844730]
Event: 74.246 Thread 0x000001cc567de000 11852       4       com.android.tools.r8.dex.n::m (2047 bytes)

GC Heap History (20 events):
Event: 50.101 GC heap before
{Heap before GC invocations=47 (full 0):
 garbage-first heap   total 158720K, used 90383K [0x00000000c0000000, 0x0000000100000000)
  region size 1024K, 14 young (14336K), 6 survivors (6144K)
 Metaspace       used 71144K, capacity 73128K, committed 73392K, reserved 1112064K
  class space    used 9470K, capacity 10118K, committed 10240K, reserved 1048576K
}
Event: 50.147 GC heap after
{Heap after GC invocations=48 (full 0):
 garbage-first heap   total 158720K, used 85603K [0x00000000c0000000, 0x0000000100000000)
  region size 1024K, 2 young (2048K), 2 survivors (2048K)
 Metaspace       used 71144K, capacity 73128K, committed 73392K, reserved 1112064K
  class space    used 9470K, capacity 10118K, committed 10240K, reserved 1048576K
}
Event: 55.712 GC heap before
{Heap before GC invocations=49 (full 0):
 garbage-first heap   total 158720K, used 114275K [0x00000000c0000000, 0x0000000100000000)
  region size 1024K, 29 young (29696K), 2 survivors (2048K)
 Metaspace       used 71902K, capacity 73864K, committed 74160K, reserved 1114112K
  class space    used 9537K, capacity 10191K, committed 10240K, reserved 1048576K
}
Event: 55.743 GC heap after
{Heap after GC invocations=50 (full 0):
 garbage-first heap   total 158720K, used 94720K [0x00000000c0000000, 0x0000000100000000)
  region size 1024K, 4 young (4096K), 4 survivors (4096K)
 Metaspace       used 71902K, capacity 73864K, committed 74160K, reserved 1114112K
  class space    used 9537K, capacity 10191K, committed 10240K, reserved 1048576K
}
Event: 59.908 GC heap before
{Heap before GC invocations=50 (full 0):
 garbage-first heap   total 158720K, used 119296K [0x00000000c0000000, 0x0000000100000000)
  region size 1024K, 28 young (28672K), 4 survivors (4096K)
 Metaspace       used 73432K, capacity 75446K, committed 75568K, reserved 1114112K
  class space    used 9660K, capacity 10325K, committed 10368K, reserved 1048576K
}
Event: 59.954 GC heap after
{Heap after GC invocations=51 (full 0):
 garbage-first heap   total 158720K, used 99819K [0x00000000c0000000, 0x0000000100000000)
  region size 1024K, 4 young (4096K), 4 survivors (4096K)
 Metaspace       used 73432K, capacity 75446K, committed 75568K, reserved 1114112K
  class space    used 9660K, capacity 10325K, committed 10368K, reserved 1048576K
}
Event: 63.146 GC heap before
{Heap before GC invocations=52 (full 0):
 garbage-first heap   total 168960K, used 121323K [0x00000000c0000000, 0x0000000100000000)
  region size 1024K, 26 young (26624K), 4 survivors (4096K)
 Metaspace       used 73604K, capacity 75622K, committed 75824K, reserved 1114112K
  class space    used 9676K, capacity 10338K, committed 10368K, reserved 1048576K
}
Event: 63.177 GC heap after
{Heap after GC invocations=53 (full 0):
 garbage-first heap   total 168960K, used 101161K [0x00000000c0000000, 0x0000000100000000)
  region size 1024K, 2 young (2048K), 2 survivors (2048K)
 Metaspace       used 73604K, capacity 75622K, committed 75824K, reserved 1114112K
  class space    used 9676K, capacity 10338K, committed 10368K, reserved 1048576K
}
Event: 65.140 GC heap before
{Heap before GC invocations=53 (full 0):
 garbage-first heap   total 168960K, used 126761K [0x00000000c0000000, 0x0000000100000000)
  region size 1024K, 28 young (28672K), 2 survivors (2048K)
 Metaspace       used 75434K, capacity 77498K, committed 77744K, reserved 1116160K
  class space    used 9948K, capacity 10633K, committed 10752K, reserved 1048576K
}
Event: 65.155 GC heap after
{Heap after GC invocations=54 (full 0):
 garbage-first heap   total 168960K, used 102142K [0x00000000c0000000, 0x0000000100000000)
  region size 1024K, 3 young (3072K), 3 survivors (3072K)
 Metaspace       used 75434K, capacity 77498K, committed 77744K, reserved 1116160K
  class space    used 9948K, capacity 10633K, committed 10752K, reserved 1048576K
}
Event: 68.279 GC heap before
{Heap before GC invocations=55 (full 0):
 garbage-first heap   total 174080K, used 128766K [0x00000000c0000000, 0x0000000100000000)
  region size 1024K, 30 young (30720K), 3 survivors (3072K)
 Metaspace       used 80867K, capacity 83141K, committed 83504K, reserved 1122304K
  class space    used 10743K, capacity 11535K, committed 11648K, reserved 1048576K
}
Event: 68.304 GC heap after
{Heap after GC invocations=56 (full 0):
 garbage-first heap   total 174080K, used 102886K [0x00000000c0000000, 0x0000000100000000)
  region size 1024K, 2 young (2048K), 2 survivors (2048K)
 Metaspace       used 80867K, capacity 83141K, committed 83504K, reserved 1122304K
  class space    used 10743K, capacity 11535K, committed 11648K, reserved 1048576K
}
Event: 72.515 GC heap before
{Heap before GC invocations=56 (full 0):
 garbage-first heap   total 174080K, used 126438K [0x00000000c0000000, 0x0000000100000000)
  region size 1024K, 27 young (27648K), 2 survivors (2048K)
 Metaspace       used 81217K, capacity 83545K, committed 83760K, reserved 1122304K
  class space    used 10787K, capacity 11577K, committed 11648K, reserved 1048576K
}
Event: 72.544 GC heap after
{Heap after GC invocations=57 (full 0):
 garbage-first heap   total 174080K, used 104290K [0x00000000c0000000, 0x0000000100000000)
  region size 1024K, 4 young (4096K), 4 survivors (4096K)
 Metaspace       used 81217K, capacity 83545K, committed 83760K, reserved 1122304K
  class space    used 10787K, capacity 11577K, committed 11648K, reserved 1048576K
}
Event: 73.512 GC heap before
{Heap before GC invocations=58 (full 0):
 garbage-first heap   total 191488K, used 162658K [0x00000000c0000000, 0x0000000100000000)
  region size 1024K, 34 young (34816K), 4 survivors (4096K)
 Metaspace       used 81435K, capacity 83748K, committed 84016K, reserved 1122304K
  class space    used 10805K, capacity 11580K, committed 11648K, reserved 1048576K
}
Event: 73.596 GC heap after
{Heap after GC invocations=59 (full 0):
 garbage-first heap   total 191488K, used 133638K [0x00000000c0000000, 0x0000000100000000)
  region size 1024K, 5 young (5120K), 5 survivors (5120K)
 Metaspace       used 81435K, capacity 83748K, committed 84016K, reserved 1122304K
  class space    used 10805K, capacity 11580K, committed 11648K, reserved 1048576K
}
Event: 73.746 GC heap before
{Heap before GC invocations=59 (full 0):
 garbage-first heap   total 191488K, used 136710K [0x00000000c0000000, 0x0000000100000000)
  region size 1024K, 9 young (9216K), 5 survivors (5120K)
 Metaspace       used 81452K, capacity 83748K, committed 84016K, reserved 1122304K
  class space    used 10806K, capacity 11580K, committed 11648K, reserved 1048576K
}
Event: 73.851 GC heap after
{Heap after GC invocations=60 (full 0):
 garbage-first heap   total 191488K, used 123904K [0x00000000c0000000, 0x0000000100000000)
  region size 1024K, 2 young (2048K), 2 survivors (2048K)
 Metaspace       used 81452K, capacity 83748K, committed 84016K, reserved 1122304K
  class space    used 10806K, capacity 11580K, committed 11648K, reserved 1048576K
}
Event: 73.929 GC heap before
{Heap before GC invocations=60 (full 0):
 garbage-first heap   total 191488K, used 131072K [0x00000000c0000000, 0x0000000100000000)
  region size 1024K, 10 young (10240K), 2 survivors (2048K)
 Metaspace       used 81452K, capacity 83748K, committed 84016K, reserved 1122304K
  class space    used 10806K, capacity 11580K, committed 11648K, reserved 1048576K
}
Event: 73.978 GC heap after
{Heap after GC invocations=61 (full 0):
 garbage-first heap   total 191488K, used 128000K [0x00000000c0000000, 0x0000000100000000)
  region size 1024K, 4 young (4096K), 4 survivors (4096K)
 Metaspace       used 81452K, capacity 83748K, committed 84016K, reserved 1122304K
  class space    used 10806K, capacity 11580K, committed 11648K, reserved 1048576K
}

Deoptimization events (20 events):
Event: 73.372 Thread 0x000001cc59a23800 DEOPT PACKING pc=0x000001cc446028a7 sp=0x000000865bcfd490
Event: 73.372 Thread 0x000001cc59a23800 DEOPT UNPACKING pc=0x000001cc4295994e sp=0x000000865bcfcb30 mode 0
Event: 73.372 Thread 0x000001cc59a23800 DEOPT PACKING pc=0x000001cc446028a7 sp=0x000000865bcfd490
Event: 73.372 Thread 0x000001cc59a23800 DEOPT UNPACKING pc=0x000001cc4295994e sp=0x000000865bcfcb30 mode 0
Event: 73.376 Thread 0x000001cc59a23800 DEOPT PACKING pc=0x000001cc446028a7 sp=0x000000865bcfd490
Event: 73.376 Thread 0x000001cc59a23800 DEOPT UNPACKING pc=0x000001cc4295994e sp=0x000000865bcfcb30 mode 0
Event: 73.376 Thread 0x000001cc59a23800 DEOPT PACKING pc=0x000001cc446028a7 sp=0x000000865bcfd490
Event: 73.376 Thread 0x000001cc59a23800 DEOPT UNPACKING pc=0x000001cc4295994e sp=0x000000865bcfcb30 mode 0
Event: 73.376 Thread 0x000001cc59a23800 DEOPT PACKING pc=0x000001cc446028a7 sp=0x000000865bcfd490
Event: 73.376 Thread 0x000001cc59a23800 DEOPT UNPACKING pc=0x000001cc4295994e sp=0x000000865bcfcb30 mode 0
Event: 73.453 Thread 0x000001cc59a23800 DEOPT PACKING pc=0x000001cc43292673 sp=0x000000865bcfd110
Event: 73.453 Thread 0x000001cc59a23800 DEOPT UNPACKING pc=0x000001cc4295994e sp=0x000000865bcfc680 mode 0
Event: 73.454 Thread 0x000001cc59a23800 DEOPT PACKING pc=0x000001cc441e4ea4 sp=0x000000865bcfd110
Event: 73.454 Thread 0x000001cc59a23800 DEOPT UNPACKING pc=0x000001cc4295994e sp=0x000000865bcfc680 mode 0
Event: 73.457 Thread 0x000001cc59a23800 DEOPT PACKING pc=0x000001cc441e4ea4 sp=0x000000865bcfd110
Event: 73.457 Thread 0x000001cc59a23800 DEOPT UNPACKING pc=0x000001cc4295994e sp=0x000000865bcfc680 mode 0
Event: 73.458 Thread 0x000001cc59a23800 DEOPT PACKING pc=0x000001cc441e4ea4 sp=0x000000865bcfd110
Event: 73.458 Thread 0x000001cc59a23800 DEOPT UNPACKING pc=0x000001cc4295994e sp=0x000000865bcfc680 mode 0
Event: 73.459 Thread 0x000001cc59a23800 DEOPT PACKING pc=0x000001cc441e4ea4 sp=0x000000865bcfd110
Event: 73.459 Thread 0x000001cc59a23800 DEOPT UNPACKING pc=0x000001cc4295994e sp=0x000000865bcfc680 mode 0

Classes unloaded (2 events):
Event: 44.174 Thread 0x000001cc38cbd800 Unloading class 0x00000008013f0840 'org/gradle/api/internal/artifacts/transform/DefaultTransformerInvocationFactory$2$$Lambda$547'
Event: 60.243 Thread 0x000001cc38cbd800 Unloading class 0x0000000801434c40 'org/gradle/api/internal/tasks/compile/incremental/classpath/DefaultClasspathEntrySnapshotCache$$Lambda$627'

Classes redefined (0 events):
No events

Internal exceptions (20 events):
Event: 60.767 Thread 0x000001cc58939000 Exception <a 'sun/nio/fs/WindowsException'{0x00000000ca408460}> (0x00000000ca408460) 
thrown [t:/workspace/open/src/hotspot/share/prims/jni.cpp, line 598]
Event: 60.982 Thread 0x000001cc58939000 Exception <a 'java/lang/NoSuchMethodError'{0x00000000ca4bd520}: 'int java.lang.invoke.DirectMethodHandle$Holder.invokeStaticInit(java.lang.Object)'> (0x00000000ca4bd520) 
thrown [t:/workspace/open/src/hotspot/share/interpreter/linkResolver.cpp, line 767]
Event: 61.270 Thread 0x000001cc5833c800 Exception <a 'java/lang/NoSuchMethodError'{0x00000000ca22f878}: static Lorg/gradle/internal/build/event/types/DefaultJavaCompileTaskSuccessResult;.<clinit>()V> (0x00000000ca22f878) 
thrown [t:/workspace/open/src/hotspot/share/prims/jni.cpp, line 1347]
Event: 64.570 Thread 0x000001cc59a1f000 Exception <a 'java/lang/NoSuchMethodError'{0x00000000c91bac78}: static Lcom/android/build/gradle/internal/tasks/DexArchiveBuilderTaskDelegate$ClasspathServiceKey;.<clinit>()V> (0x00000000c91bac78) 
thrown [t:/workspace/open/src/hotspot/share/prims/jni.cpp, line 1347]
Event: 64.901 Thread 0x000001cc59a24000 Exception <a 'sun/nio/fs/WindowsException'{0x00000000c8bd22b0}> (0x00000000c8bd22b0) 
thrown [t:/workspace/open/src/hotspot/share/prims/jni.cpp, line 598]
Event: 65.856 Thread 0x000001cc59a24000 Exception <a 'java/lang/NoSuchMethodError'{0x00000000ca9ebf88}: 'java.lang.Object java.lang.invoke.DirectMethodHandle$Holder.invokeStatic(java.lang.Object, java.lang.Object, java.lang.Object, java.lang.Object, java.lang.Object, java.lang.Object, java.lang.Object, java.lang.Object, java.lang.Object, java.lang.Object, java.lang.Object, java.lang.Object, java.lang.Object, java.lang.Object, java.lang.Object, java.lang.Object, java.lang.Object, int, java.lang.Object)'> (0x00000000ca9ebf88) 
thrown [t:/workspace
Event: 65.856 Thread 0x000001cc59a24000 Exception <a 'java/lang/NoSuchMethodError'{0x00000000ca9f09a0}: 'java.lang.Object java.lang.invoke.DirectMethodHandle$Holder.invokeStaticInit(java.lang.Object, java.lang.Object, java.lang.Object, java.lang.Object, java.lang.Object, java.lang.Object, java.lang.Object, java.lang.Object, java.lang.Object, java.lang.Object, java.lang.Object, java.lang.Object, java.lang.Object, java.lang.Object, java.lang.Object, java.lang.Object, java.lang.Object, int, java.lang.Object)'> (0x00000000ca9f09a0) 
thrown [t:/works
Event: 66.327 Thread 0x000001cc59a24000 Exception <a 'java/lang/NoSuchMethodError'{0x00000000ca3e3ca8}: 'long java.lang.invoke.DirectMethodHandle$Holder.invokeStatic(java.lang.Object, java.lang.Object)'> (0x00000000ca3e3ca8) 
thrown [t:/workspace/open/src/hotspot/share/interpreter/linkResolver.cpp, line 767]
Event: 66.330 Thread 0x000001cc59a24000 Exception <a 'java/lang/NoSuchMethodError'{0x00000000ca3f10f0}: 'void java.lang.invoke.DirectMethodHandle$Holder.invokeSpecial(java.lang.Object, java.lang.Object, int, java.lang.Object)'> (0x00000000ca3f10f0) 
thrown [t:/workspace/open/src/hotspot/share/interpreter/linkResolver.cpp, line 767]
Event: 66.457 Thread 0x000001cc59a24000 Exception <a 'java/lang/NoSuchMethodError'{0x00000000ca0b3830}: 'java.lang.Object java.lang.invoke.DirectMethodHandle$Holder.invokeVirtual(java.lang.Object, java.lang.Object, int, java.lang.Object)'> (0x00000000ca0b3830) 
thrown [t:/workspace/open/src/hotspot/share/interpreter/linkResolver.cpp, line 767]
Event: 66.522 Thread 0x000001cc59a24000 Exception <a 'java/lang/NoSuchMethodError'{0x00000000c9fad190}: 'void java.lang.invoke.DirectMethodHandle$Holder.invokeVirtual(java.lang.Object, java.lang.Object, int, java.lang.Object)'> (0x00000000c9fad190) 
thrown [t:/workspace/open/src/hotspot/share/interpreter/linkResolver.cpp, line 767]
Event: 66.737 Thread 0x000001cc59a24000 Exception <a 'java/lang/NoSuchMethodError'{0x00000000c9daf398}: 'java.lang.Object java.lang.invoke.DirectMethodHandle$Holder.newInvokeSpecial(java.lang.Object, int)'> (0x00000000c9daf398) 
thrown [t:/workspace/open/src/hotspot/share/interpreter/linkResolver.cpp, line 767]
Event: 67.458 Thread 0x000001cc59a24000 Exception <a 'java/lang/NoSuchMethodError'{0x00000000c9684ce0}: 'void java.lang.invoke.DirectMethodHandle$Holder.invokeVirtual(java.lang.Object, java.lang.Object, int)'> (0x00000000c9684ce0) 
thrown [t:/workspace/open/src/hotspot/share/interpreter/linkResolver.cpp, line 767]
Event: 67.528 Thread 0x000001cc59a24000 Exception <a 'sun/nio/fs/WindowsException'{0x00000000c96f32f0}> (0x00000000c96f32f0) 
thrown [t:/workspace/open/src/hotspot/share/prims/jni.cpp, line 598]
Event: 67.552 Thread 0x000001cc59a24000 Exception <a 'sun/nio/fs/WindowsException'{0x00000000c950c430}> (0x00000000c950c430) 
thrown [t:/workspace/open/src/hotspot/share/prims/jni.cpp, line 598]
Event: 67.556 Thread 0x000001cc59a24000 Exception <a 'sun/nio/fs/WindowsException'{0x00000000c9512418}> (0x00000000c9512418) 
thrown [t:/workspace/open/src/hotspot/share/prims/jni.cpp, line 598]
Event: 67.568 Thread 0x000001cc59a24000 Exception <a 'sun/nio/fs/WindowsException'{0x00000000c95d9e78}> (0x00000000c95d9e78) 
thrown [t:/workspace/open/src/hotspot/share/prims/jni.cpp, line 598]
Event: 68.998 Thread 0x000001cc58939000 Exception <a 'java/lang/NoSuchMethodError'{0x00000000c9f202f8}: static Lcom/android/build/gradle/internal/tasks/Workers$ActionParameters;.<clinit>()V> (0x00000000c9f202f8) 
thrown [t:/workspace/open/src/hotspot/share/prims/jni.cpp, line 1347]
Event: 69.003 Thread 0x000001cc58939000 Exception <a 'java/lang/NoSuchMethodError'{0x00000000c9f37950}: static Lcom/android/build/gradle/internal/tasks/DexMergingParams;.<clinit>()V> (0x00000000c9f37950) 
thrown [t:/workspace/open/src/hotspot/share/prims/jni.cpp, line 1347]
Event: 72.770 Thread 0x000001cc59a23800 Exception <a 'sun/nio/fs/WindowsException'{0x00000000ca92d948}> (0x00000000ca92d948) 
thrown [t:/workspace/open/src/hotspot/share/prims/jni.cpp, line 598]

Events (20 events):
Event: 72.917 loading class com/android/tools/r8/dex/d done
Event: 72.920 loading class com/android/tools/r8/dex/n
Event: 72.920 loading class com/android/tools/r8/dex/n done
Event: 72.920 loading class com/android/tools/r8/graph/g0
Event: 72.920 loading class com/android/tools/r8/graph/g0 done
Event: 72.920 loading class com/android/tools/r8/graph/g0
Event: 72.920 loading class com/android/tools/r8/graph/g0 done
Event: 72.962 Executing VM operation: G1Concurrent
Event: 72.963 Executing VM operation: G1Concurrent done
Event: 73.511 Executing VM operation: G1CollectForAllocation
Event: 73.612 Executing VM operation: G1CollectForAllocation done
Event: 73.621 loading class java/util/concurrent/ConcurrentHashMap$TreeNode
Event: 73.665 loading class java/util/concurrent/ConcurrentHashMap$TreeNode done
Event: 73.666 loading class java/util/concurrent/ConcurrentHashMap$TreeBin
Event: 73.677 loading class java/util/concurrent/ConcurrentHashMap$TreeBin done
Event: 73.746 Executing VM operation: G1CollectForAllocation
Event: 73.858 Executing VM operation: G1CollectForAllocation done
Event: 73.928 Executing VM operation: G1CollectForAllocation
Event: 74.015 Executing VM operation: G1CollectForAllocation done
Event: 74.336 Executing VM operation: G1Concurrent


Dynamic libraries:
0x00007ff75f3e0000 - 0x00007ff75f3ef000 	C:\Program Files\Java\jdk-13.0.2\bin\java.exe
0x00007ff845a20000 - 0x00007ff845c0d000 	C:\Windows\SYSTEM32\ntdll.dll
0x00007ff8452c0000 - 0x00007ff845373000 	C:\Windows\System32\KERNEL32.DLL
0x00007ff841ae0000 - 0x00007ff841d75000 	C:\Windows\System32\KERNELBASE.dll
0x00007ff8420b0000 - 0x00007ff8421aa000 	C:\Windows\System32\ucrtbase.dll
0x00007ff838820000 - 0x00007ff838835000 	C:\Program Files\Java\jdk-13.0.2\bin\VCRUNTIME140.dll
0x00007ff8395b0000 - 0x00007ff8395c8000 	C:\Program Files\Java\jdk-13.0.2\bin\jli.dll
0x00007ff842f70000 - 0x00007ff843013000 	C:\Windows\System32\ADVAPI32.dll
0x00007ff845740000 - 0x00007ff8457de000 	C:\Windows\System32\msvcrt.dll
0x00007ff844eb0000 - 0x00007ff844f4e000 	C:\Windows\System32\sechost.dll
0x00007ff844d70000 - 0x00007ff844e92000 	C:\Windows\System32\RPCRT4.dll
0x00007ff843620000 - 0x00007ff8437b7000 	C:\Windows\System32\USER32.dll
0x00007ff842330000 - 0x00007ff842350000 	C:\Windows\System32\win32u.dll
0x00007ff8456a0000 - 0x00007ff8456c9000 	C:\Windows\System32\GDI32.dll
0x00007ff842aa0000 - 0x00007ff842c39000 	C:\Windows\System32\gdi32full.dll
0x00007ff841d80000 - 0x00007ff841e20000 	C:\Windows\System32\msvcp_win.dll
0x00007ff8305b0000 - 0x00007ff830829000 	C:\Windows\WinSxS\amd64_microsoft.windows.common-controls_6595b64144ccf1df_6.0.17763.1217_none_de6e4304534e0ad3\COMCTL32.dll
0x00007ff842c40000 - 0x00007ff842f6c000 	C:\Windows\System32\combase.dll
0x00007ff8421e0000 - 0x00007ff84225e000 	C:\Windows\System32\bcryptPrimitives.dll
0x00007ff83d520000 - 0x00007ff83d52a000 	C:\Windows\SYSTEM32\VERSION.dll
0x00007ff845610000 - 0x00007ff84563e000 	C:\Windows\System32\IMM32.DLL
0x00007ff82b5d0000 - 0x00007ff82b66b000 	C:\Program Files\Java\jdk-13.0.2\bin\msvcp140.dll
0x00007ff818b20000 - 0x00007ff81967d000 	C:\Program Files\Java\jdk-13.0.2\bin\server\jvm.dll
0x00007ff843610000 - 0x00007ff843618000 	C:\Windows\System32\PSAPI.DLL
0x00007ff83fa10000 - 0x00007ff83fa34000 	C:\Windows\SYSTEM32\WINMM.dll
0x00007ff83fb90000 - 0x00007ff83fb99000 	C:\Windows\SYSTEM32\WSOCK32.dll
0x00007ff844f50000 - 0x00007ff844fbd000 	C:\Windows\System32\WS2_32.dll
0x00007ff83f9e0000 - 0x00007ff83fa0d000 	C:\Windows\SYSTEM32\WINMMBASE.dll
0x00007ff841e20000 - 0x00007ff841e6a000 	C:\Windows\System32\cfgmgr32.dll
0x00007ff841a70000 - 0x00007ff841a81000 	C:\Windows\System32\kernel.appcore.dll
0x00007ff83a840000 - 0x00007ff83a850000 	C:\Program Files\Java\jdk-13.0.2\bin\verify.dll
0x00007ff831500000 - 0x00007ff8316ed000 	C:\Windows\SYSTEM32\DBGHELP.DLL
0x00007ff8313f0000 - 0x00007ff83141a000 	C:\Windows\SYSTEM32\dbgcore.DLL
0x00007ff8387f0000 - 0x00007ff838816000 	C:\Program Files\Java\jdk-13.0.2\bin\java.dll
0x00007ff837950000 - 0x00007ff837967000 	C:\Program Files\Java\jdk-13.0.2\bin\zip.dll
0x00007ff8369d0000 - 0x00007ff8369da000 	C:\Program Files\Java\jdk-13.0.2\bin\jimage.dll
0x00007ff8437c0000 - 0x00007ff844cb4000 	C:\Windows\System32\SHELL32.dll
0x00007ff844cc0000 - 0x00007ff844d68000 	C:\Windows\System32\shcore.dll
0x00007ff842350000 - 0x00007ff842a9e000 	C:\Windows\System32\windows.storage.dll
0x00007ff841a90000 - 0x00007ff841ab4000 	C:\Windows\System32\profapi.dll
0x00007ff841a10000 - 0x00007ff841a6d000 	C:\Windows\System32\powrprof.dll
0x00007ff845640000 - 0x00007ff845692000 	C:\Windows\System32\shlwapi.dll
0x00007ff842310000 - 0x00007ff842327000 	C:\Windows\System32\cryptsp.dll
0x00007ff8369b0000 - 0x00007ff8369c9000 	C:\Program Files\Java\jdk-13.0.2\bin\net.dll
0x00007ff8394b0000 - 0x00007ff8395a2000 	C:\Windows\SYSTEM32\WINHTTP.dll
0x00007ff8411d0000 - 0x00007ff841237000 	C:\Windows\system32\mswsock.dll
0x00007ff82df20000 - 0x00007ff82df33000 	C:\Program Files\Java\jdk-13.0.2\bin\nio.dll
0x00007ff837970000 - 0x00007ff837996000 	C:\Users\ELCOT\.gradle\caches\gradle-6.5\native\31\windows-amd64\native-platform.dll
0x00007ff8369a0000 - 0x00007ff8369a9000 	C:\Program Files\Java\jdk-13.0.2\bin\management.dll
0x00007ff831320000 - 0x00007ff83132b000 	C:\Program Files\Java\jdk-13.0.2\bin\management_ext.dll
0x00007ff840d60000 - 0x00007ff840d93000 	C:\Windows\system32\rsaenh.dll
0x00007ff8421b0000 - 0x00007ff8421d6000 	C:\Windows\System32\bcrypt.dll
0x00007ff841940000 - 0x00007ff841968000 	C:\Windows\SYSTEM32\USERENV.dll
0x00007ff841350000 - 0x00007ff84135c000 	C:\Windows\SYSTEM32\CRYPTBASE.dll
0x00007ff840f00000 - 0x00007ff840f3d000 	C:\Windows\SYSTEM32\IPHLPAPI.DLL
0x00007ff8456d0000 - 0x00007ff8456d8000 	C:\Windows\System32\NSI.dll
0x00007ff839490000 - 0x00007ff8394a6000 	C:\Windows\SYSTEM32\dhcpcsvc6.DLL
0x00007ff839470000 - 0x00007ff83948c000 	C:\Windows\SYSTEM32\dhcpcsvc.DLL
0x00007ff840f40000 - 0x00007ff841007000 	C:\Windows\SYSTEM32\DNSAPI.dll

dbghelp: loaded successfully - version: 4.0.5 - missing functions: none
symbol engine: initialized successfully - sym options: 0x614 - pdb path: .;C:\Program Files\Java\jdk-13.0.2\bin;C:\Windows\SYSTEM32;C:\Windows\WinSxS\amd64_microsoft.windows.common-controls_6595b64144ccf1df_6.0.17763.1217_none_de6e4304534e0ad3;C:\Program Files\Java\jdk-13.0.2\bin\server;C:\Users\ELCOT\.gradle\caches\gradle-6.5\native\31\windows-amd64

VM Arguments:
jvm_args: --add-opens=java.base/java.util=ALL-UNNAMED --add-opens=java.base/java.lang=ALL-UNNAMED --add-opens=java.base/java.lang.invoke=ALL-UNNAMED --add-opens=java.prefs/java.util.prefs=ALL-UNNAMED -Xmx1024m -Dfile.encoding=windows-1252 -Duser.country=IN -Duser.language=en -Duser.variant 
java_command: org.gradle.launcher.daemon.bootstrap.GradleDaemon 6.1.1
java_class_path (initial): C:\Users\ELCOT\.gradle\caches\gradle-6.5\wrapper\dists\gradle-6.1.1-all\cfmwm155h49vnt3hynmlrsdst\gradle-6.1.1\lib\gradle-launcher-6.1.1.jar
Launcher Type: SUN_STANDARD

[Global flags]
     intx CICompilerCount                          = 2                                         {product} {ergonomic}
     uint ConcGCThreads                            = 1                                         {product} {ergonomic}
     uint G1ConcRefinementThreads                  = 2                                         {product} {ergonomic}
   size_t G1HeapRegionSize                         = 1048576                                   {product} {ergonomic}
    uintx GCDrainStackTargetSize                   = 64                                        {product} {ergonomic}
   size_t InitialHeapSize                          = 65011712                                  {product} {ergonomic}
   size_t MarkStackSize                            = 4194304                                   {product} {ergonomic}
   size_t MaxHeapSize                              = 1073741824                                {product} {command line}
   size_t MaxNewSize                               = 643825664                                 {product} {ergonomic}
   size_t MinHeapDeltaBytes                        = 1048576                                   {product} {ergonomic}
   size_t MinHeapSize                              = 8388608                                   {product} {ergonomic}
    uintx NonNMethodCodeHeapSize                   = 5826188                                {pd product} {ergonomic}
    uintx NonProfiledCodeHeapSize                  = 122916026                              {pd product} {ergonomic}
    uintx ProfiledCodeHeapSize                     = 122916026                              {pd product} {ergonomic}
    uintx ReservedCodeCacheSize                    = 251658240                              {pd product} {ergonomic}
     bool SegmentedCodeCache                       = true                                      {product} {ergonomic}
   size_t SoftMaxHeapSize                          = 1073741824                             {manageable} {ergonomic}
     bool UseCompressedClassPointers               = true                                 {lp64_product} {ergonomic}
     bool UseCompressedOops                        = true                                 {lp64_product} {ergonomic}
     bool UseG1GC                                  = true                                      {product} {ergonomic}
     bool UseLargePagesIndividualAllocation        = false                                  {pd product} {ergonomic}

Logging:
Log output configuration:
 #0: stdout all=warning uptime,level,tags
 #1: stderr all=off uptime,level,tags

Environment Variables:
JAVA_HOME=C:\Program Files\Android\Android Studio\jre
PATH=C:\Program Files\AdoptOpenJDK\jdk-11.0.7.10-hotspot\bin;C:\Program Files (x86)\Common Files\Oracle\Java\javapath;C:\MinGW\bin;C:\Windows\system32;C:\Windows;C:\Windows\System32\Wbem;C:\Windows\System32\WindowsPowerShell\v1.0\;C:\Windows\System32\OpenSSH\;C:\Program Files\nodejs\;C:\Users\ELCOT\Downloads\python-3.8.2;C:\Program Files\Dart\dart-sdk\bin;C:\drivers\chromedriver_win32.zip;C:\src\flutter\flutter_windows_v1.12.13+hotfix.9-stable\flutter\bin;C:\Program Files (x86)\Android\android-sdk\platforms\platform-tools;C:\Program Files (x86)\Android\android-sdk\platform-tools\api;C:\Downloads\installer_r16-windows.exe;C:\ProgramData\Microsoft\Windows\Start Menu\Programs\Android SDK Tools;D:\kishoreAndroid\Android\Android Studio\bin;D:\kishoreAndroid\Android\Android Studio;C:\ProgramData\Microsoft\Windows\Start Menu\Programs\Visual Studio Emulator for Android.lnk;C:\Downloads\vs_emulatorsetup.exe;C:\Program Files (x86)\Android\android-sdk\SDK Manager;D:\Kishore\platforms;C:\Users\ELCOT\AppData\Local\Programs\Python\Python38\Scripts\;C:\Users\;C:\Program Files\Android\Android Studio\jre;C:\Program Files\Java\jdk-13.0.2\bin;C:\Program Files\Java\jre1.8.0_251\bin;C:\Program Files (x86)\Android\platform-tools;C:\Downloads\python-3.8.2.exe;C:\Program Files\dotnet\;C:\Program Files\Microsoft SQL Server\130\Tools\Binn\;C:\Program Files\Microsoft SQL Server\Client SDK\ODBC\170\Tools\Binn\;D:\Git\cmd;C:\Users\ELCOT\AppData\Roaming\npm;C:\Users\ELCOT\AppData\Local\Programs\Python\Python39\Scripts\;C:\Users\ELCOT\AppData\Local\Programs\Python\Python39\;C:\Users\ELCOT\AppData\Local\ValidatorBuddy;C:\Users\ELCOT\AppData\Local\Programs\Python\Python38;C:\src\flutter\bin;D:\Heroku\bin;D:\Microsoft VS Code\bin;C:\Users\ELCOT\AppData\Roaming\npm\node_modules\firebase\node_modules\protobufjs\bin;
USERNAME=ELCOT
OS=Windows_NT
PROCESSOR_IDENTIFIER=AMD64 Family 21 Model 112 Stepping 0, AuthenticAMD



---------------  S Y S T E M  ---------------

OS: Windows 10 , 64 bit Build 17763 (10.0.17763.1158)
HyperV virtualization detected

CPU:total 2 (initial active 2) (2 cores per cpu, 1 threads per core) family 21 model 112 stepping 0, cmov, cx8, fxsr, mmx, sse, sse2, sse3, ssse3, sse4.1, sse4.2, popcnt, avx, avx2, aes, clmul, mmxext, 3dnowpref, lzcnt, sse4a, tsc, tscinvbit, tscinv, bmi1, bmi2, fma

Memory: 4k page, system-wide physical 3935M (380M free)
TotalPageFile size 5322M (AvailPageFile size 12M)
current process WorkingSet (physical memory assigned to process): 425M, peak: 425M
current process commit charge ("private bytes"): 450M, peak: 477M

vm_info: Java HotSpot(TM) 64-Bit Server VM (13.0.2+8) for windows-amd64 JRE (13.0.2+8), built on Dec 11 2019 09:20:33 by "mach5one" with unknown MS VC++:1916

END.
