#
# There is insufficient memory for the Java Runtime Environment to continue.
# Native memory allocation (mmap) failed to map 80740352 bytes for Failed to commit area from 0x000000008ed00000 to 0x0000000093a00000 of length 80740352.
# Possible reasons:
#   The system is out of physical RAM or swap space
#   The process is running with CompressedOops enabled, and the Java Heap may be blocking the growth of the native heap
# Possible solutions:
#   Reduce memory load on the system
#   Increase physical memory or swap space
#   Check if swap backing store is full
#   Decrease Java heap size (-Xmx/-Xms)
#   Decrease number of Java threads
#   Decrease Java thread stack sizes (-Xss)
#   Set larger code cache with -XX:ReservedCodeCacheSize=
#   JVM is running with Unscaled Compressed Oops mode in which the Java heap is
#     placed in the first 4GB address space. The Java Heap base address is the
#     maximum limit for the native heap growth. Please use -XX:HeapBaseMinAddress
#     to set the Java Heap base and to place the Java Heap above 4GB virtual address.
# This output file may be truncated or incomplete.
#
#  Out of Memory Error (t:/workspace/open/src/hotspot/os/windows/os_windows.cpp:3301), pid=10636, tid=7860
#
# JRE version: Java(TM) SE Runtime Environment (13.0.2+8) (build 13.0.2+8)
# Java VM: Java HotSpot(TM) 64-Bit Server VM (13.0.2+8, mixed mode, sharing, tiered, compressed oops, g1 gc, windows-amd64)
# No core dump will be written. Minidumps are not enabled by default on client versions of Windows
#

---------------  S U M M A R Y ------------

Command Line: --add-opens=java.base/java.util=ALL-UNNAMED --add-opens=java.base/java.lang=ALL-UNNAMED --add-opens=java.base/java.lang.invoke=ALL-UNNAMED --add-opens=java.prefs/java.util.prefs=ALL-UNNAMED -Xmx2048m -Dfile.encoding=windows-1252 -Duser.country=IN -Duser.language=en -Duser.variant org.gradle.launcher.daemon.bootstrap.GradleDaemon 6.1.1

Host: AMD PRO A4-4350B R4, 5 COMPUTE CORES 2C+3G     , 2 cores, 3G,  Windows 10 , 64 bit Build 17763 (10.0.17763.1158)
Time: Sat Sep 12 02:19:06 2020 Pacific Daylight Time elapsed time: 78 seconds (0d 0h 1m 18s)

---------------  T H R E A D  ---------------

Current thread (0x0000018cffdc2000):  VMThread "VM Thread" [stack: 0x0000000e87e00000,0x0000000e87f00000] [id=7860]

Stack: [0x0000000e87e00000,0x0000000e87f00000]
[error occurred during error reporting (printing stack bounds), id 0xc0000005, EXCEPTION_ACCESS_VIOLATION (0xc0000005) at pc=0x0000018c800010ad]

Native frames: (J=compiled Java code, j=interpreted, Vv=VM code, C=native code)
V  [jvm.dll+0x624f9a]
V  [jvm.dll+0x770cfa]
V  [jvm.dll+0x7724af]
V  [jvm.dll+0x772a15]
V  [jvm.dll+0x7729cb]
V  [jvm.dll+0x6244df]
C  [ntdll.dll+0x66b26]
C  [ntdll.dll+0x4849]
C  [ntdll.dll+0xa350e]
C  0x0000018c800010ad

VM_Operation (0x0000000e877fe7b0): G1CollectForAllocation, mode: safepoint, requested by thread 0x0000018c98f48800


---------------  P R O C E S S  ---------------

Threads class SMR info:
_java_thread_list=0x0000018c9888c610, length=38, elements={
0x0000018cf7760800, 0x0000018cffdc5000, 0x0000018cffdc8000, 0x0000018cffde1000,
0x0000018cffde3800, 0x0000018cffde6800, 0x0000018cffdf1800, 0x0000018cffdf7000,
0x0000018c964c6800, 0x0000018c964e5000, 0x0000018c97033800, 0x0000018c9783f800,
0x0000018c97d6d800, 0x0000018c97465000, 0x0000018c97765000, 0x0000018c96f30000,
0x0000018c9700e800, 0x0000018c96cc5800, 0x0000018c968a3000, 0x0000018c96d37800,
0x0000018c96d3a000, 0x0000018c96d38800, 0x0000018c96d39000, 0x0000018c96d35000,
0x0000018c96d36800, 0x0000018c96d3b000, 0x0000018c96d3b800, 0x0000018c98f47000,
0x0000018c98f4a000, 0x0000018c98f45800, 0x0000018c98f4c000, 0x0000018c98f4b000,
0x0000018c98f46000, 0x0000018c98f4c800, 0x0000018c98f4d800, 0x0000018c98f4e800,
0x0000018c98f48800, 0x0000018c98f52800
}

Java Threads: ( => current thread )
  0x0000018cf7760800 JavaThread "main" [_thread_blocked, id=8876, stack(0x0000000e87800000,0x0000000e87900000)]
  0x0000018cffdc5000 JavaThread "Reference Handler" daemon [_thread_blocked, id=3224, stack(0x0000000e87f00000,0x0000000e88000000)]
  0x0000018cffdc8000 JavaThread "Finalizer" daemon [_thread_blocked, id=7728, stack(0x0000000e88000000,0x0000000e88100000)]
  0x0000018cffde1000 JavaThread "Signal Dispatcher" daemon [_thread_blocked, id=10680, stack(0x0000000e88100000,0x0000000e88200000)]
  0x0000018cffde3800 JavaThread "Attach Listener" daemon [_thread_blocked, id=6572, stack(0x0000000e88200000,0x0000000e88300000)]
  0x0000018cffde6800 JavaThread "C2 CompilerThread0" daemon [_thread_in_native, id=4460, stack(0x0000000e88300000,0x0000000e88400000)]
  0x0000018cffdf1800 JavaThread "C1 CompilerThread0" daemon [_thread_blocked, id=9788, stack(0x0000000e88400000,0x0000000e88500000)]
  0x0000018cffdf7000 JavaThread "Sweeper thread" daemon [_thread_blocked, id=9280, stack(0x0000000e88500000,0x0000000e88600000)]
  0x0000018c964c6800 JavaThread "Common-Cleaner" daemon [_thread_blocked, id=896, stack(0x0000000e88600000,0x0000000e88700000)]
  0x0000018c964e5000 JavaThread "Service Thread" daemon [_thread_blocked, id=480, stack(0x0000000e88700000,0x0000000e88800000)]
  0x0000018c97033800 JavaThread "Daemon health stats" [_thread_blocked, id=9004, stack(0x0000000e88b00000,0x0000000e88c00000)]
  0x0000018c9783f800 JavaThread "Incoming local TCP Connector on port 57908" [_thread_in_native, id=9056, stack(0x0000000e88c00000,0x0000000e88d00000)]
  0x0000018c97d6d800 JavaThread "Daemon periodic checks" [_thread_blocked, id=6044, stack(0x0000000e88d00000,0x0000000e88e00000)]
  0x0000018c97465000 JavaThread "Daemon" [_thread_blocked, id=7372, stack(0x0000000e88e00000,0x0000000e88f00000)]
  0x0000018c97765000 JavaThread "Handler for socket connection from /127.0.0.1:57908 to /127.0.0.1:57909" [_thread_in_native, id=7740, stack(0x0000000e88f00000,0x0000000e89000000)]
  0x0000018c96f30000 JavaThread "Cancel handler" [_thread_blocked, id=5912, stack(0x0000000e89000000,0x0000000e89100000)]
  0x0000018c9700e800 JavaThread "Daemon worker" [_thread_blocked, id=6104, stack(0x0000000e89100000,0x0000000e89200000)]
  0x0000018c96cc5800 JavaThread "Asynchronous log dispatcher for DefaultDaemonConnection: socket connection from /127.0.0.1:57908 to /127.0.0.1:57909" [_thread_blocked, id=2468, stack(0x0000000e89200000,0x0000000e89300000)]
  0x0000018c968a3000 JavaThread "Thread-8" [_thread_blocked, id=9088, stack(0x0000000e89400000,0x0000000e89500000)]
  0x0000018c96d37800 JavaThread "Cache worker for journal cache (C:\Users\ELCOT\.gradle\caches\gradle-6.5\caches\journal-1)" [_thread_blocked, id=8632, stack(0x0000000e89500000,0x0000000e89600000)]
  0x0000018c96d3a000 JavaThread "File lock request listener" [_thread_in_native, id=4992, stack(0x0000000e89600000,0x0000000e89700000)]
  0x0000018c96d38800 JavaThread "Cache worker for file hash cache (C:\Users\ELCOT\.gradle\caches\gradle-6.5\caches\6.1.1\fileHashes)" [_thread_blocked, id=4108, stack(0x0000000e89700000,0x0000000e89800000)]
  0x0000018c96d39000 JavaThread "Cache worker for checksums cache (D:\AndroidStudioProjects\DoChat\.gradle\checksums)" [_thread_blocked, id=9100, stack(0x0000000e89800000,0x0000000e89900000)]
  0x0000018c96d35000 JavaThread "Cache worker for file hash cache (D:\AndroidStudioProjects\DoChat\.gradle\6.1.1\fileHashes)" [_thread_blocked, id=3880, stack(0x0000000e89900000,0x0000000e89a00000)]
  0x0000018c96d36800 JavaThread "Cache worker for cache directory md-supplier (C:\Users\ELCOT\.gradle\caches\gradle-6.5\caches\6.1.1\md-supplier)" [_thread_blocked, id=1796, stack(0x0000000e89a00000,0x0000000e89b00000)]
  0x0000018c96d3b000 JavaThread "Cache worker for cache directory md-rule (C:\Users\ELCOT\.gradle\caches\gradle-6.5\caches\6.1.1\md-rule)" [_thread_blocked, id=9108, stack(0x0000000e89b00000,0x0000000e89c00000)]
  0x0000018c96d3b800 JavaThread "Cache worker for execution history cache (C:\Users\ELCOT\.gradle\caches\gradle-6.5\caches\6.1.1\executionHistory)" [_thread_blocked, id=3656, stack(0x0000000e89c00000,0x0000000e89d00000)]
  0x0000018c98f47000 JavaThread "Build operations" [_thread_blocked, id=5624, stack(0x0000000e89d00000,0x0000000e89e00000)]
  0x0000018c98f4a000 JavaThread "Build operations Thread 2" [_thread_blocked, id=6780, stack(0x0000000e89e00000,0x0000000e89f00000)]
  0x0000018c98f45800 JavaThread "Cache worker for Build Output Cleanup Cache (D:\AndroidStudioProjects\DoChat\.gradle\buildOutputCleanup)" [_thread_blocked, id=7212, stack(0x0000000e89f00000,0x0000000e8a000000)]
  0x0000018c98f4c000 JavaThread "Memory manager" [_thread_blocked, id=5200, stack(0x0000000e8a200000,0x0000000e8a300000)]
  0x0000018c98f4b000 JavaThread "Cache worker for file content cache (C:\Users\ELCOT\.gradle\caches\gradle-6.5\caches\6.1.1\fileContent)" [_thread_blocked, id=5972, stack(0x0000000e8a300000,0x0000000e8a400000)]
  0x0000018c98f46000 JavaThread "Cache worker for file content cache (D:\AndroidStudioProjects\DoChat\.gradle\6.1.1\fileContent)" [_thread_blocked, id=6300, stack(0x0000000e8a400000,0x0000000e8a500000)]
  0x0000018c98f4c800 JavaThread "Execution worker for ':'" [_thread_blocked, id=7524, stack(0x0000000e8a500000,0x0000000e8a600000)]
  0x0000018c98f4d800 JavaThread "Cache worker for execution history cache (D:\AndroidStudioProjects\DoChat\.gradle\6.1.1\executionHistory)" [_thread_blocked, id=10656, stack(0x0000000e8a600000,0x0000000e8a700000)]
  0x0000018c98f4e800 JavaThread "WorkerExecutor Queue" [_thread_blocked, id=4608, stack(0x0000000e87600000,0x0000000e87700000)]
  0x0000018c98f48800 JavaThread "ForkJoinPool-1-worker-3" daemon [_thread_blocked, id=10948, stack(0x0000000e87700000,0x0000000e87800000)]
  0x0000018c98f52800 JavaThread "ForkJoinPool-1-worker-1" daemon [_thread_blocked, id=5108, stack(0x0000000e89300000,0x0000000e89400000)]

Other Threads:
=>0x0000018cffdc2000 VMThread "VM Thread" [stack: 0x0000000e87e00000,0x0000000e87f00000] [id=7860]
  0x0000018c964ea000 WatcherThread [stack: 0x0000000e88800000,0x0000000e88900000] [id=7836]
  0x0000018cf77a1000 GCTaskThread "GC Thread#0" [stack: 0x0000000e87900000,0x0000000e87a00000] [id=10000]
  0x0000018c96529000 GCTaskThread "GC Thread#1" [stack: 0x0000000e88900000,0x0000000e88a00000] [id=8980]
  0x0000018cf77b3000 ConcurrentGCThread "G1 Main Marker" [stack: 0x0000000e87a00000,0x0000000e87b00000] [id=1156]
  0x0000018cf77b6000 ConcurrentGCThread "G1 Conc#0" [stack: 0x0000000e87b00000,0x0000000e87c00000] [id=11104]
  0x0000018cf7809800 ConcurrentGCThread "G1 Refine#0" [stack: 0x0000000e87c00000,0x0000000e87d00000] [id=2568]
  0x0000018c96645000 ConcurrentGCThread "G1 Refine#1" [stack: 0x0000000e88a00000,0x0000000e88b00000] [id=7068]
  0x0000018cf780b000 ConcurrentGCThread "G1 Young RemSet Sampling" [stack: 0x0000000e87d00000,0x0000000e87e00000] [id=5228]

Threads with active compile tasks:
C2 CompilerThread0    78824 9635       4       com.android.tools.r8.dex.n::e (704 bytes)

VM state:at safepoint (normal execution)

VM Mutex/Monitor currently owned by a thread:  ([mutex/lock_event])
[0x0000018cf775cb60] Threads_lock - owner thread: 0x0000018cffdc2000
[0x0000018cf775b960] Heap_lock - owner thread: 0x0000018c98f48800

Heap address: 0x0000000080000000, size: 2048 MB, Compressed Oops mode: 32-bit
Narrow klass base: 0x0000000800000000, Narrow klass shift: 3
Compressed class space size: 1073741824 Address: 0x0000000800b40000

Heap:
 garbage-first heap   total 321536K, used 153856K [0x0000000080000000, 0x0000000100000000)
  region size 1024K, 3 young (3072K), 3 survivors (3072K)
 Metaspace       used 68293K, capacity 70157K, committed 70320K, reserved 1110016K
  class space    used 9251K, capacity 9880K, committed 9984K, reserved 1048576K
Heap Regions: E=young(eden), S=young(survivor), O=old, HS=humongous(starts), HC=humongous(continues), CS=collection set, F=free, A=archive, TAMS=top-at-mark-start (previous, next)
|   0|0x0000000080000000, 0x0000000080100000, 0x0000000080100000|100%|HS|  |TAMS 0x0000000080100000, 0x0000000080000000| Complete 
|   1|0x0000000080100000, 0x0000000080200000, 0x0000000080200000|100%|HC|  |TAMS 0x0000000080200000, 0x0000000080100000| Complete 
|   2|0x0000000080200000, 0x0000000080300000, 0x0000000080300000|100%|HC|  |TAMS 0x0000000080300000, 0x0000000080200000| Complete 
|   3|0x0000000080300000, 0x0000000080400000, 0x0000000080400000|100%| O|  |TAMS 0x0000000080400000, 0x0000000080300000| Untracked 
|   4|0x0000000080400000, 0x0000000080500000, 0x0000000080500000|100%| O|  |TAMS 0x0000000080500000, 0x0000000080400000| Untracked 
|   5|0x0000000080500000, 0x0000000080600000, 0x0000000080600000|100%| O|  |TAMS 0x0000000080600000, 0x0000000080500000| Untracked 
|   6|0x0000000080600000, 0x0000000080700000, 0x0000000080700000|100%| O|  |TAMS 0x0000000080700000, 0x0000000080600000| Untracked 
|   7|0x0000000080700000, 0x0000000080800000, 0x0000000080800000|100%| O|  |TAMS 0x0000000080800000, 0x0000000080700000| Untracked 
|   8|0x0000000080800000, 0x0000000080900000, 0x0000000080900000|100%| O|  |TAMS 0x0000000080900000, 0x0000000080800000| Untracked 
|   9|0x0000000080900000, 0x0000000080a00000, 0x0000000080a00000|100%| O|  |TAMS 0x0000000080a00000, 0x0000000080900000| Untracked 
|  10|0x0000000080a00000, 0x0000000080b00000, 0x0000000080b00000|100%| O|  |TAMS 0x0000000080b00000, 0x0000000080a00000| Untracked 
|  11|0x0000000080b00000, 0x0000000080c00000, 0x0000000080c00000|100%| O|  |TAMS 0x0000000080c00000, 0x0000000080b00000| Untracked 
|  12|0x0000000080c00000, 0x0000000080d00000, 0x0000000080d00000|100%| O|  |TAMS 0x0000000080d00000, 0x0000000080c00000| Untracked 
|  13|0x0000000080d00000, 0x0000000080e00000, 0x0000000080e00000|100%| O|  |TAMS 0x0000000080e00000, 0x0000000080d00000| Untracked 
|  14|0x0000000080e00000, 0x0000000080f00000, 0x0000000080f00000|100%| O|  |TAMS 0x0000000080f00000, 0x0000000080e00000| Untracked 
|  15|0x0000000080f00000, 0x0000000081000000, 0x0000000081000000|100%| O|  |TAMS 0x0000000081000000, 0x0000000080f00000| Untracked 
|  16|0x0000000081000000, 0x0000000081100000, 0x0000000081100000|100%| O|  |TAMS 0x0000000081100000, 0x0000000081000000| Untracked 
|  17|0x0000000081100000, 0x0000000081200000, 0x0000000081200000|100%|HS|  |TAMS 0x0000000081200000, 0x0000000081100000| Complete 
|  18|0x0000000081200000, 0x0000000081300000, 0x0000000081300000|100%|HC|  |TAMS 0x0000000081300000, 0x0000000081200000| Complete 
|  19|0x0000000081300000, 0x0000000081400000, 0x0000000081400000|100%|HS|  |TAMS 0x0000000081400000, 0x0000000081300000| Complete 
|  20|0x0000000081400000, 0x0000000081500000, 0x0000000081500000|100%|HC|  |TAMS 0x0000000081500000, 0x0000000081400000| Complete 
|  21|0x0000000081500000, 0x0000000081600000, 0x0000000081600000|100%|HC|  |TAMS 0x0000000081600000, 0x0000000081500000| Complete 
|  22|0x0000000081600000, 0x0000000081700000, 0x0000000081700000|100%|HS|  |TAMS 0x0000000081700000, 0x0000000081600000| Complete 
|  23|0x0000000081700000, 0x0000000081800000, 0x0000000081800000|100%|HC|  |TAMS 0x0000000081800000, 0x0000000081700000| Complete 
|  24|0x0000000081800000, 0x0000000081900000, 0x0000000081900000|100%|HC|  |TAMS 0x0000000081900000, 0x0000000081800000| Complete 
|  25|0x0000000081900000, 0x0000000081a00000, 0x0000000081a00000|100%|HC|  |TAMS 0x0000000081a00000, 0x0000000081900000| Complete 
|  26|0x0000000081a00000, 0x0000000081b00000, 0x0000000081b00000|100%| O|  |TAMS 0x0000000081b00000, 0x0000000081a00000| Untracked 
|  27|0x0000000081b00000, 0x0000000081c00000, 0x0000000081c00000|100%| O|  |TAMS 0x0000000081c00000, 0x0000000081b00000| Untracked 
|  28|0x0000000081c00000, 0x0000000081d00000, 0x0000000081d00000|100%| O|  |TAMS 0x0000000081d00000, 0x0000000081c00000| Untracked 
|  29|0x0000000081d00000, 0x0000000081e00000, 0x0000000081e00000|100%| O|  |TAMS 0x0000000081e00000, 0x0000000081d00000| Untracked 
|  30|0x0000000081e00000, 0x0000000081f00000, 0x0000000081f00000|100%| O|  |TAMS 0x0000000081f00000, 0x0000000081e00000| Untracked 
|  31|0x0000000081f00000, 0x0000000082000000, 0x0000000082000000|100%| O|  |TAMS 0x0000000082000000, 0x0000000081f00000| Untracked 
|  32|0x0000000082000000, 0x0000000082100000, 0x0000000082100000|100%| O|  |TAMS 0x0000000082100000, 0x0000000082000000| Untracked 
|  33|0x0000000082100000, 0x0000000082200000, 0x0000000082200000|100%| O|  |TAMS 0x0000000082200000, 0x0000000082100000| Untracked 
|  34|0x0000000082200000, 0x0000000082300000, 0x0000000082300000|100%| O|  |TAMS 0x0000000082300000, 0x0000000082200000| Untracked 
|  35|0x0000000082300000, 0x0000000082400000, 0x0000000082400000|100%| O|  |TAMS 0x0000000082400000, 0x0000000082300000| Untracked 
|  36|0x0000000082400000, 0x0000000082500000, 0x0000000082500000|100%|HS|  |TAMS 0x0000000082500000, 0x0000000082400000| Complete 
|  37|0x0000000082500000, 0x0000000082600000, 0x0000000082600000|100%|HC|  |TAMS 0x0000000082600000, 0x0000000082500000| Complete 
|  38|0x0000000082600000, 0x0000000082700000, 0x0000000082700000|100%|HC|  |TAMS 0x0000000082700000, 0x0000000082600000| Complete 
|  39|0x0000000082700000, 0x0000000082800000, 0x0000000082800000|100%| O|  |TAMS 0x0000000082800000, 0x0000000082700000| Untracked 
|  40|0x0000000082800000, 0x0000000082900000, 0x0000000082900000|100%| O|  |TAMS 0x0000000082900000, 0x0000000082800000| Untracked 
|  41|0x0000000082900000, 0x0000000082a00000, 0x0000000082a00000|100%| O|  |TAMS 0x0000000082a00000, 0x0000000082900000| Untracked 
|  42|0x0000000082a00000, 0x0000000082b00000, 0x0000000082b00000|100%|HS|  |TAMS 0x0000000082b00000, 0x0000000082a00000| Complete 
|  43|0x0000000082b00000, 0x0000000082c00000, 0x0000000082c00000|100%|HC|  |TAMS 0x0000000082c00000, 0x0000000082b00000| Complete 
|  44|0x0000000082c00000, 0x0000000082d00000, 0x0000000082d00000|100%| O|  |TAMS 0x0000000082d00000, 0x0000000082c00000| Untracked 
|  45|0x0000000082d00000, 0x0000000082e00000, 0x0000000082e00000|100%| O|  |TAMS 0x0000000082e00000, 0x0000000082d00000| Untracked 
|  46|0x0000000082e00000, 0x0000000082f00000, 0x0000000082f00000|100%| O|  |TAMS 0x0000000082f00000, 0x0000000082e00000| Untracked 
|  47|0x0000000082f00000, 0x0000000083000000, 0x0000000083000000|100%| O|  |TAMS 0x0000000083000000, 0x0000000082f00000| Untracked 
|  48|0x0000000083000000, 0x0000000083100000, 0x0000000083100000|100%| O|  |TAMS 0x0000000083100000, 0x0000000083000000| Untracked 
|  49|0x0000000083100000, 0x0000000083200000, 0x0000000083200000|100%| O|  |TAMS 0x0000000083200000, 0x0000000083100000| Untracked 
|  50|0x0000000083200000, 0x0000000083300000, 0x0000000083300000|100%| O|  |TAMS 0x0000000083300000, 0x0000000083200000| Untracked 
|  51|0x0000000083300000, 0x0000000083400000, 0x0000000083400000|100%| O|  |TAMS 0x0000000083400000, 0x0000000083300000| Untracked 
|  52|0x0000000083400000, 0x0000000083500000, 0x0000000083500000|100%| O|  |TAMS 0x0000000083500000, 0x0000000083400000| Untracked 
|  53|0x0000000083500000, 0x0000000083600000, 0x0000000083600000|100%| O|  |TAMS 0x0000000083600000, 0x0000000083500000| Untracked 
|  54|0x0000000083600000, 0x0000000083700000, 0x0000000083700000|100%| O|  |TAMS 0x0000000083700000, 0x0000000083600000| Untracked 
|  55|0x0000000083700000, 0x0000000083800000, 0x0000000083800000|100%| O|  |TAMS 0x0000000083800000, 0x0000000083700000| Untracked 
|  56|0x0000000083800000, 0x0000000083900000, 0x0000000083900000|100%| O|  |TAMS 0x0000000083900000, 0x0000000083800000| Untracked 
|  57|0x0000000083900000, 0x0000000083a00000, 0x0000000083a00000|100%| O|  |TAMS 0x0000000083a00000, 0x0000000083900000| Untracked 
|  58|0x0000000083a00000, 0x0000000083b00000, 0x0000000083b00000|100%| O|  |TAMS 0x0000000083b00000, 0x0000000083a00000| Untracked 
|  59|0x0000000083b00000, 0x0000000083c00000, 0x0000000083c00000|100%| O|  |TAMS 0x0000000083c00000, 0x0000000083b00000| Untracked 
|  60|0x0000000083c00000, 0x0000000083d00000, 0x0000000083d00000|100%| O|  |TAMS 0x0000000083d00000, 0x0000000083c00000| Untracked 
|  61|0x0000000083d00000, 0x0000000083e00000, 0x0000000083e00000|100%| O|  |TAMS 0x0000000083e00000, 0x0000000083d00000| Untracked 
|  62|0x0000000083e00000, 0x0000000083f00000, 0x0000000083f00000|100%| O|  |TAMS 0x0000000083f00000, 0x0000000083e00000| Untracked 
|  63|0x0000000083f00000, 0x0000000084000000, 0x0000000084000000|100%| O|  |TAMS 0x0000000084000000, 0x0000000083f00000| Untracked 
|  64|0x0000000084000000, 0x0000000084100000, 0x0000000084100000|100%| O|  |TAMS 0x0000000084100000, 0x0000000084000000| Untracked 
|  65|0x0000000084100000, 0x0000000084200000, 0x0000000084200000|100%| O|  |TAMS 0x0000000084200000, 0x0000000084100000| Untracked 
|  66|0x0000000084200000, 0x0000000084300000, 0x0000000084300000|100%| O|  |TAMS 0x0000000084300000, 0x0000000084200000| Untracked 
|  67|0x0000000084300000, 0x0000000084400000, 0x0000000084400000|100%| O|  |TAMS 0x0000000084400000, 0x0000000084300000| Untracked 
|  68|0x0000000084400000, 0x0000000084500000, 0x0000000084500000|100%| O|  |TAMS 0x0000000084500000, 0x0000000084400000| Untracked 
|  69|0x0000000084500000, 0x0000000084600000, 0x0000000084600000|100%| O|  |TAMS 0x0000000084600000, 0x0000000084500000| Untracked 
|  70|0x0000000084600000, 0x0000000084700000, 0x0000000084700000|100%| O|  |TAMS 0x0000000084700000, 0x0000000084600000| Untracked 
|  71|0x0000000084700000, 0x0000000084800000, 0x0000000084800000|100%| O|  |TAMS 0x0000000084800000, 0x0000000084700000| Untracked 
|  72|0x0000000084800000, 0x0000000084900000, 0x0000000084900000|100%| O|  |TAMS 0x0000000084900000, 0x0000000084800000| Untracked 
|  73|0x0000000084900000, 0x0000000084a00000, 0x0000000084a00000|100%| O|  |TAMS 0x0000000084a00000, 0x0000000084900000| Untracked 
|  74|0x0000000084a00000, 0x0000000084b00000, 0x0000000084b00000|100%| O|  |TAMS 0x0000000084b00000, 0x0000000084a00000| Untracked 
|  75|0x0000000084b00000, 0x0000000084c00000, 0x0000000084c00000|100%| O|  |TAMS 0x0000000084c00000, 0x0000000084b00000| Untracked 
|  76|0x0000000084c00000, 0x0000000084d00000, 0x0000000084d00000|100%| O|  |TAMS 0x0000000084d00000, 0x0000000084c00000| Untracked 
|  77|0x0000000084d00000, 0x0000000084e00000, 0x0000000084e00000|100%| O|  |TAMS 0x0000000084e00000, 0x0000000084d00000| Untracked 
|  78|0x0000000084e00000, 0x0000000084f00000, 0x0000000084f00000|100%| O|  |TAMS 0x0000000084f00000, 0x0000000084e00000| Untracked 
|  79|0x0000000084f00000, 0x0000000085000000, 0x0000000085000000|100%|HS|  |TAMS 0x0000000085000000, 0x0000000084f00000| Complete 
|  80|0x0000000085000000, 0x0000000085100000, 0x0000000085100000|100%|HC|  |TAMS 0x0000000085100000, 0x0000000085000000| Complete 
|  81|0x0000000085100000, 0x0000000085200000, 0x0000000085200000|100%|HC|  |TAMS 0x0000000085200000, 0x0000000085100000| Complete 
|  82|0x0000000085200000, 0x0000000085300000, 0x0000000085300000|100%|HC|  |TAMS 0x0000000085300000, 0x0000000085200000| Complete 
|  83|0x0000000085300000, 0x0000000085400000, 0x0000000085400000|100%|HC|  |TAMS 0x0000000085400000, 0x0000000085300000| Complete 
|  84|0x0000000085400000, 0x0000000085500000, 0x0000000085500000|100%|HC|  |TAMS 0x0000000085500000, 0x0000000085400000| Complete 
|  85|0x0000000085500000, 0x0000000085600000, 0x0000000085600000|100%|HC|  |TAMS 0x0000000085600000, 0x0000000085500000| Complete 
|  86|0x0000000085600000, 0x0000000085700000, 0x0000000085700000|100%|HC|  |TAMS 0x0000000085700000, 0x0000000085600000| Complete 
|  87|0x0000000085700000, 0x0000000085800000, 0x0000000085800000|100%|HS|  |TAMS 0x0000000085800000, 0x0000000085700000| Complete 
|  88|0x0000000085800000, 0x0000000085900000, 0x0000000085900000|100%|HS|  |TAMS 0x0000000085900000, 0x0000000085800000| Complete 
|  89|0x0000000085900000, 0x0000000085a00000, 0x0000000085a00000|100%| O|  |TAMS 0x0000000085a00000, 0x0000000085900000| Untracked 
|  90|0x0000000085a00000, 0x0000000085b00000, 0x0000000085b00000|100%| O|  |TAMS 0x0000000085b00000, 0x0000000085a00000| Untracked 
|  91|0x0000000085b00000, 0x0000000085c00000, 0x0000000085c00000|100%| O|  |TAMS 0x0000000085c00000, 0x0000000085b00000| Untracked 
|  92|0x0000000085c00000, 0x0000000085d00000, 0x0000000085d00000|100%| O|  |TAMS 0x0000000085d00000, 0x0000000085c00000| Untracked 
|  93|0x0000000085d00000, 0x0000000085e00000, 0x0000000085e00000|100%| O|  |TAMS 0x0000000085e00000, 0x0000000085d00000| Untracked 
|  94|0x0000000085e00000, 0x0000000085f00000, 0x0000000085f00000|100%| O|  |TAMS 0x0000000085f00000, 0x0000000085e00000| Untracked 
|  95|0x0000000085f00000, 0x0000000086000000, 0x0000000086000000|100%|HS|  |TAMS 0x0000000086000000, 0x0000000085f00000| Complete 
|  96|0x0000000086000000, 0x0000000086100000, 0x0000000086100000|100%|HC|  |TAMS 0x0000000086100000, 0x0000000086000000| Complete 
|  97|0x0000000086100000, 0x0000000086200000, 0x0000000086200000|100%|HC|  |TAMS 0x0000000086200000, 0x0000000086100000| Complete 
|  98|0x0000000086200000, 0x0000000086300000, 0x0000000086300000|100%|HC|  |TAMS 0x0000000086300000, 0x0000000086200000| Complete 
|  99|0x0000000086300000, 0x0000000086400000, 0x0000000086400000|100%|HC|  |TAMS 0x0000000086400000, 0x0000000086300000| Complete 
| 100|0x0000000086400000, 0x0000000086500000, 0x0000000086500000|100%|HC|  |TAMS 0x0000000086500000, 0x0000000086400000| Complete 
| 101|0x0000000086500000, 0x0000000086600000, 0x0000000086600000|100%|HC|  |TAMS 0x0000000086600000, 0x0000000086500000| Complete 
| 102|0x0000000086600000, 0x0000000086700000, 0x0000000086700000|100%|HC|  |TAMS 0x0000000086700000, 0x0000000086600000| Complete 
| 103|0x0000000086700000, 0x0000000086800000, 0x0000000086800000|100%| O|  |TAMS 0x0000000086800000, 0x0000000086700000| Untracked 
| 104|0x0000000086800000, 0x0000000086900000, 0x0000000086900000|100%| O|  |TAMS 0x0000000086900000, 0x0000000086800000| Untracked 
| 105|0x0000000086900000, 0x0000000086a00000, 0x0000000086a00000|100%| O|  |TAMS 0x0000000086a00000, 0x0000000086900000| Untracked 
| 106|0x0000000086a00000, 0x0000000086b00000, 0x0000000086b00000|100%| O|  |TAMS 0x0000000086b00000, 0x0000000086a00000| Untracked 
| 107|0x0000000086b00000, 0x0000000086c00000, 0x0000000086c00000|100%| O|  |TAMS 0x0000000086c00000, 0x0000000086b00000| Untracked 
| 108|0x0000000086c00000, 0x0000000086d00000, 0x0000000086d00000|100%| O|  |TAMS 0x0000000086d00000, 0x0000000086c00000| Untracked 
| 109|0x0000000086d00000, 0x0000000086e00000, 0x0000000086e00000|100%| O|  |TAMS 0x0000000086e00000, 0x0000000086d00000| Untracked 
| 110|0x0000000086e00000, 0x0000000086f00000, 0x0000000086f00000|100%| O|  |TAMS 0x0000000086f00000, 0x0000000086e00000| Untracked 
| 111|0x0000000086f00000, 0x0000000087000000, 0x0000000087000000|100%| O|  |TAMS 0x0000000087000000, 0x0000000086f00000| Untracked 
| 112|0x0000000087000000, 0x0000000087100000, 0x0000000087100000|100%| O|  |TAMS 0x0000000087100000, 0x0000000087000000| Untracked 
| 113|0x0000000087100000, 0x0000000087200000, 0x0000000087200000|100%| O|  |TAMS 0x0000000087200000, 0x0000000087100000| Untracked 
| 114|0x0000000087200000, 0x0000000087300000, 0x0000000087300000|100%| O|  |TAMS 0x0000000087300000, 0x0000000087200000| Untracked 
| 115|0x0000000087300000, 0x0000000087400000, 0x0000000087400000|100%| O|  |TAMS 0x0000000087400000, 0x0000000087300000| Untracked 
| 116|0x0000000087400000, 0x0000000087500000, 0x0000000087500000|100%| O|  |TAMS 0x0000000087500000, 0x0000000087400000| Untracked 
| 117|0x0000000087500000, 0x0000000087600000, 0x0000000087600000|100%| O|  |TAMS 0x0000000087600000, 0x0000000087500000| Untracked 
| 118|0x0000000087600000, 0x0000000087700000, 0x0000000087700000|100%| O|  |TAMS 0x0000000087700000, 0x0000000087600000| Untracked 
| 119|0x0000000087700000, 0x0000000087800000, 0x0000000087800000|100%| O|  |TAMS 0x0000000087800000, 0x0000000087700000| Untracked 
| 120|0x0000000087800000, 0x0000000087900000, 0x0000000087900000|100%| O|  |TAMS 0x0000000087900000, 0x0000000087800000| Untracked 
| 121|0x0000000087900000, 0x0000000087a00000, 0x0000000087a00000|100%| O|  |TAMS 0x0000000087a00000, 0x0000000087900000| Untracked 
| 122|0x0000000087a00000, 0x0000000087b00000, 0x0000000087b00000|100%| O|  |TAMS 0x0000000087aa0200, 0x0000000087a00000| Untracked 
| 123|0x0000000087b00000, 0x0000000087c00000, 0x0000000087c00000|100%| O|  |TAMS 0x0000000087b00000, 0x0000000087b00000| Untracked 
| 124|0x0000000087c00000, 0x0000000087d00000, 0x0000000087d00000|100%| O|  |TAMS 0x0000000087c00000, 0x0000000087c00000| Untracked 
| 125|0x0000000087d00000, 0x0000000087e00000, 0x0000000087e00000|100%| O|  |TAMS 0x0000000087d00000, 0x0000000087d00000| Untracked 
| 126|0x0000000087e00000, 0x0000000087f00000, 0x0000000087f00000|100%| O|  |TAMS 0x0000000087e00000, 0x0000000087e00000| Untracked 
| 127|0x0000000087f00000, 0x0000000088000000, 0x0000000088000000|100%| O|  |TAMS 0x0000000087f00000, 0x0000000087f00000| Untracked 
| 128|0x0000000088000000, 0x0000000088100000, 0x0000000088100000|100%| O|  |TAMS 0x0000000088000000, 0x0000000088000000| Untracked 
| 129|0x0000000088100000, 0x0000000088200000, 0x0000000088200000|100%| O|  |TAMS 0x0000000088100000, 0x0000000088100000| Untracked 
| 130|0x0000000088200000, 0x0000000088300000, 0x0000000088300000|100%| O|  |TAMS 0x0000000088200000, 0x0000000088200000| Untracked 
| 131|0x0000000088300000, 0x0000000088400000, 0x0000000088400000|100%| O|  |TAMS 0x0000000088300000, 0x0000000088300000| Untracked 
| 132|0x0000000088400000, 0x0000000088500000, 0x0000000088500000|100%| O|  |TAMS 0x0000000088400000, 0x0000000088400000| Untracked 
| 133|0x0000000088500000, 0x0000000088600000, 0x0000000088600000|100%| O|  |TAMS 0x0000000088500000, 0x0000000088500000| Untracked 
| 134|0x0000000088600000, 0x0000000088700000, 0x0000000088700000|100%| O|  |TAMS 0x0000000088600000, 0x0000000088600000| Untracked 
| 135|0x0000000088700000, 0x0000000088800000, 0x0000000088800000|100%| O|  |TAMS 0x0000000088700000, 0x0000000088700000| Untracked 
| 136|0x0000000088800000, 0x0000000088900000, 0x0000000088900000|100%| O|  |TAMS 0x0000000088800000, 0x0000000088800000| Untracked 
| 137|0x0000000088900000, 0x0000000088a00000, 0x0000000088a00000|100%| O|  |TAMS 0x0000000088900000, 0x0000000088900000| Untracked 
| 138|0x0000000088a00000, 0x0000000088b00000, 0x0000000088b00000|100%| O|  |TAMS 0x0000000088a00000, 0x0000000088a00000| Untracked 
| 139|0x0000000088b00000, 0x0000000088c00000, 0x0000000088c00000|100%| O|  |TAMS 0x0000000088b00000, 0x0000000088b00000| Untracked 
| 140|0x0000000088c00000, 0x0000000088d00000, 0x0000000088d00000|100%| O|  |TAMS 0x0000000088c00000, 0x0000000088c00000| Untracked 
| 141|0x0000000088d00000, 0x0000000088e00000, 0x0000000088e00000|100%| O|  |TAMS 0x0000000088d00000, 0x0000000088d00000| Untracked 
| 142|0x0000000088e00000, 0x0000000088f00000, 0x0000000088f00000|100%| O|  |TAMS 0x0000000088e00000, 0x0000000088e00000| Untracked 
| 143|0x0000000088f00000, 0x0000000089000000, 0x0000000089000000|100%| O|  |TAMS 0x0000000088f00000, 0x0000000088f00000| Untracked 
| 144|0x0000000089000000, 0x0000000089100000, 0x0000000089100000|100%| O|  |TAMS 0x0000000089000000, 0x0000000089000000| Untracked 
| 145|0x0000000089100000, 0x0000000089200000, 0x0000000089200000|100%| O|  |TAMS 0x0000000089100000, 0x0000000089100000| Untracked 
| 146|0x0000000089200000, 0x0000000089300000, 0x0000000089300000|100%| O|  |TAMS 0x0000000089200000, 0x0000000089200000| Untracked 
| 147|0x0000000089300000, 0x0000000089340200, 0x0000000089400000| 25%| O|  |TAMS 0x0000000089300000, 0x0000000089300000| Untracked 
| 148|0x0000000089400000, 0x0000000089400000, 0x0000000089500000|  0%| F|  |TAMS 0x0000000089400000, 0x0000000089400000| Untracked 
| 149|0x0000000089500000, 0x0000000089500000, 0x0000000089600000|  0%| F|  |TAMS 0x0000000089500000, 0x0000000089500000| Untracked 
| 150|0x0000000089600000, 0x0000000089600000, 0x0000000089700000|  0%| F|  |TAMS 0x0000000089600000, 0x0000000089600000| Untracked 
| 151|0x0000000089700000, 0x0000000089700000, 0x0000000089800000|  0%| F|  |TAMS 0x0000000089700000, 0x0000000089700000| Untracked 
| 152|0x0000000089800000, 0x0000000089800000, 0x0000000089900000|  0%| F|  |TAMS 0x0000000089800000, 0x0000000089800000| Untracked 
| 153|0x0000000089900000, 0x0000000089900000, 0x0000000089a00000|  0%| F|  |TAMS 0x0000000089900000, 0x0000000089900000| Untracked 
| 154|0x0000000089a00000, 0x0000000089a00000, 0x0000000089b00000|  0%| F|  |TAMS 0x0000000089a00000, 0x0000000089a00000| Untracked 
| 155|0x0000000089b00000, 0x0000000089b00000, 0x0000000089c00000|  0%| F|  |TAMS 0x0000000089b00000, 0x0000000089b00000| Untracked 
| 156|0x0000000089c00000, 0x0000000089c00000, 0x0000000089d00000|  0%| F|  |TAMS 0x0000000089c00000, 0x0000000089c00000| Untracked 
| 157|0x0000000089d00000, 0x0000000089d00000, 0x0000000089e00000|  0%| F|  |TAMS 0x0000000089d00000, 0x0000000089d00000| Untracked 
| 158|0x0000000089e00000, 0x0000000089e00000, 0x0000000089f00000|  0%| F|  |TAMS 0x0000000089e00000, 0x0000000089e00000| Untracked 
| 159|0x0000000089f00000, 0x0000000089f00000, 0x000000008a000000|  0%| F|  |TAMS 0x0000000089f00000, 0x0000000089f00000| Untracked 
| 160|0x000000008a000000, 0x000000008a000000, 0x000000008a100000|  0%| F|  |TAMS 0x000000008a000000, 0x000000008a000000| Untracked 
| 161|0x000000008a100000, 0x000000008a100000, 0x000000008a200000|  0%| F|  |TAMS 0x000000008a100000, 0x000000008a100000| Untracked 
| 162|0x000000008a200000, 0x000000008a200000, 0x000000008a300000|  0%| F|  |TAMS 0x000000008a200000, 0x000000008a200000| Untracked 
| 163|0x000000008a300000, 0x000000008a300000, 0x000000008a400000|  0%| F|  |TAMS 0x000000008a300000, 0x000000008a300000| Untracked 
| 164|0x000000008a400000, 0x000000008a400000, 0x000000008a500000|  0%| F|  |TAMS 0x000000008a400000, 0x000000008a400000| Untracked 
| 165|0x000000008a500000, 0x000000008a500000, 0x000000008a600000|  0%| F|  |TAMS 0x000000008a500000, 0x000000008a500000| Untracked 
| 166|0x000000008a600000, 0x000000008a600000, 0x000000008a700000|  0%| F|  |TAMS 0x000000008a600000, 0x000000008a600000| Untracked 
| 167|0x000000008a700000, 0x000000008a700000, 0x000000008a800000|  0%| F|  |TAMS 0x000000008a700000, 0x000000008a700000| Untracked 
| 168|0x000000008a800000, 0x000000008a800000, 0x000000008a900000|  0%| F|  |TAMS 0x000000008a800000, 0x000000008a800000| Untracked 
| 169|0x000000008a900000, 0x000000008a900000, 0x000000008aa00000|  0%| F|  |TAMS 0x000000008a900000, 0x000000008a900000| Untracked 
| 170|0x000000008aa00000, 0x000000008aa00000, 0x000000008ab00000|  0%| F|  |TAMS 0x000000008aa00000, 0x000000008aa00000| Untracked 
| 171|0x000000008ab00000, 0x000000008ab00000, 0x000000008ac00000|  0%| F|  |TAMS 0x000000008ab00000, 0x000000008ab00000| Untracked 
| 172|0x000000008ac00000, 0x000000008ac00000, 0x000000008ad00000|  0%| F|  |TAMS 0x000000008ac00000, 0x000000008ac00000| Untracked 
| 173|0x000000008ad00000, 0x000000008ad00000, 0x000000008ae00000|  0%| F|  |TAMS 0x000000008ad00000, 0x000000008ad00000| Untracked 
| 174|0x000000008ae00000, 0x000000008ae00000, 0x000000008af00000|  0%| F|  |TAMS 0x000000008ae00000, 0x000000008ae00000| Untracked 
| 175|0x000000008af00000, 0x000000008af00000, 0x000000008b000000|  0%| F|  |TAMS 0x000000008af00000, 0x000000008af00000| Untracked 
| 176|0x000000008b000000, 0x000000008b000000, 0x000000008b100000|  0%| F|  |TAMS 0x000000008b000000, 0x000000008b000000| Untracked 
| 177|0x000000008b100000, 0x000000008b100000, 0x000000008b200000|  0%| F|  |TAMS 0x000000008b100000, 0x000000008b100000| Untracked 
| 178|0x000000008b200000, 0x000000008b200000, 0x000000008b300000|  0%| F|  |TAMS 0x000000008b200000, 0x000000008b200000| Untracked 
| 179|0x000000008b300000, 0x000000008b300000, 0x000000008b400000|  0%| F|  |TAMS 0x000000008b300000, 0x000000008b300000| Untracked 
| 180|0x000000008b400000, 0x000000008b400000, 0x000000008b500000|  0%| F|  |TAMS 0x000000008b400000, 0x000000008b400000| Untracked 
| 181|0x000000008b500000, 0x000000008b500000, 0x000000008b600000|  0%| F|  |TAMS 0x000000008b500000, 0x000000008b500000| Untracked 
| 182|0x000000008b600000, 0x000000008b600000, 0x000000008b700000|  0%| F|  |TAMS 0x000000008b600000, 0x000000008b600000| Untracked 
| 183|0x000000008b700000, 0x000000008b700000, 0x000000008b800000|  0%| F|  |TAMS 0x000000008b700000, 0x000000008b700000| Untracked 
| 184|0x000000008b800000, 0x000000008b800000, 0x000000008b900000|  0%| F|  |TAMS 0x000000008b800000, 0x000000008b800000| Untracked 
| 185|0x000000008b900000, 0x000000008b900000, 0x000000008ba00000|  0%| F|  |TAMS 0x000000008b900000, 0x000000008b900000| Untracked 
| 186|0x000000008ba00000, 0x000000008ba00000, 0x000000008bb00000|  0%| F|  |TAMS 0x000000008ba00000, 0x000000008ba00000| Untracked 
| 187|0x000000008bb00000, 0x000000008bb00000, 0x000000008bc00000|  0%| F|  |TAMS 0x000000008bb00000, 0x000000008bb00000| Untracked 
| 188|0x000000008bc00000, 0x000000008bc00000, 0x000000008bd00000|  0%| F|  |TAMS 0x000000008bc00000, 0x000000008bc00000| Untracked 
| 189|0x000000008bd00000, 0x000000008bd00000, 0x000000008be00000|  0%| F|  |TAMS 0x000000008bd00000, 0x000000008bd00000| Untracked 
| 190|0x000000008be00000, 0x000000008be00000, 0x000000008bf00000|  0%| F|  |TAMS 0x000000008be00000, 0x000000008be00000| Untracked 
| 191|0x000000008bf00000, 0x000000008bf00000, 0x000000008c000000|  0%| F|  |TAMS 0x000000008bf00000, 0x000000008bf00000| Untracked 
| 192|0x000000008c000000, 0x000000008c000000, 0x000000008c100000|  0%| F|  |TAMS 0x000000008c000000, 0x000000008c000000| Untracked 
| 193|0x000000008c100000, 0x000000008c100000, 0x000000008c200000|  0%| F|  |TAMS 0x000000008c100000, 0x000000008c100000| Untracked 
| 194|0x000000008c200000, 0x000000008c200000, 0x000000008c300000|  0%| F|  |TAMS 0x000000008c200000, 0x000000008c200000| Untracked 
| 195|0x000000008c300000, 0x000000008c300000, 0x000000008c400000|  0%| F|  |TAMS 0x000000008c300000, 0x000000008c300000| Untracked 
| 196|0x000000008c400000, 0x000000008c400000, 0x000000008c500000|  0%| F|  |TAMS 0x000000008c400000, 0x000000008c400000| Untracked 
| 197|0x000000008c500000, 0x000000008c500000, 0x000000008c600000|  0%| F|  |TAMS 0x000000008c500000, 0x000000008c500000| Untracked 
| 198|0x000000008c600000, 0x000000008c600000, 0x000000008c700000|  0%| F|  |TAMS 0x000000008c600000, 0x000000008c600000| Untracked 
| 199|0x000000008c700000, 0x000000008c700000, 0x000000008c800000|  0%| F|  |TAMS 0x000000008c700000, 0x000000008c700000| Untracked 
| 200|0x000000008c800000, 0x000000008c800000, 0x000000008c900000|  0%| F|  |TAMS 0x000000008c800000, 0x000000008c800000| Untracked 
| 201|0x000000008c900000, 0x000000008c900000, 0x000000008ca00000|  0%| F|  |TAMS 0x000000008c900000, 0x000000008c900000| Untracked 
| 202|0x000000008ca00000, 0x000000008ca00000, 0x000000008cb00000|  0%| F|  |TAMS 0x000000008ca00000, 0x000000008ca00000| Untracked 
| 203|0x000000008cb00000, 0x000000008cb00000, 0x000000008cc00000|  0%| F|  |TAMS 0x000000008cb00000, 0x000000008cb00000| Untracked 
| 204|0x000000008cc00000, 0x000000008cc00000, 0x000000008cd00000|  0%| F|  |TAMS 0x000000008cc00000, 0x000000008cc00000| Untracked 
| 205|0x000000008cd00000, 0x000000008cd00000, 0x000000008ce00000|  0%| F|  |TAMS 0x000000008cd00000, 0x000000008cd00000| Untracked 
| 206|0x000000008ce00000, 0x000000008ce00000, 0x000000008cf00000|  0%| F|  |TAMS 0x000000008ce00000, 0x000000008ce00000| Untracked 
| 207|0x000000008cf00000, 0x000000008cf00000, 0x000000008d000000|  0%| F|  |TAMS 0x000000008cf00000, 0x000000008cf00000| Untracked 
| 208|0x000000008d000000, 0x000000008d000000, 0x000000008d100000|  0%| F|  |TAMS 0x000000008d000000, 0x000000008d000000| Untracked 
| 209|0x000000008d100000, 0x000000008d100000, 0x000000008d200000|  0%| F|  |TAMS 0x000000008d100000, 0x000000008d100000| Untracked 
| 210|0x000000008d200000, 0x000000008d200000, 0x000000008d300000|  0%| F|  |TAMS 0x000000008d200000, 0x000000008d200000| Untracked 
| 211|0x000000008d300000, 0x000000008d300000, 0x000000008d400000|  0%| F|  |TAMS 0x000000008d300000, 0x000000008d300000| Untracked 
| 212|0x000000008d400000, 0x000000008d400000, 0x000000008d500000|  0%| F|  |TAMS 0x000000008d400000, 0x000000008d400000| Untracked 
| 213|0x000000008d500000, 0x000000008d500000, 0x000000008d600000|  0%| F|  |TAMS 0x000000008d500000, 0x000000008d500000| Untracked 
| 214|0x000000008d600000, 0x000000008d600000, 0x000000008d700000|  0%| F|  |TAMS 0x000000008d600000, 0x000000008d600000| Untracked 
| 215|0x000000008d700000, 0x000000008d700000, 0x000000008d800000|  0%| F|  |TAMS 0x000000008d700000, 0x000000008d700000| Untracked 
| 216|0x000000008d800000, 0x000000008d800000, 0x000000008d900000|  0%| F|  |TAMS 0x000000008d800000, 0x000000008d800000| Untracked 
| 217|0x000000008d900000, 0x000000008d900000, 0x000000008da00000|  0%| F|  |TAMS 0x000000008d900000, 0x000000008d900000| Untracked 
| 218|0x000000008da00000, 0x000000008db00000, 0x000000008db00000|100%| S|CS|TAMS 0x000000008da00000, 0x000000008da00000| Complete 
| 219|0x000000008db00000, 0x000000008dc00000, 0x000000008dc00000|100%| S|CS|TAMS 0x000000008db00000, 0x000000008db00000| Complete 
| 220|0x000000008dc00000, 0x000000008dd00000, 0x000000008dd00000|100%| S|CS|TAMS 0x000000008dc00000, 0x000000008dc00000| Complete 
| 221|0x000000008dd00000, 0x000000008dd00000, 0x000000008de00000|  0%| F|  |TAMS 0x000000008dd00000, 0x000000008dd00000| Untracked 
| 222|0x000000008de00000, 0x000000008de00000, 0x000000008df00000|  0%| F|  |TAMS 0x000000008de00000, 0x000000008de00000| Untracked 
| 223|0x000000008df00000, 0x000000008df00000, 0x000000008e000000|  0%| F|  |TAMS 0x000000008df00000, 0x000000008df00000| Untracked 
| 224|0x000000008e000000, 0x000000008e000000, 0x000000008e100000|  0%| F|  |TAMS 0x000000008e000000, 0x000000008e000000| Untracked 
| 225|0x000000008e100000, 0x000000008e100000, 0x000000008e200000|  0%| F|  |TAMS 0x000000008e100000, 0x000000008e100000| Untracked 
| 226|0x000000008e200000, 0x000000008e200000, 0x000000008e300000|  0%| F|  |TAMS 0x000000008e200000, 0x000000008e200000| Untracked 
| 227|0x000000008e300000, 0x000000008e300000, 0x000000008e400000|  0%| F|  |TAMS 0x000000008e300000, 0x000000008e300000| Untracked 
| 228|0x000000008e400000, 0x000000008e400000, 0x000000008e500000|  0%| F|  |TAMS 0x000000008e400000, 0x000000008e400000| Untracked 
| 229|0x000000008e500000, 0x000000008e500000, 0x000000008e600000|  0%| F|  |TAMS 0x000000008e500000, 0x000000008e500000| Untracked 
| 230|0x000000008e600000, 0x000000008e600000, 0x000000008e700000|  0%| F|  |TAMS 0x000000008e600000, 0x000000008e600000| Untracked 
| 231|0x000000008e700000, 0x000000008e700000, 0x000000008e800000|  0%| F|  |TAMS 0x000000008e700000, 0x000000008e700000| Untracked 
| 232|0x000000008e800000, 0x000000008e800000, 0x000000008e900000|  0%| F|  |TAMS 0x000000008e800000, 0x000000008e800000| Untracked 
| 233|0x000000008e900000, 0x000000008e900000, 0x000000008ea00000|  0%| F|  |TAMS 0x000000008e900000, 0x000000008e900000| Untracked 
| 234|0x000000008ea00000, 0x000000008ea00000, 0x000000008eb00000|  0%| F|  |TAMS 0x000000008ea00000, 0x000000008ea00000| Untracked 
| 235|0x000000008eb00000, 0x000000008eb00000, 0x000000008ec00000|  0%| F|  |TAMS 0x000000008eb00000, 0x000000008eb00000| Untracked 
| 236|0x000000008ec00000, 0x000000008ec00000, 0x000000008ed00000|  0%| F|  |TAMS 0x000000008ec00000, 0x000000008ec00000| Untracked 

Card table byte_map: [0x0000018c8f400000,0x0000018c8f800000] _byte_map_base: 0x0000018c8f000000

Marking Bits (Prev, Next): (CMBitMap*) 0x0000018cf77a1fe8, (CMBitMap*) 0x0000018cf77a1fa8
 Prev Bits: [0x0000018c91c00000, 0x0000018c93c00000)
 Next Bits: [0x0000018c8fc00000, 0x0000018c91c00000)

Polling page: 0x0000018cf5660000

Metaspace:

Usage:
  Non-class:     58.86 MB capacity,    57.66 MB ( 98%) used,     1.03 MB (  2%) free+waste,   181.19 KB ( <1%) overhead. 
      Class:      9.65 MB capacity,     9.03 MB ( 94%) used,   545.16 KB (  6%) free+waste,    83.56 KB ( <1%) overhead. 
       Both:     68.51 MB capacity,    66.69 MB ( 97%) used,     1.56 MB (  2%) free+waste,   264.75 KB ( <1%) overhead. 

Virtual space:
  Non-class space:       60.00 MB reserved,      58.92 MB ( 98%) committed 
      Class space:        1.00 GB reserved,       9.75 MB ( <1%) committed 
             Both:        1.06 GB reserved,      68.67 MB (  6%) committed 

Chunk freelists:
   Non-Class:  59.00 KB
       Class:  8.00 KB
        Both:  67.00 KB

MaxMetaspaceSize: 17179869184.00 GB
CompressedClassSpaceSize: 1.00 GB

CodeHeap 'non-profiled nmethods': size=120064Kb used=5080Kb max_used=5080Kb free=114983Kb
 bounds [0x0000018c87ac0000, 0x0000018c87fc0000, 0x0000018c8f000000]
CodeHeap 'profiled nmethods': size=120000Kb used=20454Kb max_used=20454Kb free=99545Kb
 bounds [0x0000018c80590000, 0x0000018c81990000, 0x0000018c87ac0000]
CodeHeap 'non-nmethods': size=5696Kb used=2389Kb max_used=2441Kb free=3306Kb
 bounds [0x0000018c80000000, 0x0000018c80280000, 0x0000018c80590000]
 total_blobs=13317 nmethods=8658 adapters=783
 compilation: enabled
              stopped_count=0, restarted_count=0
 full_count=0

Compilation events (20 events):
Event: 78.335 Thread 0x0000018cffdf1800 9704       2       java.util.Arrays::hashCode (44 bytes)
Event: 78.335 Thread 0x0000018cffdf1800 nmethod 9704 0x0000018c81987b10 code [0x0000018c81987cc0, 0x0000018c81987e98]
Event: 78.454 Thread 0x0000018cffdf1800 9706 %     3       com.android.tools.r8.graph.c0::b @ 28 (132 bytes)
Event: 78.456 Thread 0x0000018cffdf1800 nmethod 9706% 0x0000018c81987f90 code [0x0000018c819881c0, 0x0000018c81988970]
Event: 78.456 Thread 0x0000018cffdf1800 9707       3       com.android.tools.r8.graph.c0::b (132 bytes)
Event: 78.457 Thread 0x0000018cffdf1800 nmethod 9707 0x0000018c81988d10 code [0x0000018c81988f40, 0x0000018c81989690]
Event: 78.506 Thread 0x0000018cffdf1800 9709       2       com.android.tools.r8.code.H2::<init> (7 bytes)
Event: 78.507 Thread 0x0000018cffdf1800 nmethod 9709 0x0000018c81989a10 code [0x0000018c81989bc0, 0x0000018c81989db8]
Event: 78.509 Thread 0x0000018cffdf1800 9710       2       com.android.tools.r8.code.N::<init> (7 bytes)
Event: 78.509 Thread 0x0000018cffdf1800 nmethod 9710 0x0000018c81989f10 code [0x0000018c8198a0e0, 0x0000018c8198a3e0]
Event: 78.511 Thread 0x0000018cffdf1800 9711       2       com.android.tools.r8.code.r::<init> (7 bytes)
Event: 78.511 Thread 0x0000018cffdf1800 nmethod 9711 0x0000018c8198a610 code [0x0000018c8198a7c0, 0x0000018c8198a9b8]
Event: 78.512 Thread 0x0000018cffdf1800 9712       2       com.android.tools.r8.code.O2::<init> (59 bytes)
Event: 78.513 Thread 0x0000018cffdf1800 nmethod 9712 0x0000018c8198ab10 code [0x0000018c8198ad20, 0x0000018c8198b390]
Event: 78.513 Thread 0x0000018cffdf1800 9713   !   2       com.android.tools.r8.graph.W::a (34 bytes)
Event: 78.514 Thread 0x0000018cffdf1800 nmethod 9713 0x0000018c8198b810 code [0x0000018c8198b9e0, 0x0000018c8198be70]
Event: 78.524 Thread 0x0000018cffdf1800 9716       2       com.android.tools.r8.code.L0::<init> (34 bytes)
Event: 78.524 Thread 0x0000018cffdf1800 nmethod 9716 0x0000018c8198c090 code [0x0000018c8198c240, 0x0000018c8198c4b0]
Event: 78.525 Thread 0x0000018cffdf1800 9717       2       com.android.tools.r8.code.L0::hashCode (28 bytes)
Event: 78.525 Thread 0x0000018cffdf1800 nmethod 9717 0x0000018c8198c610 code [0x0000018c8198c7c0, 0x0000018c8198c9b0]

GC Heap History (20 events):
Event: 62.128 GC heap after
{Heap after GC invocations=49 (full 0):
 garbage-first heap   total 133120K, used 79448K [0x0000000080000000, 0x0000000100000000)
  region size 1024K, 4 young (4096K), 4 survivors (4096K)
 Metaspace       used 63825K, capacity 65660K, committed 65712K, reserved 1105920K
  class space    used 8557K, capacity 9179K, committed 9216K, reserved 1048576K
}
Event: 64.087 GC heap before
{Heap before GC invocations=50 (full 0):
 garbage-first heap   total 138240K, used 108120K [0x0000000080000000, 0x0000000100000000)
  region size 1024K, 33 young (33792K), 4 survivors (4096K)
 Metaspace       used 63815K, capacity 65600K, committed 65712K, reserved 1105920K
  class space    used 8546K, capacity 9158K, committed 9216K, reserved 1048576K
}
Event: 64.108 GC heap after
{Heap after GC invocations=51 (full 0):
 garbage-first heap   total 138240K, used 80723K [0x0000000080000000, 0x0000000100000000)
  region size 1024K, 4 young (4096K), 4 survivors (4096K)
 Metaspace       used 63815K, capacity 65600K, committed 65712K, reserved 1105920K
  class space    used 8546K, capacity 9158K, committed 9216K, reserved 1048576K
}
Event: 66.194 GC heap before
{Heap before GC invocations=51 (full 0):
 garbage-first heap   total 138240K, used 111443K [0x0000000080000000, 0x0000000100000000)
  region size 1024K, 35 young (35840K), 4 survivors (4096K)
 Metaspace       used 64838K, capacity 66592K, committed 66864K, reserved 1107968K
  class space    used 8700K, capacity 9332K, committed 9344K, reserved 1048576K
}
Event: 66.216 GC heap after
{Heap after GC invocations=52 (full 0):
 garbage-first heap   total 138240K, used 82144K [0x0000000080000000, 0x0000000100000000)
  region size 1024K, 3 young (3072K), 3 survivors (3072K)
 Metaspace       used 64838K, capacity 66592K, committed 66864K, reserved 1107968K
  class space    used 8700K, capacity 9332K, committed 9344K, reserved 1048576K
}
Event: 70.998 GC heap before
{Heap before GC invocations=53 (full 0):
 garbage-first heap   total 142336K, used 87264K [0x0000000080000000, 0x0000000100000000)
  region size 1024K, 9 young (9216K), 3 survivors (3072K)
 Metaspace       used 64922K, capacity 66744K, committed 66864K, reserved 1107968K
  class space    used 8717K, capacity 9340K, committed 9344K, reserved 1048576K
}
Event: 71.017 GC heap after
{Heap after GC invocations=54 (full 0):
 garbage-first heap   total 142336K, used 82587K [0x0000000080000000, 0x0000000100000000)
  region size 1024K, 2 young (2048K), 2 survivors (2048K)
 Metaspace       used 64922K, capacity 66744K, committed 66864K, reserved 1107968K
  class space    used 8717K, capacity 9340K, committed 9344K, reserved 1048576K
}
Event: 71.976 GC heap before
{Heap before GC invocations=55 (full 0):
 garbage-first heap   total 153600K, used 96923K [0x0000000080000000, 0x0000000100000000)
  region size 1024K, 10 young (10240K), 2 survivors (2048K)
 Metaspace       used 66368K, capacity 68212K, committed 68400K, reserved 1107968K
  class space    used 8914K, capacity 9555K, committed 9600K, reserved 1048576K
}
Event: 72.001 GC heap after
{Heap after GC invocations=56 (full 0):
 garbage-first heap   total 153600K, used 92014K [0x0000000080000000, 0x0000000100000000)
  region size 1024K, 4 young (4096K), 4 survivors (4096K)
 Metaspace       used 66368K, capacity 68212K, committed 68400K, reserved 1107968K
  class space    used 8914K, capacity 9555K, committed 9600K, reserved 1048576K
}
Event: 73.435 GC heap before
{Heap before GC invocations=57 (full 0):
 garbage-first heap   total 188416K, used 122734K [0x0000000080000000, 0x0000000100000000)
  region size 1024K, 20 young (20480K), 4 survivors (4096K)
 Metaspace       used 66639K, capacity 68443K, committed 68656K, reserved 1107968K
  class space    used 8950K, capacity 9589K, committed 9600K, reserved 1048576K
}
Event: 73.487 GC heap after
{Heap after GC invocations=58 (full 0):
 garbage-first heap   total 188416K, used 107428K [0x0000000080000000, 0x0000000100000000)
  region size 1024K, 4 young (4096K), 4 survivors (4096K)
 Metaspace       used 66639K, capacity 68443K, committed 68656K, reserved 1107968K
  class space    used 8950K, capacity 9589K, committed 9600K, reserved 1048576K
}
Event: 73.947 GC heap before
{Heap before GC invocations=59 (full 0):
 garbage-first heap   total 188416K, used 111524K [0x0000000080000000, 0x0000000100000000)
  region size 1024K, 8 young (8192K), 4 survivors (4096K)
 Metaspace       used 66639K, capacity 68443K, committed 68656K, reserved 1107968K
  class space    used 8950K, capacity 9589K, committed 9600K, reserved 1048576K
}
Event: 73.972 GC heap after
{Heap after GC invocations=60 (full 0):
 garbage-first heap   total 188416K, used 110464K [0x0000000080000000, 0x0000000100000000)
  region size 1024K, 4 young (4096K), 4 survivors (4096K)
 Metaspace       used 66639K, capacity 68443K, committed 68656K, reserved 1107968K
  class space    used 8950K, capacity 9589K, committed 9600K, reserved 1048576K
}
Event: 74.725 GC heap before
{Heap before GC invocations=61 (full 0):
 garbage-first heap   total 193536K, used 128896K [0x0000000080000000, 0x0000000100000000)
  region size 1024K, 23 young (23552K), 4 survivors (4096K)
 Metaspace       used 66677K, capacity 68508K, committed 68656K, reserved 1107968K
  class space    used 8951K, capacity 9589K, committed 9600K, reserved 1048576K
}
Event: 74.797 GC heap after
{Heap after GC invocations=62 (full 0):
 garbage-first heap   total 193536K, used 118378K [0x0000000080000000, 0x0000000100000000)
  region size 1024K, 4 young (4096K), 4 survivors (4096K)
 Metaspace       used 66677K, capacity 68508K, committed 68656K, reserved 1107968K
  class space    used 8951K, capacity 9589K, committed 9600K, reserved 1048576K
}
Event: 76.758 GC heap before
{Heap before GC invocations=63 (full 0):
 garbage-first heap   total 204800K, used 141930K [0x0000000080000000, 0x0000000100000000)
  region size 1024K, 26 young (26624K), 4 survivors (4096K)
 Metaspace       used 68247K, capacity 70092K, committed 70320K, reserved 1110016K
  class space    used 9250K, capacity 9880K, committed 9984K, reserved 1048576K
}
Event: 76.856 GC heap after
{Heap after GC invocations=64 (full 0):
 garbage-first heap   total 204800K, used 129664K [0x0000000080000000, 0x0000000100000000)
  region size 1024K, 4 young (4096K), 4 survivors (4096K)
 Metaspace       used 68247K, capacity 70092K, committed 70320K, reserved 1110016K
  class space    used 9250K, capacity 9880K, committed 9984K, reserved 1048576K
}
Event: 77.293 GC heap before
{Heap before GC invocations=64 (full 0):
 garbage-first heap   total 204800K, used 152192K [0x0000000080000000, 0x0000000100000000)
  region size 1024K, 27 young (27648K), 4 survivors (4096K)
 Metaspace       used 68266K, capacity 70093K, committed 70320K, reserved 1110016K
  class space    used 9251K, capacity 9880K, committed 9984K, reserved 1048576K
}
Event: 77.399 GC heap after
{Heap after GC invocations=65 (full 0):
 garbage-first heap   total 204800K, used 143616K [0x0000000080000000, 0x0000000100000000)
  region size 1024K, 4 young (4096K), 4 survivors (4096K)
 Metaspace       used 68266K, capacity 70093K, committed 70320K, reserved 1110016K
  class space    used 9251K, capacity 9880K, committed 9984K, reserved 1048576K
}
Event: 78.542 GC heap before
{Heap before GC invocations=66 (full 0):
 garbage-first heap   total 242688K, used 160000K [0x0000000080000000, 0x0000000100000000)
  region size 1024K, 21 young (21504K), 4 survivors (4096K)
 Metaspace       used 68293K, capacity 70157K, committed 70320K, reserved 1110016K
  class space    used 9251K, capacity 9880K, committed 9984K, reserved 1048576K
}

Deoptimization events (20 events):
Event: 78.468 Thread 0x0000018c98f48800 DEOPT PACKING pc=0x0000018c81931517 sp=0x0000000e877fe2b0
Event: 78.468 Thread 0x0000018c98f48800 DEOPT UNPACKING pc=0x0000018c8004994e sp=0x0000000e877fd778 mode 0
Event: 78.483 Thread 0x0000018c98f48800 DEOPT PACKING pc=0x0000018c8196265e sp=0x0000000e877fe510
Event: 78.483 Thread 0x0000018c98f48800 DEOPT UNPACKING pc=0x0000018c8004994e sp=0x0000000e877fe130 mode 0
Event: 78.485 Thread 0x0000018c98f48800 DEOPT PACKING pc=0x0000018c818893f3 sp=0x0000000e877fe5e0
Event: 78.485 Thread 0x0000018c98f48800 DEOPT UNPACKING pc=0x0000018c8004994e sp=0x0000000e877fdb60 mode 0
Event: 78.485 Thread 0x0000018c98f48800 DEOPT PACKING pc=0x0000018c8191b42c sp=0x0000000e877feaf0
Event: 78.485 Thread 0x0000018c98f48800 DEOPT UNPACKING pc=0x0000018c8004994e sp=0x0000000e877fe120 mode 0
Event: 78.497 Thread 0x0000018c98f48800 DEOPT PACKING pc=0x0000018c8196265e sp=0x0000000e877fe520
Event: 78.497 Thread 0x0000018c98f48800 DEOPT UNPACKING pc=0x0000018c8004994e sp=0x0000000e877fe140 mode 0
Event: 78.508 Thread 0x0000018c98f48800 DEOPT PACKING pc=0x0000018c8196265e sp=0x0000000e877fe520
Event: 78.508 Thread 0x0000018c98f48800 DEOPT UNPACKING pc=0x0000018c8004994e sp=0x0000000e877fe140 mode 0
Event: 78.513 Thread 0x0000018c98f48800 DEOPT PACKING pc=0x0000018c8191b42c sp=0x0000000e877feaf0
Event: 78.513 Thread 0x0000018c98f48800 DEOPT UNPACKING pc=0x0000018c8004994e sp=0x0000000e877fe120 mode 0
Event: 78.521 Thread 0x0000018c98f48800 DEOPT PACKING pc=0x0000018c818893f3 sp=0x0000000e877fe5e0
Event: 78.522 Thread 0x0000018c98f48800 DEOPT UNPACKING pc=0x0000018c8004994e sp=0x0000000e877fdb60 mode 0
Event: 78.526 Thread 0x0000018c98f48800 DEOPT PACKING pc=0x0000018c8196265e sp=0x0000000e877fe520
Event: 78.526 Thread 0x0000018c98f48800 DEOPT UNPACKING pc=0x0000018c8004994e sp=0x0000000e877fe140 mode 0
Event: 78.540 Thread 0x0000018c98f48800 DEOPT PACKING pc=0x0000018c8196265e sp=0x0000000e877fe520
Event: 78.540 Thread 0x0000018c98f48800 DEOPT UNPACKING pc=0x0000018c8004994e sp=0x0000000e877fe140 mode 0

Classes unloaded (20 events):
Event: 62.350 Thread 0x0000018cffdc2000 Unloading class 0x00000008013e4440 'org/gradle/api/internal/artifacts/transform/DefaultTransformerInvocationFactory$2$$Lambda$566'
Event: 62.350 Thread 0x0000018cffdc2000 Unloading class 0x00000008013e4040 'org/gradle/api/internal/artifacts/transform/DefaultTransformerInvocationFactory$2$$Lambda$564'
Event: 62.350 Thread 0x0000018cffdc2000 Unloading class 0x00000008013e5440 'org/gradle/internal/execution/steps/SkipUpToDateStep$$Lambda$562'
Event: 62.350 Thread 0x0000018cffdc2000 Unloading class 0x00000008013e5040 'org/gradle/internal/execution/steps/SkipUpToDateStep$$Lambda$559'
Event: 62.350 Thread 0x0000018cffdc2000 Unloading class 0x00000008013e6440 'org/gradle/internal/execution/steps/ResolveChangesStep$$Lambda$557'
Event: 62.350 Thread 0x0000018cffdc2000 Unloading class 0x00000008013e6040 'org/gradle/internal/execution/steps/ResolveChangesStep$$Lambda$555'
Event: 62.350 Thread 0x0000018cffdc2000 Unloading class 0x00000008013e7440 'org/gradle/internal/execution/steps/ResolveChangesStep$$Lambda$553'
Event: 62.350 Thread 0x0000018cffdc2000 Unloading class 0x00000008013e7c40 'org/gradle/internal/execution/steps/ResolveChangesStep$$Lambda$551'
Event: 62.350 Thread 0x0000018cffdc2000 Unloading class 0x00000008013e1440 'org/gradle/internal/execution/steps/ResolveChangesStep$$Lambda$549'
Event: 62.350 Thread 0x0000018cffdc2000 Unloading class 0x00000008013d6040 'org/gradle/internal/execution/steps/LoadExecutionStateStep$$Lambda$534'
Event: 62.350 Thread 0x0000018cffdc2000 Unloading class 0x00000008013d6840 'org/gradle/internal/vfs/impl/DefaultVirtualFileSystem$$Lambda$533'
Event: 62.350 Thread 0x0000018cffdc2000 Unloading class 0x00000008013d3c40 'org/gradle/internal/snapshot/impl/DirectorySnapshotter$PathVisitor$$Lambda$529'
Event: 62.350 Thread 0x0000018cffdc2000 Unloading class 0x00000008013d3840 'org/gradle/api/internal/artifacts/transform/DefaultTransformerInvocationFactory$2$$Lambda$527'
Event: 62.350 Thread 0x0000018cffdc2000 Unloading class 0x00000008013d2c40 'org/gradle/api/internal/artifacts/transform/AbstractCachingTransformationWorkspaceProvider$$Lambda$525'
Event: 62.351 Thread 0x0000018cffdc2000 Unloading class 0x00000008013d1c40 'java/lang/invoke/LambdaForm$MH'
Event: 62.351 Thread 0x0000018cffdc2000 Unloading class 0x00000008013d1840 'java/lang/invoke/LambdaForm$DMH'
Event: 62.351 Thread 0x0000018cffdc2000 Unloading class 0x00000008013d0c40 'org/gradle/api/internal/artifacts/transform/DefaultTransformerInvocationFactory$$Lambda$521'
Event: 62.351 Thread 0x0000018cffdc2000 Unloading class 0x00000008013d0840 'java/lang/invoke/LambdaForm$DMH'
Event: 62.351 Thread 0x0000018cffdc2000 Unloading class 0x00000008013a9440 'org/gradle/api/internal/artifacts/transform/TransformationStep$$Lambda$519'
Event: 62.351 Thread 0x0000018cffdc2000 Unloading class 0x00000008013a9c40 'org/gradle/api/internal/artifacts/transform/TransformationStep$$Lambda$517'

Classes redefined (0 events):
No events

Internal exceptions (20 events):
Event: 61.510 Thread 0x0000018c98f4c800 Exception <a 'java/lang/NoSuchMethodError'{0x0000000086b41cb0}: static Lcom/android/build/api/artifact/ArtifactKind;.<clinit>()V> (0x0000000086b41cb0) 
thrown [t:/workspace/open/src/hotspot/share/prims/jni.cpp, line 1347]
Event: 61.873 Thread 0x0000018c9700e800 Exception <a 'sun/nio/fs/WindowsException'{0x00000000867d6e00}> (0x00000000867d6e00) 
thrown [t:/workspace/open/src/hotspot/share/prims/jni.cpp, line 598]
Event: 61.891 Thread 0x0000018c9700e800 Exception <a 'sun/nio/fs/WindowsException'{0x00000000867d7f78}> (0x00000000867d7f78) 
thrown [t:/workspace/open/src/hotspot/share/prims/jni.cpp, line 598]
Event: 61.908 Thread 0x0000018c9700e800 Exception <a 'sun/nio/fs/WindowsException'{0x00000000867d93d0}> (0x00000000867d93d0) 
thrown [t:/workspace/open/src/hotspot/share/prims/jni.cpp, line 598]
Event: 61.911 Thread 0x0000018c9700e800 Exception <a 'sun/nio/fs/WindowsException'{0x00000000867e12a0}> (0x00000000867e12a0) 
thrown [t:/workspace/open/src/hotspot/share/prims/jni.cpp, line 598]
Event: 61.911 Thread 0x0000018c9700e800 Exception <a 'sun/nio/fs/WindowsException'{0x00000000867e23d8}> (0x00000000867e23d8) 
thrown [t:/workspace/open/src/hotspot/share/prims/jni.cpp, line 598]
Event: 61.911 Thread 0x0000018c9700e800 Exception <a 'sun/nio/fs/WindowsException'{0x00000000867e3590}> (0x00000000867e3590) 
thrown [t:/workspace/open/src/hotspot/share/prims/jni.cpp, line 598]
Event: 61.912 Thread 0x0000018c9700e800 Exception <a 'sun/nio/fs/WindowsException'{0x00000000867e5a28}> (0x00000000867e5a28) 
thrown [t:/workspace/open/src/hotspot/share/prims/jni.cpp, line 598]
Event: 61.912 Thread 0x0000018c9700e800 Exception <a 'sun/nio/fs/WindowsException'{0x00000000867e6b70}> (0x00000000867e6b70) 
thrown [t:/workspace/open/src/hotspot/share/prims/jni.cpp, line 598]
Event: 61.912 Thread 0x0000018c9700e800 Exception <a 'sun/nio/fs/WindowsException'{0x00000000867e7d38}> (0x00000000867e7d38) 
thrown [t:/workspace/open/src/hotspot/share/prims/jni.cpp, line 598]
Event: 64.000 Thread 0x0000018c9700e800 Implicit null exception at 0x0000018c87ef975e to 0x0000018c87efa032
Event: 64.012 Thread 0x0000018c9700e800 Implicit null exception at 0x0000018c87efadc2 to 0x0000018c87efb1ee
Event: 65.305 Thread 0x0000018c98f4c800 Exception <a 'java/lang/NoSuchMethodError'{0x00000000872d2788}: static Lcom/android/build/gradle/internal/tasks/Workers$ActionParameters;.<clinit>()V> (0x00000000872d2788) 
thrown [t:/workspace/open/src/hotspot/share/prims/jni.cpp, line 1347]
Event: 65.508 Thread 0x0000018c98f4c800 Exception <a 'java/lang/NoSuchMethodError'{0x00000000872e4d48}: static Lcom/android/build/gradle/internal/tasks/DexMergingParams;.<clinit>()V> (0x00000000872e4d48) 
thrown [t:/workspace/open/src/hotspot/share/prims/jni.cpp, line 1347]
Event: 71.372 Thread 0x0000018c98f4e800 Exception <a 'sun/nio/fs/WindowsException'{0x0000000088ab9b18}> (0x0000000088ab9b18) 
thrown [t:/workspace/open/src/hotspot/share/prims/jni.cpp, line 598]
Event: 71.853 Thread 0x0000018c98f4e800 Exception <a 'java/lang/NoSuchMethodError'{0x000000008913f698}: 'java.lang.Object java.lang.invoke.DirectMethodHandle$Holder.invokeStatic(java.lang.Object, java.lang.Object, java.lang.Object, java.lang.Object, java.lang.Object, java.lang.Object, java.lang.Object, java.lang.Object, java.lang.Object, java.lang.Object, java.lang.Object, java.lang.Object, java.lang.Object, java.lang.Object, java.lang.Object, java.lang.Object, java.lang.Object, int, java.lang.Object)'> (0x000000008913f698) 
thrown [t:/workspace
Event: 71.853 Thread 0x0000018c98f4e800 Exception <a 'java/lang/NoSuchMethodError'{0x00000000891442f0}: 'java.lang.Object java.lang.invoke.DirectMethodHandle$Holder.invokeStaticInit(java.lang.Object, java.lang.Object, java.lang.Object, java.lang.Object, java.lang.Object, java.lang.Object, java.lang.Object, java.lang.Object, java.lang.Object, java.lang.Object, java.lang.Object, java.lang.Object, java.lang.Object, java.lang.Object, java.lang.Object, java.lang.Object, java.lang.Object, int, java.lang.Object)'> (0x00000000891442f0) 
thrown [t:/works
Event: 75.669 Thread 0x0000018c98f52800 Exception <a 'java/lang/NoSuchMethodError'{0x000000008c361158}: 'java.lang.Object java.lang.invoke.DirectMethodHandle$Holder.newInvokeSpecial(java.lang.Object, int)'> (0x000000008c361158) 
thrown [t:/workspace/open/src/hotspot/share/interpreter/linkResolver.cpp, line 767]
Event: 75.925 Thread 0x0000018c98f48800 Implicit null exception at 0x0000018c87c52e2f to 0x0000018c87c52f22
Event: 75.932 Thread 0x0000018c98f48800 Exception <a 'java/lang/NoSuchMethodError'{0x000000008c04a5d0}: 'long java.lang.invoke.DirectMethodHandle$Holder.invokeStatic(java.lang.Object, java.lang.Object, java.lang.Object)'> (0x000000008c04a5d0) 
thrown [t:/workspace/open/src/hotspot/share/interpreter/linkResolver.cpp, line 767]

Events (20 events):
Event: 76.085 loading class com/android/tools/r8/v/a/a/a/f/f0 done
Event: 76.086 loading class com/android/tools/r8/graph/E$b$a
Event: 76.086 loading class com/android/tools/r8/graph/E$b$a done
Event: 76.183 loading class com/android/tools/r8/ir/analysis/type/k
Event: 76.183 loading class com/android/tools/r8/ir/analysis/type/k done
Event: 76.222 loading class com/android/tools/r8/ir/analysis/type/i
Event: 76.222 loading class com/android/tools/r8/ir/analysis/type/i done
Event: 76.374 loading class com/android/tools/r8/ir/analysis/type/h
Event: 76.374 loading class com/android/tools/r8/ir/analysis/type/h done
Event: 76.758 Executing VM operation: G1CollectForAllocation
Event: 76.876 Executing VM operation: G1CollectForAllocation done
Event: 77.287 loading class com/android/tools/r8/dex/n$a
Event: 77.287 loading class com/android/tools/r8/dex/n$a done
Event: 77.293 Executing VM operation: G1CollectForAllocation
Event: 77.466 Executing VM operation: G1CollectForAllocation done
Event: 77.817 Executing VM operation: G1Concurrent
Event: 77.837 Executing VM operation: G1Concurrent done
Event: 78.077 Executing VM operation: G1Concurrent
Event: 78.081 Executing VM operation: G1Concurrent done
Event: 78.542 Executing VM operation: G1CollectForAllocation


Dynamic libraries:
0x00007ff6452d0000 - 0x00007ff6452df000 	C:\Program Files\Java\jdk-13.0.2\bin\java.exe
0x00007ff845a20000 - 0x00007ff845c0d000 	C:\Windows\SYSTEM32\ntdll.dll
0x00007ff8452c0000 - 0x00007ff845373000 	C:\Windows\System32\KERNEL32.DLL
0x00007ff841ae0000 - 0x00007ff841d75000 	C:\Windows\System32\KERNELBASE.dll
0x00007ff8420b0000 - 0x00007ff8421aa000 	C:\Windows\System32\ucrtbase.dll
0x00007ff83e390000 - 0x00007ff83e3a8000 	C:\Program Files\Java\jdk-13.0.2\bin\jli.dll
0x00007ff842f70000 - 0x00007ff843013000 	C:\Windows\System32\ADVAPI32.dll
0x00007ff845740000 - 0x00007ff8457de000 	C:\Windows\System32\msvcrt.dll
0x00007ff844eb0000 - 0x00007ff844f4e000 	C:\Windows\System32\sechost.dll
0x00007ff844d70000 - 0x00007ff844e92000 	C:\Windows\System32\RPCRT4.dll
0x00007ff843620000 - 0x00007ff8437b7000 	C:\Windows\System32\USER32.dll
0x00007ff83abb0000 - 0x00007ff83abc5000 	C:\Program Files\Java\jdk-13.0.2\bin\VCRUNTIME140.dll
0x00007ff842330000 - 0x00007ff842350000 	C:\Windows\System32\win32u.dll
0x00007ff8456a0000 - 0x00007ff8456c9000 	C:\Windows\System32\GDI32.dll
0x00007ff842aa0000 - 0x00007ff842c39000 	C:\Windows\System32\gdi32full.dll
0x00007ff841d80000 - 0x00007ff841e20000 	C:\Windows\System32\msvcp_win.dll
0x00007ff8305b0000 - 0x00007ff830829000 	C:\Windows\WinSxS\amd64_microsoft.windows.common-controls_6595b64144ccf1df_6.0.17763.1217_none_de6e4304534e0ad3\COMCTL32.dll
0x00007ff83d520000 - 0x00007ff83d52a000 	C:\Windows\SYSTEM32\VERSION.dll
0x00007ff842c40000 - 0x00007ff842f6c000 	C:\Windows\System32\combase.dll
0x00007ff8421e0000 - 0x00007ff84225e000 	C:\Windows\System32\bcryptPrimitives.dll
0x00007ff845610000 - 0x00007ff84563e000 	C:\Windows\System32\IMM32.DLL
0x00007ff821e50000 - 0x00007ff821eeb000 	C:\Program Files\Java\jdk-13.0.2\bin\msvcp140.dll
0x00007ff80fad0000 - 0x00007ff81062d000 	C:\Program Files\Java\jdk-13.0.2\bin\server\jvm.dll
0x00007ff843610000 - 0x00007ff843618000 	C:\Windows\System32\PSAPI.DLL
0x00007ff83fa10000 - 0x00007ff83fa34000 	C:\Windows\SYSTEM32\WINMM.dll
0x00007ff83f9e0000 - 0x00007ff83fa0d000 	C:\Windows\SYSTEM32\winmmbase.dll
0x00007ff841e20000 - 0x00007ff841e6a000 	C:\Windows\System32\cfgmgr32.dll
0x00007ff83b280000 - 0x00007ff83b289000 	C:\Windows\SYSTEM32\WSOCK32.dll
0x00007ff844f50000 - 0x00007ff844fbd000 	C:\Windows\System32\WS2_32.dll
0x00007ff841a70000 - 0x00007ff841a81000 	C:\Windows\System32\kernel.appcore.dll
0x00007ff83b550000 - 0x00007ff83b560000 	C:\Program Files\Java\jdk-13.0.2\bin\verify.dll
0x00007ff831500000 - 0x00007ff8316ed000 	C:\Windows\SYSTEM32\DBGHELP.DLL
0x00007ff8313f0000 - 0x00007ff83141a000 	C:\Windows\SYSTEM32\dbgcore.DLL
0x00007ff827bc0000 - 0x00007ff827be6000 	C:\Program Files\Java\jdk-13.0.2\bin\java.dll
0x00007ff835400000 - 0x00007ff835417000 	C:\Program Files\Java\jdk-13.0.2\bin\zip.dll
0x00007ff83ae50000 - 0x00007ff83ae5a000 	C:\Program Files\Java\jdk-13.0.2\bin\jimage.dll
0x00007ff8437c0000 - 0x00007ff844cb4000 	C:\Windows\System32\SHELL32.dll
0x00007ff844cc0000 - 0x00007ff844d68000 	C:\Windows\System32\shcore.dll
0x00007ff842350000 - 0x00007ff842a9e000 	C:\Windows\System32\windows.storage.dll
0x00007ff841a90000 - 0x00007ff841ab4000 	C:\Windows\System32\profapi.dll
0x00007ff841a10000 - 0x00007ff841a6d000 	C:\Windows\System32\powrprof.dll
0x00007ff845640000 - 0x00007ff845692000 	C:\Windows\System32\shlwapi.dll
0x00007ff842310000 - 0x00007ff842327000 	C:\Windows\System32\cryptsp.dll
0x00007ff8310d0000 - 0x00007ff8310e9000 	C:\Program Files\Java\jdk-13.0.2\bin\net.dll
0x00007ff8394b0000 - 0x00007ff8395a2000 	C:\Windows\SYSTEM32\WINHTTP.dll
0x00007ff8411d0000 - 0x00007ff841237000 	C:\Windows\system32\mswsock.dll
0x00007ff830110000 - 0x00007ff830123000 	C:\Program Files\Java\jdk-13.0.2\bin\nio.dll
0x00007ff8274c0000 - 0x00007ff8274e6000 	C:\Users\ELCOT\.gradle\caches\gradle-6.5\native\31\windows-amd64\native-platform.dll
0x00007ff83a370000 - 0x00007ff83a379000 	C:\Program Files\Java\jdk-13.0.2\bin\management.dll
0x00007ff8396f0000 - 0x00007ff8396fb000 	C:\Program Files\Java\jdk-13.0.2\bin\management_ext.dll
0x00007ff840d60000 - 0x00007ff840d93000 	C:\Windows\system32\rsaenh.dll
0x00007ff8421b0000 - 0x00007ff8421d6000 	C:\Windows\System32\bcrypt.dll
0x00007ff841940000 - 0x00007ff841968000 	C:\Windows\SYSTEM32\USERENV.dll
0x00007ff841350000 - 0x00007ff84135c000 	C:\Windows\SYSTEM32\CRYPTBASE.dll
0x00007ff840f00000 - 0x00007ff840f3d000 	C:\Windows\SYSTEM32\IPHLPAPI.DLL
0x00007ff8456d0000 - 0x00007ff8456d8000 	C:\Windows\System32\NSI.dll
0x00007ff839490000 - 0x00007ff8394a6000 	C:\Windows\SYSTEM32\dhcpcsvc6.DLL
0x00007ff839470000 - 0x00007ff83948c000 	C:\Windows\SYSTEM32\dhcpcsvc.DLL
0x00007ff840f40000 - 0x00007ff841007000 	C:\Windows\SYSTEM32\DNSAPI.dll

dbghelp: loaded successfully - version: 4.0.5 - missing functions: none
symbol engine: initialized successfully - sym options: 0x614 - pdb path: .;C:\Program Files\Java\jdk-13.0.2\bin;C:\Windows\SYSTEM32;C:\Windows\WinSxS\amd64_microsoft.windows.common-controls_6595b64144ccf1df_6.0.17763.1217_none_de6e4304534e0ad3;C:\Program Files\Java\jdk-13.0.2\bin\server;C:\Users\ELCOT\.gradle\caches\gradle-6.5\native\31\windows-amd64

VM Arguments:
jvm_args: --add-opens=java.base/java.util=ALL-UNNAMED --add-opens=java.base/java.lang=ALL-UNNAMED --add-opens=java.base/java.lang.invoke=ALL-UNNAMED --add-opens=java.prefs/java.util.prefs=ALL-UNNAMED -Xmx2048m -Dfile.encoding=windows-1252 -Duser.country=IN -Duser.language=en -Duser.variant 
java_command: org.gradle.launcher.daemon.bootstrap.GradleDaemon 6.1.1
java_class_path (initial): C:\Users\ELCOT\.gradle\caches\gradle-6.5\wrapper\dists\gradle-6.1.1-all\cfmwm155h49vnt3hynmlrsdst\gradle-6.1.1\lib\gradle-launcher-6.1.1.jar
Launcher Type: SUN_STANDARD

[Global flags]
     intx CICompilerCount                          = 2                                         {product} {ergonomic}
     uint ConcGCThreads                            = 1                                         {product} {ergonomic}
     uint G1ConcRefinementThreads                  = 2                                         {product} {ergonomic}
   size_t G1HeapRegionSize                         = 1048576                                   {product} {ergonomic}
    uintx GCDrainStackTargetSize                   = 64                                        {product} {ergonomic}
   size_t InitialHeapSize                          = 65011712                                  {product} {ergonomic}
   size_t MarkStackSize                            = 4194304                                   {product} {ergonomic}
   size_t MaxHeapSize                              = 2147483648                                {product} {command line}
   size_t MaxNewSize                               = 1287651328                                {product} {ergonomic}
   size_t MinHeapDeltaBytes                        = 1048576                                   {product} {ergonomic}
   size_t MinHeapSize                              = 8388608                                   {product} {ergonomic}
    uintx NonNMethodCodeHeapSize                   = 5826188                                {pd product} {ergonomic}
    uintx NonProfiledCodeHeapSize                  = 122916026                              {pd product} {ergonomic}
    uintx ProfiledCodeHeapSize                     = 122916026                              {pd product} {ergonomic}
    uintx ReservedCodeCacheSize                    = 251658240                              {pd product} {ergonomic}
     bool SegmentedCodeCache                       = true                                      {product} {ergonomic}
   size_t SoftMaxHeapSize                          = 2147483648                             {manageable} {ergonomic}
     bool UseCompressedClassPointers               = true                                 {lp64_product} {ergonomic}
     bool UseCompressedOops                        = true                                 {lp64_product} {ergonomic}
     bool UseG1GC                                  = true                                      {product} {ergonomic}
     bool UseLargePagesIndividualAllocation        = false                                  {pd product} {ergonomic}

Logging:
Log output configuration:
 #0: stdout all=warning uptime,level,tags
 #1: stderr all=off uptime,level,tags

Environment Variables:
JAVA_HOME=C:\Program Files\Android\Android Studio\jre
PATH=C:\Program Files\AdoptOpenJDK\jdk-11.0.7.10-hotspot\bin;C:\Program Files (x86)\Common Files\Oracle\Java\javapath;C:\MinGW\bin;C:\Windows\system32;C:\Windows;C:\Windows\System32\Wbem;C:\Windows\System32\WindowsPowerShell\v1.0\;C:\Windows\System32\OpenSSH\;C:\Program Files\nodejs\;C:\Users\ELCOT\Downloads\python-3.8.2;C:\Program Files\Dart\dart-sdk\bin;C:\drivers\chromedriver_win32.zip;C:\src\flutter\flutter_windows_v1.12.13+hotfix.9-stable\flutter\bin;C:\Program Files (x86)\Android\android-sdk\platforms\platform-tools;C:\Program Files (x86)\Android\android-sdk\platform-tools\api;C:\Downloads\installer_r16-windows.exe;C:\ProgramData\Microsoft\Windows\Start Menu\Programs\Android SDK Tools;D:\kishoreAndroid\Android\Android Studio\bin;D:\kishoreAndroid\Android\Android Studio;C:\ProgramData\Microsoft\Windows\Start Menu\Programs\Visual Studio Emulator for Android.lnk;C:\Downloads\vs_emulatorsetup.exe;C:\Program Files (x86)\Android\android-sdk\SDK Manager;D:\Kishore\platforms;C:\Users\ELCOT\AppData\Local\Programs\Python\Python38\Scripts\;C:\Users\;C:\Program Files\Android\Android Studio\jre;C:\Program Files\Java\jdk-13.0.2\bin;C:\Program Files\Java\jre1.8.0_251\bin;C:\Program Files (x86)\Android\platform-tools;C:\Downloads\python-3.8.2.exe;C:\Program Files\dotnet\;C:\Program Files\Microsoft SQL Server\130\Tools\Binn\;C:\Program Files\Microsoft SQL Server\Client SDK\ODBC\170\Tools\Binn\;D:\Git\cmd;C:\Users\ELCOT\AppData\Roaming\npm;C:\Users\ELCOT\AppData\Local\Programs\Python\Python39\Scripts\;C:\Users\ELCOT\AppData\Local\Programs\Python\Python39\;C:\Users\ELCOT\AppData\Local\ValidatorBuddy;C:\Users\ELCOT\AppData\Local\Programs\Python\Python38;C:\src\flutter\bin;D:\Heroku\bin;D:\Microsoft VS Code\bin;C:\Users\ELCOT\AppData\Roaming\npm\node_modules\firebase\node_modules\protobufjs\bin;
USERNAME=ELCOT
OS=Windows_NT
PROCESSOR_IDENTIFIER=AMD64 Family 21 Model 112 Stepping 0, AuthenticAMD



---------------  S Y S T E M  ---------------

OS: Windows 10 , 64 bit Build 17763 (10.0.17763.1158)
HyperV virtualization detected

CPU:total 2 (initial active 2) (2 cores per cpu, 1 threads per core) family 21 model 112 stepping 0, cmov, cx8, fxsr, mmx, sse, sse2, sse3, ssse3, sse4.1, sse4.2, popcnt, avx, avx2, aes, clmul, mmxext, 3dnowpref, lzcnt, sse4a, tsc, tscinvbit, tscinv, bmi1, bmi2, fma

Memory: 4k page, system-wide physical 3935M (275M free)
TotalPageFile size 5322M (AvailPageFile size 53M)
current process WorkingSet (physical memory assigned to process): 440M, peak: 440M
current process commit charge ("private bytes"): 504M, peak: 578M

vm_info: Java HotSpot(TM) 64-Bit Server VM (13.0.2+8) for windows-amd64 JRE (13.0.2+8), built on Dec 11 2019 09:20:33 by "mach5one" with unknown MS VC++:1916

END.
