#
# There is insufficient memory for the Java Runtime Environment to continue.
# Native memory allocation (mmap) failed to map 47185920 bytes for Failed to commit area from 0x00000000d8400000 to 0x00000000db100000 of length 47185920.
# Possible reasons:
#   The system is out of physical RAM or swap space
#   The process is running with CompressedOops enabled, and the Java Heap may be blocking the growth of the native heap
# Possible solutions:
#   Reduce memory load on the system
#   Increase physical memory or swap space
#   Check if swap backing store is full
#   Decrease Java heap size (-Xmx/-Xms)
#   Decrease number of Java threads
#   Decrease Java thread stack sizes (-Xss)
#   Set larger code cache with -XX:ReservedCodeCacheSize=
#   JVM is running with Unscaled Compressed Oops mode in which the Java heap is
#     placed in the first 4GB address space. The Java Heap base address is the
#     maximum limit for the native heap growth. Please use -XX:HeapBaseMinAddress
#     to set the Java Heap base and to place the Java Heap above 4GB virtual address.
# This output file may be truncated or incomplete.
#
#  Out of Memory Error (t:/workspace/open/src/hotspot/os/windows/os_windows.cpp:3301), pid=276, tid=1788
#
# JRE version: Java(TM) SE Runtime Environment (13.0.2+8) (build 13.0.2+8)
# Java VM: Java HotSpot(TM) 64-Bit Server VM (13.0.2+8, mixed mode, sharing, tiered, compressed oops, g1 gc, windows-amd64)
# No core dump will be written. Minidumps are not enabled by default on client versions of Windows
#

---------------  S U M M A R Y ------------

Command Line: --add-opens=java.base/java.util=ALL-UNNAMED --add-opens=java.base/java.lang=ALL-UNNAMED --add-opens=java.base/java.lang.invoke=ALL-UNNAMED --add-opens=java.prefs/java.util.prefs=ALL-UNNAMED -Xmx1024m -Dfile.encoding=windows-1252 -Duser.country=IN -Duser.language=en -Duser.variant org.gradle.launcher.daemon.bootstrap.GradleDaemon 6.1.1

Host: AMD PRO A4-4350B R4, 5 COMPUTE CORES 2C+3G     , 2 cores, 3G,  Windows 10 , 64 bit Build 17763 (10.0.17763.1158)
Time: Sat Jan  2 06:37:42 2021 Pacific Standard Time elapsed time: 7985 seconds (0d 2h 13m 5s)

---------------  T H R E A D  ---------------

Current thread (0x000001a384452000):  VMThread "VM Thread" [stack: 0x00000010dc000000,0x00000010dc100000] [id=1788]

Stack: [0x00000010dc000000,0x00000010dc100000]
[error occurred during error reporting (printing stack bounds), id 0xc0000005, EXCEPTION_ACCESS_VIOLATION (0xc0000005) at pc=0x000001a3f05510ad]

Native frames: (J=compiled Java code, j=interpreted, Vv=VM code, C=native code)
V  [jvm.dll+0x624f9a]
V  [jvm.dll+0x770cfa]
V  [jvm.dll+0x7724af]
V  [jvm.dll+0x772a15]
V  [jvm.dll+0x7729cb]
V  [jvm.dll+0x6244df]
C  [ntdll.dll+0x66b26]
C  [ntdll.dll+0x4849]
C  [ntdll.dll+0xa350e]
C  0x000001a3f05510ad

VM_Operation (0x00000010dbcff800): G1Concurrent, mode: safepoint, requested by thread 0x000001a3e6898000


---------------  P R O C E S S  ---------------

Threads class SMR info:
_java_thread_list=0x000001a38a9cfaa0, length=35, elements={
0x000001a3e685f000, 0x000001a38445d800, 0x000001a38445e800, 0x000001a38447a800,
0x000001a38447c800, 0x000001a38447e000, 0x000001a384481800, 0x000001a384487800,
0x000001a384edd000, 0x000001a384ee3800, 0x000001a385e95800, 0x000001a385071000,
0x000001a38508e000, 0x000001a384e79000, 0x000001a384e78800, 0x000001a384e7e000,
0x000001a387744000, 0x000001a387745000, 0x000001a387748000, 0x000001a38774f000,
0x000001a387746000, 0x000001a38774a800, 0x000001a38774b800, 0x000001a38774a000,
0x000001a38774c800, 0x000001a387747800, 0x000001a387746800, 0x000001a387751000,
0x000001a38774d000, 0x000001a387752000, 0x000001a387753000, 0x000001a38774e000,
0x000001a38d88b800, 0x000001a38d889000, 0x000001a38d88a000
}

Java Threads: ( => current thread )
  0x000001a3e685f000 JavaThread "main" [_thread_blocked, id=10012, stack(0x00000010dba00000,0x00000010dbb00000)]
  0x000001a38445d800 JavaThread "Reference Handler" daemon [_thread_blocked, id=1408, stack(0x00000010dc100000,0x00000010dc200000)]
  0x000001a38445e800 JavaThread "Finalizer" daemon [_thread_blocked, id=9088, stack(0x00000010dc200000,0x00000010dc300000)]
  0x000001a38447a800 JavaThread "Signal Dispatcher" daemon [_thread_blocked, id=8644, stack(0x00000010dc300000,0x00000010dc400000)]
  0x000001a38447c800 JavaThread "Attach Listener" daemon [_thread_blocked, id=5156, stack(0x00000010dc400000,0x00000010dc500000)]
  0x000001a38447e000 JavaThread "C2 CompilerThread0" daemon [_thread_blocked, id=900, stack(0x00000010dc500000,0x00000010dc600000)]
  0x000001a384481800 JavaThread "C1 CompilerThread0" daemon [_thread_blocked, id=8440, stack(0x00000010dc600000,0x00000010dc700000)]
  0x000001a384487800 JavaThread "Sweeper thread" daemon [_thread_blocked, id=8708, stack(0x00000010dc700000,0x00000010dc800000)]
  0x000001a384edd000 JavaThread "Common-Cleaner" daemon [_thread_blocked, id=6816, stack(0x00000010dc800000,0x00000010dc900000)]
  0x000001a384ee3800 JavaThread "Service Thread" daemon [_thread_blocked, id=9284, stack(0x00000010dc900000,0x00000010dca00000)]
  0x000001a385e95800 JavaThread "Daemon health stats" [_thread_blocked, id=3916, stack(0x00000010dcc00000,0x00000010dcd00000)]
  0x000001a385071000 JavaThread "Incoming local TCP Connector on port 50872" [_thread_in_native, id=4804, stack(0x00000010dcd00000,0x00000010dce00000)]
  0x000001a38508e000 JavaThread "Daemon periodic checks" [_thread_blocked, id=7668, stack(0x00000010dce00000,0x00000010dcf00000)]
  0x000001a384e79000 JavaThread "Cache worker for journal cache (C:\Users\ELCOT\.gradle\caches\gradle-6.5\caches\journal-1)" [_thread_blocked, id=8628, stack(0x00000010dd600000,0x00000010dd700000)]
  0x000001a384e78800 JavaThread "File lock request listener" [_thread_in_native, id=7392, stack(0x00000010dd700000,0x00000010dd800000)]
  0x000001a384e7e000 JavaThread "Cache worker for file hash cache (C:\Users\ELCOT\.gradle\caches\gradle-6.5\caches\6.1.1\fileHashes)" [_thread_blocked, id=9456, stack(0x00000010dd800000,0x00000010dd900000)]
  0x000001a387744000 JavaThread "Cache worker for execution history cache (C:\Users\ELCOT\.gradle\caches\gradle-6.5\caches\6.1.1\executionHistory)" [_thread_blocked, id=468, stack(0x00000010ddd00000,0x00000010dde00000)]
  0x000001a387745000 JavaThread "Memory manager" [_thread_blocked, id=3616, stack(0x00000010de100000,0x00000010de200000)]
  0x000001a387748000 JavaThread "Cache worker for file content cache (C:\Users\ELCOT\.gradle\caches\gradle-6.5\caches\6.1.1\fileContent)" [_thread_blocked, id=4732, stack(0x00000010de200000,0x00000010de300000)]
  0x000001a38774f000 JavaThread "Cache worker for Java compile cache (C:\Users\ELCOT\.gradle\caches\gradle-6.5\caches\6.1.1\javaCompile)" [_thread_blocked, id=4788, stack(0x00000010de800000,0x00000010de900000)]
  0x000001a387746000 JavaThread "ForkJoinPool.commonPool-worker-1" daemon [_thread_blocked, id=4820, stack(0x00000010dea00000,0x00000010deb00000)]
  0x000001a38774a800 JavaThread "Java2D Disposer" daemon [_thread_blocked, id=5828, stack(0x00000010dec00000,0x00000010ded00000)]
  0x000001a38774b800 JavaThread "Daemon Thread 11" [_thread_blocked, id=7088, stack(0x00000010db800000,0x00000010db900000)]
  0x000001a38774a000 JavaThread "Handler for socket connection from /127.0.0.1:50872 to /127.0.0.1:51547" [_thread_in_native, id=9084, stack(0x00000010db900000,0x00000010dba00000)]
  0x000001a38774c800 JavaThread "Cancel handler" [_thread_blocked, id=6552, stack(0x00000010dcf00000,0x00000010dd000000)]
  0x000001a387747800 JavaThread "Daemon worker Thread 11" [_thread_blocked, id=9932, stack(0x00000010dd000000,0x00000010dd100000)]
  0x000001a387746800 JavaThread "Asynchronous log dispatcher for DefaultDaemonConnection: socket connection from /127.0.0.1:50872 to /127.0.0.1:51547" [_thread_blocked, id=8104, stack(0x00000010dd100000,0x00000010dd200000)]
  0x000001a387751000 JavaThread "Thread-262" [_thread_blocked, id=4424, stack(0x00000010dd300000,0x00000010dd400000)]
  0x000001a38774d000 JavaThread "Cache worker for checksums cache (D:\AndroidStudioProjects\DoChat\.gradle\checksums)" [_thread_blocked, id=5532, stack(0x00000010dd500000,0x00000010dd600000)]
  0x000001a387752000 JavaThread "Cache worker for file hash cache (D:\AndroidStudioProjects\DoChat\.gradle\6.1.1\fileHashes)" [_thread_blocked, id=8120, stack(0x00000010dd900000,0x00000010dda00000)]
  0x000001a387753000 JavaThread "Cache worker for cache directory md-supplier (C:\Users\ELCOT\.gradle\caches\gradle-6.5\caches\6.1.1\md-supplier)" [_thread_blocked, id=1976, stack(0x00000010dda00000,0x00000010ddb00000)]
  0x000001a38774e000 JavaThread "Cache worker for cache directory md-rule (C:\Users\ELCOT\.gradle\caches\gradle-6.5\caches\6.1.1\md-rule)" [_thread_blocked, id=5620, stack(0x00000010ddb00000,0x00000010ddc00000)]
  0x000001a38d88b800 JavaThread "Build operations" [_thread_blocked, id=4348, stack(0x00000010ddc00000,0x00000010ddd00000)]
  0x000001a38d889000 JavaThread "Build operations Thread 2" [_thread_blocked, id=7812, stack(0x00000010dde00000,0x00000010ddf00000)]
  0x000001a38d88a000 JavaThread "Cache worker for Build Output Cleanup Cache (D:\AndroidStudioProjects\DoChat\.gradle\buildOutputCleanup)" [_thread_blocked, id=4828, stack(0x00000010ddf00000,0x00000010de000000)]

Other Threads:
=>0x000001a384452000 VMThread "VM Thread" [stack: 0x00000010dc000000,0x00000010dc100000] [id=1788]
  0x000001a384ef1000 WatcherThread [stack: 0x00000010dca00000,0x00000010dcb00000] [id=3980]
  0x000001a3e688e800 GCTaskThread "GC Thread#0" [stack: 0x00000010dbb00000,0x00000010dbc00000] [id=8112]
  0x000001a38500b800 GCTaskThread "GC Thread#1" [stack: 0x00000010dcb00000,0x00000010dcc00000] [id=1720]
  0x000001a3e6898000 ConcurrentGCThread "G1 Main Marker" [stack: 0x00000010dbc00000,0x00000010dbd00000] [id=9164]
  0x000001a3e6899800 ConcurrentGCThread "G1 Conc#0" [stack: 0x00000010dbd00000,0x00000010dbe00000] [id=8688]
  0x000001a3e68eb800 ConcurrentGCThread "G1 Refine#0" [stack: 0x00000010dbe00000,0x00000010dbf00000] [id=10232]
  0x000001a386833800 ConcurrentGCThread "G1 Refine#1" [stack: 0x00000010dd400000,0x00000010dd500000] [id=2180]
  0x000001a3e68ed800 ConcurrentGCThread "G1 Young RemSet Sampling" [stack: 0x00000010dbf00000,0x00000010dc000000] [id=4060]

Threads with active compile tasks:

VM state:at safepoint (normal execution)

VM Mutex/Monitor currently owned by a thread:  ([mutex/lock_event])
[0x000001a3e685a530] Threads_lock - owner thread: 0x000001a384452000
[0x000001a3e685b7c0] Heap_lock - owner thread: 0x000001a3e6898000

Heap address: 0x00000000c0000000, size: 1024 MB, Compressed Oops mode: 32-bit
Narrow klass base: 0x0000000800000000, Narrow klass shift: 3
Compressed class space size: 1073741824 Address: 0x0000000800b40000

Heap:
 garbage-first heap   total 444416K, used 283956K [0x00000000c0000000, 0x0000000100000000)
  region size 1024K, 92 young (94208K), 5 survivors (5120K)
 Metaspace       used 129271K, capacity 133686K, committed 133936K, reserved 1165312K
  class space    used 15727K, capacity 17149K, committed 17280K, reserved 1048576K
Heap Regions: E=young(eden), S=young(survivor), O=old, HS=humongous(starts), HC=humongous(continues), CS=collection set, F=free, A=archive, TAMS=top-at-mark-start (previous, next)
|   0|0x00000000c0000000, 0x00000000c0100000, 0x00000000c0100000|100%|HS|  |TAMS 0x00000000c0100000, 0x00000000c0000000| Complete 
|   1|0x00000000c0100000, 0x00000000c0200000, 0x00000000c0200000|100%|HC|  |TAMS 0x00000000c0200000, 0x00000000c0100000| Complete 
|   2|0x00000000c0200000, 0x00000000c0300000, 0x00000000c0300000|100%|HC|  |TAMS 0x00000000c0300000, 0x00000000c0200000| Complete 
|   3|0x00000000c0300000, 0x00000000c0400000, 0x00000000c0400000|100%| O|  |TAMS 0x00000000c0400000, 0x00000000c0300000| Updating 
|   4|0x00000000c0400000, 0x00000000c0500000, 0x00000000c0500000|100%| O|  |TAMS 0x00000000c0500000, 0x00000000c0400000| Updating 
|   5|0x00000000c0500000, 0x00000000c0600000, 0x00000000c0600000|100%| O|  |TAMS 0x00000000c0600000, 0x00000000c0500000| Updating 
|   6|0x00000000c0600000, 0x00000000c0700000, 0x00000000c0700000|100%| O|  |TAMS 0x00000000c0700000, 0x00000000c0600000| Updating 
|   7|0x00000000c0700000, 0x00000000c0800000, 0x00000000c0800000|100%| O|  |TAMS 0x00000000c0800000, 0x00000000c0700000| Updating 
|   8|0x00000000c0800000, 0x00000000c0900000, 0x00000000c0900000|100%| O|  |TAMS 0x00000000c0900000, 0x00000000c0800000| Updating 
|   9|0x00000000c0900000, 0x00000000c0a00000, 0x00000000c0a00000|100%| O|  |TAMS 0x00000000c0a00000, 0x00000000c0900000| Updating 
|  10|0x00000000c0a00000, 0x00000000c0b00000, 0x00000000c0b00000|100%| O|  |TAMS 0x00000000c0b00000, 0x00000000c0a00000| Updating 
|  11|0x00000000c0b00000, 0x00000000c0c00000, 0x00000000c0c00000|100%| O|  |TAMS 0x00000000c0c00000, 0x00000000c0b00000| Updating 
|  12|0x00000000c0c00000, 0x00000000c0d00000, 0x00000000c0d00000|100%| O|  |TAMS 0x00000000c0d00000, 0x00000000c0c00000| Updating 
|  13|0x00000000c0d00000, 0x00000000c0e00000, 0x00000000c0e00000|100%| O|  |TAMS 0x00000000c0e00000, 0x00000000c0d00000| Updating 
|  14|0x00000000c0e00000, 0x00000000c0f00000, 0x00000000c0f00000|100%| O|  |TAMS 0x00000000c0f00000, 0x00000000c0e00000| Updating 
|  15|0x00000000c0f00000, 0x00000000c1000000, 0x00000000c1000000|100%|HS|  |TAMS 0x00000000c1000000, 0x00000000c0f00000| Complete 
|  16|0x00000000c1000000, 0x00000000c1100000, 0x00000000c1100000|100%|HC|  |TAMS 0x00000000c1100000, 0x00000000c1000000| Complete 
|  17|0x00000000c1100000, 0x00000000c1200000, 0x00000000c1200000|100%|HS|  |TAMS 0x00000000c1200000, 0x00000000c1100000| Complete 
|  18|0x00000000c1200000, 0x00000000c1300000, 0x00000000c1300000|100%|HC|  |TAMS 0x00000000c1300000, 0x00000000c1200000| Complete 
|  19|0x00000000c1300000, 0x00000000c1400000, 0x00000000c1400000|100%|HC|  |TAMS 0x00000000c1400000, 0x00000000c1300000| Complete 
|  20|0x00000000c1400000, 0x00000000c1500000, 0x00000000c1500000|100%|HS|  |TAMS 0x00000000c1500000, 0x00000000c1400000| Complete 
|  21|0x00000000c1500000, 0x00000000c1600000, 0x00000000c1600000|100%|HC|  |TAMS 0x00000000c1600000, 0x00000000c1500000| Complete 
|  22|0x00000000c1600000, 0x00000000c1700000, 0x00000000c1700000|100%|HC|  |TAMS 0x00000000c1700000, 0x00000000c1600000| Complete 
|  23|0x00000000c1700000, 0x00000000c1800000, 0x00000000c1800000|100%|HC|  |TAMS 0x00000000c1800000, 0x00000000c1700000| Complete 
|  24|0x00000000c1800000, 0x00000000c1900000, 0x00000000c1900000|100%| O|  |TAMS 0x00000000c1900000, 0x00000000c1800000| Updating 
|  25|0x00000000c1900000, 0x00000000c1a00000, 0x00000000c1a00000|100%| O|  |TAMS 0x00000000c1a00000, 0x00000000c1900000| Updating 
|  26|0x00000000c1a00000, 0x00000000c1b00000, 0x00000000c1b00000|100%| O|  |TAMS 0x00000000c1b00000, 0x00000000c1a00000| Updating 
|  27|0x00000000c1b00000, 0x00000000c1c00000, 0x00000000c1c00000|100%| O|  |TAMS 0x00000000c1c00000, 0x00000000c1b00000| Updating 
|  28|0x00000000c1c00000, 0x00000000c1d00000, 0x00000000c1d00000|100%| O|  |TAMS 0x00000000c1d00000, 0x00000000c1c00000| Updating 
|  29|0x00000000c1d00000, 0x00000000c1e00000, 0x00000000c1e00000|100%| O|  |TAMS 0x00000000c1e00000, 0x00000000c1d00000| Updating 
|  30|0x00000000c1e00000, 0x00000000c1f00000, 0x00000000c1f00000|100%| O|  |TAMS 0x00000000c1f00000, 0x00000000c1e00000| Updating 
|  31|0x00000000c1f00000, 0x00000000c2000000, 0x00000000c2000000|100%| O|  |TAMS 0x00000000c2000000, 0x00000000c1f00000| Updating 
|  32|0x00000000c2000000, 0x00000000c2000000, 0x00000000c2100000|  0%| F|  |TAMS 0x00000000c2000000, 0x00000000c2000000| Untracked 
|  33|0x00000000c2100000, 0x00000000c2100000, 0x00000000c2200000|  0%| F|  |TAMS 0x00000000c2100000, 0x00000000c2100000| Untracked 
|  34|0x00000000c2200000, 0x00000000c2300000, 0x00000000c2300000|100%| O|  |TAMS 0x00000000c2300000, 0x00000000c2200000| Updating 
|  35|0x00000000c2300000, 0x00000000c2300000, 0x00000000c2400000|  0%| F|  |TAMS 0x00000000c2300000, 0x00000000c2300000| Untracked 
|  36|0x00000000c2400000, 0x00000000c2500000, 0x00000000c2500000|100%|HS|  |TAMS 0x00000000c2500000, 0x00000000c2400000| Complete 
|  37|0x00000000c2500000, 0x00000000c2600000, 0x00000000c2600000|100%|HC|  |TAMS 0x00000000c2600000, 0x00000000c2500000| Complete 
|  38|0x00000000c2600000, 0x00000000c2700000, 0x00000000c2700000|100%|HC|  |TAMS 0x00000000c2700000, 0x00000000c2600000| Complete 
|  39|0x00000000c2700000, 0x00000000c2800000, 0x00000000c2800000|100%| O|  |TAMS 0x00000000c2800000, 0x00000000c2700000| Updating 
|  40|0x00000000c2800000, 0x00000000c2800000, 0x00000000c2900000|  0%| F|  |TAMS 0x00000000c2800000, 0x00000000c2800000| Untracked 
|  41|0x00000000c2900000, 0x00000000c2a00000, 0x00000000c2a00000|100%| O|  |TAMS 0x00000000c2a00000, 0x00000000c2900000| Updating 
|  42|0x00000000c2a00000, 0x00000000c2b00000, 0x00000000c2b00000|100%|HS|  |TAMS 0x00000000c2b00000, 0x00000000c2a00000| Complete 
|  43|0x00000000c2b00000, 0x00000000c2c00000, 0x00000000c2c00000|100%|HC|  |TAMS 0x00000000c2c00000, 0x00000000c2b00000| Complete 
|  44|0x00000000c2c00000, 0x00000000c2c00000, 0x00000000c2d00000|  0%| F|  |TAMS 0x00000000c2c00000, 0x00000000c2c00000| Untracked 
|  45|0x00000000c2d00000, 0x00000000c2e00000, 0x00000000c2e00000|100%| O|  |TAMS 0x00000000c2e00000, 0x00000000c2d00000| Updating 
|  46|0x00000000c2e00000, 0x00000000c2f00000, 0x00000000c2f00000|100%| O|  |TAMS 0x00000000c2f00000, 0x00000000c2e00000| Updating 
|  47|0x00000000c2f00000, 0x00000000c2f00000, 0x00000000c3000000|  0%| F|  |TAMS 0x00000000c2f00000, 0x00000000c2f00000| Untracked 
|  48|0x00000000c3000000, 0x00000000c3100000, 0x00000000c3100000|100%| O|  |TAMS 0x00000000c3100000, 0x00000000c3000000| Updating 
|  49|0x00000000c3100000, 0x00000000c3100000, 0x00000000c3200000|  0%| F|  |TAMS 0x00000000c3100000, 0x00000000c3100000| Untracked 
|  50|0x00000000c3200000, 0x00000000c3300000, 0x00000000c3300000|100%| O|  |TAMS 0x00000000c3300000, 0x00000000c3200000| Updating 
|  51|0x00000000c3300000, 0x00000000c3300000, 0x00000000c3400000|  0%| F|  |TAMS 0x00000000c3300000, 0x00000000c3300000| Untracked 
|  52|0x00000000c3400000, 0x00000000c3500000, 0x00000000c3500000|100%| O|  |TAMS 0x00000000c3500000, 0x00000000c3400000| Updating 
|  53|0x00000000c3500000, 0x00000000c3600000, 0x00000000c3600000|100%| O|  |TAMS 0x00000000c3600000, 0x00000000c3500000| Updating 
|  54|0x00000000c3600000, 0x00000000c3700000, 0x00000000c3700000|100%| O|  |TAMS 0x00000000c3700000, 0x00000000c3600000| Updating 
|  55|0x00000000c3700000, 0x00000000c3800000, 0x00000000c3800000|100%| O|  |TAMS 0x00000000c3800000, 0x00000000c3700000| Updating 
|  56|0x00000000c3800000, 0x00000000c3900000, 0x00000000c3900000|100%| O|  |TAMS 0x00000000c3900000, 0x00000000c3800000| Updating 
|  57|0x00000000c3900000, 0x00000000c3a00000, 0x00000000c3a00000|100%| O|  |TAMS 0x00000000c3a00000, 0x00000000c3900000| Updating 
|  58|0x00000000c3a00000, 0x00000000c3b00000, 0x00000000c3b00000|100%| O|  |TAMS 0x00000000c3b00000, 0x00000000c3a00000| Updating 
|  59|0x00000000c3b00000, 0x00000000c3c00000, 0x00000000c3c00000|100%| O|  |TAMS 0x00000000c3c00000, 0x00000000c3b00000| Updating 
|  60|0x00000000c3c00000, 0x00000000c3d00000, 0x00000000c3d00000|100%| O|  |TAMS 0x00000000c3d00000, 0x00000000c3c00000| Updating 
|  61|0x00000000c3d00000, 0x00000000c3e00000, 0x00000000c3e00000|100%| O|  |TAMS 0x00000000c3e00000, 0x00000000c3d00000| Updating 
|  62|0x00000000c3e00000, 0x00000000c3f00000, 0x00000000c3f00000|100%| O|  |TAMS 0x00000000c3f00000, 0x00000000c3e00000| Updating 
|  63|0x00000000c3f00000, 0x00000000c4000000, 0x00000000c4000000|100%| O|  |TAMS 0x00000000c4000000, 0x00000000c3f00000| Updating 
|  64|0x00000000c4000000, 0x00000000c4100000, 0x00000000c4100000|100%|HS|  |TAMS 0x00000000c4100000, 0x00000000c4000000| Complete 
|  65|0x00000000c4100000, 0x00000000c4200000, 0x00000000c4200000|100%|HC|  |TAMS 0x00000000c4200000, 0x00000000c4100000| Complete 
|  66|0x00000000c4200000, 0x00000000c4300000, 0x00000000c4300000|100%|HC|  |TAMS 0x00000000c4300000, 0x00000000c4200000| Complete 
|  67|0x00000000c4300000, 0x00000000c4400000, 0x00000000c4400000|100%|HC|  |TAMS 0x00000000c4400000, 0x00000000c4300000| Complete 
|  68|0x00000000c4400000, 0x00000000c4500000, 0x00000000c4500000|100%| O|  |TAMS 0x00000000c4500000, 0x00000000c4400000| Updating 
|  69|0x00000000c4500000, 0x00000000c4600000, 0x00000000c4600000|100%| O|  |TAMS 0x00000000c4600000, 0x00000000c4500000| Updating 
|  70|0x00000000c4600000, 0x00000000c4700000, 0x00000000c4700000|100%| O|  |TAMS 0x00000000c4700000, 0x00000000c4600000| Updating 
|  71|0x00000000c4700000, 0x00000000c4800000, 0x00000000c4800000|100%| O|  |TAMS 0x00000000c4800000, 0x00000000c4700000| Updating 
|  72|0x00000000c4800000, 0x00000000c4900000, 0x00000000c4900000|100%| O|  |TAMS 0x00000000c4900000, 0x00000000c4800000| Updating 
|  73|0x00000000c4900000, 0x00000000c4a00000, 0x00000000c4a00000|100%| O|  |TAMS 0x00000000c4a00000, 0x00000000c4900000| Updating 
|  74|0x00000000c4a00000, 0x00000000c4b00000, 0x00000000c4b00000|100%| O|  |TAMS 0x00000000c4b00000, 0x00000000c4a00000| Updating 
|  75|0x00000000c4b00000, 0x00000000c4c00000, 0x00000000c4c00000|100%| O|  |TAMS 0x00000000c4c00000, 0x00000000c4b00000| Updating 
|  76|0x00000000c4c00000, 0x00000000c4d00000, 0x00000000c4d00000|100%| O|  |TAMS 0x00000000c4d00000, 0x00000000c4c00000| Updating 
|  77|0x00000000c4d00000, 0x00000000c4e00000, 0x00000000c4e00000|100%| O|  |TAMS 0x00000000c4e00000, 0x00000000c4d00000| Updating 
|  78|0x00000000c4e00000, 0x00000000c4f00000, 0x00000000c4f00000|100%| O|  |TAMS 0x00000000c4f00000, 0x00000000c4e00000| Updating 
|  79|0x00000000c4f00000, 0x00000000c5000000, 0x00000000c5000000|100%| O|  |TAMS 0x00000000c5000000, 0x00000000c4f00000| Updating 
|  80|0x00000000c5000000, 0x00000000c5100000, 0x00000000c5100000|100%| O|  |TAMS 0x00000000c5100000, 0x00000000c5000000| Updating 
|  81|0x00000000c5100000, 0x00000000c5200000, 0x00000000c5200000|100%| O|  |TAMS 0x00000000c5200000, 0x00000000c5100000| Updating 
|  82|0x00000000c5200000, 0x00000000c5300000, 0x00000000c5300000|100%| O|  |TAMS 0x00000000c5300000, 0x00000000c5200000| Updating 
|  83|0x00000000c5300000, 0x00000000c5400000, 0x00000000c5400000|100%| O|  |TAMS 0x00000000c5400000, 0x00000000c5300000| Updating 
|  84|0x00000000c5400000, 0x00000000c5500000, 0x00000000c5500000|100%| O|  |TAMS 0x00000000c5500000, 0x00000000c5400000| Updating 
|  85|0x00000000c5500000, 0x00000000c5600000, 0x00000000c5600000|100%| O|  |TAMS 0x00000000c5600000, 0x00000000c5500000| Updating 
|  86|0x00000000c5600000, 0x00000000c5700000, 0x00000000c5700000|100%| O|  |TAMS 0x00000000c5700000, 0x00000000c5600000| Updating 
|  87|0x00000000c5700000, 0x00000000c5800000, 0x00000000c5800000|100%| O|  |TAMS 0x00000000c5800000, 0x00000000c5700000| Updating 
|  88|0x00000000c5800000, 0x00000000c5900000, 0x00000000c5900000|100%| O|  |TAMS 0x00000000c5900000, 0x00000000c5800000| Updating 
|  89|0x00000000c5900000, 0x00000000c5a00000, 0x00000000c5a00000|100%| O|  |TAMS 0x00000000c5a00000, 0x00000000c5900000| Updating 
|  90|0x00000000c5a00000, 0x00000000c5b00000, 0x00000000c5b00000|100%| O|  |TAMS 0x00000000c5b00000, 0x00000000c5a00000| Updating 
|  91|0x00000000c5b00000, 0x00000000c5c00000, 0x00000000c5c00000|100%| O|  |TAMS 0x00000000c5c00000, 0x00000000c5b00000| Updating 
|  92|0x00000000c5c00000, 0x00000000c5d00000, 0x00000000c5d00000|100%| O|  |TAMS 0x00000000c5d00000, 0x00000000c5c00000| Updating 
|  93|0x00000000c5d00000, 0x00000000c5e00000, 0x00000000c5e00000|100%| O|  |TAMS 0x00000000c5e00000, 0x00000000c5d00000| Updating 
|  94|0x00000000c5e00000, 0x00000000c5f00000, 0x00000000c5f00000|100%| O|  |TAMS 0x00000000c5f00000, 0x00000000c5e00000| Updating 
|  95|0x00000000c5f00000, 0x00000000c6000000, 0x00000000c6000000|100%| O|  |TAMS 0x00000000c6000000, 0x00000000c5f00000| Updating 
|  96|0x00000000c6000000, 0x00000000c6100000, 0x00000000c6100000|100%| O|  |TAMS 0x00000000c6100000, 0x00000000c6000000| Updating 
|  97|0x00000000c6100000, 0x00000000c6200000, 0x00000000c6200000|100%| O|  |TAMS 0x00000000c6200000, 0x00000000c6100000| Updating 
|  98|0x00000000c6200000, 0x00000000c6300000, 0x00000000c6300000|100%| O|  |TAMS 0x00000000c6300000, 0x00000000c6200000| Updating 
|  99|0x00000000c6300000, 0x00000000c6400000, 0x00000000c6400000|100%| O|  |TAMS 0x00000000c6400000, 0x00000000c6300000| Updating 
| 100|0x00000000c6400000, 0x00000000c6500000, 0x00000000c6500000|100%| O|  |TAMS 0x00000000c6500000, 0x00000000c6400000| Updating 
| 101|0x00000000c6500000, 0x00000000c6600000, 0x00000000c6600000|100%| O|  |TAMS 0x00000000c6600000, 0x00000000c6500000| Updating 
| 102|0x00000000c6600000, 0x00000000c6700000, 0x00000000c6700000|100%| O|  |TAMS 0x00000000c6700000, 0x00000000c6600000| Updating 
| 103|0x00000000c6700000, 0x00000000c6800000, 0x00000000c6800000|100%| O|  |TAMS 0x00000000c6800000, 0x00000000c6700000| Updating 
| 104|0x00000000c6800000, 0x00000000c6900000, 0x00000000c6900000|100%| O|  |TAMS 0x00000000c6900000, 0x00000000c6800000| Updating 
| 105|0x00000000c6900000, 0x00000000c6a00000, 0x00000000c6a00000|100%| O|  |TAMS 0x00000000c6a00000, 0x00000000c6900000| Updating 
| 106|0x00000000c6a00000, 0x00000000c6b00000, 0x00000000c6b00000|100%| O|  |TAMS 0x00000000c6b00000, 0x00000000c6a00000| Updating 
| 107|0x00000000c6b00000, 0x00000000c6c00000, 0x00000000c6c00000|100%| O|  |TAMS 0x00000000c6c00000, 0x00000000c6b00000| Updating 
| 108|0x00000000c6c00000, 0x00000000c6d00000, 0x00000000c6d00000|100%| O|  |TAMS 0x00000000c6d00000, 0x00000000c6c00000| Updating 
| 109|0x00000000c6d00000, 0x00000000c6e00000, 0x00000000c6e00000|100%| O|  |TAMS 0x00000000c6e00000, 0x00000000c6d00000| Updating 
| 110|0x00000000c6e00000, 0x00000000c6f00000, 0x00000000c6f00000|100%| O|  |TAMS 0x00000000c6f00000, 0x00000000c6e00000| Updating 
| 111|0x00000000c6f00000, 0x00000000c7000000, 0x00000000c7000000|100%| O|  |TAMS 0x00000000c7000000, 0x00000000c6f00000| Updating 
| 112|0x00000000c7000000, 0x00000000c7100000, 0x00000000c7100000|100%| O|  |TAMS 0x00000000c7100000, 0x00000000c7000000| Updating 
| 113|0x00000000c7100000, 0x00000000c7200000, 0x00000000c7200000|100%| O|  |TAMS 0x00000000c7200000, 0x00000000c7100000| Updating 
| 114|0x00000000c7200000, 0x00000000c7300000, 0x00000000c7300000|100%| O|  |TAMS 0x00000000c7300000, 0x00000000c7200000| Updating 
| 115|0x00000000c7300000, 0x00000000c7400000, 0x00000000c7400000|100%| O|  |TAMS 0x00000000c7400000, 0x00000000c7300000| Updating 
| 116|0x00000000c7400000, 0x00000000c7500000, 0x00000000c7500000|100%| O|  |TAMS 0x00000000c7500000, 0x00000000c7400000| Updating 
| 117|0x00000000c7500000, 0x00000000c7600000, 0x00000000c7600000|100%| O|  |TAMS 0x00000000c7600000, 0x00000000c7500000| Updating 
| 118|0x00000000c7600000, 0x00000000c7700000, 0x00000000c7700000|100%| O|  |TAMS 0x00000000c7700000, 0x00000000c7600000| Updating 
| 119|0x00000000c7700000, 0x00000000c7800000, 0x00000000c7800000|100%| O|  |TAMS 0x00000000c7800000, 0x00000000c7700000| Updating 
| 120|0x00000000c7800000, 0x00000000c7900000, 0x00000000c7900000|100%| O|  |TAMS 0x00000000c7900000, 0x00000000c7800000| Updating 
| 121|0x00000000c7900000, 0x00000000c7a00000, 0x00000000c7a00000|100%| O|  |TAMS 0x00000000c7a00000, 0x00000000c7900000| Updating 
| 122|0x00000000c7a00000, 0x00000000c7b00000, 0x00000000c7b00000|100%| O|  |TAMS 0x00000000c7b00000, 0x00000000c7a00000| Updating 
| 123|0x00000000c7b00000, 0x00000000c7c00000, 0x00000000c7c00000|100%| O|  |TAMS 0x00000000c7c00000, 0x00000000c7b00000| Updating 
| 124|0x00000000c7c00000, 0x00000000c7d00000, 0x00000000c7d00000|100%| O|  |TAMS 0x00000000c7d00000, 0x00000000c7c00000| Updating 
| 125|0x00000000c7d00000, 0x00000000c7e00000, 0x00000000c7e00000|100%| O|  |TAMS 0x00000000c7e00000, 0x00000000c7d00000| Updating 
| 126|0x00000000c7e00000, 0x00000000c7f00000, 0x00000000c7f00000|100%| O|  |TAMS 0x00000000c7f00000, 0x00000000c7e00000| Updating 
| 127|0x00000000c7f00000, 0x00000000c8000000, 0x00000000c8000000|100%| O|  |TAMS 0x00000000c8000000, 0x00000000c7f00000| Updating 
| 128|0x00000000c8000000, 0x00000000c8100000, 0x00000000c8100000|100%| O|  |TAMS 0x00000000c8100000, 0x00000000c8000000| Updating 
| 129|0x00000000c8100000, 0x00000000c8200000, 0x00000000c8200000|100%| O|  |TAMS 0x00000000c8200000, 0x00000000c8100000| Updating 
| 130|0x00000000c8200000, 0x00000000c8300000, 0x00000000c8300000|100%| O|  |TAMS 0x00000000c8300000, 0x00000000c8200000| Updating 
| 131|0x00000000c8300000, 0x00000000c8400000, 0x00000000c8400000|100%| O|  |TAMS 0x00000000c8400000, 0x00000000c8300000| Updating 
| 132|0x00000000c8400000, 0x00000000c8500000, 0x00000000c8500000|100%| O|  |TAMS 0x00000000c8500000, 0x00000000c8400000| Updating 
| 133|0x00000000c8500000, 0x00000000c8600000, 0x00000000c8600000|100%| O|  |TAMS 0x00000000c8600000, 0x00000000c8500000| Updating 
| 134|0x00000000c8600000, 0x00000000c8700000, 0x00000000c8700000|100%| O|  |TAMS 0x00000000c8700000, 0x00000000c8600000| Updating 
| 135|0x00000000c8700000, 0x00000000c8800000, 0x00000000c8800000|100%| O|  |TAMS 0x00000000c8800000, 0x00000000c8700000| Updating 
| 136|0x00000000c8800000, 0x00000000c8900000, 0x00000000c8900000|100%| O|  |TAMS 0x00000000c8900000, 0x00000000c8800000| Updating 
| 137|0x00000000c8900000, 0x00000000c8a00000, 0x00000000c8a00000|100%| O|  |TAMS 0x00000000c8a00000, 0x00000000c8900000| Updating 
| 138|0x00000000c8a00000, 0x00000000c8b00000, 0x00000000c8b00000|100%| O|  |TAMS 0x00000000c8b00000, 0x00000000c8a00000| Updating 
| 139|0x00000000c8b00000, 0x00000000c8c00000, 0x00000000c8c00000|100%| O|  |TAMS 0x00000000c8c00000, 0x00000000c8b00000| Updating 
| 140|0x00000000c8c00000, 0x00000000c8d00000, 0x00000000c8d00000|100%| O|  |TAMS 0x00000000c8d00000, 0x00000000c8c00000| Updating 
| 141|0x00000000c8d00000, 0x00000000c8e00000, 0x00000000c8e00000|100%| O|  |TAMS 0x00000000c8e00000, 0x00000000c8d00000| Updating 
| 142|0x00000000c8e00000, 0x00000000c8f00000, 0x00000000c8f00000|100%| O|  |TAMS 0x00000000c8f00000, 0x00000000c8e00000| Updating 
| 143|0x00000000c8f00000, 0x00000000c9000000, 0x00000000c9000000|100%| O|  |TAMS 0x00000000c9000000, 0x00000000c8f00000| Updating 
| 144|0x00000000c9000000, 0x00000000c9100000, 0x00000000c9100000|100%| O|  |TAMS 0x00000000c9100000, 0x00000000c9000000| Updating 
| 145|0x00000000c9100000, 0x00000000c9200000, 0x00000000c9200000|100%| O|  |TAMS 0x00000000c9200000, 0x00000000c9100000| Updating 
| 146|0x00000000c9200000, 0x00000000c9300000, 0x00000000c9300000|100%| O|  |TAMS 0x00000000c9300000, 0x00000000c9200000| Updating 
| 147|0x00000000c9300000, 0x00000000c9400000, 0x00000000c9400000|100%| O|  |TAMS 0x00000000c9400000, 0x00000000c9300000| Updating 
| 148|0x00000000c9400000, 0x00000000c9400000, 0x00000000c9500000|  0%| F|  |TAMS 0x00000000c9400000, 0x00000000c9400000| Untracked 
| 149|0x00000000c9500000, 0x00000000c9600000, 0x00000000c9600000|100%| O|  |TAMS 0x00000000c9600000, 0x00000000c9500000| Updating 
| 150|0x00000000c9600000, 0x00000000c9700000, 0x00000000c9700000|100%| O|  |TAMS 0x00000000c9700000, 0x00000000c9600000| Updating 
| 151|0x00000000c9700000, 0x00000000c9800000, 0x00000000c9800000|100%| O|  |TAMS 0x00000000c9800000, 0x00000000c9700000| Updating 
| 152|0x00000000c9800000, 0x00000000c9900000, 0x00000000c9900000|100%| O|  |TAMS 0x00000000c9900000, 0x00000000c9800000| Updating 
| 153|0x00000000c9900000, 0x00000000c9a00000, 0x00000000c9a00000|100%| O|  |TAMS 0x00000000c9a00000, 0x00000000c9900000| Updating 
| 154|0x00000000c9a00000, 0x00000000c9b00000, 0x00000000c9b00000|100%| O|  |TAMS 0x00000000c9b00000, 0x00000000c9a00000| Updating 
| 155|0x00000000c9b00000, 0x00000000c9c00000, 0x00000000c9c00000|100%| O|  |TAMS 0x00000000c9c00000, 0x00000000c9b00000| Updating 
| 156|0x00000000c9c00000, 0x00000000c9d00000, 0x00000000c9d00000|100%| O|  |TAMS 0x00000000c9d00000, 0x00000000c9c00000| Updating 
| 157|0x00000000c9d00000, 0x00000000c9e00000, 0x00000000c9e00000|100%| O|  |TAMS 0x00000000c9e00000, 0x00000000c9d00000| Updating 
| 158|0x00000000c9e00000, 0x00000000c9f00000, 0x00000000c9f00000|100%| O|  |TAMS 0x00000000c9f00000, 0x00000000c9e00000| Updating 
| 159|0x00000000c9f00000, 0x00000000ca000000, 0x00000000ca000000|100%| O|  |TAMS 0x00000000ca000000, 0x00000000c9f00000| Updating 
| 160|0x00000000ca000000, 0x00000000ca100000, 0x00000000ca100000|100%| O|  |TAMS 0x00000000ca100000, 0x00000000ca000000| Updating 
| 161|0x00000000ca100000, 0x00000000ca200000, 0x00000000ca200000|100%| O|  |TAMS 0x00000000ca200000, 0x00000000ca100000| Updating 
| 162|0x00000000ca200000, 0x00000000ca300000, 0x00000000ca300000|100%| O|  |TAMS 0x00000000ca300000, 0x00000000ca200000| Updating 
| 163|0x00000000ca300000, 0x00000000ca400000, 0x00000000ca400000|100%| O|  |TAMS 0x00000000ca400000, 0x00000000ca300000| Updating 
| 164|0x00000000ca400000, 0x00000000ca500000, 0x00000000ca500000|100%| O|  |TAMS 0x00000000ca500000, 0x00000000ca400000| Updating 
| 165|0x00000000ca500000, 0x00000000ca600000, 0x00000000ca600000|100%| O|  |TAMS 0x00000000ca600000, 0x00000000ca500000| Updating 
| 166|0x00000000ca600000, 0x00000000ca700000, 0x00000000ca700000|100%| O|  |TAMS 0x00000000ca700000, 0x00000000ca600000| Updating 
| 167|0x00000000ca700000, 0x00000000ca800000, 0x00000000ca800000|100%| O|  |TAMS 0x00000000ca800000, 0x00000000ca700000| Updating 
| 168|0x00000000ca800000, 0x00000000ca900000, 0x00000000ca900000|100%| O|  |TAMS 0x00000000ca900000, 0x00000000ca800000| Updating 
| 169|0x00000000ca900000, 0x00000000caa00000, 0x00000000caa00000|100%| O|  |TAMS 0x00000000caa00000, 0x00000000ca900000| Updating 
| 170|0x00000000caa00000, 0x00000000cab00000, 0x00000000cab00000|100%| O|  |TAMS 0x00000000cab00000, 0x00000000caa00000| Updating 
| 171|0x00000000cab00000, 0x00000000cac00000, 0x00000000cac00000|100%| O|  |TAMS 0x00000000cac00000, 0x00000000cab00000| Updating 
| 172|0x00000000cac00000, 0x00000000cad00000, 0x00000000cad00000|100%| O|  |TAMS 0x00000000cad00000, 0x00000000cac00000| Updating 
| 173|0x00000000cad00000, 0x00000000cae00000, 0x00000000cae00000|100%| O|  |TAMS 0x00000000cae00000, 0x00000000cad00000| Updating 
| 174|0x00000000cae00000, 0x00000000caf00000, 0x00000000caf00000|100%| O|  |TAMS 0x00000000caf00000, 0x00000000cae00000| Updating 
| 175|0x00000000caf00000, 0x00000000cb000000, 0x00000000cb000000|100%| O|  |TAMS 0x00000000cb000000, 0x00000000caf00000| Updating 
| 176|0x00000000cb000000, 0x00000000cb100000, 0x00000000cb100000|100%| O|  |TAMS 0x00000000cb100000, 0x00000000cb000000| Updating 
| 177|0x00000000cb100000, 0x00000000cb200000, 0x00000000cb200000|100%| O|  |TAMS 0x00000000cb200000, 0x00000000cb100000| Updating 
| 178|0x00000000cb200000, 0x00000000cb300000, 0x00000000cb300000|100%| O|  |TAMS 0x00000000cb300000, 0x00000000cb200000| Updating 
| 179|0x00000000cb300000, 0x00000000cb400000, 0x00000000cb400000|100%| O|  |TAMS 0x00000000cb400000, 0x00000000cb300000| Updating 
| 180|0x00000000cb400000, 0x00000000cb500000, 0x00000000cb500000|100%| O|  |TAMS 0x00000000cb500000, 0x00000000cb400000| Updating 
| 181|0x00000000cb500000, 0x00000000cb600000, 0x00000000cb600000|100%| O|  |TAMS 0x00000000cb600000, 0x00000000cb500000| Updating 
| 182|0x00000000cb600000, 0x00000000cb700000, 0x00000000cb700000|100%| O|  |TAMS 0x00000000cb700000, 0x00000000cb600000| Updating 
| 183|0x00000000cb700000, 0x00000000cb800000, 0x00000000cb800000|100%| O|  |TAMS 0x00000000cb800000, 0x00000000cb700000| Updating 
| 184|0x00000000cb800000, 0x00000000cb900000, 0x00000000cb900000|100%| O|  |TAMS 0x00000000cb900000, 0x00000000cb800000| Updating 
| 185|0x00000000cb900000, 0x00000000cba00000, 0x00000000cba00000|100%| O|  |TAMS 0x00000000cba00000, 0x00000000cb900000| Updating 
| 186|0x00000000cba00000, 0x00000000cbb00000, 0x00000000cbb00000|100%| O|  |TAMS 0x00000000cbb00000, 0x00000000cba00000| Updating 
| 187|0x00000000cbb00000, 0x00000000cbc00000, 0x00000000cbc00000|100%| O|  |TAMS 0x00000000cbc00000, 0x00000000cbb00000| Updating 
| 188|0x00000000cbc00000, 0x00000000cbd00000, 0x00000000cbd00000|100%| O|  |TAMS 0x00000000cbd00000, 0x00000000cbc00000| Updating 
| 189|0x00000000cbd00000, 0x00000000cbe00000, 0x00000000cbe00000|100%| O|  |TAMS 0x00000000cbe00000, 0x00000000cbd00000| Updating 
| 190|0x00000000cbe00000, 0x00000000cbe7f000, 0x00000000cbf00000| 49%| O|  |TAMS 0x00000000cbe7f000, 0x00000000cbe00000| Updating 
| 191|0x00000000cbf00000, 0x00000000cbf00000, 0x00000000cc000000|  0%| F|  |TAMS 0x00000000cbf00000, 0x00000000cbf00000| Untracked 
| 192|0x00000000cc000000, 0x00000000cc000000, 0x00000000cc100000|  0%| F|  |TAMS 0x00000000cc000000, 0x00000000cc000000| Untracked 
| 193|0x00000000cc100000, 0x00000000cc100000, 0x00000000cc200000|  0%| F|  |TAMS 0x00000000cc100000, 0x00000000cc100000| Untracked 
| 194|0x00000000cc200000, 0x00000000cc200000, 0x00000000cc300000|  0%| F|  |TAMS 0x00000000cc200000, 0x00000000cc200000| Untracked 
| 195|0x00000000cc300000, 0x00000000cc300000, 0x00000000cc400000|  0%| F|  |TAMS 0x00000000cc300000, 0x00000000cc300000| Untracked 
| 196|0x00000000cc400000, 0x00000000cc400000, 0x00000000cc500000|  0%| F|  |TAMS 0x00000000cc400000, 0x00000000cc400000| Untracked 
| 197|0x00000000cc500000, 0x00000000cc500000, 0x00000000cc600000|  0%| F|  |TAMS 0x00000000cc500000, 0x00000000cc500000| Untracked 
| 198|0x00000000cc600000, 0x00000000cc600000, 0x00000000cc700000|  0%| F|  |TAMS 0x00000000cc600000, 0x00000000cc600000| Untracked 
| 199|0x00000000cc700000, 0x00000000cc700000, 0x00000000cc800000|  0%| F|  |TAMS 0x00000000cc700000, 0x00000000cc700000| Untracked 
| 200|0x00000000cc800000, 0x00000000cc800000, 0x00000000cc900000|  0%| F|  |TAMS 0x00000000cc800000, 0x00000000cc800000| Untracked 
| 201|0x00000000cc900000, 0x00000000cc900000, 0x00000000cca00000|  0%| F|  |TAMS 0x00000000cc900000, 0x00000000cc900000| Untracked 
| 202|0x00000000cca00000, 0x00000000cca00000, 0x00000000ccb00000|  0%| F|  |TAMS 0x00000000cca00000, 0x00000000cca00000| Untracked 
| 203|0x00000000ccb00000, 0x00000000ccb00000, 0x00000000ccc00000|  0%| F|  |TAMS 0x00000000ccb00000, 0x00000000ccb00000| Untracked 
| 204|0x00000000ccc00000, 0x00000000ccc00000, 0x00000000ccd00000|  0%| F|  |TAMS 0x00000000ccc00000, 0x00000000ccc00000| Untracked 
| 205|0x00000000ccd00000, 0x00000000ccd00000, 0x00000000cce00000|  0%| F|  |TAMS 0x00000000ccd00000, 0x00000000ccd00000| Untracked 
| 206|0x00000000cce00000, 0x00000000cce00000, 0x00000000ccf00000|  0%| F|  |TAMS 0x00000000cce00000, 0x00000000cce00000| Untracked 
| 207|0x00000000ccf00000, 0x00000000ccf00000, 0x00000000cd000000|  0%| F|  |TAMS 0x00000000ccf00000, 0x00000000ccf00000| Untracked 
| 208|0x00000000cd000000, 0x00000000cd000000, 0x00000000cd100000|  0%| F|  |TAMS 0x00000000cd000000, 0x00000000cd000000| Untracked 
| 209|0x00000000cd100000, 0x00000000cd100000, 0x00000000cd200000|  0%| F|  |TAMS 0x00000000cd100000, 0x00000000cd100000| Untracked 
| 210|0x00000000cd200000, 0x00000000cd200000, 0x00000000cd300000|  0%| F|  |TAMS 0x00000000cd200000, 0x00000000cd200000| Untracked 
| 211|0x00000000cd300000, 0x00000000cd300000, 0x00000000cd400000|  0%| F|  |TAMS 0x00000000cd300000, 0x00000000cd300000| Untracked 
| 212|0x00000000cd400000, 0x00000000cd400000, 0x00000000cd500000|  0%| F|  |TAMS 0x00000000cd400000, 0x00000000cd400000| Untracked 
| 213|0x00000000cd500000, 0x00000000cd500000, 0x00000000cd600000|  0%| F|  |TAMS 0x00000000cd500000, 0x00000000cd500000| Untracked 
| 214|0x00000000cd600000, 0x00000000cd600000, 0x00000000cd700000|  0%| F|  |TAMS 0x00000000cd600000, 0x00000000cd600000| Untracked 
| 215|0x00000000cd700000, 0x00000000cd700000, 0x00000000cd800000|  0%| F|  |TAMS 0x00000000cd700000, 0x00000000cd700000| Untracked 
| 216|0x00000000cd800000, 0x00000000cd800000, 0x00000000cd900000|  0%| F|  |TAMS 0x00000000cd800000, 0x00000000cd800000| Untracked 
| 217|0x00000000cd900000, 0x00000000cd900000, 0x00000000cda00000|  0%| F|  |TAMS 0x00000000cd900000, 0x00000000cd900000| Untracked 
| 218|0x00000000cda00000, 0x00000000cda00000, 0x00000000cdb00000|  0%| F|  |TAMS 0x00000000cda00000, 0x00000000cda00000| Untracked 
| 219|0x00000000cdb00000, 0x00000000cdb00000, 0x00000000cdc00000|  0%| F|  |TAMS 0x00000000cdb00000, 0x00000000cdb00000| Untracked 
| 220|0x00000000cdc00000, 0x00000000cdc00000, 0x00000000cdd00000|  0%| F|  |TAMS 0x00000000cdc00000, 0x00000000cdc00000| Untracked 
| 221|0x00000000cdd00000, 0x00000000cdd00000, 0x00000000cde00000|  0%| F|  |TAMS 0x00000000cdd00000, 0x00000000cdd00000| Untracked 
| 222|0x00000000cde00000, 0x00000000cde00000, 0x00000000cdf00000|  0%| F|  |TAMS 0x00000000cde00000, 0x00000000cde00000| Untracked 
| 223|0x00000000cdf00000, 0x00000000ce000000, 0x00000000ce000000|100%| O|  |TAMS 0x00000000ce000000, 0x00000000cdf00000| Updating 
| 224|0x00000000ce000000, 0x00000000ce000000, 0x00000000ce100000|  0%| F|  |TAMS 0x00000000ce000000, 0x00000000ce000000| Untracked 
| 225|0x00000000ce100000, 0x00000000ce100000, 0x00000000ce200000|  0%| F|  |TAMS 0x00000000ce100000, 0x00000000ce100000| Untracked 
| 226|0x00000000ce200000, 0x00000000ce200000, 0x00000000ce300000|  0%| F|  |TAMS 0x00000000ce200000, 0x00000000ce200000| Untracked 
| 227|0x00000000ce300000, 0x00000000ce300000, 0x00000000ce400000|  0%| F|  |TAMS 0x00000000ce300000, 0x00000000ce300000| Untracked 
| 228|0x00000000ce400000, 0x00000000ce400000, 0x00000000ce500000|  0%| F|  |TAMS 0x00000000ce400000, 0x00000000ce400000| Untracked 
| 229|0x00000000ce500000, 0x00000000ce500000, 0x00000000ce600000|  0%| F|  |TAMS 0x00000000ce500000, 0x00000000ce500000| Untracked 
| 230|0x00000000ce600000, 0x00000000ce600000, 0x00000000ce700000|  0%| F|  |TAMS 0x00000000ce600000, 0x00000000ce600000| Untracked 
| 231|0x00000000ce700000, 0x00000000ce700000, 0x00000000ce800000|  0%| F|  |TAMS 0x00000000ce700000, 0x00000000ce700000| Untracked 
| 232|0x00000000ce800000, 0x00000000ce800000, 0x00000000ce900000|  0%| F|  |TAMS 0x00000000ce800000, 0x00000000ce800000| Untracked 
| 233|0x00000000ce900000, 0x00000000cea00000, 0x00000000cea00000|100%| O|  |TAMS 0x00000000cea00000, 0x00000000ce900000| Updating 
| 234|0x00000000cea00000, 0x00000000cea00000, 0x00000000ceb00000|  0%| F|  |TAMS 0x00000000cea00000, 0x00000000cea00000| Untracked 
| 235|0x00000000ceb00000, 0x00000000ceb00000, 0x00000000cec00000|  0%| F|  |TAMS 0x00000000ceb00000, 0x00000000ceb00000| Untracked 
| 236|0x00000000cec00000, 0x00000000cec00000, 0x00000000ced00000|  0%| F|  |TAMS 0x00000000cec00000, 0x00000000cec00000| Untracked 
| 237|0x00000000ced00000, 0x00000000ced00000, 0x00000000cee00000|  0%| F|  |TAMS 0x00000000ced00000, 0x00000000ced00000| Untracked 
| 238|0x00000000cee00000, 0x00000000cee00000, 0x00000000cef00000|  0%| F|  |TAMS 0x00000000cee00000, 0x00000000cee00000| Untracked 
| 239|0x00000000cef00000, 0x00000000cef00000, 0x00000000cf000000|  0%| F|  |TAMS 0x00000000cef00000, 0x00000000cef00000| Untracked 
| 240|0x00000000cf000000, 0x00000000cf000000, 0x00000000cf100000|  0%| F|  |TAMS 0x00000000cf000000, 0x00000000cf000000| Untracked 
| 241|0x00000000cf100000, 0x00000000cf100000, 0x00000000cf200000|  0%| F|  |TAMS 0x00000000cf100000, 0x00000000cf100000| Untracked 
| 242|0x00000000cf200000, 0x00000000cf300000, 0x00000000cf300000|100%| O|  |TAMS 0x00000000cf300000, 0x00000000cf200000| Updating 
| 243|0x00000000cf300000, 0x00000000cf400000, 0x00000000cf400000|100%| O|  |TAMS 0x00000000cf400000, 0x00000000cf300000| Updating 
| 244|0x00000000cf400000, 0x00000000cf400000, 0x00000000cf500000|  0%| F|  |TAMS 0x00000000cf400000, 0x00000000cf400000| Untracked 
| 245|0x00000000cf500000, 0x00000000cf500000, 0x00000000cf600000|  0%| F|  |TAMS 0x00000000cf500000, 0x00000000cf500000| Untracked 
| 246|0x00000000cf600000, 0x00000000cf6ce060, 0x00000000cf700000| 80%| S|CS|TAMS 0x00000000cf600000, 0x00000000cf600000| Complete 
| 247|0x00000000cf700000, 0x00000000cf800000, 0x00000000cf800000|100%| S|CS|TAMS 0x00000000cf700000, 0x00000000cf700000| Complete 
| 248|0x00000000cf800000, 0x00000000cf900000, 0x00000000cf900000|100%| S|CS|TAMS 0x00000000cf800000, 0x00000000cf800000| Complete 
| 249|0x00000000cf900000, 0x00000000cfa00000, 0x00000000cfa00000|100%| O|  |TAMS 0x00000000cfa00000, 0x00000000cf900000| Updating 
| 250|0x00000000cfa00000, 0x00000000cfa00000, 0x00000000cfb00000|  0%| F|  |TAMS 0x00000000cfa00000, 0x00000000cfa00000| Untracked 
| 251|0x00000000cfb00000, 0x00000000cfb00000, 0x00000000cfc00000|  0%| F|  |TAMS 0x00000000cfb00000, 0x00000000cfb00000| Untracked 
| 252|0x00000000cfc00000, 0x00000000cfc00000, 0x00000000cfd00000|  0%| F|  |TAMS 0x00000000cfc00000, 0x00000000cfc00000| Untracked 
| 253|0x00000000cfd00000, 0x00000000cfd00000, 0x00000000cfe00000|  0%| F|  |TAMS 0x00000000cfd00000, 0x00000000cfd00000| Untracked 
| 254|0x00000000cfe00000, 0x00000000cff00000, 0x00000000cff00000|100%| S|CS|TAMS 0x00000000cfe00000, 0x00000000cfe00000| Complete 
| 255|0x00000000cff00000, 0x00000000d0000000, 0x00000000d0000000|100%| S|CS|TAMS 0x00000000cff00000, 0x00000000cff00000| Complete 
| 256|0x00000000d0000000, 0x00000000d0000000, 0x00000000d0100000|  0%| F|  |TAMS 0x00000000d0000000, 0x00000000d0000000| Untracked 
| 257|0x00000000d0100000, 0x00000000d0100000, 0x00000000d0200000|  0%| F|  |TAMS 0x00000000d0100000, 0x00000000d0100000| Untracked 
| 258|0x00000000d0200000, 0x00000000d0200000, 0x00000000d0300000|  0%| F|  |TAMS 0x00000000d0200000, 0x00000000d0200000| Untracked 
| 259|0x00000000d0300000, 0x00000000d0300000, 0x00000000d0400000|  0%| F|  |TAMS 0x00000000d0300000, 0x00000000d0300000| Untracked 
| 260|0x00000000d0400000, 0x00000000d0400000, 0x00000000d0500000|  0%| F|  |TAMS 0x00000000d0400000, 0x00000000d0400000| Untracked 
| 261|0x00000000d0500000, 0x00000000d0500000, 0x00000000d0600000|  0%| F|  |TAMS 0x00000000d0500000, 0x00000000d0500000| Untracked 
| 262|0x00000000d0600000, 0x00000000d0600000, 0x00000000d0700000|  0%| F|  |TAMS 0x00000000d0600000, 0x00000000d0600000| Untracked 
| 263|0x00000000d0700000, 0x00000000d0700000, 0x00000000d0800000|  0%| F|  |TAMS 0x00000000d0700000, 0x00000000d0700000| Untracked 
| 264|0x00000000d0800000, 0x00000000d0800000, 0x00000000d0900000|  0%| F|  |TAMS 0x00000000d0800000, 0x00000000d0800000| Untracked 
| 265|0x00000000d0900000, 0x00000000d0900000, 0x00000000d0a00000|  0%| F|  |TAMS 0x00000000d0900000, 0x00000000d0900000| Untracked 
| 266|0x00000000d0a00000, 0x00000000d0a00000, 0x00000000d0b00000|  0%| F|  |TAMS 0x00000000d0a00000, 0x00000000d0a00000| Untracked 
| 267|0x00000000d0b00000, 0x00000000d0b00000, 0x00000000d0c00000|  0%| F|  |TAMS 0x00000000d0b00000, 0x00000000d0b00000| Untracked 
| 268|0x00000000d0c00000, 0x00000000d0c00000, 0x00000000d0d00000|  0%| F|  |TAMS 0x00000000d0c00000, 0x00000000d0c00000| Untracked 
| 269|0x00000000d0d00000, 0x00000000d0d00000, 0x00000000d0e00000|  0%| F|  |TAMS 0x00000000d0d00000, 0x00000000d0d00000| Untracked 
| 270|0x00000000d0e00000, 0x00000000d0e00000, 0x00000000d0f00000|  0%| F|  |TAMS 0x00000000d0e00000, 0x00000000d0e00000| Untracked 
| 271|0x00000000d0f00000, 0x00000000d0f00000, 0x00000000d1000000|  0%| F|  |TAMS 0x00000000d0f00000, 0x00000000d0f00000| Untracked 
| 272|0x00000000d1000000, 0x00000000d1000000, 0x00000000d1100000|  0%| F|  |TAMS 0x00000000d1000000, 0x00000000d1000000| Untracked 
| 273|0x00000000d1100000, 0x00000000d1100000, 0x00000000d1200000|  0%| F|  |TAMS 0x00000000d1100000, 0x00000000d1100000| Untracked 
| 274|0x00000000d1200000, 0x00000000d1200000, 0x00000000d1300000|  0%| F|  |TAMS 0x00000000d1200000, 0x00000000d1200000| Untracked 
| 275|0x00000000d1300000, 0x00000000d1300000, 0x00000000d1400000|  0%| F|  |TAMS 0x00000000d1300000, 0x00000000d1300000| Untracked 
| 276|0x00000000d1400000, 0x00000000d1400000, 0x00000000d1500000|  0%| F|  |TAMS 0x00000000d1400000, 0x00000000d1400000| Untracked 
| 277|0x00000000d1500000, 0x00000000d1500000, 0x00000000d1600000|  0%| F|  |TAMS 0x00000000d1500000, 0x00000000d1500000| Untracked 
| 278|0x00000000d1600000, 0x00000000d1600000, 0x00000000d1700000|  0%| F|  |TAMS 0x00000000d1600000, 0x00000000d1600000| Untracked 
| 279|0x00000000d1700000, 0x00000000d1700000, 0x00000000d1800000|  0%| F|  |TAMS 0x00000000d1700000, 0x00000000d1700000| Untracked 
| 280|0x00000000d1800000, 0x00000000d1800000, 0x00000000d1900000|  0%| F|  |TAMS 0x00000000d1800000, 0x00000000d1800000| Untracked 
| 281|0x00000000d1900000, 0x00000000d1900000, 0x00000000d1a00000|  0%| F|  |TAMS 0x00000000d1900000, 0x00000000d1900000| Untracked 
| 282|0x00000000d1a00000, 0x00000000d1a00000, 0x00000000d1b00000|  0%| F|  |TAMS 0x00000000d1a00000, 0x00000000d1a00000| Untracked 
| 283|0x00000000d1b00000, 0x00000000d1b00000, 0x00000000d1c00000|  0%| F|  |TAMS 0x00000000d1b00000, 0x00000000d1b00000| Untracked 
| 284|0x00000000d1c00000, 0x00000000d1c00000, 0x00000000d1d00000|  0%| F|  |TAMS 0x00000000d1c00000, 0x00000000d1c00000| Untracked 
| 285|0x00000000d1d00000, 0x00000000d1d00000, 0x00000000d1e00000|  0%| F|  |TAMS 0x00000000d1d00000, 0x00000000d1d00000| Untracked 
| 286|0x00000000d1e00000, 0x00000000d1e00000, 0x00000000d1f00000|  0%| F|  |TAMS 0x00000000d1e00000, 0x00000000d1e00000| Untracked 
| 287|0x00000000d1f00000, 0x00000000d1f00000, 0x00000000d2000000|  0%| F|  |TAMS 0x00000000d1f00000, 0x00000000d1f00000| Untracked 
| 288|0x00000000d2000000, 0x00000000d2000000, 0x00000000d2100000|  0%| F|  |TAMS 0x00000000d2000000, 0x00000000d2000000| Untracked 
| 289|0x00000000d2100000, 0x00000000d2100000, 0x00000000d2200000|  0%| F|  |TAMS 0x00000000d2100000, 0x00000000d2100000| Untracked 
| 290|0x00000000d2200000, 0x00000000d2200000, 0x00000000d2300000|  0%| F|  |TAMS 0x00000000d2200000, 0x00000000d2200000| Untracked 
| 291|0x00000000d2300000, 0x00000000d2300000, 0x00000000d2400000|  0%| F|  |TAMS 0x00000000d2300000, 0x00000000d2300000| Untracked 
| 292|0x00000000d2400000, 0x00000000d2400000, 0x00000000d2500000|  0%| F|  |TAMS 0x00000000d2400000, 0x00000000d2400000| Untracked 
| 293|0x00000000d2500000, 0x00000000d2500000, 0x00000000d2600000|  0%| F|  |TAMS 0x00000000d2500000, 0x00000000d2500000| Untracked 
| 294|0x00000000d2600000, 0x00000000d2600000, 0x00000000d2700000|  0%| F|  |TAMS 0x00000000d2600000, 0x00000000d2600000| Untracked 
| 295|0x00000000d2700000, 0x00000000d2700000, 0x00000000d2800000|  0%| F|  |TAMS 0x00000000d2700000, 0x00000000d2700000| Untracked 
| 296|0x00000000d2800000, 0x00000000d2800000, 0x00000000d2900000|  0%| F|  |TAMS 0x00000000d2800000, 0x00000000d2800000| Untracked 
| 297|0x00000000d2900000, 0x00000000d2900000, 0x00000000d2a00000|  0%| F|  |TAMS 0x00000000d2900000, 0x00000000d2900000| Untracked 
| 298|0x00000000d2a00000, 0x00000000d2a00000, 0x00000000d2b00000|  0%| F|  |TAMS 0x00000000d2a00000, 0x00000000d2a00000| Untracked 
| 299|0x00000000d2b00000, 0x00000000d2b00000, 0x00000000d2c00000|  0%| F|  |TAMS 0x00000000d2b00000, 0x00000000d2b00000| Untracked 
| 300|0x00000000d2c00000, 0x00000000d2c00000, 0x00000000d2d00000|  0%| F|  |TAMS 0x00000000d2c00000, 0x00000000d2c00000| Untracked 
| 301|0x00000000d2d00000, 0x00000000d2d00000, 0x00000000d2e00000|  0%| F|  |TAMS 0x00000000d2d00000, 0x00000000d2d00000| Untracked 
| 302|0x00000000d2e00000, 0x00000000d2e80800, 0x00000000d2f00000| 50%| E|  |TAMS 0x00000000d2e00000, 0x00000000d2e00000| Complete 
| 303|0x00000000d2f00000, 0x00000000d3000000, 0x00000000d3000000|100%| E|CS|TAMS 0x00000000d2f00000, 0x00000000d2f00000| Complete 
| 304|0x00000000d3000000, 0x00000000d3100000, 0x00000000d3100000|100%| E|CS|TAMS 0x00000000d3000000, 0x00000000d3000000| Complete 
| 305|0x00000000d3100000, 0x00000000d3200000, 0x00000000d3200000|100%| E|CS|TAMS 0x00000000d3100000, 0x00000000d3100000| Complete 
| 306|0x00000000d3200000, 0x00000000d3300000, 0x00000000d3300000|100%| E|CS|TAMS 0x00000000d3200000, 0x00000000d3200000| Complete 
| 307|0x00000000d3300000, 0x00000000d3400000, 0x00000000d3400000|100%| E|CS|TAMS 0x00000000d3300000, 0x00000000d3300000| Complete 
| 308|0x00000000d3400000, 0x00000000d3500000, 0x00000000d3500000|100%| E|CS|TAMS 0x00000000d3400000, 0x00000000d3400000| Complete 
| 309|0x00000000d3500000, 0x00000000d3600000, 0x00000000d3600000|100%| E|CS|TAMS 0x00000000d3500000, 0x00000000d3500000| Complete 
| 310|0x00000000d3600000, 0x00000000d3700000, 0x00000000d3700000|100%| E|CS|TAMS 0x00000000d3600000, 0x00000000d3600000| Complete 
| 311|0x00000000d3700000, 0x00000000d3800000, 0x00000000d3800000|100%| E|CS|TAMS 0x00000000d3700000, 0x00000000d3700000| Complete 
| 312|0x00000000d3800000, 0x00000000d3900000, 0x00000000d3900000|100%| E|CS|TAMS 0x00000000d3800000, 0x00000000d3800000| Complete 
| 313|0x00000000d3900000, 0x00000000d3a00000, 0x00000000d3a00000|100%| E|CS|TAMS 0x00000000d3900000, 0x00000000d3900000| Complete 
| 314|0x00000000d3a00000, 0x00000000d3b00000, 0x00000000d3b00000|100%| E|CS|TAMS 0x00000000d3a00000, 0x00000000d3a00000| Complete 
| 315|0x00000000d3b00000, 0x00000000d3c00000, 0x00000000d3c00000|100%| E|CS|TAMS 0x00000000d3b00000, 0x00000000d3b00000| Complete 
| 316|0x00000000d3c00000, 0x00000000d3d00000, 0x00000000d3d00000|100%| E|CS|TAMS 0x00000000d3c00000, 0x00000000d3c00000| Complete 
| 317|0x00000000d3d00000, 0x00000000d3e00000, 0x00000000d3e00000|100%| E|CS|TAMS 0x00000000d3d00000, 0x00000000d3d00000| Complete 
| 318|0x00000000d3e00000, 0x00000000d3f00000, 0x00000000d3f00000|100%| E|CS|TAMS 0x00000000d3e00000, 0x00000000d3e00000| Complete 
| 319|0x00000000d3f00000, 0x00000000d4000000, 0x00000000d4000000|100%| E|CS|TAMS 0x00000000d3f00000, 0x00000000d3f00000| Complete 
| 320|0x00000000d4000000, 0x00000000d4100000, 0x00000000d4100000|100%| E|CS|TAMS 0x00000000d4000000, 0x00000000d4000000| Complete 
| 321|0x00000000d4100000, 0x00000000d4200000, 0x00000000d4200000|100%| E|CS|TAMS 0x00000000d4100000, 0x00000000d4100000| Complete 
| 322|0x00000000d4200000, 0x00000000d4300000, 0x00000000d4300000|100%| E|CS|TAMS 0x00000000d4200000, 0x00000000d4200000| Complete 
| 323|0x00000000d4300000, 0x00000000d4400000, 0x00000000d4400000|100%| E|CS|TAMS 0x00000000d4300000, 0x00000000d4300000| Complete 
| 324|0x00000000d4400000, 0x00000000d4500000, 0x00000000d4500000|100%| E|CS|TAMS 0x00000000d4400000, 0x00000000d4400000| Complete 
| 325|0x00000000d4500000, 0x00000000d4600000, 0x00000000d4600000|100%| E|CS|TAMS 0x00000000d4500000, 0x00000000d4500000| Complete 
| 326|0x00000000d4600000, 0x00000000d4700000, 0x00000000d4700000|100%| E|CS|TAMS 0x00000000d4600000, 0x00000000d4600000| Complete 
| 327|0x00000000d4700000, 0x00000000d4800000, 0x00000000d4800000|100%| E|CS|TAMS 0x00000000d4700000, 0x00000000d4700000| Complete 
| 328|0x00000000d4800000, 0x00000000d4900000, 0x00000000d4900000|100%| E|CS|TAMS 0x00000000d4800000, 0x00000000d4800000| Complete 
| 329|0x00000000d4900000, 0x00000000d4a00000, 0x00000000d4a00000|100%| E|CS|TAMS 0x00000000d4900000, 0x00000000d4900000| Complete 
| 330|0x00000000d4a00000, 0x00000000d4b00000, 0x00000000d4b00000|100%| E|CS|TAMS 0x00000000d4a00000, 0x00000000d4a00000| Complete 
| 331|0x00000000d4b00000, 0x00000000d4c00000, 0x00000000d4c00000|100%| E|CS|TAMS 0x00000000d4b00000, 0x00000000d4b00000| Complete 
| 332|0x00000000d4c00000, 0x00000000d4d00000, 0x00000000d4d00000|100%| E|CS|TAMS 0x00000000d4c00000, 0x00000000d4c00000| Complete 
| 333|0x00000000d4d00000, 0x00000000d4e00000, 0x00000000d4e00000|100%| E|CS|TAMS 0x00000000d4d00000, 0x00000000d4d00000| Complete 
| 334|0x00000000d4e00000, 0x00000000d4f00000, 0x00000000d4f00000|100%| E|CS|TAMS 0x00000000d4e00000, 0x00000000d4e00000| Complete 
| 335|0x00000000d4f00000, 0x00000000d5000000, 0x00000000d5000000|100%| E|CS|TAMS 0x00000000d4f00000, 0x00000000d4f00000| Complete 
| 336|0x00000000d5000000, 0x00000000d5100000, 0x00000000d5100000|100%| E|CS|TAMS 0x00000000d5000000, 0x00000000d5000000| Complete 
| 337|0x00000000d5100000, 0x00000000d5200000, 0x00000000d5200000|100%| E|CS|TAMS 0x00000000d5100000, 0x00000000d5100000| Complete 
| 338|0x00000000d5200000, 0x00000000d5300000, 0x00000000d5300000|100%| E|CS|TAMS 0x00000000d5200000, 0x00000000d5200000| Complete 
| 339|0x00000000d5300000, 0x00000000d5400000, 0x00000000d5400000|100%| E|CS|TAMS 0x00000000d5300000, 0x00000000d5300000| Complete 
| 340|0x00000000d5400000, 0x00000000d5500000, 0x00000000d5500000|100%| E|CS|TAMS 0x00000000d5400000, 0x00000000d5400000| Complete 
| 341|0x00000000d5500000, 0x00000000d5600000, 0x00000000d5600000|100%| E|CS|TAMS 0x00000000d5500000, 0x00000000d5500000| Complete 
| 342|0x00000000d5600000, 0x00000000d5700000, 0x00000000d5700000|100%| E|CS|TAMS 0x00000000d5600000, 0x00000000d5600000| Complete 
| 343|0x00000000d5700000, 0x00000000d5800000, 0x00000000d5800000|100%| E|CS|TAMS 0x00000000d5700000, 0x00000000d5700000| Complete 
| 344|0x00000000d5800000, 0x00000000d5900000, 0x00000000d5900000|100%| E|CS|TAMS 0x00000000d5800000, 0x00000000d5800000| Complete 
| 345|0x00000000d5900000, 0x00000000d5a00000, 0x00000000d5a00000|100%| E|CS|TAMS 0x00000000d5900000, 0x00000000d5900000| Complete 
| 346|0x00000000d5a00000, 0x00000000d5b00000, 0x00000000d5b00000|100%| E|CS|TAMS 0x00000000d5a00000, 0x00000000d5a00000| Complete 
| 347|0x00000000d5b00000, 0x00000000d5c00000, 0x00000000d5c00000|100%| E|CS|TAMS 0x00000000d5b00000, 0x00000000d5b00000| Complete 
| 348|0x00000000d5c00000, 0x00000000d5d00000, 0x00000000d5d00000|100%| E|CS|TAMS 0x00000000d5c00000, 0x00000000d5c00000| Complete 
| 349|0x00000000d5d00000, 0x00000000d5e00000, 0x00000000d5e00000|100%| E|CS|TAMS 0x00000000d5d00000, 0x00000000d5d00000| Complete 
| 350|0x00000000d5e00000, 0x00000000d5f00000, 0x00000000d5f00000|100%| E|CS|TAMS 0x00000000d5e00000, 0x00000000d5e00000| Complete 
| 351|0x00000000d5f00000, 0x00000000d6000000, 0x00000000d6000000|100%| E|CS|TAMS 0x00000000d5f00000, 0x00000000d5f00000| Complete 
| 352|0x00000000d6000000, 0x00000000d6100000, 0x00000000d6100000|100%| E|CS|TAMS 0x00000000d6000000, 0x00000000d6000000| Complete 
| 353|0x00000000d6100000, 0x00000000d6200000, 0x00000000d6200000|100%| E|CS|TAMS 0x00000000d6100000, 0x00000000d6100000| Complete 
| 354|0x00000000d6200000, 0x00000000d6300000, 0x00000000d6300000|100%| E|CS|TAMS 0x00000000d6200000, 0x00000000d6200000| Complete 
| 355|0x00000000d6300000, 0x00000000d6400000, 0x00000000d6400000|100%| E|CS|TAMS 0x00000000d6300000, 0x00000000d6300000| Complete 
| 356|0x00000000d6400000, 0x00000000d6500000, 0x00000000d6500000|100%| E|CS|TAMS 0x00000000d6400000, 0x00000000d6400000| Complete 
| 357|0x00000000d6500000, 0x00000000d6600000, 0x00000000d6600000|100%| E|CS|TAMS 0x00000000d6500000, 0x00000000d6500000| Complete 
| 358|0x00000000d6600000, 0x00000000d6700000, 0x00000000d6700000|100%| E|CS|TAMS 0x00000000d6600000, 0x00000000d6600000| Complete 
| 359|0x00000000d6700000, 0x00000000d6800000, 0x00000000d6800000|100%| E|CS|TAMS 0x00000000d6700000, 0x00000000d6700000| Complete 
| 360|0x00000000d6800000, 0x00000000d6900000, 0x00000000d6900000|100%| E|CS|TAMS 0x00000000d6800000, 0x00000000d6800000| Complete 
| 361|0x00000000d6900000, 0x00000000d6a00000, 0x00000000d6a00000|100%| E|CS|TAMS 0x00000000d6900000, 0x00000000d6900000| Complete 
| 362|0x00000000d6a00000, 0x00000000d6b00000, 0x00000000d6b00000|100%| E|CS|TAMS 0x00000000d6a00000, 0x00000000d6a00000| Complete 
| 363|0x00000000d6b00000, 0x00000000d6c00000, 0x00000000d6c00000|100%| E|CS|TAMS 0x00000000d6b00000, 0x00000000d6b00000| Complete 
| 364|0x00000000d6c00000, 0x00000000d6d00000, 0x00000000d6d00000|100%| E|CS|TAMS 0x00000000d6c00000, 0x00000000d6c00000| Complete 
| 365|0x00000000d6d00000, 0x00000000d6e00000, 0x00000000d6e00000|100%| E|CS|TAMS 0x00000000d6d00000, 0x00000000d6d00000| Complete 
| 366|0x00000000d6e00000, 0x00000000d6f00000, 0x00000000d6f00000|100%| E|CS|TAMS 0x00000000d6e00000, 0x00000000d6e00000| Complete 
| 367|0x00000000d6f00000, 0x00000000d7000000, 0x00000000d7000000|100%| E|CS|TAMS 0x00000000d6f00000, 0x00000000d6f00000| Complete 
| 368|0x00000000d7000000, 0x00000000d7100000, 0x00000000d7100000|100%| E|CS|TAMS 0x00000000d7000000, 0x00000000d7000000| Complete 
| 369|0x00000000d7100000, 0x00000000d7200000, 0x00000000d7200000|100%| E|CS|TAMS 0x00000000d7100000, 0x00000000d7100000| Complete 
| 370|0x00000000d7200000, 0x00000000d7300000, 0x00000000d7300000|100%| E|CS|TAMS 0x00000000d7200000, 0x00000000d7200000| Complete 
| 371|0x00000000d7300000, 0x00000000d7400000, 0x00000000d7400000|100%| E|CS|TAMS 0x00000000d7300000, 0x00000000d7300000| Complete 
| 372|0x00000000d7400000, 0x00000000d7500000, 0x00000000d7500000|100%| E|CS|TAMS 0x00000000d7400000, 0x00000000d7400000| Complete 
| 373|0x00000000d7500000, 0x00000000d7600000, 0x00000000d7600000|100%| E|CS|TAMS 0x00000000d7500000, 0x00000000d7500000| Complete 
| 374|0x00000000d7600000, 0x00000000d7700000, 0x00000000d7700000|100%| E|CS|TAMS 0x00000000d7600000, 0x00000000d7600000| Complete 
| 375|0x00000000d7700000, 0x00000000d7800000, 0x00000000d7800000|100%| E|CS|TAMS 0x00000000d7700000, 0x00000000d7700000| Complete 
| 376|0x00000000d7800000, 0x00000000d7900000, 0x00000000d7900000|100%| E|CS|TAMS 0x00000000d7800000, 0x00000000d7800000| Complete 
| 377|0x00000000d7900000, 0x00000000d7a00000, 0x00000000d7a00000|100%| E|CS|TAMS 0x00000000d7900000, 0x00000000d7900000| Complete 
| 378|0x00000000d7a00000, 0x00000000d7b00000, 0x00000000d7b00000|100%| E|CS|TAMS 0x00000000d7a00000, 0x00000000d7a00000| Complete 
| 379|0x00000000d7b00000, 0x00000000d7c00000, 0x00000000d7c00000|100%| E|CS|TAMS 0x00000000d7b00000, 0x00000000d7b00000| Complete 
| 380|0x00000000d7c00000, 0x00000000d7d00000, 0x00000000d7d00000|100%| E|CS|TAMS 0x00000000d7c00000, 0x00000000d7c00000| Complete 
| 381|0x00000000d7d00000, 0x00000000d7e00000, 0x00000000d7e00000|100%| E|CS|TAMS 0x00000000d7d00000, 0x00000000d7d00000| Complete 
| 382|0x00000000d7e00000, 0x00000000d7f00000, 0x00000000d7f00000|100%| E|CS|TAMS 0x00000000d7e00000, 0x00000000d7e00000| Complete 
| 383|0x00000000d7f00000, 0x00000000d8000000, 0x00000000d8000000|100%| E|CS|TAMS 0x00000000d7f00000, 0x00000000d7f00000| Complete 
| 384|0x00000000d8000000, 0x00000000d8100000, 0x00000000d8100000|100%| E|CS|TAMS 0x00000000d8000000, 0x00000000d8000000| Complete 
| 385|0x00000000d8100000, 0x00000000d8200000, 0x00000000d8200000|100%| E|CS|TAMS 0x00000000d8100000, 0x00000000d8100000| Complete 
| 386|0x00000000d8200000, 0x00000000d8300000, 0x00000000d8300000|100%| E|CS|TAMS 0x00000000d8200000, 0x00000000d8200000| Complete 
| 387|0x00000000d8300000, 0x00000000d8400000, 0x00000000d8400000|100%| E|CS|TAMS 0x00000000d8300000, 0x00000000d8300000| Complete 
| 433|0x00000000db100000, 0x00000000db200000, 0x00000000db200000|100%| E|CS|TAMS 0x00000000db100000, 0x00000000db100000| Complete 

Card table byte_map: [0x000001a3ffc90000,0x000001a3ffe90000] _byte_map_base: 0x000001a3ff690000

Marking Bits (Prev, Next): (CMBitMap*) 0x000001a3e688f1f8, (CMBitMap*) 0x000001a3e688f238
 Prev Bits: [0x000001a380200000, 0x000001a381200000)
 Next Bits: [0x000001a381200000, 0x000001a382200000)

Polling page: 0x000001a3e6670000

Metaspace:

Usage:
  Non-class:    113.81 MB capacity,   110.88 MB ( 97%) used,     2.50 MB (  2%) free+waste,   432.13 KB ( <1%) overhead. 
      Class:     16.75 MB capacity,    15.36 MB ( 92%) used,     1.20 MB (  7%) free+waste,   188.69 KB (  1%) overhead. 
       Both:    130.55 MB capacity,   126.24 MB ( 97%) used,     3.70 MB (  3%) free+waste,   620.81 KB ( <1%) overhead. 

Virtual space:
  Non-class space:      114.00 MB reserved,     113.92 MB (>99%) committed 
      Class space:        1.00 GB reserved,      16.88 MB (  2%) committed 
             Both:        1.11 GB reserved,     130.80 MB ( 11%) committed 

Chunk freelists:
   Non-Class:  55.00 KB
       Class:  4.00 KB
        Both:  59.00 KB

MaxMetaspaceSize: 17179869184.00 GB
CompressedClassSpaceSize: 1.00 GB

CodeHeap 'non-profiled nmethods': size=120064Kb used=24296Kb max_used=24296Kb free=95767Kb
 bounds [0x000001a3f8010000, 0x000001a3f97d0000, 0x000001a3ff550000]
CodeHeap 'profiled nmethods': size=120000Kb used=50272Kb max_used=50272Kb free=69727Kb
 bounds [0x000001a3f0ae0000, 0x000001a3f3c10000, 0x000001a3f8010000]
CodeHeap 'non-nmethods': size=5696Kb used=2577Kb max_used=2642Kb free=3118Kb
 bounds [0x000001a3f0550000, 0x000001a3f0800000, 0x000001a3f0ae0000]
 total_blobs=44716 nmethods=23003 adapters=1006
 compilation: enabled
              stopped_count=0, restarted_count=0
 full_count=0

Compilation events (20 events):
Event: 7984.942 Thread 0x000001a38447e000 31186       4       org.objectweb.asm.MethodWriter::visitTryCatchBlock (67 bytes)
Event: 7984.955 Thread 0x000001a38447e000 nmethod 31186 0x000001a3f97c4c10 code [0x000001a3f97c4dc0, 0x000001a3f97c5508]
Event: 7985.021 Thread 0x000001a38447e000 31187       4       com.google.common.collect.AbstractIterator::hasNext (65 bytes)
Event: 7985.027 Thread 0x000001a38447e000 nmethod 31187 0x000001a3f97c5690 code [0x000001a3f97c5840, 0x000001a3f97c5bb8]
Event: 7985.034 Thread 0x000001a38447e000 31188   !   4       org.gradle.initialization.DefaultBuildCancellationToken::isCancellationRequested (19 bytes)
Event: 7985.036 Thread 0x000001a38447e000 nmethod 31188 0x000001a3f97c5d10 code [0x000001a3f97c5ea0, 0x000001a3f97c60f8]
Event: 7985.070 Thread 0x000001a38447e000 31189       4       org.objectweb.asm.signature.SignatureWriter::visitInnerClassType (34 bytes)
Event: 7985.097 Thread 0x000001a38447e000 nmethod 31189 0x000001a3f97c6210 code [0x000001a3f97c63e0, 0x000001a3f97c6f28]
Event: 7985.176 Thread 0x000001a384481800 31190       3       org.objectweb.asm.MethodWriter::putMethodInfo (1431 bytes)
Event: 7985.183 Thread 0x000001a384481800 nmethod 31190 0x000001a3f3bfe190 code [0x000001a3f3bfe940, 0x000001a3f3c01710]
Event: 7985.184 Thread 0x000001a384481800 31191       3       org.objectweb.asm.MethodWriter::computeMethodInfoSize (704 bytes)
Event: 7985.187 Thread 0x000001a384481800 nmethod 31191 0x000001a3f3c02c90 code [0x000001a3f3c03040, 0x000001a3f3c04580]
Event: 7985.218 Thread 0x000001a384481800 31192       3       org.objectweb.asm.SymbolTable::addConstantDouble (11 bytes)
Event: 7985.219 Thread 0x000001a384481800 nmethod 31192 0x000001a3f3c04d90 code [0x000001a3f3c04f40, 0x000001a3f3c05110]
Event: 7985.325 Thread 0x000001a38447e000 31193       4       org.objectweb.asm.MethodVisitor::visitIincInsn (17 bytes)
Event: 7985.333 Thread 0x000001a38447e000 nmethod 31193 0x000001a3f97c7510 code [0x000001a3f97c7700, 0x000001a3f97c7b20]
Event: 7985.333 Thread 0x000001a38447e000 31194       4       org.objectweb.asm.MethodWriter::visitIincInsn (135 bytes)
Event: 7985.340 Thread 0x000001a38447e000 nmethod 31194 0x000001a3f97c7f90 code [0x000001a3f97c8160, 0x000001a3f97c8520]
Event: 7985.395 Thread 0x000001a38447e000 31195       4       org.objectweb.asm.SymbolTable::addConstantLongOrDouble (109 bytes)
Event: 7985.442 Thread 0x000001a38447e000 nmethod 31195 0x000001a3f97c8910 code [0x000001a3f97c8ae0, 0x000001a3f97c9b48]

GC Heap History (20 events):
Event: 7978.656 GC heap before
{Heap before GC invocations=311 (full 0):
 garbage-first heap   total 365568K, used 279533K [0x00000000c0000000, 0x0000000100000000)
  region size 1024K, 82 young (83968K), 10 survivors (10240K)
 Metaspace       used 129224K, capacity 133680K, committed 133936K, reserved 1165312K
  class space    used 15726K, capacity 17148K, committed 17280K, reserved 1048576K
}
Event: 7978.666 GC heap after
{Heap after GC invocations=312 (full 0):
 garbage-first heap   total 365568K, used 205820K [0x00000000c0000000, 0x0000000100000000)
  region size 1024K, 6 young (6144K), 6 survivors (6144K)
 Metaspace       used 129224K, capacity 133680K, committed 133936K, reserved 1165312K
  class space    used 15726K, capacity 17148K, committed 17280K, reserved 1048576K
}
Event: 7979.350 GC heap before
{Heap before GC invocations=312 (full 0):
 garbage-first heap   total 365568K, used 291836K [0x00000000c0000000, 0x0000000100000000)
  region size 1024K, 90 young (92160K), 6 survivors (6144K)
 Metaspace       used 129259K, capacity 133680K, committed 133936K, reserved 1165312K
  class space    used 15726K, capacity 17148K, committed 17280K, reserved 1048576K
}
Event: 7979.357 GC heap after
{Heap after GC invocations=313 (full 0):
 garbage-first heap   total 365568K, used 206332K [0x00000000c0000000, 0x0000000100000000)
  region size 1024K, 6 young (6144K), 6 survivors (6144K)
 Metaspace       used 129259K, capacity 133680K, committed 133936K, reserved 1165312K
  class space    used 15726K, capacity 17148K, committed 17280K, reserved 1048576K
}
Event: 7980.563 GC heap before
{Heap before GC invocations=314 (full 0):
 garbage-first heap   total 398336K, used 293372K [0x00000000c0000000, 0x0000000100000000)
  region size 1024K, 92 young (94208K), 6 survivors (6144K)
 Metaspace       used 129259K, capacity 133680K, committed 133936K, reserved 1165312K
  class space    used 15726K, capacity 17148K, committed 17280K, reserved 1048576K
}
Event: 7980.571 GC heap after
{Heap after GC invocations=315 (full 0):
 garbage-first heap   total 398336K, used 206332K [0x00000000c0000000, 0x0000000100000000)
  region size 1024K, 6 young (6144K), 6 survivors (6144K)
 Metaspace       used 129259K, capacity 133680K, committed 133936K, reserved 1165312K
  class space    used 15726K, capacity 17148K, committed 17280K, reserved 1048576K
}
Event: 7981.047 GC heap before
{Heap before GC invocations=315 (full 0):
 garbage-first heap   total 398336K, used 314876K [0x00000000c0000000, 0x0000000100000000)
  region size 1024K, 112 young (114688K), 6 survivors (6144K)
 Metaspace       used 129267K, capacity 133680K, committed 133936K, reserved 1165312K
  class space    used 15726K, capacity 17148K, committed 17280K, reserved 1048576K
}
Event: 7981.054 GC heap after
{Heap after GC invocations=316 (full 0):
 garbage-first heap   total 398336K, used 205820K [0x00000000c0000000, 0x0000000100000000)
  region size 1024K, 6 young (6144K), 6 survivors (6144K)
 Metaspace       used 129267K, capacity 133680K, committed 133936K, reserved 1165312K
  class space    used 15726K, capacity 17148K, committed 17280K, reserved 1048576K
}
Event: 7981.997 GC heap before
{Heap before GC invocations=317 (full 0):
 garbage-first heap   total 398336K, used 302076K [0x00000000c0000000, 0x0000000100000000)
  region size 1024K, 109 young (111616K), 6 survivors (6144K)
 Metaspace       used 129267K, capacity 133680K, committed 133936K, reserved 1165312K
  class space    used 15726K, capacity 17148K, committed 17280K, reserved 1048576K
}
Event: 7982.005 GC heap after
{Heap after GC invocations=318 (full 0):
 garbage-first heap   total 398336K, used 195580K [0x00000000c0000000, 0x0000000100000000)
  region size 1024K, 5 young (5120K), 5 survivors (5120K)
 Metaspace       used 129267K, capacity 133680K, committed 133936K, reserved 1165312K
  class space    used 15726K, capacity 17148K, committed 17280K, reserved 1048576K
}
Event: 7982.545 GC heap before
{Heap before GC invocations=318 (full 0):
 garbage-first heap   total 398336K, used 314364K [0x00000000c0000000, 0x0000000100000000)
  region size 1024K, 121 young (123904K), 5 survivors (5120K)
 Metaspace       used 129267K, capacity 133680K, committed 133936K, reserved 1165312K
  class space    used 15726K, capacity 17148K, committed 17280K, reserved 1048576K
}
Event: 7982.550 GC heap after
{Heap after GC invocations=319 (full 0):
 garbage-first heap   total 398336K, used 195505K [0x00000000c0000000, 0x0000000100000000)
  region size 1024K, 5 young (5120K), 5 survivors (5120K)
 Metaspace       used 129267K, capacity 133680K, committed 133936K, reserved 1165312K
  class space    used 15726K, capacity 17148K, committed 17280K, reserved 1048576K
}
Event: 7983.691 GC heap before
{Heap before GC invocations=320 (full 0):
 garbage-first heap   total 398336K, used 315313K [0x00000000c0000000, 0x0000000100000000)
  region size 1024K, 122 young (124928K), 5 survivors (5120K)
 Metaspace       used 129267K, capacity 133680K, committed 133936K, reserved 1165312K
  class space    used 15726K, capacity 17148K, committed 17280K, reserved 1048576K
}
Event: 7983.710 GC heap after
{Heap after GC invocations=321 (full 0):
 garbage-first heap   total 398336K, used 195887K [0x00000000c0000000, 0x0000000100000000)
  region size 1024K, 5 young (5120K), 5 survivors (5120K)
 Metaspace       used 129267K, capacity 133680K, committed 133936K, reserved 1165312K
  class space    used 15726K, capacity 17148K, committed 17280K, reserved 1048576K
}
Event: 7984.278 GC heap before
{Heap before GC invocations=321 (full 0):
 garbage-first heap   total 398336K, used 322863K [0x00000000c0000000, 0x0000000100000000)
  region size 1024K, 130 young (133120K), 5 survivors (5120K)
 Metaspace       used 129267K, capacity 133680K, committed 133936K, reserved 1165312K
  class space    used 15726K, capacity 17148K, committed 17280K, reserved 1048576K
}
Event: 7984.286 GC heap after
{Heap after GC invocations=322 (full 0):
 garbage-first heap   total 398336K, used 195891K [0x00000000c0000000, 0x0000000100000000)
  region size 1024K, 5 young (5120K), 5 survivors (5120K)
 Metaspace       used 129267K, capacity 133680K, committed 133936K, reserved 1165312K
  class space    used 15726K, capacity 17148K, committed 17280K, reserved 1048576K
}
Event: 7984.959 GC heap before
{Heap before GC invocations=323 (full 0):
 garbage-first heap   total 398336K, used 327987K [0x00000000c0000000, 0x0000000100000000)
  region size 1024K, 134 young (137216K), 5 survivors (5120K)
 Metaspace       used 129267K, capacity 133680K, committed 133936K, reserved 1165312K
  class space    used 15726K, capacity 17148K, committed 17280K, reserved 1048576K
}
Event: 7984.967 GC heap after
{Heap after GC invocations=324 (full 0):
 garbage-first heap   total 398336K, used 195490K [0x00000000c0000000, 0x0000000100000000)
  region size 1024K, 5 young (5120K), 5 survivors (5120K)
 Metaspace       used 129267K, capacity 133680K, committed 133936K, reserved 1165312K
  class space    used 15726K, capacity 17148K, committed 17280K, reserved 1048576K
}
Event: 7985.250 GC heap before
{Heap before GC invocations=324 (full 0):
 garbage-first heap   total 398336K, used 329634K [0x00000000c0000000, 0x0000000100000000)
  region size 1024K, 137 young (140288K), 5 survivors (5120K)
 Metaspace       used 129271K, capacity 133686K, committed 133936K, reserved 1165312K
  class space    used 15727K, capacity 17149K, committed 17280K, reserved 1048576K
}
Event: 7985.258 GC heap after
{Heap after GC invocations=325 (full 0):
 garbage-first heap   total 398336K, used 195892K [0x00000000c0000000, 0x0000000100000000)
  region size 1024K, 5 young (5120K), 5 survivors (5120K)
 Metaspace       used 129271K, capacity 133686K, committed 133936K, reserved 1165312K
  class space    used 15727K, capacity 17149K, committed 17280K, reserved 1048576K
}

Deoptimization events (20 events):
Event: 7984.145 Thread 0x000001a38d889000 DEOPT PACKING pc=0x000001a3f3beacb6 sp=0x00000010ddefce80
Event: 7984.145 Thread 0x000001a38d889000 DEOPT UNPACKING pc=0x000001a3f059994e sp=0x00000010ddefc4f0 mode 0
Event: 7984.149 Thread 0x000001a38d889000 DEOPT PACKING pc=0x000001a3f3beacb6 sp=0x00000010ddefce80
Event: 7984.149 Thread 0x000001a38d889000 DEOPT UNPACKING pc=0x000001a3f059994e sp=0x00000010ddefc4f0 mode 0
Event: 7984.154 Thread 0x000001a38d889000 DEOPT PACKING pc=0x000001a3f3be8f88 sp=0x00000010ddefce80
Event: 7984.154 Thread 0x000001a38d889000 DEOPT UNPACKING pc=0x000001a3f059994e sp=0x00000010ddefc4f0 mode 0
Event: 7984.159 Thread 0x000001a38d889000 DEOPT PACKING pc=0x000001a3f3be8f88 sp=0x00000010ddefce80
Event: 7984.159 Thread 0x000001a38d889000 DEOPT UNPACKING pc=0x000001a3f059994e sp=0x00000010ddefc4f0 mode 0
Event: 7984.164 Thread 0x000001a38d889000 DEOPT PACKING pc=0x000001a3f3beacb6 sp=0x00000010ddefce80
Event: 7984.164 Thread 0x000001a38d889000 DEOPT UNPACKING pc=0x000001a3f059994e sp=0x00000010ddefc4f0 mode 0
Event: 7984.180 Thread 0x000001a38d889000 DEOPT PACKING pc=0x000001a3f3beacb6 sp=0x00000010ddefce80
Event: 7984.180 Thread 0x000001a38d889000 DEOPT UNPACKING pc=0x000001a3f059994e sp=0x00000010ddefc4f0 mode 0
Event: 7984.193 Thread 0x000001a38d889000 DEOPT PACKING pc=0x000001a3f3beacb6 sp=0x00000010ddefce80
Event: 7984.193 Thread 0x000001a38d889000 DEOPT UNPACKING pc=0x000001a3f059994e sp=0x00000010ddefc4f0 mode 0
Event: 7984.198 Thread 0x000001a38d889000 DEOPT PACKING pc=0x000001a3f3be8f88 sp=0x00000010ddefce80
Event: 7984.198 Thread 0x000001a38d889000 DEOPT UNPACKING pc=0x000001a3f059994e sp=0x00000010ddefc4f0 mode 0
Event: 7984.201 Thread 0x000001a38d889000 DEOPT PACKING pc=0x000001a3f3beacb6 sp=0x00000010ddefce80
Event: 7984.202 Thread 0x000001a38d889000 DEOPT UNPACKING pc=0x000001a3f059994e sp=0x00000010ddefc4f0 mode 0
Event: 7984.219 Thread 0x000001a38d889000 DEOPT PACKING pc=0x000001a3f3be8f88 sp=0x00000010ddefce80
Event: 7984.219 Thread 0x000001a38d889000 DEOPT UNPACKING pc=0x000001a3f059994e sp=0x00000010ddefc4f0 mode 0

Classes unloaded (20 events):
Event: 7398.335 Thread 0x000001a384452000 Unloading class 0x0000000801857b18 'RegistryProcessor'
Event: 7398.335 Thread 0x000001a384452000 Unloading class 0x0000000801857840 'JetGradlePlugin'
Event: 7398.335 Thread 0x000001a384452000 Unloading class 0x0000000801857040 'ijinit_7k0s6t58vasdxrb0za8fx51m6'
Event: 7439.679 Thread 0x000001a384452000 Unloading class 0x00000008018e0040 '_BuildScript_$_run_closure2'
Event: 7439.679 Thread 0x000001a384452000 Unloading class 0x00000008018e0c08 '_BuildScript_$_run_closure1$_closure4$_closure5'
Event: 7439.679 Thread 0x000001a384452000 Unloading class 0x00000008018e0840 '_BuildScript_$_run_closure1$_closure4'
Event: 7439.679 Thread 0x000001a384452000 Unloading class 0x00000008018e4408 '_BuildScript_$_run_closure1$_closure3'
Event: 7439.679 Thread 0x000001a384452000 Unloading class 0x00000008018e4040 '_BuildScript_$_run_closure1'
Event: 7439.679 Thread 0x000001a384452000 Unloading class 0x000000080192b840 '_BuildScript_'
Event: 7451.755 Thread 0x000001a384452000 Unloading class 0x000000080195e040 'jdk/internal/reflect/GeneratedMethodAccessor193'
Event: 7451.755 Thread 0x000001a384452000 Unloading class 0x000000080195ec40 'jdk/internal/reflect/GeneratedMethodAccessor192'
Event: 7451.755 Thread 0x000001a384452000 Unloading class 0x000000080195e840 'jdk/internal/reflect/GeneratedMethodAccessor191'
Event: 7451.755 Thread 0x000001a384452000 Unloading class 0x000000080195f040 'jdk/internal/reflect/GeneratedMethodAccessor190'
Event: 7451.755 Thread 0x000001a384452000 Unloading class 0x000000080195f840 'jdk/internal/reflect/GeneratedMethodAccessor189'
Event: 7944.143 Thread 0x000001a384452000 Unloading class 0x0000000801b97040 '_BuildScript_$_run_closure2'
Event: 7944.143 Thread 0x000001a384452000 Unloading class 0x0000000801b96c08 '_BuildScript_$_run_closure1$_closure4$_closure5'
Event: 7944.143 Thread 0x000001a384452000 Unloading class 0x0000000801b96840 '_BuildScript_$_run_closure1$_closure4'
Event: 7944.143 Thread 0x000001a384452000 Unloading class 0x0000000801b96408 '_BuildScript_$_run_closure1$_closure3'
Event: 7944.143 Thread 0x000001a384452000 Unloading class 0x0000000801b96040 '_BuildScript_$_run_closure1'
Event: 7944.143 Thread 0x000001a384452000 Unloading class 0x0000000801b95840 '_BuildScript_'

Classes redefined (0 events):
No events

Internal exceptions (20 events):
Event: 7915.979 Thread 0x000001a387747800 Exception <a 'java/lang/ClassNotFoundException'{0x00000000d541b700}: org/jetbrains/plugins/gradle/tooling/util/SourceSetCachedFinderBeanInfo> (0x00000000d541b700) 
thrown [t:/workspace/open/src/hotspot/share/classfile/systemDictionary.cpp, line 232]
Event: 7915.980 Thread 0x000001a387747800 Exception <a 'java/lang/ClassNotFoundException'{0x00000000d5428cd0}: org/jetbrains/plugins/gradle/tooling/util/SourceSetCachedFinderCustomizer> (0x00000000d5428cd0) 
thrown [t:/workspace/open/src/hotspot/share/classfile/systemDictionary.cpp, line 232]
Event: 7918.334 Thread 0x000001a387747800 Exception <a 'java/lang/NoSuchMethodError'{0x00000000d5135750}: static Lorg/jetbrains/kotlin/gradle/KotlinGradleModelImpl;.<clinit>()V> (0x00000000d5135750) 
thrown [t:/workspace/open/src/hotspot/share/prims/jni.cpp, line 1347]
Event: 7918.339 Thread 0x000001a387747800 Exception <a 'java/lang/NoSuchMethodError'{0x00000000d517b7d8}: static Lorg/jetbrains/kotlin/kapt/idea/KaptGradleModelImpl;.<clinit>()V> (0x00000000d517b7d8) 
thrown [t:/workspace/open/src/hotspot/share/prims/jni.cpp, line 1347]
Event: 7918.354 Thread 0x000001a387747800 Exception <a 'java/lang/NoSuchMethodError'{0x00000000d51dce20}: static Lorg/jetbrains/kotlin/noarg/ide/NoArgModelImpl;.<clinit>()V> (0x00000000d51dce20) 
thrown [t:/workspace/open/src/hotspot/share/prims/jni.cpp, line 1347]
Event: 7918.364 Thread 0x000001a387747800 Exception <a 'java/lang/NoSuchMethodError'{0x00000000d503a7a0}: static Lorg/jetbrains/kotlin/allopen/ide/AllOpenModelImpl;.<clinit>()V> (0x00000000d503a7a0) 
thrown [t:/workspace/open/src/hotspot/share/prims/jni.cpp, line 1347]
Event: 7918.413 Thread 0x000001a387747800 Exception <a 'java/lang/NoSuchMethodError'{0x00000000d509ee08}: static Lorg/jetbrains/kotlin/samWithReceiver/ide/SamWithReceiverModelImpl;.<clinit>()V> (0x00000000d509ee08) 
thrown [t:/workspace/open/src/hotspot/share/prims/jni.cpp, line 1347]
Event: 7918.967 Thread 0x000001a387747800 Exception <a 'java/lang/reflect/InvocationTargetException'{0x00000000d49ed7b8}> (0x00000000d49ed7b8) 
thrown [t:/workspace/open/src/hotspot/share/runtime/reflection.cpp, line 1188]
Event: 7919.176 Thread 0x000001a387747800 Implicit null exception at 0x000001a3f92186a0 to 0x000001a3f9218e96
Event: 7919.176 Thread 0x000001a387747800 Implicit null exception at 0x000001a3f9586310 to 0x000001a3f9587c7a
Event: 7919.243 Thread 0x000001a387747800 Implicit null exception at 0x000001a3f9615b6c to 0x000001a3f961798a
Event: 7977.548 Thread 0x000001a38d88b800 Exception <a 'sun/nio/fs/WindowsException'{0x00000000d224af90}> (0x00000000d224af90) 
thrown [t:/workspace/open/src/hotspot/share/prims/jni.cpp, line 598]
Event: 7977.548 Thread 0x000001a38d88b800 Exception <a 'sun/nio/fs/WindowsException'{0x00000000d224b3d0}> (0x00000000d224b3d0) 
thrown [t:/workspace/open/src/hotspot/share/prims/jni.cpp, line 598]
Event: 7977.549 Thread 0x000001a38d88b800 Exception <a 'sun/nio/fs/WindowsException'{0x00000000d224cc30}> (0x00000000d224cc30) 
thrown [t:/workspace/open/src/hotspot/share/prims/jni.cpp, line 598]
Event: 7977.549 Thread 0x000001a38d88b800 Exception <a 'sun/nio/fs/WindowsException'{0x00000000d224d170}> (0x00000000d224d170) 
thrown [t:/workspace/open/src/hotspot/share/prims/jni.cpp, line 598]
Event: 7981.753 Thread 0x000001a38d88b800 Exception <a 'sun/nio/fs/WindowsException'{0x00000000d50f3920}> (0x00000000d50f3920) 
thrown [t:/workspace/open/src/hotspot/share/prims/jni.cpp, line 598]
Event: 7982.260 Thread 0x000001a38d88b800 Exception <a 'sun/nio/fs/WindowsException'{0x00000000d5a3e9e0}> (0x00000000d5a3e9e0) 
thrown [t:/workspace/open/src/hotspot/share/prims/jni.cpp, line 598]
Event: 7983.638 Thread 0x000001a38d88b800 Exception <a 'sun/nio/fs/WindowsException'{0x00000000d1deea60}> (0x00000000d1deea60) 
thrown [t:/workspace/open/src/hotspot/share/prims/jni.cpp, line 598]
Event: 7984.268 Thread 0x000001a38d88b800 Exception <a 'sun/nio/fs/WindowsException'{0x00000000d08e5620}> (0x00000000d08e5620) 
thrown [t:/workspace/open/src/hotspot/share/prims/jni.cpp, line 598]
Event: 7985.197 Thread 0x000001a38d88b800 Exception <a 'sun/nio/fs/WindowsException'{0x00000000d18e4c18}> (0x00000000d18e4c18) 
thrown [t:/workspace/open/src/hotspot/share/prims/jni.cpp, line 598]

Events (20 events):
Event: 7982.008 Executing VM operation: G1CollectForAllocation done
Event: 7982.544 Executing VM operation: G1CollectForAllocation
Event: 7982.562 Executing VM operation: G1CollectForAllocation done
Event: 7982.904 Executing VM operation: G1Concurrent
Event: 7982.947 Executing VM operation: G1Concurrent done
Event: 7983.161 Executing VM operation: G1Concurrent
Event: 7983.164 Executing VM operation: G1Concurrent done
Event: 7983.691 Executing VM operation: G1CollectForAllocation
Event: 7983.711 Executing VM operation: G1CollectForAllocation done
Event: 7984.278 Executing VM operation: G1CollectForAllocation
Event: 7984.286 Executing VM operation: G1CollectForAllocation done
Event: 7984.636 Executing VM operation: G1Concurrent
Event: 7984.679 Executing VM operation: G1Concurrent done
Event: 7984.882 Executing VM operation: G1Concurrent
Event: 7984.884 Executing VM operation: G1Concurrent done
Event: 7984.959 Executing VM operation: G1CollectForAllocation
Event: 7984.967 Executing VM operation: G1CollectForAllocation done
Event: 7985.250 Executing VM operation: G1CollectForAllocation
Event: 7985.258 Executing VM operation: G1CollectForAllocation done
Event: 7985.596 Executing VM operation: G1Concurrent


Dynamic libraries:
0x00007ff71f230000 - 0x00007ff71f23f000 	C:\Program Files\Java\jdk-13.0.2\bin\java.exe
0x00007ffd3a0f0000 - 0x00007ffd3a2dd000 	C:\Windows\SYSTEM32\ntdll.dll
0x00007ffd39cf0000 - 0x00007ffd39da3000 	C:\Windows\System32\KERNEL32.DLL
0x00007ffd36c30000 - 0x00007ffd36ec5000 	C:\Windows\System32\KERNELBASE.dll
0x00007ffd36ed0000 - 0x00007ffd36fca000 	C:\Windows\System32\ucrtbase.dll
0x00007ffd14d60000 - 0x00007ffd14d78000 	C:\Program Files\Java\jdk-13.0.2\bin\jli.dll
0x00007ffd381d0000 - 0x00007ffd38273000 	C:\Windows\System32\ADVAPI32.dll
0x00007ffd37a60000 - 0x00007ffd37afe000 	C:\Windows\System32\msvcrt.dll
0x00007ffd382f0000 - 0x00007ffd3838e000 	C:\Windows\System32\sechost.dll
0x00007ffd37930000 - 0x00007ffd37a52000 	C:\Windows\System32\RPCRT4.dll
0x00007ffd38390000 - 0x00007ffd38527000 	C:\Windows\System32\USER32.dll
0x00007ffd362d0000 - 0x00007ffd362f0000 	C:\Windows\System32\win32u.dll
0x00007ffd39db0000 - 0x00007ffd39dd9000 	C:\Windows\System32\GDI32.dll
0x00007ffd36320000 - 0x00007ffd364b9000 	C:\Windows\System32\gdi32full.dll
0x00007ffd36230000 - 0x00007ffd362d0000 	C:\Windows\System32\msvcp_win.dll
0x00007ffd13480000 - 0x00007ffd13495000 	C:\Program Files\Java\jdk-13.0.2\bin\VCRUNTIME140.dll
0x00007ffd1a0e0000 - 0x00007ffd1a359000 	C:\Windows\WinSxS\amd64_microsoft.windows.common-controls_6595b64144ccf1df_6.0.17763.1217_none_de6e4304534e0ad3\COMCTL32.dll
0x00007ffd37b90000 - 0x00007ffd37ebc000 	C:\Windows\System32\combase.dll
0x00007ffd361b0000 - 0x00007ffd3622e000 	C:\Windows\System32\bcryptPrimitives.dll
0x00007ffd31110000 - 0x00007ffd3111a000 	C:\Windows\SYSTEM32\VERSION.dll
0x00007ffd37b60000 - 0x00007ffd37b8e000 	C:\Windows\System32\IMM32.DLL
0x00007ffd03110000 - 0x00007ffd031ab000 	C:\Program Files\Java\jdk-13.0.2\bin\msvcp140.dll
0x00007ffcfd410000 - 0x00007ffcfdf6d000 	C:\Program Files\Java\jdk-13.0.2\bin\server\jvm.dll
0x00007ffd39ce0000 - 0x00007ffd39ce8000 	C:\Windows\System32\PSAPI.DLL
0x00007ffd32910000 - 0x00007ffd32919000 	C:\Windows\SYSTEM32\WSOCK32.dll
0x00007ffd38280000 - 0x00007ffd382ed000 	C:\Windows\System32\WS2_32.dll
0x00007ffd341d0000 - 0x00007ffd341f4000 	C:\Windows\SYSTEM32\WINMM.dll
0x00007ffd341a0000 - 0x00007ffd341cd000 	C:\Windows\SYSTEM32\WINMMBASE.dll
0x00007ffd36fd0000 - 0x00007ffd3701a000 	C:\Windows\System32\cfgmgr32.dll
0x00007ffd36140000 - 0x00007ffd36151000 	C:\Windows\System32\kernel.appcore.dll
0x00007ffd26b70000 - 0x00007ffd26b80000 	C:\Program Files\Java\jdk-13.0.2\bin\verify.dll
0x00007ffd26870000 - 0x00007ffd26a5d000 	C:\Windows\SYSTEM32\DBGHELP.DLL
0x00007ffd26840000 - 0x00007ffd2686a000 	C:\Windows\SYSTEM32\dbgcore.DLL
0x00007ffd057f0000 - 0x00007ffd05816000 	C:\Program Files\Java\jdk-13.0.2\bin\java.dll
0x00007ffd0f260000 - 0x00007ffd0f277000 	C:\Program Files\Java\jdk-13.0.2\bin\zip.dll
0x00007ffd19670000 - 0x00007ffd1967a000 	C:\Program Files\Java\jdk-13.0.2\bin\jimage.dll
0x00007ffd387e0000 - 0x00007ffd39cd4000 	C:\Windows\System32\SHELL32.dll
0x00007ffd37f30000 - 0x00007ffd37fd8000 	C:\Windows\System32\shcore.dll
0x00007ffd364e0000 - 0x00007ffd36c2e000 	C:\Windows\System32\windows.storage.dll
0x00007ffd36180000 - 0x00007ffd361a4000 	C:\Windows\System32\profapi.dll
0x00007ffd360e0000 - 0x00007ffd3613d000 	C:\Windows\System32\powrprof.dll
0x00007ffd38550000 - 0x00007ffd385a2000 	C:\Windows\System32\shlwapi.dll
0x00007ffd364c0000 - 0x00007ffd364d7000 	C:\Windows\System32\cryptsp.dll
0x00007ffd0ed10000 - 0x00007ffd0ed29000 	C:\Program Files\Java\jdk-13.0.2\bin\net.dll
0x00007ffd29b70000 - 0x00007ffd29c62000 	C:\Windows\SYSTEM32\WINHTTP.dll
0x00007ffd35900000 - 0x00007ffd35967000 	C:\Windows\system32\mswsock.dll
0x00007ffd065e0000 - 0x00007ffd065f3000 	C:\Program Files\Java\jdk-13.0.2\bin\nio.dll
0x00007ffd14c40000 - 0x00007ffd14c66000 	C:\Users\ELCOT\.gradle\caches\gradle-6.5\native\31\windows-amd64\native-platform.dll
0x00007ffd17a90000 - 0x00007ffd17a99000 	C:\Program Files\Java\jdk-13.0.2\bin\management.dll
0x00007ffd17a60000 - 0x00007ffd17a6b000 	C:\Program Files\Java\jdk-13.0.2\bin\management_ext.dll
0x00007ffd35490000 - 0x00007ffd354c3000 	C:\Windows\system32\rsaenh.dll
0x00007ffd362f0000 - 0x00007ffd36316000 	C:\Windows\System32\bcrypt.dll
0x00007ffd36010000 - 0x00007ffd36038000 	C:\Windows\SYSTEM32\USERENV.dll
0x00007ffd35a80000 - 0x00007ffd35a8c000 	C:\Windows\SYSTEM32\CRYPTBASE.dll
0x00007ffd35630000 - 0x00007ffd3566d000 	C:\Windows\SYSTEM32\IPHLPAPI.DLL
0x00007ffd37ec0000 - 0x00007ffd37ec8000 	C:\Windows\System32\NSI.dll
0x00007ffd2dcc0000 - 0x00007ffd2dcd6000 	C:\Windows\SYSTEM32\dhcpcsvc6.DLL
0x00007ffd2dca0000 - 0x00007ffd2dcbc000 	C:\Windows\SYSTEM32\dhcpcsvc.DLL
0x00007ffd35670000 - 0x00007ffd35737000 	C:\Windows\SYSTEM32\DNSAPI.dll
0x00007ffd050e0000 - 0x00007ffd05105000 	C:\Program Files\Java\jdk-13.0.2\bin\sunec.dll
0x00007ffd29b60000 - 0x00007ffd29b6a000 	C:\Windows\System32\rasadhlp.dll
0x00007ffd071c0000 - 0x00007ffd07359000 	C:\Program Files\Java\jdk-13.0.2\bin\awt.dll
0x00007ffd385b0000 - 0x00007ffd38674000 	C:\Windows\System32\OLEAUT32.dll
0x00007ffd34300000 - 0x00007ffd3438c000 	C:\Windows\SYSTEM32\apphelp.dll
0x00007ffd34710000 - 0x00007ffd3473e000 	C:\Windows\system32\DWMAPI.DLL
0x00007ffd37080000 - 0x00007ffd3725c000 	C:\Windows\System32\CRYPT32.dll
0x00007ffd36160000 - 0x00007ffd36172000 	C:\Windows\System32\MSASN1.dll
0x00007ffd34480000 - 0x00007ffd3451c000 	C:\Windows\system32\uxtheme.dll
0x00007ffd29de0000 - 0x00007ffd29e59000 	C:\Windows\System32\fwpuclnt.dll
0x00007ffd175e0000 - 0x00007ffd175ee000 	C:\Program Files\Java\jdk-13.0.2\bin\sunmscapi.dll
0x00007ffd35b80000 - 0x00007ffd35ba6000 	C:\Windows\SYSTEM32\ncrypt.dll
0x00007ffd35b40000 - 0x00007ffd35b7c000 	C:\Windows\SYSTEM32\NTASN1.dll
0x00007ffd35110000 - 0x00007ffd35141000 	C:\Windows\SYSTEM32\ntmarta.dll

dbghelp: loaded successfully - version: 4.0.5 - missing functions: none
symbol engine: initialized successfully - sym options: 0x614 - pdb path: .;C:\Program Files\Java\jdk-13.0.2\bin;C:\Windows\SYSTEM32;C:\Windows\WinSxS\amd64_microsoft.windows.common-controls_6595b64144ccf1df_6.0.17763.1217_none_de6e4304534e0ad3;C:\Program Files\Java\jdk-13.0.2\bin\server;C:\Users\ELCOT\.gradle\caches\gradle-6.5\native\31\windows-amd64

VM Arguments:
jvm_args: --add-opens=java.base/java.util=ALL-UNNAMED --add-opens=java.base/java.lang=ALL-UNNAMED --add-opens=java.base/java.lang.invoke=ALL-UNNAMED --add-opens=java.prefs/java.util.prefs=ALL-UNNAMED -Xmx1024m -Dfile.encoding=windows-1252 -Duser.country=IN -Duser.language=en -Duser.variant 
java_command: org.gradle.launcher.daemon.bootstrap.GradleDaemon 6.1.1
java_class_path (initial): C:\Users\ELCOT\.gradle\caches\gradle-6.5\wrapper\dists\gradle-6.1.1-all\cfmwm155h49vnt3hynmlrsdst\gradle-6.1.1\lib\gradle-launcher-6.1.1.jar
Launcher Type: SUN_STANDARD

[Global flags]
     intx CICompilerCount                          = 2                                         {product} {ergonomic}
     uint ConcGCThreads                            = 1                                         {product} {ergonomic}
     uint G1ConcRefinementThreads                  = 2                                         {product} {ergonomic}
   size_t G1HeapRegionSize                         = 1048576                                   {product} {ergonomic}
    uintx GCDrainStackTargetSize                   = 64                                        {product} {ergonomic}
   size_t InitialHeapSize                          = 65011712                                  {product} {ergonomic}
   size_t MarkStackSize                            = 4194304                                   {product} {ergonomic}
   size_t MaxHeapSize                              = 1073741824                                {product} {command line}
   size_t MaxNewSize                               = 643825664                                 {product} {ergonomic}
   size_t MinHeapDeltaBytes                        = 1048576                                   {product} {ergonomic}
   size_t MinHeapSize                              = 8388608                                   {product} {ergonomic}
    uintx NonNMethodCodeHeapSize                   = 5826188                                {pd product} {ergonomic}
    uintx NonProfiledCodeHeapSize                  = 122916026                              {pd product} {ergonomic}
    uintx ProfiledCodeHeapSize                     = 122916026                              {pd product} {ergonomic}
    uintx ReservedCodeCacheSize                    = 251658240                              {pd product} {ergonomic}
     bool SegmentedCodeCache                       = true                                      {product} {ergonomic}
   size_t SoftMaxHeapSize                          = 1073741824                             {manageable} {ergonomic}
     bool UseCompressedClassPointers               = true                                 {lp64_product} {ergonomic}
     bool UseCompressedOops                        = true                                 {lp64_product} {ergonomic}
     bool UseG1GC                                  = true                                      {product} {ergonomic}
     bool UseLargePagesIndividualAllocation        = false                                  {pd product} {ergonomic}

Logging:
Log output configuration:
 #0: stdout all=warning uptime,level,tags
 #1: stderr all=off uptime,level,tags

Environment Variables:
JAVA_HOME=C:\Program Files\AdoptOpenJDK\jdk-11.0.7.10-hotspot
PATH=C:\Program Files\AdoptOpenJDK\jdk-11.0.7.10-hotspot\bin;C:\Program Files (x86)\Common Files\Oracle\Java\javapath;C:\MinGW\bin;C:\Windows\system32;C:\Windows;C:\Windows\System32\Wbem;C:\Windows\System32\WindowsPowerShell\v1.0\;C:\Windows\System32\OpenSSH\;C:\Program Files\nodejs\;C:\Users\ELCOT\Downloads\python-3.8.2;C:\Program Files\Dart\dart-sdk\bin;C:\drivers\chromedriver_win32.zip;C:\src\flutter\flutter_windows_v1.12.13+hotfix.9-stable\flutter\bin;C:\Program Files (x86)\Android\android-sdk\platforms\platform-tools;C:\Program Files (x86)\Android\android-sdk\platform-tools\api;C:\Downloads\installer_r16-windows.exe;C:\ProgramData\Microsoft\Windows\Start Menu\Programs\Android SDK Tools;D:\kishoreAndroid\Android\Android Studio\bin;D:\kishoreAndroid\Android\Android Studio;C:\ProgramData\Microsoft\Windows\Start Menu\Programs\Visual Studio Emulator for Android.lnk;C:\Downloads\vs_emulatorsetup.exe;C:\Program Files (x86)\Android\android-sdk\SDK Manager;D:\Kishore\platforms;C:\Users\ELCOT\AppData\Local\Programs\Python\Python38\Scripts\;C:\Users\;C:\Program Files\Java\jdk-13.0.2;C:\Program Files\Java\jdk-13.0.2\bin;C:\Program Files\Java\jre1.8.0_251\bin;C:\Program Files (x86)\Android\platform-tools;C:\Downloads\python-3.8.2.exe;C:\Program Files\dotnet\;C:\Program Files\Microsoft SQL Server\130\Tools\Binn\;C:\Program Files\Microsoft SQL Server\Client SDK\ODBC\170\Tools\Binn\;D:\Git\cmd;C:\Users\ELCOT\AppData\Roaming\npm;\home\linuxbrew\.linuxbrew\bin;D:\AndroidStd\jre;C:\Program Files\Microsoft SQL Server\Client SDK\ODBC\130\Tools\Binn\;C:\Program Files (x86)\Microsoft SQL Server\140\Tools\Binn\;C:\Program Files\Microsoft SQL Server\140\Tools\Binn\;C:\Program Files\Microsoft SQL Server\140\DTS\Binn\;C:\Program Files (x86)\Microsoft SQL Server\150\DTS\Binn\;C:\Program Files\Azure Data Studio\bin;D:\modelsim_ase\win32aloem;C:\Users\ELCOT\AppData\Local\Programs\Python\Python39\Scripts\;C:\Users\ELCOT\AppData\Local\Programs\Python\Python39\;C:\Users\ELCOT\AppData\Local\Valida
USERNAME=ELCOT
OS=Windows_NT
PROCESSOR_IDENTIFIER=AMD64 Family 21 Model 112 Stepping 0, AuthenticAMD



---------------  S Y S T E M  ---------------

OS: Windows 10 , 64 bit Build 17763 (10.0.17763.1158)
HyperV virtualization detected

CPU:total 2 (initial active 2) (2 cores per cpu, 1 threads per core) family 21 model 112 stepping 0, cmov, cx8, fxsr, mmx, sse, sse2, sse3, ssse3, sse4.1, sse4.2, popcnt, avx, avx2, aes, clmul, mmxext, 3dnowpref, lzcnt, sse4a, tsc, tscinvbit, tscinv, bmi1, bmi2, fma

Memory: 4k page, system-wide physical 3935M (374M free)
TotalPageFile size 5322M (AvailPageFile size 15M)
current process WorkingSet (physical memory assigned to process): 666M, peak: 749M
current process commit charge ("private bytes"): 785M, peak: 830M

vm_info: Java HotSpot(TM) 64-Bit Server VM (13.0.2+8) for windows-amd64 JRE (13.0.2+8), built on Dec 11 2019 09:20:33 by "mach5one" with unknown MS VC++:1916

END.
