#
# There is insufficient memory for the Java Runtime Environment to continue.
# Native memory allocation (malloc) failed to allocate 32744 bytes for ChunkPool::allocate
# Possible reasons:
#   The system is out of physical RAM or swap space
#   The process is running with CompressedOops enabled, and the Java Heap may be blocking the growth of the native heap
# Possible solutions:
#   Reduce memory load on the system
#   Increase physical memory or swap space
#   Check if swap backing store is full
#   Decrease Java heap size (-Xmx/-Xms)
#   Decrease number of Java threads
#   Decrease Java thread stack sizes (-Xss)
#   Set larger code cache with -XX:ReservedCodeCacheSize=
#   JVM is running with Unscaled Compressed Oops mode in which the Java heap is
#     placed in the first 4GB address space. The Java Heap base address is the
#     maximum limit for the native heap growth. Please use -XX:HeapBaseMinAddress
#     to set the Java Heap base and to place the Java Heap above 4GB virtual address.
# This output file may be truncated or incomplete.
#
#  Out of Memory Error (t:/workspace/open/src/hotspot/share/memory/arena.cpp:80), pid=2876, tid=2676
#
# JRE version: Java(TM) SE Runtime Environment (13.0.2+8) (build 13.0.2+8)
# Java VM: Java HotSpot(TM) 64-Bit Server VM (13.0.2+8, mixed mode, sharing, tiered, compressed oops, g1 gc, windows-amd64)
# No core dump will be written. Minidumps are not enabled by default on client versions of Windows
#

---------------  S U M M A R Y ------------

Command Line: --add-opens=java.base/java.util=ALL-UNNAMED --add-opens=java.base/java.lang=ALL-UNNAMED --add-opens=java.base/java.lang.invoke=ALL-UNNAMED --add-opens=java.prefs/java.util.prefs=ALL-UNNAMED -Xmx1024m -Dfile.encoding=windows-1252 -Duser.country=IN -Duser.language=en -Duser.variant org.gradle.launcher.daemon.bootstrap.GradleDaemon 6.1.1

Host: AMD PRO A4-4350B R4, 5 COMPUTE CORES 2C+3G     , 2 cores, 3G,  Windows 10 , 64 bit Build 17763 (10.0.17763.1158)
Time: Wed Sep 16 22:59:10 2020 Pacific Daylight Time elapsed time: 51 seconds (0d 0h 0m 51s)

---------------  T H R E A D  ---------------

Current thread (0x0000028820854800):  JavaThread "C2 CompilerThread0" daemon [_thread_in_native, id=2676, stack(0x000000a2afb00000,0x000000a2afc00000)]


Current CompileTask:
C2:  51355 9562       4       com.android.tools.r8.code.u1::a (4075 bytes)

Stack: [0x000000a2afb00000,0x000000a2afc00000]
Native frames: (J=compiled Java code, j=interpreted, Vv=VM code, C=native code)
V  [jvm.dll+0x624f9a]
V  [jvm.dll+0x770cfa]
V  [jvm.dll+0x7724af]
V  [jvm.dll+0x772ab3]
V  [jvm.dll+0x24bf08]
V  [jvm.dll+0xc2076]
V  [jvm.dll+0xc23cc]
V  [jvm.dll+0x360d6d]
V  [jvm.dll+0x35c0fe]
V  [jvm.dll+0x327803]
V  [jvm.dll+0x326bda]
V  [jvm.dll+0x205c27]
V  [jvm.dll+0x204e3f]
V  [jvm.dll+0x189c2c]
V  [jvm.dll+0x213e6d]
V  [jvm.dll+0x2120bb]
V  [jvm.dll+0x736bb6]
V  [jvm.dll+0x72fcaa]
V  [jvm.dll+0x623ea6]
C  [ucrtbase.dll+0x21ffa]
C  [KERNEL32.DLL+0x17974]
C  [ntdll.dll+0x6a271]


---------------  P R O C E S S  ---------------

Threads class SMR info:
_java_thread_list=0x0000028826695d50, length=39, elements={
0x0000028802cb3800, 0x0000028820833800, 0x0000028820837800, 0x0000028820850800,
0x0000028820853000, 0x0000028820854800, 0x000002882085a800, 0x000002882086c000,
0x00000288212bc000, 0x00000288212bd800, 0x00000288226e0800, 0x0000028822864800,
0x000002882163c000, 0x000002882281f800, 0x0000028821ca1800, 0x0000028822861800,
0x00000288220c7000, 0x00000288228e4800, 0x000002882266a800, 0x000002882266b800,
0x0000028821de2800, 0x0000028821de0000, 0x0000028821ddf800, 0x0000028821de4000,
0x0000028821de5000, 0x0000028821de2000, 0x0000028821de6000, 0x0000028821de3800,
0x000002882388c800, 0x0000028823887800, 0x000002882388b000, 0x000002882388e000,
0x0000028823888800, 0x000002882388f000, 0x000002882388b800, 0x0000028823890000,
0x0000028823896800, 0x0000028823890800, 0x0000028823892000
}

Java Threads: ( => current thread )
  0x0000028802cb3800 JavaThread "main" [_thread_blocked, id=9960, stack(0x000000a2af000000,0x000000a2af100000)]
  0x0000028820833800 JavaThread "Reference Handler" daemon [_thread_blocked, id=1784, stack(0x000000a2af700000,0x000000a2af800000)]
  0x0000028820837800 JavaThread "Finalizer" daemon [_thread_blocked, id=9720, stack(0x000000a2af800000,0x000000a2af900000)]
  0x0000028820850800 JavaThread "Signal Dispatcher" daemon [_thread_blocked, id=9400, stack(0x000000a2af900000,0x000000a2afa00000)]
  0x0000028820853000 JavaThread "Attach Listener" daemon [_thread_blocked, id=1160, stack(0x000000a2afa00000,0x000000a2afb00000)]
=>0x0000028820854800 JavaThread "C2 CompilerThread0" daemon [_thread_in_native, id=2676, stack(0x000000a2afb00000,0x000000a2afc00000)]
  0x000002882085a800 JavaThread "C1 CompilerThread0" daemon [_thread_blocked, id=1636, stack(0x000000a2afc00000,0x000000a2afd00000)]
  0x000002882086c000 JavaThread "Sweeper thread" daemon [_thread_blocked, id=112, stack(0x000000a2afd00000,0x000000a2afe00000)]
  0x00000288212bc000 JavaThread "Common-Cleaner" daemon [_thread_blocked, id=4816, stack(0x000000a2afe00000,0x000000a2aff00000)]
  0x00000288212bd800 JavaThread "Service Thread" daemon [_thread_blocked, id=7324, stack(0x000000a2aff00000,0x000000a2b0000000)]
  0x00000288226e0800 JavaThread "Daemon health stats" [_thread_blocked, id=872, stack(0x000000a2b0300000,0x000000a2b0400000)]
  0x0000028822864800 JavaThread "Incoming local TCP Connector on port 54626" [_thread_in_native, id=1780, stack(0x000000a2b0400000,0x000000a2b0500000)]
  0x000002882163c000 JavaThread "Daemon periodic checks" [_thread_blocked, id=2584, stack(0x000000a2b0500000,0x000000a2b0600000)]
  0x000002882281f800 JavaThread "Daemon" [_thread_blocked, id=5280, stack(0x000000a2b0600000,0x000000a2b0700000)]
  0x0000028821ca1800 JavaThread "Handler for socket connection from /127.0.0.1:54626 to /127.0.0.1:54627" [_thread_in_native, id=9016, stack(0x000000a2b0700000,0x000000a2b0800000)]
  0x0000028822861800 JavaThread "Cancel handler" [_thread_blocked, id=2540, stack(0x000000a2b0800000,0x000000a2b0900000)]
  0x00000288220c7000 JavaThread "Daemon worker" [_thread_blocked, id=8272, stack(0x000000a2b0900000,0x000000a2b0a00000)]
  0x00000288228e4800 JavaThread "Asynchronous log dispatcher for DefaultDaemonConnection: socket connection from /127.0.0.1:54626 to /127.0.0.1:54627" [_thread_blocked, id=8684, stack(0x000000a2b0a00000,0x000000a2b0b00000)]
  0x000002882266a800 JavaThread "Stdin handler" [_thread_blocked, id=8632, stack(0x000000a2b0b00000,0x000000a2b0c00000)]
  0x000002882266b800 JavaThread "Thread-8" [_thread_blocked, id=6808, stack(0x000000a2b0c00000,0x000000a2b0d00000)]
  0x0000028821de2800 JavaThread "Cache worker for journal cache (C:\Users\ELCOT\.gradle\caches\gradle-6.5\caches\journal-1)" [_thread_blocked, id=8108, stack(0x000000a2b0d00000,0x000000a2b0e00000)]
  0x0000028821de0000 JavaThread "File lock request listener" [_thread_in_native, id=7936, stack(0x000000a2b0e00000,0x000000a2b0f00000)]
  0x0000028821ddf800 JavaThread "Cache worker for file hash cache (C:\Users\ELCOT\.gradle\caches\gradle-6.5\caches\6.1.1\fileHashes)" [_thread_blocked, id=8836, stack(0x000000a2b0f00000,0x000000a2b1000000)]
  0x0000028821de4000 JavaThread "Cache worker for checksums cache (D:\AndroidStudioProjects\DoChat\.gradle\checksums)" [_thread_blocked, id=4552, stack(0x000000a2b1000000,0x000000a2b1100000)]
  0x0000028821de5000 JavaThread "Cache worker for file hash cache (D:\AndroidStudioProjects\DoChat\.gradle\6.1.1\fileHashes)" [_thread_blocked, id=5012, stack(0x000000a2b1100000,0x000000a2b1200000)]
  0x0000028821de2000 JavaThread "Cache worker for cache directory md-supplier (C:\Users\ELCOT\.gradle\caches\gradle-6.5\caches\6.1.1\md-supplier)" [_thread_blocked, id=5976, stack(0x000000a2b1200000,0x000000a2b1300000)]
  0x0000028821de6000 JavaThread "Cache worker for cache directory md-rule (C:\Users\ELCOT\.gradle\caches\gradle-6.5\caches\6.1.1\md-rule)" [_thread_blocked, id=1180, stack(0x000000a2b1300000,0x000000a2b1400000)]
  0x0000028821de3800 JavaThread "Cache worker for execution history cache (C:\Users\ELCOT\.gradle\caches\gradle-6.5\caches\6.1.1\executionHistory)" [_thread_blocked, id=4104, stack(0x000000a2b1400000,0x000000a2b1500000)]
  0x000002882388c800 JavaThread "Build operations" [_thread_blocked, id=3300, stack(0x000000a2b1500000,0x000000a2b1600000)]
  0x0000028823887800 JavaThread "Build operations Thread 2" [_thread_blocked, id=8224, stack(0x000000a2b1600000,0x000000a2b1700000)]
  0x000002882388b000 JavaThread "Cache worker for Build Output Cleanup Cache (D:\AndroidStudioProjects\DoChat\.gradle\buildOutputCleanup)" [_thread_blocked, id=8708, stack(0x000000a2b1700000,0x000000a2b1800000)]
  0x000002882388e000 JavaThread "Memory manager" [_thread_blocked, id=7336, stack(0x000000a2b1800000,0x000000a2b1900000)]
  0x0000028823888800 JavaThread "Cache worker for file content cache (C:\Users\ELCOT\.gradle\caches\gradle-6.5\caches\6.1.1\fileContent)" [_thread_blocked, id=3884, stack(0x000000a2b1900000,0x000000a2b1a00000)]
  0x000002882388f000 JavaThread "Cache worker for file content cache (D:\AndroidStudioProjects\DoChat\.gradle\6.1.1\fileContent)" [_thread_blocked, id=5888, stack(0x000000a2b1a00000,0x000000a2b1b00000)]
  0x000002882388b800 JavaThread "Execution worker for ':'" [_thread_blocked, id=6164, stack(0x000000a2b1b00000,0x000000a2b1c00000)]
  0x0000028823890000 JavaThread "Cache worker for execution history cache (D:\AndroidStudioProjects\DoChat\.gradle\6.1.1\executionHistory)" [_thread_blocked, id=8092, stack(0x000000a2b1e00000,0x000000a2b1f00000)]
  0x0000028823896800 JavaThread "WorkerExecutor Queue" [_thread_blocked, id=9544, stack(0x000000a2b1f00000,0x000000a2b2000000)]
  0x0000028823890800 JavaThread "ForkJoinPool-1-worker-3" daemon [_thread_in_vm, id=824, stack(0x000000a2b2000000,0x000000a2b2100000)]
  0x0000028823892000 JavaThread "ForkJoinPool-1-worker-1" daemon [_thread_blocked, id=8596, stack(0x000000a2b2100000,0x000000a2b2200000)]

Other Threads:
  0x000002882082f000 VMThread "VM Thread" [stack: 0x000000a2af600000,0x000000a2af700000] [id=2508]
  0x00000288212cd000 WatcherThread [stack: 0x000000a2b0000000,0x000000a2b0100000] [id=6444]
  0x0000028802ce1800 GCTaskThread "GC Thread#0" [stack: 0x000000a2af100000,0x000000a2af200000] [id=6004]
  0x000002882141f000 GCTaskThread "GC Thread#1" [stack: 0x000000a2b0100000,0x000000a2b0200000] [id=4972]
  0x0000028802ceb000 ConcurrentGCThread "G1 Main Marker" [stack: 0x000000a2af200000,0x000000a2af300000] [id=8992]
  0x0000028802ced800 ConcurrentGCThread "G1 Conc#0" [stack: 0x000000a2af300000,0x000000a2af400000] [id=4024]
  0x0000028802d3a000 ConcurrentGCThread "G1 Refine#0" [stack: 0x000000a2af400000,0x000000a2af500000] [id=5312]
  0x0000028821bef800 ConcurrentGCThread "G1 Refine#1" [stack: 0x000000a2b0200000,0x000000a2b0300000] [id=9728]
  0x0000028802d3c000 ConcurrentGCThread "G1 Young RemSet Sampling" [stack: 0x000000a2af500000,0x000000a2af600000] [id=5408]

Threads with active compile tasks:
C2 CompilerThread0    51445 9562       4       com.android.tools.r8.code.u1::a (4075 bytes)

VM state:not at safepoint (normal execution)

VM Mutex/Monitor currently owned by a thread: None

Heap address: 0x00000000c0000000, size: 1024 MB, Compressed Oops mode: 32-bit
Narrow klass base: 0x0000000800000000, Narrow klass shift: 3
Compressed class space size: 1073741824 Address: 0x0000000800b40000

Heap:
 garbage-first heap   total 239616K, used 142336K [0x00000000c0000000, 0x0000000100000000)
  region size 1024K, 5 young (5120K), 4 survivors (4096K)
 Metaspace       used 68283K, capacity 70219K, committed 70320K, reserved 1110016K
  class space    used 9249K, capacity 9900K, committed 9984K, reserved 1048576K
Heap Regions: E=young(eden), S=young(survivor), O=old, HS=humongous(starts), HC=humongous(continues), CS=collection set, F=free, A=archive, TAMS=top-at-mark-start (previous, next)
|   0|0x00000000c0000000, 0x00000000c0100000, 0x00000000c0100000|100%|HS|  |TAMS 0x00000000c0100000, 0x00000000c0000000| Complete 
|   1|0x00000000c0100000, 0x00000000c0200000, 0x00000000c0200000|100%|HC|  |TAMS 0x00000000c0200000, 0x00000000c0100000| Complete 
|   2|0x00000000c0200000, 0x00000000c0300000, 0x00000000c0300000|100%|HC|  |TAMS 0x00000000c0300000, 0x00000000c0200000| Complete 
|   3|0x00000000c0300000, 0x00000000c0400000, 0x00000000c0400000|100%| O|  |TAMS 0x00000000c0400000, 0x00000000c0300000| Updating 
|   4|0x00000000c0400000, 0x00000000c0500000, 0x00000000c0500000|100%| O|  |TAMS 0x00000000c0500000, 0x00000000c0400000| Updating 
|   5|0x00000000c0500000, 0x00000000c0600000, 0x00000000c0600000|100%| O|  |TAMS 0x00000000c0600000, 0x00000000c0500000| Updating 
|   6|0x00000000c0600000, 0x00000000c0700000, 0x00000000c0700000|100%| O|  |TAMS 0x00000000c0700000, 0x00000000c0600000| Updating 
|   7|0x00000000c0700000, 0x00000000c0800000, 0x00000000c0800000|100%| O|  |TAMS 0x00000000c0800000, 0x00000000c0700000| Updating 
|   8|0x00000000c0800000, 0x00000000c0900000, 0x00000000c0900000|100%| O|  |TAMS 0x00000000c0900000, 0x00000000c0800000| Updating 
|   9|0x00000000c0900000, 0x00000000c0a00000, 0x00000000c0a00000|100%| O|  |TAMS 0x00000000c0a00000, 0x00000000c0900000| Updating 
|  10|0x00000000c0a00000, 0x00000000c0b00000, 0x00000000c0b00000|100%| O|  |TAMS 0x00000000c0b00000, 0x00000000c0a00000| Updating 
|  11|0x00000000c0b00000, 0x00000000c0c00000, 0x00000000c0c00000|100%| O|  |TAMS 0x00000000c0c00000, 0x00000000c0b00000| Updating 
|  12|0x00000000c0c00000, 0x00000000c0d00000, 0x00000000c0d00000|100%| O|  |TAMS 0x00000000c0d00000, 0x00000000c0c00000| Updating 
|  13|0x00000000c0d00000, 0x00000000c0e00000, 0x00000000c0e00000|100%| O|  |TAMS 0x00000000c0e00000, 0x00000000c0d00000| Updating 
|  14|0x00000000c0e00000, 0x00000000c0f00000, 0x00000000c0f00000|100%| O|  |TAMS 0x00000000c0f00000, 0x00000000c0e00000| Updating 
|  15|0x00000000c0f00000, 0x00000000c1000000, 0x00000000c1000000|100%| O|  |TAMS 0x00000000c1000000, 0x00000000c0f00000| Updating 
|  16|0x00000000c1000000, 0x00000000c1100000, 0x00000000c1100000|100%|HS|  |TAMS 0x00000000c1100000, 0x00000000c1000000| Complete 
|  17|0x00000000c1100000, 0x00000000c1200000, 0x00000000c1200000|100%|HC|  |TAMS 0x00000000c1200000, 0x00000000c1100000| Complete 
|  18|0x00000000c1200000, 0x00000000c1300000, 0x00000000c1300000|100%|HS|  |TAMS 0x00000000c1300000, 0x00000000c1200000| Complete 
|  19|0x00000000c1300000, 0x00000000c1400000, 0x00000000c1400000|100%|HC|  |TAMS 0x00000000c1400000, 0x00000000c1300000| Complete 
|  20|0x00000000c1400000, 0x00000000c1500000, 0x00000000c1500000|100%|HC|  |TAMS 0x00000000c1500000, 0x00000000c1400000| Complete 
|  21|0x00000000c1500000, 0x00000000c1600000, 0x00000000c1600000|100%|HS|  |TAMS 0x00000000c1600000, 0x00000000c1500000| Complete 
|  22|0x00000000c1600000, 0x00000000c1700000, 0x00000000c1700000|100%|HC|  |TAMS 0x00000000c1700000, 0x00000000c1600000| Complete 
|  23|0x00000000c1700000, 0x00000000c1800000, 0x00000000c1800000|100%|HC|  |TAMS 0x00000000c1800000, 0x00000000c1700000| Complete 
|  24|0x00000000c1800000, 0x00000000c1900000, 0x00000000c1900000|100%|HC|  |TAMS 0x00000000c1900000, 0x00000000c1800000| Complete 
|  25|0x00000000c1900000, 0x00000000c1a00000, 0x00000000c1a00000|100%| O|  |TAMS 0x00000000c1a00000, 0x00000000c1900000| Updating 
|  26|0x00000000c1a00000, 0x00000000c1b00000, 0x00000000c1b00000|100%| O|  |TAMS 0x00000000c1b00000, 0x00000000c1a00000| Updating 
|  27|0x00000000c1b00000, 0x00000000c1c00000, 0x00000000c1c00000|100%| O|  |TAMS 0x00000000c1c00000, 0x00000000c1b00000| Updating 
|  28|0x00000000c1c00000, 0x00000000c1d00000, 0x00000000c1d00000|100%| O|  |TAMS 0x00000000c1d00000, 0x00000000c1c00000| Updating 
|  29|0x00000000c1d00000, 0x00000000c1e00000, 0x00000000c1e00000|100%| O|  |TAMS 0x00000000c1e00000, 0x00000000c1d00000| Updating 
|  30|0x00000000c1e00000, 0x00000000c1f00000, 0x00000000c1f00000|100%| O|  |TAMS 0x00000000c1f00000, 0x00000000c1e00000| Updating 
|  31|0x00000000c1f00000, 0x00000000c2000000, 0x00000000c2000000|100%| O|  |TAMS 0x00000000c2000000, 0x00000000c1f00000| Updating 
|  32|0x00000000c2000000, 0x00000000c2100000, 0x00000000c2100000|100%| O|  |TAMS 0x00000000c2100000, 0x00000000c2000000| Updating 
|  33|0x00000000c2100000, 0x00000000c2200000, 0x00000000c2200000|100%| O|  |TAMS 0x00000000c2200000, 0x00000000c2100000| Updating 
|  34|0x00000000c2200000, 0x00000000c2300000, 0x00000000c2300000|100%| O|  |TAMS 0x00000000c2300000, 0x00000000c2200000| Updating 
|  35|0x00000000c2300000, 0x00000000c2400000, 0x00000000c2400000|100%| O|  |TAMS 0x00000000c2400000, 0x00000000c2300000| Updating 
|  36|0x00000000c2400000, 0x00000000c2500000, 0x00000000c2500000|100%|HS|  |TAMS 0x00000000c2500000, 0x00000000c2400000| Complete 
|  37|0x00000000c2500000, 0x00000000c2600000, 0x00000000c2600000|100%|HC|  |TAMS 0x00000000c2600000, 0x00000000c2500000| Complete 
|  38|0x00000000c2600000, 0x00000000c2700000, 0x00000000c2700000|100%|HC|  |TAMS 0x00000000c2700000, 0x00000000c2600000| Complete 
|  39|0x00000000c2700000, 0x00000000c2800000, 0x00000000c2800000|100%|HS|  |TAMS 0x00000000c2800000, 0x00000000c2700000| Complete 
|  40|0x00000000c2800000, 0x00000000c2900000, 0x00000000c2900000|100%|HC|  |TAMS 0x00000000c2900000, 0x00000000c2800000| Complete 
|  41|0x00000000c2900000, 0x00000000c2a00000, 0x00000000c2a00000|100%| O|  |TAMS 0x00000000c2a00000, 0x00000000c2900000| Updating 
|  42|0x00000000c2a00000, 0x00000000c2b00000, 0x00000000c2b00000|100%| O|  |TAMS 0x00000000c2b00000, 0x00000000c2a00000| Updating 
|  43|0x00000000c2b00000, 0x00000000c2c00000, 0x00000000c2c00000|100%| O|  |TAMS 0x00000000c2c00000, 0x00000000c2b00000| Updating 
|  44|0x00000000c2c00000, 0x00000000c2d00000, 0x00000000c2d00000|100%| O|  |TAMS 0x00000000c2d00000, 0x00000000c2c00000| Updating 
|  45|0x00000000c2d00000, 0x00000000c2e00000, 0x00000000c2e00000|100%| O|  |TAMS 0x00000000c2e00000, 0x00000000c2d00000| Updating 
|  46|0x00000000c2e00000, 0x00000000c2f00000, 0x00000000c2f00000|100%| O|  |TAMS 0x00000000c2f00000, 0x00000000c2e00000| Updating 
|  47|0x00000000c2f00000, 0x00000000c3000000, 0x00000000c3000000|100%| O|  |TAMS 0x00000000c3000000, 0x00000000c2f00000| Updating 
|  48|0x00000000c3000000, 0x00000000c3100000, 0x00000000c3100000|100%| O|  |TAMS 0x00000000c3100000, 0x00000000c3000000| Updating 
|  49|0x00000000c3100000, 0x00000000c3200000, 0x00000000c3200000|100%| O|  |TAMS 0x00000000c3200000, 0x00000000c3100000| Updating 
|  50|0x00000000c3200000, 0x00000000c3300000, 0x00000000c3300000|100%| O|  |TAMS 0x00000000c3300000, 0x00000000c3200000| Updating 
|  51|0x00000000c3300000, 0x00000000c3400000, 0x00000000c3400000|100%| O|  |TAMS 0x00000000c3400000, 0x00000000c3300000| Updating 
|  52|0x00000000c3400000, 0x00000000c3500000, 0x00000000c3500000|100%| O|  |TAMS 0x00000000c3500000, 0x00000000c3400000| Updating 
|  53|0x00000000c3500000, 0x00000000c3600000, 0x00000000c3600000|100%| O|  |TAMS 0x00000000c3600000, 0x00000000c3500000| Updating 
|  54|0x00000000c3600000, 0x00000000c3700000, 0x00000000c3700000|100%| O|  |TAMS 0x00000000c3700000, 0x00000000c3600000| Updating 
|  55|0x00000000c3700000, 0x00000000c3800000, 0x00000000c3800000|100%| O|  |TAMS 0x00000000c3800000, 0x00000000c3700000| Updating 
|  56|0x00000000c3800000, 0x00000000c3900000, 0x00000000c3900000|100%| O|  |TAMS 0x00000000c3900000, 0x00000000c3800000| Updating 
|  57|0x00000000c3900000, 0x00000000c3a00000, 0x00000000c3a00000|100%| O|  |TAMS 0x00000000c3a00000, 0x00000000c3900000| Updating 
|  58|0x00000000c3a00000, 0x00000000c3b00000, 0x00000000c3b00000|100%| O|  |TAMS 0x00000000c3b00000, 0x00000000c3a00000| Updating 
|  59|0x00000000c3b00000, 0x00000000c3c00000, 0x00000000c3c00000|100%| O|  |TAMS 0x00000000c3c00000, 0x00000000c3b00000| Updating 
|  60|0x00000000c3c00000, 0x00000000c3d00000, 0x00000000c3d00000|100%| O|  |TAMS 0x00000000c3d00000, 0x00000000c3c00000| Updating 
|  61|0x00000000c3d00000, 0x00000000c3e00000, 0x00000000c3e00000|100%| O|  |TAMS 0x00000000c3e00000, 0x00000000c3d00000| Updating 
|  62|0x00000000c3e00000, 0x00000000c3f00000, 0x00000000c3f00000|100%| O|  |TAMS 0x00000000c3f00000, 0x00000000c3e00000| Updating 
|  63|0x00000000c3f00000, 0x00000000c4000000, 0x00000000c4000000|100%| O|  |TAMS 0x00000000c4000000, 0x00000000c3f00000| Updating 
|  64|0x00000000c4000000, 0x00000000c4100000, 0x00000000c4100000|100%| O|  |TAMS 0x00000000c4100000, 0x00000000c4000000| Updating 
|  65|0x00000000c4100000, 0x00000000c4200000, 0x00000000c4200000|100%| O|  |TAMS 0x00000000c4200000, 0x00000000c4100000| Updating 
|  66|0x00000000c4200000, 0x00000000c4300000, 0x00000000c4300000|100%| O|  |TAMS 0x00000000c4300000, 0x00000000c4200000| Updating 
|  67|0x00000000c4300000, 0x00000000c4400000, 0x00000000c4400000|100%| O|  |TAMS 0x00000000c4400000, 0x00000000c4300000| Updating 
|  68|0x00000000c4400000, 0x00000000c4500000, 0x00000000c4500000|100%| O|  |TAMS 0x00000000c4500000, 0x00000000c4400000| Updating 
|  69|0x00000000c4500000, 0x00000000c4600000, 0x00000000c4600000|100%| O|  |TAMS 0x00000000c4600000, 0x00000000c4500000| Updating 
|  70|0x00000000c4600000, 0x00000000c4700000, 0x00000000c4700000|100%| O|  |TAMS 0x00000000c4700000, 0x00000000c4600000| Updating 
|  71|0x00000000c4700000, 0x00000000c4800000, 0x00000000c4800000|100%| O|  |TAMS 0x00000000c4800000, 0x00000000c4700000| Updating 
|  72|0x00000000c4800000, 0x00000000c4900000, 0x00000000c4900000|100%| O|  |TAMS 0x00000000c4900000, 0x00000000c4800000| Updating 
|  73|0x00000000c4900000, 0x00000000c4a00000, 0x00000000c4a00000|100%| O|  |TAMS 0x00000000c4a00000, 0x00000000c4900000| Updating 
|  74|0x00000000c4a00000, 0x00000000c4b00000, 0x00000000c4b00000|100%| O|  |TAMS 0x00000000c4b00000, 0x00000000c4a00000| Updating 
|  75|0x00000000c4b00000, 0x00000000c4c00000, 0x00000000c4c00000|100%| O|  |TAMS 0x00000000c4c00000, 0x00000000c4b00000| Updating 
|  76|0x00000000c4c00000, 0x00000000c4d00000, 0x00000000c4d00000|100%| O|  |TAMS 0x00000000c4d00000, 0x00000000c4c00000| Updating 
|  77|0x00000000c4d00000, 0x00000000c4e00000, 0x00000000c4e00000|100%| O|  |TAMS 0x00000000c4e00000, 0x00000000c4d00000| Updating 
|  78|0x00000000c4e00000, 0x00000000c4f00000, 0x00000000c4f00000|100%|HS|  |TAMS 0x00000000c4f00000, 0x00000000c4e00000| Complete 
|  79|0x00000000c4f00000, 0x00000000c5000000, 0x00000000c5000000|100%|HC|  |TAMS 0x00000000c5000000, 0x00000000c4f00000| Complete 
|  80|0x00000000c5000000, 0x00000000c5100000, 0x00000000c5100000|100%|HC|  |TAMS 0x00000000c5100000, 0x00000000c5000000| Complete 
|  81|0x00000000c5100000, 0x00000000c5200000, 0x00000000c5200000|100%|HC|  |TAMS 0x00000000c5200000, 0x00000000c5100000| Complete 
|  82|0x00000000c5200000, 0x00000000c5300000, 0x00000000c5300000|100%|HC|  |TAMS 0x00000000c5300000, 0x00000000c5200000| Complete 
|  83|0x00000000c5300000, 0x00000000c5400000, 0x00000000c5400000|100%|HC|  |TAMS 0x00000000c5400000, 0x00000000c5300000| Complete 
|  84|0x00000000c5400000, 0x00000000c5500000, 0x00000000c5500000|100%|HC|  |TAMS 0x00000000c5500000, 0x00000000c5400000| Complete 
|  85|0x00000000c5500000, 0x00000000c5600000, 0x00000000c5600000|100%|HC|  |TAMS 0x00000000c5600000, 0x00000000c5500000| Complete 
|  86|0x00000000c5600000, 0x00000000c5700000, 0x00000000c5700000|100%|HC|  |TAMS 0x00000000c5700000, 0x00000000c5600000| Complete 
|  87|0x00000000c5700000, 0x00000000c5800000, 0x00000000c5800000|100%|HS|  |TAMS 0x00000000c5800000, 0x00000000c5700000| Complete 
|  88|0x00000000c5800000, 0x00000000c5900000, 0x00000000c5900000|100%| O|  |TAMS 0x00000000c5900000, 0x00000000c5800000| Updating 
|  89|0x00000000c5900000, 0x00000000c5a00000, 0x00000000c5a00000|100%| O|  |TAMS 0x00000000c5a00000, 0x00000000c5900000| Updating 
|  90|0x00000000c5a00000, 0x00000000c5b00000, 0x00000000c5b00000|100%| O|  |TAMS 0x00000000c5b00000, 0x00000000c5a00000| Updating 
|  91|0x00000000c5b00000, 0x00000000c5c00000, 0x00000000c5c00000|100%| O|  |TAMS 0x00000000c5c00000, 0x00000000c5b00000| Updating 
|  92|0x00000000c5c00000, 0x00000000c5d00000, 0x00000000c5d00000|100%| O|  |TAMS 0x00000000c5d00000, 0x00000000c5c00000| Updating 
|  93|0x00000000c5d00000, 0x00000000c5e00000, 0x00000000c5e00000|100%| O|  |TAMS 0x00000000c5e00000, 0x00000000c5d00000| Updating 
|  94|0x00000000c5e00000, 0x00000000c5f00000, 0x00000000c5f00000|100%|HS|  |TAMS 0x00000000c5f00000, 0x00000000c5e00000| Complete 
|  95|0x00000000c5f00000, 0x00000000c6000000, 0x00000000c6000000|100%| O|  |TAMS 0x00000000c6000000, 0x00000000c5f00000| Updating 
|  96|0x00000000c6000000, 0x00000000c6100000, 0x00000000c6100000|100%|HS|  |TAMS 0x00000000c6100000, 0x00000000c6000000| Complete 
|  97|0x00000000c6100000, 0x00000000c6200000, 0x00000000c6200000|100%|HC|  |TAMS 0x00000000c6200000, 0x00000000c6100000| Complete 
|  98|0x00000000c6200000, 0x00000000c6300000, 0x00000000c6300000|100%|HC|  |TAMS 0x00000000c6300000, 0x00000000c6200000| Complete 
|  99|0x00000000c6300000, 0x00000000c6400000, 0x00000000c6400000|100%|HC|  |TAMS 0x00000000c6400000, 0x00000000c6300000| Complete 
| 100|0x00000000c6400000, 0x00000000c6500000, 0x00000000c6500000|100%|HC|  |TAMS 0x00000000c6500000, 0x00000000c6400000| Complete 
| 101|0x00000000c6500000, 0x00000000c6600000, 0x00000000c6600000|100%|HC|  |TAMS 0x00000000c6600000, 0x00000000c6500000| Complete 
| 102|0x00000000c6600000, 0x00000000c6700000, 0x00000000c6700000|100%|HC|  |TAMS 0x00000000c6700000, 0x00000000c6600000| Complete 
| 103|0x00000000c6700000, 0x00000000c6800000, 0x00000000c6800000|100%|HC|  |TAMS 0x00000000c6800000, 0x00000000c6700000| Complete 
| 104|0x00000000c6800000, 0x00000000c6900000, 0x00000000c6900000|100%|HC|  |TAMS 0x00000000c6900000, 0x00000000c6800000| Complete 
| 105|0x00000000c6900000, 0x00000000c6a00000, 0x00000000c6a00000|100%| O|  |TAMS 0x00000000c6a00000, 0x00000000c6900000| Updating 
| 106|0x00000000c6a00000, 0x00000000c6b00000, 0x00000000c6b00000|100%| O|  |TAMS 0x00000000c6b00000, 0x00000000c6a00000| Updating 
| 107|0x00000000c6b00000, 0x00000000c6c00000, 0x00000000c6c00000|100%| O|  |TAMS 0x00000000c6c00000, 0x00000000c6b00000| Updating 
| 108|0x00000000c6c00000, 0x00000000c6d00000, 0x00000000c6d00000|100%| O|  |TAMS 0x00000000c6d00000, 0x00000000c6c00000| Updating 
| 109|0x00000000c6d00000, 0x00000000c6e00000, 0x00000000c6e00000|100%| O|  |TAMS 0x00000000c6e00000, 0x00000000c6d00000| Updating 
| 110|0x00000000c6e00000, 0x00000000c6f00000, 0x00000000c6f00000|100%| O|  |TAMS 0x00000000c6f00000, 0x00000000c6e00000| Updating 
| 111|0x00000000c6f00000, 0x00000000c7000000, 0x00000000c7000000|100%| O|  |TAMS 0x00000000c7000000, 0x00000000c6f00000| Updating 
| 112|0x00000000c7000000, 0x00000000c7100000, 0x00000000c7100000|100%| O|  |TAMS 0x00000000c7100000, 0x00000000c7000000| Updating 
| 113|0x00000000c7100000, 0x00000000c7200000, 0x00000000c7200000|100%| O|  |TAMS 0x00000000c7200000, 0x00000000c7100000| Updating 
| 114|0x00000000c7200000, 0x00000000c7300000, 0x00000000c7300000|100%| O|  |TAMS 0x00000000c7300000, 0x00000000c7200000| Updating 
| 115|0x00000000c7300000, 0x00000000c7400000, 0x00000000c7400000|100%| O|  |TAMS 0x00000000c7400000, 0x00000000c7300000| Updating 
| 116|0x00000000c7400000, 0x00000000c7500000, 0x00000000c7500000|100%| O|  |TAMS 0x00000000c7500000, 0x00000000c7400000| Updating 
| 117|0x00000000c7500000, 0x00000000c7600000, 0x00000000c7600000|100%| O|  |TAMS 0x00000000c7600000, 0x00000000c7500000| Updating 
| 118|0x00000000c7600000, 0x00000000c7700000, 0x00000000c7700000|100%| O|  |TAMS 0x00000000c7700000, 0x00000000c7600000| Updating 
| 119|0x00000000c7700000, 0x00000000c7800000, 0x00000000c7800000|100%| O|  |TAMS 0x00000000c7800000, 0x00000000c7700000| Updating 
| 120|0x00000000c7800000, 0x00000000c7900000, 0x00000000c7900000|100%| O|  |TAMS 0x00000000c7900000, 0x00000000c7800000| Updating 
| 121|0x00000000c7900000, 0x00000000c7a00000, 0x00000000c7a00000|100%| O|  |TAMS 0x00000000c7a00000, 0x00000000c7900000| Updating 
| 122|0x00000000c7a00000, 0x00000000c7b00000, 0x00000000c7b00000|100%| O|  |TAMS 0x00000000c7a00000, 0x00000000c7a00000| Untracked 
| 123|0x00000000c7b00000, 0x00000000c7c00000, 0x00000000c7c00000|100%| O|  |TAMS 0x00000000c7b00000, 0x00000000c7b00000| Untracked 
| 124|0x00000000c7c00000, 0x00000000c7d00000, 0x00000000c7d00000|100%| O|  |TAMS 0x00000000c7c00000, 0x00000000c7c00000| Untracked 
| 125|0x00000000c7d00000, 0x00000000c7e00000, 0x00000000c7e00000|100%| O|  |TAMS 0x00000000c7d00000, 0x00000000c7d00000| Untracked 
| 126|0x00000000c7e00000, 0x00000000c7f00000, 0x00000000c7f00000|100%| O|  |TAMS 0x00000000c7e00000, 0x00000000c7e00000| Untracked 
| 127|0x00000000c7f00000, 0x00000000c8000000, 0x00000000c8000000|100%| O|  |TAMS 0x00000000c7f00000, 0x00000000c7f00000| Untracked 
| 128|0x00000000c8000000, 0x00000000c8100000, 0x00000000c8100000|100%| O|  |TAMS 0x00000000c8000000, 0x00000000c8000000| Untracked 
| 129|0x00000000c8100000, 0x00000000c8200000, 0x00000000c8200000|100%| O|  |TAMS 0x00000000c8100000, 0x00000000c8100000| Untracked 
| 130|0x00000000c8200000, 0x00000000c8300000, 0x00000000c8300000|100%| O|  |TAMS 0x00000000c8200000, 0x00000000c8200000| Untracked 
| 131|0x00000000c8300000, 0x00000000c8400000, 0x00000000c8400000|100%| O|  |TAMS 0x00000000c8300000, 0x00000000c8300000| Untracked 
| 132|0x00000000c8400000, 0x00000000c8500000, 0x00000000c8500000|100%| O|  |TAMS 0x00000000c8400000, 0x00000000c8400000| Untracked 
| 133|0x00000000c8500000, 0x00000000c8600000, 0x00000000c8600000|100%| O|  |TAMS 0x00000000c8500000, 0x00000000c8500000| Untracked 
| 134|0x00000000c8600000, 0x00000000c8700000, 0x00000000c8700000|100%| O|  |TAMS 0x00000000c8600000, 0x00000000c8600000| Untracked 
| 135|0x00000000c8700000, 0x00000000c8700000, 0x00000000c8800000|  0%| F|  |TAMS 0x00000000c8700000, 0x00000000c8700000| Untracked 
| 136|0x00000000c8800000, 0x00000000c8800000, 0x00000000c8900000|  0%| F|  |TAMS 0x00000000c8800000, 0x00000000c8800000| Untracked 
| 137|0x00000000c8900000, 0x00000000c8900000, 0x00000000c8a00000|  0%| F|  |TAMS 0x00000000c8900000, 0x00000000c8900000| Untracked 
| 138|0x00000000c8a00000, 0x00000000c8a00000, 0x00000000c8b00000|  0%| F|  |TAMS 0x00000000c8a00000, 0x00000000c8a00000| Untracked 
| 139|0x00000000c8b00000, 0x00000000c8b00000, 0x00000000c8c00000|  0%| F|  |TAMS 0x00000000c8b00000, 0x00000000c8b00000| Untracked 
| 140|0x00000000c8c00000, 0x00000000c8c00000, 0x00000000c8d00000|  0%| F|  |TAMS 0x00000000c8c00000, 0x00000000c8c00000| Untracked 
| 141|0x00000000c8d00000, 0x00000000c8d00000, 0x00000000c8e00000|  0%| F|  |TAMS 0x00000000c8d00000, 0x00000000c8d00000| Untracked 
| 142|0x00000000c8e00000, 0x00000000c8e00000, 0x00000000c8f00000|  0%| F|  |TAMS 0x00000000c8e00000, 0x00000000c8e00000| Untracked 
| 143|0x00000000c8f00000, 0x00000000c8f00000, 0x00000000c9000000|  0%| F|  |TAMS 0x00000000c8f00000, 0x00000000c8f00000| Untracked 
| 144|0x00000000c9000000, 0x00000000c9000000, 0x00000000c9100000|  0%| F|  |TAMS 0x00000000c9000000, 0x00000000c9000000| Untracked 
| 145|0x00000000c9100000, 0x00000000c9100000, 0x00000000c9200000|  0%| F|  |TAMS 0x00000000c9100000, 0x00000000c9100000| Untracked 
| 146|0x00000000c9200000, 0x00000000c9200000, 0x00000000c9300000|  0%| F|  |TAMS 0x00000000c9200000, 0x00000000c9200000| Untracked 
| 147|0x00000000c9300000, 0x00000000c9300000, 0x00000000c9400000|  0%| F|  |TAMS 0x00000000c9300000, 0x00000000c9300000| Untracked 
| 148|0x00000000c9400000, 0x00000000c9400000, 0x00000000c9500000|  0%| F|  |TAMS 0x00000000c9400000, 0x00000000c9400000| Untracked 
| 149|0x00000000c9500000, 0x00000000c9500000, 0x00000000c9600000|  0%| F|  |TAMS 0x00000000c9500000, 0x00000000c9500000| Untracked 
| 150|0x00000000c9600000, 0x00000000c9600000, 0x00000000c9700000|  0%| F|  |TAMS 0x00000000c9600000, 0x00000000c9600000| Untracked 
| 151|0x00000000c9700000, 0x00000000c9700000, 0x00000000c9800000|  0%| F|  |TAMS 0x00000000c9700000, 0x00000000c9700000| Untracked 
| 152|0x00000000c9800000, 0x00000000c9800000, 0x00000000c9900000|  0%| F|  |TAMS 0x00000000c9800000, 0x00000000c9800000| Untracked 
| 153|0x00000000c9900000, 0x00000000c9900000, 0x00000000c9a00000|  0%| F|  |TAMS 0x00000000c9900000, 0x00000000c9900000| Untracked 
| 154|0x00000000c9a00000, 0x00000000c9a00000, 0x00000000c9b00000|  0%| F|  |TAMS 0x00000000c9a00000, 0x00000000c9a00000| Untracked 
| 155|0x00000000c9b00000, 0x00000000c9b00000, 0x00000000c9c00000|  0%| F|  |TAMS 0x00000000c9b00000, 0x00000000c9b00000| Untracked 
| 156|0x00000000c9c00000, 0x00000000c9c00000, 0x00000000c9d00000|  0%| F|  |TAMS 0x00000000c9c00000, 0x00000000c9c00000| Untracked 
| 157|0x00000000c9d00000, 0x00000000c9d00000, 0x00000000c9e00000|  0%| F|  |TAMS 0x00000000c9d00000, 0x00000000c9d00000| Untracked 
| 158|0x00000000c9e00000, 0x00000000c9e00000, 0x00000000c9f00000|  0%| F|  |TAMS 0x00000000c9e00000, 0x00000000c9e00000| Untracked 
| 159|0x00000000c9f00000, 0x00000000c9f00000, 0x00000000ca000000|  0%| F|  |TAMS 0x00000000c9f00000, 0x00000000c9f00000| Untracked 
| 160|0x00000000ca000000, 0x00000000ca000000, 0x00000000ca100000|  0%| F|  |TAMS 0x00000000ca000000, 0x00000000ca000000| Untracked 
| 161|0x00000000ca100000, 0x00000000ca100000, 0x00000000ca200000|  0%| F|  |TAMS 0x00000000ca100000, 0x00000000ca100000| Untracked 
| 162|0x00000000ca200000, 0x00000000ca200000, 0x00000000ca300000|  0%| F|  |TAMS 0x00000000ca200000, 0x00000000ca200000| Untracked 
| 163|0x00000000ca300000, 0x00000000ca300000, 0x00000000ca400000|  0%| F|  |TAMS 0x00000000ca300000, 0x00000000ca300000| Untracked 
| 164|0x00000000ca400000, 0x00000000ca400000, 0x00000000ca500000|  0%| F|  |TAMS 0x00000000ca400000, 0x00000000ca400000| Untracked 
| 165|0x00000000ca500000, 0x00000000ca500000, 0x00000000ca600000|  0%| F|  |TAMS 0x00000000ca500000, 0x00000000ca500000| Untracked 
| 166|0x00000000ca600000, 0x00000000ca600000, 0x00000000ca700000|  0%| F|  |TAMS 0x00000000ca600000, 0x00000000ca600000| Untracked 
| 167|0x00000000ca700000, 0x00000000ca700000, 0x00000000ca800000|  0%| F|  |TAMS 0x00000000ca700000, 0x00000000ca700000| Untracked 
| 168|0x00000000ca800000, 0x00000000ca800000, 0x00000000ca900000|  0%| F|  |TAMS 0x00000000ca800000, 0x00000000ca800000| Untracked 
| 169|0x00000000ca900000, 0x00000000caa00000, 0x00000000caa00000|100%| S|CS|TAMS 0x00000000ca900000, 0x00000000ca900000| Complete 
| 170|0x00000000caa00000, 0x00000000cab00000, 0x00000000cab00000|100%| S|CS|TAMS 0x00000000caa00000, 0x00000000caa00000| Complete 
| 171|0x00000000cab00000, 0x00000000cac00000, 0x00000000cac00000|100%| S|CS|TAMS 0x00000000cab00000, 0x00000000cab00000| Complete 
| 172|0x00000000cac00000, 0x00000000cad00000, 0x00000000cad00000|100%| S|CS|TAMS 0x00000000cac00000, 0x00000000cac00000| Complete 
| 173|0x00000000cad00000, 0x00000000cad00000, 0x00000000cae00000|  0%| F|  |TAMS 0x00000000cad00000, 0x00000000cad00000| Untracked 
| 174|0x00000000cae00000, 0x00000000cae00000, 0x00000000caf00000|  0%| F|  |TAMS 0x00000000cae00000, 0x00000000cae00000| Untracked 
| 175|0x00000000caf00000, 0x00000000caf00000, 0x00000000cb000000|  0%| F|  |TAMS 0x00000000caf00000, 0x00000000caf00000| Untracked 
| 176|0x00000000cb000000, 0x00000000cb000000, 0x00000000cb100000|  0%| F|  |TAMS 0x00000000cb000000, 0x00000000cb000000| Untracked 
| 177|0x00000000cb100000, 0x00000000cb100000, 0x00000000cb200000|  0%| F|  |TAMS 0x00000000cb100000, 0x00000000cb100000| Untracked 
| 178|0x00000000cb200000, 0x00000000cb200000, 0x00000000cb300000|  0%| F|  |TAMS 0x00000000cb200000, 0x00000000cb200000| Untracked 
| 179|0x00000000cb300000, 0x00000000cb300000, 0x00000000cb400000|  0%| F|  |TAMS 0x00000000cb300000, 0x00000000cb300000| Untracked 
| 180|0x00000000cb400000, 0x00000000cb400000, 0x00000000cb500000|  0%| F|  |TAMS 0x00000000cb400000, 0x00000000cb400000| Untracked 
| 181|0x00000000cb500000, 0x00000000cb500000, 0x00000000cb600000|  0%| F|  |TAMS 0x00000000cb500000, 0x00000000cb500000| Untracked 
| 182|0x00000000cb600000, 0x00000000cb600000, 0x00000000cb700000|  0%| F|  |TAMS 0x00000000cb600000, 0x00000000cb600000| Untracked 
| 183|0x00000000cb700000, 0x00000000cb700000, 0x00000000cb800000|  0%| F|  |TAMS 0x00000000cb700000, 0x00000000cb700000| Untracked 
| 184|0x00000000cb800000, 0x00000000cb800000, 0x00000000cb900000|  0%| F|  |TAMS 0x00000000cb800000, 0x00000000cb800000| Untracked 
| 185|0x00000000cb900000, 0x00000000cb900000, 0x00000000cba00000|  0%| F|  |TAMS 0x00000000cb900000, 0x00000000cb900000| Untracked 
| 186|0x00000000cba00000, 0x00000000cba00000, 0x00000000cbb00000|  0%| F|  |TAMS 0x00000000cba00000, 0x00000000cba00000| Untracked 
| 187|0x00000000cbb00000, 0x00000000cbb00000, 0x00000000cbc00000|  0%| F|  |TAMS 0x00000000cbb00000, 0x00000000cbb00000| Untracked 
| 188|0x00000000cbc00000, 0x00000000cbc00000, 0x00000000cbd00000|  0%| F|  |TAMS 0x00000000cbc00000, 0x00000000cbc00000| Untracked 
| 189|0x00000000cbd00000, 0x00000000cbd00000, 0x00000000cbe00000|  0%| F|  |TAMS 0x00000000cbd00000, 0x00000000cbd00000| Untracked 
| 190|0x00000000cbe00000, 0x00000000cbe00000, 0x00000000cbf00000|  0%| F|  |TAMS 0x00000000cbe00000, 0x00000000cbe00000| Untracked 
| 191|0x00000000cbf00000, 0x00000000cbf00000, 0x00000000cc000000|  0%| F|  |TAMS 0x00000000cbf00000, 0x00000000cbf00000| Untracked 
| 192|0x00000000cc000000, 0x00000000cc000000, 0x00000000cc100000|  0%| F|  |TAMS 0x00000000cc000000, 0x00000000cc000000| Untracked 
| 193|0x00000000cc100000, 0x00000000cc100000, 0x00000000cc200000|  0%| F|  |TAMS 0x00000000cc100000, 0x00000000cc100000| Untracked 
| 194|0x00000000cc200000, 0x00000000cc200000, 0x00000000cc300000|  0%| F|  |TAMS 0x00000000cc200000, 0x00000000cc200000| Untracked 
| 195|0x00000000cc300000, 0x00000000cc300000, 0x00000000cc400000|  0%| F|  |TAMS 0x00000000cc300000, 0x00000000cc300000| Untracked 
| 196|0x00000000cc400000, 0x00000000cc400000, 0x00000000cc500000|  0%| F|  |TAMS 0x00000000cc400000, 0x00000000cc400000| Untracked 
| 197|0x00000000cc500000, 0x00000000cc500000, 0x00000000cc600000|  0%| F|  |TAMS 0x00000000cc500000, 0x00000000cc500000| Untracked 
| 198|0x00000000cc600000, 0x00000000cc682860, 0x00000000cc700000| 50%| E|  |TAMS 0x00000000cc600000, 0x00000000cc600000| Complete 
| 199|0x00000000cc700000, 0x00000000cc700000, 0x00000000cc800000|  0%| F|  |TAMS 0x00000000cc700000, 0x00000000cc700000| Untracked 
| 200|0x00000000cc800000, 0x00000000cc800000, 0x00000000cc900000|  0%| F|  |TAMS 0x00000000cc800000, 0x00000000cc800000| Untracked 
| 201|0x00000000cc900000, 0x00000000cc900000, 0x00000000cca00000|  0%| F|  |TAMS 0x00000000cc900000, 0x00000000cc900000| Untracked 
| 202|0x00000000cca00000, 0x00000000cca00000, 0x00000000ccb00000|  0%| F|  |TAMS 0x00000000cca00000, 0x00000000cca00000| Untracked 
| 203|0x00000000ccb00000, 0x00000000ccb00000, 0x00000000ccc00000|  0%| F|  |TAMS 0x00000000ccb00000, 0x00000000ccb00000| Untracked 
| 204|0x00000000ccc00000, 0x00000000ccc00000, 0x00000000ccd00000|  0%| F|  |TAMS 0x00000000ccc00000, 0x00000000ccc00000| Untracked 
| 205|0x00000000ccd00000, 0x00000000ccd00000, 0x00000000cce00000|  0%| F|  |TAMS 0x00000000ccd00000, 0x00000000ccd00000| Untracked 
| 206|0x00000000cce00000, 0x00000000cce00000, 0x00000000ccf00000|  0%| F|  |TAMS 0x00000000cce00000, 0x00000000cce00000| Untracked 
| 207|0x00000000ccf00000, 0x00000000ccf00000, 0x00000000cd000000|  0%| F|  |TAMS 0x00000000ccf00000, 0x00000000ccf00000| Untracked 
| 208|0x00000000cd000000, 0x00000000cd000000, 0x00000000cd100000|  0%| F|  |TAMS 0x00000000cd000000, 0x00000000cd000000| Untracked 
| 209|0x00000000cd100000, 0x00000000cd100000, 0x00000000cd200000|  0%| F|  |TAMS 0x00000000cd100000, 0x00000000cd100000| Untracked 
| 210|0x00000000cd200000, 0x00000000cd200000, 0x00000000cd300000|  0%| F|  |TAMS 0x00000000cd200000, 0x00000000cd200000| Untracked 
| 211|0x00000000cd300000, 0x00000000cd300000, 0x00000000cd400000|  0%| F|  |TAMS 0x00000000cd300000, 0x00000000cd300000| Untracked 
| 212|0x00000000cd400000, 0x00000000cd400000, 0x00000000cd500000|  0%| F|  |TAMS 0x00000000cd400000, 0x00000000cd400000| Untracked 
| 213|0x00000000cd500000, 0x00000000cd500000, 0x00000000cd600000|  0%| F|  |TAMS 0x00000000cd500000, 0x00000000cd500000| Untracked 
| 214|0x00000000cd600000, 0x00000000cd600000, 0x00000000cd700000|  0%| F|  |TAMS 0x00000000cd600000, 0x00000000cd600000| Untracked 
| 215|0x00000000cd700000, 0x00000000cd700000, 0x00000000cd800000|  0%| F|  |TAMS 0x00000000cd700000, 0x00000000cd700000| Untracked 
| 216|0x00000000cd800000, 0x00000000cd800000, 0x00000000cd900000|  0%| F|  |TAMS 0x00000000cd800000, 0x00000000cd800000| Untracked 
| 217|0x00000000cd900000, 0x00000000cd900000, 0x00000000cda00000|  0%| F|  |TAMS 0x00000000cd900000, 0x00000000cd900000| Untracked 
| 218|0x00000000cda00000, 0x00000000cda00000, 0x00000000cdb00000|  0%| F|  |TAMS 0x00000000cda00000, 0x00000000cda00000| Untracked 
| 219|0x00000000cdb00000, 0x00000000cdb00000, 0x00000000cdc00000|  0%| F|  |TAMS 0x00000000cdb00000, 0x00000000cdb00000| Untracked 
| 220|0x00000000cdc00000, 0x00000000cdc00000, 0x00000000cdd00000|  0%| F|  |TAMS 0x00000000cdc00000, 0x00000000cdc00000| Untracked 
| 221|0x00000000cdd00000, 0x00000000cdd00000, 0x00000000cde00000|  0%| F|  |TAMS 0x00000000cdd00000, 0x00000000cdd00000| Untracked 
| 222|0x00000000cde00000, 0x00000000cde00000, 0x00000000cdf00000|  0%| F|  |TAMS 0x00000000cde00000, 0x00000000cde00000| Untracked 
| 223|0x00000000cdf00000, 0x00000000cdf00000, 0x00000000ce000000|  0%| F|  |TAMS 0x00000000cdf00000, 0x00000000cdf00000| Untracked 
| 224|0x00000000ce000000, 0x00000000ce000000, 0x00000000ce100000|  0%| F|  |TAMS 0x00000000ce000000, 0x00000000ce000000| Untracked 
| 225|0x00000000ce100000, 0x00000000ce100000, 0x00000000ce200000|  0%| F|  |TAMS 0x00000000ce100000, 0x00000000ce100000| Untracked 
| 226|0x00000000ce200000, 0x00000000ce200000, 0x00000000ce300000|  0%| F|  |TAMS 0x00000000ce200000, 0x00000000ce200000| Untracked 
| 227|0x00000000ce300000, 0x00000000ce300000, 0x00000000ce400000|  0%| F|  |TAMS 0x00000000ce300000, 0x00000000ce300000| Untracked 
| 228|0x00000000ce400000, 0x00000000ce400000, 0x00000000ce500000|  0%| F|  |TAMS 0x00000000ce400000, 0x00000000ce400000| Untracked 
| 229|0x00000000ce500000, 0x00000000ce500000, 0x00000000ce600000|  0%| F|  |TAMS 0x00000000ce500000, 0x00000000ce500000| Untracked 
| 230|0x00000000ce600000, 0x00000000ce600000, 0x00000000ce700000|  0%| F|  |TAMS 0x00000000ce600000, 0x00000000ce600000| Untracked 
| 231|0x00000000ce700000, 0x00000000ce700000, 0x00000000ce800000|  0%| F|  |TAMS 0x00000000ce700000, 0x00000000ce700000| Untracked 
| 232|0x00000000ce800000, 0x00000000ce800000, 0x00000000ce900000|  0%| F|  |TAMS 0x00000000ce800000, 0x00000000ce800000| Untracked 
| 233|0x00000000ce900000, 0x00000000ce900000, 0x00000000cea00000|  0%| F|  |TAMS 0x00000000ce900000, 0x00000000ce900000| Untracked 

Card table byte_map: [0x000002881c0d0000,0x000002881c2d0000] _byte_map_base: 0x000002881bad0000

Marking Bits (Prev, Next): (CMBitMap*) 0x0000028802ce20c8, (CMBitMap*) 0x0000028802ce2108
 Prev Bits: [0x000002881c4d0000, 0x000002881d4d0000)
 Next Bits: [0x000002881d4d0000, 0x000002881e4d0000)

Polling page: 0x0000028802b10000

Metaspace:

Usage:
  Non-class:     58.91 MB capacity,    57.65 MB ( 98%) used,     1.08 MB (  2%) free+waste,   179.69 KB ( <1%) overhead. 
      Class:      9.67 MB capacity,     9.03 MB ( 93%) used,   568.01 KB (  6%) free+waste,    82.88 KB ( <1%) overhead. 
       Both:     68.57 MB capacity,    66.68 MB ( 97%) used,     1.63 MB (  2%) free+waste,   262.56 KB ( <1%) overhead. 

Virtual space:
  Non-class space:       60.00 MB reserved,      58.92 MB ( 98%) committed 
      Class space:        1.00 GB reserved,       9.75 MB ( <1%) committed 
             Both:        1.06 GB reserved,      68.67 MB (  6%) committed 

Chunk freelists:
   Non-Class:  17.00 KB
       Class:  20.00 KB
        Both:  37.00 KB

MaxMetaspaceSize: 17179869184.00 GB
CompressedClassSpaceSize: 1.00 GB

CodeHeap 'non-profiled nmethods': size=120064Kb used=4681Kb max_used=4681Kb free=115382Kb
 bounds [0x0000028814450000, 0x00000288148f0000, 0x000002881b990000]
CodeHeap 'profiled nmethods': size=120000Kb used=19093Kb max_used=19093Kb free=100907Kb
 bounds [0x000002880cf20000, 0x000002880e220000, 0x0000028814450000]
CodeHeap 'non-nmethods': size=5696Kb used=2390Kb max_used=2430Kb free=3305Kb
 bounds [0x000002880c990000, 0x000002880cc00000, 0x000002880cf20000]
 total_blobs=12919 nmethods=8575 adapters=783
 compilation: enabled
              stopped_count=0, restarted_count=0
 full_count=0

Compilation events (20 events):
Event: 50.765 Thread 0x000002882085a800 9608 %     3       com.android.tools.r8.v.a.a.a.f.X::b @ 68 (190 bytes)
Event: 50.768 Thread 0x000002882085a800 nmethod 9608% 0x000002880daf7790 code [0x000002880daf7a20, 0x000002880daf8970]
Event: 50.770 Thread 0x000002882085a800 9609 %     3       com.android.tools.r8.v.a.a.a.f.X::b @ 58 (190 bytes)
Event: 50.771 Thread 0x000002882085a800 nmethod 9609% 0x000002880daf5f90 code [0x000002880daf6220, 0x000002880daf7170]
Event: 50.772 Thread 0x000002882085a800 9610       3       com.android.tools.r8.v.a.a.a.f.X::b (190 bytes)
Event: 50.773 Thread 0x000002882085a800 nmethod 9610 0x000002880cf97a10 code [0x000002880cf97ca0, 0x000002880cf98a70]
Event: 50.775 Thread 0x000002882085a800 9611       2       java.util.HashMap$ValueSpliterator::tryAdvance (138 bytes)
Event: 50.776 Thread 0x000002882085a800 nmethod 9611 0x000002880cf97090 code [0x000002880cf97280, 0x000002880cf977c0]
Event: 50.776 Thread 0x000002882085a800 9612       2       java.lang.management.ManagementFactory$PlatformMBeanFinder$$Lambda$64/0x0000000800c40c40::test (12 bytes)
Event: 50.776 Thread 0x000002882085a800 nmethod 9612 0x000002880cf96b90 code [0x000002880cf96d40, 0x000002880cf96f80]
Event: 50.782 Thread 0x000002882085a800 9613       2       com.android.tools.r8.code.c0::<init> (7 bytes)
Event: 50.783 Thread 0x000002882085a800 nmethod 9613 0x000002880cf96610 code [0x000002880cf967c0, 0x000002880cf96a30]
Event: 50.792 Thread 0x000002882085a800 9614       2       com.android.tools.r8.code.r1::<init> (13 bytes)
Event: 50.793 Thread 0x000002882085a800 nmethod 9614 0x000002880cf95f10 code [0x000002880cf960c0, 0x000002880cf96270]
Event: 50.797 Thread 0x000002882085a800 9616       2       com.android.tools.r8.code.z0::<init> (7 bytes)
Event: 50.798 Thread 0x000002882085a800 nmethod 9616 0x000002880da0c010 code [0x000002880da0c1c0, 0x000002880da0c3b8]
Event: 50.825 Thread 0x000002882085a800 9617 %     3       com.android.tools.r8.v.a.a.a.f.X::b @ 102 (190 bytes)
Event: 50.827 Thread 0x000002882085a800 nmethod 9617% 0x000002880da0a790 code [0x000002880da0aa40, 0x000002880da0ba10]
Event: 51.009 Thread 0x0000028820854800 nmethod 9501 0x00000288148d6a10 code [0x00000288148d6f60, 0x00000288148dd720]
Event: 51.010 Thread 0x0000028820854800 9562       4       com.android.tools.r8.code.u1::a (4075 bytes)

GC Heap History (20 events):
Event: 41.483 GC heap before
{Heap before GC invocations=41 (full 0):
 garbage-first heap   total 139264K, used 109086K [0x00000000c0000000, 0x0000000100000000)
  region size 1024K, 38 young (38912K), 5 survivors (5120K)
 Metaspace       used 63560K, capacity 65295K, committed 65456K, reserved 1105920K
  class space    used 8507K, capacity 9131K, committed 9216K, reserved 1048576K
}
Event: 41.506 GC heap after
{Heap after GC invocations=42 (full 0):
 garbage-first heap   total 139264K, used 77989K [0x00000000c0000000, 0x0000000100000000)
  region size 1024K, 4 young (4096K), 4 survivors (4096K)
 Metaspace       used 63560K, capacity 65295K, committed 65456K, reserved 1105920K
  class space    used 8507K, capacity 9131K, committed 9216K, reserved 1048576K
}
Event: 43.856 GC heap before
{Heap before GC invocations=43 (full 0):
 garbage-first heap   total 139264K, used 111781K [0x00000000c0000000, 0x0000000100000000)
  region size 1024K, 38 young (38912K), 4 survivors (4096K)
 Metaspace       used 63875K, capacity 65757K, committed 65968K, reserved 1105920K
  class space    used 8550K, capacity 9189K, committed 9216K, reserved 1048576K
}
Event: 43.880 GC heap after
{Heap after GC invocations=44 (full 0):
 garbage-first heap   total 139264K, used 79974K [0x00000000c0000000, 0x0000000100000000)
  region size 1024K, 4 young (4096K), 4 survivors (4096K)
 Metaspace       used 63875K, capacity 65757K, committed 65968K, reserved 1105920K
  class space    used 8550K, capacity 9189K, committed 9216K, reserved 1048576K
}
Event: 45.442 GC heap before
{Heap before GC invocations=44 (full 0):
 garbage-first heap   total 139264K, used 112742K [0x00000000c0000000, 0x0000000100000000)
  region size 1024K, 37 young (37888K), 4 survivors (4096K)
 Metaspace       used 64384K, capacity 66170K, committed 66352K, reserved 1105920K
  class space    used 8623K, capacity 9234K, committed 9344K, reserved 1048576K
}
Event: 45.464 GC heap after
{Heap after GC invocations=45 (full 0):
 garbage-first heap   total 139264K, used 81452K [0x00000000c0000000, 0x0000000100000000)
  region size 1024K, 4 young (4096K), 4 survivors (4096K)
 Metaspace       used 64384K, capacity 66170K, committed 66352K, reserved 1105920K
  class space    used 8623K, capacity 9234K, committed 9344K, reserved 1048576K
}
Event: 46.243 GC heap before
{Heap before GC invocations=46 (full 0):
 garbage-first heap   total 140288K, used 90668K [0x00000000c0000000, 0x0000000100000000)
  region size 1024K, 15 young (15360K), 4 survivors (4096K)
 Metaspace       used 64981K, capacity 66866K, committed 67120K, reserved 1107968K
  class space    used 8720K, capacity 9338K, committed 9344K, reserved 1048576K
}
Event: 46.264 GC heap after
{Heap after GC invocations=47 (full 0):
 garbage-first heap   total 140288K, used 82106K [0x00000000c0000000, 0x0000000100000000)
  region size 1024K, 3 young (3072K), 3 survivors (3072K)
 Metaspace       used 64981K, capacity 66866K, committed 67120K, reserved 1107968K
  class space    used 8720K, capacity 9338K, committed 9344K, reserved 1048576K
}
Event: 46.924 GC heap before
{Heap before GC invocations=48 (full 0):
 garbage-first heap   total 163840K, used 101562K [0x00000000c0000000, 0x0000000100000000)
  region size 1024K, 14 young (14336K), 3 survivors (3072K)
 Metaspace       used 66419K, capacity 68334K, committed 68400K, reserved 1107968K
  class space    used 8918K, capacity 9553K, committed 9600K, reserved 1048576K
}
Event: 46.946 GC heap after
{Heap after GC invocations=49 (full 0):
 garbage-first heap   total 163840K, used 92503K [0x00000000c0000000, 0x0000000100000000)
  region size 1024K, 4 young (4096K), 4 survivors (4096K)
 Metaspace       used 66419K, capacity 68334K, committed 68400K, reserved 1107968K
  class space    used 8918K, capacity 9553K, committed 9600K, reserved 1048576K
}
Event: 47.595 GC heap before
{Heap before GC invocations=50 (full 0):
 garbage-first heap   total 193536K, used 126295K [0x00000000c0000000, 0x0000000100000000)
  region size 1024K, 21 young (21504K), 4 survivors (4096K)
 Metaspace       used 66692K, capacity 68565K, committed 68656K, reserved 1107968K
  class space    used 8953K, capacity 9587K, committed 9600K, reserved 1048576K
}
Event: 47.654 GC heap after
{Heap after GC invocations=51 (full 0):
 garbage-first heap   total 193536K, used 108998K [0x00000000c0000000, 0x0000000100000000)
  region size 1024K, 6 young (6144K), 6 survivors (6144K)
 Metaspace       used 66692K, capacity 68565K, committed 68656K, reserved 1107968K
  class space    used 8953K, capacity 9587K, committed 9600K, reserved 1048576K
}
Event: 48.131 GC heap before
{Heap before GC invocations=52 (full 0):
 garbage-first heap   total 193536K, used 112070K [0x00000000c0000000, 0x0000000100000000)
  region size 1024K, 10 young (10240K), 6 survivors (6144K)
 Metaspace       used 66692K, capacity 68565K, committed 68656K, reserved 1107968K
  class space    used 8953K, capacity 9587K, committed 9600K, reserved 1048576K
}
Event: 48.166 GC heap after
{Heap after GC invocations=53 (full 0):
 garbage-first heap   total 193536K, used 111955K [0x00000000c0000000, 0x0000000100000000)
  region size 1024K, 2 young (2048K), 2 survivors (2048K)
 Metaspace       used 66692K, capacity 68565K, committed 68656K, reserved 1107968K
  class space    used 8953K, capacity 9587K, committed 9600K, reserved 1048576K
}
Event: 48.994 GC heap before
{Heap before GC invocations=54 (full 0):
 garbage-first heap   total 196608K, used 133459K [0x00000000c0000000, 0x0000000100000000)
  region size 1024K, 23 young (23552K), 2 survivors (2048K)
 Metaspace       used 66735K, capacity 68630K, committed 68656K, reserved 1107968K
  class space    used 8954K, capacity 9587K, committed 9600K, reserved 1048576K
}
Event: 49.066 GC heap after
{Heap after GC invocations=55 (full 0):
 garbage-first heap   total 196608K, used 121265K [0x00000000c0000000, 0x0000000100000000)
  region size 1024K, 3 young (3072K), 3 survivors (3072K)
 Metaspace       used 66735K, capacity 68630K, committed 68656K, reserved 1107968K
  class space    used 8954K, capacity 9587K, committed 9600K, reserved 1048576K
}
Event: 50.205 GC heap before
{Heap before GC invocations=56 (full 0):
 garbage-first heap   total 203776K, used 136625K [0x00000000c0000000, 0x0000000100000000)
  region size 1024K, 18 young (18432K), 3 survivors (3072K)
 Metaspace       used 68202K, capacity 70154K, committed 70320K, reserved 1110016K
  class space    used 9247K, capacity 9900K, committed 9984K, reserved 1048576K
}
Event: 50.282 GC heap after
{Heap after GC invocations=57 (full 0):
 garbage-first heap   total 203776K, used 128000K [0x00000000c0000000, 0x0000000100000000)
  region size 1024K, 3 young (3072K), 3 survivors (3072K)
 Metaspace       used 68202K, capacity 70154K, committed 70320K, reserved 1110016K
  class space    used 9247K, capacity 9900K, committed 9984K, reserved 1048576K
}
Event: 50.837 GC heap before
{Heap before GC invocations=57 (full 0):
 garbage-first heap   total 203776K, used 150528K [0x00000000c0000000, 0x0000000100000000)
  region size 1024K, 26 young (26624K), 3 survivors (3072K)
 Metaspace       used 68283K, capacity 70219K, committed 70320K, reserved 1110016K
  class space    used 9249K, capacity 9900K, committed 9984K, reserved 1048576K
}
Event: 50.940 GC heap after
{Heap after GC invocations=58 (full 0):
 garbage-first heap   total 203776K, used 142336K [0x00000000c0000000, 0x0000000100000000)
  region size 1024K, 4 young (4096K), 4 survivors (4096K)
 Metaspace       used 68283K, capacity 70219K, committed 70320K, reserved 1110016K
  class space    used 9249K, capacity 9900K, committed 9984K, reserved 1048576K
}

Deoptimization events (20 events):
Event: 49.826 Thread 0x0000028823892000 DEOPT UNPACKING pc=0x000002880c9d942f sp=0x000000a2b21fe918 mode 2
Event: 49.826 Thread 0x0000028823890800 DEOPT UNPACKING pc=0x000002880c9d942f sp=0x000000a2b20fed98 mode 2
Event: 50.086 Thread 0x0000028823890800 DEOPT PACKING pc=0x000002880d6d0e3f sp=0x000000a2b20fed40
Event: 50.087 Thread 0x0000028823890800 DEOPT UNPACKING pc=0x000002880c9d994e sp=0x000000a2b20fe1b0 mode 0
Event: 50.391 Thread 0x0000028823890800 Uncommon trap: trap_request=0xffffff45 fr.pc=0x00000288148d4f24 relative=0x00000000000011c4
Event: 50.391 Thread 0x0000028823890800 Uncommon trap: reason=unstable_if action=reinterpret pc=0x00000288148d4f24 method=com.android.tools.r8.dex.n.i()Lcom/android/tools/r8/graph/h0; @ 56 c2
Event: 50.391 Thread 0x0000028823890800 DEOPT PACKING pc=0x00000288148d4f24 sp=0x000000a2b20fee00
Event: 50.391 Thread 0x0000028823890800 DEOPT UNPACKING pc=0x000002880c9d942f sp=0x000000a2b20fedf0 mode 2
Event: 50.774 Thread 0x0000028823890800 DEOPT PACKING pc=0x000002880daf6ee4 sp=0x000000a2b20feb20
Event: 50.774 Thread 0x0000028823890800 DEOPT UNPACKING pc=0x000002880c9d994e sp=0x000000a2b20fe0b8 mode 0
Event: 50.778 Thread 0x0000028823890800 DEOPT PACKING pc=0x000002880daf85cc sp=0x000000a2b20feb10
Event: 50.778 Thread 0x0000028823890800 DEOPT UNPACKING pc=0x000002880c9d994e sp=0x000000a2b20fe0b8 mode 0
Event: 50.779 Thread 0x0000028823890800 DEOPT PACKING pc=0x000002880daf6dc4 sp=0x000000a2b20feb20
Event: 50.779 Thread 0x0000028823890800 DEOPT UNPACKING pc=0x000002880c9d994e sp=0x000000a2b20fe0b8 mode 0
Event: 50.780 Thread 0x0000028823890800 DEOPT PACKING pc=0x000002880daf6ee4 sp=0x000000a2b20feb20
Event: 50.780 Thread 0x0000028823890800 DEOPT UNPACKING pc=0x000002880c9d994e sp=0x000000a2b20fe0b8 mode 0
Event: 50.823 Thread 0x0000028823890800 DEOPT PACKING pc=0x000002880daf6ee4 sp=0x000000a2b20fec80
Event: 50.823 Thread 0x0000028823890800 DEOPT UNPACKING pc=0x000002880c9d994e sp=0x000000a2b20fe218 mode 0
Event: 50.824 Thread 0x0000028823890800 DEOPT PACKING pc=0x000002880daf6ee4 sp=0x000000a2b20fec80
Event: 50.824 Thread 0x0000028823890800 DEOPT UNPACKING pc=0x000002880c9d994e sp=0x000000a2b20fe218 mode 0

Classes unloaded (4 events):
Event: 21.144 Thread 0x000002882082f000 Unloading class 0x000000080100e840 'org/gradle/api/internal/artifacts/ivyservice/ivyresolve/ErrorHandlingModuleComponentRepository$ErrorHandlingModuleComponentRepositoryAccess$$Lambda$222'
Event: 21.145 Thread 0x000002882082f000 Unloading class 0x000000080100fc40 'org/gradle/api/internal/artifacts/ivyservice/ivyresolve/ErrorHandlingModuleComponentRepository$ErrorHandlingModuleComponentRepositoryAccess$$Lambda$220'
Event: 41.722 Thread 0x000002882082f000 Unloading class 0x00000008013d3040 'org/gradle/internal/execution/steps/CaptureStateBeforeExecutionStep$$Lambda$539'
Event: 41.722 Thread 0x000002882082f000 Unloading class 0x00000008013d6840 'org/gradle/internal/execution/steps/LoadExecutionStateStep$$Lambda$526'

Classes redefined (0 events):
No events

Internal exceptions (20 events):
Event: 42.222 Thread 0x00000288220c7000 Exception <a 'java/lang/NoSuchMethodError'{0x00000000c8144d28}: static Lcom/android/build/api/artifact/ArtifactKind;.<clinit>()V> (0x00000000c8144d28) 
thrown [t:/workspace/open/src/hotspot/share/prims/jni.cpp, line 1347]
Event: 42.652 Thread 0x00000288220c7000 Exception <a 'sun/nio/fs/WindowsException'{0x00000000c7c19058}> (0x00000000c7c19058) 
thrown [t:/workspace/open/src/hotspot/share/prims/jni.cpp, line 598]
Event: 42.653 Thread 0x00000288220c7000 Exception <a 'sun/nio/fs/WindowsException'{0x00000000c7c1a1d0}> (0x00000000c7c1a1d0) 
thrown [t:/workspace/open/src/hotspot/share/prims/jni.cpp, line 598]
Event: 42.654 Thread 0x00000288220c7000 Exception <a 'sun/nio/fs/WindowsException'{0x00000000c7c1b628}> (0x00000000c7c1b628) 
thrown [t:/workspace/open/src/hotspot/share/prims/jni.cpp, line 598]
Event: 42.657 Thread 0x00000288220c7000 Exception <a 'sun/nio/fs/WindowsException'{0x00000000c7c23520}> (0x00000000c7c23520) 
thrown [t:/workspace/open/src/hotspot/share/prims/jni.cpp, line 598]
Event: 42.657 Thread 0x00000288220c7000 Exception <a 'sun/nio/fs/WindowsException'{0x00000000c7c24658}> (0x00000000c7c24658) 
thrown [t:/workspace/open/src/hotspot/share/prims/jni.cpp, line 598]
Event: 42.658 Thread 0x00000288220c7000 Exception <a 'sun/nio/fs/WindowsException'{0x00000000c7c25810}> (0x00000000c7c25810) 
thrown [t:/workspace/open/src/hotspot/share/prims/jni.cpp, line 598]
Event: 42.658 Thread 0x00000288220c7000 Exception <a 'sun/nio/fs/WindowsException'{0x00000000c7c27ca8}> (0x00000000c7c27ca8) 
thrown [t:/workspace/open/src/hotspot/share/prims/jni.cpp, line 598]
Event: 42.658 Thread 0x00000288220c7000 Exception <a 'sun/nio/fs/WindowsException'{0x00000000c7c28df0}> (0x00000000c7c28df0) 
thrown [t:/workspace/open/src/hotspot/share/prims/jni.cpp, line 598]
Event: 42.659 Thread 0x00000288220c7000 Exception <a 'sun/nio/fs/WindowsException'{0x00000000c7c29fb8}> (0x00000000c7c29fb8) 
thrown [t:/workspace/open/src/hotspot/share/prims/jni.cpp, line 598]
Event: 45.317 Thread 0x00000288220c7000 Exception <a 'java/lang/NoSuchMethodError'{0x00000000c69881c8}: static Lcom/android/build/gradle/internal/tasks/Workers$ActionParameters;.<clinit>()V> (0x00000000c69881c8) 
thrown [t:/workspace/open/src/hotspot/share/prims/jni.cpp, line 1347]
Event: 45.325 Thread 0x00000288220c7000 Exception <a 'java/lang/NoSuchMethodError'{0x00000000c699f310}: static Lcom/android/build/gradle/internal/tasks/DexMergingParams;.<clinit>()V> (0x00000000c699f310) 
thrown [t:/workspace/open/src/hotspot/share/prims/jni.cpp, line 1347]
Event: 46.123 Thread 0x000002882388b800 Implicit null exception at 0x000002881465dae0 to 0x000002881465e38e
Event: 46.470 Thread 0x0000028823896800 Exception <a 'sun/nio/fs/WindowsException'{0x00000000c86f8af8}> (0x00000000c86f8af8) 
thrown [t:/workspace/open/src/hotspot/share/prims/jni.cpp, line 598]
Event: 46.867 Thread 0x0000028823896800 Exception <a 'java/lang/NoSuchMethodError'{0x00000000c9c31e88}: 'java.lang.Object java.lang.invoke.DirectMethodHandle$Holder.invokeStatic(java.lang.Object, java.lang.Object, java.lang.Object, java.lang.Object, java.lang.Object, java.lang.Object, java.lang.Object, java.lang.Object, java.lang.Object, java.lang.Object, java.lang.Object, java.lang.Object, java.lang.Object, java.lang.Object, java.lang.Object, java.lang.Object, java.lang.Object, int, java.lang.Object)'> (0x00000000c9c31e88) 
thrown [t:/workspace
Event: 46.869 Thread 0x0000028823896800 Exception <a 'java/lang/NoSuchMethodError'{0x00000000c9c368a0}: 'java.lang.Object java.lang.invoke.DirectMethodHandle$Holder.invokeStaticInit(java.lang.Object, java.lang.Object, java.lang.Object, java.lang.Object, java.lang.Object, java.lang.Object, java.lang.Object, java.lang.Object, java.lang.Object, java.lang.Object, java.lang.Object, java.lang.Object, java.lang.Object, java.lang.Object, java.lang.Object, java.lang.Object, java.lang.Object, int, java.lang.Object)'> (0x00000000c9c368a0) 
thrown [t:/works
Event: 49.712 Thread 0x0000028823892000 Exception <a 'java/lang/NoSuchMethodError'{0x00000000cbf7d5e0}: 'java.lang.Object java.lang.invoke.DirectMethodHandle$Holder.newInvokeSpecial(java.lang.Object, int)'> (0x00000000cbf7d5e0) 
thrown [t:/workspace/open/src/hotspot/share/interpreter/linkResolver.cpp, line 767]
Event: 49.826 Thread 0x0000028823892000 Implicit null exception at 0x000002881460c42f to 0x000002881460c522
Event: 49.826 Thread 0x0000028823890800 Implicit null exception at 0x000002881460c42f to 0x000002881460c522
Event: 49.832 Thread 0x0000028823890800 Exception <a 'java/lang/NoSuchMethodError'{0x00000000cbc5e7c8}: 'long java.lang.invoke.DirectMethodHandle$Holder.invokeStatic(java.lang.Object, java.lang.Object, java.lang.Object)'> (0x00000000cbc5e7c8) 
thrown [t:/workspace/open/src/hotspot/share/interpreter/linkResolver.cpp, line 767]

Events (20 events):
Event: 50.049 loading class com/android/tools/r8/v/a/a/a/f/f0
Event: 50.049 loading class com/android/tools/r8/v/a/a/a/f/f0 done
Event: 50.050 loading class com/android/tools/r8/graph/E$b$a
Event: 50.050 loading class com/android/tools/r8/graph/E$b$a done
Event: 50.090 loading class com/android/tools/r8/ir/analysis/type/k
Event: 50.090 loading class com/android/tools/r8/ir/analysis/type/k done
Event: 50.095 Executing VM operation: RevokeBias
Event: 50.096 Executing VM operation: RevokeBias done
Event: 50.106 loading class com/android/tools/r8/ir/analysis/type/i
Event: 50.106 loading class com/android/tools/r8/ir/analysis/type/i done
Event: 50.199 Executing VM operation: G1CollectForAllocation
Event: 50.291 Executing VM operation: G1CollectForAllocation done
Event: 50.303 loading class com/android/tools/r8/ir/analysis/type/h
Event: 50.303 loading class com/android/tools/r8/ir/analysis/type/h done
Event: 50.349 loading class com/android/tools/r8/graph/h0$a
Event: 50.349 loading class com/android/tools/r8/graph/h0$a done
Event: 50.837 Executing VM operation: G1CollectForAllocation
Event: 51.008 Executing VM operation: G1CollectForAllocation done
Event: 51.320 Executing VM operation: G1Concurrent
Event: 51.338 Executing VM operation: G1Concurrent done


Dynamic libraries:
0x00007ff7421b0000 - 0x00007ff7421bf000 	C:\Program Files\Java\jdk-13.0.2\bin\java.exe
0x00007ffa41bc0000 - 0x00007ffa41dad000 	C:\Windows\SYSTEM32\ntdll.dll
0x00007ffa3f440000 - 0x00007ffa3f4f3000 	C:\Windows\System32\KERNEL32.DLL
0x00007ffa3e850000 - 0x00007ffa3eae5000 	C:\Windows\System32\KERNELBASE.dll
0x00007ffa3eba0000 - 0x00007ffa3ec9a000 	C:\Windows\System32\ucrtbase.dll
0x00007ffa33940000 - 0x00007ffa33955000 	C:\Program Files\Java\jdk-13.0.2\bin\VCRUNTIME140.dll
0x00007ffa34660000 - 0x00007ffa34678000 	C:\Program Files\Java\jdk-13.0.2\bin\jli.dll
0x00007ffa3fcf0000 - 0x00007ffa3fd93000 	C:\Windows\System32\ADVAPI32.dll
0x00007ffa3ee40000 - 0x00007ffa3eede000 	C:\Windows\System32\msvcrt.dll
0x00007ffa41390000 - 0x00007ffa4142e000 	C:\Windows\System32\sechost.dll
0x00007ffa41760000 - 0x00007ffa41882000 	C:\Windows\System32\RPCRT4.dll
0x00007ffa3f770000 - 0x00007ffa3f907000 	C:\Windows\System32\USER32.dll
0x00007ffa3eca0000 - 0x00007ffa3ecc0000 	C:\Windows\System32\win32u.dll
0x00007ffa2bb90000 - 0x00007ffa2be09000 	C:\Windows\WinSxS\amd64_microsoft.windows.common-controls_6595b64144ccf1df_6.0.17763.1217_none_de6e4304534e0ad3\COMCTL32.dll
0x00007ffa41900000 - 0x00007ffa41929000 	C:\Windows\System32\GDI32.dll
0x00007ffa3e420000 - 0x00007ffa3e5b9000 	C:\Windows\System32\gdi32full.dll
0x00007ffa41430000 - 0x00007ffa4175c000 	C:\Windows\System32\combase.dll
0x00007ffa3ecc0000 - 0x00007ffa3ed3e000 	C:\Windows\System32\bcryptPrimitives.dll
0x00007ffa3ed40000 - 0x00007ffa3ede0000 	C:\Windows\System32\msvcp_win.dll
0x00007ffa398b0000 - 0x00007ffa398ba000 	C:\Windows\SYSTEM32\VERSION.dll
0x00007ffa3f610000 - 0x00007ffa3f63e000 	C:\Windows\System32\IMM32.DLL
0x00007ffa1e700000 - 0x00007ffa1e79b000 	C:\Program Files\Java\jdk-13.0.2\bin\msvcp140.dll
0x00007ffa159f0000 - 0x00007ffa1654d000 	C:\Program Files\Java\jdk-13.0.2\bin\server\jvm.dll
0x00007ffa3f910000 - 0x00007ffa3f918000 	C:\Windows\System32\PSAPI.DLL
0x00007ffa3bcd0000 - 0x00007ffa3bcf4000 	C:\Windows\SYSTEM32\WINMM.dll
0x00007ffa37ef0000 - 0x00007ffa37ef9000 	C:\Windows\SYSTEM32\WSOCK32.dll
0x00007ffa3bca0000 - 0x00007ffa3bccd000 	C:\Windows\SYSTEM32\WINMMBASE.dll
0x00007ffa3dc80000 - 0x00007ffa3dcca000 	C:\Windows\System32\cfgmgr32.dll
0x00007ffa41890000 - 0x00007ffa418fd000 	C:\Windows\System32\WS2_32.dll
0x00007ffa3dc60000 - 0x00007ffa3dc71000 	C:\Windows\System32\kernel.appcore.dll
0x00007ffa33930000 - 0x00007ffa33940000 	C:\Program Files\Java\jdk-13.0.2\bin\verify.dll
0x00007ffa31e00000 - 0x00007ffa31fed000 	C:\Windows\SYSTEM32\DBGHELP.DLL
0x00007ffa31dd0000 - 0x00007ffa31dfa000 	C:\Windows\SYSTEM32\dbgcore.DLL
0x00007ffa338f0000 - 0x00007ffa33916000 	C:\Program Files\Java\jdk-13.0.2\bin\java.dll
0x00007ffa338d0000 - 0x00007ffa338e7000 	C:\Program Files\Java\jdk-13.0.2\bin\zip.dll
0x00007ffa337e0000 - 0x00007ffa337ea000 	C:\Program Files\Java\jdk-13.0.2\bin\jimage.dll
0x00007ffa3fe70000 - 0x00007ffa41364000 	C:\Windows\System32\SHELL32.dll
0x00007ffa3f930000 - 0x00007ffa3f9d8000 	C:\Windows\System32\shcore.dll
0x00007ffa3dcd0000 - 0x00007ffa3e41e000 	C:\Windows\System32\windows.storage.dll
0x00007ffa3dc10000 - 0x00007ffa3dc34000 	C:\Windows\System32\profapi.dll
0x00007ffa3dbb0000 - 0x00007ffa3dc0d000 	C:\Windows\System32\powrprof.dll
0x00007ffa41930000 - 0x00007ffa41982000 	C:\Windows\System32\shlwapi.dll
0x00007ffa3eaf0000 - 0x00007ffa3eb07000 	C:\Windows\System32\cryptsp.dll
0x00007ffa334c0000 - 0x00007ffa334d9000 	C:\Program Files\Java\jdk-13.0.2\bin\net.dll
0x00007ffa31af0000 - 0x00007ffa31be2000 	C:\Windows\SYSTEM32\WINHTTP.dll
0x00007ffa3d370000 - 0x00007ffa3d3d7000 	C:\Windows\system32\mswsock.dll
0x00007ffa334a0000 - 0x00007ffa334b3000 	C:\Program Files\Java\jdk-13.0.2\bin\nio.dll
0x00007ffa22dd0000 - 0x00007ffa22df6000 	C:\Users\ELCOT\.gradle\caches\gradle-6.5\native\31\windows-amd64\native-platform.dll
0x00007ffa33490000 - 0x00007ffa33499000 	C:\Program Files\Java\jdk-13.0.2\bin\management.dll
0x00007ffa33480000 - 0x00007ffa3348b000 	C:\Program Files\Java\jdk-13.0.2\bin\management_ext.dll
0x00007ffa3cf00000 - 0x00007ffa3cf33000 	C:\Windows\system32\rsaenh.dll
0x00007ffa3eb10000 - 0x00007ffa3eb36000 	C:\Windows\System32\bcrypt.dll
0x00007ffa3dae0000 - 0x00007ffa3db08000 	C:\Windows\SYSTEM32\USERENV.dll
0x00007ffa3d4f0000 - 0x00007ffa3d4fc000 	C:\Windows\SYSTEM32\CRYPTBASE.dll
0x00007ffa3d0a0000 - 0x00007ffa3d0dd000 	C:\Windows\SYSTEM32\IPHLPAPI.DLL
0x00007ffa41b80000 - 0x00007ffa41b88000 	C:\Windows\System32\NSI.dll
0x00007ffa35d90000 - 0x00007ffa35da6000 	C:\Windows\SYSTEM32\dhcpcsvc6.DLL
0x00007ffa35d70000 - 0x00007ffa35d8c000 	C:\Windows\SYSTEM32\dhcpcsvc.DLL
0x00007ffa3d0e0000 - 0x00007ffa3d1a7000 	C:\Windows\SYSTEM32\DNSAPI.dll

dbghelp: loaded successfully - version: 4.0.5 - missing functions: none
symbol engine: initialized successfully - sym options: 0x614 - pdb path: .;C:\Program Files\Java\jdk-13.0.2\bin;C:\Windows\SYSTEM32;C:\Windows\WinSxS\amd64_microsoft.windows.common-controls_6595b64144ccf1df_6.0.17763.1217_none_de6e4304534e0ad3;C:\Program Files\Java\jdk-13.0.2\bin\server;C:\Users\ELCOT\.gradle\caches\gradle-6.5\native\31\windows-amd64

VM Arguments:
jvm_args: --add-opens=java.base/java.util=ALL-UNNAMED --add-opens=java.base/java.lang=ALL-UNNAMED --add-opens=java.base/java.lang.invoke=ALL-UNNAMED --add-opens=java.prefs/java.util.prefs=ALL-UNNAMED -Xmx1024m -Dfile.encoding=windows-1252 -Duser.country=IN -Duser.language=en -Duser.variant 
java_command: org.gradle.launcher.daemon.bootstrap.GradleDaemon 6.1.1
java_class_path (initial): C:\Users\ELCOT\.gradle\caches\gradle-6.5\wrapper\dists\gradle-6.1.1-all\cfmwm155h49vnt3hynmlrsdst\gradle-6.1.1\lib\gradle-launcher-6.1.1.jar
Launcher Type: SUN_STANDARD

[Global flags]
     intx CICompilerCount                          = 2                                         {product} {ergonomic}
     uint ConcGCThreads                            = 1                                         {product} {ergonomic}
     uint G1ConcRefinementThreads                  = 2                                         {product} {ergonomic}
   size_t G1HeapRegionSize                         = 1048576                                   {product} {ergonomic}
    uintx GCDrainStackTargetSize                   = 64                                        {product} {ergonomic}
   size_t InitialHeapSize                          = 65011712                                  {product} {ergonomic}
   size_t MarkStackSize                            = 4194304                                   {product} {ergonomic}
   size_t MaxHeapSize                              = 1073741824                                {product} {command line}
   size_t MaxNewSize                               = 643825664                                 {product} {ergonomic}
   size_t MinHeapDeltaBytes                        = 1048576                                   {product} {ergonomic}
   size_t MinHeapSize                              = 8388608                                   {product} {ergonomic}
    uintx NonNMethodCodeHeapSize                   = 5826188                                {pd product} {ergonomic}
    uintx NonProfiledCodeHeapSize                  = 122916026                              {pd product} {ergonomic}
    uintx ProfiledCodeHeapSize                     = 122916026                              {pd product} {ergonomic}
    uintx ReservedCodeCacheSize                    = 251658240                              {pd product} {ergonomic}
     bool SegmentedCodeCache                       = true                                      {product} {ergonomic}
   size_t SoftMaxHeapSize                          = 1073741824                             {manageable} {ergonomic}
     bool UseCompressedClassPointers               = true                                 {lp64_product} {ergonomic}
     bool UseCompressedOops                        = true                                 {lp64_product} {ergonomic}
     bool UseG1GC                                  = true                                      {product} {ergonomic}
     bool UseLargePagesIndividualAllocation        = false                                  {pd product} {ergonomic}

Logging:
Log output configuration:
 #0: stdout all=warning uptime,level,tags
 #1: stderr all=off uptime,level,tags

Environment Variables:
JAVA_HOME=C:\Program Files\Android\Android Studio\jre
PATH=C:\Program Files\AdoptOpenJDK\jdk-11.0.7.10-hotspot\bin;C:\Program Files (x86)\Common Files\Oracle\Java\javapath;C:\MinGW\bin;C:\Windows\system32;C:\Windows;C:\Windows\System32\Wbem;C:\Windows\System32\WindowsPowerShell\v1.0\;C:\Windows\System32\OpenSSH\;C:\Program Files\nodejs\;C:\Users\ELCOT\Downloads\python-3.8.2;C:\Program Files\Dart\dart-sdk\bin;C:\drivers\chromedriver_win32.zip;C:\src\flutter\flutter_windows_v1.12.13+hotfix.9-stable\flutter\bin;C:\Program Files (x86)\Android\android-sdk\platforms\platform-tools;C:\Program Files (x86)\Android\android-sdk\platform-tools\api;C:\Downloads\installer_r16-windows.exe;C:\ProgramData\Microsoft\Windows\Start Menu\Programs\Android SDK Tools;D:\kishoreAndroid\Android\Android Studio\bin;D:\kishoreAndroid\Android\Android Studio;C:\ProgramData\Microsoft\Windows\Start Menu\Programs\Visual Studio Emulator for Android.lnk;C:\Downloads\vs_emulatorsetup.exe;C:\Program Files (x86)\Android\android-sdk\SDK Manager;D:\Kishore\platforms;C:\Users\ELCOT\AppData\Local\Programs\Python\Python38\Scripts\;C:\Users\;C:\Program Files\Android\Android Studio\jre;C:\Program Files\Java\jdk-13.0.2\bin;C:\Program Files\Java\jre1.8.0_251\bin;C:\Program Files (x86)\Android\platform-tools;C:\Downloads\python-3.8.2.exe;C:\Program Files\dotnet\;C:\Program Files\Microsoft SQL Server\130\Tools\Binn\;C:\Program Files\Microsoft SQL Server\Client SDK\ODBC\170\Tools\Binn\;D:\Git\cmd;C:\Users\ELCOT\AppData\Roaming\npm;C:\Users\ELCOT\AppData\Local\Programs\Python\Python39\Scripts\;C:\Users\ELCOT\AppData\Local\Programs\Python\Python39\;C:\Users\ELCOT\AppData\Local\ValidatorBuddy;C:\Users\ELCOT\AppData\Local\Programs\Python\Python38;C:\src\flutter\bin;D:\Heroku\bin;D:\Microsoft VS Code\bin;C:\Users\ELCOT\AppData\Roaming\npm\node_modules\firebase\node_modules\protobufjs\bin;
USERNAME=ELCOT
OS=Windows_NT
PROCESSOR_IDENTIFIER=AMD64 Family 21 Model 112 Stepping 0, AuthenticAMD



---------------  S Y S T E M  ---------------

OS: Windows 10 , 64 bit Build 17763 (10.0.17763.1158)
HyperV virtualization detected

CPU:total 2 (initial active 2) (2 cores per cpu, 1 threads per core) family 21 model 112 stepping 0, cmov, cx8, fxsr, mmx, sse, sse2, sse3, ssse3, sse4.1, sse4.2, popcnt, avx, avx2, aes, clmul, mmxext, 3dnowpref, lzcnt, sse4a, tsc, tscinvbit, tscinv, bmi1, bmi2, fma

Memory: 4k page, system-wide physical 3935M (515M free)
TotalPageFile size 5322M (AvailPageFile size 3M)
current process WorkingSet (physical memory assigned to process): 399M, peak: 399M
current process commit charge ("private bytes"): 488M, peak: 488M

vm_info: Java HotSpot(TM) 64-Bit Server VM (13.0.2+8) for windows-amd64 JRE (13.0.2+8), built on Dec 11 2019 09:20:33 by "mach5one" with unknown MS VC++:1916

END.
