#
# There is insufficient memory for the Java Runtime Environment to continue.
# Native memory allocation (malloc) failed to allocate 406912 bytes for Chunk::new
# Possible reasons:
#   The system is out of physical RAM or swap space
#   The process is running with CompressedOops enabled, and the Java Heap may be blocking the growth of the native heap
# Possible solutions:
#   Reduce memory load on the system
#   Increase physical memory or swap space
#   Check if swap backing store is full
#   Decrease Java heap size (-Xmx/-Xms)
#   Decrease number of Java threads
#   Decrease Java thread stack sizes (-Xss)
#   Set larger code cache with -XX:ReservedCodeCacheSize=
#   JVM is running with Unscaled Compressed Oops mode in which the Java heap is
#     placed in the first 4GB address space. The Java Heap base address is the
#     maximum limit for the native heap growth. Please use -XX:HeapBaseMinAddress
#     to set the Java Heap base and to place the Java Heap above 4GB virtual address.
# This output file may be truncated or incomplete.
#
#  Out of Memory Error (t:/workspace/open/src/hotspot/share/memory/arena.cpp:196), pid=3068, tid=6004
#
# JRE version: Java(TM) SE Runtime Environment (13.0.2+8) (build 13.0.2+8)
# Java VM: Java HotSpot(TM) 64-Bit Server VM (13.0.2+8, mixed mode, sharing, tiered, compressed oops, g1 gc, windows-amd64)
# No core dump will be written. Minidumps are not enabled by default on client versions of Windows
#

---------------  S U M M A R Y ------------

Command Line: --add-opens=java.base/java.util=ALL-UNNAMED --add-opens=java.base/java.lang=ALL-UNNAMED --add-opens=java.base/java.lang.invoke=ALL-UNNAMED --add-opens=java.prefs/java.util.prefs=ALL-UNNAMED -Xmx2048m -Dfile.encoding=windows-1252 -Duser.country=IN -Duser.language=en -Duser.variant org.gradle.launcher.daemon.bootstrap.GradleDaemon 6.5

Host: AMD PRO A4-4350B R4, 5 COMPUTE CORES 2C+3G     , 2 cores, 3G,  Windows 10 , 64 bit Build 17763 (10.0.17763.1158)
Time: Thu Sep  3 03:58:14 2020 Pacific Daylight Time elapsed time: 229 seconds (0d 0h 3m 49s)

---------------  T H R E A D  ---------------

Current thread (0x0000028b6afc5800):  JavaThread "C2 CompilerThread0" daemon [_thread_in_native, id=6004, stack(0x000000ed4b200000,0x000000ed4b300000)]


Current CompileTask:
C2: 229398 8952   !   4       java.util.regex.Pattern::closure (353 bytes)

Stack: [0x000000ed4b200000,0x000000ed4b300000]
Native frames: (J=compiled Java code, j=interpreted, Vv=VM code, C=native code)
V  [jvm.dll+0x624f9a]
V  [jvm.dll+0x770cfa]
V  [jvm.dll+0x7724af]
V  [jvm.dll+0x772ab3]
V  [jvm.dll+0x24bf08]
V  [jvm.dll+0xc1e47]
V  [jvm.dll+0xc23cc]
V  [jvm.dll+0x35c0c5]
V  [jvm.dll+0x327803]
V  [jvm.dll+0x326bda]
V  [jvm.dll+0x205c27]
V  [jvm.dll+0x204e3f]
V  [jvm.dll+0x189c2c]
V  [jvm.dll+0x213e6d]
V  [jvm.dll+0x2120bb]
V  [jvm.dll+0x736bb6]
V  [jvm.dll+0x72fcaa]
V  [jvm.dll+0x623ea6]
C  [ucrtbase.dll+0x21ffa]
C  [KERNEL32.DLL+0x17974]
C  [ntdll.dll+0x6a271]


---------------  P R O C E S S  ---------------

Threads class SMR info:
_java_thread_list=0x0000028b6eadc730, length=32, elements={
0x0000028b4cd42000, 0x0000028b6afa1000, 0x0000028b6afa4000, 0x0000028b6afc2800,
0x0000028b6afc4800, 0x0000028b6afc5800, 0x0000028b6afc9000, 0x0000028b6b02f800,
0x0000028b6b9ff000, 0x0000028b6ba06000, 0x0000028b6c388800, 0x0000028b6d005800,
0x0000028b6c80f800, 0x0000028b6c537000, 0x0000028b6cb8c800, 0x0000028b6cc0f800,
0x0000028b6cc0f000, 0x0000028b6cc12000, 0x0000028b6cc13000, 0x0000028b6cc10800,
0x0000028b6cc11800, 0x0000028b6cc0e000, 0x0000028b6cc14800, 0x0000028b6dfbb000,
0x0000028b6dfbc800, 0x0000028b6dfb7000, 0x0000028b6dfbd800, 0x0000028b6dfbc000,
0x0000028b6dfb8000, 0x0000028b6dfc0000, 0x0000028b6e0fb000, 0x0000028b6e0f9800
}

Java Threads: ( => current thread )
  0x0000028b4cd42000 JavaThread "main" [_thread_blocked, id=5196, stack(0x000000ed4a700000,0x000000ed4a800000)]
  0x0000028b6afa1000 JavaThread "Reference Handler" daemon [_thread_blocked, id=6848, stack(0x000000ed4ae00000,0x000000ed4af00000)]
  0x0000028b6afa4000 JavaThread "Finalizer" daemon [_thread_blocked, id=2040, stack(0x000000ed4af00000,0x000000ed4b000000)]
  0x0000028b6afc2800 JavaThread "Signal Dispatcher" daemon [_thread_blocked, id=1696, stack(0x000000ed4b000000,0x000000ed4b100000)]
  0x0000028b6afc4800 JavaThread "Attach Listener" daemon [_thread_blocked, id=8128, stack(0x000000ed4b100000,0x000000ed4b200000)]
=>0x0000028b6afc5800 JavaThread "C2 CompilerThread0" daemon [_thread_in_native, id=6004, stack(0x000000ed4b200000,0x000000ed4b300000)]
  0x0000028b6afc9000 JavaThread "C1 CompilerThread0" daemon [_thread_blocked, id=824, stack(0x000000ed4b300000,0x000000ed4b400000)]
  0x0000028b6b02f800 JavaThread "Sweeper thread" daemon [_thread_blocked, id=4168, stack(0x000000ed4b400000,0x000000ed4b500000)]
  0x0000028b6b9ff000 JavaThread "Common-Cleaner" daemon [_thread_blocked, id=4308, stack(0x000000ed4b500000,0x000000ed4b600000)]
  0x0000028b6ba06000 JavaThread "Service Thread" daemon [_thread_blocked, id=5320, stack(0x000000ed4b600000,0x000000ed4b700000)]
  0x0000028b6c388800 JavaThread "Daemon health stats" [_thread_blocked, id=3136, stack(0x000000ed4b900000,0x000000ed4ba00000)]
  0x0000028b6d005800 JavaThread "Incoming local TCP Connector on port 51338" [_thread_in_native, id=7540, stack(0x000000ed4bc00000,0x000000ed4bd00000)]
  0x0000028b6c80f800 JavaThread "Daemon periodic checks" [_thread_blocked, id=7912, stack(0x000000ed4bd00000,0x000000ed4be00000)]
  0x0000028b6c537000 JavaThread "Daemon" [_thread_blocked, id=5684, stack(0x000000ed4be00000,0x000000ed4bf00000)]
  0x0000028b6cb8c800 JavaThread "Daemon worker" [_thread_in_native, id=8124, stack(0x000000ed4c100000,0x000000ed4c200000)]
  0x0000028b6cc0f800 JavaThread "Cache worker for journal cache (C:\Users\ELCOT\.gradle\caches\gradle-6.5\caches\journal-1)" [_thread_blocked, id=5404, stack(0x000000ed4c500000,0x000000ed4c600000)]
  0x0000028b6cc0f000 JavaThread "File lock request listener" [_thread_in_native, id=2644, stack(0x000000ed4c600000,0x000000ed4c700000)]
  0x0000028b6cc12000 JavaThread "Cache worker for file hash cache (C:\Users\ELCOT\.gradle\caches\gradle-6.5\caches\6.5\fileHashes)" [_thread_blocked, id=8144, stack(0x000000ed4c700000,0x000000ed4c800000)]
  0x0000028b6cc13000 JavaThread "Handler for socket connection from /127.0.0.1:51338 to /127.0.0.1:51346" [_thread_in_native, id=7452, stack(0x000000ed4a500000,0x000000ed4a600000)]
  0x0000028b6cc10800 JavaThread "Cancel handler" [_thread_blocked, id=7436, stack(0x000000ed4a600000,0x000000ed4a700000)]
  0x0000028b6cc11800 JavaThread "Asynchronous log dispatcher for DefaultDaemonConnection: socket connection from /127.0.0.1:51338 to /127.0.0.1:51346" [_thread_blocked, id=3468, stack(0x000000ed4bf00000,0x000000ed4c000000)]
  0x0000028b6cc0e000 JavaThread "Thread-16" [_thread_blocked, id=1504, stack(0x000000ed4c200000,0x000000ed4c300000)]
  0x0000028b6cc14800 JavaThread "Cache worker for file hash cache (D:\AndroidStudioProjects\DoChat\.gradle\6.5\fileHashes)" [_thread_blocked, id=3416, stack(0x000000ed4c300000,0x000000ed4c400000)]
  0x0000028b6dfbb000 JavaThread "Cache worker for checksums cache (D:\AndroidStudioProjects\DoChat\.gradle\checksums)" [_thread_blocked, id=4804, stack(0x000000ed4de00000,0x000000ed4df00000)]
  0x0000028b6dfbc800 JavaThread "Cache worker for cache directory md-supplier (C:\Users\ELCOT\.gradle\caches\gradle-6.5\caches\6.5\md-supplier)" [_thread_blocked, id=472, stack(0x000000ed4df00000,0x000000ed4e000000)]
  0x0000028b6dfb7000 JavaThread "Cache worker for cache directory md-rule (C:\Users\ELCOT\.gradle\caches\gradle-6.5\caches\6.5\md-rule)" [_thread_blocked, id=7836, stack(0x000000ed4e000000,0x000000ed4e100000)]
  0x0000028b6dfbd800 JavaThread "Cache worker for execution history cache (C:\Users\ELCOT\.gradle\caches\gradle-6.5\caches\6.5\executionHistory)" [_thread_blocked, id=7668, stack(0x000000ed4e100000,0x000000ed4e200000)]
  0x0000028b6dfbc000 JavaThread "Cache worker for file content cache (C:\Users\ELCOT\.gradle\caches\gradle-6.5\caches\6.5\fileContent)" [_thread_blocked, id=7044, stack(0x000000ed4e200000,0x000000ed4e300000)]
  0x0000028b6dfb8000 JavaThread "Build operations" [_thread_blocked, id=5720, stack(0x000000ed4ba00000,0x000000ed4bb00000)]
  0x0000028b6dfc0000 JavaThread "Build operations Thread 2" [_thread_in_native, id=2728, stack(0x000000ed4e300000,0x000000ed4e400000)]
  0x0000028b6e0fb000 JavaThread "Cache worker for Build Output Cleanup Cache (D:\AndroidStudioProjects\DoChat\.gradle\buildOutputCleanup)" [_thread_blocked, id=2484, stack(0x000000ed52700000,0x000000ed52800000)]
  0x0000028b6e0f9800 JavaThread "File lock release action executor" [_thread_blocked, id=2652, stack(0x000000ed52800000,0x000000ed52900000)]

Other Threads:
  0x0000028b4ce0e000 VMThread "VM Thread" [stack: 0x000000ed4ad00000,0x000000ed4ae00000] [id=3432]
  0x0000028b6ba10000 WatcherThread [stack: 0x000000ed4b700000,0x000000ed4b800000] [id=4600]
  0x0000028b4cd83000 GCTaskThread "GC Thread#0" [stack: 0x000000ed4a800000,0x000000ed4a900000] [id=7440]
  0x0000028b6bb07800 GCTaskThread "GC Thread#1" [stack: 0x000000ed4b800000,0x000000ed4b900000] [id=7092]
  0x0000028b4cd94800 ConcurrentGCThread "G1 Main Marker" [stack: 0x000000ed4a900000,0x000000ed4aa00000] [id=1088]
  0x0000028b4cd96800 ConcurrentGCThread "G1 Conc#0" [stack: 0x000000ed4aa00000,0x000000ed4ab00000] [id=1484]
  0x0000028b4cde5000 ConcurrentGCThread "G1 Refine#0" [stack: 0x000000ed4ab00000,0x000000ed4ac00000] [id=1660]
  0x0000028b4cde7800 ConcurrentGCThread "G1 Young RemSet Sampling" [stack: 0x000000ed4ac00000,0x000000ed4ad00000] [id=5644]

Threads with active compile tasks:
C2 CompilerThread0   229483 8952   !   4       java.util.regex.Pattern::closure (353 bytes)

VM state:not at safepoint (normal execution)

VM Mutex/Monitor currently owned by a thread: None

Heap address: 0x0000000080000000, size: 2048 MB, Compressed Oops mode: 32-bit
Narrow klass base: 0x0000000800000000, Narrow klass shift: 3
Compressed class space size: 1073741824 Address: 0x0000000800b40000

Heap:
 garbage-first heap   total 153600K, used 106915K [0x0000000080000000, 0x0000000100000000)
  region size 1024K, 29 young (29696K), 6 survivors (6144K)
 Metaspace       used 75254K, capacity 77361K, committed 77568K, reserved 1116160K
  class space    used 10012K, capacity 10690K, committed 10752K, reserved 1048576K
Heap Regions: E=young(eden), S=young(survivor), O=old, HS=humongous(starts), HC=humongous(continues), CS=collection set, F=free, A=archive, TAMS=top-at-mark-start (previous, next)
|   0|0x0000000080000000, 0x0000000080100000, 0x0000000080100000|100%|HS|  |TAMS 0x0000000080100000, 0x0000000080000000| Complete 
|   1|0x0000000080100000, 0x0000000080200000, 0x0000000080200000|100%|HC|  |TAMS 0x0000000080200000, 0x0000000080100000| Complete 
|   2|0x0000000080200000, 0x0000000080300000, 0x0000000080300000|100%|HC|  |TAMS 0x0000000080300000, 0x0000000080200000| Complete 
|   3|0x0000000080300000, 0x0000000080400000, 0x0000000080400000|100%| O|  |TAMS 0x0000000080400000, 0x0000000080300000| Untracked 
|   4|0x0000000080400000, 0x0000000080500000, 0x0000000080500000|100%| O|  |TAMS 0x0000000080500000, 0x0000000080400000| Untracked 
|   5|0x0000000080500000, 0x0000000080600000, 0x0000000080600000|100%| O|  |TAMS 0x0000000080600000, 0x0000000080500000| Untracked 
|   6|0x0000000080600000, 0x0000000080700000, 0x0000000080700000|100%| O|  |TAMS 0x0000000080700000, 0x0000000080600000| Untracked 
|   7|0x0000000080700000, 0x0000000080800000, 0x0000000080800000|100%| O|  |TAMS 0x0000000080800000, 0x0000000080700000| Untracked 
|   8|0x0000000080800000, 0x0000000080900000, 0x0000000080900000|100%| O|  |TAMS 0x0000000080900000, 0x0000000080800000| Untracked 
|   9|0x0000000080900000, 0x0000000080a00000, 0x0000000080a00000|100%| O|  |TAMS 0x0000000080a00000, 0x0000000080900000| Untracked 
|  10|0x0000000080a00000, 0x0000000080b00000, 0x0000000080b00000|100%| O|  |TAMS 0x0000000080b00000, 0x0000000080a00000| Untracked 
|  11|0x0000000080b00000, 0x0000000080c00000, 0x0000000080c00000|100%| O|  |TAMS 0x0000000080c00000, 0x0000000080b00000| Untracked 
|  12|0x0000000080c00000, 0x0000000080d00000, 0x0000000080d00000|100%| O|  |TAMS 0x0000000080d00000, 0x0000000080c00000| Untracked 
|  13|0x0000000080d00000, 0x0000000080e00000, 0x0000000080e00000|100%| O|  |TAMS 0x0000000080e00000, 0x0000000080d00000| Untracked 
|  14|0x0000000080e00000, 0x0000000080f00000, 0x0000000080f00000|100%| O|  |TAMS 0x0000000080f00000, 0x0000000080e00000| Untracked 
|  15|0x0000000080f00000, 0x0000000081000000, 0x0000000081000000|100%| O|  |TAMS 0x0000000081000000, 0x0000000080f00000| Untracked 
|  16|0x0000000081000000, 0x0000000081100000, 0x0000000081100000|100%| O|  |TAMS 0x0000000081100000, 0x0000000081000000| Untracked 
|  17|0x0000000081100000, 0x0000000081200000, 0x0000000081200000|100%|HS|  |TAMS 0x0000000081200000, 0x0000000081100000| Complete 
|  18|0x0000000081200000, 0x0000000081300000, 0x0000000081300000|100%|HC|  |TAMS 0x0000000081300000, 0x0000000081200000| Complete 
|  19|0x0000000081300000, 0x0000000081400000, 0x0000000081400000|100%|HS|  |TAMS 0x0000000081400000, 0x0000000081300000| Complete 
|  20|0x0000000081400000, 0x0000000081500000, 0x0000000081500000|100%|HC|  |TAMS 0x0000000081500000, 0x0000000081400000| Complete 
|  21|0x0000000081500000, 0x0000000081600000, 0x0000000081600000|100%|HC|  |TAMS 0x0000000081600000, 0x0000000081500000| Complete 
|  22|0x0000000081600000, 0x0000000081700000, 0x0000000081700000|100%|HS|  |TAMS 0x0000000081700000, 0x0000000081600000| Complete 
|  23|0x0000000081700000, 0x0000000081800000, 0x0000000081800000|100%|HC|  |TAMS 0x0000000081800000, 0x0000000081700000| Complete 
|  24|0x0000000081800000, 0x0000000081900000, 0x0000000081900000|100%|HC|  |TAMS 0x0000000081900000, 0x0000000081800000| Complete 
|  25|0x0000000081900000, 0x0000000081a00000, 0x0000000081a00000|100%|HC|  |TAMS 0x0000000081a00000, 0x0000000081900000| Complete 
|  26|0x0000000081a00000, 0x0000000081b00000, 0x0000000081b00000|100%| O|  |TAMS 0x0000000081b00000, 0x0000000081a00000| Untracked 
|  27|0x0000000081b00000, 0x0000000081c00000, 0x0000000081c00000|100%|HS|  |TAMS 0x0000000081c00000, 0x0000000081b00000| Complete 
|  28|0x0000000081c00000, 0x0000000081d00000, 0x0000000081d00000|100%|HC|  |TAMS 0x0000000081d00000, 0x0000000081c00000| Complete 
|  29|0x0000000081d00000, 0x0000000081e00000, 0x0000000081e00000|100%|HC|  |TAMS 0x0000000081e00000, 0x0000000081d00000| Complete 
|  30|0x0000000081e00000, 0x0000000081f00000, 0x0000000081f00000|100%|HC|  |TAMS 0x0000000081f00000, 0x0000000081e00000| Complete 
|  31|0x0000000081f00000, 0x0000000082000000, 0x0000000082000000|100%| O|  |TAMS 0x0000000082000000, 0x0000000081f00000| Untracked 
|  32|0x0000000082000000, 0x0000000082100000, 0x0000000082100000|100%| O|  |TAMS 0x0000000082100000, 0x0000000082000000| Untracked 
|  33|0x0000000082100000, 0x0000000082200000, 0x0000000082200000|100%| O|  |TAMS 0x0000000082200000, 0x0000000082100000| Untracked 
|  34|0x0000000082200000, 0x0000000082300000, 0x0000000082300000|100%| O|  |TAMS 0x0000000082300000, 0x0000000082200000| Untracked 
|  35|0x0000000082300000, 0x0000000082400000, 0x0000000082400000|100%| O|  |TAMS 0x0000000082400000, 0x0000000082300000| Untracked 
|  36|0x0000000082400000, 0x0000000082500000, 0x0000000082500000|100%| O|  |TAMS 0x0000000082500000, 0x0000000082400000| Untracked 
|  37|0x0000000082500000, 0x0000000082600000, 0x0000000082600000|100%| O|  |TAMS 0x0000000082600000, 0x0000000082500000| Untracked 
|  38|0x0000000082600000, 0x0000000082700000, 0x0000000082700000|100%| O|  |TAMS 0x0000000082700000, 0x0000000082600000| Untracked 
|  39|0x0000000082700000, 0x0000000082800000, 0x0000000082800000|100%| O|  |TAMS 0x0000000082800000, 0x0000000082700000| Untracked 
|  40|0x0000000082800000, 0x0000000082900000, 0x0000000082900000|100%| O|  |TAMS 0x0000000082900000, 0x0000000082800000| Untracked 
|  41|0x0000000082900000, 0x0000000082a00000, 0x0000000082a00000|100%| O|  |TAMS 0x0000000082a00000, 0x0000000082900000| Untracked 
|  42|0x0000000082a00000, 0x0000000082b00000, 0x0000000082b00000|100%| O|  |TAMS 0x0000000082b00000, 0x0000000082a00000| Untracked 
|  43|0x0000000082b00000, 0x0000000082c00000, 0x0000000082c00000|100%| O|  |TAMS 0x0000000082c00000, 0x0000000082b00000| Untracked 
|  44|0x0000000082c00000, 0x0000000082d00000, 0x0000000082d00000|100%| O|  |TAMS 0x0000000082d00000, 0x0000000082c00000| Untracked 
|  45|0x0000000082d00000, 0x0000000082e00000, 0x0000000082e00000|100%| O|  |TAMS 0x0000000082e00000, 0x0000000082d00000| Untracked 
|  46|0x0000000082e00000, 0x0000000082f00000, 0x0000000082f00000|100%| O|  |TAMS 0x0000000082f00000, 0x0000000082e00000| Untracked 
|  47|0x0000000082f00000, 0x0000000083000000, 0x0000000083000000|100%|HS|  |TAMS 0x0000000083000000, 0x0000000082f00000| Complete 
|  48|0x0000000083000000, 0x0000000083100000, 0x0000000083100000|100%|HC|  |TAMS 0x0000000083100000, 0x0000000083000000| Complete 
|  49|0x0000000083100000, 0x0000000083200000, 0x0000000083200000|100%|HC|  |TAMS 0x0000000083200000, 0x0000000083100000| Complete 
|  50|0x0000000083200000, 0x0000000083300000, 0x0000000083300000|100%| O|  |TAMS 0x0000000083300000, 0x0000000083200000| Untracked 
|  51|0x0000000083300000, 0x0000000083400000, 0x0000000083400000|100%| O|  |TAMS 0x0000000083400000, 0x0000000083300000| Untracked 
|  52|0x0000000083400000, 0x0000000083500000, 0x0000000083500000|100%|HS|  |TAMS 0x0000000083500000, 0x0000000083400000| Complete 
|  53|0x0000000083500000, 0x0000000083600000, 0x0000000083600000|100%|HC|  |TAMS 0x0000000083600000, 0x0000000083500000| Complete 
|  54|0x0000000083600000, 0x0000000083700000, 0x0000000083700000|100%| O|  |TAMS 0x0000000083700000, 0x0000000083600000| Untracked 
|  55|0x0000000083700000, 0x0000000083800000, 0x0000000083800000|100%| O|  |TAMS 0x0000000083800000, 0x0000000083700000| Untracked 
|  56|0x0000000083800000, 0x0000000083900000, 0x0000000083900000|100%| O|  |TAMS 0x0000000083900000, 0x0000000083800000| Untracked 
|  57|0x0000000083900000, 0x0000000083a00000, 0x0000000083a00000|100%| O|  |TAMS 0x0000000083a00000, 0x0000000083900000| Untracked 
|  58|0x0000000083a00000, 0x0000000083b00000, 0x0000000083b00000|100%| O|  |TAMS 0x0000000083b00000, 0x0000000083a00000| Untracked 
|  59|0x0000000083b00000, 0x0000000083c00000, 0x0000000083c00000|100%| O|  |TAMS 0x0000000083c00000, 0x0000000083b00000| Untracked 
|  60|0x0000000083c00000, 0x0000000083d00000, 0x0000000083d00000|100%| O|  |TAMS 0x0000000083d00000, 0x0000000083c00000| Untracked 
|  61|0x0000000083d00000, 0x0000000083e00000, 0x0000000083e00000|100%| O|  |TAMS 0x0000000083e00000, 0x0000000083d00000| Untracked 
|  62|0x0000000083e00000, 0x0000000083f00000, 0x0000000083f00000|100%| O|  |TAMS 0x0000000083f00000, 0x0000000083e00000| Untracked 
|  63|0x0000000083f00000, 0x0000000084000000, 0x0000000084000000|100%| O|  |TAMS 0x0000000084000000, 0x0000000083f00000| Untracked 
|  64|0x0000000084000000, 0x0000000084100000, 0x0000000084100000|100%| O|  |TAMS 0x0000000084100000, 0x0000000084000000| Untracked 
|  65|0x0000000084100000, 0x0000000084200000, 0x0000000084200000|100%| O|  |TAMS 0x0000000084200000, 0x0000000084100000| Untracked 
|  66|0x0000000084200000, 0x0000000084300000, 0x0000000084300000|100%| O|  |TAMS 0x0000000084300000, 0x0000000084200000| Untracked 
|  67|0x0000000084300000, 0x0000000084400000, 0x0000000084400000|100%| O|  |TAMS 0x0000000084400000, 0x0000000084300000| Untracked 
|  68|0x0000000084400000, 0x0000000084500000, 0x0000000084500000|100%| O|  |TAMS 0x0000000084500000, 0x0000000084400000| Untracked 
|  69|0x0000000084500000, 0x0000000084600000, 0x0000000084600000|100%| O|  |TAMS 0x0000000084600000, 0x0000000084500000| Untracked 
|  70|0x0000000084600000, 0x0000000084700000, 0x0000000084700000|100%| O|  |TAMS 0x00000000846cbe00, 0x0000000084600000| Untracked 
|  71|0x0000000084700000, 0x0000000084800000, 0x0000000084800000|100%| O|  |TAMS 0x0000000084700000, 0x0000000084700000| Untracked 
|  72|0x0000000084800000, 0x0000000084900000, 0x0000000084900000|100%| O|  |TAMS 0x0000000084800000, 0x0000000084800000| Untracked 
|  73|0x0000000084900000, 0x0000000084a00000, 0x0000000084a00000|100%| O|  |TAMS 0x0000000084900000, 0x0000000084900000| Untracked 
|  74|0x0000000084a00000, 0x0000000084b00000, 0x0000000084b00000|100%| O|  |TAMS 0x0000000084a00000, 0x0000000084a00000| Untracked 
|  75|0x0000000084b00000, 0x0000000084c00000, 0x0000000084c00000|100%| O|  |TAMS 0x0000000084b00000, 0x0000000084b00000| Untracked 
|  76|0x0000000084c00000, 0x0000000084c79a00, 0x0000000084d00000| 47%| O|  |TAMS 0x0000000084c00000, 0x0000000084c00000| Untracked 
|  77|0x0000000084d00000, 0x0000000084d00000, 0x0000000084e00000|  0%| F|  |TAMS 0x0000000084d00000, 0x0000000084d00000| Untracked 
|  78|0x0000000084e00000, 0x0000000084e00000, 0x0000000084f00000|  0%| F|  |TAMS 0x0000000084e00000, 0x0000000084e00000| Untracked 
|  79|0x0000000084f00000, 0x0000000084f00000, 0x0000000085000000|  0%| F|  |TAMS 0x0000000084f00000, 0x0000000084f00000| Untracked 
|  80|0x0000000085000000, 0x0000000085000000, 0x0000000085100000|  0%| F|  |TAMS 0x0000000085000000, 0x0000000085000000| Untracked 
|  81|0x0000000085100000, 0x0000000085100000, 0x0000000085200000|  0%| F|  |TAMS 0x0000000085100000, 0x0000000085100000| Untracked 
|  82|0x0000000085200000, 0x0000000085200000, 0x0000000085300000|  0%| F|  |TAMS 0x0000000085200000, 0x0000000085200000| Untracked 
|  83|0x0000000085300000, 0x0000000085300000, 0x0000000085400000|  0%| F|  |TAMS 0x0000000085300000, 0x0000000085300000| Untracked 
|  84|0x0000000085400000, 0x0000000085400000, 0x0000000085500000|  0%| F|  |TAMS 0x0000000085400000, 0x0000000085400000| Untracked 
|  85|0x0000000085500000, 0x0000000085500000, 0x0000000085600000|  0%| F|  |TAMS 0x0000000085500000, 0x0000000085500000| Untracked 
|  86|0x0000000085600000, 0x0000000085600000, 0x0000000085700000|  0%| F|  |TAMS 0x0000000085600000, 0x0000000085600000| Untracked 
|  87|0x0000000085700000, 0x0000000085700000, 0x0000000085800000|  0%| F|  |TAMS 0x0000000085700000, 0x0000000085700000| Untracked 
|  88|0x0000000085800000, 0x0000000085800000, 0x0000000085900000|  0%| F|  |TAMS 0x0000000085800000, 0x0000000085800000| Untracked 
|  89|0x0000000085900000, 0x0000000085900000, 0x0000000085a00000|  0%| F|  |TAMS 0x0000000085900000, 0x0000000085900000| Untracked 
|  90|0x0000000085a00000, 0x0000000085a00000, 0x0000000085b00000|  0%| F|  |TAMS 0x0000000085a00000, 0x0000000085a00000| Untracked 
|  91|0x0000000085b00000, 0x0000000085b00000, 0x0000000085c00000|  0%| F|  |TAMS 0x0000000085b00000, 0x0000000085b00000| Untracked 
|  92|0x0000000085c00000, 0x0000000085c00000, 0x0000000085d00000|  0%| F|  |TAMS 0x0000000085c00000, 0x0000000085c00000| Untracked 
|  93|0x0000000085d00000, 0x0000000085d00000, 0x0000000085e00000|  0%| F|  |TAMS 0x0000000085d00000, 0x0000000085d00000| Untracked 
|  94|0x0000000085e00000, 0x0000000085e00000, 0x0000000085f00000|  0%| F|  |TAMS 0x0000000085e00000, 0x0000000085e00000| Untracked 
|  95|0x0000000085f00000, 0x0000000085f00000, 0x0000000086000000|  0%| F|  |TAMS 0x0000000085f00000, 0x0000000085f00000| Untracked 
|  96|0x0000000086000000, 0x0000000086000000, 0x0000000086100000|  0%| F|  |TAMS 0x0000000086000000, 0x0000000086000000| Untracked 
|  97|0x0000000086100000, 0x0000000086100000, 0x0000000086200000|  0%| F|  |TAMS 0x0000000086100000, 0x0000000086100000| Untracked 
|  98|0x0000000086200000, 0x0000000086200000, 0x0000000086300000|  0%| F|  |TAMS 0x0000000086200000, 0x0000000086200000| Untracked 
|  99|0x0000000086300000, 0x0000000086300000, 0x0000000086400000|  0%| F|  |TAMS 0x0000000086300000, 0x0000000086300000| Untracked 
| 100|0x0000000086400000, 0x0000000086400000, 0x0000000086500000|  0%| F|  |TAMS 0x0000000086400000, 0x0000000086400000| Untracked 
| 101|0x0000000086500000, 0x0000000086500000, 0x0000000086600000|  0%| F|  |TAMS 0x0000000086500000, 0x0000000086500000| Untracked 
| 102|0x0000000086600000, 0x00000000866ef270, 0x0000000086700000| 93%| S|CS|TAMS 0x0000000086600000, 0x0000000086600000| Complete 
| 103|0x0000000086700000, 0x0000000086800000, 0x0000000086800000|100%| S|CS|TAMS 0x0000000086700000, 0x0000000086700000| Complete 
| 104|0x0000000086800000, 0x0000000086900000, 0x0000000086900000|100%| S|CS|TAMS 0x0000000086800000, 0x0000000086800000| Complete 
| 105|0x0000000086900000, 0x0000000086a00000, 0x0000000086a00000|100%| S|CS|TAMS 0x0000000086900000, 0x0000000086900000| Complete 
| 106|0x0000000086a00000, 0x0000000086b00000, 0x0000000086b00000|100%| S|CS|TAMS 0x0000000086a00000, 0x0000000086a00000| Complete 
| 107|0x0000000086b00000, 0x0000000086c00000, 0x0000000086c00000|100%| S|CS|TAMS 0x0000000086b00000, 0x0000000086b00000| Complete 
| 108|0x0000000086c00000, 0x0000000086c00000, 0x0000000086d00000|  0%| F|  |TAMS 0x0000000086c00000, 0x0000000086c00000| Untracked 
| 109|0x0000000086d00000, 0x0000000086d00000, 0x0000000086e00000|  0%| F|  |TAMS 0x0000000086d00000, 0x0000000086d00000| Untracked 
| 110|0x0000000086e00000, 0x0000000086e00000, 0x0000000086f00000|  0%| F|  |TAMS 0x0000000086e00000, 0x0000000086e00000| Untracked 
| 111|0x0000000086f00000, 0x0000000086f00000, 0x0000000087000000|  0%| F|  |TAMS 0x0000000086f00000, 0x0000000086f00000| Untracked 
| 112|0x0000000087000000, 0x0000000087000000, 0x0000000087100000|  0%| F|  |TAMS 0x0000000087000000, 0x0000000087000000| Untracked 
| 113|0x0000000087100000, 0x0000000087100000, 0x0000000087200000|  0%| F|  |TAMS 0x0000000087100000, 0x0000000087100000| Untracked 
| 114|0x0000000087200000, 0x0000000087200000, 0x0000000087300000|  0%| F|  |TAMS 0x0000000087200000, 0x0000000087200000| Untracked 
| 115|0x0000000087300000, 0x0000000087300000, 0x0000000087400000|  0%| F|  |TAMS 0x0000000087300000, 0x0000000087300000| Untracked 
| 116|0x0000000087400000, 0x0000000087400000, 0x0000000087500000|  0%| F|  |TAMS 0x0000000087400000, 0x0000000087400000| Untracked 
| 117|0x0000000087500000, 0x0000000087500000, 0x0000000087600000|  0%| F|  |TAMS 0x0000000087500000, 0x0000000087500000| Untracked 
| 118|0x0000000087600000, 0x0000000087600000, 0x0000000087700000|  0%| F|  |TAMS 0x0000000087600000, 0x0000000087600000| Untracked 
| 119|0x0000000087700000, 0x0000000087700000, 0x0000000087800000|  0%| F|  |TAMS 0x0000000087700000, 0x0000000087700000| Untracked 
| 120|0x0000000087800000, 0x0000000087800000, 0x0000000087900000|  0%| F|  |TAMS 0x0000000087800000, 0x0000000087800000| Untracked 
| 121|0x0000000087900000, 0x0000000087900000, 0x0000000087a00000|  0%| F|  |TAMS 0x0000000087900000, 0x0000000087900000| Untracked 
| 122|0x0000000087a00000, 0x0000000087a00000, 0x0000000087b00000|  0%| F|  |TAMS 0x0000000087a00000, 0x0000000087a00000| Untracked 
| 123|0x0000000087b00000, 0x0000000087b00000, 0x0000000087c00000|  0%| F|  |TAMS 0x0000000087b00000, 0x0000000087b00000| Untracked 
| 124|0x0000000087c00000, 0x0000000087c00000, 0x0000000087d00000|  0%| F|  |TAMS 0x0000000087c00000, 0x0000000087c00000| Untracked 
| 125|0x0000000087d00000, 0x0000000087d00000, 0x0000000087e00000|  0%| F|  |TAMS 0x0000000087d00000, 0x0000000087d00000| Untracked 
| 126|0x0000000087e00000, 0x0000000087e00000, 0x0000000087f00000|  0%| F|  |TAMS 0x0000000087e00000, 0x0000000087e00000| Untracked 
| 127|0x0000000087f00000, 0x0000000087ffe4d8, 0x0000000088000000| 99%| E|  |TAMS 0x0000000087f00000, 0x0000000087f00000| Complete 
| 128|0x0000000088000000, 0x0000000088100000, 0x0000000088100000|100%| E|CS|TAMS 0x0000000088000000, 0x0000000088000000| Complete 
| 129|0x0000000088100000, 0x0000000088200000, 0x0000000088200000|100%| E|CS|TAMS 0x0000000088100000, 0x0000000088100000| Complete 
| 130|0x0000000088200000, 0x0000000088300000, 0x0000000088300000|100%| E|CS|TAMS 0x0000000088200000, 0x0000000088200000| Complete 
| 131|0x0000000088300000, 0x0000000088400000, 0x0000000088400000|100%| E|CS|TAMS 0x0000000088300000, 0x0000000088300000| Complete 
| 132|0x0000000088400000, 0x0000000088500000, 0x0000000088500000|100%| E|CS|TAMS 0x0000000088400000, 0x0000000088400000| Complete 
| 133|0x0000000088500000, 0x0000000088600000, 0x0000000088600000|100%| E|CS|TAMS 0x0000000088500000, 0x0000000088500000| Complete 
| 134|0x0000000088600000, 0x0000000088700000, 0x0000000088700000|100%| E|CS|TAMS 0x0000000088600000, 0x0000000088600000| Complete 
| 135|0x0000000088700000, 0x0000000088800000, 0x0000000088800000|100%| E|CS|TAMS 0x0000000088700000, 0x0000000088700000| Complete 
| 136|0x0000000088800000, 0x0000000088900000, 0x0000000088900000|100%| E|CS|TAMS 0x0000000088800000, 0x0000000088800000| Complete 
| 137|0x0000000088900000, 0x0000000088a00000, 0x0000000088a00000|100%| E|CS|TAMS 0x0000000088900000, 0x0000000088900000| Complete 
| 138|0x0000000088a00000, 0x0000000088b00000, 0x0000000088b00000|100%| E|CS|TAMS 0x0000000088a00000, 0x0000000088a00000| Complete 
| 139|0x0000000088b00000, 0x0000000088c00000, 0x0000000088c00000|100%| E|CS|TAMS 0x0000000088b00000, 0x0000000088b00000| Complete 
| 140|0x0000000088c00000, 0x0000000088d00000, 0x0000000088d00000|100%| E|CS|TAMS 0x0000000088c00000, 0x0000000088c00000| Complete 
| 141|0x0000000088d00000, 0x0000000088e00000, 0x0000000088e00000|100%| E|CS|TAMS 0x0000000088d00000, 0x0000000088d00000| Complete 
| 142|0x0000000088e00000, 0x0000000088f00000, 0x0000000088f00000|100%| E|CS|TAMS 0x0000000088e00000, 0x0000000088e00000| Complete 
| 143|0x0000000088f00000, 0x0000000089000000, 0x0000000089000000|100%| E|CS|TAMS 0x0000000088f00000, 0x0000000088f00000| Complete 
| 144|0x0000000089000000, 0x0000000089100000, 0x0000000089100000|100%| E|CS|TAMS 0x0000000089000000, 0x0000000089000000| Complete 
| 145|0x0000000089100000, 0x0000000089200000, 0x0000000089200000|100%| E|CS|TAMS 0x0000000089100000, 0x0000000089100000| Complete 
| 146|0x0000000089200000, 0x0000000089300000, 0x0000000089300000|100%| E|CS|TAMS 0x0000000089200000, 0x0000000089200000| Complete 
| 147|0x0000000089300000, 0x0000000089400000, 0x0000000089400000|100%| E|CS|TAMS 0x0000000089300000, 0x0000000089300000| Complete 
| 148|0x0000000089400000, 0x0000000089500000, 0x0000000089500000|100%| E|CS|TAMS 0x0000000089400000, 0x0000000089400000| Complete 
| 149|0x0000000089500000, 0x0000000089600000, 0x0000000089600000|100%| E|CS|TAMS 0x0000000089500000, 0x0000000089500000| Complete 

Card table byte_map: [0x0000028b64640000,0x0000028b64a40000] _byte_map_base: 0x0000028b64240000

Marking Bits (Prev, Next): (CMBitMap*) 0x0000028b4cd838a8, (CMBitMap*) 0x0000028b4cd838e8
 Prev Bits: [0x0000028b64e40000, 0x0000028b66e40000)
 Next Bits: [0x0000028b66e40000, 0x0000028b68e40000)

Polling page: 0x0000028b4ab30000

Metaspace:

Usage:
  Non-class:     65.11 MB capacity,    63.71 MB ( 98%) used,     1.22 MB (  2%) free+waste,   181.25 KB ( <1%) overhead. 
      Class:     10.44 MB capacity,     9.78 MB ( 94%) used,   591.41 KB (  6%) free+waste,    85.81 KB ( <1%) overhead. 
       Both:     75.55 MB capacity,    73.49 MB ( 97%) used,     1.80 MB (  2%) free+waste,   267.06 KB ( <1%) overhead. 

Virtual space:
  Non-class space:       66.00 MB reserved,      65.25 MB ( 99%) committed 
      Class space:        1.00 GB reserved,      10.50 MB (  1%) committed 
             Both:        1.06 GB reserved,      75.75 MB (  7%) committed 

Chunk freelists:
   Non-Class:  17.00 KB
       Class:  0 bytes
        Both:  17.00 KB

MaxMetaspaceSize: 17179869184.00 GB
CompressedClassSpaceSize: 1.00 GB

CodeHeap 'non-profiled nmethods': size=120064Kb used=4865Kb max_used=4865Kb free=115198Kb
 bounds [0x0000028b5cd00000, 0x0000028b5d1d0000, 0x0000028b64240000]
CodeHeap 'profiled nmethods': size=120000Kb used=18302Kb max_used=18302Kb free=101697Kb
 bounds [0x0000028b557d0000, 0x0000028b569c0000, 0x0000028b5cd00000]
CodeHeap 'non-nmethods': size=5696Kb used=2419Kb max_used=2449Kb free=3276Kb
 bounds [0x0000028b55240000, 0x0000028b554b0000, 0x0000028b557d0000]
 total_blobs=12462 nmethods=7832 adapters=820
 compilation: enabled
              stopped_count=0, restarted_count=0
 full_count=0

Compilation events (20 events):
Event: 229.295 Thread 0x0000028b6afc9000 8948       3       com.sun.org.apache.xerces.internal.impl.XMLDocumentFragmentScannerImpl::scanComment (31 bytes)
Event: 229.296 Thread 0x0000028b6afc9000 nmethod 8948 0x0000028b569aec90 code [0x0000028b569aee40, 0x0000028b569af130]
Event: 229.296 Thread 0x0000028b6afc9000 8949       3       com.sun.org.apache.xerces.internal.impl.dtd.XMLDTDValidator::comment (108 bytes)
Event: 229.297 Thread 0x0000028b6afc9000 nmethod 8949 0x0000028b569af210 code [0x0000028b569af440, 0x0000028b569aff90]
Event: 229.299 Thread 0x0000028b6afc9000 8951       3       org.gradle.api.internal.artifacts.ivyservice.ivyresolve.parser.PomReader$PomDependencyMgtElement::getScope (19 bytes)
Event: 229.301 Thread 0x0000028b6afc9000 nmethod 8951 0x0000028b569b0290 code [0x0000028b569b04e0, 0x0000028b569b0cf0]
Event: 229.302 Thread 0x0000028b6afc9000 8953       3       org.apache.ivy.core.settings.IvyVariableContainerImpl::getVariable (54 bytes)
Event: 229.303 Thread 0x0000028b6afc9000 nmethod 8953 0x0000028b569b1010 code [0x0000028b569b1220, 0x0000028b569b1820]
Event: 229.303 Thread 0x0000028b6afc9000 8954  s    3       java.util.Vector::indexOf (67 bytes)
Event: 229.304 Thread 0x0000028b6afc9000 nmethod 8954 0x0000028b569b1a90 code [0x0000028b569b1c80, 0x0000028b569b23b0]
Event: 229.304 Thread 0x0000028b6afc9000 8955       3       java.util.regex.Matcher::appendReplacement (75 bytes)
Event: 229.305 Thread 0x0000028b6afc9000 nmethod 8955 0x0000028b569b2590 code [0x0000028b569b27a0, 0x0000028b569b30d0]
Event: 229.305 Thread 0x0000028b6afc9000 8956  s    3       java.lang.StringBuffer::append (13 bytes)
Event: 229.305 Thread 0x0000028b6afc9000 nmethod 8956 0x0000028b569b3390 code [0x0000028b569b3540, 0x0000028b569b38d0]
Event: 229.351 Thread 0x0000028b6afc9000 8958   !   3       org.gradle.internal.operations.DefaultBuildOperationQueue$WorkerRunnable::getNextOperation (51 bytes)
Event: 229.352 Thread 0x0000028b6afc9000 nmethod 8958 0x0000028b569b3990 code [0x0000028b569b3c00, 0x0000028b569b4710]
Event: 229.352 Thread 0x0000028b6afc9000 8959       3       java.util.LinkedList::pollFirst (19 bytes)
Event: 229.352 Thread 0x0000028b6afc9000 nmethod 8959 0x0000028b569b4b90 code [0x0000028b569b4d40, 0x0000028b569b4f50]
Event: 229.356 Thread 0x0000028b6afc5800 nmethod 8947 0x0000028b5d1bea10 code [0x0000028b5d1bec00, 0x0000028b5d1bfd48]
Event: 229.356 Thread 0x0000028b6afc5800 8952   !   4       java.util.regex.Pattern::closure (353 bytes)

GC Heap History (20 events):
Event: 141.979 GC heap before
{Heap before GC invocations=38 (full 0):
 garbage-first heap   total 128000K, used 84638K [0x0000000080000000, 0x0000000100000000)
  region size 1024K, 26 young (26624K), 2 survivors (2048K)
 Metaspace       used 47169K, capacity 48623K, committed 48768K, reserved 1091584K
  class space    used 6258K, capacity 6678K, committed 6784K, reserved 1048576K
}
Event: 142.001 GC heap after
{Heap after GC invocations=39 (full 0):
 garbage-first heap   total 128000K, used 63435K [0x0000000080000000, 0x0000000100000000)
  region size 1024K, 4 young (4096K), 4 survivors (4096K)
 Metaspace       used 47169K, capacity 48623K, committed 48768K, reserved 1091584K
  class space    used 6258K, capacity 6678K, committed 6784K, reserved 1048576K
}
Event: 143.507 GC heap before
{Heap before GC invocations=40 (full 0):
 garbage-first heap   total 128000K, used 80843K [0x0000000080000000, 0x0000000100000000)
  region size 1024K, 22 young (22528K), 4 survivors (4096K)
 Metaspace       used 48934K, capacity 50353K, committed 50432K, reserved 1093632K
  class space    used 6493K, capacity 6907K, committed 6912K, reserved 1048576K
}
Event: 143.523 GC heap after
{Heap after GC invocations=41 (full 0):
 garbage-first heap   total 128000K, used 64852K [0x0000000080000000, 0x0000000100000000)
  region size 1024K, 2 young (2048K), 2 survivors (2048K)
 Metaspace       used 48934K, capacity 50353K, committed 50432K, reserved 1093632K
  class space    used 6493K, capacity 6907K, committed 6912K, reserved 1048576K
}
Event: 146.412 GC heap before
{Heap before GC invocations=42 (full 0):
 garbage-first heap   total 128000K, used 92500K [0x0000000080000000, 0x0000000100000000)
  region size 1024K, 28 young (28672K), 2 survivors (2048K)
 Metaspace       used 52567K, capacity 54133K, committed 54272K, reserved 1095680K
  class space    used 6886K, capacity 7379K, committed 7424K, reserved 1048576K
}
Event: 146.424 GC heap after
{Heap after GC invocations=43 (full 0):
 garbage-first heap   total 128000K, used 66292K [0x0000000080000000, 0x0000000100000000)
  region size 1024K, 3 young (3072K), 3 survivors (3072K)
 Metaspace       used 52567K, capacity 54133K, committed 54272K, reserved 1095680K
  class space    used 6886K, capacity 7379K, committed 7424K, reserved 1048576K
}
Event: 148.067 GC heap before
{Heap before GC invocations=43 (full 0):
 garbage-first heap   total 128000K, used 93940K [0x0000000080000000, 0x0000000100000000)
  region size 1024K, 30 young (30720K), 3 survivors (3072K)
 Metaspace       used 54592K, capacity 56173K, committed 56448K, reserved 1097728K
  class space    used 7183K, capacity 7701K, committed 7808K, reserved 1048576K
}
Event: 148.090 GC heap after
{Heap after GC invocations=44 (full 0):
 garbage-first heap   total 153600K, used 68608K [0x0000000080000000, 0x0000000100000000)
  region size 1024K, 4 young (4096K), 4 survivors (4096K)
 Metaspace       used 54592K, capacity 56173K, committed 56448K, reserved 1097728K
  class space    used 7183K, capacity 7701K, committed 7808K, reserved 1048576K
}
Event: 154.376 GC heap before
{Heap before GC invocations=45 (full 0):
 garbage-first heap   total 153600K, used 106496K [0x0000000080000000, 0x0000000100000000)
  region size 1024K, 41 young (41984K), 4 survivors (4096K)
 Metaspace       used 57320K, capacity 59068K, committed 59264K, reserved 1099776K
  class space    used 7646K, capacity 8238K, committed 8320K, reserved 1048576K
}
Event: 154.410 GC heap after
{Heap after GC invocations=46 (full 0):
 garbage-first heap   total 153600K, used 72573K [0x0000000080000000, 0x0000000100000000)
  region size 1024K, 6 young (6144K), 6 survivors (6144K)
 Metaspace       used 57320K, capacity 59068K, committed 59264K, reserved 1099776K
  class space    used 7646K, capacity 8238K, committed 8320K, reserved 1048576K
}
Event: 164.034 GC heap before
{Heap before GC invocations=46 (full 0):
 garbage-first heap   total 153600K, used 110461K [0x0000000080000000, 0x0000000100000000)
  region size 1024K, 43 young (44032K), 6 survivors (6144K)
 Metaspace       used 59374K, capacity 61106K, committed 61312K, reserved 1101824K
  class space    used 7929K, capacity 8510K, committed 8576K, reserved 1048576K
}
Event: 164.064 GC heap after
{Heap after GC invocations=47 (full 0):
 garbage-first heap   total 153600K, used 74543K [0x0000000080000000, 0x0000000100000000)
  region size 1024K, 2 young (2048K), 2 survivors (2048K)
 Metaspace       used 59374K, capacity 61106K, committed 61312K, reserved 1101824K
  class space    used 7929K, capacity 8510K, committed 8576K, reserved 1048576K
}
Event: 171.943 GC heap before
{Heap before GC invocations=47 (full 0):
 garbage-first heap   total 153600K, used 113455K [0x0000000080000000, 0x0000000100000000)
  region size 1024K, 40 young (40960K), 2 survivors (2048K)
 Metaspace       used 61881K, capacity 63722K, committed 64000K, reserved 1103872K
  class space    used 8259K, capacity 8859K, committed 8960K, reserved 1048576K
}
Event: 171.958 GC heap after
{Heap after GC invocations=48 (full 0):
 garbage-first heap   total 153600K, used 75817K [0x0000000080000000, 0x0000000100000000)
  region size 1024K, 4 young (4096K), 4 survivors (4096K)
 Metaspace       used 61881K, capacity 63722K, committed 64000K, reserved 1103872K
  class space    used 8259K, capacity 8859K, committed 8960K, reserved 1048576K
}
Event: 176.383 GC heap before
{Heap before GC invocations=49 (full 0):
 garbage-first heap   total 153600K, used 114729K [0x0000000080000000, 0x0000000100000000)
  region size 1024K, 42 young (43008K), 4 survivors (4096K)
 Metaspace       used 64113K, capacity 66054K, committed 66176K, reserved 1105920K
  class space    used 8618K, capacity 9276K, committed 9344K, reserved 1048576K
}
Event: 176.411 GC heap after
{Heap after GC invocations=50 (full 0):
 garbage-first heap   total 153600K, used 78472K [0x0000000080000000, 0x0000000100000000)
  region size 1024K, 6 young (6144K), 6 survivors (6144K)
 Metaspace       used 64113K, capacity 66054K, committed 66176K, reserved 1105920K
  class space    used 8618K, capacity 9276K, committed 9344K, reserved 1048576K
}
Event: 182.869 GC heap before
{Heap before GC invocations=50 (full 0):
 garbage-first heap   total 153600K, used 118408K [0x0000000080000000, 0x0000000100000000)
  region size 1024K, 45 young (46080K), 6 survivors (6144K)
 Metaspace       used 68441K, capacity 70479K, committed 70656K, reserved 1110016K
  class space    used 9232K, capacity 9864K, committed 9984K, reserved 1048576K
}
Event: 182.910 GC heap after
{Heap after GC invocations=51 (full 0):
 garbage-first heap   total 153600K, used 80569K [0x0000000080000000, 0x0000000100000000)
  region size 1024K, 5 young (5120K), 5 survivors (5120K)
 Metaspace       used 68441K, capacity 70479K, committed 70656K, reserved 1110016K
  class space    used 9232K, capacity 9864K, committed 9984K, reserved 1048576K
}
Event: 207.908 GC heap before
{Heap before GC invocations=52 (full 0):
 garbage-first heap   total 153600K, used 120505K [0x0000000080000000, 0x0000000100000000)
  region size 1024K, 44 young (45056K), 5 survivors (5120K)
 Metaspace       used 74782K, capacity 76893K, committed 77056K, reserved 1116160K
  class space    used 10007K, capacity 10687K, committed 10752K, reserved 1048576K
}
Event: 207.958 GC heap after
{Heap after GC invocations=53 (full 0):
 garbage-first heap   total 153600K, used 84387K [0x0000000080000000, 0x0000000100000000)
  region size 1024K, 6 young (6144K), 6 survivors (6144K)
 Metaspace       used 74782K, capacity 76893K, committed 77056K, reserved 1116160K
  class space    used 10007K, capacity 10687K, committed 10752K, reserved 1048576K
}

Deoptimization events (20 events):
Event: 218.835 Thread 0x0000028b6cb8c800 Uncommon trap: trap_request=0xffffffde fr.pc=0x0000028b5cf01658 relative=0x0000000000001598
Event: 218.835 Thread 0x0000028b6cb8c800 Uncommon trap: reason=class_check action=maybe_recompile pc=0x0000028b5cf01658 method=java.util.concurrent.ConcurrentHashMap.putVal(Ljava/lang/Object;Ljava/lang/Object;Z)Ljava/lang/Object; @ 242 c2
Event: 218.835 Thread 0x0000028b6cb8c800 DEOPT PACKING pc=0x0000028b5cf01658 sp=0x000000ed4c1f7250
Event: 218.835 Thread 0x0000028b6cb8c800 DEOPT UNPACKING pc=0x0000028b5528942f sp=0x000000ed4c1f71d0 mode 2
Event: 218.981 Thread 0x0000028b6dfb8000 Uncommon trap: trap_request=0xffffff45 fr.pc=0x0000028b5d0e7de0 relative=0x00000000000005e0
Event: 218.981 Thread 0x0000028b6dfb8000 Uncommon trap: reason=unstable_if action=reinterpret pc=0x0000028b5d0e7de0 method=java.util.concurrent.locks.AbstractQueuedSynchronizer.acquireQueued(Ljava/util/concurrent/locks/AbstractQueuedSynchronizer$Node;I)Z @ 14 c2
Event: 218.982 Thread 0x0000028b6dfb8000 DEOPT PACKING pc=0x0000028b5d0e7de0 sp=0x000000ed4bafc240
Event: 218.982 Thread 0x0000028b6dfb8000 DEOPT UNPACKING pc=0x0000028b5528942f sp=0x000000ed4bafc200 mode 2
Event: 219.033 Thread 0x0000028b6dfb8000 Uncommon trap: trap_request=0xffffffde fr.pc=0x0000028b5cf01658 relative=0x0000000000001598
Event: 219.034 Thread 0x0000028b6dfb8000 Uncommon trap: reason=class_check action=maybe_recompile pc=0x0000028b5cf01658 method=java.util.concurrent.ConcurrentHashMap.putVal(Ljava/lang/Object;Ljava/lang/Object;Z)Ljava/lang/Object; @ 242 c2
Event: 219.034 Thread 0x0000028b6dfb8000 DEOPT PACKING pc=0x0000028b5cf01658 sp=0x000000ed4bafc880
Event: 219.034 Thread 0x0000028b6dfb8000 DEOPT UNPACKING pc=0x0000028b5528942f sp=0x000000ed4bafc800 mode 2
Event: 219.919 Thread 0x0000028b6cb8c800 Uncommon trap: trap_request=0xffffff45 fr.pc=0x0000028b5ce09114 relative=0x0000000000000174
Event: 219.919 Thread 0x0000028b6cb8c800 Uncommon trap: reason=unstable_if action=reinterpret pc=0x0000028b5ce09114 method=java.util.concurrent.locks.ReentrantLock$Sync.nonfairTryAcquire(I)Z @ 19 c2
Event: 219.919 Thread 0x0000028b6cb8c800 DEOPT PACKING pc=0x0000028b5ce09114 sp=0x000000ed4c1f7b20
Event: 219.919 Thread 0x0000028b6cb8c800 DEOPT UNPACKING pc=0x0000028b5528942f sp=0x000000ed4c1f7a50 mode 2
Event: 227.159 Thread 0x0000028b6dfb8000 DEOPT PACKING pc=0x0000028b563f4c07 sp=0x000000ed4bafc580
Event: 227.159 Thread 0x0000028b6dfb8000 DEOPT UNPACKING pc=0x0000028b5528994e sp=0x000000ed4bafbaa8 mode 0
Event: 229.292 Thread 0x0000028b6dfb8000 DEOPT PACKING pc=0x0000028b563f4c07 sp=0x000000ed4bafc2c0
Event: 229.292 Thread 0x0000028b6dfb8000 DEOPT UNPACKING pc=0x0000028b5528994e sp=0x000000ed4bafb7e8 mode 0

Classes unloaded (0 events):
No events

Classes redefined (0 events):
No events

Internal exceptions (20 events):
Event: 172.406 Thread 0x0000028b6cb8c800 Exception <a 'java/lang/ClassNotFoundException'{0x0000000089427e28}: com/android/build/gradle/tasks/factory/AndroidUnitTest_DecoratedBeanInfo> (0x0000000089427e28) 
thrown [t:/workspace/open/src/hotspot/share/classfile/systemDictionary.cpp, line 232]
Event: 172.406 Thread 0x0000028b6cb8c800 Exception <a 'java/lang/ClassNotFoundException'{0x0000000089439c58}: com/android/build/gradle/tasks/factory/AndroidUnitTestBeanInfo> (0x0000000089439c58) 
thrown [t:/workspace/open/src/hotspot/share/classfile/systemDictionary.cpp, line 232]
Event: 172.407 Thread 0x0000028b6cb8c800 Exception <a 'java/lang/ClassNotFoundException'{0x00000000894503a8}: org/gradle/api/tasks/testing/TestBeanInfo> (0x00000000894503a8) 
thrown [t:/workspace/open/src/hotspot/share/classfile/systemDictionary.cpp, line 232]
Event: 172.408 Thread 0x0000028b6cb8c800 Exception <a 'java/lang/ClassNotFoundException'{0x0000000089469918}: org/gradle/api/tasks/testing/AbstractTestTaskBeanInfo> (0x0000000089469918) 
thrown [t:/workspace/open/src/hotspot/share/classfile/systemDictionary.cpp, line 232]
Event: 172.411 Thread 0x0000028b6cb8c800 Exception <a 'java/lang/ClassNotFoundException'{0x00000000894831d8}: org/gradle/api/tasks/testing/AbstractTestTaskCustomizer> (0x00000000894831d8) 
thrown [t:/workspace/open/src/hotspot/share/classfile/systemDictionary.cpp, line 232]
Event: 172.425 Thread 0x0000028b6cb8c800 Exception <a 'java/lang/ClassNotFoundException'{0x00000000894b8a80}: org/gradle/api/tasks/testing/TestCustomizer> (0x00000000894b8a80) 
thrown [t:/workspace/open/src/hotspot/share/classfile/systemDictionary.cpp, line 232]
Event: 172.436 Thread 0x0000028b6cb8c800 Exception <a 'java/lang/ClassNotFoundException'{0x000000008935b568}: com/android/build/gradle/tasks/factory/AndroidUnitTestCustomizer> (0x000000008935b568) 
thrown [t:/workspace/open/src/hotspot/share/classfile/systemDictionary.cpp, line 232]
Event: 172.438 Thread 0x0000028b6cb8c800 Exception <a 'java/lang/ClassNotFoundException'{0x0000000089389a98}: com/android/build/gradle/tasks/factory/AndroidUnitTest_DecoratedCustomizer> (0x0000000089389a98) 
thrown [t:/workspace/open/src/hotspot/share/classfile/systemDictionary.cpp, line 232]
Event: 173.670 Thread 0x0000028b6cb8c800 Exception <a 'java/lang/ClassNotFoundException'{0x0000000088d91c68}: org/gradle/api/internal/tasks/DefaultSourceSetContainer_DecoratedBeanInfo> (0x0000000088d91c68) 
thrown [t:/workspace/open/src/hotspot/share/classfile/systemDictionary.cpp, line 232]
Event: 173.671 Thread 0x0000028b6cb8c800 Exception <a 'java/lang/ClassNotFoundException'{0x0000000088dab5a0}: org/gradle/api/internal/tasks/DefaultSourceSetContainerBeanInfo> (0x0000000088dab5a0) 
thrown [t:/workspace/open/src/hotspot/share/classfile/systemDictionary.cpp, line 232]
Event: 173.672 Thread 0x0000028b6cb8c800 Exception <a 'java/lang/ClassNotFoundException'{0x0000000088dc4f30}: org/gradle/api/internal/tasks/DefaultSourceSetContainerCustomizer> (0x0000000088dc4f30) 
thrown [t:/workspace/open/src/hotspot/share/classfile/systemDictionary.cpp, line 232]
Event: 173.674 Thread 0x0000028b6cb8c800 Exception <a 'java/lang/ClassNotFoundException'{0x0000000088deca90}: org/gradle/api/internal/tasks/DefaultSourceSetContainer_DecoratedCustomizer> (0x0000000088deca90) 
thrown [t:/workspace/open/src/hotspot/share/classfile/systemDictionary.cpp, line 232]
Event: 174.679 Thread 0x0000028b6cb8c800 Exception <a 'java/lang/NoSuchMethodError'{0x00000000880aa9a0}: 'java.lang.Object java.lang.invoke.DirectMethodHandle$Holder.invokeStatic(java.lang.Object, int, int, java.lang.Object)'> (0x00000000880aa9a0) 
thrown [t:/workspace/open/src/hotspot/share/interpreter/linkResolver.cpp, line 767]
Event: 179.315 Thread 0x0000028b6cb8c800 Exception <a 'java/lang/NullPointerException'{0x0000000088633578}> (0x0000000088633578) 
thrown [t:/workspace/open/src/hotspot/share/interpreter/linkResolver.cpp, line 1431]
Event: 179.808 Thread 0x0000028b6cb8c800 Implicit null exception at 0x0000028b5cdd6f21 to 0x0000028b5cdd750a
Event: 180.402 Thread 0x0000028b6cb8c800 Exception <a 'java/lang/NoSuchMethodError'{0x00000000879e1ea0}: 'int java.lang.invoke.DirectMethodHandle$Holder.invokeStatic(java.lang.Object, java.lang.Object, int, java.lang.Object)'> (0x00000000879e1ea0) 
thrown [t:/workspace/open/src/hotspot/share/interpreter/linkResolver.cpp, line 767]
Event: 183.902 Thread 0x0000028b6cb8c800 Exception <a 'sun/nio/fs/WindowsException'{0x00000000892a18a8}> (0x00000000892a18a8) 
thrown [t:/workspace/open/src/hotspot/share/prims/jni.cpp, line 598]
Event: 184.284 Thread 0x0000028b6cb8c800 Exception <a 'java/lang/IncompatibleClassChangeError'{0x00000000892c7e50}: Found class java.lang.Object, but interface was expected> (0x00000000892c7e50) 
thrown [t:/workspace/open/src/hotspot/share/interpreter/linkResolver.cpp, line 833]
Event: 198.650 Thread 0x0000028b6cb8c800 Implicit null exception at 0x0000028b5d041f84 to 0x0000028b5d0425aa
Event: 199.539 Thread 0x0000028b6cb8c800 Implicit null exception at 0x0000028b5d0e9de6 to 0x0000028b5d0e9f8e

Events (20 events):
Event: 220.000 Executing VM operation: RevokeBias
Event: 220.001 Executing VM operation: RevokeBias done
Event: 220.001 Executing VM operation: RevokeBias
Event: 220.001 Executing VM operation: RevokeBias done
Event: 220.002 Executing VM operation: RevokeBias
Event: 220.002 Executing VM operation: RevokeBias done
Event: 220.003 Executing VM operation: RevokeBias
Event: 220.003 Executing VM operation: RevokeBias done
Event: 220.517 Executing VM operation: RevokeBias
Event: 220.518 Executing VM operation: RevokeBias done
Event: 220.518 Executing VM operation: RevokeBias
Event: 220.519 Executing VM operation: RevokeBias done
Event: 220.529 Executing VM operation: RevokeBias
Event: 220.529 Executing VM operation: RevokeBias done
Event: 220.825 Executing VM operation: RevokeBias
Event: 220.825 Executing VM operation: RevokeBias done
Event: 222.903 Executing VM operation: RevokeBias
Event: 222.904 Executing VM operation: RevokeBias done
Event: 224.122 loading class com/android/build/gradle/internal/dependency/AndroidXDependencySubstitution$replaceOldSupportLibraries$1$1$1$3
Event: 224.122 loading class com/android/build/gradle/internal/dependency/AndroidXDependencySubstitution$replaceOldSupportLibraries$1$1$1$3 done


Dynamic libraries:
0x00007ff7209b0000 - 0x00007ff7209bf000 	C:\Program Files\Java\jdk-13.0.2\bin\java.exe
0x00007ff94f600000 - 0x00007ff94f7ed000 	C:\Windows\SYSTEM32\ntdll.dll
0x00007ff94ec80000 - 0x00007ff94ed33000 	C:\Windows\System32\KERNEL32.DLL
0x00007ff94b7c0000 - 0x00007ff94ba55000 	C:\Windows\System32\KERNELBASE.dll
0x00007ff94c410000 - 0x00007ff94c50a000 	C:\Windows\System32\ucrtbase.dll
0x00007ff949250000 - 0x00007ff949268000 	C:\Program Files\Java\jdk-13.0.2\bin\jli.dll
0x00007ff949230000 - 0x00007ff949245000 	C:\Program Files\Java\jdk-13.0.2\bin\VCRUNTIME140.dll
0x00007ff94cf00000 - 0x00007ff94cfa3000 	C:\Windows\System32\ADVAPI32.dll
0x00007ff94c8b0000 - 0x00007ff94c94e000 	C:\Windows\System32\msvcrt.dll
0x00007ff94ce40000 - 0x00007ff94cede000 	C:\Windows\System32\sechost.dll
0x00007ff94cd10000 - 0x00007ff94ce32000 	C:\Windows\System32\RPCRT4.dll
0x00007ff94cb70000 - 0x00007ff94cd07000 	C:\Windows\System32\USER32.dll
0x00007ff94c780000 - 0x00007ff94c7a0000 	C:\Windows\System32\win32u.dll
0x00007ff94d040000 - 0x00007ff94d069000 	C:\Windows\System32\GDI32.dll
0x00007ff94c5e0000 - 0x00007ff94c779000 	C:\Windows\System32\gdi32full.dll
0x00007ff94c540000 - 0x00007ff94c5e0000 	C:\Windows\System32\msvcp_win.dll
0x00007ff9387c0000 - 0x00007ff938a39000 	C:\Windows\WinSxS\amd64_microsoft.windows.common-controls_6595b64144ccf1df_6.0.17763.1217_none_de6e4304534e0ad3\COMCTL32.dll
0x00007ff94f170000 - 0x00007ff94f49c000 	C:\Windows\System32\combase.dll
0x00007ff94bc40000 - 0x00007ff94bcbe000 	C:\Windows\System32\bcryptPrimitives.dll
0x00007ff9472b0000 - 0x00007ff9472ba000 	C:\Windows\SYSTEM32\VERSION.dll
0x00007ff94d070000 - 0x00007ff94d09e000 	C:\Windows\System32\IMM32.DLL
0x00007ff942b00000 - 0x00007ff942b9b000 	C:\Program Files\Java\jdk-13.0.2\bin\msvcp140.dll
0x00007ff924970000 - 0x00007ff9254cd000 	C:\Program Files\Java\jdk-13.0.2\bin\server\jvm.dll
0x00007ff94cfb0000 - 0x00007ff94cfb8000 	C:\Windows\System32\PSAPI.DLL
0x00007ff9429f0000 - 0x00007ff9429f9000 	C:\Windows\SYSTEM32\WSOCK32.dll
0x00007ff949010000 - 0x00007ff949034000 	C:\Windows\SYSTEM32\WINMM.dll
0x00007ff94eb40000 - 0x00007ff94ebad000 	C:\Windows\System32\WS2_32.dll
0x00007ff948fe0000 - 0x00007ff94900d000 	C:\Windows\SYSTEM32\WINMMBASE.dll
0x00007ff94b770000 - 0x00007ff94b7ba000 	C:\Windows\System32\cfgmgr32.dll
0x00007ff94b5f0000 - 0x00007ff94b601000 	C:\Windows\System32\kernel.appcore.dll
0x00007ff949280000 - 0x00007ff949290000 	C:\Program Files\Java\jdk-13.0.2\bin\verify.dll
0x00007ff93fab0000 - 0x00007ff93fc9d000 	C:\Windows\SYSTEM32\DBGHELP.DLL
0x00007ff93fa80000 - 0x00007ff93faaa000 	C:\Windows\SYSTEM32\dbgcore.DLL
0x00007ff945620000 - 0x00007ff945646000 	C:\Program Files\Java\jdk-13.0.2\bin\java.dll
0x00007ff949210000 - 0x00007ff949227000 	C:\Program Files\Java\jdk-13.0.2\bin\zip.dll
0x00007ff9488c0000 - 0x00007ff9488ca000 	C:\Program Files\Java\jdk-13.0.2\bin\jimage.dll
0x00007ff94d1c0000 - 0x00007ff94e6b4000 	C:\Windows\System32\SHELL32.dll
0x00007ff94c950000 - 0x00007ff94c9f8000 	C:\Windows\System32\shcore.dll
0x00007ff94bcc0000 - 0x00007ff94c40e000 	C:\Windows\System32\windows.storage.dll
0x00007ff94b690000 - 0x00007ff94b6b4000 	C:\Windows\System32\profapi.dll
0x00007ff94b630000 - 0x00007ff94b68d000 	C:\Windows\System32\powrprof.dll
0x00007ff94f110000 - 0x00007ff94f162000 	C:\Windows\System32\shlwapi.dll
0x00007ff94c800000 - 0x00007ff94c817000 	C:\Windows\System32\cryptsp.dll
0x00007ff9448b0000 - 0x00007ff9448c9000 	C:\Program Files\Java\jdk-13.0.2\bin\net.dll
0x00007ff943240000 - 0x00007ff943332000 	C:\Windows\SYSTEM32\WINHTTP.dll
0x00007ff94ae10000 - 0x00007ff94ae77000 	C:\Windows\system32\mswsock.dll
0x00007ff944490000 - 0x00007ff9444a3000 	C:\Program Files\Java\jdk-13.0.2\bin\nio.dll
0x00007ff93d260000 - 0x00007ff93d287000 	C:\Users\ELCOT\.gradle\caches\gradle-6.5\native\f6784746aeab05261644944871eae4fe03e0ef1612fff0a4a95f87b438bc6780\windows-amd64\native-platform.dll
0x00007ff9488b0000 - 0x00007ff9488b9000 	C:\Program Files\Java\jdk-13.0.2\bin\management.dll
0x00007ff945610000 - 0x00007ff94561b000 	C:\Program Files\Java\jdk-13.0.2\bin\management_ext.dll
0x00007ff94a940000 - 0x00007ff94a973000 	C:\Windows\system32\rsaenh.dll
0x00007ff94c510000 - 0x00007ff94c536000 	C:\Windows\System32\bcrypt.dll
0x00007ff94b4f0000 - 0x00007ff94b518000 	C:\Windows\SYSTEM32\USERENV.dll
0x00007ff94aff0000 - 0x00007ff94affc000 	C:\Windows\SYSTEM32\CRYPTBASE.dll
0x00007ff94ab40000 - 0x00007ff94ab7d000 	C:\Windows\SYSTEM32\IPHLPAPI.DLL
0x00007ff94d0a0000 - 0x00007ff94d0a8000 	C:\Windows\System32\NSI.dll
0x00007ff943840000 - 0x00007ff943856000 	C:\Windows\SYSTEM32\dhcpcsvc6.DLL
0x00007ff9437f0000 - 0x00007ff94380c000 	C:\Windows\SYSTEM32\dhcpcsvc.DLL
0x00007ff94ab90000 - 0x00007ff94ac57000 	C:\Windows\SYSTEM32\DNSAPI.dll
0x00007ff943f10000 - 0x00007ff943f1b000 	C:\Windows\SYSTEM32\WINNSI.DLL
0x00007ff944030000 - 0x00007ff944055000 	C:\Program Files\Java\jdk-13.0.2\bin\sunec.dll
0x00007ff93eb50000 - 0x00007ff93eb5a000 	C:\Windows\System32\rasadhlp.dll
0x00007ff93f980000 - 0x00007ff93f9f9000 	C:\Windows\System32\fwpuclnt.dll
0x00007ff9448a0000 - 0x00007ff9448ae000 	C:\Program Files\Java\jdk-13.0.2\bin\sunmscapi.dll
0x00007ff94ba60000 - 0x00007ff94bc3c000 	C:\Windows\System32\CRYPT32.dll
0x00007ff94b610000 - 0x00007ff94b622000 	C:\Windows\System32\MSASN1.dll
0x00007ff94b090000 - 0x00007ff94b0b6000 	C:\Windows\SYSTEM32\ncrypt.dll
0x00007ff94b050000 - 0x00007ff94b08c000 	C:\Windows\SYSTEM32\NTASN1.dll

dbghelp: loaded successfully - version: 4.0.5 - missing functions: none
symbol engine: initialized successfully - sym options: 0x614 - pdb path: .;C:\Program Files\Java\jdk-13.0.2\bin;C:\Windows\SYSTEM32;C:\Windows\WinSxS\amd64_microsoft.windows.common-controls_6595b64144ccf1df_6.0.17763.1217_none_de6e4304534e0ad3;C:\Program Files\Java\jdk-13.0.2\bin\server;C:\Users\ELCOT\.gradle\caches\gradle-6.5\native\f6784746aeab05261644944871eae4fe03e0ef1612fff0a4a95f87b438bc6780\windows-amd64

VM Arguments:
jvm_args: --add-opens=java.base/java.util=ALL-UNNAMED --add-opens=java.base/java.lang=ALL-UNNAMED --add-opens=java.base/java.lang.invoke=ALL-UNNAMED --add-opens=java.prefs/java.util.prefs=ALL-UNNAMED -Xmx2048m -Dfile.encoding=windows-1252 -Duser.country=IN -Duser.language=en -Duser.variant 
java_command: org.gradle.launcher.daemon.bootstrap.GradleDaemon 6.5
java_class_path (initial): C:\Users\ELCOT\.gradle\caches\gradle-6.5\wrapper\dists\gradle-6.5-all\2oz4ud9k3tuxjg84bbf55q0tn\gradle-6.5\lib\gradle-launcher-6.5.jar
Launcher Type: SUN_STANDARD

[Global flags]
     intx CICompilerCount                          = 2                                         {product} {ergonomic}
     uint ConcGCThreads                            = 1                                         {product} {ergonomic}
     uint G1ConcRefinementThreads                  = 2                                         {product} {ergonomic}
   size_t G1HeapRegionSize                         = 1048576                                   {product} {ergonomic}
    uintx GCDrainStackTargetSize                   = 64                                        {product} {ergonomic}
   size_t InitialHeapSize                          = 65011712                                  {product} {ergonomic}
   size_t MarkStackSize                            = 4194304                                   {product} {ergonomic}
   size_t MaxHeapSize                              = 2147483648                                {product} {command line}
   size_t MaxNewSize                               = 1287651328                                {product} {ergonomic}
   size_t MinHeapDeltaBytes                        = 1048576                                   {product} {ergonomic}
   size_t MinHeapSize                              = 8388608                                   {product} {ergonomic}
    uintx NonNMethodCodeHeapSize                   = 5826188                                {pd product} {ergonomic}
    uintx NonProfiledCodeHeapSize                  = 122916026                              {pd product} {ergonomic}
    uintx ProfiledCodeHeapSize                     = 122916026                              {pd product} {ergonomic}
    uintx ReservedCodeCacheSize                    = 251658240                              {pd product} {ergonomic}
     bool SegmentedCodeCache                       = true                                      {product} {ergonomic}
   size_t SoftMaxHeapSize                          = 2147483648                             {manageable} {ergonomic}
     bool UseCompressedClassPointers               = true                                 {lp64_product} {ergonomic}
     bool UseCompressedOops                        = true                                 {lp64_product} {ergonomic}
     bool UseG1GC                                  = true                                      {product} {ergonomic}
     bool UseLargePagesIndividualAllocation        = false                                  {pd product} {ergonomic}

Logging:
Log output configuration:
 #0: stdout all=warning uptime,level,tags
 #1: stderr all=off uptime,level,tags

Environment Variables:
JAVA_HOME=C:\Program Files\Android\Android Studio\jre
PATH=C:\Program Files\AdoptOpenJDK\jdk-11.0.7.10-hotspot\bin;C:\Program Files (x86)\Common Files\Oracle\Java\javapath;C:\MinGW\bin;C:\Windows\system32;C:\Windows;C:\Windows\System32\Wbem;C:\Windows\System32\WindowsPowerShell\v1.0\;C:\Windows\System32\OpenSSH\;C:\Program Files\nodejs\;C:\Users\ELCOT\Downloads\python-3.8.2;C:\Program Files\Dart\dart-sdk\bin;C:\drivers\chromedriver_win32.zip;C:\src\flutter\flutter_windows_v1.12.13+hotfix.9-stable\flutter\bin;C:\Program Files (x86)\Android\android-sdk\platforms\platform-tools;C:\Program Files (x86)\Android\android-sdk\platform-tools\api;C:\Downloads\installer_r16-windows.exe;C:\ProgramData\Microsoft\Windows\Start Menu\Programs\Android SDK Tools;D:\kishoreAndroid\Android\Android Studio\bin;D:\kishoreAndroid\Android\Android Studio;C:\ProgramData\Microsoft\Windows\Start Menu\Programs\Visual Studio Emulator for Android.lnk;C:\Downloads\vs_emulatorsetup.exe;C:\Program Files (x86)\Android\android-sdk\SDK Manager;D:\Kishore\platforms;C:\Users\ELCOT\AppData\Local\Programs\Python\Python38\Scripts\;C:\Users\;C:\Program Files\Android\Android Studio\jre;C:\Program Files\Java\jdk-13.0.2\bin;C:\Program Files\Java\jre1.8.0_251\bin;C:\Program Files (x86)\Android\platform-tools;C:\Downloads\python-3.8.2.exe;C:\Program Files\dotnet\;C:\Program Files\Microsoft SQL Server\130\Tools\Binn\;C:\Program Files\Microsoft SQL Server\Client SDK\ODBC\170\Tools\Binn\;D:\Git\cmd;C:\Users\ELCOT\AppData\Roaming\npm\node_modules\firebase\node_modules\protobufjs\bin;C:\Users\ELCOT\AppData\Local\Programs\Python\Python39\Scripts\;C:\Users\ELCOT\AppData\Local\Programs\Python\Python39\;C:\Users\ELCOT\AppData\Local\ValidatorBuddy;C:\Users\ELCOT\AppData\Local\Programs\Python\Python38;C:\src\flutter\bin;D:\Heroku\bin;D:\Microsoft VS Code\bin;C:\Users\ELCOT\AppData\Roaming\npm\node_modules\firebase\node_modules\protobufjs\bin;
USERNAME=ELCOT
OS=Windows_NT
PROCESSOR_IDENTIFIER=AMD64 Family 21 Model 112 Stepping 0, AuthenticAMD



---------------  S Y S T E M  ---------------

OS: Windows 10 , 64 bit Build 17763 (10.0.17763.1158)
HyperV virtualization detected

CPU:total 2 (initial active 2) (2 cores per cpu, 1 threads per core) family 21 model 112 stepping 0, cmov, cx8, fxsr, mmx, sse, sse2, sse3, ssse3, sse4.1, sse4.2, popcnt, avx, avx2, aes, clmul, mmxext, 3dnowpref, lzcnt, sse4a, tsc, tscinvbit, tscinv, bmi1, bmi2, fma

Memory: 4k page, system-wide physical 3935M (474M free)
TotalPageFile size 5322M (AvailPageFile size 2M)
current process WorkingSet (physical memory assigned to process): 281M, peak: 360M
current process commit charge ("private bytes"): 379M, peak: 398M

vm_info: Java HotSpot(TM) 64-Bit Server VM (13.0.2+8) for windows-amd64 JRE (13.0.2+8), built on Dec 11 2019 09:20:33 by "mach5one" with unknown MS VC++:1916

END.
