#
# There is insufficient memory for the Java Runtime Environment to continue.
# Native memory allocation (malloc) failed to allocate 2289520 bytes for Chunk::new
# Possible reasons:
#   The system is out of physical RAM or swap space
#   The process is running with CompressedOops enabled, and the Java Heap may be blocking the growth of the native heap
# Possible solutions:
#   Reduce memory load on the system
#   Increase physical memory or swap space
#   Check if swap backing store is full
#   Decrease Java heap size (-Xmx/-Xms)
#   Decrease number of Java threads
#   Decrease Java thread stack sizes (-Xss)
#   Set larger code cache with -XX:ReservedCodeCacheSize=
#   JVM is running with Unscaled Compressed Oops mode in which the Java heap is
#     placed in the first 4GB address space. The Java Heap base address is the
#     maximum limit for the native heap growth. Please use -XX:HeapBaseMinAddress
#     to set the Java Heap base and to place the Java Heap above 4GB virtual address.
# This output file may be truncated or incomplete.
#
#  Out of Memory Error (t:/workspace/open/src/hotspot/share/memory/arena.cpp:196), pid=5504, tid=6232
#
# JRE version: Java(TM) SE Runtime Environment (13.0.2+8) (build 13.0.2+8)
# Java VM: Java HotSpot(TM) 64-Bit Server VM (13.0.2+8, mixed mode, sharing, tiered, compressed oops, g1 gc, windows-amd64)
# No core dump will be written. Minidumps are not enabled by default on client versions of Windows
#

---------------  S U M M A R Y ------------

Command Line: --add-opens=java.base/java.util=ALL-UNNAMED --add-opens=java.base/java.lang=ALL-UNNAMED --add-opens=java.base/java.lang.invoke=ALL-UNNAMED --add-opens=java.prefs/java.util.prefs=ALL-UNNAMED -Xmx2048m -Dfile.encoding=windows-1252 -Duser.country=IN -Duser.language=en -Duser.variant org.gradle.launcher.daemon.bootstrap.GradleDaemon 6.1.1

Host: AMD PRO A4-4350B R4, 5 COMPUTE CORES 2C+3G     , 2 cores, 3G,  Windows 10 , 64 bit Build 17763 (10.0.17763.1158)
Time: Sat Sep 12 02:33:53 2020 Pacific Daylight Time elapsed time: 121 seconds (0d 0h 2m 1s)

---------------  T H R E A D  ---------------

Current thread (0x0000025b1e994800):  JavaThread "C2 CompilerThread0" daemon [_thread_in_native, id=6232, stack(0x000000bc4ec00000,0x000000bc4ed00000)]


Current CompileTask:
C2: 121836 9295       4       java.lang.Class::annotationData (44 bytes)

Stack: [0x000000bc4ec00000,0x000000bc4ed00000]
Native frames: (J=compiled Java code, j=interpreted, Vv=VM code, C=native code)
V  [jvm.dll+0x624f9a]
V  [jvm.dll+0x770cfa]
V  [jvm.dll+0x7724af]
V  [jvm.dll+0x772ab3]
V  [jvm.dll+0x24bf08]
V  [jvm.dll+0xc1e47]
V  [jvm.dll+0xc23cc]
V  [jvm.dll+0x35c0c5]
V  [jvm.dll+0x327803]
V  [jvm.dll+0x326bda]
V  [jvm.dll+0x205c27]
V  [jvm.dll+0x204e3f]
V  [jvm.dll+0x189c2c]
V  [jvm.dll+0x213e6d]
V  [jvm.dll+0x2120bb]
V  [jvm.dll+0x736bb6]
V  [jvm.dll+0x72fcaa]
V  [jvm.dll+0x623ea6]
C  [ucrtbase.dll+0x21ffa]
C  [KERNEL32.DLL+0x17974]
C  [ntdll.dll+0x6a271]


---------------  P R O C E S S  ---------------

Threads class SMR info:
_java_thread_list=0x0000025b1f8a86a0, length=31, elements={
0x0000025b7fa41000, 0x0000025b7fb0e000, 0x0000025b1e975000, 0x0000025b1e991000,
0x0000025b1e993000, 0x0000025b1e994800, 0x0000025b1e9e4800, 0x0000025b1f328800,
0x0000025b1f3dd800, 0x0000025b1f3e2000, 0x0000025b2091b000, 0x0000025b209b4800,
0x0000025b1f6d5800, 0x0000025b1fdb7800, 0x0000025b1f501800, 0x0000025b20c78800,
0x0000025b20c7a800, 0x0000025b20c78000, 0x0000025b20c77000, 0x0000025b20c7b000,
0x0000025b20c7c000, 0x0000025b20c76000, 0x0000025b20c7c800, 0x0000025b21999800,
0x0000025b21994800, 0x0000025b21998000, 0x0000025b21995800, 0x0000025b21998800,
0x0000025b21996800, 0x0000025b2199d000, 0x0000025b2199a800
}

Java Threads: ( => current thread )
  0x0000025b7fa41000 JavaThread "main" [_thread_blocked, id=5744, stack(0x000000bc4e100000,0x000000bc4e200000)]
  0x0000025b7fb0e000 JavaThread "Reference Handler" daemon [_thread_blocked, id=8304, stack(0x000000bc4e800000,0x000000bc4e900000)]
  0x0000025b1e975000 JavaThread "Finalizer" daemon [_thread_blocked, id=8504, stack(0x000000bc4e900000,0x000000bc4ea00000)]
  0x0000025b1e991000 JavaThread "Signal Dispatcher" daemon [_thread_blocked, id=2240, stack(0x000000bc4ea00000,0x000000bc4eb00000)]
  0x0000025b1e993000 JavaThread "Attach Listener" daemon [_thread_blocked, id=6020, stack(0x000000bc4eb00000,0x000000bc4ec00000)]
=>0x0000025b1e994800 JavaThread "C2 CompilerThread0" daemon [_thread_in_native, id=6232, stack(0x000000bc4ec00000,0x000000bc4ed00000)]
  0x0000025b1e9e4800 JavaThread "C1 CompilerThread0" daemon [_thread_blocked, id=772, stack(0x000000bc4ed00000,0x000000bc4ee00000)]
  0x0000025b1f328800 JavaThread "Sweeper thread" daemon [_thread_blocked, id=9272, stack(0x000000bc4ee00000,0x000000bc4ef00000)]
  0x0000025b1f3dd800 JavaThread "Common-Cleaner" daemon [_thread_blocked, id=6828, stack(0x000000bc4ef00000,0x000000bc4f000000)]
  0x0000025b1f3e2000 JavaThread "Service Thread" daemon [_thread_blocked, id=6684, stack(0x000000bc4f000000,0x000000bc4f100000)]
  0x0000025b2091b000 JavaThread "Daemon health stats" [_thread_blocked, id=11216, stack(0x000000bc4f300000,0x000000bc4f400000)]
  0x0000025b209b4800 JavaThread "Incoming local TCP Connector on port 58061" [_thread_in_native, id=5648, stack(0x000000bc4f400000,0x000000bc4f500000)]
  0x0000025b1f6d5800 JavaThread "Daemon periodic checks" [_thread_blocked, id=5184, stack(0x000000bc4f500000,0x000000bc4f600000)]
  0x0000025b1fdb7800 JavaThread "Daemon" [_thread_blocked, id=4420, stack(0x000000bc4f600000,0x000000bc4f700000)]
  0x0000025b1f501800 JavaThread "Daemon worker" [_thread_blocked, id=1692, stack(0x000000bc4f900000,0x000000bc4fa00000)]
  0x0000025b20c78800 JavaThread "Cache worker for journal cache (C:\Users\ELCOT\.gradle\caches\gradle-6.5\caches\journal-1)" [_thread_blocked, id=5176, stack(0x000000bc4fd00000,0x000000bc4fe00000)]
  0x0000025b20c7a800 JavaThread "File lock request listener" [_thread_in_native, id=4212, stack(0x000000bc4fe00000,0x000000bc4ff00000)]
  0x0000025b20c78000 JavaThread "Cache worker for file hash cache (C:\Users\ELCOT\.gradle\caches\gradle-6.5\caches\6.1.1\fileHashes)" [_thread_blocked, id=9868, stack(0x000000bc4ff00000,0x000000bc50000000)]
  0x0000025b20c77000 JavaThread "Cache worker for execution history cache (C:\Users\ELCOT\.gradle\caches\gradle-6.5\caches\6.1.1\executionHistory)" [_thread_blocked, id=7580, stack(0x000000bc50400000,0x000000bc50500000)]
  0x0000025b20c7b000 JavaThread "Handler for socket connection from /127.0.0.1:58061 to /127.0.0.1:58072" [_thread_in_native, id=7556, stack(0x000000bc4df00000,0x000000bc4e000000)]
  0x0000025b20c7c000 JavaThread "Cancel handler" [_thread_blocked, id=580, stack(0x000000bc4e000000,0x000000bc4e100000)]
  0x0000025b20c76000 JavaThread "Asynchronous log dispatcher for DefaultDaemonConnection: socket connection from /127.0.0.1:58061 to /127.0.0.1:58072" [_thread_blocked, id=8952, stack(0x000000bc4f700000,0x000000bc4f800000)]
  0x0000025b20c7c800 JavaThread "Stdin handler" [_thread_blocked, id=6708, stack(0x000000bc4f800000,0x000000bc4f900000)]
  0x0000025b21999800 JavaThread "Thread-22" [_thread_blocked, id=5748, stack(0x000000bc4fa00000,0x000000bc4fb00000)]
  0x0000025b21994800 JavaThread "Cache worker for checksums cache (D:\AndroidStudioProjects\DoChat\.gradle\checksums)" [_thread_blocked, id=8220, stack(0x000000bc4fb00000,0x000000bc4fc00000)]
  0x0000025b21998000 JavaThread "Cache worker for file hash cache (D:\AndroidStudioProjects\DoChat\.gradle\6.1.1\fileHashes)" [_thread_blocked, id=9844, stack(0x000000bc4fc00000,0x000000bc4fd00000)]
  0x0000025b21995800 JavaThread "Cache worker for cache directory md-supplier (C:\Users\ELCOT\.gradle\caches\gradle-6.5\caches\6.1.1\md-supplier)" [_thread_blocked, id=7536, stack(0x000000bc50000000,0x000000bc50100000)]
  0x0000025b21998800 JavaThread "Cache worker for cache directory md-rule (C:\Users\ELCOT\.gradle\caches\gradle-6.5\caches\6.1.1\md-rule)" [_thread_blocked, id=8528, stack(0x000000bc50100000,0x000000bc50200000)]
  0x0000025b21996800 JavaThread "Build operations" [_thread_blocked, id=720, stack(0x000000bc50200000,0x000000bc50300000)]
  0x0000025b2199d000 JavaThread "Build operations Thread 2" [_thread_blocked, id=9888, stack(0x000000bc50300000,0x000000bc50400000)]
  0x0000025b2199a800 JavaThread "Cache worker for Build Output Cleanup Cache (D:\AndroidStudioProjects\DoChat\.gradle\buildOutputCleanup)" [_thread_blocked, id=2708, stack(0x000000bc50500000,0x000000bc50600000)]

Other Threads:
  0x0000025b7fb0b800 VMThread "VM Thread" [stack: 0x000000bc4e700000,0x000000bc4e800000] [id=10404]
  0x0000025b1f3e8000 WatcherThread [stack: 0x000000bc4f100000,0x000000bc4f200000] [id=280]
  0x0000025b7fa82000 GCTaskThread "GC Thread#0" [stack: 0x000000bc4e200000,0x000000bc4e300000] [id=3444]
  0x0000025b1f520000 GCTaskThread "GC Thread#1" [stack: 0x000000bc4f200000,0x000000bc4f300000] [id=9368]
  0x0000025b7fa93800 ConcurrentGCThread "G1 Main Marker" [stack: 0x000000bc4e300000,0x000000bc4e400000] [id=3708]
  0x0000025b7fa95000 ConcurrentGCThread "G1 Conc#0" [stack: 0x000000bc4e400000,0x000000bc4e500000] [id=3964]
  0x0000025b7fae6800 ConcurrentGCThread "G1 Refine#0" [stack: 0x000000bc4e500000,0x000000bc4e600000] [id=11088]
  0x0000025b7fae9000 ConcurrentGCThread "G1 Young RemSet Sampling" [stack: 0x000000bc4e600000,0x000000bc4e700000] [id=968]

Threads with active compile tasks:
C2 CompilerThread0   121996 9295       4       java.lang.Class::annotationData (44 bytes)

VM state:not at safepoint (normal execution)

VM Mutex/Monitor currently owned by a thread: None

Heap address: 0x0000000080000000, size: 2048 MB, Compressed Oops mode: 32-bit
Narrow klass base: 0x0000000800000000, Narrow klass shift: 3
Compressed class space size: 1073741824 Address: 0x0000000800b40000

Heap:
 garbage-first heap   total 159744K, used 88488K [0x0000000080000000, 0x0000000100000000)
  region size 1024K, 6 young (6144K), 5 survivors (5120K)
 Metaspace       used 75463K, capacity 77604K, committed 77616K, reserved 1116160K
  class space    used 9921K, capacity 10617K, committed 10624K, reserved 1048576K
Heap Regions: E=young(eden), S=young(survivor), O=old, HS=humongous(starts), HC=humongous(continues), CS=collection set, F=free, A=archive, TAMS=top-at-mark-start (previous, next)
|   0|0x0000000080000000, 0x0000000080100000, 0x0000000080100000|100%|HS|  |TAMS 0x0000000080100000, 0x0000000080000000| Complete 
|   1|0x0000000080100000, 0x0000000080200000, 0x0000000080200000|100%|HC|  |TAMS 0x0000000080200000, 0x0000000080100000| Complete 
|   2|0x0000000080200000, 0x0000000080300000, 0x0000000080300000|100%|HC|  |TAMS 0x0000000080300000, 0x0000000080200000| Complete 
|   3|0x0000000080300000, 0x0000000080400000, 0x0000000080400000|100%| O|  |TAMS 0x0000000080400000, 0x0000000080300000| Untracked 
|   4|0x0000000080400000, 0x0000000080500000, 0x0000000080500000|100%| O|  |TAMS 0x0000000080500000, 0x0000000080400000| Untracked 
|   5|0x0000000080500000, 0x0000000080600000, 0x0000000080600000|100%| O|  |TAMS 0x0000000080600000, 0x0000000080500000| Untracked 
|   6|0x0000000080600000, 0x0000000080700000, 0x0000000080700000|100%| O|  |TAMS 0x0000000080700000, 0x0000000080600000| Untracked 
|   7|0x0000000080700000, 0x0000000080800000, 0x0000000080800000|100%| O|  |TAMS 0x0000000080800000, 0x0000000080700000| Untracked 
|   8|0x0000000080800000, 0x0000000080900000, 0x0000000080900000|100%| O|  |TAMS 0x0000000080900000, 0x0000000080800000| Untracked 
|   9|0x0000000080900000, 0x0000000080a00000, 0x0000000080a00000|100%| O|  |TAMS 0x0000000080a00000, 0x0000000080900000| Untracked 
|  10|0x0000000080a00000, 0x0000000080b00000, 0x0000000080b00000|100%| O|  |TAMS 0x0000000080b00000, 0x0000000080a00000| Untracked 
|  11|0x0000000080b00000, 0x0000000080c00000, 0x0000000080c00000|100%| O|  |TAMS 0x0000000080c00000, 0x0000000080b00000| Untracked 
|  12|0x0000000080c00000, 0x0000000080d00000, 0x0000000080d00000|100%| O|  |TAMS 0x0000000080d00000, 0x0000000080c00000| Untracked 
|  13|0x0000000080d00000, 0x0000000080e00000, 0x0000000080e00000|100%| O|  |TAMS 0x0000000080e00000, 0x0000000080d00000| Untracked 
|  14|0x0000000080e00000, 0x0000000080f00000, 0x0000000080f00000|100%| O|  |TAMS 0x0000000080f00000, 0x0000000080e00000| Untracked 
|  15|0x0000000080f00000, 0x0000000081000000, 0x0000000081000000|100%| O|  |TAMS 0x0000000081000000, 0x0000000080f00000| Untracked 
|  16|0x0000000081000000, 0x0000000081100000, 0x0000000081100000|100%| O|  |TAMS 0x0000000081100000, 0x0000000081000000| Untracked 
|  17|0x0000000081100000, 0x0000000081200000, 0x0000000081200000|100%|HS|  |TAMS 0x0000000081200000, 0x0000000081100000| Complete 
|  18|0x0000000081200000, 0x0000000081300000, 0x0000000081300000|100%|HC|  |TAMS 0x0000000081300000, 0x0000000081200000| Complete 
|  19|0x0000000081300000, 0x0000000081400000, 0x0000000081400000|100%|HS|  |TAMS 0x0000000081400000, 0x0000000081300000| Complete 
|  20|0x0000000081400000, 0x0000000081500000, 0x0000000081500000|100%|HC|  |TAMS 0x0000000081500000, 0x0000000081400000| Complete 
|  21|0x0000000081500000, 0x0000000081600000, 0x0000000081600000|100%|HC|  |TAMS 0x0000000081600000, 0x0000000081500000| Complete 
|  22|0x0000000081600000, 0x0000000081700000, 0x0000000081700000|100%|HS|  |TAMS 0x0000000081700000, 0x0000000081600000| Complete 
|  23|0x0000000081700000, 0x0000000081800000, 0x0000000081800000|100%|HC|  |TAMS 0x0000000081800000, 0x0000000081700000| Complete 
|  24|0x0000000081800000, 0x0000000081900000, 0x0000000081900000|100%|HC|  |TAMS 0x0000000081900000, 0x0000000081800000| Complete 
|  25|0x0000000081900000, 0x0000000081a00000, 0x0000000081a00000|100%|HC|  |TAMS 0x0000000081a00000, 0x0000000081900000| Complete 
|  26|0x0000000081a00000, 0x0000000081b00000, 0x0000000081b00000|100%| O|  |TAMS 0x0000000081b00000, 0x0000000081a00000| Untracked 
|  27|0x0000000081b00000, 0x0000000081c00000, 0x0000000081c00000|100%| O|  |TAMS 0x0000000081c00000, 0x0000000081b00000| Untracked 
|  28|0x0000000081c00000, 0x0000000081d00000, 0x0000000081d00000|100%| O|  |TAMS 0x0000000081d00000, 0x0000000081c00000| Untracked 
|  29|0x0000000081d00000, 0x0000000081e00000, 0x0000000081e00000|100%| O|  |TAMS 0x0000000081e00000, 0x0000000081d00000| Untracked 
|  30|0x0000000081e00000, 0x0000000081f00000, 0x0000000081f00000|100%| O|  |TAMS 0x0000000081f00000, 0x0000000081e00000| Untracked 
|  31|0x0000000081f00000, 0x0000000082000000, 0x0000000082000000|100%| O|  |TAMS 0x0000000082000000, 0x0000000081f00000| Untracked 
|  32|0x0000000082000000, 0x0000000082100000, 0x0000000082100000|100%| O|  |TAMS 0x0000000082100000, 0x0000000082000000| Untracked 
|  33|0x0000000082100000, 0x0000000082200000, 0x0000000082200000|100%| O|  |TAMS 0x0000000082200000, 0x0000000082100000| Untracked 
|  34|0x0000000082200000, 0x0000000082300000, 0x0000000082300000|100%| O|  |TAMS 0x0000000082300000, 0x0000000082200000| Untracked 
|  35|0x0000000082300000, 0x0000000082400000, 0x0000000082400000|100%| O|  |TAMS 0x0000000082400000, 0x0000000082300000| Untracked 
|  36|0x0000000082400000, 0x0000000082500000, 0x0000000082500000|100%|HS|  |TAMS 0x0000000082500000, 0x0000000082400000| Complete 
|  37|0x0000000082500000, 0x0000000082600000, 0x0000000082600000|100%|HC|  |TAMS 0x0000000082600000, 0x0000000082500000| Complete 
|  38|0x0000000082600000, 0x0000000082700000, 0x0000000082700000|100%|HC|  |TAMS 0x0000000082700000, 0x0000000082600000| Complete 
|  39|0x0000000082700000, 0x0000000082800000, 0x0000000082800000|100%| O|  |TAMS 0x0000000082800000, 0x0000000082700000| Untracked 
|  40|0x0000000082800000, 0x0000000082900000, 0x0000000082900000|100%| O|  |TAMS 0x0000000082900000, 0x0000000082800000| Untracked 
|  41|0x0000000082900000, 0x0000000082a00000, 0x0000000082a00000|100%| O|  |TAMS 0x0000000082a00000, 0x0000000082900000| Untracked 
|  42|0x0000000082a00000, 0x0000000082b00000, 0x0000000082b00000|100%|HS|  |TAMS 0x0000000082b00000, 0x0000000082a00000| Complete 
|  43|0x0000000082b00000, 0x0000000082c00000, 0x0000000082c00000|100%|HC|  |TAMS 0x0000000082c00000, 0x0000000082b00000| Complete 
|  44|0x0000000082c00000, 0x0000000082d00000, 0x0000000082d00000|100%| O|  |TAMS 0x0000000082d00000, 0x0000000082c00000| Untracked 
|  45|0x0000000082d00000, 0x0000000082e00000, 0x0000000082e00000|100%| O|  |TAMS 0x0000000082e00000, 0x0000000082d00000| Untracked 
|  46|0x0000000082e00000, 0x0000000082f00000, 0x0000000082f00000|100%| O|  |TAMS 0x0000000082f00000, 0x0000000082e00000| Untracked 
|  47|0x0000000082f00000, 0x0000000083000000, 0x0000000083000000|100%| O|  |TAMS 0x0000000083000000, 0x0000000082f00000| Untracked 
|  48|0x0000000083000000, 0x0000000083100000, 0x0000000083100000|100%| O|  |TAMS 0x0000000083100000, 0x0000000083000000| Untracked 
|  49|0x0000000083100000, 0x0000000083200000, 0x0000000083200000|100%| O|  |TAMS 0x0000000083200000, 0x0000000083100000| Untracked 
|  50|0x0000000083200000, 0x0000000083300000, 0x0000000083300000|100%|HS|  |TAMS 0x0000000083300000, 0x0000000083200000| Complete 
|  51|0x0000000083300000, 0x0000000083400000, 0x0000000083400000|100%|HC|  |TAMS 0x0000000083400000, 0x0000000083300000| Complete 
|  52|0x0000000083400000, 0x0000000083500000, 0x0000000083500000|100%|HC|  |TAMS 0x0000000083500000, 0x0000000083400000| Complete 
|  53|0x0000000083500000, 0x0000000083600000, 0x0000000083600000|100%|HC|  |TAMS 0x0000000083600000, 0x0000000083500000| Complete 
|  54|0x0000000083600000, 0x0000000083700000, 0x0000000083700000|100%| O|  |TAMS 0x0000000083700000, 0x0000000083600000| Untracked 
|  55|0x0000000083700000, 0x0000000083800000, 0x0000000083800000|100%| O|  |TAMS 0x0000000083800000, 0x0000000083700000| Untracked 
|  56|0x0000000083800000, 0x0000000083900000, 0x0000000083900000|100%| O|  |TAMS 0x0000000083900000, 0x0000000083800000| Untracked 
|  57|0x0000000083900000, 0x0000000083a00000, 0x0000000083a00000|100%| O|  |TAMS 0x0000000083a00000, 0x0000000083900000| Untracked 
|  58|0x0000000083a00000, 0x0000000083b00000, 0x0000000083b00000|100%| O|  |TAMS 0x0000000083b00000, 0x0000000083a00000| Untracked 
|  59|0x0000000083b00000, 0x0000000083c00000, 0x0000000083c00000|100%| O|  |TAMS 0x0000000083c00000, 0x0000000083b00000| Untracked 
|  60|0x0000000083c00000, 0x0000000083d00000, 0x0000000083d00000|100%| O|  |TAMS 0x0000000083d00000, 0x0000000083c00000| Untracked 
|  61|0x0000000083d00000, 0x0000000083e00000, 0x0000000083e00000|100%| O|  |TAMS 0x0000000083e00000, 0x0000000083d00000| Untracked 
|  62|0x0000000083e00000, 0x0000000083f00000, 0x0000000083f00000|100%| O|  |TAMS 0x0000000083f00000, 0x0000000083e00000| Untracked 
|  63|0x0000000083f00000, 0x0000000084000000, 0x0000000084000000|100%| O|  |TAMS 0x0000000084000000, 0x0000000083f00000| Untracked 
|  64|0x0000000084000000, 0x0000000084100000, 0x0000000084100000|100%| O|  |TAMS 0x0000000084100000, 0x0000000084000000| Untracked 
|  65|0x0000000084100000, 0x0000000084200000, 0x0000000084200000|100%| O|  |TAMS 0x0000000084200000, 0x0000000084100000| Untracked 
|  66|0x0000000084200000, 0x0000000084300000, 0x0000000084300000|100%| O|  |TAMS 0x0000000084300000, 0x0000000084200000| Untracked 
|  67|0x0000000084300000, 0x0000000084400000, 0x0000000084400000|100%| O|  |TAMS 0x0000000084400000, 0x0000000084300000| Untracked 
|  68|0x0000000084400000, 0x0000000084500000, 0x0000000084500000|100%| O|  |TAMS 0x0000000084500000, 0x0000000084400000| Untracked 
|  69|0x0000000084500000, 0x0000000084600000, 0x0000000084600000|100%| O|  |TAMS 0x0000000084600000, 0x0000000084500000| Untracked 
|  70|0x0000000084600000, 0x0000000084700000, 0x0000000084700000|100%| O|  |TAMS 0x0000000084700000, 0x0000000084600000| Untracked 
|  71|0x0000000084700000, 0x0000000084800000, 0x0000000084800000|100%| O|  |TAMS 0x0000000084800000, 0x0000000084700000| Untracked 
|  72|0x0000000084800000, 0x0000000084900000, 0x0000000084900000|100%| O|  |TAMS 0x0000000084900000, 0x0000000084800000| Untracked 
|  73|0x0000000084900000, 0x0000000084a00000, 0x0000000084a00000|100%| O|  |TAMS 0x0000000084a00000, 0x0000000084900000| Untracked 
|  74|0x0000000084a00000, 0x0000000084b00000, 0x0000000084b00000|100%| O|  |TAMS 0x0000000084b00000, 0x0000000084a00000| Untracked 
|  75|0x0000000084b00000, 0x0000000084c00000, 0x0000000084c00000|100%| O|  |TAMS 0x0000000084ba7200, 0x0000000084b00000| Untracked 
|  76|0x0000000084c00000, 0x0000000084d00000, 0x0000000084d00000|100%| O|  |TAMS 0x0000000084c00000, 0x0000000084c00000| Untracked 
|  77|0x0000000084d00000, 0x0000000084e00000, 0x0000000084e00000|100%| O|  |TAMS 0x0000000084d00000, 0x0000000084d00000| Untracked 
|  78|0x0000000084e00000, 0x0000000084f00000, 0x0000000084f00000|100%| O|  |TAMS 0x0000000084e00000, 0x0000000084e00000| Untracked 
|  79|0x0000000084f00000, 0x0000000085000000, 0x0000000085000000|100%| O|  |TAMS 0x0000000084f00000, 0x0000000084f00000| Untracked 
|  80|0x0000000085000000, 0x0000000085100000, 0x0000000085100000|100%| O|  |TAMS 0x0000000085000000, 0x0000000085000000| Untracked 
|  81|0x0000000085100000, 0x0000000085172e00, 0x0000000085200000| 44%| O|  |TAMS 0x0000000085100000, 0x0000000085100000| Untracked 
|  82|0x0000000085200000, 0x0000000085200000, 0x0000000085300000|  0%| F|  |TAMS 0x0000000085200000, 0x0000000085200000| Untracked 
|  83|0x0000000085300000, 0x0000000085300000, 0x0000000085400000|  0%| F|  |TAMS 0x0000000085300000, 0x0000000085300000| Untracked 
|  84|0x0000000085400000, 0x0000000085400000, 0x0000000085500000|  0%| F|  |TAMS 0x0000000085400000, 0x0000000085400000| Untracked 
|  85|0x0000000085500000, 0x0000000085500000, 0x0000000085600000|  0%| F|  |TAMS 0x0000000085500000, 0x0000000085500000| Untracked 
|  86|0x0000000085600000, 0x0000000085600000, 0x0000000085700000|  0%| F|  |TAMS 0x0000000085600000, 0x0000000085600000| Untracked 
|  87|0x0000000085700000, 0x0000000085700000, 0x0000000085800000|  0%| F|  |TAMS 0x0000000085700000, 0x0000000085700000| Untracked 
|  88|0x0000000085800000, 0x0000000085800000, 0x0000000085900000|  0%| F|  |TAMS 0x0000000085800000, 0x0000000085800000| Untracked 
|  89|0x0000000085900000, 0x0000000085900000, 0x0000000085a00000|  0%| F|  |TAMS 0x0000000085900000, 0x0000000085900000| Untracked 
|  90|0x0000000085a00000, 0x0000000085a00000, 0x0000000085b00000|  0%| F|  |TAMS 0x0000000085a00000, 0x0000000085a00000| Untracked 
|  91|0x0000000085b00000, 0x0000000085b00000, 0x0000000085c00000|  0%| F|  |TAMS 0x0000000085b00000, 0x0000000085b00000| Untracked 
|  92|0x0000000085c00000, 0x0000000085c00000, 0x0000000085d00000|  0%| F|  |TAMS 0x0000000085c00000, 0x0000000085c00000| Untracked 
|  93|0x0000000085d00000, 0x0000000085d00000, 0x0000000085e00000|  0%| F|  |TAMS 0x0000000085d00000, 0x0000000085d00000| Untracked 
|  94|0x0000000085e00000, 0x0000000085e00000, 0x0000000085f00000|  0%| F|  |TAMS 0x0000000085e00000, 0x0000000085e00000| Untracked 
|  95|0x0000000085f00000, 0x0000000085f00000, 0x0000000086000000|  0%| F|  |TAMS 0x0000000085f00000, 0x0000000085f00000| Untracked 
|  96|0x0000000086000000, 0x0000000086000000, 0x0000000086100000|  0%| F|  |TAMS 0x0000000086000000, 0x0000000086000000| Untracked 
|  97|0x0000000086100000, 0x0000000086100000, 0x0000000086200000|  0%| F|  |TAMS 0x0000000086100000, 0x0000000086100000| Untracked 
|  98|0x0000000086200000, 0x0000000086200000, 0x0000000086300000|  0%| F|  |TAMS 0x0000000086200000, 0x0000000086200000| Untracked 
|  99|0x0000000086300000, 0x0000000086300000, 0x0000000086400000|  0%| F|  |TAMS 0x0000000086300000, 0x0000000086300000| Untracked 
| 100|0x0000000086400000, 0x0000000086400000, 0x0000000086500000|  0%| F|  |TAMS 0x0000000086400000, 0x0000000086400000| Untracked 
| 101|0x0000000086500000, 0x0000000086500000, 0x0000000086600000|  0%| F|  |TAMS 0x0000000086500000, 0x0000000086500000| Untracked 
| 102|0x0000000086600000, 0x0000000086600000, 0x0000000086700000|  0%| F|  |TAMS 0x0000000086600000, 0x0000000086600000| Untracked 
| 103|0x0000000086700000, 0x0000000086700000, 0x0000000086800000|  0%| F|  |TAMS 0x0000000086700000, 0x0000000086700000| Untracked 
| 104|0x0000000086800000, 0x0000000086800000, 0x0000000086900000|  0%| F|  |TAMS 0x0000000086800000, 0x0000000086800000| Untracked 
| 105|0x0000000086900000, 0x0000000086900000, 0x0000000086a00000|  0%| F|  |TAMS 0x0000000086900000, 0x0000000086900000| Untracked 
| 106|0x0000000086a00000, 0x0000000086a00000, 0x0000000086b00000|  0%| F|  |TAMS 0x0000000086a00000, 0x0000000086a00000| Untracked 
| 107|0x0000000086b00000, 0x0000000086b00000, 0x0000000086c00000|  0%| F|  |TAMS 0x0000000086b00000, 0x0000000086b00000| Untracked 
| 108|0x0000000086c00000, 0x0000000086c00000, 0x0000000086d00000|  0%| F|  |TAMS 0x0000000086c00000, 0x0000000086c00000| Untracked 
| 109|0x0000000086d00000, 0x0000000086d00000, 0x0000000086e00000|  0%| F|  |TAMS 0x0000000086d00000, 0x0000000086d00000| Untracked 
| 110|0x0000000086e00000, 0x0000000086e00000, 0x0000000086f00000|  0%| F|  |TAMS 0x0000000086e00000, 0x0000000086e00000| Untracked 
| 111|0x0000000086f00000, 0x0000000086f00000, 0x0000000087000000|  0%| F|  |TAMS 0x0000000086f00000, 0x0000000086f00000| Untracked 
| 112|0x0000000087000000, 0x00000000870f74c0, 0x0000000087100000| 96%| S|CS|TAMS 0x0000000087000000, 0x0000000087000000| Complete 
| 113|0x0000000087100000, 0x0000000087200000, 0x0000000087200000|100%| S|CS|TAMS 0x0000000087100000, 0x0000000087100000| Complete 
| 114|0x0000000087200000, 0x0000000087300000, 0x0000000087300000|100%| S|CS|TAMS 0x0000000087200000, 0x0000000087200000| Complete 
| 115|0x0000000087300000, 0x0000000087400000, 0x0000000087400000|100%| S|CS|TAMS 0x0000000087300000, 0x0000000087300000| Complete 
| 116|0x0000000087400000, 0x0000000087500000, 0x0000000087500000|100%| S|CS|TAMS 0x0000000087400000, 0x0000000087400000| Complete 
| 117|0x0000000087500000, 0x0000000087500000, 0x0000000087600000|  0%| F|  |TAMS 0x0000000087500000, 0x0000000087500000| Untracked 
| 118|0x0000000087600000, 0x0000000087600000, 0x0000000087700000|  0%| F|  |TAMS 0x0000000087600000, 0x0000000087600000| Untracked 
| 119|0x0000000087700000, 0x0000000087700000, 0x0000000087800000|  0%| F|  |TAMS 0x0000000087700000, 0x0000000087700000| Untracked 
| 120|0x0000000087800000, 0x0000000087800000, 0x0000000087900000|  0%| F|  |TAMS 0x0000000087800000, 0x0000000087800000| Untracked 
| 121|0x0000000087900000, 0x0000000087900000, 0x0000000087a00000|  0%| F|  |TAMS 0x0000000087900000, 0x0000000087900000| Untracked 
| 122|0x0000000087a00000, 0x0000000087a00000, 0x0000000087b00000|  0%| F|  |TAMS 0x0000000087a00000, 0x0000000087a00000| Untracked 
| 123|0x0000000087b00000, 0x0000000087b00000, 0x0000000087c00000|  0%| F|  |TAMS 0x0000000087b00000, 0x0000000087b00000| Untracked 
| 124|0x0000000087c00000, 0x0000000087c00000, 0x0000000087d00000|  0%| F|  |TAMS 0x0000000087c00000, 0x0000000087c00000| Untracked 
| 125|0x0000000087d00000, 0x0000000087d00000, 0x0000000087e00000|  0%| F|  |TAMS 0x0000000087d00000, 0x0000000087d00000| Untracked 
| 126|0x0000000087e00000, 0x0000000087e00000, 0x0000000087f00000|  0%| F|  |TAMS 0x0000000087e00000, 0x0000000087e00000| Untracked 
| 127|0x0000000087f00000, 0x0000000087f00000, 0x0000000088000000|  0%| F|  |TAMS 0x0000000087f00000, 0x0000000087f00000| Untracked 
| 128|0x0000000088000000, 0x0000000088000000, 0x0000000088100000|  0%| F|  |TAMS 0x0000000088000000, 0x0000000088000000| Untracked 
| 129|0x0000000088100000, 0x0000000088100000, 0x0000000088200000|  0%| F|  |TAMS 0x0000000088100000, 0x0000000088100000| Untracked 
| 130|0x0000000088200000, 0x0000000088200000, 0x0000000088300000|  0%| F|  |TAMS 0x0000000088200000, 0x0000000088200000| Untracked 
| 131|0x0000000088300000, 0x0000000088300000, 0x0000000088400000|  0%| F|  |TAMS 0x0000000088300000, 0x0000000088300000| Untracked 
| 132|0x0000000088400000, 0x0000000088400000, 0x0000000088500000|  0%| F|  |TAMS 0x0000000088400000, 0x0000000088400000| Untracked 
| 133|0x0000000088500000, 0x0000000088500000, 0x0000000088600000|  0%| F|  |TAMS 0x0000000088500000, 0x0000000088500000| Untracked 
| 134|0x0000000088600000, 0x0000000088600000, 0x0000000088700000|  0%| F|  |TAMS 0x0000000088600000, 0x0000000088600000| Untracked 
| 135|0x0000000088700000, 0x0000000088700000, 0x0000000088800000|  0%| F|  |TAMS 0x0000000088700000, 0x0000000088700000| Untracked 
| 136|0x0000000088800000, 0x0000000088800000, 0x0000000088900000|  0%| F|  |TAMS 0x0000000088800000, 0x0000000088800000| Untracked 
| 137|0x0000000088900000, 0x0000000088900000, 0x0000000088a00000|  0%| F|  |TAMS 0x0000000088900000, 0x0000000088900000| Untracked 
| 138|0x0000000088a00000, 0x0000000088a00000, 0x0000000088b00000|  0%| F|  |TAMS 0x0000000088a00000, 0x0000000088a00000| Untracked 
| 139|0x0000000088b00000, 0x0000000088b00000, 0x0000000088c00000|  0%| F|  |TAMS 0x0000000088b00000, 0x0000000088b00000| Untracked 
| 140|0x0000000088c00000, 0x0000000088c00000, 0x0000000088d00000|  0%| F|  |TAMS 0x0000000088c00000, 0x0000000088c00000| Untracked 
| 141|0x0000000088d00000, 0x0000000088d00000, 0x0000000088e00000|  0%| F|  |TAMS 0x0000000088d00000, 0x0000000088d00000| Untracked 
| 142|0x0000000088e00000, 0x0000000088e00000, 0x0000000088f00000|  0%| F|  |TAMS 0x0000000088e00000, 0x0000000088e00000| Untracked 
| 143|0x0000000088f00000, 0x0000000088f00000, 0x0000000089000000|  0%| F|  |TAMS 0x0000000088f00000, 0x0000000088f00000| Untracked 
| 144|0x0000000089000000, 0x0000000089000000, 0x0000000089100000|  0%| F|  |TAMS 0x0000000089000000, 0x0000000089000000| Untracked 
| 145|0x0000000089100000, 0x0000000089100000, 0x0000000089200000|  0%| F|  |TAMS 0x0000000089100000, 0x0000000089100000| Untracked 
| 146|0x0000000089200000, 0x0000000089200000, 0x0000000089300000|  0%| F|  |TAMS 0x0000000089200000, 0x0000000089200000| Untracked 
| 147|0x0000000089300000, 0x0000000089300000, 0x0000000089400000|  0%| F|  |TAMS 0x0000000089300000, 0x0000000089300000| Untracked 
| 148|0x0000000089400000, 0x0000000089400000, 0x0000000089500000|  0%| F|  |TAMS 0x0000000089400000, 0x0000000089400000| Untracked 
| 149|0x0000000089500000, 0x0000000089500000, 0x0000000089600000|  0%| F|  |TAMS 0x0000000089500000, 0x0000000089500000| Untracked 
| 150|0x0000000089600000, 0x0000000089600000, 0x0000000089700000|  0%| F|  |TAMS 0x0000000089600000, 0x0000000089600000| Untracked 
| 151|0x0000000089700000, 0x0000000089700000, 0x0000000089800000|  0%| F|  |TAMS 0x0000000089700000, 0x0000000089700000| Untracked 
| 152|0x0000000089800000, 0x0000000089800000, 0x0000000089900000|  0%| F|  |TAMS 0x0000000089800000, 0x0000000089800000| Untracked 
| 153|0x0000000089900000, 0x0000000089900000, 0x0000000089a00000|  0%| F|  |TAMS 0x0000000089900000, 0x0000000089900000| Untracked 
| 154|0x0000000089a00000, 0x0000000089a00000, 0x0000000089b00000|  0%| F|  |TAMS 0x0000000089a00000, 0x0000000089a00000| Untracked 
| 155|0x0000000089b00000, 0x0000000089b81260, 0x0000000089c00000| 50%| E|  |TAMS 0x0000000089b00000, 0x0000000089b00000| Complete 

Card table byte_map: [0x0000025b17da0000,0x0000025b181a0000] _byte_map_base: 0x0000025b179a0000

Marking Bits (Prev, Next): (CMBitMap*) 0x0000025b7fa82b08, (CMBitMap*) 0x0000025b7fa82b48
 Prev Bits: [0x0000025b185a0000, 0x0000025b1a5a0000)
 Next Bits: [0x0000025b1a5a0000, 0x0000025b1c5a0000)

Polling page: 0x0000025b00000000

Metaspace:

Usage:
  Non-class:     65.42 MB capacity,    64.01 MB ( 98%) used,     1.23 MB (  2%) free+waste,   181.81 KB ( <1%) overhead. 
      Class:     10.37 MB capacity,     9.69 MB ( 93%) used,   612.63 KB (  6%) free+waste,    82.94 KB ( <1%) overhead. 
       Both:     75.79 MB capacity,    73.70 MB ( 97%) used,     1.83 MB (  2%) free+waste,   264.75 KB ( <1%) overhead. 

Virtual space:
  Non-class space:       66.00 MB reserved,      65.42 MB (>99%) committed 
      Class space:        1.00 GB reserved,      10.38 MB (  1%) committed 
             Both:        1.06 GB reserved,      75.80 MB (  7%) committed 

Chunk freelists:
   Non-Class:  3.00 KB
       Class:  7.00 KB
        Both:  10.00 KB

MaxMetaspaceSize: 17179869184.00 GB
CompressedClassSpaceSize: 1.00 GB

CodeHeap 'non-profiled nmethods': size=120064Kb used=4614Kb max_used=4614Kb free=115450Kb
 bounds [0x0000025b0ff10000, 0x0000025b103a0000, 0x0000025b17450000]
CodeHeap 'profiled nmethods': size=120000Kb used=19969Kb max_used=19969Kb free=100030Kb
 bounds [0x0000025b089e0000, 0x0000025b09d70000, 0x0000025b0ff10000]
CodeHeap 'non-nmethods': size=5696Kb used=2394Kb max_used=2438Kb free=3301Kb
 bounds [0x0000025b08450000, 0x0000025b086d0000, 0x0000025b089e0000]
 total_blobs=12757 nmethods=8594 adapters=788
 compilation: enabled
              stopped_count=0, restarted_count=0
 full_count=0

Compilation events (20 events):
Event: 121.770 Thread 0x0000025b1e9e4800 9470       3       com.google.common.collect.ImmutableList$Builder::addAll (8 bytes)
Event: 121.770 Thread 0x0000025b1e9e4800 nmethod 9470 0x0000025b09d4d690 code [0x0000025b09d4d840, 0x0000025b09d4da10]
Event: 121.771 Thread 0x0000025b1e9e4800 9471   !   3       org.gradle.api.internal.artifacts.ivyservice.dependencysubstitution.DefaultDependencySubstitutionApplicator::apply (38 bytes)
Event: 121.772 Thread 0x0000025b1e9e4800 nmethod 9471 0x0000025b09d4db10 code [0x0000025b09d4dd40, 0x0000025b09d4e660]
Event: 121.772 Thread 0x0000025b1e9e4800 9472       3       com.android.build.gradle.internal.dependency.AndroidXDependencySubstitution$replaceOldSupportLibraries$2$1::execute (9 bytes)
Event: 121.773 Thread 0x0000025b1e9e4800 nmethod 9472 0x0000025b09d4e990 code [0x0000025b09d4eb80, 0x0000025b09d4f030]
Event: 121.773 Thread 0x0000025b1e9e4800 9473       3       com.android.build.gradle.internal.dependency.AndroidXDependencySubstitution::bypassDependencySubstitution (165 bytes)
Event: 121.775 Thread 0x0000025b1e9e4800 nmethod 9473 0x0000025b09d4f210 code [0x0000025b09d4f560, 0x0000025b09d50c10]
Event: 121.777 Thread 0x0000025b1e9e4800 9474       1       org.gradle.api.internal.artifacts.ivyservice.resolveengine.graph.builder.NodeState::getComponent (5 bytes)
Event: 121.778 Thread 0x0000025b1e9e4800 nmethod 9474 0x0000025b1038e710 code [0x0000025b1038e8a0, 0x0000025b1038e9d8]
Event: 121.778 Thread 0x0000025b1e9e4800 9475       3       org.gradle.api.internal.artifacts.ivyservice.resolveengine.graph.builder.ResolveState$$Lambda$170/0x0000000800f85040::apply (16 bytes)
Event: 121.778 Thread 0x0000025b1e9e4800 nmethod 9475 0x0000025b09d51190 code [0x0000025b09d51340, 0x0000025b09d51630]
Event: 121.779 Thread 0x0000025b1e9e4800 9476       3       org.gradle.api.internal.artifacts.ivyservice.resolveengine.graph.builder.ModuleResolveState::<init> (107 bytes)
Event: 121.782 Thread 0x0000025b1e9e4800 nmethod 9476 0x0000025b09d51710 code [0x0000025b09d51a20, 0x0000025b09d52fb0]
Event: 121.782 Thread 0x0000025b1e9e4800 9479       3       org.gradle.internal.resolve.result.DefaultBuildableModuleComponentMetaDataResolveResult::<init> (12 bytes)
Event: 121.783 Thread 0x0000025b1e9e4800 nmethod 9479 0x0000025b09d53610 code [0x0000025b09d53840, 0x0000025b09d53f90]
Event: 121.783 Thread 0x0000025b1e9e4800 9477       3       org.gradle.api.internal.artifacts.ivyservice.resolveengine.graph.builder.ModuleSelectors::<init> (12 bytes)
Event: 121.783 Thread 0x0000025b1e9e4800 nmethod 9477 0x0000025b09d54210 code [0x0000025b09d543e0, 0x0000025b09d548d8]
Event: 121.783 Thread 0x0000025b1e9e4800 9478       3       org.gradle.api.internal.artifacts.ivyservice.resolveengine.graph.builder.PendingDependencies::<init> (27 bytes)
Event: 121.784 Thread 0x0000025b1e9e4800 nmethod 9478 0x0000025b09d54a90 code [0x0000025b09d54cc0, 0x0000025b09d553b0]

GC Heap History (20 events):
Event: 96.730 GC heap before
{Heap before GC invocations=40 (full 0):
 garbage-first heap   total 116736K, used 88321K [0x0000000080000000, 0x0000000100000000)
  region size 1024K, 23 young (23552K), 3 survivors (3072K)
 Metaspace       used 58220K, capacity 60077K, committed 60336K, reserved 1101824K
  class space    used 7553K, capacity 8138K, committed 8192K, reserved 1048576K
}
Event: 96.753 GC heap after
{Heap after GC invocations=41 (full 0):
 garbage-first heap   total 116736K, used 69537K [0x0000000080000000, 0x0000000100000000)
  region size 1024K, 2 young (2048K), 2 survivors (2048K)
 Metaspace       used 58220K, capacity 60077K, committed 60336K, reserved 1101824K
  class space    used 7553K, capacity 8138K, committed 8192K, reserved 1048576K
}
Event: 98.137 GC heap before
{Heap before GC invocations=41 (full 0):
 garbage-first heap   total 116736K, used 91041K [0x0000000080000000, 0x0000000100000000)
  region size 1024K, 23 young (23552K), 2 survivors (2048K)
 Metaspace       used 59092K, capacity 60868K, committed 60976K, reserved 1101824K
  class space    used 7678K, capacity 8231K, committed 8320K, reserved 1048576K
}
Event: 98.155 GC heap after
{Heap after GC invocations=42 (full 0):
 garbage-first heap   total 116736K, used 71680K [0x0000000080000000, 0x0000000100000000)
  region size 1024K, 3 young (3072K), 3 survivors (3072K)
 Metaspace       used 59092K, capacity 60868K, committed 60976K, reserved 1101824K
  class space    used 7678K, capacity 8231K, committed 8320K, reserved 1048576K
}
Event: 100.266 GC heap before
{Heap before GC invocations=43 (full 0):
 garbage-first heap   total 121856K, used 93184K [0x0000000080000000, 0x0000000100000000)
  region size 1024K, 24 young (24576K), 3 survivors (3072K)
 Metaspace       used 60559K, capacity 62398K, committed 62512K, reserved 1103872K
  class space    used 7916K, capacity 8480K, committed 8576K, reserved 1048576K
}
Event: 100.294 GC heap after
{Heap after GC invocations=44 (full 0):
 garbage-first heap   total 121856K, used 73081K [0x0000000080000000, 0x0000000100000000)
  region size 1024K, 2 young (2048K), 2 survivors (2048K)
 Metaspace       used 60559K, capacity 62398K, committed 62512K, reserved 1103872K
  class space    used 7916K, capacity 8480K, committed 8576K, reserved 1048576K
}
Event: 103.474 GC heap before
{Heap before GC invocations=44 (full 0):
 garbage-first heap   total 121856K, used 95609K [0x0000000080000000, 0x0000000100000000)
  region size 1024K, 24 young (24576K), 2 survivors (2048K)
 Metaspace       used 62266K, capacity 64127K, committed 64176K, reserved 1105920K
  class space    used 8126K, capacity 8687K, committed 8704K, reserved 1048576K
}
Event: 103.488 GC heap after
{Heap after GC invocations=45 (full 0):
 garbage-first heap   total 121856K, used 74126K [0x0000000080000000, 0x0000000100000000)
  region size 1024K, 3 young (3072K), 3 survivors (3072K)
 Metaspace       used 62266K, capacity 64127K, committed 64176K, reserved 1105920K
  class space    used 8126K, capacity 8687K, committed 8704K, reserved 1048576K
}
Event: 105.009 GC heap before
{Heap before GC invocations=46 (full 0):
 garbage-first heap   total 130048K, used 96654K [0x0000000080000000, 0x0000000100000000)
  region size 1024K, 25 young (25600K), 3 survivors (3072K)
 Metaspace       used 63476K, capacity 65360K, committed 65456K, reserved 1105920K
  class space    used 8297K, capacity 8920K, committed 8960K, reserved 1048576K
}
Event: 105.028 GC heap after
{Heap after GC invocations=47 (full 0):
 garbage-first heap   total 130048K, used 75857K [0x0000000080000000, 0x0000000100000000)
  region size 1024K, 3 young (3072K), 3 survivors (3072K)
 Metaspace       used 63476K, capacity 65360K, committed 65456K, reserved 1105920K
  class space    used 8297K, capacity 8920K, committed 8960K, reserved 1048576K
}
Event: 106.071 GC heap before
{Heap before GC invocations=47 (full 0):
 garbage-first heap   total 130048K, used 102481K [0x0000000080000000, 0x0000000100000000)
  region size 1024K, 29 young (29696K), 3 survivors (3072K)
 Metaspace       used 64874K, capacity 66823K, committed 66992K, reserved 1107968K
  class space    used 8520K, capacity 9156K, committed 9216K, reserved 1048576K
}
Event: 106.091 GC heap after
{Heap after GC invocations=48 (full 0):
 garbage-first heap   total 130048K, used 77584K [0x0000000080000000, 0x0000000100000000)
  region size 1024K, 4 young (4096K), 4 survivors (4096K)
 Metaspace       used 64874K, capacity 66823K, committed 66992K, reserved 1107968K
  class space    used 8520K, capacity 9156K, committed 9216K, reserved 1048576K
}
Event: 107.792 GC heap before
{Heap before GC invocations=49 (full 0):
 garbage-first heap   total 133120K, used 103184K [0x0000000080000000, 0x0000000100000000)
  region size 1024K, 29 young (29696K), 4 survivors (4096K)
 Metaspace       used 66690K, capacity 68736K, committed 68784K, reserved 1107968K
  class space    used 8779K, capacity 9424K, committed 9472K, reserved 1048576K
}
Event: 107.817 GC heap after
{Heap after GC invocations=50 (full 0):
 garbage-first heap   total 133120K, used 79593K [0x0000000080000000, 0x0000000100000000)
  region size 1024K, 4 young (4096K), 4 survivors (4096K)
 Metaspace       used 66690K, capacity 68736K, committed 68784K, reserved 1107968K
  class space    used 8779K, capacity 9424K, committed 9472K, reserved 1048576K
}
Event: 109.829 GC heap before
{Heap before GC invocations=50 (full 0):
 garbage-first heap   total 133120K, used 107241K [0x0000000080000000, 0x0000000100000000)
  region size 1024K, 31 young (31744K), 4 survivors (4096K)
 Metaspace       used 69837K, capacity 71845K, committed 72112K, reserved 1112064K
  class space    used 9254K, capacity 9896K, committed 9984K, reserved 1048576K
}
Event: 109.854 GC heap after
{Heap after GC invocations=51 (full 0):
 garbage-first heap   total 159744K, used 80894K [0x0000000080000000, 0x0000000100000000)
  region size 1024K, 4 young (4096K), 4 survivors (4096K)
 Metaspace       used 69837K, capacity 71845K, committed 72112K, reserved 1112064K
  class space    used 9254K, capacity 9896K, committed 9984K, reserved 1048576K
}
Event: 114.980 GC heap before
{Heap before GC invocations=52 (full 0):
 garbage-first heap   total 159744K, used 118782K [0x0000000080000000, 0x0000000100000000)
  region size 1024K, 42 young (43008K), 4 survivors (4096K)
 Metaspace       used 71899K, capacity 74146K, committed 74416K, reserved 1114112K
  class space    used 9503K, capacity 10223K, committed 10240K, reserved 1048576K
}
Event: 115.010 GC heap after
{Heap after GC invocations=53 (full 0):
 garbage-first heap   total 159744K, used 83612K [0x0000000080000000, 0x0000000100000000)
  region size 1024K, 6 young (6144K), 6 survivors (6144K)
 Metaspace       used 71899K, capacity 74146K, committed 74416K, reserved 1114112K
  class space    used 9503K, capacity 10223K, committed 10240K, reserved 1048576K
}
Event: 118.458 GC heap before
{Heap before GC invocations=53 (full 0):
 garbage-first heap   total 159744K, used 122524K [0x0000000080000000, 0x0000000100000000)
  region size 1024K, 45 young (46080K), 6 survivors (6144K)
 Metaspace       used 72327K, capacity 74504K, committed 74672K, reserved 1114112K
  class space    used 9522K, capacity 10226K, committed 10240K, reserved 1048576K
}
Event: 118.494 GC heap after
{Heap after GC invocations=54 (full 0):
 garbage-first heap   total 159744K, used 85621K [0x0000000080000000, 0x0000000100000000)
  region size 1024K, 5 young (5120K), 5 survivors (5120K)
 Metaspace       used 72327K, capacity 74504K, committed 74672K, reserved 1114112K
  class space    used 9522K, capacity 10226K, committed 10240K, reserved 1048576K
}

Deoptimization events (20 events):
Event: 115.257 Thread 0x0000025b20c77000 DEOPT PACKING pc=0x0000025b1025c610 sp=0x000000bc504fe580
Event: 115.257 Thread 0x0000025b20c77000 DEOPT UNPACKING pc=0x0000025b0849942f sp=0x000000bc504fe528 mode 2
Event: 115.530 Thread 0x0000025b21996800 Uncommon trap: trap_request=0xffffff45 fr.pc=0x0000025b1011e614 relative=0x0000000000000174
Event: 115.530 Thread 0x0000025b21996800 Uncommon trap: reason=unstable_if action=reinterpret pc=0x0000025b1011e614 method=java.util.concurrent.locks.ReentrantLock$Sync.nonfairTryAcquire(I)Z @ 19 c2
Event: 115.530 Thread 0x0000025b21996800 DEOPT PACKING pc=0x0000025b1011e614 sp=0x000000bc502fca70
Event: 115.530 Thread 0x0000025b21996800 DEOPT UNPACKING pc=0x0000025b0849942f sp=0x000000bc502fc9a0 mode 2
Event: 115.540 Thread 0x0000025b2199d000 Uncommon trap: trap_request=0xffffff45 fr.pc=0x0000025b1011c594 relative=0x0000000000000174
Event: 115.540 Thread 0x0000025b2199d000 Uncommon trap: reason=unstable_if action=reinterpret pc=0x0000025b1011c594 method=java.util.concurrent.locks.ReentrantLock$Sync.nonfairTryAcquire(I)Z @ 19 c2
Event: 115.540 Thread 0x0000025b2199d000 DEOPT PACKING pc=0x0000025b1011c594 sp=0x000000bc503fcda0
Event: 115.541 Thread 0x0000025b2199d000 DEOPT UNPACKING pc=0x0000025b0849942f sp=0x000000bc503fcd48 mode 2
Event: 115.558 Thread 0x0000025b2199d000 Uncommon trap: trap_request=0xffffff45 fr.pc=0x0000025b1016bc74 relative=0x0000000000000134
Event: 115.558 Thread 0x0000025b2199d000 Uncommon trap: reason=unstable_if action=reinterpret pc=0x0000025b1016bc74 method=java.util.concurrent.ConcurrentHashMap.addCount(JI)V @ 110 c2
Event: 115.558 Thread 0x0000025b2199d000 DEOPT PACKING pc=0x0000025b1016bc74 sp=0x000000bc503fe510
Event: 115.558 Thread 0x0000025b2199d000 DEOPT UNPACKING pc=0x0000025b0849942f sp=0x000000bc503fe458 mode 2
Event: 117.642 Thread 0x0000025b1f501800 DEOPT PACKING pc=0x0000025b09b9efb1 sp=0x000000bc4f9f75e0
Event: 117.642 Thread 0x0000025b1f501800 DEOPT UNPACKING pc=0x0000025b0849994e sp=0x000000bc4f9f6aa8 mode 0
Event: 117.842 Thread 0x0000025b1f501800 Uncommon trap: trap_request=0xffffff76 fr.pc=0x0000025b10065f7c relative=0x00000000000003bc
Event: 117.842 Thread 0x0000025b1f501800 Uncommon trap: reason=predicate action=maybe_recompile pc=0x0000025b10065f7c method=java.util.AbstractCollection.toArray([Ljava/lang/Object;)[Ljava/lang/Object; @ 43 c2
Event: 117.842 Thread 0x0000025b1f501800 DEOPT PACKING pc=0x0000025b10065f7c sp=0x000000bc4f9f9d40
Event: 117.842 Thread 0x0000025b1f501800 DEOPT UNPACKING pc=0x0000025b0849942f sp=0x000000bc4f9f9ce8 mode 2

Classes unloaded (0 events):
No events

Classes redefined (0 events):
No events

Internal exceptions (20 events):
Event: 105.284 Thread 0x0000025b1f501800 Exception <a 'java/lang/ClassNotFoundException'{0x00000000878057b8}: org/gradle/api/tasks/testing/TestBeanInfo> (0x00000000878057b8) 
thrown [t:/workspace/open/src/hotspot/share/classfile/systemDictionary.cpp, line 232]
Event: 105.285 Thread 0x0000025b1f501800 Exception <a 'java/lang/ClassNotFoundException'{0x000000008781ddd0}: org/gradle/api/tasks/testing/AbstractTestTaskBeanInfo> (0x000000008781ddd0) 
thrown [t:/workspace/open/src/hotspot/share/classfile/systemDictionary.cpp, line 232]
Event: 105.287 Thread 0x0000025b1f501800 Exception <a 'java/lang/ClassNotFoundException'{0x00000000878364c8}: org/gradle/api/tasks/testing/AbstractTestTaskCustomizer> (0x00000000878364c8) 
thrown [t:/workspace/open/src/hotspot/share/classfile/systemDictionary.cpp, line 232]
Event: 105.290 Thread 0x0000025b1f501800 Exception <a 'java/lang/ClassNotFoundException'{0x000000008786adf8}: org/gradle/api/tasks/testing/TestCustomizer> (0x000000008786adf8) 
thrown [t:/workspace/open/src/hotspot/share/classfile/systemDictionary.cpp, line 232]
Event: 105.303 Thread 0x0000025b1f501800 Exception <a 'java/lang/ClassNotFoundException'{0x000000008770ad38}: com/android/build/gradle/tasks/factory/AndroidUnitTestCustomizer> (0x000000008770ad38) 
thrown [t:/workspace/open/src/hotspot/share/classfile/systemDictionary.cpp, line 232]
Event: 105.305 Thread 0x0000025b1f501800 Exception <a 'java/lang/ClassNotFoundException'{0x0000000087738600}: com/android/build/gradle/tasks/factory/AndroidUnitTest_DecoratedCustomizer> (0x0000000087738600) 
thrown [t:/workspace/open/src/hotspot/share/classfile/systemDictionary.cpp, line 232]
Event: 105.476 Thread 0x0000025b1f501800 Exception <a 'java/lang/ClassNotFoundException'{0x00000000872a3220}: org/gradle/api/internal/tasks/DefaultSourceSetContainer_DecoratedBeanInfo> (0x00000000872a3220) 
thrown [t:/workspace/open/src/hotspot/share/classfile/systemDictionary.cpp, line 232]
Event: 105.477 Thread 0x0000025b1f501800 Exception <a 'java/lang/ClassNotFoundException'{0x00000000872bbcb0}: org/gradle/api/internal/tasks/DefaultSourceSetContainerBeanInfo> (0x00000000872bbcb0) 
thrown [t:/workspace/open/src/hotspot/share/classfile/systemDictionary.cpp, line 232]
Event: 105.478 Thread 0x0000025b1f501800 Exception <a 'java/lang/ClassNotFoundException'{0x00000000872d4798}: org/gradle/api/internal/tasks/DefaultSourceSetContainerCustomizer> (0x00000000872d4798) 
thrown [t:/workspace/open/src/hotspot/share/classfile/systemDictionary.cpp, line 232]
Event: 105.481 Thread 0x0000025b1f501800 Exception <a 'java/lang/ClassNotFoundException'{0x00000000872fb5b0}: org/gradle/api/internal/tasks/DefaultSourceSetContainer_DecoratedCustomizer> (0x00000000872fb5b0) 
thrown [t:/workspace/open/src/hotspot/share/classfile/systemDictionary.cpp, line 232]
Event: 106.319 Thread 0x0000025b1f501800 Exception <a 'java/lang/NoSuchMethodError'{0x0000000087eb1f28}: 'java.lang.Object java.lang.invoke.DirectMethodHandle$Holder.invokeStatic(java.lang.Object, int, int, java.lang.Object)'> (0x0000000087eb1f28) 
thrown [t:/workspace/open/src/hotspot/share/interpreter/linkResolver.cpp, line 767]
Event: 108.447 Thread 0x0000025b1f501800 Exception <a 'java/lang/NullPointerException'{0x000000008787fb68}> (0x000000008787fb68) 
thrown [t:/workspace/open/src/hotspot/share/interpreter/linkResolver.cpp, line 1431]
Event: 109.486 Thread 0x0000025b1f501800 Exception <a 'java/lang/NoSuchMethodError'{0x0000000086a08388}: 'int java.lang.invoke.DirectMethodHandle$Holder.invokeStatic(java.lang.Object, java.lang.Object, int, java.lang.Object)'> (0x0000000086a08388) 
thrown [t:/workspace/open/src/hotspot/share/interpreter/linkResolver.cpp, line 767]
Event: 110.258 Thread 0x0000025b1f501800 Exception <a 'java/lang/reflect/InvocationTargetException'{0x0000000089bea530}> (0x0000000089bea530) 
thrown [t:/workspace/open/src/hotspot/share/runtime/reflection.cpp, line 1188]
Event: 111.061 Thread 0x0000025b1f501800 Implicit null exception at 0x0000025b102e73b0 to 0x0000025b102e748a
Event: 113.004 Thread 0x0000025b1f501800 Exception <a 'java/lang/NoSuchMethodError'{0x000000008877a458}: 'java.lang.Object java.lang.invoke.DirectMethodHandle$Holder.invokeSpecialIFC(java.lang.Object, java.lang.Object, java.lang.Object)'> (0x000000008877a458) 
thrown [t:/workspace/open/src/hotspot/share/interpreter/linkResolver.cpp, line 767]
Event: 113.016 Thread 0x0000025b21996800 Exception <a 'java/lang/NoSuchMethodError'{0x00000000886066e0}: 'java.lang.Object java.lang.invoke.DirectMethodHandle$Holder.invokeSpecial(java.lang.Object, java.lang.Object, java.lang.Object, java.lang.Object, java.lang.Object, java.lang.Object, java.lang.Object, java.lang.Object, java.lang.Object, java.lang.Object, java.lang.Object, java.lang.Object, java.lang.Object)'> (0x00000000886066e0) 
thrown [t:/workspace/open/src/hotspot/share/interpreter/linkResolver.cpp, line 767]
Event: 113.022 Thread 0x0000025b21996800 Exception <a 'java/lang/NoSuchMethodError'{0x0000000088614cc0}: 'java.lang.Object java.lang.invoke.DirectMethodHandle$Holder.invokeSpecial(java.lang.Object, java.lang.Object, java.lang.Object, java.lang.Object, java.lang.Object, java.lang.Object, java.lang.Object, java.lang.Object, java.lang.Object, java.lang.Object, java.lang.Object, java.lang.Object)'> (0x0000000088614cc0) 
thrown [t:/workspace/open/src/hotspot/share/interpreter/linkResolver.cpp, line 767]
Event: 113.025 Thread 0x0000025b21996800 Exception <a 'java/lang/NoSuchMethodError'{0x0000000088618b10}: 'java.lang.Object java.lang.invoke.Invokers$Holder.linkToTargetMethod(java.lang.Object, java.lang.Object, java.lang.Object, java.lang.Object, java.lang.Object, java.lang.Object, java.lang.Object, java.lang.Object, java.lang.Object, java.lang.Object, java.lang.Object)'> (0x0000000088618b10) 
thrown [t:/workspace/open/src/hotspot/share/interpreter/linkResolver.cpp, line 767]
Event: 113.054 Thread 0x0000025b2199d000 Exception <a 'java/lang/NoSuchMethodError'{0x0000000088669b10}: 'java.lang.Object java.lang.invoke.Invokers$Holder.linkToTargetMethod(java.lang.Object, java.lang.Object, java.lang.Object, java.lang.Object, java.lang.Object, java.lang.Object, java.lang.Object, java.lang.Object, java.lang.Object, java.lang.Object, java.lang.Object, java.lang.Object)'> (0x0000000088669b10) 
thrown [t:/workspace/open/src/hotspot/share/interpreter/linkResolver.cpp, line 767]

Events (20 events):
Event: 121.668 loading class sun/net/ProgressMonitor
Event: 121.675 loading class sun/net/ProgressMonitor done
Event: 121.675 loading class sun/net/DefaultProgressMeteringPolicy
Event: 121.676 loading class sun/net/ProgressMeteringPolicy
Event: 121.676 loading class sun/net/ProgressMeteringPolicy done
Event: 121.676 loading class sun/net/DefaultProgressMeteringPolicy done
Event: 121.690 loading class com/android/manifmerger/PlaceholderHandler
Event: 121.690 loading class com/android/manifmerger/PlaceholderHandler done
Event: 121.699 loading class com/google/common/collect/AbstractMapBasedMultimap$WrappedCollection$WrappedIterator
Event: 121.699 loading class com/google/common/collect/AbstractMapBasedMultimap$WrappedCollection$WrappedIterator done
Event: 121.700 loading class com/android/build/gradle/internal/ide/ModelBuilder
Event: 121.700 loading class com/android/build/gradle/internal/ide/ModelBuilder done
Event: 121.700 loading class com/android/builder/model/JavaArtifact
Event: 121.700 loading class com/android/builder/model/JavaArtifact done
Event: 121.700 loading class com/android/builder/model/JavaArtifact
Event: 121.700 loading class com/android/builder/model/JavaArtifact done
Event: 121.701 loading class com/android/build/gradle/internal/ide/JavaArtifactImpl
Event: 121.701 loading class com/android/build/gradle/internal/ide/JavaArtifactImpl done
Event: 121.702 loading class com/android/builder/model/JavaArtifact
Event: 121.702 loading class com/android/builder/model/JavaArtifact done


Dynamic libraries:
0x00007ff6452d0000 - 0x00007ff6452df000 	C:\Program Files\Java\jdk-13.0.2\bin\java.exe
0x00007ff845a20000 - 0x00007ff845c0d000 	C:\Windows\SYSTEM32\ntdll.dll
0x00007ff8452c0000 - 0x00007ff845373000 	C:\Windows\System32\KERNEL32.DLL
0x00007ff841ae0000 - 0x00007ff841d75000 	C:\Windows\System32\KERNELBASE.dll
0x00007ff8420b0000 - 0x00007ff8421aa000 	C:\Windows\System32\ucrtbase.dll
0x00007ff835400000 - 0x00007ff835418000 	C:\Program Files\Java\jdk-13.0.2\bin\jli.dll
0x00007ff8385a0000 - 0x00007ff8385b5000 	C:\Program Files\Java\jdk-13.0.2\bin\VCRUNTIME140.dll
0x00007ff842f70000 - 0x00007ff843013000 	C:\Windows\System32\ADVAPI32.dll
0x00007ff845740000 - 0x00007ff8457de000 	C:\Windows\System32\msvcrt.dll
0x00007ff844eb0000 - 0x00007ff844f4e000 	C:\Windows\System32\sechost.dll
0x00007ff844d70000 - 0x00007ff844e92000 	C:\Windows\System32\RPCRT4.dll
0x00007ff843620000 - 0x00007ff8437b7000 	C:\Windows\System32\USER32.dll
0x00007ff842330000 - 0x00007ff842350000 	C:\Windows\System32\win32u.dll
0x00007ff8456a0000 - 0x00007ff8456c9000 	C:\Windows\System32\GDI32.dll
0x00007ff8305b0000 - 0x00007ff830829000 	C:\Windows\WinSxS\amd64_microsoft.windows.common-controls_6595b64144ccf1df_6.0.17763.1217_none_de6e4304534e0ad3\COMCTL32.dll
0x00007ff842aa0000 - 0x00007ff842c39000 	C:\Windows\System32\gdi32full.dll
0x00007ff842c40000 - 0x00007ff842f6c000 	C:\Windows\System32\combase.dll
0x00007ff841d80000 - 0x00007ff841e20000 	C:\Windows\System32\msvcp_win.dll
0x00007ff83d520000 - 0x00007ff83d52a000 	C:\Windows\SYSTEM32\VERSION.dll
0x00007ff8421e0000 - 0x00007ff84225e000 	C:\Windows\System32\bcryptPrimitives.dll
0x00007ff845610000 - 0x00007ff84563e000 	C:\Windows\System32\IMM32.DLL
0x00007ff820470000 - 0x00007ff82050b000 	C:\Program Files\Java\jdk-13.0.2\bin\msvcp140.dll
0x00007ff818370000 - 0x00007ff818ecd000 	C:\Program Files\Java\jdk-13.0.2\bin\server\jvm.dll
0x00007ff843610000 - 0x00007ff843618000 	C:\Windows\System32\PSAPI.DLL
0x00007ff83fa10000 - 0x00007ff83fa34000 	C:\Windows\SYSTEM32\WINMM.dll
0x00007ff83f9e0000 - 0x00007ff83fa0d000 	C:\Windows\SYSTEM32\WINMMBASE.dll
0x00007ff841e20000 - 0x00007ff841e6a000 	C:\Windows\System32\cfgmgr32.dll
0x00007ff83b280000 - 0x00007ff83b289000 	C:\Windows\SYSTEM32\WSOCK32.dll
0x0000025b7f9a0000 - 0x0000025b7fa0d000 	C:\Windows\System32\ws2_32.DLL
0x00007ff841a70000 - 0x00007ff841a81000 	C:\Windows\System32\kernel.appcore.dll
0x00007ff83fc20000 - 0x00007ff83fc30000 	C:\Program Files\Java\jdk-13.0.2\bin\verify.dll
0x00007ff831500000 - 0x00007ff8316ed000 	C:\Windows\SYSTEM32\DBGHELP.DLL
0x00007ff8313f0000 - 0x00007ff83141a000 	C:\Windows\SYSTEM32\dbgcore.DLL
0x00007ff82d6c0000 - 0x00007ff82d6e6000 	C:\Program Files\Java\jdk-13.0.2\bin\java.dll
0x00007ff8310d0000 - 0x00007ff8310e7000 	C:\Program Files\Java\jdk-13.0.2\bin\zip.dll
0x00007ff83fb30000 - 0x00007ff83fb3a000 	C:\Program Files\Java\jdk-13.0.2\bin\jimage.dll
0x00007ff8437c0000 - 0x00007ff844cb4000 	C:\Windows\System32\SHELL32.dll
0x00007ff844cc0000 - 0x00007ff844d68000 	C:\Windows\System32\shcore.dll
0x00007ff842350000 - 0x00007ff842a9e000 	C:\Windows\System32\windows.storage.dll
0x00007ff841a90000 - 0x00007ff841ab4000 	C:\Windows\System32\profapi.dll
0x00007ff841a10000 - 0x00007ff841a6d000 	C:\Windows\System32\powrprof.dll
0x00007ff845640000 - 0x00007ff845692000 	C:\Windows\System32\shlwapi.dll
0x00007ff842310000 - 0x00007ff842327000 	C:\Windows\System32\cryptsp.dll
0x00007ff830110000 - 0x00007ff830129000 	C:\Program Files\Java\jdk-13.0.2\bin\net.dll
0x00007ff8394b0000 - 0x00007ff8395a2000 	C:\Windows\SYSTEM32\WINHTTP.dll
0x00007ff8411d0000 - 0x00007ff841237000 	C:\Windows\system32\mswsock.dll
0x00007ff82e010000 - 0x00007ff82e023000 	C:\Program Files\Java\jdk-13.0.2\bin\nio.dll
0x00007ff8274c0000 - 0x00007ff8274e6000 	C:\Users\ELCOT\.gradle\caches\gradle-6.5\native\31\windows-amd64\native-platform.dll
0x00007ff83b550000 - 0x00007ff83b559000 	C:\Program Files\Java\jdk-13.0.2\bin\management.dll
0x00007ff83ae50000 - 0x00007ff83ae5b000 	C:\Program Files\Java\jdk-13.0.2\bin\management_ext.dll
0x00007ff840d60000 - 0x00007ff840d93000 	C:\Windows\system32\rsaenh.dll
0x00007ff8421b0000 - 0x00007ff8421d6000 	C:\Windows\System32\bcrypt.dll
0x00007ff841940000 - 0x00007ff841968000 	C:\Windows\SYSTEM32\USERENV.dll
0x00007ff841350000 - 0x00007ff84135c000 	C:\Windows\SYSTEM32\CRYPTBASE.dll
0x00007ff840f00000 - 0x00007ff840f3d000 	C:\Windows\SYSTEM32\IPHLPAPI.DLL
0x00007ff8456d0000 - 0x00007ff8456d8000 	C:\Windows\System32\NSI.dll
0x00007ff839490000 - 0x00007ff8394a6000 	C:\Windows\SYSTEM32\dhcpcsvc6.DLL
0x00007ff839470000 - 0x00007ff83948c000 	C:\Windows\SYSTEM32\dhcpcsvc.DLL
0x00007ff840f40000 - 0x00007ff841007000 	C:\Windows\SYSTEM32\DNSAPI.dll

dbghelp: loaded successfully - version: 4.0.5 - missing functions: none
symbol engine: initialized successfully - sym options: 0x614 - pdb path: .;C:\Program Files\Java\jdk-13.0.2\bin;C:\Windows\SYSTEM32;C:\Windows\WinSxS\amd64_microsoft.windows.common-controls_6595b64144ccf1df_6.0.17763.1217_none_de6e4304534e0ad3;C:\Program Files\Java\jdk-13.0.2\bin\server;C:\Users\ELCOT\.gradle\caches\gradle-6.5\native\31\windows-amd64

VM Arguments:
jvm_args: --add-opens=java.base/java.util=ALL-UNNAMED --add-opens=java.base/java.lang=ALL-UNNAMED --add-opens=java.base/java.lang.invoke=ALL-UNNAMED --add-opens=java.prefs/java.util.prefs=ALL-UNNAMED -Xmx2048m -Dfile.encoding=windows-1252 -Duser.country=IN -Duser.language=en -Duser.variant 
java_command: org.gradle.launcher.daemon.bootstrap.GradleDaemon 6.1.1
java_class_path (initial): C:\Users\ELCOT\.gradle\caches\gradle-6.5\wrapper\dists\gradle-6.1.1-all\cfmwm155h49vnt3hynmlrsdst\gradle-6.1.1\lib\gradle-launcher-6.1.1.jar
Launcher Type: SUN_STANDARD

[Global flags]
     intx CICompilerCount                          = 2                                         {product} {ergonomic}
     uint ConcGCThreads                            = 1                                         {product} {ergonomic}
     uint G1ConcRefinementThreads                  = 2                                         {product} {ergonomic}
   size_t G1HeapRegionSize                         = 1048576                                   {product} {ergonomic}
    uintx GCDrainStackTargetSize                   = 64                                        {product} {ergonomic}
   size_t InitialHeapSize                          = 65011712                                  {product} {ergonomic}
   size_t MarkStackSize                            = 4194304                                   {product} {ergonomic}
   size_t MaxHeapSize                              = 2147483648                                {product} {command line}
   size_t MaxNewSize                               = 1287651328                                {product} {ergonomic}
   size_t MinHeapDeltaBytes                        = 1048576                                   {product} {ergonomic}
   size_t MinHeapSize                              = 8388608                                   {product} {ergonomic}
    uintx NonNMethodCodeHeapSize                   = 5826188                                {pd product} {ergonomic}
    uintx NonProfiledCodeHeapSize                  = 122916026                              {pd product} {ergonomic}
    uintx ProfiledCodeHeapSize                     = 122916026                              {pd product} {ergonomic}
    uintx ReservedCodeCacheSize                    = 251658240                              {pd product} {ergonomic}
     bool SegmentedCodeCache                       = true                                      {product} {ergonomic}
   size_t SoftMaxHeapSize                          = 2147483648                             {manageable} {ergonomic}
     bool UseCompressedClassPointers               = true                                 {lp64_product} {ergonomic}
     bool UseCompressedOops                        = true                                 {lp64_product} {ergonomic}
     bool UseG1GC                                  = true                                      {product} {ergonomic}
     bool UseLargePagesIndividualAllocation        = false                                  {pd product} {ergonomic}

Logging:
Log output configuration:
 #0: stdout all=warning uptime,level,tags
 #1: stderr all=off uptime,level,tags

Environment Variables:
JAVA_HOME=C:\Program Files\Android\Android Studio\jre
PATH=C:\Program Files\AdoptOpenJDK\jdk-11.0.7.10-hotspot\bin;C:\Program Files (x86)\Common Files\Oracle\Java\javapath;C:\MinGW\bin;C:\Windows\system32;C:\Windows;C:\Windows\System32\Wbem;C:\Windows\System32\WindowsPowerShell\v1.0\;C:\Windows\System32\OpenSSH\;C:\Program Files\nodejs\;C:\Users\ELCOT\Downloads\python-3.8.2;C:\Program Files\Dart\dart-sdk\bin;C:\drivers\chromedriver_win32.zip;C:\src\flutter\flutter_windows_v1.12.13+hotfix.9-stable\flutter\bin;C:\Program Files (x86)\Android\android-sdk\platforms\platform-tools;C:\Program Files (x86)\Android\android-sdk\platform-tools\api;C:\Downloads\installer_r16-windows.exe;C:\ProgramData\Microsoft\Windows\Start Menu\Programs\Android SDK Tools;D:\kishoreAndroid\Android\Android Studio\bin;D:\kishoreAndroid\Android\Android Studio;C:\ProgramData\Microsoft\Windows\Start Menu\Programs\Visual Studio Emulator for Android.lnk;C:\Downloads\vs_emulatorsetup.exe;C:\Program Files (x86)\Android\android-sdk\SDK Manager;D:\Kishore\platforms;C:\Users\ELCOT\AppData\Local\Programs\Python\Python38\Scripts\;C:\Users\;C:\Program Files\Android\Android Studio\jre;C:\Program Files\Java\jdk-13.0.2\bin;C:\Program Files\Java\jre1.8.0_251\bin;C:\Program Files (x86)\Android\platform-tools;C:\Downloads\python-3.8.2.exe;C:\Program Files\dotnet\;C:\Program Files\Microsoft SQL Server\130\Tools\Binn\;C:\Program Files\Microsoft SQL Server\Client SDK\ODBC\170\Tools\Binn\;D:\Git\cmd;C:\Users\ELCOT\AppData\Roaming\npm;C:\Users\ELCOT\AppData\Local\Programs\Python\Python39\Scripts\;C:\Users\ELCOT\AppData\Local\Programs\Python\Python39\;C:\Users\ELCOT\AppData\Local\ValidatorBuddy;C:\Users\ELCOT\AppData\Local\Programs\Python\Python38;C:\src\flutter\bin;D:\Heroku\bin;D:\Microsoft VS Code\bin;C:\Users\ELCOT\AppData\Roaming\npm\node_modules\firebase\node_modules\protobufjs\bin;
USERNAME=ELCOT
OS=Windows_NT
PROCESSOR_IDENTIFIER=AMD64 Family 21 Model 112 Stepping 0, AuthenticAMD



---------------  S Y S T E M  ---------------

OS: Windows 10 , 64 bit Build 17763 (10.0.17763.1158)
HyperV virtualization detected

CPU:total 2 (initial active 2) (2 cores per cpu, 1 threads per core) family 21 model 112 stepping 0, cmov, cx8, fxsr, mmx, sse, sse2, sse3, ssse3, sse4.1, sse4.2, popcnt, avx, avx2, aes, clmul, mmxext, 3dnowpref, lzcnt, sse4a, tsc, tscinvbit, tscinv, bmi1, bmi2, fma

Memory: 4k page, system-wide physical 3935M (311M free)
TotalPageFile size 5322M (AvailPageFile size 6M)
current process WorkingSet (physical memory assigned to process): 369M, peak: 370M
current process commit charge ("private bytes"): 405M, peak: 407M

vm_info: Java HotSpot(TM) 64-Bit Server VM (13.0.2+8) for windows-amd64 JRE (13.0.2+8), built on Dec 11 2019 09:20:33 by "mach5one" with unknown MS VC++:1916

END.
