#
# There is insufficient memory for the Java Runtime Environment to continue.
# Native memory allocation (mmap) failed to map 58720256 bytes for Failed to commit area from 0x00000000cdc00000 to 0x00000000d1400000 of length 58720256.
# Possible reasons:
#   The system is out of physical RAM or swap space
#   The process is running with CompressedOops enabled, and the Java Heap may be blocking the growth of the native heap
# Possible solutions:
#   Reduce memory load on the system
#   Increase physical memory or swap space
#   Check if swap backing store is full
#   Decrease Java heap size (-Xmx/-Xms)
#   Decrease number of Java threads
#   Decrease Java thread stack sizes (-Xss)
#   Set larger code cache with -XX:ReservedCodeCacheSize=
#   JVM is running with Unscaled Compressed Oops mode in which the Java heap is
#     placed in the first 4GB address space. The Java Heap base address is the
#     maximum limit for the native heap growth. Please use -XX:HeapBaseMinAddress
#     to set the Java Heap base and to place the Java Heap above 4GB virtual address.
# This output file may be truncated or incomplete.
#
#  Out of Memory Error (t:/workspace/open/src/hotspot/os/windows/os_windows.cpp:3301), pid=8084, tid=9616
#
# JRE version: Java(TM) SE Runtime Environment (13.0.2+8) (build 13.0.2+8)
# Java VM: Java HotSpot(TM) 64-Bit Server VM (13.0.2+8, mixed mode, sharing, tiered, compressed oops, g1 gc, windows-amd64)
# No core dump will be written. Minidumps are not enabled by default on client versions of Windows
#

---------------  S U M M A R Y ------------

Command Line: --add-opens=java.base/java.util=ALL-UNNAMED --add-opens=java.base/java.lang=ALL-UNNAMED --add-opens=java.base/java.lang.invoke=ALL-UNNAMED --add-opens=java.prefs/java.util.prefs=ALL-UNNAMED -Xmx1024m -Dfile.encoding=windows-1252 -Duser.country=IN -Duser.language=en -Duser.variant org.gradle.launcher.daemon.bootstrap.GradleDaemon 6.1.1

Host: AMD PRO A4-4350B R4, 5 COMPUTE CORES 2C+3G     , 2 cores, 3G,  Windows 10 , 64 bit Build 17763 (10.0.17763.1158)
Time: Mon Oct 12 11:05:40 2020 Pacific Daylight Time elapsed time: 51 seconds (0d 0h 0m 51s)

---------------  T H R E A D  ---------------

Current thread (0x000001faa1b0d800):  VMThread "VM Thread" [stack: 0x0000000c16600000,0x0000000c16700000] [id=9616]

Stack: [0x0000000c16600000,0x0000000c16700000]
[error occurred during error reporting (printing stack bounds), id 0xc0000005, EXCEPTION_ACCESS_VIOLATION (0xc0000005) at pc=0x000001faa9f410ad]

Native frames: (J=compiled Java code, j=interpreted, Vv=VM code, C=native code)
V  [jvm.dll+0x624f9a]
V  [jvm.dll+0x770cfa]
V  [jvm.dll+0x7724af]
V  [jvm.dll+0x772a15]
V  [jvm.dll+0x7729cb]
V  [jvm.dll+0x6244df]
C  [ntdll.dll+0x66b26]
C  [ntdll.dll+0x4849]
C  [ntdll.dll+0xa350e]
C  0x000001faa9f410ad

VM_Operation (0x0000000c191fd750): G1CollectForAllocation, mode: safepoint, requested by thread 0x000001fac1c30800


---------------  P R O C E S S  ---------------

Threads class SMR info:
_java_thread_list=0x000001fac3908340, length=39, elements={
0x000001faa1a40000, 0x000001fabd6ba000, 0x000001fabd6bc000, 0x000001fabd6dc000,
0x000001fabd6de000, 0x000001fabd6e0000, 0x000001fabd6e3800, 0x000001fabd6f4000,
0x000001fabe11e800, 0x000001fabe125000, 0x000001fabf44c800, 0x000001fabeb1e800,
0x000001fabf96b800, 0x000001fabf145800, 0x000001fabf478800, 0x000001fabf17b800,
0x000001fabebcd800, 0x000001fabe0d9000, 0x000001fabebce800, 0x000001fabf1f6000,
0x000001fabe557000, 0x000001fabe553000, 0x000001fabe556000, 0x000001fabe559800,
0x000001fabe557800, 0x000001fabe554800, 0x000001fabe558800, 0x000001fabe555800,
0x000001fac1c29000, 0x000001fac1c27800, 0x000001fac1c28000, 0x000001fac1c26800,
0x000001fac1c23800, 0x000001fac1c24000, 0x000001fac1c25000, 0x000001fac1c2a000,
0x000001fac1c25800, 0x000001fac1c31000, 0x000001fac1c30800
}

Java Threads: ( => current thread )
  0x000001faa1a40000 JavaThread "main" [_thread_blocked, id=6336, stack(0x0000000c16000000,0x0000000c16100000)]
  0x000001fabd6ba000 JavaThread "Reference Handler" daemon [_thread_blocked, id=896, stack(0x0000000c16700000,0x0000000c16800000)]
  0x000001fabd6bc000 JavaThread "Finalizer" daemon [_thread_blocked, id=1448, stack(0x0000000c16800000,0x0000000c16900000)]
  0x000001fabd6dc000 JavaThread "Signal Dispatcher" daemon [_thread_blocked, id=10188, stack(0x0000000c16900000,0x0000000c16a00000)]
  0x000001fabd6de000 JavaThread "Attach Listener" daemon [_thread_blocked, id=2404, stack(0x0000000c16a00000,0x0000000c16b00000)]
  0x000001fabd6e0000 JavaThread "C2 CompilerThread0" daemon [_thread_in_native, id=11796, stack(0x0000000c16b00000,0x0000000c16c00000)]
  0x000001fabd6e3800 JavaThread "C1 CompilerThread0" daemon [_thread_blocked, id=11156, stack(0x0000000c16c00000,0x0000000c16d00000)]
  0x000001fabd6f4000 JavaThread "Sweeper thread" daemon [_thread_blocked, id=8312, stack(0x0000000c16d00000,0x0000000c16e00000)]
  0x000001fabe11e800 JavaThread "Common-Cleaner" daemon [_thread_blocked, id=7288, stack(0x0000000c16e00000,0x0000000c16f00000)]
  0x000001fabe125000 JavaThread "Service Thread" daemon [_thread_blocked, id=5656, stack(0x0000000c16f00000,0x0000000c17000000)]
  0x000001fabf44c800 JavaThread "Daemon health stats" [_thread_blocked, id=5432, stack(0x0000000c17300000,0x0000000c17400000)]
  0x000001fabeb1e800 JavaThread "Incoming local TCP Connector on port 62713" [_thread_in_native, id=6596, stack(0x0000000c17400000,0x0000000c17500000)]
  0x000001fabf96b800 JavaThread "Daemon periodic checks" [_thread_blocked, id=7560, stack(0x0000000c17500000,0x0000000c17600000)]
  0x000001fabf145800 JavaThread "Daemon" [_thread_blocked, id=5388, stack(0x0000000c17600000,0x0000000c17700000)]
  0x000001fabf478800 JavaThread "Handler for socket connection from /127.0.0.1:62713 to /127.0.0.1:62714" [_thread_in_native, id=5848, stack(0x0000000c17700000,0x0000000c17800000)]
  0x000001fabf17b800 JavaThread "Cancel handler" [_thread_blocked, id=1504, stack(0x0000000c17800000,0x0000000c17900000)]
  0x000001fabebcd800 JavaThread "Daemon worker" [_thread_blocked, id=7904, stack(0x0000000c17900000,0x0000000c17a00000)]
  0x000001fabe0d9000 JavaThread "Asynchronous log dispatcher for DefaultDaemonConnection: socket connection from /127.0.0.1:62713 to /127.0.0.1:62714" [_thread_blocked, id=11004, stack(0x0000000c17a00000,0x0000000c17b00000)]
  0x000001fabebce800 JavaThread "Stdin handler" [_thread_blocked, id=11436, stack(0x0000000c17b00000,0x0000000c17c00000)]
  0x000001fabf1f6000 JavaThread "Thread-8" [_thread_blocked, id=9372, stack(0x0000000c17c00000,0x0000000c17d00000)]
  0x000001fabe557000 JavaThread "Cache worker for journal cache (C:\Users\ELCOT\.gradle\caches\gradle-6.5\caches\journal-1)" [_thread_blocked, id=11676, stack(0x0000000c17d00000,0x0000000c17e00000)]
  0x000001fabe553000 JavaThread "File lock request listener" [_thread_in_native, id=9972, stack(0x0000000c17e00000,0x0000000c17f00000)]
  0x000001fabe556000 JavaThread "Cache worker for file hash cache (C:\Users\ELCOT\.gradle\caches\gradle-6.5\caches\6.1.1\fileHashes)" [_thread_blocked, id=6892, stack(0x0000000c17f00000,0x0000000c18000000)]
  0x000001fabe559800 JavaThread "Cache worker for checksums cache (D:\AndroidStudioProjects\DoChat\.gradle\checksums)" [_thread_blocked, id=3560, stack(0x0000000c18000000,0x0000000c18100000)]
  0x000001fabe557800 JavaThread "Cache worker for file hash cache (D:\AndroidStudioProjects\DoChat\.gradle\6.1.1\fileHashes)" [_thread_blocked, id=2512, stack(0x0000000c18100000,0x0000000c18200000)]
  0x000001fabe554800 JavaThread "Cache worker for cache directory md-supplier (C:\Users\ELCOT\.gradle\caches\gradle-6.5\caches\6.1.1\md-supplier)" [_thread_blocked, id=5188, stack(0x0000000c18200000,0x0000000c18300000)]
  0x000001fabe558800 JavaThread "Cache worker for cache directory md-rule (C:\Users\ELCOT\.gradle\caches\gradle-6.5\caches\6.1.1\md-rule)" [_thread_blocked, id=7616, stack(0x0000000c18300000,0x0000000c18400000)]
  0x000001fabe555800 JavaThread "Cache worker for execution history cache (C:\Users\ELCOT\.gradle\caches\gradle-6.5\caches\6.1.1\executionHistory)" [_thread_blocked, id=8444, stack(0x0000000c18400000,0x0000000c18500000)]
  0x000001fac1c29000 JavaThread "Build operations" [_thread_blocked, id=6812, stack(0x0000000c18500000,0x0000000c18600000)]
  0x000001fac1c27800 JavaThread "Build operations Thread 2" [_thread_blocked, id=3884, stack(0x0000000c18600000,0x0000000c18700000)]
  0x000001fac1c28000 JavaThread "Cache worker for Build Output Cleanup Cache (D:\AndroidStudioProjects\DoChat\.gradle\buildOutputCleanup)" [_thread_blocked, id=2184, stack(0x0000000c18700000,0x0000000c18800000)]
  0x000001fac1c26800 JavaThread "Memory manager" [_thread_blocked, id=7348, stack(0x0000000c18800000,0x0000000c18900000)]
  0x000001fac1c23800 JavaThread "Cache worker for file content cache (C:\Users\ELCOT\.gradle\caches\gradle-6.5\caches\6.1.1\fileContent)" [_thread_blocked, id=3040, stack(0x0000000c18900000,0x0000000c18a00000)]
  0x000001fac1c24000 JavaThread "Cache worker for file content cache (D:\AndroidStudioProjects\DoChat\.gradle\6.1.1\fileContent)" [_thread_blocked, id=2544, stack(0x0000000c18a00000,0x0000000c18b00000)]
  0x000001fac1c25000 JavaThread "Execution worker for ':'" [_thread_blocked, id=7220, stack(0x0000000c18b00000,0x0000000c18c00000)]
  0x000001fac1c2a000 JavaThread "Cache worker for execution history cache (D:\AndroidStudioProjects\DoChat\.gradle\6.1.1\executionHistory)" [_thread_blocked, id=10152, stack(0x0000000c18e00000,0x0000000c18f00000)]
  0x000001fac1c25800 JavaThread "WorkerExecutor Queue" [_thread_blocked, id=11000, stack(0x0000000c18f00000,0x0000000c19000000)]
  0x000001fac1c31000 JavaThread "ForkJoinPool-1-worker-3" daemon [_thread_blocked, id=12124, stack(0x0000000c19000000,0x0000000c19100000)]
  0x000001fac1c30800 JavaThread "ForkJoinPool-1-worker-1" daemon [_thread_blocked, id=8672, stack(0x0000000c19100000,0x0000000c19200000)]

Other Threads:
=>0x000001faa1b0d800 VMThread "VM Thread" [stack: 0x0000000c16600000,0x0000000c16700000] [id=9616]
  0x000001fabe132000 WatcherThread [stack: 0x0000000c17000000,0x0000000c17100000] [id=6404]
  0x000001faa1a6f000 GCTaskThread "GC Thread#0" [stack: 0x0000000c16100000,0x0000000c16200000] [id=11824]
  0x000001fabe17c800 GCTaskThread "GC Thread#1" [stack: 0x0000000c17100000,0x0000000c17200000] [id=5216]
  0x000001faa1a79000 ConcurrentGCThread "G1 Main Marker" [stack: 0x0000000c16200000,0x0000000c16300000] [id=3780]
  0x000001faa1a7b800 ConcurrentGCThread "G1 Conc#0" [stack: 0x0000000c16300000,0x0000000c16400000] [id=7860]
  0x000001faa1ac9800 ConcurrentGCThread "G1 Refine#0" [stack: 0x0000000c16400000,0x0000000c16500000] [id=5060]
  0x000001fabe8ee000 ConcurrentGCThread "G1 Refine#1" [stack: 0x0000000c17200000,0x0000000c17300000] [id=10648]
  0x000001faa1acb800 ConcurrentGCThread "G1 Young RemSet Sampling" [stack: 0x0000000c16500000,0x0000000c16600000] [id=9004]

Threads with active compile tasks:
C2 CompilerThread0    51934 9681       4       com.android.tools.r8.dex.n::a (1022 bytes)

VM state:at safepoint (normal execution)

VM Mutex/Monitor currently owned by a thread:  ([mutex/lock_event])
[0x000001faa1a3c380] Threads_lock - owner thread: 0x000001faa1b0d800
[0x000001faa1a3c5c0] Heap_lock - owner thread: 0x000001fac1c30800

Heap address: 0x00000000c0000000, size: 1024 MB, Compressed Oops mode: 32-bit
Narrow klass base: 0x0000000800000000, Narrow klass shift: 3
Compressed class space size: 1073741824 Address: 0x0000000800b40000

Heap:
 garbage-first heap   total 282624K, used 148458K [0x00000000c0000000, 0x0000000100000000)
  region size 1024K, 4 young (4096K), 4 survivors (4096K)
 Metaspace       used 68267K, capacity 70194K, committed 70320K, reserved 1110016K
  class space    used 9241K, capacity 9869K, committed 9984K, reserved 1048576K
Heap Regions: E=young(eden), S=young(survivor), O=old, HS=humongous(starts), HC=humongous(continues), CS=collection set, F=free, A=archive, TAMS=top-at-mark-start (previous, next)
|   0|0x00000000c0000000, 0x00000000c0100000, 0x00000000c0100000|100%|HS|  |TAMS 0x00000000c0100000, 0x00000000c0100000| Complete 
|   1|0x00000000c0100000, 0x00000000c0200000, 0x00000000c0200000|100%|HC|  |TAMS 0x00000000c0200000, 0x00000000c0200000| Complete 
|   2|0x00000000c0200000, 0x00000000c0300000, 0x00000000c0300000|100%|HC|  |TAMS 0x00000000c0300000, 0x00000000c0300000| Complete 
|   3|0x00000000c0300000, 0x00000000c0400000, 0x00000000c0400000|100%| O|  |TAMS 0x00000000c0400000, 0x00000000c0400000| Untracked 
|   4|0x00000000c0400000, 0x00000000c0500000, 0x00000000c0500000|100%| O|  |TAMS 0x00000000c0500000, 0x00000000c0500000| Untracked 
|   5|0x00000000c0500000, 0x00000000c0600000, 0x00000000c0600000|100%| O|  |TAMS 0x00000000c0600000, 0x00000000c0600000| Untracked 
|   6|0x00000000c0600000, 0x00000000c0700000, 0x00000000c0700000|100%| O|  |TAMS 0x00000000c0700000, 0x00000000c0700000| Untracked 
|   7|0x00000000c0700000, 0x00000000c0800000, 0x00000000c0800000|100%| O|  |TAMS 0x00000000c0800000, 0x00000000c0800000| Untracked 
|   8|0x00000000c0800000, 0x00000000c0900000, 0x00000000c0900000|100%| O|  |TAMS 0x00000000c0900000, 0x00000000c0900000| Untracked 
|   9|0x00000000c0900000, 0x00000000c0a00000, 0x00000000c0a00000|100%| O|  |TAMS 0x00000000c0a00000, 0x00000000c0a00000| Untracked 
|  10|0x00000000c0a00000, 0x00000000c0b00000, 0x00000000c0b00000|100%| O|  |TAMS 0x00000000c0b00000, 0x00000000c0b00000| Untracked 
|  11|0x00000000c0b00000, 0x00000000c0c00000, 0x00000000c0c00000|100%| O|  |TAMS 0x00000000c0c00000, 0x00000000c0c00000| Untracked 
|  12|0x00000000c0c00000, 0x00000000c0d00000, 0x00000000c0d00000|100%| O|  |TAMS 0x00000000c0d00000, 0x00000000c0d00000| Untracked 
|  13|0x00000000c0d00000, 0x00000000c0e00000, 0x00000000c0e00000|100%| O|  |TAMS 0x00000000c0e00000, 0x00000000c0e00000| Untracked 
|  14|0x00000000c0e00000, 0x00000000c0f00000, 0x00000000c0f00000|100%| O|  |TAMS 0x00000000c0f00000, 0x00000000c0f00000| Untracked 
|  15|0x00000000c0f00000, 0x00000000c1000000, 0x00000000c1000000|100%| O|  |TAMS 0x00000000c1000000, 0x00000000c1000000| Untracked 
|  16|0x00000000c1000000, 0x00000000c1100000, 0x00000000c1100000|100%| O|  |TAMS 0x00000000c1100000, 0x00000000c1100000| Untracked 
|  17|0x00000000c1100000, 0x00000000c1200000, 0x00000000c1200000|100%|HS|  |TAMS 0x00000000c1200000, 0x00000000c1200000| Complete 
|  18|0x00000000c1200000, 0x00000000c1300000, 0x00000000c1300000|100%|HC|  |TAMS 0x00000000c1300000, 0x00000000c1300000| Complete 
|  19|0x00000000c1300000, 0x00000000c1400000, 0x00000000c1400000|100%|HS|  |TAMS 0x00000000c1400000, 0x00000000c1400000| Complete 
|  20|0x00000000c1400000, 0x00000000c1500000, 0x00000000c1500000|100%|HC|  |TAMS 0x00000000c1500000, 0x00000000c1500000| Complete 
|  21|0x00000000c1500000, 0x00000000c1600000, 0x00000000c1600000|100%|HC|  |TAMS 0x00000000c1600000, 0x00000000c1600000| Complete 
|  22|0x00000000c1600000, 0x00000000c1700000, 0x00000000c1700000|100%|HS|  |TAMS 0x00000000c1700000, 0x00000000c1700000| Complete 
|  23|0x00000000c1700000, 0x00000000c1800000, 0x00000000c1800000|100%|HC|  |TAMS 0x00000000c1800000, 0x00000000c1800000| Complete 
|  24|0x00000000c1800000, 0x00000000c1900000, 0x00000000c1900000|100%|HC|  |TAMS 0x00000000c1900000, 0x00000000c1900000| Complete 
|  25|0x00000000c1900000, 0x00000000c1a00000, 0x00000000c1a00000|100%|HC|  |TAMS 0x00000000c1a00000, 0x00000000c1a00000| Complete 
|  26|0x00000000c1a00000, 0x00000000c1b00000, 0x00000000c1b00000|100%| O|  |TAMS 0x00000000c1b00000, 0x00000000c1b00000| Untracked 
|  27|0x00000000c1b00000, 0x00000000c1c00000, 0x00000000c1c00000|100%| O|  |TAMS 0x00000000c1c00000, 0x00000000c1c00000| Untracked 
|  28|0x00000000c1c00000, 0x00000000c1d00000, 0x00000000c1d00000|100%| O|  |TAMS 0x00000000c1d00000, 0x00000000c1d00000| Untracked 
|  29|0x00000000c1d00000, 0x00000000c1e00000, 0x00000000c1e00000|100%| O|  |TAMS 0x00000000c1e00000, 0x00000000c1e00000| Untracked 
|  30|0x00000000c1e00000, 0x00000000c1f00000, 0x00000000c1f00000|100%| O|  |TAMS 0x00000000c1f00000, 0x00000000c1f00000| Untracked 
|  31|0x00000000c1f00000, 0x00000000c2000000, 0x00000000c2000000|100%| O|  |TAMS 0x00000000c2000000, 0x00000000c2000000| Untracked 
|  32|0x00000000c2000000, 0x00000000c2100000, 0x00000000c2100000|100%| O|  |TAMS 0x00000000c2100000, 0x00000000c2100000| Untracked 
|  33|0x00000000c2100000, 0x00000000c2200000, 0x00000000c2200000|100%| O|  |TAMS 0x00000000c2200000, 0x00000000c2200000| Untracked 
|  34|0x00000000c2200000, 0x00000000c2300000, 0x00000000c2300000|100%| O|  |TAMS 0x00000000c2300000, 0x00000000c2300000| Untracked 
|  35|0x00000000c2300000, 0x00000000c2400000, 0x00000000c2400000|100%| O|  |TAMS 0x00000000c2400000, 0x00000000c2400000| Untracked 
|  36|0x00000000c2400000, 0x00000000c2500000, 0x00000000c2500000|100%|HS|  |TAMS 0x00000000c2500000, 0x00000000c2500000| Complete 
|  37|0x00000000c2500000, 0x00000000c2600000, 0x00000000c2600000|100%|HC|  |TAMS 0x00000000c2600000, 0x00000000c2600000| Complete 
|  38|0x00000000c2600000, 0x00000000c2700000, 0x00000000c2700000|100%|HC|  |TAMS 0x00000000c2700000, 0x00000000c2700000| Complete 
|  39|0x00000000c2700000, 0x00000000c2800000, 0x00000000c2800000|100%| O|  |TAMS 0x00000000c2800000, 0x00000000c2800000| Untracked 
|  40|0x00000000c2800000, 0x00000000c2900000, 0x00000000c2900000|100%|HS|  |TAMS 0x00000000c2900000, 0x00000000c2900000| Complete 
|  41|0x00000000c2900000, 0x00000000c2a00000, 0x00000000c2a00000|100%|HC|  |TAMS 0x00000000c2a00000, 0x00000000c2a00000| Complete 
|  42|0x00000000c2a00000, 0x00000000c2b00000, 0x00000000c2b00000|100%| O|  |TAMS 0x00000000c2b00000, 0x00000000c2b00000| Untracked 
|  43|0x00000000c2b00000, 0x00000000c2c00000, 0x00000000c2c00000|100%| O|  |TAMS 0x00000000c2c00000, 0x00000000c2c00000| Untracked 
|  44|0x00000000c2c00000, 0x00000000c2d00000, 0x00000000c2d00000|100%| O|  |TAMS 0x00000000c2d00000, 0x00000000c2d00000| Untracked 
|  45|0x00000000c2d00000, 0x00000000c2e00000, 0x00000000c2e00000|100%| O|  |TAMS 0x00000000c2e00000, 0x00000000c2e00000| Untracked 
|  46|0x00000000c2e00000, 0x00000000c2f00000, 0x00000000c2f00000|100%| O|  |TAMS 0x00000000c2f00000, 0x00000000c2f00000| Untracked 
|  47|0x00000000c2f00000, 0x00000000c3000000, 0x00000000c3000000|100%| O|  |TAMS 0x00000000c3000000, 0x00000000c3000000| Untracked 
|  48|0x00000000c3000000, 0x00000000c3100000, 0x00000000c3100000|100%| O|  |TAMS 0x00000000c3100000, 0x00000000c3100000| Untracked 
|  49|0x00000000c3100000, 0x00000000c3200000, 0x00000000c3200000|100%| O|  |TAMS 0x00000000c3200000, 0x00000000c3200000| Untracked 
|  50|0x00000000c3200000, 0x00000000c3300000, 0x00000000c3300000|100%| O|  |TAMS 0x00000000c3300000, 0x00000000c3300000| Untracked 
|  51|0x00000000c3300000, 0x00000000c3400000, 0x00000000c3400000|100%| O|  |TAMS 0x00000000c3400000, 0x00000000c3400000| Untracked 
|  52|0x00000000c3400000, 0x00000000c3500000, 0x00000000c3500000|100%| O|  |TAMS 0x00000000c3500000, 0x00000000c3500000| Untracked 
|  53|0x00000000c3500000, 0x00000000c3600000, 0x00000000c3600000|100%| O|  |TAMS 0x00000000c3600000, 0x00000000c3600000| Untracked 
|  54|0x00000000c3600000, 0x00000000c3700000, 0x00000000c3700000|100%| O|  |TAMS 0x00000000c3700000, 0x00000000c3700000| Untracked 
|  55|0x00000000c3700000, 0x00000000c3800000, 0x00000000c3800000|100%| O|  |TAMS 0x00000000c3800000, 0x00000000c3800000| Untracked 
|  56|0x00000000c3800000, 0x00000000c3900000, 0x00000000c3900000|100%| O|  |TAMS 0x00000000c3900000, 0x00000000c3900000| Untracked 
|  57|0x00000000c3900000, 0x00000000c3a00000, 0x00000000c3a00000|100%| O|  |TAMS 0x00000000c3a00000, 0x00000000c3a00000| Untracked 
|  58|0x00000000c3a00000, 0x00000000c3b00000, 0x00000000c3b00000|100%| O|  |TAMS 0x00000000c3b00000, 0x00000000c3b00000| Untracked 
|  59|0x00000000c3b00000, 0x00000000c3c00000, 0x00000000c3c00000|100%| O|  |TAMS 0x00000000c3c00000, 0x00000000c3c00000| Untracked 
|  60|0x00000000c3c00000, 0x00000000c3d00000, 0x00000000c3d00000|100%| O|  |TAMS 0x00000000c3d00000, 0x00000000c3d00000| Untracked 
|  61|0x00000000c3d00000, 0x00000000c3e00000, 0x00000000c3e00000|100%| O|  |TAMS 0x00000000c3e00000, 0x00000000c3e00000| Untracked 
|  62|0x00000000c3e00000, 0x00000000c3f00000, 0x00000000c3f00000|100%| O|  |TAMS 0x00000000c3f00000, 0x00000000c3f00000| Untracked 
|  63|0x00000000c3f00000, 0x00000000c4000000, 0x00000000c4000000|100%| O|  |TAMS 0x00000000c4000000, 0x00000000c4000000| Untracked 
|  64|0x00000000c4000000, 0x00000000c4100000, 0x00000000c4100000|100%| O|  |TAMS 0x00000000c4100000, 0x00000000c4100000| Untracked 
|  65|0x00000000c4100000, 0x00000000c4200000, 0x00000000c4200000|100%| O|  |TAMS 0x00000000c4200000, 0x00000000c4200000| Untracked 
|  66|0x00000000c4200000, 0x00000000c4300000, 0x00000000c4300000|100%| O|  |TAMS 0x00000000c4300000, 0x00000000c4300000| Untracked 
|  67|0x00000000c4300000, 0x00000000c4400000, 0x00000000c4400000|100%| O|  |TAMS 0x00000000c4400000, 0x00000000c4400000| Untracked 
|  68|0x00000000c4400000, 0x00000000c4500000, 0x00000000c4500000|100%| O|  |TAMS 0x00000000c4500000, 0x00000000c4500000| Untracked 
|  69|0x00000000c4500000, 0x00000000c4600000, 0x00000000c4600000|100%| O|  |TAMS 0x00000000c4600000, 0x00000000c4600000| Untracked 
|  70|0x00000000c4600000, 0x00000000c4700000, 0x00000000c4700000|100%| O|  |TAMS 0x00000000c4700000, 0x00000000c4700000| Untracked 
|  71|0x00000000c4700000, 0x00000000c4800000, 0x00000000c4800000|100%| O|  |TAMS 0x00000000c4800000, 0x00000000c4800000| Untracked 
|  72|0x00000000c4800000, 0x00000000c4900000, 0x00000000c4900000|100%| O|  |TAMS 0x00000000c4900000, 0x00000000c4900000| Untracked 
|  73|0x00000000c4900000, 0x00000000c4a00000, 0x00000000c4a00000|100%| O|  |TAMS 0x00000000c4a00000, 0x00000000c4a00000| Untracked 
|  74|0x00000000c4a00000, 0x00000000c4b00000, 0x00000000c4b00000|100%| O|  |TAMS 0x00000000c4b00000, 0x00000000c4b00000| Untracked 
|  75|0x00000000c4b00000, 0x00000000c4c00000, 0x00000000c4c00000|100%| O|  |TAMS 0x00000000c4c00000, 0x00000000c4c00000| Untracked 
|  76|0x00000000c4c00000, 0x00000000c4d00000, 0x00000000c4d00000|100%| O|  |TAMS 0x00000000c4d00000, 0x00000000c4d00000| Untracked 
|  77|0x00000000c4d00000, 0x00000000c4e00000, 0x00000000c4e00000|100%| O|  |TAMS 0x00000000c4e00000, 0x00000000c4e00000| Untracked 
|  78|0x00000000c4e00000, 0x00000000c4f00000, 0x00000000c4f00000|100%| O|  |TAMS 0x00000000c4f00000, 0x00000000c4f00000| Untracked 
|  79|0x00000000c4f00000, 0x00000000c5000000, 0x00000000c5000000|100%|HS|  |TAMS 0x00000000c5000000, 0x00000000c5000000| Complete 
|  80|0x00000000c5000000, 0x00000000c5100000, 0x00000000c5100000|100%|HC|  |TAMS 0x00000000c5100000, 0x00000000c5100000| Complete 
|  81|0x00000000c5100000, 0x00000000c5200000, 0x00000000c5200000|100%|HC|  |TAMS 0x00000000c5200000, 0x00000000c5200000| Complete 
|  82|0x00000000c5200000, 0x00000000c5300000, 0x00000000c5300000|100%|HC|  |TAMS 0x00000000c5300000, 0x00000000c5300000| Complete 
|  83|0x00000000c5300000, 0x00000000c5400000, 0x00000000c5400000|100%|HC|  |TAMS 0x00000000c5400000, 0x00000000c5400000| Complete 
|  84|0x00000000c5400000, 0x00000000c5500000, 0x00000000c5500000|100%|HC|  |TAMS 0x00000000c5500000, 0x00000000c5500000| Complete 
|  85|0x00000000c5500000, 0x00000000c5600000, 0x00000000c5600000|100%|HC|  |TAMS 0x00000000c5600000, 0x00000000c5600000| Complete 
|  86|0x00000000c5600000, 0x00000000c5700000, 0x00000000c5700000|100%|HC|  |TAMS 0x00000000c5700000, 0x00000000c5700000| Complete 
|  87|0x00000000c5700000, 0x00000000c5800000, 0x00000000c5800000|100%|HC|  |TAMS 0x00000000c5800000, 0x00000000c5800000| Complete 
|  88|0x00000000c5800000, 0x00000000c5900000, 0x00000000c5900000|100%| O|  |TAMS 0x00000000c5900000, 0x00000000c5900000| Untracked 
|  89|0x00000000c5900000, 0x00000000c5a00000, 0x00000000c5a00000|100%| O|  |TAMS 0x00000000c5a00000, 0x00000000c5a00000| Untracked 
|  90|0x00000000c5a00000, 0x00000000c5b00000, 0x00000000c5b00000|100%| O|  |TAMS 0x00000000c5b00000, 0x00000000c5b00000| Untracked 
|  91|0x00000000c5b00000, 0x00000000c5c00000, 0x00000000c5c00000|100%|HS|  |TAMS 0x00000000c5c00000, 0x00000000c5c00000| Complete 
|  92|0x00000000c5c00000, 0x00000000c5d00000, 0x00000000c5d00000|100%| O|  |TAMS 0x00000000c5d00000, 0x00000000c5d00000| Untracked 
|  93|0x00000000c5d00000, 0x00000000c5e00000, 0x00000000c5e00000|100%| O|  |TAMS 0x00000000c5d00000, 0x00000000c5e00000| Untracked 
|  94|0x00000000c5e00000, 0x00000000c5f00000, 0x00000000c5f00000|100%| O|  |TAMS 0x00000000c5f00000, 0x00000000c5f00000| Untracked 
|  95|0x00000000c5f00000, 0x00000000c6000000, 0x00000000c6000000|100%| O|  |TAMS 0x00000000c6000000, 0x00000000c6000000| Untracked 
|  96|0x00000000c6000000, 0x00000000c6100000, 0x00000000c6100000|100%| O|  |TAMS 0x00000000c6100000, 0x00000000c6100000| Untracked 
|  97|0x00000000c6100000, 0x00000000c6200000, 0x00000000c6200000|100%| O|  |TAMS 0x00000000c6200000, 0x00000000c6200000| Untracked 
|  98|0x00000000c6200000, 0x00000000c6300000, 0x00000000c6300000|100%| O|  |TAMS 0x00000000c6300000, 0x00000000c6300000| Untracked 
|  99|0x00000000c6300000, 0x00000000c6400000, 0x00000000c6400000|100%| O|  |TAMS 0x00000000c6400000, 0x00000000c6400000| Untracked 
| 100|0x00000000c6400000, 0x00000000c6500000, 0x00000000c6500000|100%|HS|  |TAMS 0x00000000c6500000, 0x00000000c6500000| Complete 
| 101|0x00000000c6500000, 0x00000000c6600000, 0x00000000c6600000|100%|HC|  |TAMS 0x00000000c6600000, 0x00000000c6600000| Complete 
| 102|0x00000000c6600000, 0x00000000c6700000, 0x00000000c6700000|100%|HC|  |TAMS 0x00000000c6700000, 0x00000000c6700000| Complete 
| 103|0x00000000c6700000, 0x00000000c6800000, 0x00000000c6800000|100%|HC|  |TAMS 0x00000000c6800000, 0x00000000c6800000| Complete 
| 104|0x00000000c6800000, 0x00000000c6900000, 0x00000000c6900000|100%|HC|  |TAMS 0x00000000c6900000, 0x00000000c6900000| Complete 
| 105|0x00000000c6900000, 0x00000000c6a00000, 0x00000000c6a00000|100%|HC|  |TAMS 0x00000000c6a00000, 0x00000000c6a00000| Complete 
| 106|0x00000000c6a00000, 0x00000000c6b00000, 0x00000000c6b00000|100%|HC|  |TAMS 0x00000000c6b00000, 0x00000000c6b00000| Complete 
| 107|0x00000000c6b00000, 0x00000000c6c00000, 0x00000000c6c00000|100%|HC|  |TAMS 0x00000000c6c00000, 0x00000000c6c00000| Complete 
| 108|0x00000000c6c00000, 0x00000000c6d00000, 0x00000000c6d00000|100%|HC|  |TAMS 0x00000000c6d00000, 0x00000000c6d00000| Complete 
| 109|0x00000000c6d00000, 0x00000000c6e00000, 0x00000000c6e00000|100%| O|  |TAMS 0x00000000c6e00000, 0x00000000c6e00000| Untracked 
| 110|0x00000000c6e00000, 0x00000000c6f00000, 0x00000000c6f00000|100%| O|  |TAMS 0x00000000c6f00000, 0x00000000c6f00000| Untracked 
| 111|0x00000000c6f00000, 0x00000000c7000000, 0x00000000c7000000|100%| O|  |TAMS 0x00000000c7000000, 0x00000000c7000000| Untracked 
| 112|0x00000000c7000000, 0x00000000c7100000, 0x00000000c7100000|100%| O|  |TAMS 0x00000000c7100000, 0x00000000c7100000| Untracked 
| 113|0x00000000c7100000, 0x00000000c7200000, 0x00000000c7200000|100%| O|  |TAMS 0x00000000c7200000, 0x00000000c7200000| Untracked 
| 114|0x00000000c7200000, 0x00000000c7300000, 0x00000000c7300000|100%| O|  |TAMS 0x00000000c7300000, 0x00000000c7300000| Untracked 
| 115|0x00000000c7300000, 0x00000000c7400000, 0x00000000c7400000|100%| O|  |TAMS 0x00000000c7400000, 0x00000000c7400000| Untracked 
| 116|0x00000000c7400000, 0x00000000c7500000, 0x00000000c7500000|100%| O|  |TAMS 0x00000000c7500000, 0x00000000c7500000| Untracked 
| 117|0x00000000c7500000, 0x00000000c7600000, 0x00000000c7600000|100%| O|  |TAMS 0x00000000c755d800, 0x00000000c7600000| Untracked 
| 118|0x00000000c7600000, 0x00000000c7700000, 0x00000000c7700000|100%| O|  |TAMS 0x00000000c7600000, 0x00000000c7700000| Untracked 
| 119|0x00000000c7700000, 0x00000000c7800000, 0x00000000c7800000|100%| O|  |TAMS 0x00000000c7700000, 0x00000000c7800000| Untracked 
| 120|0x00000000c7800000, 0x00000000c7900000, 0x00000000c7900000|100%|HS|  |TAMS 0x00000000c7800000, 0x00000000c7900000| Complete 
| 121|0x00000000c7900000, 0x00000000c7a00000, 0x00000000c7a00000|100%| O|  |TAMS 0x00000000c7900000, 0x00000000c7a00000| Untracked 
| 122|0x00000000c7a00000, 0x00000000c7b00000, 0x00000000c7b00000|100%| O|  |TAMS 0x00000000c7a00000, 0x00000000c7b00000| Untracked 
| 123|0x00000000c7b00000, 0x00000000c7c00000, 0x00000000c7c00000|100%| O|  |TAMS 0x00000000c7b00000, 0x00000000c7c00000| Untracked 
| 124|0x00000000c7c00000, 0x00000000c7d00000, 0x00000000c7d00000|100%| O|  |TAMS 0x00000000c7c00000, 0x00000000c7d00000| Untracked 
| 125|0x00000000c7d00000, 0x00000000c7e00000, 0x00000000c7e00000|100%| O|  |TAMS 0x00000000c7d00000, 0x00000000c7e00000| Untracked 
| 126|0x00000000c7e00000, 0x00000000c7f00000, 0x00000000c7f00000|100%| O|  |TAMS 0x00000000c7e00000, 0x00000000c7ec7e00| Untracked 
| 127|0x00000000c7f00000, 0x00000000c8000000, 0x00000000c8000000|100%| O|  |TAMS 0x00000000c7f00000, 0x00000000c7f00000| Untracked 
| 128|0x00000000c8000000, 0x00000000c8100000, 0x00000000c8100000|100%| O|  |TAMS 0x00000000c8000000, 0x00000000c8000000| Untracked 
| 129|0x00000000c8100000, 0x00000000c8200000, 0x00000000c8200000|100%| O|  |TAMS 0x00000000c8100000, 0x00000000c8100000| Untracked 
| 130|0x00000000c8200000, 0x00000000c8300000, 0x00000000c8300000|100%| O|  |TAMS 0x00000000c8200000, 0x00000000c8200000| Untracked 
| 131|0x00000000c8300000, 0x00000000c8400000, 0x00000000c8400000|100%| O|  |TAMS 0x00000000c8300000, 0x00000000c8300000| Untracked 
| 132|0x00000000c8400000, 0x00000000c8500000, 0x00000000c8500000|100%| O|  |TAMS 0x00000000c8400000, 0x00000000c8400000| Untracked 
| 133|0x00000000c8500000, 0x00000000c8600000, 0x00000000c8600000|100%| O|  |TAMS 0x00000000c8500000, 0x00000000c8500000| Untracked 
| 134|0x00000000c8600000, 0x00000000c8700000, 0x00000000c8700000|100%| O|  |TAMS 0x00000000c8600000, 0x00000000c8600000| Untracked 
| 135|0x00000000c8700000, 0x00000000c8800000, 0x00000000c8800000|100%| O|  |TAMS 0x00000000c8700000, 0x00000000c8700000| Untracked 
| 136|0x00000000c8800000, 0x00000000c8900000, 0x00000000c8900000|100%| O|  |TAMS 0x00000000c8800000, 0x00000000c8800000| Untracked 
| 137|0x00000000c8900000, 0x00000000c8a00000, 0x00000000c8a00000|100%| O|  |TAMS 0x00000000c8900000, 0x00000000c8900000| Untracked 
| 138|0x00000000c8a00000, 0x00000000c8b00000, 0x00000000c8b00000|100%| O|  |TAMS 0x00000000c8a00000, 0x00000000c8a00000| Untracked 
| 139|0x00000000c8b00000, 0x00000000c8c00000, 0x00000000c8c00000|100%| O|  |TAMS 0x00000000c8b00000, 0x00000000c8b00000| Untracked 
| 140|0x00000000c8c00000, 0x00000000c8cfaa00, 0x00000000c8d00000| 97%| O|  |TAMS 0x00000000c8c00000, 0x00000000c8c00000| Untracked 
| 141|0x00000000c8d00000, 0x00000000c8d00000, 0x00000000c8e00000|  0%| F|  |TAMS 0x00000000c8d00000, 0x00000000c8d00000| Untracked 
| 142|0x00000000c8e00000, 0x00000000c8e00000, 0x00000000c8f00000|  0%| F|  |TAMS 0x00000000c8e00000, 0x00000000c8e00000| Untracked 
| 143|0x00000000c8f00000, 0x00000000c8f00000, 0x00000000c9000000|  0%| F|  |TAMS 0x00000000c8f00000, 0x00000000c8f00000| Untracked 
| 144|0x00000000c9000000, 0x00000000c9000000, 0x00000000c9100000|  0%| F|  |TAMS 0x00000000c9000000, 0x00000000c9000000| Untracked 
| 145|0x00000000c9100000, 0x00000000c9100000, 0x00000000c9200000|  0%| F|  |TAMS 0x00000000c9100000, 0x00000000c9100000| Untracked 
| 146|0x00000000c9200000, 0x00000000c9200000, 0x00000000c9300000|  0%| F|  |TAMS 0x00000000c9200000, 0x00000000c9200000| Untracked 
| 147|0x00000000c9300000, 0x00000000c9300000, 0x00000000c9400000|  0%| F|  |TAMS 0x00000000c9300000, 0x00000000c9300000| Untracked 
| 148|0x00000000c9400000, 0x00000000c9400000, 0x00000000c9500000|  0%| F|  |TAMS 0x00000000c9400000, 0x00000000c9400000| Untracked 
| 149|0x00000000c9500000, 0x00000000c9500000, 0x00000000c9600000|  0%| F|  |TAMS 0x00000000c9500000, 0x00000000c9500000| Untracked 
| 150|0x00000000c9600000, 0x00000000c9600000, 0x00000000c9700000|  0%| F|  |TAMS 0x00000000c9600000, 0x00000000c9600000| Untracked 
| 151|0x00000000c9700000, 0x00000000c9700000, 0x00000000c9800000|  0%| F|  |TAMS 0x00000000c9700000, 0x00000000c9700000| Untracked 
| 152|0x00000000c9800000, 0x00000000c9800000, 0x00000000c9900000|  0%| F|  |TAMS 0x00000000c9800000, 0x00000000c9800000| Untracked 
| 153|0x00000000c9900000, 0x00000000c9900000, 0x00000000c9a00000|  0%| F|  |TAMS 0x00000000c9900000, 0x00000000c9900000| Untracked 
| 154|0x00000000c9a00000, 0x00000000c9a00000, 0x00000000c9b00000|  0%| F|  |TAMS 0x00000000c9a00000, 0x00000000c9a00000| Untracked 
| 155|0x00000000c9b00000, 0x00000000c9b00000, 0x00000000c9c00000|  0%| F|  |TAMS 0x00000000c9b00000, 0x00000000c9b00000| Untracked 
| 156|0x00000000c9c00000, 0x00000000c9c00000, 0x00000000c9d00000|  0%| F|  |TAMS 0x00000000c9c00000, 0x00000000c9c00000| Untracked 
| 157|0x00000000c9d00000, 0x00000000c9d00000, 0x00000000c9e00000|  0%| F|  |TAMS 0x00000000c9d00000, 0x00000000c9d00000| Untracked 
| 158|0x00000000c9e00000, 0x00000000c9e00000, 0x00000000c9f00000|  0%| F|  |TAMS 0x00000000c9e00000, 0x00000000c9e00000| Untracked 
| 159|0x00000000c9f00000, 0x00000000c9f00000, 0x00000000ca000000|  0%| F|  |TAMS 0x00000000c9f00000, 0x00000000c9f00000| Untracked 
| 160|0x00000000ca000000, 0x00000000ca000000, 0x00000000ca100000|  0%| F|  |TAMS 0x00000000ca000000, 0x00000000ca000000| Untracked 
| 161|0x00000000ca100000, 0x00000000ca100000, 0x00000000ca200000|  0%| F|  |TAMS 0x00000000ca100000, 0x00000000ca100000| Untracked 
| 162|0x00000000ca200000, 0x00000000ca200000, 0x00000000ca300000|  0%| F|  |TAMS 0x00000000ca200000, 0x00000000ca200000| Untracked 
| 163|0x00000000ca300000, 0x00000000ca300000, 0x00000000ca400000|  0%| F|  |TAMS 0x00000000ca300000, 0x00000000ca300000| Untracked 
| 164|0x00000000ca400000, 0x00000000ca400000, 0x00000000ca500000|  0%| F|  |TAMS 0x00000000ca400000, 0x00000000ca400000| Untracked 
| 165|0x00000000ca500000, 0x00000000ca500000, 0x00000000ca600000|  0%| F|  |TAMS 0x00000000ca500000, 0x00000000ca500000| Untracked 
| 166|0x00000000ca600000, 0x00000000ca600000, 0x00000000ca700000|  0%| F|  |TAMS 0x00000000ca600000, 0x00000000ca600000| Untracked 
| 167|0x00000000ca700000, 0x00000000ca700000, 0x00000000ca800000|  0%| F|  |TAMS 0x00000000ca700000, 0x00000000ca700000| Untracked 
| 168|0x00000000ca800000, 0x00000000ca800000, 0x00000000ca900000|  0%| F|  |TAMS 0x00000000ca800000, 0x00000000ca800000| Untracked 
| 169|0x00000000ca900000, 0x00000000ca900000, 0x00000000caa00000|  0%| F|  |TAMS 0x00000000ca900000, 0x00000000ca900000| Untracked 
| 170|0x00000000caa00000, 0x00000000caa00000, 0x00000000cab00000|  0%| F|  |TAMS 0x00000000caa00000, 0x00000000caa00000| Untracked 
| 171|0x00000000cab00000, 0x00000000cab00000, 0x00000000cac00000|  0%| F|  |TAMS 0x00000000cab00000, 0x00000000cab00000| Untracked 
| 172|0x00000000cac00000, 0x00000000cac00000, 0x00000000cad00000|  0%| F|  |TAMS 0x00000000cac00000, 0x00000000cac00000| Untracked 
| 173|0x00000000cad00000, 0x00000000cad00000, 0x00000000cae00000|  0%| F|  |TAMS 0x00000000cad00000, 0x00000000cad00000| Untracked 
| 174|0x00000000cae00000, 0x00000000cae00000, 0x00000000caf00000|  0%| F|  |TAMS 0x00000000cae00000, 0x00000000cae00000| Untracked 
| 175|0x00000000caf00000, 0x00000000caf00000, 0x00000000cb000000|  0%| F|  |TAMS 0x00000000caf00000, 0x00000000caf00000| Untracked 
| 176|0x00000000cb000000, 0x00000000cb000000, 0x00000000cb100000|  0%| F|  |TAMS 0x00000000cb000000, 0x00000000cb000000| Untracked 
| 177|0x00000000cb100000, 0x00000000cb100000, 0x00000000cb200000|  0%| F|  |TAMS 0x00000000cb100000, 0x00000000cb100000| Untracked 
| 178|0x00000000cb200000, 0x00000000cb200000, 0x00000000cb300000|  0%| F|  |TAMS 0x00000000cb200000, 0x00000000cb200000| Untracked 
| 179|0x00000000cb300000, 0x00000000cb300000, 0x00000000cb400000|  0%| F|  |TAMS 0x00000000cb300000, 0x00000000cb300000| Untracked 
| 180|0x00000000cb400000, 0x00000000cb400000, 0x00000000cb500000|  0%| F|  |TAMS 0x00000000cb400000, 0x00000000cb400000| Untracked 
| 181|0x00000000cb500000, 0x00000000cb500000, 0x00000000cb600000|  0%| F|  |TAMS 0x00000000cb500000, 0x00000000cb500000| Untracked 
| 182|0x00000000cb600000, 0x00000000cb600000, 0x00000000cb700000|  0%| F|  |TAMS 0x00000000cb600000, 0x00000000cb600000| Untracked 
| 183|0x00000000cb700000, 0x00000000cb700000, 0x00000000cb800000|  0%| F|  |TAMS 0x00000000cb700000, 0x00000000cb700000| Untracked 
| 184|0x00000000cb800000, 0x00000000cb800000, 0x00000000cb900000|  0%| F|  |TAMS 0x00000000cb800000, 0x00000000cb800000| Untracked 
| 185|0x00000000cb900000, 0x00000000cb900000, 0x00000000cba00000|  0%| F|  |TAMS 0x00000000cb900000, 0x00000000cb900000| Untracked 
| 186|0x00000000cba00000, 0x00000000cba00000, 0x00000000cbb00000|  0%| F|  |TAMS 0x00000000cba00000, 0x00000000cba00000| Untracked 
| 187|0x00000000cbb00000, 0x00000000cbc00000, 0x00000000cbc00000|100%| S|CS|TAMS 0x00000000cbb00000, 0x00000000cbb00000| Complete 
| 188|0x00000000cbc00000, 0x00000000cbd00000, 0x00000000cbd00000|100%| S|CS|TAMS 0x00000000cbc00000, 0x00000000cbc00000| Complete 
| 189|0x00000000cbd00000, 0x00000000cbe00000, 0x00000000cbe00000|100%| S|CS|TAMS 0x00000000cbd00000, 0x00000000cbd00000| Complete 
| 190|0x00000000cbe00000, 0x00000000cbf00000, 0x00000000cbf00000|100%| S|CS|TAMS 0x00000000cbe00000, 0x00000000cbe00000| Complete 
| 191|0x00000000cbf00000, 0x00000000cbf00000, 0x00000000cc000000|  0%| F|  |TAMS 0x00000000cbf00000, 0x00000000cbf00000| Untracked 
| 192|0x00000000cc000000, 0x00000000cc000000, 0x00000000cc100000|  0%| F|  |TAMS 0x00000000cc000000, 0x00000000cc000000| Untracked 
| 193|0x00000000cc100000, 0x00000000cc100000, 0x00000000cc200000|  0%| F|  |TAMS 0x00000000cc100000, 0x00000000cc100000| Untracked 
| 194|0x00000000cc200000, 0x00000000cc200000, 0x00000000cc300000|  0%| F|  |TAMS 0x00000000cc200000, 0x00000000cc200000| Untracked 
| 195|0x00000000cc300000, 0x00000000cc300000, 0x00000000cc400000|  0%| F|  |TAMS 0x00000000cc300000, 0x00000000cc300000| Untracked 
| 196|0x00000000cc400000, 0x00000000cc400000, 0x00000000cc500000|  0%| F|  |TAMS 0x00000000cc400000, 0x00000000cc400000| Untracked 
| 197|0x00000000cc500000, 0x00000000cc500000, 0x00000000cc600000|  0%| F|  |TAMS 0x00000000cc500000, 0x00000000cc500000| Untracked 
| 198|0x00000000cc600000, 0x00000000cc600000, 0x00000000cc700000|  0%| F|  |TAMS 0x00000000cc600000, 0x00000000cc600000| Untracked 
| 199|0x00000000cc700000, 0x00000000cc700000, 0x00000000cc800000|  0%| F|  |TAMS 0x00000000cc700000, 0x00000000cc700000| Untracked 
| 200|0x00000000cc800000, 0x00000000cc800000, 0x00000000cc900000|  0%| F|  |TAMS 0x00000000cc800000, 0x00000000cc800000| Untracked 
| 201|0x00000000cc900000, 0x00000000cc900000, 0x00000000cca00000|  0%| F|  |TAMS 0x00000000cc900000, 0x00000000cc900000| Untracked 
| 202|0x00000000cca00000, 0x00000000cca00000, 0x00000000ccb00000|  0%| F|  |TAMS 0x00000000cca00000, 0x00000000cca00000| Untracked 
| 203|0x00000000ccb00000, 0x00000000ccb00000, 0x00000000ccc00000|  0%| F|  |TAMS 0x00000000ccb00000, 0x00000000ccb00000| Untracked 
| 204|0x00000000ccc00000, 0x00000000ccc00000, 0x00000000ccd00000|  0%| F|  |TAMS 0x00000000ccc00000, 0x00000000ccc00000| Untracked 
| 205|0x00000000ccd00000, 0x00000000ccd00000, 0x00000000cce00000|  0%| F|  |TAMS 0x00000000ccd00000, 0x00000000ccd00000| Untracked 
| 206|0x00000000cce00000, 0x00000000cce00000, 0x00000000ccf00000|  0%| F|  |TAMS 0x00000000cce00000, 0x00000000cce00000| Untracked 
| 207|0x00000000ccf00000, 0x00000000ccf00000, 0x00000000cd000000|  0%| F|  |TAMS 0x00000000ccf00000, 0x00000000ccf00000| Untracked 
| 208|0x00000000cd000000, 0x00000000cd000000, 0x00000000cd100000|  0%| F|  |TAMS 0x00000000cd000000, 0x00000000cd000000| Untracked 
| 209|0x00000000cd100000, 0x00000000cd100000, 0x00000000cd200000|  0%| F|  |TAMS 0x00000000cd100000, 0x00000000cd100000| Untracked 
| 210|0x00000000cd200000, 0x00000000cd200000, 0x00000000cd300000|  0%| F|  |TAMS 0x00000000cd200000, 0x00000000cd200000| Untracked 
| 211|0x00000000cd300000, 0x00000000cd300000, 0x00000000cd400000|  0%| F|  |TAMS 0x00000000cd300000, 0x00000000cd300000| Untracked 
| 212|0x00000000cd400000, 0x00000000cd400000, 0x00000000cd500000|  0%| F|  |TAMS 0x00000000cd400000, 0x00000000cd400000| Untracked 
| 213|0x00000000cd500000, 0x00000000cd500000, 0x00000000cd600000|  0%| F|  |TAMS 0x00000000cd500000, 0x00000000cd500000| Untracked 
| 214|0x00000000cd600000, 0x00000000cd600000, 0x00000000cd700000|  0%| F|  |TAMS 0x00000000cd600000, 0x00000000cd600000| Untracked 
| 215|0x00000000cd700000, 0x00000000cd700000, 0x00000000cd800000|  0%| F|  |TAMS 0x00000000cd700000, 0x00000000cd700000| Untracked 
| 216|0x00000000cd800000, 0x00000000cd800000, 0x00000000cd900000|  0%| F|  |TAMS 0x00000000cd800000, 0x00000000cd800000| Untracked 
| 217|0x00000000cd900000, 0x00000000cd900000, 0x00000000cda00000|  0%| F|  |TAMS 0x00000000cd900000, 0x00000000cd900000| Untracked 
| 218|0x00000000cda00000, 0x00000000cda00000, 0x00000000cdb00000|  0%| F|  |TAMS 0x00000000cda00000, 0x00000000cda00000| Untracked 
| 219|0x00000000cdb00000, 0x00000000cdb00000, 0x00000000cdc00000|  0%| F|  |TAMS 0x00000000cdb00000, 0x00000000cdb00000| Untracked 

Card table byte_map: [0x000001fab8f40000,0x000001fab9140000] _byte_map_base: 0x000001fab8940000

Marking Bits (Prev, Next): (CMBitMap*) 0x000001faa1a70008, (CMBitMap*) 0x000001faa1a6ffc8
 Prev Bits: [0x000001faba340000, 0x000001fabb340000)
 Next Bits: [0x000001fab9340000, 0x000001faba340000)

Polling page: 0x000001fa9f8d0000

Metaspace:

Usage:
  Non-class:     58.91 MB capacity,    57.64 MB ( 98%) used,     1.09 MB (  2%) free+waste,   180.06 KB ( <1%) overhead. 
      Class:      9.64 MB capacity,     9.02 MB ( 94%) used,   544.74 KB (  6%) free+waste,    82.88 KB ( <1%) overhead. 
       Both:     68.55 MB capacity,    66.67 MB ( 97%) used,     1.62 MB (  2%) free+waste,   262.94 KB ( <1%) overhead. 

Virtual space:
  Non-class space:       60.00 MB reserved,      58.92 MB ( 98%) committed 
      Class space:        1.00 GB reserved,       9.75 MB ( <1%) committed 
             Both:        1.06 GB reserved,      68.67 MB (  6%) committed 

Chunk freelists:
   Non-Class:  11.00 KB
       Class:  19.00 KB
        Both:  30.00 KB

MaxMetaspaceSize: 17179869184.00 GB
CompressedClassSpaceSize: 1.00 GB

CodeHeap 'non-profiled nmethods': size=120064Kb used=4455Kb max_used=4455Kb free=115608Kb
 bounds [0x000001fab1a00000, 0x000001fab1e60000, 0x000001fab8f40000]
CodeHeap 'profiled nmethods': size=120000Kb used=20279Kb max_used=20279Kb free=99720Kb
 bounds [0x000001faaa4d0000, 0x000001faab8a0000, 0x000001fab1a00000]
CodeHeap 'non-nmethods': size=5696Kb used=2390Kb max_used=2426Kb free=3305Kb
 bounds [0x000001faa9f40000, 0x000001faaa1b0000, 0x000001faaa4d0000]
 total_blobs=13157 nmethods=8858 adapters=783
 compilation: enabled
              stopped_count=0, restarted_count=0
 full_count=0

Compilation events (20 events):
Event: 51.604 Thread 0x000001fabd6e3800 9775       2       com.android.tools.r8.graph.u::d (71 bytes)
Event: 51.606 Thread 0x000001fabd6e3800 nmethod 9775 0x000001faab898d10 code [0x000001faab898f00, 0x000001faab899450]
Event: 51.629 Thread 0x000001fabd6e3800 9777       2       com.android.tools.r8.code.Z1::<init> (7 bytes)
Event: 51.630 Thread 0x000001fabd6e3800 nmethod 9777 0x000001faab899790 code [0x000001faab899940, 0x000001faab899b18]
Event: 51.635 Thread 0x000001fabd6e3800 9779 %     3       com.android.tools.r8.v.a.a.a.f.X::b @ 58 (190 bytes)
Event: 51.636 Thread 0x000001fabd6e3800 nmethod 9779% 0x000001faab899c10 code [0x000001faab899ea0, 0x000001faab89adf0]
Event: 51.637 Thread 0x000001fabd6e3800 9780       3       com.android.tools.r8.v.a.a.a.f.X::b (190 bytes)
Event: 51.638 Thread 0x000001fabd6e3800 nmethod 9780 0x000001faab89b390 code [0x000001faab89b620, 0x000001faab89c3f0]
Event: 51.650 Thread 0x000001fabd6e3800 9781       2       com.android.tools.r8.code.c0::<init> (7 bytes)
Event: 51.651 Thread 0x000001fabd6e3800 nmethod 9781 0x000001faab89c890 code [0x000001faab89ca40, 0x000001faab89ccb0]
Event: 51.663 Thread 0x000001fabd6e3800 9782       2       com.android.tools.r8.code.r1::<init> (13 bytes)
Event: 51.663 Thread 0x000001fabd6e3800 nmethod 9782 0x000001faab89ce10 code [0x000001faab89cfc0, 0x000001faab89d170]
Event: 51.667 Thread 0x000001fabd6e3800 9783       2       com.android.tools.r8.code.z0::<init> (7 bytes)
Event: 51.668 Thread 0x000001fabd6e3800 nmethod 9783 0x000001faab89d290 code [0x000001faab89d440, 0x000001faab89d638]
Event: 51.688 Thread 0x000001fabd6e3800 9784 %     3       com.android.tools.r8.v.a.a.a.f.X::b @ 68 (190 bytes)
Event: 51.690 Thread 0x000001fabd6e3800 nmethod 9784% 0x000001faab89d790 code [0x000001faab89da20, 0x000001faab89e970]
Event: 51.728 Thread 0x000001fabd6e3800 9786       2       com.android.tools.r8.code.y0::<init> (7 bytes)
Event: 51.729 Thread 0x000001fabd6e3800 nmethod 9786 0x000001faab89ef10 code [0x000001faab89f0c0, 0x000001faab89f2b8]
Event: 51.793 Thread 0x000001fabd6e3800 9787       2       com.android.tools.r8.code.V1::<init> (13 bytes)
Event: 51.794 Thread 0x000001fabd6e3800 nmethod 9787 0x000001faab89f410 code [0x000001faab89f5c0, 0x000001faab89f770]

GC Heap History (20 events):
Event: 46.213 GC heap after
{Heap after GC invocations=59 (full 0):
 garbage-first heap   total 140288K, used 82509K [0x00000000c0000000, 0x0000000100000000)
  region size 1024K, 3 young (3072K), 3 survivors (3072K)
 Metaspace       used 64931K, capacity 66868K, committed 67120K, reserved 1107968K
  class space    used 8708K, capacity 9337K, committed 9344K, reserved 1048576K
}
Event: 46.599 GC heap before
{Heap before GC invocations=59 (full 0):
 garbage-first heap   total 140288K, used 87629K [0x00000000c0000000, 0x0000000100000000)
  region size 1024K, 9 young (9216K), 3 survivors (3072K)
 Metaspace       used 64959K, capacity 66871K, committed 67120K, reserved 1107968K
  class space    used 8713K, capacity 9338K, committed 9344K, reserved 1048576K
}
Event: 46.615 GC heap after
{Heap after GC invocations=60 (full 0):
 garbage-first heap   total 140288K, used 82932K [0x00000000c0000000, 0x0000000100000000)
  region size 1024K, 2 young (2048K), 2 survivors (2048K)
 Metaspace       used 64959K, capacity 66871K, committed 67120K, reserved 1107968K
  class space    used 8713K, capacity 9338K, committed 9344K, reserved 1048576K
}
Event: 47.104 GC heap before
{Heap before GC invocations=61 (full 0):
 garbage-first heap   total 155648K, used 92148K [0x00000000c0000000, 0x0000000100000000)
  region size 1024K, 4 young (4096K), 2 survivors (2048K)
 Metaspace       used 64988K, capacity 66874K, committed 67120K, reserved 1107968K
  class space    used 8717K, capacity 9339K, committed 9344K, reserved 1048576K
}
Event: 47.126 GC heap after
{Heap after GC invocations=62 (full 0):
 garbage-first heap   total 155648K, used 93013K [0x00000000c0000000, 0x0000000100000000)
  region size 1024K, 3 young (3072K), 3 survivors (3072K)
 Metaspace       used 64988K, capacity 66874K, committed 67120K, reserved 1107968K
  class space    used 8717K, capacity 9339K, committed 9344K, reserved 1048576K
}
Event: 47.835 GC heap before
{Heap before GC invocations=63 (full 0):
 garbage-first heap   total 155648K, used 101205K [0x00000000c0000000, 0x0000000100000000)
  region size 1024K, 11 young (11264K), 3 survivors (3072K)
 Metaspace       used 66412K, capacity 68339K, committed 68400K, reserved 1107968K
  class space    used 8910K, capacity 9553K, committed 9600K, reserved 1048576K
}
Event: 47.854 GC heap after
{Heap after GC invocations=64 (full 0):
 garbage-first heap   total 155648K, used 93524K [0x00000000c0000000, 0x0000000100000000)
  region size 1024K, 2 young (2048K), 2 survivors (2048K)
 Metaspace       used 66412K, capacity 68339K, committed 68400K, reserved 1107968K
  class space    used 8910K, capacity 9553K, committed 9600K, reserved 1048576K
}
Event: 48.496 GC heap before
{Heap before GC invocations=65 (full 0):
 garbage-first heap   total 193536K, used 127316K [0x00000000c0000000, 0x0000000100000000)
  region size 1024K, 19 young (19456K), 2 survivors (2048K)
 Metaspace       used 66686K, capacity 68634K, committed 68656K, reserved 1107968K
  class space    used 8945K, capacity 9587K, committed 9600K, reserved 1048576K
}
Event: 48.540 GC heap after
{Heap after GC invocations=66 (full 0):
 garbage-first heap   total 193536K, used 110698K [0x00000000c0000000, 0x0000000100000000)
  region size 1024K, 3 young (3072K), 3 survivors (3072K)
 Metaspace       used 66686K, capacity 68634K, committed 68656K, reserved 1107968K
  class space    used 8945K, capacity 9587K, committed 9600K, reserved 1048576K
}
Event: 49.034 GC heap before
{Heap before GC invocations=67 (full 0):
 garbage-first heap   total 193536K, used 114794K [0x00000000c0000000, 0x0000000100000000)
  region size 1024K, 7 young (7168K), 3 survivors (3072K)
 Metaspace       used 66686K, capacity 68634K, committed 68656K, reserved 1107968K
  class space    used 8945K, capacity 9587K, committed 9600K, reserved 1048576K
}
Event: 49.058 GC heap after
{Heap after GC invocations=68 (full 0):
 garbage-first heap   total 193536K, used 113147K [0x00000000c0000000, 0x0000000100000000)
  region size 1024K, 3 young (3072K), 3 survivors (3072K)
 Metaspace       used 66686K, capacity 68634K, committed 68656K, reserved 1107968K
  class space    used 8945K, capacity 9587K, committed 9600K, reserved 1048576K
}
Event: 49.491 GC heap before
{Heap before GC invocations=69 (full 0):
 garbage-first heap   total 193536K, used 114171K [0x00000000c0000000, 0x0000000100000000)
  region size 1024K, 4 young (4096K), 3 survivors (3072K)
 Metaspace       used 66686K, capacity 68634K, committed 68656K, reserved 1107968K
  class space    used 8945K, capacity 9587K, committed 9600K, reserved 1048576K
}
Event: 49.512 GC heap after
{Heap after GC invocations=70 (full 0):
 garbage-first heap   total 193536K, used 114121K [0x00000000c0000000, 0x0000000100000000)
  region size 1024K, 1 young (1024K), 1 survivors (1024K)
 Metaspace       used 66686K, capacity 68634K, committed 68656K, reserved 1107968K
  class space    used 8945K, capacity 9587K, committed 9600K, reserved 1048576K
}
Event: 50.199 GC heap before
{Heap before GC invocations=71 (full 0):
 garbage-first heap   total 199680K, used 131529K [0x00000000c0000000, 0x0000000100000000)
  region size 1024K, 18 young (18432K), 1 survivors (1024K)
 Metaspace       used 66721K, capacity 68636K, committed 68656K, reserved 1107968K
  class space    used 8946K, capacity 9587K, committed 9600K, reserved 1048576K
}
Event: 50.250 GC heap after
{Heap after GC invocations=72 (full 0):
 garbage-first heap   total 199680K, used 122230K [0x00000000c0000000, 0x0000000100000000)
  region size 1024K, 3 young (3072K), 3 survivors (3072K)
 Metaspace       used 66721K, capacity 68636K, committed 68656K, reserved 1107968K
  class space    used 8946K, capacity 9587K, committed 9600K, reserved 1048576K
}
Event: 50.275 GC heap before
{Heap before GC invocations=72 (full 0):
 garbage-first heap   total 199680K, used 125302K [0x00000000c0000000, 0x0000000100000000)
  region size 1024K, 7 young (7168K), 3 survivors (3072K)
 Metaspace       used 66722K, capacity 68636K, committed 68656K, reserved 1107968K
  class space    used 8946K, capacity 9587K, committed 9600K, reserved 1048576K
}
Event: 50.314 GC heap after
{Heap after GC invocations=73 (full 0):
 garbage-first heap   total 199680K, used 124054K [0x00000000c0000000, 0x0000000100000000)
  region size 1024K, 2 young (2048K), 2 survivors (2048K)
 Metaspace       used 66722K, capacity 68636K, committed 68656K, reserved 1107968K
  class space    used 8946K, capacity 9587K, committed 9600K, reserved 1048576K
}
Event: 51.175 GC heap before
{Heap before GC invocations=74 (full 0):
 garbage-first heap   total 225280K, used 142486K [0x00000000c0000000, 0x0000000100000000)
  region size 1024K, 20 young (20480K), 2 survivors (2048K)
 Metaspace       used 68220K, capacity 70130K, committed 70320K, reserved 1110016K
  class space    used 9241K, capacity 9869K, committed 9984K, reserved 1048576K
}
Event: 51.243 GC heap after
{Heap after GC invocations=75 (full 0):
 garbage-first heap   total 225280K, used 132895K [0x00000000c0000000, 0x0000000100000000)
  region size 1024K, 3 young (3072K), 3 survivors (3072K)
 Metaspace       used 68220K, capacity 70130K, committed 70320K, reserved 1110016K
  class space    used 9241K, capacity 9869K, committed 9984K, reserved 1048576K
}
Event: 51.795 GC heap before
{Heap before GC invocations=75 (full 0):
 garbage-first heap   total 225280K, used 158495K [0x00000000c0000000, 0x0000000100000000)
  region size 1024K, 29 young (29696K), 3 survivors (3072K)
 Metaspace       used 68267K, capacity 70194K, committed 70320K, reserved 1110016K
  class space    used 9241K, capacity 9869K, committed 9984K, reserved 1048576K
}

Deoptimization events (20 events):
Event: 50.724 Thread 0x000001fac1c30800 DEOPT PACKING pc=0x000001fab1ba14b0 sp=0x0000000c191fe730
Event: 50.724 Thread 0x000001fac1c30800 DEOPT UNPACKING pc=0x000001faa9f8942f sp=0x0000000c191fe6a8 mode 2
Event: 50.917 Thread 0x000001fac1c30800 Uncommon trap: trap_request=0xffffff45 fr.pc=0x000001fab1d6c21c relative=0x000000000000037c
Event: 50.917 Thread 0x000001fac1c30800 Uncommon trap: reason=unstable_if action=reinterpret pc=0x000001fab1d6c21c method=java.util.concurrent.ConcurrentLinkedQueue.offer(Ljava/lang/Object;)Z @ 96 c2
Event: 50.917 Thread 0x000001fac1c30800 DEOPT PACKING pc=0x000001fab1d6c21c sp=0x0000000c191fe880
Event: 50.917 Thread 0x000001fac1c30800 DEOPT UNPACKING pc=0x000001faa9f8942f sp=0x0000000c191fe7d0 mode 2
Event: 50.937 Thread 0x000001fac1c30800 Uncommon trap: trap_request=0xffffff45 fr.pc=0x000001fab1e4f10c relative=0x000000000000026c
Event: 50.937 Thread 0x000001fac1c30800 Uncommon trap: reason=unstable_if action=reinterpret pc=0x000001fab1e4f10c method=com.android.tools.r8.graph.e0.c(Lcom/android/tools/r8/graph/e0;)I @ 41 c2
Event: 50.937 Thread 0x000001fac1c30800 DEOPT PACKING pc=0x000001fab1e4f10c sp=0x0000000c191fe640
Event: 50.937 Thread 0x000001fac1c30800 DEOPT UNPACKING pc=0x000001faa9f8942f sp=0x0000000c191fe5c8 mode 2
Event: 51.268 Thread 0x000001fac1c30800 Uncommon trap: trap_request=0xffffff45 fr.pc=0x000001fab1e58c9c relative=0x00000000000012bc
Event: 51.268 Thread 0x000001fac1c30800 Uncommon trap: reason=unstable_if action=reinterpret pc=0x000001fab1e58c9c method=com.android.tools.r8.dex.n.i()Lcom/android/tools/r8/graph/h0; @ 56 c2
Event: 51.268 Thread 0x000001fac1c30800 DEOPT PACKING pc=0x000001fab1e58c9c sp=0x0000000c191fe710
Event: 51.268 Thread 0x000001fac1c30800 DEOPT UNPACKING pc=0x000001faa9f8942f sp=0x0000000c191fe700 mode 2
Event: 51.640 Thread 0x000001fac1c30800 DEOPT PACKING pc=0x000001faab89ab64 sp=0x0000000c191fe3c0
Event: 51.640 Thread 0x000001fac1c30800 DEOPT UNPACKING pc=0x000001faa9f8994e sp=0x0000000c191fd958 mode 0
Event: 51.691 Thread 0x000001fac1c30800 DEOPT PACKING pc=0x000001faab89e6ec sp=0x0000000c191fe580
Event: 51.691 Thread 0x000001fac1c30800 DEOPT UNPACKING pc=0x000001faa9f8994e sp=0x0000000c191fdb28 mode 0
Event: 51.692 Thread 0x000001fac1c30800 DEOPT PACKING pc=0x000001faab89ab64 sp=0x0000000c191fe590
Event: 51.692 Thread 0x000001fac1c30800 DEOPT UNPACKING pc=0x000001faa9f8994e sp=0x0000000c191fdb28 mode 0

Classes unloaded (2 events):
Event: 39.751 Thread 0x000001faa1b0d800 Unloading class 0x00000008013d1440 'org/gradle/api/internal/artifacts/transform/DefaultTransformerInvocationFactory$$Lambda$519'
Event: 39.751 Thread 0x000001faa1b0d800 Unloading class 0x00000008013a9040 'java/lang/invoke/LambdaForm$DMH'

Classes redefined (0 events):
No events

Internal exceptions (20 events):
Event: 42.184 Thread 0x000001fac1c25000 Exception <a 'java/lang/NoSuchMethodError'{0x00000000c7139108}: static Lcom/android/build/api/artifact/ArtifactKind;.<clinit>()V> (0x00000000c7139108) 
thrown [t:/workspace/open/src/hotspot/share/prims/jni.cpp, line 1347]
Event: 42.434 Thread 0x000001fac1c25000 Exception <a 'sun/nio/fs/WindowsException'{0x00000000c69fba58}> (0x00000000c69fba58) 
thrown [t:/workspace/open/src/hotspot/share/prims/jni.cpp, line 598]
Event: 42.434 Thread 0x000001fac1c25000 Exception <a 'sun/nio/fs/WindowsException'{0x00000000c69fc3d8}> (0x00000000c69fc3d8) 
thrown [t:/workspace/open/src/hotspot/share/prims/jni.cpp, line 598]
Event: 42.435 Thread 0x000001fac1c25000 Exception <a 'sun/nio/fs/WindowsException'{0x00000000c69fd038}> (0x00000000c69fd038) 
thrown [t:/workspace/open/src/hotspot/share/prims/jni.cpp, line 598]
Event: 42.438 Thread 0x000001fac1c25000 Exception <a 'sun/nio/fs/WindowsException'{0x00000000c682bd98}> (0x00000000c682bd98) 
thrown [t:/workspace/open/src/hotspot/share/prims/jni.cpp, line 598]
Event: 42.438 Thread 0x000001fac1c25000 Exception <a 'sun/nio/fs/WindowsException'{0x00000000c682c6d8}> (0x00000000c682c6d8) 
thrown [t:/workspace/open/src/hotspot/share/prims/jni.cpp, line 598]
Event: 42.438 Thread 0x000001fac1c25000 Exception <a 'sun/nio/fs/WindowsException'{0x00000000c682d098}> (0x00000000c682d098) 
thrown [t:/workspace/open/src/hotspot/share/prims/jni.cpp, line 598]
Event: 42.442 Thread 0x000001fac1c25000 Exception <a 'sun/nio/fs/WindowsException'{0x00000000c682edb8}> (0x00000000c682edb8) 
thrown [t:/workspace/open/src/hotspot/share/prims/jni.cpp, line 598]
Event: 42.442 Thread 0x000001fac1c25000 Exception <a 'sun/nio/fs/WindowsException'{0x00000000c682f708}> (0x00000000c682f708) 
thrown [t:/workspace/open/src/hotspot/share/prims/jni.cpp, line 598]
Event: 42.442 Thread 0x000001fac1c25000 Exception <a 'sun/nio/fs/WindowsException'{0x00000000c68300d8}> (0x00000000c68300d8) 
thrown [t:/workspace/open/src/hotspot/share/prims/jni.cpp, line 598]
Event: 42.537 Thread 0x000001fabebcd800 Implicit null exception at 0x000001fab1badb5e to 0x000001fab1bae33a
Event: 45.637 Thread 0x000001fac1c25000 Exception <a 'java/lang/NoSuchMethodError'{0x00000000c7359cf0}: static Lcom/android/build/gradle/internal/tasks/Workers$ActionParameters;.<clinit>()V> (0x00000000c7359cf0) 
thrown [t:/workspace/open/src/hotspot/share/prims/jni.cpp, line 1347]
Event: 45.647 Thread 0x000001fac1c25000 Exception <a 'java/lang/NoSuchMethodError'{0x00000000c736be28}: static Lcom/android/build/gradle/internal/tasks/DexMergingParams;.<clinit>()V> (0x00000000c736be28) 
thrown [t:/workspace/open/src/hotspot/share/prims/jni.cpp, line 1347]
Event: 47.523 Thread 0x000001fac1c25800 Exception <a 'sun/nio/fs/WindowsException'{0x00000000c978df60}> (0x00000000c978df60) 
thrown [t:/workspace/open/src/hotspot/share/prims/jni.cpp, line 598]
Event: 47.754 Thread 0x000001fac1c25800 Exception <a 'java/lang/NoSuchMethodError'{0x00000000c9094540}: 'java.lang.Object java.lang.invoke.DirectMethodHandle$Holder.invokeStatic(java.lang.Object, java.lang.Object, java.lang.Object, java.lang.Object, java.lang.Object, java.lang.Object, java.lang.Object, java.lang.Object, java.lang.Object, java.lang.Object, java.lang.Object, java.lang.Object, java.lang.Object, java.lang.Object, java.lang.Object, java.lang.Object, java.lang.Object, int, java.lang.Object)'> (0x00000000c9094540) 
thrown [t:/workspace
Event: 47.758 Thread 0x000001fac1c25800 Exception <a 'java/lang/NoSuchMethodError'{0x00000000c9098f58}: 'java.lang.Object java.lang.invoke.DirectMethodHandle$Holder.invokeStaticInit(java.lang.Object, java.lang.Object, java.lang.Object, java.lang.Object, java.lang.Object, java.lang.Object, java.lang.Object, java.lang.Object, java.lang.Object, java.lang.Object, java.lang.Object, java.lang.Object, java.lang.Object, java.lang.Object, java.lang.Object, java.lang.Object, java.lang.Object, int, java.lang.Object)'> (0x00000000c9098f58) 
thrown [t:/works
Event: 50.518 Thread 0x000001fac1c31000 Exception <a 'java/lang/NoSuchMethodError'{0x00000000cb987958}: 'java.lang.Object java.lang.invoke.DirectMethodHandle$Holder.newInvokeSpecial(java.lang.Object, int)'> (0x00000000cb987958) 
thrown [t:/workspace/open/src/hotspot/share/interpreter/linkResolver.cpp, line 767]
Event: 50.724 Thread 0x000001fac1c30800 Implicit null exception at 0x000001fab1ba13af to 0x000001fab1ba14a2
Event: 50.739 Thread 0x000001fac1c30800 Exception <a 'java/lang/NoSuchMethodError'{0x00000000cda7c008}: 'long java.lang.invoke.DirectMethodHandle$Holder.invokeStatic(java.lang.Object, java.lang.Object, java.lang.Object)'> (0x00000000cda7c008) 
thrown [t:/workspace/open/src/hotspot/share/interpreter/linkResolver.cpp, line 767]
Event: 50.743 Thread 0x000001fac1c31000 Exception <a 'java/lang/NoSuchMethodError'{0x00000000cda5bf58}: 'long java.lang.invoke.DirectMethodHandle$Holder.invokeStatic(java.lang.Object, java.lang.Object, java.lang.Object)'> (0x00000000cda5bf58) 
thrown [t:/workspace/open/src/hotspot/share/interpreter/linkResolver.cpp, line 767]

Events (20 events):
Event: 50.911 loading class com/android/tools/r8/v/a/a/a/f/r done
Event: 50.912 loading class com/android/tools/r8/v/a/a/a/f/b
Event: 50.912 loading class com/android/tools/r8/v/a/a/a/f/b done
Event: 50.912 loading class com/android/tools/r8/v/a/a/a/f/v
Event: 50.912 loading class com/android/tools/r8/v/a/a/a/f/v done
Event: 50.913 loading class com/android/tools/r8/v/a/a/a/f/s
Event: 50.913 loading class com/android/tools/r8/v/a/a/a/f/s done
Event: 50.914 loading class com/android/tools/r8/v/a/a/a/f/f0
Event: 50.914 loading class com/android/tools/r8/v/a/a/a/f/f0 done
Event: 50.915 loading class com/android/tools/r8/graph/E$b$a
Event: 50.915 loading class com/android/tools/r8/graph/E$b$a done
Event: 50.962 loading class com/android/tools/r8/ir/analysis/type/k
Event: 50.962 loading class com/android/tools/r8/ir/analysis/type/k done
Event: 51.012 loading class com/android/tools/r8/ir/analysis/type/i
Event: 51.012 loading class com/android/tools/r8/ir/analysis/type/i done
Event: 51.078 loading class com/android/tools/r8/ir/analysis/type/h
Event: 51.078 loading class com/android/tools/r8/ir/analysis/type/h done
Event: 51.175 Executing VM operation: G1CollectForAllocation
Event: 51.257 Executing VM operation: G1CollectForAllocation done
Event: 51.795 Executing VM operation: G1CollectForAllocation


Dynamic libraries:
0x00007ff70a000000 - 0x00007ff70a00f000 	C:\Program Files\Java\jdk-13.0.2\bin\java.exe
0x00007ff9f88b0000 - 0x00007ff9f8a9d000 	C:\Windows\SYSTEM32\ntdll.dll
0x00007ff9f5ad0000 - 0x00007ff9f5b83000 	C:\Windows\System32\KERNEL32.DLL
0x00007ff9f4d00000 - 0x00007ff9f4f95000 	C:\Windows\System32\KERNELBASE.dll
0x00007ff9f4a40000 - 0x00007ff9f4b3a000 	C:\Windows\System32\ucrtbase.dll
0x00007ff9eb520000 - 0x00007ff9eb538000 	C:\Program Files\Java\jdk-13.0.2\bin\jli.dll
0x00007ff9eb500000 - 0x00007ff9eb515000 	C:\Program Files\Java\jdk-13.0.2\bin\VCRUNTIME140.dll
0x00007ff9f7be0000 - 0x00007ff9f7c83000 	C:\Windows\System32\ADVAPI32.dll
0x00007ff9f82a0000 - 0x00007ff9f833e000 	C:\Windows\System32\msvcrt.dll
0x00007ff9f7980000 - 0x00007ff9f7a1e000 	C:\Windows\System32\sechost.dll
0x00007ff9f8470000 - 0x00007ff9f8592000 	C:\Windows\System32\RPCRT4.dll
0x00007ff9f77e0000 - 0x00007ff9f7977000 	C:\Windows\System32\USER32.dll
0x00007ff9f4ce0000 - 0x00007ff9f4d00000 	C:\Windows\System32\win32u.dll
0x00007ff9f8240000 - 0x00007ff9f8269000 	C:\Windows\System32\GDI32.dll
0x00007ff9f4b40000 - 0x00007ff9f4cd9000 	C:\Windows\System32\gdi32full.dll
0x00007ff9f5740000 - 0x00007ff9f57e0000 	C:\Windows\System32\msvcp_win.dll
0x00007ff9e1f10000 - 0x00007ff9e2189000 	C:\Windows\WinSxS\amd64_microsoft.windows.common-controls_6595b64144ccf1df_6.0.17763.1217_none_de6e4304534e0ad3\COMCTL32.dll
0x00007ff9f5fb0000 - 0x00007ff9f62dc000 	C:\Windows\System32\combase.dll
0x00007ff9f5a20000 - 0x00007ff9f5a9e000 	C:\Windows\System32\bcryptPrimitives.dll
0x00007ff9f0370000 - 0x00007ff9f037a000 	C:\Windows\SYSTEM32\VERSION.dll
0x00007ff9f8270000 - 0x00007ff9f829e000 	C:\Windows\System32\IMM32.DLL
0x00007ff9d0ea0000 - 0x00007ff9d0f3b000 	C:\Program Files\Java\jdk-13.0.2\bin\msvcp140.dll
0x00007ff9c1bd0000 - 0x00007ff9c272d000 	C:\Program Files\Java\jdk-13.0.2\bin\server\jvm.dll
0x00007ff9f85a0000 - 0x00007ff9f85a8000 	C:\Windows\System32\PSAPI.DLL
0x00007ff9f2940000 - 0x00007ff9f2949000 	C:\Windows\SYSTEM32\WSOCK32.dll
0x00007ff9f85b0000 - 0x00007ff9f861d000 	C:\Windows\System32\WS2_32.dll
0x00007ff9f28e0000 - 0x00007ff9f2904000 	C:\Windows\SYSTEM32\WINMM.dll
0x00007ff9f28b0000 - 0x00007ff9f28dd000 	C:\Windows\SYSTEM32\WINMMBASE.dll
0x00007ff9f56f0000 - 0x00007ff9f573a000 	C:\Windows\System32\cfgmgr32.dll
0x00007ff9f4920000 - 0x00007ff9f4931000 	C:\Windows\System32\kernel.appcore.dll
0x00007ff9ee760000 - 0x00007ff9ee770000 	C:\Program Files\Java\jdk-13.0.2\bin\verify.dll
0x00007ff9e3a50000 - 0x00007ff9e3c3d000 	C:\Windows\SYSTEM32\DBGHELP.DLL
0x00007ff9e3a20000 - 0x00007ff9e3a4a000 	C:\Windows\SYSTEM32\dbgcore.DLL
0x00007ff9eb460000 - 0x00007ff9eb486000 	C:\Program Files\Java\jdk-13.0.2\bin\java.dll
0x00007ff9eb2e0000 - 0x00007ff9eb2f7000 	C:\Program Files\Java\jdk-13.0.2\bin\zip.dll
0x00007ff9edb90000 - 0x00007ff9edb9a000 	C:\Program Files\Java\jdk-13.0.2\bin\jimage.dll
0x00007ff9f62e0000 - 0x00007ff9f77d4000 	C:\Windows\System32\SHELL32.dll
0x00007ff9f87d0000 - 0x00007ff9f8878000 	C:\Windows\System32\shcore.dll
0x00007ff9f4fa0000 - 0x00007ff9f56ee000 	C:\Windows\System32\windows.storage.dll
0x00007ff9f4940000 - 0x00007ff9f4964000 	C:\Windows\System32\profapi.dll
0x00007ff9f48c0000 - 0x00007ff9f491d000 	C:\Windows\System32\powrprof.dll
0x00007ff9f5c90000 - 0x00007ff9f5ce2000 	C:\Windows\System32\shlwapi.dll
0x00007ff9f4970000 - 0x00007ff9f4987000 	C:\Windows\System32\cryptsp.dll
0x00007ff9eb2c0000 - 0x00007ff9eb2d9000 	C:\Program Files\Java\jdk-13.0.2\bin\net.dll
0x00007ff9e8990000 - 0x00007ff9e8a82000 	C:\Windows\SYSTEM32\WINHTTP.dll
0x00007ff9f40c0000 - 0x00007ff9f4127000 	C:\Windows\system32\mswsock.dll
0x00007ff9eb1f0000 - 0x00007ff9eb203000 	C:\Program Files\Java\jdk-13.0.2\bin\nio.dll
0x00007ff9eb3b0000 - 0x00007ff9eb3d6000 	C:\Users\ELCOT\.gradle\caches\gradle-6.5\native\31\windows-amd64\native-platform.dll
0x00007ff9ed1e0000 - 0x00007ff9ed1e9000 	C:\Program Files\Java\jdk-13.0.2\bin\management.dll
0x00007ff9ec150000 - 0x00007ff9ec15b000 	C:\Program Files\Java\jdk-13.0.2\bin\management_ext.dll
0x00007ff9f3bf0000 - 0x00007ff9f3c23000 	C:\Windows\system32\rsaenh.dll
0x00007ff9f5aa0000 - 0x00007ff9f5ac6000 	C:\Windows\System32\bcrypt.dll
0x00007ff9f47a0000 - 0x00007ff9f47c8000 	C:\Windows\SYSTEM32\USERENV.dll
0x00007ff9f4240000 - 0x00007ff9f424c000 	C:\Windows\SYSTEM32\CRYPTBASE.dll
0x00007ff9f3df0000 - 0x00007ff9f3e2d000 	C:\Windows\SYSTEM32\IPHLPAPI.DLL
0x00007ff9f5cf0000 - 0x00007ff9f5cf8000 	C:\Windows\System32\NSI.dll
0x00007ff9ec560000 - 0x00007ff9ec576000 	C:\Windows\SYSTEM32\dhcpcsvc6.DLL
0x00007ff9ec540000 - 0x00007ff9ec55c000 	C:\Windows\SYSTEM32\dhcpcsvc.DLL
0x00007ff9f3e40000 - 0x00007ff9f3f07000 	C:\Windows\SYSTEM32\DNSAPI.dll

dbghelp: loaded successfully - version: 4.0.5 - missing functions: none
symbol engine: initialized successfully - sym options: 0x614 - pdb path: .;C:\Program Files\Java\jdk-13.0.2\bin;C:\Windows\SYSTEM32;C:\Windows\WinSxS\amd64_microsoft.windows.common-controls_6595b64144ccf1df_6.0.17763.1217_none_de6e4304534e0ad3;C:\Program Files\Java\jdk-13.0.2\bin\server;C:\Users\ELCOT\.gradle\caches\gradle-6.5\native\31\windows-amd64

VM Arguments:
jvm_args: --add-opens=java.base/java.util=ALL-UNNAMED --add-opens=java.base/java.lang=ALL-UNNAMED --add-opens=java.base/java.lang.invoke=ALL-UNNAMED --add-opens=java.prefs/java.util.prefs=ALL-UNNAMED -Xmx1024m -Dfile.encoding=windows-1252 -Duser.country=IN -Duser.language=en -Duser.variant 
java_command: org.gradle.launcher.daemon.bootstrap.GradleDaemon 6.1.1
java_class_path (initial): C:\Users\ELCOT\.gradle\caches\gradle-6.5\wrapper\dists\gradle-6.1.1-all\cfmwm155h49vnt3hynmlrsdst\gradle-6.1.1\lib\gradle-launcher-6.1.1.jar
Launcher Type: SUN_STANDARD

[Global flags]
     intx CICompilerCount                          = 2                                         {product} {ergonomic}
     uint ConcGCThreads                            = 1                                         {product} {ergonomic}
     uint G1ConcRefinementThreads                  = 2                                         {product} {ergonomic}
   size_t G1HeapRegionSize                         = 1048576                                   {product} {ergonomic}
    uintx GCDrainStackTargetSize                   = 64                                        {product} {ergonomic}
   size_t InitialHeapSize                          = 65011712                                  {product} {ergonomic}
   size_t MarkStackSize                            = 4194304                                   {product} {ergonomic}
   size_t MaxHeapSize                              = 1073741824                                {product} {command line}
   size_t MaxNewSize                               = 643825664                                 {product} {ergonomic}
   size_t MinHeapDeltaBytes                        = 1048576                                   {product} {ergonomic}
   size_t MinHeapSize                              = 8388608                                   {product} {ergonomic}
    uintx NonNMethodCodeHeapSize                   = 5826188                                {pd product} {ergonomic}
    uintx NonProfiledCodeHeapSize                  = 122916026                              {pd product} {ergonomic}
    uintx ProfiledCodeHeapSize                     = 122916026                              {pd product} {ergonomic}
    uintx ReservedCodeCacheSize                    = 251658240                              {pd product} {ergonomic}
     bool SegmentedCodeCache                       = true                                      {product} {ergonomic}
   size_t SoftMaxHeapSize                          = 1073741824                             {manageable} {ergonomic}
     bool UseCompressedClassPointers               = true                                 {lp64_product} {ergonomic}
     bool UseCompressedOops                        = true                                 {lp64_product} {ergonomic}
     bool UseG1GC                                  = true                                      {product} {ergonomic}
     bool UseLargePagesIndividualAllocation        = false                                  {pd product} {ergonomic}

Logging:
Log output configuration:
 #0: stdout all=warning uptime,level,tags
 #1: stderr all=off uptime,level,tags

Environment Variables:
JAVA_HOME=C:\Program Files\Android\Android Studio\jre
PATH=C:\Program Files\AdoptOpenJDK\jdk-11.0.7.10-hotspot\bin;C:\Program Files (x86)\Common Files\Oracle\Java\javapath;C:\MinGW\bin;C:\Windows\system32;C:\Windows;C:\Windows\System32\Wbem;C:\Windows\System32\WindowsPowerShell\v1.0\;C:\Windows\System32\OpenSSH\;C:\Program Files\nodejs\;C:\Users\ELCOT\Downloads\python-3.8.2;C:\Program Files\Dart\dart-sdk\bin;C:\drivers\chromedriver_win32.zip;C:\src\flutter\flutter_windows_v1.12.13+hotfix.9-stable\flutter\bin;C:\Program Files (x86)\Android\android-sdk\platforms\platform-tools;C:\Program Files (x86)\Android\android-sdk\platform-tools\api;C:\Downloads\installer_r16-windows.exe;C:\ProgramData\Microsoft\Windows\Start Menu\Programs\Android SDK Tools;D:\kishoreAndroid\Android\Android Studio\bin;D:\kishoreAndroid\Android\Android Studio;C:\ProgramData\Microsoft\Windows\Start Menu\Programs\Visual Studio Emulator for Android.lnk;C:\Downloads\vs_emulatorsetup.exe;C:\Program Files (x86)\Android\android-sdk\SDK Manager;D:\Kishore\platforms;C:\Users\ELCOT\AppData\Local\Programs\Python\Python38\Scripts\;C:\Users\;C:\Program Files\Android\Android Studio\jre;C:\Program Files\Java\jdk-13.0.2\bin;C:\Program Files\Java\jre1.8.0_251\bin;C:\Program Files (x86)\Android\platform-tools;C:\Downloads\python-3.8.2.exe;C:\Program Files\dotnet\;C:\Program Files\Microsoft SQL Server\130\Tools\Binn\;C:\Program Files\Microsoft SQL Server\Client SDK\ODBC\170\Tools\Binn\;D:\Git\cmd;C:\Users\ELCOT\AppData\Roaming\npm;D:\modelsim_ase\win32aloem;C:\Users\ELCOT\AppData\Local\Programs\Python\Python39\Scripts\;C:\Users\ELCOT\AppData\Local\Programs\Python\Python39\;C:\Users\ELCOT\AppData\Local\ValidatorBuddy;C:\Users\ELCOT\AppData\Local\Programs\Python\Python38;C:\src\flutter\bin;D:\Heroku\bin;D:\Microsoft VS Code\bin;C:\Users\ELCOT\AppData\Roaming\npm\node_modules\firebase\node_modules\protobufjs\bin;
USERNAME=ELCOT
OS=Windows_NT
PROCESSOR_IDENTIFIER=AMD64 Family 21 Model 112 Stepping 0, AuthenticAMD



---------------  S Y S T E M  ---------------

OS: Windows 10 , 64 bit Build 17763 (10.0.17763.1158)
HyperV virtualization detected

CPU:total 2 (initial active 2) (2 cores per cpu, 1 threads per core) family 21 model 112 stepping 0, cmov, cx8, fxsr, mmx, sse, sse2, sse3, ssse3, sse4.1, sse4.2, popcnt, avx, avx2, aes, clmul, mmxext, 3dnowpref, lzcnt, sse4a, tsc, tscinvbit, tscinv, bmi1, bmi2, fma

Memory: 4k page, system-wide physical 3935M (475M free)
TotalPageFile size 5322M (AvailPageFile size 9M)
current process WorkingSet (physical memory assigned to process): 409M, peak: 409M
current process commit charge ("private bytes"): 466M, peak: 518M

vm_info: Java HotSpot(TM) 64-Bit Server VM (13.0.2+8) for windows-amd64 JRE (13.0.2+8), built on Dec 11 2019 09:20:33 by "mach5one" with unknown MS VC++:1916

END.
