#
# There is insufficient memory for the Java Runtime Environment to continue.
# Native memory allocation (malloc) failed to allocate 1805296 bytes for Chunk::new
# Possible reasons:
#   The system is out of physical RAM or swap space
#   The process is running with CompressedOops enabled, and the Java Heap may be blocking the growth of the native heap
# Possible solutions:
#   Reduce memory load on the system
#   Increase physical memory or swap space
#   Check if swap backing store is full
#   Decrease Java heap size (-Xmx/-Xms)
#   Decrease number of Java threads
#   Decrease Java thread stack sizes (-Xss)
#   Set larger code cache with -XX:ReservedCodeCacheSize=
#   JVM is running with Unscaled Compressed Oops mode in which the Java heap is
#     placed in the first 4GB address space. The Java Heap base address is the
#     maximum limit for the native heap growth. Please use -XX:HeapBaseMinAddress
#     to set the Java Heap base and to place the Java Heap above 4GB virtual address.
# This output file may be truncated or incomplete.
#
#  Out of Memory Error (t:/workspace/open/src/hotspot/share/memory/arena.cpp:196), pid=7992, tid=9312
#
# JRE version: Java(TM) SE Runtime Environment (13.0.2+8) (build 13.0.2+8)
# Java VM: Java HotSpot(TM) 64-Bit Server VM (13.0.2+8, mixed mode, sharing, tiered, compressed oops, g1 gc, windows-amd64)
# No core dump will be written. Minidumps are not enabled by default on client versions of Windows
#

---------------  S U M M A R Y ------------

Command Line: --add-opens=java.base/java.util=ALL-UNNAMED --add-opens=java.base/java.lang=ALL-UNNAMED --add-opens=java.base/java.lang.invoke=ALL-UNNAMED --add-opens=java.prefs/java.util.prefs=ALL-UNNAMED -Xmx1024m -Dfile.encoding=windows-1252 -Duser.country=IN -Duser.language=en -Duser.variant org.gradle.launcher.daemon.bootstrap.GradleDaemon 6.1.1

Host: AMD PRO A4-4350B R4, 5 COMPUTE CORES 2C+3G     , 2 cores, 3G,  Windows 10 , 64 bit Build 17763 (10.0.17763.1158)
Time: Mon Oct 12 21:36:35 2020 Pacific Daylight Time elapsed time: 29 seconds (0d 0h 0m 29s)

---------------  T H R E A D  ---------------

Current thread (0x0000015aa67d1800):  JavaThread "C2 CompilerThread0" daemon [_thread_in_native, id=9312, stack(0x0000000b7fd00000,0x0000000b7fe00000)]


Current CompileTask:
C2:  29044 5836       4       groovy.lang.MetaClassImpl$1MOPIter::methodNameAction (325 bytes)

Stack: [0x0000000b7fd00000,0x0000000b7fe00000]
Native frames: (J=compiled Java code, j=interpreted, Vv=VM code, C=native code)
V  [jvm.dll+0x624f9a]
V  [jvm.dll+0x770cfa]
V  [jvm.dll+0x7724af]
V  [jvm.dll+0x772ab3]
V  [jvm.dll+0x24bf08]
V  [jvm.dll+0xc1e47]
V  [jvm.dll+0xc23cc]
V  [jvm.dll+0x35c068]
V  [jvm.dll+0x327803]
V  [jvm.dll+0x326bda]
V  [jvm.dll+0x205c27]
V  [jvm.dll+0x204e3f]
V  [jvm.dll+0x189c2c]
V  [jvm.dll+0x213e6d]
V  [jvm.dll+0x2120bb]
V  [jvm.dll+0x736bb6]
V  [jvm.dll+0x72fcaa]
V  [jvm.dll+0x623ea6]
C  [ucrtbase.dll+0x21ffa]
C  [KERNEL32.DLL+0x17974]
C  [ntdll.dll+0x6a271]


---------------  P R O C E S S  ---------------

Threads class SMR info:
_java_thread_list=0x0000015aa7e3ba20, length=31, elements={
0x0000015a8ab30000, 0x0000015aa67a9800, 0x0000015aa67ad000, 0x0000015aa67ce000,
0x0000015aa67d0000, 0x0000015aa67d1800, 0x0000015aa67d4800, 0x0000015aa67ec800,
0x0000015aa7214000, 0x0000015aa7233800, 0x0000015aa8064800, 0x0000015aa682e000,
0x0000015aa71ba800, 0x0000015aa7de5800, 0x0000015aa7a31800, 0x0000015aa8709800,
0x0000015aa75c7800, 0x0000015aa75ed000, 0x0000015aa75ab800, 0x0000015aa82d8800,
0x0000015aa73d6000, 0x0000015aa73d5000, 0x0000015aa73d0800, 0x0000015aa73d2800,
0x0000015aa73d1000, 0x0000015aa73d2000, 0x0000015aa73d7000, 0x0000015aa73d3800,
0x0000015aaa03e800, 0x0000015aaa040000, 0x0000015aaa041000
}

Java Threads: ( => current thread )
  0x0000015a8ab30000 JavaThread "main" [_thread_blocked, id=9696, stack(0x0000000b7f200000,0x0000000b7f300000)]
  0x0000015aa67a9800 JavaThread "Reference Handler" daemon [_thread_blocked, id=1964, stack(0x0000000b7f900000,0x0000000b7fa00000)]
  0x0000015aa67ad000 JavaThread "Finalizer" daemon [_thread_blocked, id=3584, stack(0x0000000b7fa00000,0x0000000b7fb00000)]
  0x0000015aa67ce000 JavaThread "Signal Dispatcher" daemon [_thread_blocked, id=6884, stack(0x0000000b7fb00000,0x0000000b7fc00000)]
  0x0000015aa67d0000 JavaThread "Attach Listener" daemon [_thread_blocked, id=1628, stack(0x0000000b7fc00000,0x0000000b7fd00000)]
=>0x0000015aa67d1800 JavaThread "C2 CompilerThread0" daemon [_thread_in_native, id=9312, stack(0x0000000b7fd00000,0x0000000b7fe00000)]
  0x0000015aa67d4800 JavaThread "C1 CompilerThread0" daemon [_thread_blocked, id=8016, stack(0x0000000b7fe00000,0x0000000b7ff00000)]
  0x0000015aa67ec800 JavaThread "Sweeper thread" daemon [_thread_blocked, id=2680, stack(0x0000000b7ff00000,0x0000000b80000000)]
  0x0000015aa7214000 JavaThread "Common-Cleaner" daemon [_thread_blocked, id=848, stack(0x0000000b00000000,0x0000000b00100000)]
  0x0000015aa7233800 JavaThread "Service Thread" daemon [_thread_blocked, id=4204, stack(0x0000000b00100000,0x0000000b00200000)]
  0x0000015aa8064800 JavaThread "Daemon health stats" [_thread_blocked, id=4172, stack(0x0000000b00500000,0x0000000b00600000)]
  0x0000015aa682e000 JavaThread "Incoming local TCP Connector on port 63202" [_thread_in_native, id=10376, stack(0x0000000b00600000,0x0000000b00700000)]
  0x0000015aa71ba800 JavaThread "Daemon periodic checks" [_thread_blocked, id=10792, stack(0x0000000b00700000,0x0000000b00800000)]
  0x0000015aa7de5800 JavaThread "Daemon" [_thread_blocked, id=7188, stack(0x0000000b00800000,0x0000000b00900000)]
  0x0000015aa7a31800 JavaThread "Handler for socket connection from /127.0.0.1:63202 to /127.0.0.1:63203" [_thread_in_native, id=10192, stack(0x0000000b00900000,0x0000000b00a00000)]
  0x0000015aa8709800 JavaThread "Cancel handler" [_thread_blocked, id=11232, stack(0x0000000b00a00000,0x0000000b00b00000)]
  0x0000015aa75c7800 JavaThread "Daemon worker" [_thread_in_Java, id=11680, stack(0x0000000b00b00000,0x0000000b00c00000)]
  0x0000015aa75ed000 JavaThread "Asynchronous log dispatcher for DefaultDaemonConnection: socket connection from /127.0.0.1:63202 to /127.0.0.1:63203" [_thread_blocked, id=8884, stack(0x0000000b00c00000,0x0000000b00d00000)]
  0x0000015aa75ab800 JavaThread "Stdin handler" [_thread_blocked, id=5648, stack(0x0000000b00d00000,0x0000000b00e00000)]
  0x0000015aa82d8800 JavaThread "Thread-8" [_thread_blocked, id=11860, stack(0x0000000b00e00000,0x0000000b00f00000)]
  0x0000015aa73d6000 JavaThread "Cache worker for journal cache (C:\Users\ELCOT\.gradle\caches\gradle-6.5\caches\journal-1)" [_thread_blocked, id=8036, stack(0x0000000b00f00000,0x0000000b01000000)]
  0x0000015aa73d5000 JavaThread "File lock request listener" [_thread_in_native, id=2676, stack(0x0000000b01000000,0x0000000b01100000)]
  0x0000015aa73d0800 JavaThread "Cache worker for file hash cache (C:\Users\ELCOT\.gradle\caches\gradle-6.5\caches\6.1.1\fileHashes)" [_thread_blocked, id=5704, stack(0x0000000b01100000,0x0000000b01200000)]
  0x0000015aa73d2800 JavaThread "Cache worker for checksums cache (D:\AndroidStudioProjects\DoChat\.gradle\checksums)" [_thread_blocked, id=11568, stack(0x0000000b01200000,0x0000000b01300000)]
  0x0000015aa73d1000 JavaThread "Cache worker for file hash cache (D:\AndroidStudioProjects\DoChat\.gradle\6.1.1\fileHashes)" [_thread_blocked, id=11920, stack(0x0000000b01300000,0x0000000b01400000)]
  0x0000015aa73d2000 JavaThread "Cache worker for cache directory md-supplier (C:\Users\ELCOT\.gradle\caches\gradle-6.5\caches\6.1.1\md-supplier)" [_thread_blocked, id=6356, stack(0x0000000b01400000,0x0000000b01500000)]
  0x0000015aa73d7000 JavaThread "Cache worker for cache directory md-rule (C:\Users\ELCOT\.gradle\caches\gradle-6.5\caches\6.1.1\md-rule)" [_thread_blocked, id=1736, stack(0x0000000b01500000,0x0000000b01600000)]
  0x0000015aa73d3800 JavaThread "Cache worker for execution history cache (C:\Users\ELCOT\.gradle\caches\gradle-6.5\caches\6.1.1\executionHistory)" [_thread_blocked, id=4644, stack(0x0000000b01600000,0x0000000b01700000)]
  0x0000015aaa03e800 JavaThread "Build operations" [_thread_blocked, id=3812, stack(0x0000000b01700000,0x0000000b01800000)]
  0x0000015aaa040000 JavaThread "Build operations Thread 2" [_thread_blocked, id=5432, stack(0x0000000b01800000,0x0000000b01900000)]
  0x0000015aaa041000 JavaThread "Cache worker for Build Output Cleanup Cache (D:\AndroidStudioProjects\DoChat\.gradle\buildOutputCleanup)" [_thread_blocked, id=9412, stack(0x0000000b01900000,0x0000000b01a00000)]

Other Threads:
  0x0000015a8abfd800 VMThread "VM Thread" [stack: 0x0000000b7f800000,0x0000000b7f900000] [id=5136]
  0x0000015aa7237800 WatcherThread [stack: 0x0000000b00200000,0x0000000b00300000] [id=11616]
  0x0000015a8ab60000 GCTaskThread "GC Thread#0" [stack: 0x0000000b7f300000,0x0000000b7f400000] [id=7144]
  0x0000015aa72ee000 GCTaskThread "GC Thread#1" [stack: 0x0000000b00300000,0x0000000b00400000] [id=7676]
  0x0000015a8ab69800 ConcurrentGCThread "G1 Main Marker" [stack: 0x0000000b7f400000,0x0000000b7f500000] [id=9912]
  0x0000015a8ab6b000 ConcurrentGCThread "G1 Conc#0" [stack: 0x0000000b7f500000,0x0000000b7f600000] [id=5084]
  0x0000015a8abb7000 ConcurrentGCThread "G1 Refine#0" [stack: 0x0000000b7f600000,0x0000000b7f700000] [id=5124]
  0x0000015aa79d7000 ConcurrentGCThread "G1 Refine#1" [stack: 0x0000000b00400000,0x0000000b00500000] [id=5116]
  0x0000015a8abba800 ConcurrentGCThread "G1 Young RemSet Sampling" [stack: 0x0000000b7f700000,0x0000000b7f800000] [id=5308]

Threads with active compile tasks:
C2 CompilerThread0    29076 5836       4       groovy.lang.MetaClassImpl$1MOPIter::methodNameAction (325 bytes)

VM state:not at safepoint (normal execution)

VM Mutex/Monitor currently owned by a thread: None

Heap address: 0x00000000c0000000, size: 1024 MB, Compressed Oops mode: 32-bit
Narrow klass base: 0x0000000800000000, Narrow klass shift: 3
Compressed class space size: 1073741824 Address: 0x0000000800b40000

Heap:
 garbage-first heap   total 117760K, used 74460K [0x00000000c0000000, 0x0000000100000000)
  region size 1024K, 9 young (9216K), 3 survivors (3072K)
 Metaspace       used 55231K, capacity 56886K, committed 57136K, reserved 1097728K
  class space    used 7415K, capacity 7942K, committed 8064K, reserved 1048576K
Heap Regions: E=young(eden), S=young(survivor), O=old, HS=humongous(starts), HC=humongous(continues), CS=collection set, F=free, A=archive, TAMS=top-at-mark-start (previous, next)
|   0|0x00000000c0000000, 0x00000000c0100000, 0x00000000c0100000|100%|HS|  |TAMS 0x00000000c0100000, 0x00000000c0000000| Complete 
|   1|0x00000000c0100000, 0x00000000c0200000, 0x00000000c0200000|100%|HC|  |TAMS 0x00000000c0200000, 0x00000000c0100000| Complete 
|   2|0x00000000c0200000, 0x00000000c0300000, 0x00000000c0300000|100%|HC|  |TAMS 0x00000000c0300000, 0x00000000c0200000| Complete 
|   3|0x00000000c0300000, 0x00000000c0400000, 0x00000000c0400000|100%| O|  |TAMS 0x00000000c0400000, 0x00000000c0300000| Untracked 
|   4|0x00000000c0400000, 0x00000000c0500000, 0x00000000c0500000|100%| O|  |TAMS 0x00000000c0500000, 0x00000000c0400000| Untracked 
|   5|0x00000000c0500000, 0x00000000c0600000, 0x00000000c0600000|100%| O|  |TAMS 0x00000000c0600000, 0x00000000c0500000| Untracked 
|   6|0x00000000c0600000, 0x00000000c0700000, 0x00000000c0700000|100%| O|  |TAMS 0x00000000c0700000, 0x00000000c0600000| Untracked 
|   7|0x00000000c0700000, 0x00000000c0800000, 0x00000000c0800000|100%| O|  |TAMS 0x00000000c0800000, 0x00000000c0700000| Untracked 
|   8|0x00000000c0800000, 0x00000000c0900000, 0x00000000c0900000|100%| O|  |TAMS 0x00000000c0900000, 0x00000000c0800000| Untracked 
|   9|0x00000000c0900000, 0x00000000c0a00000, 0x00000000c0a00000|100%| O|  |TAMS 0x00000000c0a00000, 0x00000000c0900000| Untracked 
|  10|0x00000000c0a00000, 0x00000000c0b00000, 0x00000000c0b00000|100%| O|  |TAMS 0x00000000c0b00000, 0x00000000c0a00000| Untracked 
|  11|0x00000000c0b00000, 0x00000000c0c00000, 0x00000000c0c00000|100%| O|  |TAMS 0x00000000c0c00000, 0x00000000c0b00000| Untracked 
|  12|0x00000000c0c00000, 0x00000000c0d00000, 0x00000000c0d00000|100%| O|  |TAMS 0x00000000c0d00000, 0x00000000c0c00000| Untracked 
|  13|0x00000000c0d00000, 0x00000000c0e00000, 0x00000000c0e00000|100%| O|  |TAMS 0x00000000c0e00000, 0x00000000c0d00000| Untracked 
|  14|0x00000000c0e00000, 0x00000000c0f00000, 0x00000000c0f00000|100%| O|  |TAMS 0x00000000c0f00000, 0x00000000c0e00000| Untracked 
|  15|0x00000000c0f00000, 0x00000000c1000000, 0x00000000c1000000|100%| O|  |TAMS 0x00000000c1000000, 0x00000000c0f00000| Untracked 
|  16|0x00000000c1000000, 0x00000000c1100000, 0x00000000c1100000|100%|HS|  |TAMS 0x00000000c1100000, 0x00000000c1000000| Complete 
|  17|0x00000000c1100000, 0x00000000c1200000, 0x00000000c1200000|100%|HC|  |TAMS 0x00000000c1200000, 0x00000000c1100000| Complete 
|  18|0x00000000c1200000, 0x00000000c1300000, 0x00000000c1300000|100%|HS|  |TAMS 0x00000000c1300000, 0x00000000c1200000| Complete 
|  19|0x00000000c1300000, 0x00000000c1400000, 0x00000000c1400000|100%|HC|  |TAMS 0x00000000c1400000, 0x00000000c1300000| Complete 
|  20|0x00000000c1400000, 0x00000000c1500000, 0x00000000c1500000|100%|HC|  |TAMS 0x00000000c1500000, 0x00000000c1400000| Complete 
|  21|0x00000000c1500000, 0x00000000c1600000, 0x00000000c1600000|100%|HS|  |TAMS 0x00000000c1600000, 0x00000000c1500000| Complete 
|  22|0x00000000c1600000, 0x00000000c1700000, 0x00000000c1700000|100%|HC|  |TAMS 0x00000000c1700000, 0x00000000c1600000| Complete 
|  23|0x00000000c1700000, 0x00000000c1800000, 0x00000000c1800000|100%|HC|  |TAMS 0x00000000c1800000, 0x00000000c1700000| Complete 
|  24|0x00000000c1800000, 0x00000000c1900000, 0x00000000c1900000|100%|HC|  |TAMS 0x00000000c1900000, 0x00000000c1800000| Complete 
|  25|0x00000000c1900000, 0x00000000c1a00000, 0x00000000c1a00000|100%|HS|  |TAMS 0x00000000c1a00000, 0x00000000c1900000| Complete 
|  26|0x00000000c1a00000, 0x00000000c1b00000, 0x00000000c1b00000|100%|HC|  |TAMS 0x00000000c1b00000, 0x00000000c1a00000| Complete 
|  27|0x00000000c1b00000, 0x00000000c1c00000, 0x00000000c1c00000|100%|HC|  |TAMS 0x00000000c1c00000, 0x00000000c1b00000| Complete 
|  28|0x00000000c1c00000, 0x00000000c1d00000, 0x00000000c1d00000|100%|HC|  |TAMS 0x00000000c1d00000, 0x00000000c1c00000| Complete 
|  29|0x00000000c1d00000, 0x00000000c1e00000, 0x00000000c1e00000|100%| O|  |TAMS 0x00000000c1e00000, 0x00000000c1d00000| Untracked 
|  30|0x00000000c1e00000, 0x00000000c1f00000, 0x00000000c1f00000|100%| O|  |TAMS 0x00000000c1f00000, 0x00000000c1e00000| Untracked 
|  31|0x00000000c1f00000, 0x00000000c2000000, 0x00000000c2000000|100%| O|  |TAMS 0x00000000c2000000, 0x00000000c1f00000| Untracked 
|  32|0x00000000c2000000, 0x00000000c2100000, 0x00000000c2100000|100%| O|  |TAMS 0x00000000c2100000, 0x00000000c2000000| Untracked 
|  33|0x00000000c2100000, 0x00000000c2200000, 0x00000000c2200000|100%| O|  |TAMS 0x00000000c2200000, 0x00000000c2100000| Untracked 
|  34|0x00000000c2200000, 0x00000000c2300000, 0x00000000c2300000|100%| O|  |TAMS 0x00000000c2300000, 0x00000000c2200000| Untracked 
|  35|0x00000000c2300000, 0x00000000c2400000, 0x00000000c2400000|100%| O|  |TAMS 0x00000000c2400000, 0x00000000c2300000| Untracked 
|  36|0x00000000c2400000, 0x00000000c2500000, 0x00000000c2500000|100%| O|  |TAMS 0x00000000c2500000, 0x00000000c2400000| Untracked 
|  37|0x00000000c2500000, 0x00000000c2600000, 0x00000000c2600000|100%| O|  |TAMS 0x00000000c2600000, 0x00000000c2500000| Untracked 
|  38|0x00000000c2600000, 0x00000000c2700000, 0x00000000c2700000|100%| O|  |TAMS 0x00000000c2700000, 0x00000000c2600000| Untracked 
|  39|0x00000000c2700000, 0x00000000c2800000, 0x00000000c2800000|100%| O|  |TAMS 0x00000000c2800000, 0x00000000c2700000| Untracked 
|  40|0x00000000c2800000, 0x00000000c2900000, 0x00000000c2900000|100%| O|  |TAMS 0x00000000c2900000, 0x00000000c2800000| Untracked 
|  41|0x00000000c2900000, 0x00000000c2a00000, 0x00000000c2a00000|100%| O|  |TAMS 0x00000000c2a00000, 0x00000000c2900000| Untracked 
|  42|0x00000000c2a00000, 0x00000000c2b00000, 0x00000000c2b00000|100%| O|  |TAMS 0x00000000c2b00000, 0x00000000c2a00000| Untracked 
|  43|0x00000000c2b00000, 0x00000000c2c00000, 0x00000000c2c00000|100%| O|  |TAMS 0x00000000c2c00000, 0x00000000c2b00000| Untracked 
|  44|0x00000000c2c00000, 0x00000000c2d00000, 0x00000000c2d00000|100%|HS|  |TAMS 0x00000000c2d00000, 0x00000000c2c00000| Complete 
|  45|0x00000000c2d00000, 0x00000000c2e00000, 0x00000000c2e00000|100%|HC|  |TAMS 0x00000000c2e00000, 0x00000000c2d00000| Complete 
|  46|0x00000000c2e00000, 0x00000000c2f00000, 0x00000000c2f00000|100%|HC|  |TAMS 0x00000000c2f00000, 0x00000000c2e00000| Complete 
|  47|0x00000000c2f00000, 0x00000000c3000000, 0x00000000c3000000|100%| O|  |TAMS 0x00000000c3000000, 0x00000000c2f00000| Untracked 
|  48|0x00000000c3000000, 0x00000000c3100000, 0x00000000c3100000|100%|HS|  |TAMS 0x00000000c3100000, 0x00000000c3000000| Complete 
|  49|0x00000000c3100000, 0x00000000c3200000, 0x00000000c3200000|100%|HC|  |TAMS 0x00000000c3200000, 0x00000000c3100000| Complete 
|  50|0x00000000c3200000, 0x00000000c3300000, 0x00000000c3300000|100%| O|  |TAMS 0x00000000c3300000, 0x00000000c3200000| Untracked 
|  51|0x00000000c3300000, 0x00000000c3400000, 0x00000000c3400000|100%| O|  |TAMS 0x00000000c3400000, 0x00000000c3300000| Untracked 
|  52|0x00000000c3400000, 0x00000000c3500000, 0x00000000c3500000|100%| O|  |TAMS 0x00000000c3500000, 0x00000000c3400000| Untracked 
|  53|0x00000000c3500000, 0x00000000c3600000, 0x00000000c3600000|100%| O|  |TAMS 0x00000000c3600000, 0x00000000c3500000| Untracked 
|  54|0x00000000c3600000, 0x00000000c3700000, 0x00000000c3700000|100%| O|  |TAMS 0x00000000c3700000, 0x00000000c3600000| Untracked 
|  55|0x00000000c3700000, 0x00000000c3800000, 0x00000000c3800000|100%| O|  |TAMS 0x00000000c3800000, 0x00000000c3700000| Untracked 
|  56|0x00000000c3800000, 0x00000000c3900000, 0x00000000c3900000|100%| O|  |TAMS 0x00000000c3900000, 0x00000000c3800000| Untracked 
|  57|0x00000000c3900000, 0x00000000c3a00000, 0x00000000c3a00000|100%| O|  |TAMS 0x00000000c3a00000, 0x00000000c3900000| Untracked 
|  58|0x00000000c3a00000, 0x00000000c3b00000, 0x00000000c3b00000|100%| O|  |TAMS 0x00000000c3b00000, 0x00000000c3a00000| Untracked 
|  59|0x00000000c3b00000, 0x00000000c3c00000, 0x00000000c3c00000|100%| O|  |TAMS 0x00000000c3c00000, 0x00000000c3b00000| Untracked 
|  60|0x00000000c3c00000, 0x00000000c3d00000, 0x00000000c3d00000|100%| O|  |TAMS 0x00000000c3d00000, 0x00000000c3c00000| Untracked 
|  61|0x00000000c3d00000, 0x00000000c3e00000, 0x00000000c3e00000|100%| O|  |TAMS 0x00000000c3e00000, 0x00000000c3d00000| Untracked 
|  62|0x00000000c3e00000, 0x00000000c3f00000, 0x00000000c3f00000|100%| O|  |TAMS 0x00000000c3f00000, 0x00000000c3e00000| Untracked 
|  63|0x00000000c3f00000, 0x00000000c4000000, 0x00000000c4000000|100%| O|  |TAMS 0x00000000c3fc1400, 0x00000000c3f00000| Untracked 
|  64|0x00000000c4000000, 0x00000000c40b7200, 0x00000000c4100000| 71%| O|  |TAMS 0x00000000c4000000, 0x00000000c4000000| Untracked 
|  65|0x00000000c4100000, 0x00000000c4100000, 0x00000000c4200000|  0%| F|  |TAMS 0x00000000c4100000, 0x00000000c4100000| Untracked 
|  66|0x00000000c4200000, 0x00000000c4200000, 0x00000000c4300000|  0%| F|  |TAMS 0x00000000c4200000, 0x00000000c4200000| Untracked 
|  67|0x00000000c4300000, 0x00000000c4300000, 0x00000000c4400000|  0%| F|  |TAMS 0x00000000c4300000, 0x00000000c4300000| Untracked 
|  68|0x00000000c4400000, 0x00000000c4400000, 0x00000000c4500000|  0%| F|  |TAMS 0x00000000c4400000, 0x00000000c4400000| Untracked 
|  69|0x00000000c4500000, 0x00000000c4500000, 0x00000000c4600000|  0%| F|  |TAMS 0x00000000c4500000, 0x00000000c4500000| Untracked 
|  70|0x00000000c4600000, 0x00000000c4600000, 0x00000000c4700000|  0%| F|  |TAMS 0x00000000c4600000, 0x00000000c4600000| Untracked 
|  71|0x00000000c4700000, 0x00000000c4700000, 0x00000000c4800000|  0%| F|  |TAMS 0x00000000c4700000, 0x00000000c4700000| Untracked 
|  72|0x00000000c4800000, 0x00000000c4800000, 0x00000000c4900000|  0%| F|  |TAMS 0x00000000c4800000, 0x00000000c4800000| Untracked 
|  73|0x00000000c4900000, 0x00000000c4900000, 0x00000000c4a00000|  0%| F|  |TAMS 0x00000000c4900000, 0x00000000c4900000| Untracked 
|  74|0x00000000c4a00000, 0x00000000c4a00000, 0x00000000c4b00000|  0%| F|  |TAMS 0x00000000c4a00000, 0x00000000c4a00000| Untracked 
|  75|0x00000000c4b00000, 0x00000000c4b00000, 0x00000000c4c00000|  0%| F|  |TAMS 0x00000000c4b00000, 0x00000000c4b00000| Untracked 
|  76|0x00000000c4c00000, 0x00000000c4c00000, 0x00000000c4d00000|  0%| F|  |TAMS 0x00000000c4c00000, 0x00000000c4c00000| Untracked 
|  77|0x00000000c4d00000, 0x00000000c4d00000, 0x00000000c4e00000|  0%| F|  |TAMS 0x00000000c4d00000, 0x00000000c4d00000| Untracked 
|  78|0x00000000c4e00000, 0x00000000c4e00000, 0x00000000c4f00000|  0%| F|  |TAMS 0x00000000c4e00000, 0x00000000c4e00000| Untracked 
|  79|0x00000000c4f00000, 0x00000000c4f00000, 0x00000000c5000000|  0%| F|  |TAMS 0x00000000c4f00000, 0x00000000c4f00000| Untracked 
|  80|0x00000000c5000000, 0x00000000c5000000, 0x00000000c5100000|  0%| F|  |TAMS 0x00000000c5000000, 0x00000000c5000000| Untracked 
|  81|0x00000000c5100000, 0x00000000c5100000, 0x00000000c5200000|  0%| F|  |TAMS 0x00000000c5100000, 0x00000000c5100000| Untracked 
|  82|0x00000000c5200000, 0x00000000c5200000, 0x00000000c5300000|  0%| F|  |TAMS 0x00000000c5200000, 0x00000000c5200000| Untracked 
|  83|0x00000000c5300000, 0x00000000c5300000, 0x00000000c5400000|  0%| F|  |TAMS 0x00000000c5300000, 0x00000000c5300000| Untracked 
|  84|0x00000000c5400000, 0x00000000c5500000, 0x00000000c5500000|100%| S|CS|TAMS 0x00000000c5400000, 0x00000000c5400000| Complete 
|  85|0x00000000c5500000, 0x00000000c5600000, 0x00000000c5600000|100%| S|CS|TAMS 0x00000000c5500000, 0x00000000c5500000| Complete 
|  86|0x00000000c5600000, 0x00000000c5700000, 0x00000000c5700000|100%| S|CS|TAMS 0x00000000c5600000, 0x00000000c5600000| Complete 
|  87|0x00000000c5700000, 0x00000000c5700000, 0x00000000c5800000|  0%| F|  |TAMS 0x00000000c5700000, 0x00000000c5700000| Untracked 
|  88|0x00000000c5800000, 0x00000000c5800000, 0x00000000c5900000|  0%| F|  |TAMS 0x00000000c5800000, 0x00000000c5800000| Untracked 
|  89|0x00000000c5900000, 0x00000000c5900000, 0x00000000c5a00000|  0%| F|  |TAMS 0x00000000c5900000, 0x00000000c5900000| Untracked 
|  90|0x00000000c5a00000, 0x00000000c5a00000, 0x00000000c5b00000|  0%| F|  |TAMS 0x00000000c5a00000, 0x00000000c5a00000| Untracked 
|  91|0x00000000c5b00000, 0x00000000c5b00000, 0x00000000c5c00000|  0%| F|  |TAMS 0x00000000c5b00000, 0x00000000c5b00000| Untracked 
|  92|0x00000000c5c00000, 0x00000000c5c00000, 0x00000000c5d00000|  0%| F|  |TAMS 0x00000000c5c00000, 0x00000000c5c00000| Untracked 
|  93|0x00000000c5d00000, 0x00000000c5d00000, 0x00000000c5e00000|  0%| F|  |TAMS 0x00000000c5d00000, 0x00000000c5d00000| Untracked 
|  94|0x00000000c5e00000, 0x00000000c5e00000, 0x00000000c5f00000|  0%| F|  |TAMS 0x00000000c5e00000, 0x00000000c5e00000| Untracked 
|  95|0x00000000c5f00000, 0x00000000c5f00000, 0x00000000c6000000|  0%| F|  |TAMS 0x00000000c5f00000, 0x00000000c5f00000| Untracked 
|  96|0x00000000c6000000, 0x00000000c6000000, 0x00000000c6100000|  0%| F|  |TAMS 0x00000000c6000000, 0x00000000c6000000| Untracked 
|  97|0x00000000c6100000, 0x00000000c6100000, 0x00000000c6200000|  0%| F|  |TAMS 0x00000000c6100000, 0x00000000c6100000| Untracked 
|  98|0x00000000c6200000, 0x00000000c6200000, 0x00000000c6300000|  0%| F|  |TAMS 0x00000000c6200000, 0x00000000c6200000| Untracked 
|  99|0x00000000c6300000, 0x00000000c6300000, 0x00000000c6400000|  0%| F|  |TAMS 0x00000000c6300000, 0x00000000c6300000| Untracked 
| 100|0x00000000c6400000, 0x00000000c6400000, 0x00000000c6500000|  0%| F|  |TAMS 0x00000000c6400000, 0x00000000c6400000| Untracked 
| 101|0x00000000c6500000, 0x00000000c6500000, 0x00000000c6600000|  0%| F|  |TAMS 0x00000000c6500000, 0x00000000c6500000| Untracked 
| 102|0x00000000c6600000, 0x00000000c6600000, 0x00000000c6700000|  0%| F|  |TAMS 0x00000000c6600000, 0x00000000c6600000| Untracked 
| 103|0x00000000c6700000, 0x00000000c6700000, 0x00000000c6800000|  0%| F|  |TAMS 0x00000000c6700000, 0x00000000c6700000| Untracked 
| 104|0x00000000c6800000, 0x00000000c6800000, 0x00000000c6900000|  0%| F|  |TAMS 0x00000000c6800000, 0x00000000c6800000| Untracked 
| 105|0x00000000c6900000, 0x00000000c6900000, 0x00000000c6a00000|  0%| F|  |TAMS 0x00000000c6900000, 0x00000000c6900000| Untracked 
| 106|0x00000000c6a00000, 0x00000000c6a00000, 0x00000000c6b00000|  0%| F|  |TAMS 0x00000000c6a00000, 0x00000000c6a00000| Untracked 
| 107|0x00000000c6b00000, 0x00000000c6b00000, 0x00000000c6c00000|  0%| F|  |TAMS 0x00000000c6b00000, 0x00000000c6b00000| Untracked 
| 108|0x00000000c6c00000, 0x00000000c6c6b428, 0x00000000c6d00000| 41%| E|  |TAMS 0x00000000c6c00000, 0x00000000c6c00000| Complete 
| 109|0x00000000c6d00000, 0x00000000c6e00000, 0x00000000c6e00000|100%| E|CS|TAMS 0x00000000c6d00000, 0x00000000c6d00000| Complete 
| 110|0x00000000c6e00000, 0x00000000c6f00000, 0x00000000c6f00000|100%| E|CS|TAMS 0x00000000c6e00000, 0x00000000c6e00000| Complete 
| 111|0x00000000c6f00000, 0x00000000c7000000, 0x00000000c7000000|100%| E|CS|TAMS 0x00000000c6f00000, 0x00000000c6f00000| Complete 
| 112|0x00000000c7000000, 0x00000000c7100000, 0x00000000c7100000|100%| E|CS|TAMS 0x00000000c7000000, 0x00000000c7000000| Complete 
| 113|0x00000000c7100000, 0x00000000c7200000, 0x00000000c7200000|100%| E|CS|TAMS 0x00000000c7100000, 0x00000000c7100000| Complete 
| 114|0x00000000c7200000, 0x00000000c7300000, 0x00000000c7300000|100%| E|CS|TAMS 0x00000000c7200000, 0x00000000c7200000| Complete 

Card table byte_map: [0x0000015aa2030000,0x0000015aa2230000] _byte_map_base: 0x0000015aa1a30000

Marking Bits (Prev, Next): (CMBitMap*) 0x0000015a8ab60dc8, (CMBitMap*) 0x0000015a8ab60e08
 Prev Bits: [0x0000015aa2430000, 0x0000015aa3430000)
 Next Bits: [0x0000015aa3430000, 0x0000015aa4430000)

Polling page: 0x0000015a88a60000

Metaspace:

Usage:
  Non-class:     47.80 MB capacity,    46.72 MB ( 98%) used,   987.05 KB (  2%) free+waste,   120.69 KB ( <1%) overhead. 
      Class:      7.76 MB capacity,     7.25 MB ( 93%) used,   460.10 KB (  6%) free+waste,    59.69 KB ( <1%) overhead. 
       Both:     55.55 MB capacity,    53.96 MB ( 97%) used,     1.41 MB (  3%) free+waste,   180.38 KB ( <1%) overhead. 

Virtual space:
  Non-class space:       48.00 MB reserved,      47.92 MB (>99%) committed 
      Class space:        1.00 GB reserved,       7.88 MB ( <1%) committed 
             Both:        1.05 GB reserved,      55.80 MB (  5%) committed 

Chunk freelists:
   Non-Class:  0 bytes
       Class:  0 bytes
        Both:  0 bytes

MaxMetaspaceSize: 17179869184.00 GB
CompressedClassSpaceSize: 1.00 GB

CodeHeap 'non-profiled nmethods': size=120064Kb used=2952Kb max_used=2952Kb free=117111Kb
 bounds [0x0000015a9aaf0000, 0x0000015a9ade0000, 0x0000015aa2030000]
CodeHeap 'profiled nmethods': size=120000Kb used=13048Kb max_used=13048Kb free=106951Kb
 bounds [0x0000015a935c0000, 0x0000015a94280000, 0x0000015a9aaf0000]
CodeHeap 'non-nmethods': size=5696Kb used=2366Kb max_used=2399Kb free=3329Kb
 bounds [0x0000015a93030000, 0x0000015a932a0000, 0x0000015a935c0000]
 total_blobs=8271 nmethods=5549 adapters=756
 compilation: enabled
              stopped_count=0, restarted_count=0
 full_count=0

Compilation events (20 events):
Event: 29.000 Thread 0x0000015aa67d4800 5883       2       com.android.build.api.artifact.impl.OperationsImpl::getArtifactContainer$gradle (26 bytes)
Event: 29.000 Thread 0x0000015aa67d4800 nmethod 5883 0x0000015a94279310 code [0x0000015a942794e0, 0x0000015a94279710]
Event: 29.001 Thread 0x0000015aa67d4800 5884       1       java.lang.StringUTF16$CharsSpliterator::characteristics (5 bytes)
Event: 29.001 Thread 0x0000015aa67d4800 nmethod 5884 0x0000015a9add1990 code [0x0000015a9add1b20, 0x0000015a9add1c58]
Event: 29.001 Thread 0x0000015aa67d4800 5885       1       java.lang.ClassLoader::getName (5 bytes)
Event: 29.002 Thread 0x0000015aa67d4800 nmethod 5885 0x0000015a9add1d10 code [0x0000015a9add1ea0, 0x0000015a9add1fd8]
Event: 29.004 Thread 0x0000015aa67d4800 5886       2       java.util.regex.Pattern$BranchConn::match (11 bytes)
Event: 29.004 Thread 0x0000015aa67d4800 nmethod 5886 0x0000015a94279890 code [0x0000015a94279a40, 0x0000015a94279bf0]
Event: 29.005 Thread 0x0000015aa67d4800 5887       2       org.gradle.api.internal.tasks.AbstractTaskDependency::<init> (5 bytes)
Event: 29.005 Thread 0x0000015aa67d4800 nmethod 5887 0x0000015a94279c90 code [0x0000015a94279e20, 0x0000015a94279f98]
Event: 29.006 Thread 0x0000015aa67d4800 5888       2       java.util.LinkedList::checkElementIndex (22 bytes)
Event: 29.006 Thread 0x0000015aa67d4800 nmethod 5888 0x0000015a9427a010 code [0x0000015a9427a220, 0x0000015a9427a610]
Event: 29.009 Thread 0x0000015aa67d4800 5889       2       java.util.stream.FindOps$FindOp::evaluateSequential (39 bytes)
Event: 29.009 Thread 0x0000015aa67d4800 nmethod 5889 0x0000015a9427a810 code [0x0000015a9427a9e0, 0x0000015a9427acb0]
Event: 29.009 Thread 0x0000015aa67d4800 5890       2       java.util.stream.FindOps$FindSink::<init> (5 bytes)
Event: 29.010 Thread 0x0000015aa67d4800 nmethod 5890 0x0000015a9427ae10 code [0x0000015a9427afa0, 0x0000015a9427b118]
Event: 29.011 Thread 0x0000015aa67d4800 5891       2       org.gradle.api.internal.attributes.DefaultImmutableAttributesFactory::mutable (10 bytes)
Event: 29.011 Thread 0x0000015aa67d4800 nmethod 5891 0x0000015a9427b190 code [0x0000015a9427b340, 0x0000015a9427b658]
Event: 29.029 Thread 0x0000015aa67d4800 5892   !   2       com.sun.beans.finder.ClassFinder::findClass (43 bytes)
Event: 29.031 Thread 0x0000015aa67d4800 nmethod 5892 0x0000015a9427b710 code [0x0000015a9427b920, 0x0000015a9427bd90]

GC Heap History (20 events):
Event: 20.592 GC heap before
{Heap before GC invocations=24 (full 0):
 garbage-first heap   total 92160K, used 52929K [0x00000000c0000000, 0x0000000100000000)
  region size 1024K, 6 young (6144K), 3 survivors (3072K)
 Metaspace       used 36043K, capacity 37298K, committed 37552K, reserved 1081344K
  class space    used 4923K, capacity 5291K, committed 5376K, reserved 1048576K
}
Event: 20.606 GC heap after
{Heap after GC invocations=25 (full 0):
 garbage-first heap   total 110592K, used 52378K [0x00000000c0000000, 0x0000000100000000)
  region size 1024K, 4 young (4096K), 4 survivors (4096K)
 Metaspace       used 36043K, capacity 37298K, committed 37552K, reserved 1081344K
  class space    used 4923K, capacity 5291K, committed 5376K, reserved 1048576K
}
Event: 22.235 GC heap before
{Heap before GC invocations=26 (full 0):
 garbage-first heap   total 110592K, used 74906K [0x00000000c0000000, 0x0000000100000000)
  region size 1024K, 24 young (24576K), 4 survivors (4096K)
 Metaspace       used 39179K, capacity 40552K, committed 40752K, reserved 1085440K
  class space    used 5324K, capacity 5758K, committed 5760K, reserved 1048576K
}
Event: 22.247 GC heap after
{Heap after GC invocations=27 (full 0):
 garbage-first heap   total 110592K, used 56946K [0x00000000c0000000, 0x0000000100000000)
  region size 1024K, 3 young (3072K), 3 survivors (3072K)
 Metaspace       used 39179K, capacity 40552K, committed 40752K, reserved 1085440K
  class space    used 5324K, capacity 5758K, committed 5760K, reserved 1048576K
}
Event: 22.918 GC heap before
{Heap before GC invocations=27 (full 0):
 garbage-first heap   total 110592K, used 77426K [0x00000000c0000000, 0x0000000100000000)
  region size 1024K, 23 young (23552K), 3 survivors (3072K)
 Metaspace       used 42397K, capacity 43685K, committed 43952K, reserved 1087488K
  class space    used 5664K, capacity 6056K, committed 6144K, reserved 1048576K
}
Event: 22.927 GC heap after
{Heap after GC invocations=28 (full 0):
 garbage-first heap   total 110592K, used 57816K [0x00000000c0000000, 0x0000000100000000)
  region size 1024K, 1 young (1024K), 1 survivors (1024K)
 Metaspace       used 42397K, capacity 43685K, committed 43952K, reserved 1087488K
  class space    used 5664K, capacity 6056K, committed 6144K, reserved 1048576K
}
Event: 23.632 GC heap before
{Heap before GC invocations=29 (full 0):
 garbage-first heap   total 110592K, used 78296K [0x00000000c0000000, 0x0000000100000000)
  region size 1024K, 22 young (22528K), 1 survivors (1024K)
 Metaspace       used 44826K, capacity 46234K, committed 46384K, reserved 1089536K
  class space    used 5997K, capacity 6418K, committed 6528K, reserved 1048576K
}
Event: 23.641 GC heap after
{Heap after GC invocations=30 (full 0):
 garbage-first heap   total 110592K, used 60543K [0x00000000c0000000, 0x0000000100000000)
  region size 1024K, 3 young (3072K), 3 survivors (3072K)
 Metaspace       used 44826K, capacity 46234K, committed 46384K, reserved 1089536K
  class space    used 5997K, capacity 6418K, committed 6528K, reserved 1048576K
}
Event: 24.341 GC heap before
{Heap before GC invocations=30 (full 0):
 garbage-first heap   total 110592K, used 82047K [0x00000000c0000000, 0x0000000100000000)
  region size 1024K, 24 young (24576K), 3 survivors (3072K)
 Metaspace       used 46575K, capacity 47963K, committed 48048K, reserved 1091584K
  class space    used 6228K, capacity 6647K, committed 6656K, reserved 1048576K
}
Event: 24.352 GC heap after
{Heap after GC invocations=31 (full 0):
 garbage-first heap   total 110592K, used 61411K [0x00000000c0000000, 0x0000000100000000)
  region size 1024K, 2 young (2048K), 2 survivors (2048K)
 Metaspace       used 46575K, capacity 47963K, committed 48048K, reserved 1091584K
  class space    used 6228K, capacity 6647K, committed 6656K, reserved 1048576K
}
Event: 24.512 GC heap before
{Heap before GC invocations=32 (full 0):
 garbage-first heap   total 110592K, used 64483K [0x00000000c0000000, 0x0000000100000000)
  region size 1024K, 6 young (6144K), 2 survivors (2048K)
 Metaspace       used 46965K, capacity 48315K, committed 48432K, reserved 1091584K
  class space    used 6278K, capacity 6679K, committed 6784K, reserved 1048576K
}
Event: 24.525 GC heap after
{Heap after GC invocations=33 (full 0):
 garbage-first heap   total 110592K, used 61779K [0x00000000c0000000, 0x0000000100000000)
  region size 1024K, 2 young (2048K), 2 survivors (2048K)
 Metaspace       used 46965K, capacity 48315K, committed 48432K, reserved 1091584K
  class space    used 6278K, capacity 6679K, committed 6784K, reserved 1048576K
}
Event: 25.677 GC heap before
{Heap before GC invocations=34 (full 0):
 garbage-first heap   total 110592K, used 84307K [0x00000000c0000000, 0x0000000100000000)
  region size 1024K, 23 young (23552K), 2 survivors (2048K)
 Metaspace       used 50170K, capacity 51590K, committed 51888K, reserved 1093632K
  class space    used 6611K, capacity 7047K, committed 7168K, reserved 1048576K
}
Event: 25.690 GC heap after
{Heap after GC invocations=35 (full 0):
 garbage-first heap   total 110592K, used 63025K [0x00000000c0000000, 0x0000000100000000)
  region size 1024K, 2 young (2048K), 2 survivors (2048K)
 Metaspace       used 50170K, capacity 51590K, committed 51888K, reserved 1093632K
  class space    used 6611K, capacity 7047K, committed 7168K, reserved 1048576K
}
Event: 26.798 GC heap before
{Heap before GC invocations=35 (full 0):
 garbage-first heap   total 110592K, used 84529K [0x00000000c0000000, 0x0000000100000000)
  region size 1024K, 23 young (23552K), 2 survivors (2048K)
 Metaspace       used 50959K, capacity 52473K, committed 52784K, reserved 1095680K
  class space    used 6725K, capacity 7193K, committed 7296K, reserved 1048576K
}
Event: 26.816 GC heap after
{Heap after GC invocations=36 (full 0):
 garbage-first heap   total 110592K, used 65202K [0x00000000c0000000, 0x0000000100000000)
  region size 1024K, 3 young (3072K), 3 survivors (3072K)
 Metaspace       used 50959K, capacity 52473K, committed 52784K, reserved 1095680K
  class space    used 6725K, capacity 7193K, committed 7296K, reserved 1048576K
}
Event: 27.998 GC heap before
{Heap before GC invocations=37 (full 0):
 garbage-first heap   total 112640K, used 86706K [0x00000000c0000000, 0x0000000100000000)
  region size 1024K, 24 young (24576K), 3 survivors (3072K)
 Metaspace       used 54172K, capacity 55806K, committed 55856K, reserved 1097728K
  class space    used 7243K, capacity 7796K, committed 7808K, reserved 1048576K
}
Event: 28.020 GC heap after
{Heap after GC invocations=38 (full 0):
 garbage-first heap   total 112640K, used 66845K [0x00000000c0000000, 0x0000000100000000)
  region size 1024K, 2 young (2048K), 2 survivors (2048K)
 Metaspace       used 54172K, capacity 55806K, committed 55856K, reserved 1097728K
  class space    used 7243K, capacity 7796K, committed 7808K, reserved 1048576K
}
Event: 28.563 GC heap before
{Heap before GC invocations=38 (full 0):
 garbage-first heap   total 112640K, used 88349K [0x00000000c0000000, 0x0000000100000000)
  region size 1024K, 23 young (23552K), 2 survivors (2048K)
 Metaspace       used 54893K, capacity 56585K, committed 56752K, reserved 1097728K
  class space    used 7354K, capacity 7887K, committed 7936K, reserved 1048576K
}
Event: 28.580 GC heap after
{Heap after GC invocations=39 (full 0):
 garbage-first heap   total 112640K, used 69340K [0x00000000c0000000, 0x0000000100000000)
  region size 1024K, 3 young (3072K), 3 survivors (3072K)
 Metaspace       used 54893K, capacity 56585K, committed 56752K, reserved 1097728K
  class space    used 7354K, capacity 7887K, committed 7936K, reserved 1048576K
}

Deoptimization events (20 events):
Event: 28.291 Thread 0x0000015aa75c7800 DEOPT PACKING pc=0x0000015a93ad1034 sp=0x0000000b00bf6f30
Event: 28.291 Thread 0x0000015aa75c7800 DEOPT UNPACKING pc=0x0000015a9307994e sp=0x0000000b00bf63c8 mode 0
Event: 28.371 Thread 0x0000015aa75c7800 DEOPT PACKING pc=0x0000015a94105e3a sp=0x0000000b00bf71f0
Event: 28.371 Thread 0x0000015aa75c7800 DEOPT UNPACKING pc=0x0000015a9307994e sp=0x0000000b00bf66e8 mode 0
Event: 28.450 Thread 0x0000015aa75c7800 DEOPT PACKING pc=0x0000015a93c6358a sp=0x0000000b00bf4e30
Event: 28.450 Thread 0x0000015aa75c7800 DEOPT UNPACKING pc=0x0000015a9307994e sp=0x0000000b00bf4290 mode 0
Event: 28.521 Thread 0x0000015aa75c7800 Uncommon trap: trap_request=0xffffff45 fr.pc=0x0000015a9ad7afc8 relative=0x00000000000043a8
Event: 28.521 Thread 0x0000015aa75c7800 Uncommon trap: reason=unstable_if action=reinterpret pc=0x0000015a9ad7afc8 method=org.codehaus.groovy.runtime.metaclass.MetaMethodIndex.addMethodToList(Ljava/lang/Object;Lgroovy/lang/MetaMethod;)Ljava/lang/Object; @ 256 c2
Event: 28.522 Thread 0x0000015aa75c7800 DEOPT PACKING pc=0x0000015a9ad7afc8 sp=0x0000000b00bf7de0
Event: 28.522 Thread 0x0000015aa75c7800 DEOPT UNPACKING pc=0x0000015a9307942f sp=0x0000000b00bf7dd8 mode 2
Event: 28.523 Thread 0x0000015aa75c7800 DEOPT PACKING pc=0x0000015a94105e3a sp=0x0000000b00bf7f70
Event: 28.523 Thread 0x0000015aa75c7800 DEOPT UNPACKING pc=0x0000015a9307994e sp=0x0000000b00bf7468 mode 0
Event: 28.528 Thread 0x0000015aa75c7800 DEOPT PACKING pc=0x0000015a94103b96 sp=0x0000000b00bf7ed0
Event: 28.528 Thread 0x0000015aa75c7800 DEOPT UNPACKING pc=0x0000015a9307994e sp=0x0000000b00bf7468 mode 0
Event: 28.529 Thread 0x0000015aa75c7800 DEOPT PACKING pc=0x0000015a94103b96 sp=0x0000000b00bf7ed0
Event: 28.529 Thread 0x0000015aa75c7800 DEOPT UNPACKING pc=0x0000015a9307994e sp=0x0000000b00bf7468 mode 0
Event: 28.852 Thread 0x0000015aa75c7800 DEOPT PACKING pc=0x0000015a94105e3a sp=0x0000000b00bf7f10
Event: 28.852 Thread 0x0000015aa75c7800 DEOPT UNPACKING pc=0x0000015a9307994e sp=0x0000000b00bf7408 mode 0
Event: 28.875 Thread 0x0000015aa75c7800 DEOPT PACKING pc=0x0000015a94105e3a sp=0x0000000b00bf7fa0
Event: 28.875 Thread 0x0000015aa75c7800 DEOPT UNPACKING pc=0x0000015a9307994e sp=0x0000000b00bf7498 mode 0

Classes unloaded (1 events):
Event: 23.018 Thread 0x0000015a8abfd800 Unloading class 0x0000000801054840 'org/gradle/api/internal/artifacts/ivyservice/ivyresolve/ErrorHandlingModuleComponentRepository$ErrorHandlingModuleComponentRepositoryAccess$$Lambda$236'

Classes redefined (0 events):
No events

Internal exceptions (20 events):
Event: 28.535 Thread 0x0000015aa75c7800 Exception <a 'java/lang/ClassNotFoundException'{0x00000000c5a93380}: org/gradle/api/internal/tasks/DefaultTaskContainer_DecoratedBeanInfo> (0x00000000c5a93380) 
thrown [t:/workspace/open/src/hotspot/share/classfile/systemDictionary.cpp, line 232]
Event: 28.536 Thread 0x0000015aa75c7800 Exception <a 'java/lang/ClassNotFoundException'{0x00000000c5aa5310}: org/gradle/api/internal/tasks/DefaultTaskContainerBeanInfo> (0x00000000c5aa5310) 
thrown [t:/workspace/open/src/hotspot/share/classfile/systemDictionary.cpp, line 232]
Event: 28.537 Thread 0x0000015aa75c7800 Exception <a 'java/lang/ClassNotFoundException'{0x00000000c5ab8338}: org/gradle/api/internal/tasks/DefaultTaskCollectionBeanInfo> (0x00000000c5ab8338) 
thrown [t:/workspace/open/src/hotspot/share/classfile/systemDictionary.cpp, line 232]
Event: 28.537 Thread 0x0000015aa75c7800 Exception <a 'java/lang/ClassNotFoundException'{0x00000000c5acb088}: org/gradle/api/internal/tasks/DefaultTaskCollectionCustomizer> (0x00000000c5acb088) 
thrown [t:/workspace/open/src/hotspot/share/classfile/systemDictionary.cpp, line 232]
Event: 28.541 Thread 0x0000015aa75c7800 Exception <a 'java/lang/ClassNotFoundException'{0x00000000c590ae08}: org/gradle/api/internal/tasks/DefaultTaskContainerCustomizer> (0x00000000c590ae08) 
thrown [t:/workspace/open/src/hotspot/share/classfile/systemDictionary.cpp, line 232]
Event: 28.549 Thread 0x0000015aa75c7800 Exception <a 'java/lang/ClassNotFoundException'{0x00000000c596f4a0}: org/gradle/api/internal/tasks/DefaultTaskContainer_DecoratedCustomizer> (0x00000000c596f4a0) 
thrown [t:/workspace/open/src/hotspot/share/classfile/systemDictionary.cpp, line 232]
Event: 28.744 Thread 0x0000015aa75c7800 Exception <a 'java/lang/ClassNotFoundException'{0x00000000c6d809b0}: com/google/gms/googleservices/GoogleServicesTask_DecoratedBeanInfo> (0x00000000c6d809b0) 
thrown [t:/workspace/open/src/hotspot/share/classfile/systemDictionary.cpp, line 232]
Event: 28.745 Thread 0x0000015aa75c7800 Exception <a 'java/lang/ClassNotFoundException'{0x00000000c6d94578}: com/google/gms/googleservices/GoogleServicesTaskBeanInfo> (0x00000000c6d94578) 
thrown [t:/workspace/open/src/hotspot/share/classfile/systemDictionary.cpp, line 232]
Event: 28.746 Thread 0x0000015aa75c7800 Exception <a 'java/lang/ClassNotFoundException'{0x00000000c6da89f0}: com/google/gms/googleservices/GoogleServicesTaskCustomizer> (0x00000000c6da89f0) 
thrown [t:/workspace/open/src/hotspot/share/classfile/systemDictionary.cpp, line 232]
Event: 28.749 Thread 0x0000015aa75c7800 Exception <a 'java/lang/ClassNotFoundException'{0x00000000c6dc9540}: com/google/gms/googleservices/GoogleServicesTask_DecoratedCustomizer> (0x00000000c6dc9540) 
thrown [t:/workspace/open/src/hotspot/share/classfile/systemDictionary.cpp, line 232]
Event: 28.854 Thread 0x0000015aa75c7800 Exception <a 'java/lang/ClassNotFoundException'{0x00000000c72413c0}: org/codehaus/groovy/runtime/HandleMetaClassBeanInfo> (0x00000000c72413c0) 
thrown [t:/workspace/open/src/hotspot/share/classfile/systemDictionary.cpp, line 232]
Event: 28.855 Thread 0x0000015aa75c7800 Exception <a 'java/lang/ClassNotFoundException'{0x00000000c7251b58}: groovy/lang/DelegatingMetaClassBeanInfo> (0x00000000c7251b58) 
thrown [t:/workspace/open/src/hotspot/share/classfile/systemDictionary.cpp, line 232]
Event: 28.856 Thread 0x0000015aa75c7800 Exception <a 'java/lang/ClassNotFoundException'{0x00000000c7261600}: groovy/lang/DelegatingMetaClassCustomizer> (0x00000000c7261600) 
thrown [t:/workspace/open/src/hotspot/share/classfile/systemDictionary.cpp, line 232]
Event: 28.858 Thread 0x0000015aa75c7800 Exception <a 'java/lang/ClassNotFoundException'{0x00000000c728cc48}: org/codehaus/groovy/runtime/HandleMetaClassCustomizer> (0x00000000c728cc48) 
thrown [t:/workspace/open/src/hotspot/share/classfile/systemDictionary.cpp, line 232]
Event: 28.877 Thread 0x0000015aa75c7800 Exception <a 'java/lang/ClassNotFoundException'{0x00000000c7195738}: java/util/Collections$EmptyListBeanInfo> (0x00000000c7195738) 
thrown [t:/workspace/open/src/hotspot/share/classfile/systemDictionary.cpp, line 232]
Event: 28.878 Thread 0x0000015aa75c7800 Exception <a 'java/lang/ClassNotFoundException'{0x00000000c719deb8}: java/util/Collections$EmptyListCustomizer> (0x00000000c719deb8) 
thrown [t:/workspace/open/src/hotspot/share/classfile/systemDictionary.cpp, line 232]
Event: 28.888 Thread 0x0000015aa75c7800 Exception <a 'java/lang/ClassNotFoundException'{0x00000000c700d910}: groovy/lang/MetaBeanPropertyBeanInfo> (0x00000000c700d910) 
thrown [t:/workspace/open/src/hotspot/share/classfile/systemDictionary.cpp, line 232]
Event: 28.889 Thread 0x0000015aa75c7800 Exception <a 'java/lang/ClassNotFoundException'{0x00000000c701d330}: groovy/lang/MetaBeanPropertyCustomizer> (0x00000000c701d330) 
thrown [t:/workspace/open/src/hotspot/share/classfile/systemDictionary.cpp, line 232]
Event: 29.029 Thread 0x0000015aa75c7800 Exception <a 'java/lang/ClassNotFoundException'{0x00000000c6fcfbb0}: com/google/android/gms/dependencies/DependencyAnalyzerBeanInfo> (0x00000000c6fcfbb0) 
thrown [t:/workspace/open/src/hotspot/share/classfile/systemDictionary.cpp, line 232]
Event: 29.033 Thread 0x0000015aa75c7800 Exception <a 'java/lang/ClassNotFoundException'{0x00000000c6fe1ea8}: com/google/android/gms/dependencies/DependencyAnalyzerCustomizer> (0x00000000c6fe1ea8) 
thrown [t:/workspace/open/src/hotspot/share/classfile/systemDictionary.cpp, line 232]

Events (20 events):
Event: 29.026 loading class com/google/android/gms/dependencies/Dependency
Event: 29.026 loading class com/google/android/gms/dependencies/Dependency done
Event: 29.027 loading class com/google/android/gms/dependencies/Artifact
Event: 29.027 loading class com/google/android/gms/dependencies/Artifact done
Event: 29.028 loading class com/google/android/gms/dependencies/DependencyAnalyzerBeanInfo
Event: 29.028 loading class com/google/android/gms/dependencies/DependencyAnalyzerBeanInfo done
Event: 29.028 loading class com/google/android/gms/dependencies/DependencyAnalyzerBeanInfo
Event: 29.028 loading class com/google/android/gms/dependencies/DependencyAnalyzerBeanInfo done
Event: 29.029 loading class com/google/android/gms/dependencies/DependencyAnalyzerBeanInfo
Event: 29.029 loading class com/google/android/gms/dependencies/DependencyAnalyzerBeanInfo done
Event: 29.029 loading class com/google/android/gms/dependencies/DependencyAnalyzerCustomizer
Event: 29.029 loading class com/google/android/gms/dependencies/DependencyAnalyzerCustomizer done
Event: 29.033 loading class com/google/android/gms/dependencies/DependencyAnalyzerCustomizer
Event: 29.033 loading class com/google/android/gms/dependencies/DependencyAnalyzerCustomizer done
Event: 29.033 loading class com/google/android/gms/dependencies/DependencyAnalyzerCustomizer
Event: 29.033 loading class com/google/android/gms/dependencies/DependencyAnalyzerCustomizer done
Event: 29.034 loading class com/google/android/gms/dependencies/ArtifactDependencyManager
Event: 29.034 loading class com/google/android/gms/dependencies/ArtifactDependencyManager done
Event: 29.037 loading class com/google/android/gms/dependencies/DependencyInspector
Event: 29.037 loading class com/google/android/gms/dependencies/DependencyInspector done


Dynamic libraries:
0x00007ff6585c0000 - 0x00007ff6585cf000 	C:\Program Files\Java\jdk-13.0.2\bin\java.exe
0x00007ff9f88b0000 - 0x00007ff9f8a9d000 	C:\Windows\SYSTEM32\ntdll.dll
0x00007ff9f5ad0000 - 0x00007ff9f5b83000 	C:\Windows\System32\KERNEL32.DLL
0x00007ff9f4d00000 - 0x00007ff9f4f95000 	C:\Windows\System32\KERNELBASE.dll
0x00007ff9f4a40000 - 0x00007ff9f4b3a000 	C:\Windows\System32\ucrtbase.dll
0x00007ff9edc20000 - 0x00007ff9edc38000 	C:\Program Files\Java\jdk-13.0.2\bin\jli.dll
0x00007ff9f7be0000 - 0x00007ff9f7c83000 	C:\Windows\System32\ADVAPI32.dll
0x00007ff9f82a0000 - 0x00007ff9f833e000 	C:\Windows\System32\msvcrt.dll
0x00007ff9f7980000 - 0x00007ff9f7a1e000 	C:\Windows\System32\sechost.dll
0x00007ff9f8470000 - 0x00007ff9f8592000 	C:\Windows\System32\RPCRT4.dll
0x00007ff9f77e0000 - 0x00007ff9f7977000 	C:\Windows\System32\USER32.dll
0x00007ff9f4ce0000 - 0x00007ff9f4d00000 	C:\Windows\System32\win32u.dll
0x00007ff9f8240000 - 0x00007ff9f8269000 	C:\Windows\System32\GDI32.dll
0x00007ff9f4b40000 - 0x00007ff9f4cd9000 	C:\Windows\System32\gdi32full.dll
0x00007ff9f5740000 - 0x00007ff9f57e0000 	C:\Windows\System32\msvcp_win.dll
0x00007ff9ebb80000 - 0x00007ff9ebb95000 	C:\Program Files\Java\jdk-13.0.2\bin\VCRUNTIME140.dll
0x00007ff9e1f10000 - 0x00007ff9e2189000 	C:\Windows\WinSxS\amd64_microsoft.windows.common-controls_6595b64144ccf1df_6.0.17763.1217_none_de6e4304534e0ad3\COMCTL32.dll
0x00007ff9f5fb0000 - 0x00007ff9f62dc000 	C:\Windows\System32\combase.dll
0x00007ff9f5a20000 - 0x00007ff9f5a9e000 	C:\Windows\System32\bcryptPrimitives.dll
0x00007ff9f0370000 - 0x00007ff9f037a000 	C:\Windows\SYSTEM32\VERSION.dll
0x00007ff9f8270000 - 0x00007ff9f829e000 	C:\Windows\System32\IMM32.DLL
0x00007ff9eabf0000 - 0x00007ff9eac8b000 	C:\Program Files\Java\jdk-13.0.2\bin\msvcp140.dll
0x00007ff9ce440000 - 0x00007ff9cef9d000 	C:\Program Files\Java\jdk-13.0.2\bin\server\jvm.dll
0x00007ff9f85a0000 - 0x00007ff9f85a8000 	C:\Windows\System32\PSAPI.DLL
0x00007ff9f10d0000 - 0x00007ff9f10d9000 	C:\Windows\SYSTEM32\WSOCK32.dll
0x00007ff9f85b0000 - 0x00007ff9f861d000 	C:\Windows\System32\WS2_32.dll
0x00007ff9f28e0000 - 0x00007ff9f2904000 	C:\Windows\SYSTEM32\WINMM.dll
0x00007ff9f28b0000 - 0x00007ff9f28dd000 	C:\Windows\SYSTEM32\WINMMBASE.dll
0x00007ff9f56f0000 - 0x00007ff9f573a000 	C:\Windows\System32\cfgmgr32.dll
0x00007ff9f4920000 - 0x00007ff9f4931000 	C:\Windows\System32\kernel.appcore.dll
0x00007ff9f1160000 - 0x00007ff9f1170000 	C:\Program Files\Java\jdk-13.0.2\bin\verify.dll
0x00007ff9e3a50000 - 0x00007ff9e3c3d000 	C:\Windows\SYSTEM32\DBGHELP.DLL
0x00007ff9e3a20000 - 0x00007ff9e3a4a000 	C:\Windows\SYSTEM32\dbgcore.DLL
0x00007ff9eb4a0000 - 0x00007ff9eb4c6000 	C:\Program Files\Java\jdk-13.0.2\bin\java.dll
0x00007ff9eba20000 - 0x00007ff9eba37000 	C:\Program Files\Java\jdk-13.0.2\bin\zip.dll
0x00007ff9ee770000 - 0x00007ff9ee77a000 	C:\Program Files\Java\jdk-13.0.2\bin\jimage.dll
0x00007ff9f62e0000 - 0x00007ff9f77d4000 	C:\Windows\System32\SHELL32.dll
0x00007ff9f87d0000 - 0x00007ff9f8878000 	C:\Windows\System32\shcore.dll
0x00007ff9f4fa0000 - 0x00007ff9f56ee000 	C:\Windows\System32\windows.storage.dll
0x00007ff9f4940000 - 0x00007ff9f4964000 	C:\Windows\System32\profapi.dll
0x00007ff9f48c0000 - 0x00007ff9f491d000 	C:\Windows\System32\powrprof.dll
0x00007ff9f5c90000 - 0x00007ff9f5ce2000 	C:\Windows\System32\shlwapi.dll
0x00007ff9f4970000 - 0x00007ff9f4987000 	C:\Windows\System32\cryptsp.dll
0x00007ff9eabd0000 - 0x00007ff9eabe9000 	C:\Program Files\Java\jdk-13.0.2\bin\net.dll
0x00007ff9e8990000 - 0x00007ff9e8a82000 	C:\Windows\SYSTEM32\WINHTTP.dll
0x00007ff9f40c0000 - 0x00007ff9f4127000 	C:\Windows\system32\mswsock.dll
0x00007ff9eabb0000 - 0x00007ff9eabc3000 	C:\Program Files\Java\jdk-13.0.2\bin\nio.dll
0x00007ff9ddd10000 - 0x00007ff9ddd36000 	C:\Users\ELCOT\.gradle\caches\gradle-6.5\native\31\windows-amd64\native-platform.dll
0x00007ff9edcd0000 - 0x00007ff9edcd9000 	C:\Program Files\Java\jdk-13.0.2\bin\management.dll
0x00007ff9edb70000 - 0x00007ff9edb7b000 	C:\Program Files\Java\jdk-13.0.2\bin\management_ext.dll
0x00007ff9f3bf0000 - 0x00007ff9f3c23000 	C:\Windows\system32\rsaenh.dll
0x00007ff9f5aa0000 - 0x00007ff9f5ac6000 	C:\Windows\System32\bcrypt.dll
0x00007ff9f47a0000 - 0x00007ff9f47c8000 	C:\Windows\SYSTEM32\USERENV.dll
0x00007ff9f4240000 - 0x00007ff9f424c000 	C:\Windows\SYSTEM32\CRYPTBASE.dll
0x00007ff9f3df0000 - 0x00007ff9f3e2d000 	C:\Windows\SYSTEM32\IPHLPAPI.DLL
0x00007ff9f5cf0000 - 0x00007ff9f5cf8000 	C:\Windows\System32\NSI.dll
0x00007ff9ec560000 - 0x00007ff9ec576000 	C:\Windows\SYSTEM32\dhcpcsvc6.DLL
0x00007ff9ec540000 - 0x00007ff9ec55c000 	C:\Windows\SYSTEM32\dhcpcsvc.DLL
0x00007ff9f3e40000 - 0x00007ff9f3f07000 	C:\Windows\SYSTEM32\DNSAPI.dll

dbghelp: loaded successfully - version: 4.0.5 - missing functions: none
symbol engine: initialized successfully - sym options: 0x614 - pdb path: .;C:\Program Files\Java\jdk-13.0.2\bin;C:\Windows\SYSTEM32;C:\Windows\WinSxS\amd64_microsoft.windows.common-controls_6595b64144ccf1df_6.0.17763.1217_none_de6e4304534e0ad3;C:\Program Files\Java\jdk-13.0.2\bin\server;C:\Users\ELCOT\.gradle\caches\gradle-6.5\native\31\windows-amd64

VM Arguments:
jvm_args: --add-opens=java.base/java.util=ALL-UNNAMED --add-opens=java.base/java.lang=ALL-UNNAMED --add-opens=java.base/java.lang.invoke=ALL-UNNAMED --add-opens=java.prefs/java.util.prefs=ALL-UNNAMED -Xmx1024m -Dfile.encoding=windows-1252 -Duser.country=IN -Duser.language=en -Duser.variant 
java_command: org.gradle.launcher.daemon.bootstrap.GradleDaemon 6.1.1
java_class_path (initial): C:\Users\ELCOT\.gradle\caches\gradle-6.5\wrapper\dists\gradle-6.1.1-all\cfmwm155h49vnt3hynmlrsdst\gradle-6.1.1\lib\gradle-launcher-6.1.1.jar
Launcher Type: SUN_STANDARD

[Global flags]
     intx CICompilerCount                          = 2                                         {product} {ergonomic}
     uint ConcGCThreads                            = 1                                         {product} {ergonomic}
     uint G1ConcRefinementThreads                  = 2                                         {product} {ergonomic}
   size_t G1HeapRegionSize                         = 1048576                                   {product} {ergonomic}
    uintx GCDrainStackTargetSize                   = 64                                        {product} {ergonomic}
   size_t InitialHeapSize                          = 65011712                                  {product} {ergonomic}
   size_t MarkStackSize                            = 4194304                                   {product} {ergonomic}
   size_t MaxHeapSize                              = 1073741824                                {product} {command line}
   size_t MaxNewSize                               = 643825664                                 {product} {ergonomic}
   size_t MinHeapDeltaBytes                        = 1048576                                   {product} {ergonomic}
   size_t MinHeapSize                              = 8388608                                   {product} {ergonomic}
    uintx NonNMethodCodeHeapSize                   = 5826188                                {pd product} {ergonomic}
    uintx NonProfiledCodeHeapSize                  = 122916026                              {pd product} {ergonomic}
    uintx ProfiledCodeHeapSize                     = 122916026                              {pd product} {ergonomic}
    uintx ReservedCodeCacheSize                    = 251658240                              {pd product} {ergonomic}
     bool SegmentedCodeCache                       = true                                      {product} {ergonomic}
   size_t SoftMaxHeapSize                          = 1073741824                             {manageable} {ergonomic}
     bool UseCompressedClassPointers               = true                                 {lp64_product} {ergonomic}
     bool UseCompressedOops                        = true                                 {lp64_product} {ergonomic}
     bool UseG1GC                                  = true                                      {product} {ergonomic}
     bool UseLargePagesIndividualAllocation        = false                                  {pd product} {ergonomic}

Logging:
Log output configuration:
 #0: stdout all=warning uptime,level,tags
 #1: stderr all=off uptime,level,tags

Environment Variables:
JAVA_HOME=C:\Program Files\Android\Android Studio\jre
PATH=C:\Program Files\AdoptOpenJDK\jdk-11.0.7.10-hotspot\bin;C:\Program Files (x86)\Common Files\Oracle\Java\javapath;C:\MinGW\bin;C:\Windows\system32;C:\Windows;C:\Windows\System32\Wbem;C:\Windows\System32\WindowsPowerShell\v1.0\;C:\Windows\System32\OpenSSH\;C:\Program Files\nodejs\;C:\Users\ELCOT\Downloads\python-3.8.2;C:\Program Files\Dart\dart-sdk\bin;C:\drivers\chromedriver_win32.zip;C:\src\flutter\flutter_windows_v1.12.13+hotfix.9-stable\flutter\bin;C:\Program Files (x86)\Android\android-sdk\platforms\platform-tools;C:\Program Files (x86)\Android\android-sdk\platform-tools\api;C:\Downloads\installer_r16-windows.exe;C:\ProgramData\Microsoft\Windows\Start Menu\Programs\Android SDK Tools;D:\kishoreAndroid\Android\Android Studio\bin;D:\kishoreAndroid\Android\Android Studio;C:\ProgramData\Microsoft\Windows\Start Menu\Programs\Visual Studio Emulator for Android.lnk;C:\Downloads\vs_emulatorsetup.exe;C:\Program Files (x86)\Android\android-sdk\SDK Manager;D:\Kishore\platforms;C:\Users\ELCOT\AppData\Local\Programs\Python\Python38\Scripts\;C:\Users\;C:\Program Files\Android\Android Studio\jre;C:\Program Files\Java\jdk-13.0.2\bin;C:\Program Files\Java\jre1.8.0_251\bin;C:\Program Files (x86)\Android\platform-tools;C:\Downloads\python-3.8.2.exe;C:\Program Files\dotnet\;C:\Program Files\Microsoft SQL Server\130\Tools\Binn\;C:\Program Files\Microsoft SQL Server\Client SDK\ODBC\170\Tools\Binn\;D:\Git\cmd;C:\Users\ELCOT\AppData\Roaming\npm;D:\modelsim_ase\win32aloem;C:\Users\ELCOT\AppData\Local\Programs\Python\Python39\Scripts\;C:\Users\ELCOT\AppData\Local\Programs\Python\Python39\;C:\Users\ELCOT\AppData\Local\ValidatorBuddy;C:\Users\ELCOT\AppData\Local\Programs\Python\Python38;C:\src\flutter\bin;D:\Heroku\bin;D:\Microsoft VS Code\bin;C:\Users\ELCOT\AppData\Roaming\npm\node_modules\firebase\node_modules\protobufjs\bin;
USERNAME=ELCOT
OS=Windows_NT
PROCESSOR_IDENTIFIER=AMD64 Family 21 Model 112 Stepping 0, AuthenticAMD



---------------  S Y S T E M  ---------------

OS: Windows 10 , 64 bit Build 17763 (10.0.17763.1158)
HyperV virtualization detected

CPU:total 2 (initial active 2) (2 cores per cpu, 1 threads per core) family 21 model 112 stepping 0, cmov, cx8, fxsr, mmx, sse, sse2, sse3, ssse3, sse4.1, sse4.2, popcnt, avx, avx2, aes, clmul, mmxext, 3dnowpref, lzcnt, sse4a, tsc, tscinvbit, tscinv, bmi1, bmi2, fma

Memory: 4k page, system-wide physical 3935M (457M free)
TotalPageFile size 5322M (AvailPageFile size 5M)
current process WorkingSet (physical memory assigned to process): 286M, peak: 286M
current process commit charge ("private bytes"): 317M, peak: 319M

vm_info: Java HotSpot(TM) 64-Bit Server VM (13.0.2+8) for windows-amd64 JRE (13.0.2+8), built on Dec 11 2019 09:20:33 by "mach5one" with unknown MS VC++:1916

END.
