#
# There is insufficient memory for the Java Runtime Environment to continue.
# Native memory allocation (malloc) failed to allocate 32744 bytes for ChunkPool::allocate
# Possible reasons:
#   The system is out of physical RAM or swap space
#   The process is running with CompressedOops enabled, and the Java Heap may be blocking the growth of the native heap
# Possible solutions:
#   Reduce memory load on the system
#   Increase physical memory or swap space
#   Check if swap backing store is full
#   Decrease Java heap size (-Xmx/-Xms)
#   Decrease number of Java threads
#   Decrease Java thread stack sizes (-Xss)
#   Set larger code cache with -XX:ReservedCodeCacheSize=
#   JVM is running with Unscaled Compressed Oops mode in which the Java heap is
#     placed in the first 4GB address space. The Java Heap base address is the
#     maximum limit for the native heap growth. Please use -XX:HeapBaseMinAddress
#     to set the Java Heap base and to place the Java Heap above 4GB virtual address.
# This output file may be truncated or incomplete.
#
#  Out of Memory Error (t:/workspace/open/src/hotspot/share/memory/arena.cpp:80), pid=7960, tid=7212
#
# JRE version: Java(TM) SE Runtime Environment (13.0.2+8) (build 13.0.2+8)
# Java VM: Java HotSpot(TM) 64-Bit Server VM (13.0.2+8, mixed mode, sharing, tiered, compressed oops, g1 gc, windows-amd64)
# No core dump will be written. Minidumps are not enabled by default on client versions of Windows
#

---------------  S U M M A R Y ------------

Command Line: --add-opens=java.base/java.util=ALL-UNNAMED --add-opens=java.base/java.lang=ALL-UNNAMED --add-opens=java.base/java.lang.invoke=ALL-UNNAMED --add-opens=java.prefs/java.util.prefs=ALL-UNNAMED -Xmx2048m -Dfile.encoding=windows-1252 -Duser.country=IN -Duser.language=en -Duser.variant org.gradle.launcher.daemon.bootstrap.GradleDaemon 6.5

Host: AMD PRO A4-4350B R4, 5 COMPUTE CORES 2C+3G     , 2 cores, 3G,  Windows 10 , 64 bit Build 17763 (10.0.17763.1158)
Time: Thu Sep  3 03:54:05 2020 Pacific Daylight Time elapsed time: 89 seconds (0d 0h 1m 29s)

---------------  T H R E A D  ---------------

Current thread (0x00000127c984f000):  JavaThread "C1 CompilerThread0" daemon [_thread_in_native, id=7212, stack(0x0000001a52d00000,0x0000001a52e00000)]


Current CompileTask:
C1:  89918 6380       3       groovyjarjarasm.asm.Frame::accept (264 bytes)

Stack: [0x0000001a52d00000,0x0000001a52e00000]
Native frames: (J=compiled Java code, j=interpreted, Vv=VM code, C=native code)
V  [jvm.dll+0x624f9a]
V  [jvm.dll+0x770cfa]
V  [jvm.dll+0x7724af]
V  [jvm.dll+0x772ab3]
V  [jvm.dll+0x24bf08]
V  [jvm.dll+0xc2076]
V  [jvm.dll+0xc23cc]
V  [jvm.dll+0xcdcea]
V  [jvm.dll+0x15748d]
V  [jvm.dll+0x155ade]
V  [jvm.dll+0x141f30]
V  [jvm.dll+0x12a0d9]
V  [jvm.dll+0x1299df]
V  [jvm.dll+0x129c0f]
V  [jvm.dll+0x128ea7]
V  [jvm.dll+0x12adc7]
V  [jvm.dll+0x213e6d]
V  [jvm.dll+0x2120bb]
V  [jvm.dll+0x736bb6]
V  [jvm.dll+0x72fcaa]
V  [jvm.dll+0x623ea6]
C  [ucrtbase.dll+0x21ffa]
C  [KERNEL32.DLL+0x17974]
C  [ntdll.dll+0x6a271]


---------------  P R O C E S S  ---------------

Threads class SMR info:
_java_thread_list=0x00000127cee99a00, length=122, elements={
0x00000127ab5c4000, 0x00000127c9825000, 0x00000127c9828800, 0x00000127c9849000,
0x00000127c984b000, 0x00000127c984c000, 0x00000127c984f000, 0x00000127c98bc000,
0x00000127ca281000, 0x00000127ca2b0000, 0x00000127cb352000, 0x00000127ca548800,
0x00000127ca517000, 0x00000127ca5d2000, 0x00000127cae29800, 0x00000127ca3d4800,
0x00000127ca3d5800, 0x00000127ca587000, 0x00000127cad21800, 0x00000127cab77000,
0x00000127cab78000, 0x00000127cab79800, 0x00000127cab7b000, 0x00000127cab7c000,
0x00000127cab76000, 0x00000127cab7c800, 0x00000127cab78800, 0x00000127cab7a800,
0x00000127cbadd800, 0x00000127cbadc800, 0x00000127cbade000, 0x00000127cbadf000,
0x00000127cbad9800, 0x00000127cbae0000, 0x00000127cbada000, 0x00000127cbae0800,
0x00000127cbadb000, 0x00000127cbae1800, 0x00000127cbadb800, 0x00000127cbae8000,
0x00000127cbae4000, 0x00000127cbae7000, 0x00000127cbae5800, 0x00000127cbae2800,
0x00000127cbae4800, 0x00000127cbae6800, 0x00000127cbae3000, 0x00000127cbc49800,
0x00000127cbc49000, 0x00000127cbc4c000, 0x00000127cbc4d000, 0x00000127cbc4b800,
0x00000127cbc48000, 0x00000127cbc53800, 0x00000127cbc4f800, 0x00000127cbc54800,
0x00000127cbc50800, 0x00000127cbc4e800, 0x00000127cbc51000, 0x00000127cbc55000,
0x00000127cbc56000, 0x00000127cbc52000, 0x00000127cbc52800, 0x00000127cd6ab000,
0x00000127cd6ab800, 0x00000127cd6a7800, 0x00000127cd6ae000, 0x00000127cd6a8800,
0x00000127cd6ac800, 0x00000127cd6ad800, 0x00000127cd6af000, 0x00000127cd6a9000,
0x00000127cd6b0000, 0x00000127cd6aa000, 0x00000127cd6b3000, 0x00000127cd6b4000,
0x00000127cd6b4800, 0x00000127cd6b2000, 0x00000127cd6b5800, 0x00000127cd6b6800,
0x00000127cd6b0800, 0x00000127cd6b1800, 0x00000127ce4a3800, 0x00000127ce4a1800,
0x00000127ce4a2800, 0x00000127ce4a1000, 0x00000127ce4a4000, 0x00000127ce4a5000,
0x00000127ce49f800, 0x00000127ce4a6000, 0x00000127ce4a0000, 0x00000127ce4aa000,
0x00000127ce4aa800, 0x00000127ce4a7800, 0x00000127ce4ab800, 0x00000127ce4a6800,
0x00000127ce4ac800, 0x00000127ce4ad000, 0x00000127ce4ae000, 0x00000127ce4a8800,
0x00000127ce4a9000, 0x00000127cdfb4000, 0x00000127cdfb6800, 0x00000127cdfb3000,
0x00000127cdfb4800, 0x00000127cdfb5800, 0x00000127cdfb8000, 0x00000127cdfb7000,
0x00000127cdfb2800, 0x00000127cdfb9000, 0x00000127cdfbd000, 0x00000127cdfbc000,
0x00000127cdfbe800, 0x00000127cdfbf800, 0x00000127cdfb9800, 0x00000127cdfbd800,
0x00000127cdfc0000, 0x00000127cdfbb800, 0x00000127cdfba800, 0x00000127cdfc1000,
0x00000127cdf44800, 0x00000127cdf45800
}

Java Threads: ( => current thread )
  0x00000127ab5c4000 JavaThread "main" [_thread_blocked, id=1904, stack(0x0000001a52100000,0x0000001a52200000)]
  0x00000127c9825000 JavaThread "Reference Handler" daemon [_thread_blocked, id=4644, stack(0x0000001a52800000,0x0000001a52900000)]
  0x00000127c9828800 JavaThread "Finalizer" daemon [_thread_blocked, id=6568, stack(0x0000001a52900000,0x0000001a52a00000)]
  0x00000127c9849000 JavaThread "Signal Dispatcher" daemon [_thread_blocked, id=4364, stack(0x0000001a52a00000,0x0000001a52b00000)]
  0x00000127c984b000 JavaThread "Attach Listener" daemon [_thread_blocked, id=1784, stack(0x0000001a52b00000,0x0000001a52c00000)]
  0x00000127c984c000 JavaThread "C2 CompilerThread0" daemon [_thread_in_native, id=7136, stack(0x0000001a52c00000,0x0000001a52d00000)]
=>0x00000127c984f000 JavaThread "C1 CompilerThread0" daemon [_thread_in_native, id=7212, stack(0x0000001a52d00000,0x0000001a52e00000)]
  0x00000127c98bc000 JavaThread "Sweeper thread" daemon [_thread_blocked, id=6360, stack(0x0000001a52e00000,0x0000001a52f00000)]
  0x00000127ca281000 JavaThread "Common-Cleaner" daemon [_thread_blocked, id=7204, stack(0x0000001a52f00000,0x0000001a53000000)]
  0x00000127ca2b0000 JavaThread "Service Thread" daemon [_thread_blocked, id=5836, stack(0x0000001a53000000,0x0000001a53100000)]
  0x00000127cb352000 JavaThread "Daemon health stats" [_thread_blocked, id=6024, stack(0x0000001a53300000,0x0000001a53400000)]
  0x00000127ca548800 JavaThread "Incoming local TCP Connector on port 51317" [_thread_in_native, id=3400, stack(0x0000001a53600000,0x0000001a53700000)]
  0x00000127ca517000 JavaThread "Daemon periodic checks" [_thread_blocked, id=4988, stack(0x0000001a53700000,0x0000001a53800000)]
  0x00000127ca5d2000 JavaThread "Daemon" [_thread_blocked, id=1984, stack(0x0000001a53800000,0x0000001a53900000)]
  0x00000127cae29800 JavaThread "Handler for socket connection from /127.0.0.1:51317 to /127.0.0.1:51318" [_thread_in_native, id=7132, stack(0x0000001a53900000,0x0000001a53a00000)]
  0x00000127ca3d4800 JavaThread "Cancel handler" [_thread_blocked, id=5536, stack(0x0000001a53a00000,0x0000001a53b00000)]
  0x00000127ca3d5800 JavaThread "Daemon worker" [_thread_in_vm, id=464, stack(0x0000001a53b00000,0x0000001a53c00000)]
  0x00000127ca587000 JavaThread "Asynchronous log dispatcher for DefaultDaemonConnection: socket connection from /127.0.0.1:51317 to /127.0.0.1:51318" [_thread_blocked, id=2628, stack(0x0000001a53c00000,0x0000001a53d00000)]
  0x00000127cad21800 JavaThread "Thread-8" [_thread_blocked, id=932, stack(0x0000001a53e00000,0x0000001a53f00000)]
  0x00000127cab77000 JavaThread "Cache worker for journal cache (C:\Users\ELCOT\.gradle\caches\gradle-6.5\caches\journal-1)" [_thread_blocked, id=1760, stack(0x0000001a53f00000,0x0000001a54000000)]
  0x00000127cab78000 JavaThread "File lock request listener" [_thread_in_native, id=7904, stack(0x0000001a54000000,0x0000001a54100000)]
  0x00000127cab79800 JavaThread "File lock release action executor" [_thread_blocked, id=3424, stack(0x0000001a54100000,0x0000001a54200000)]
  0x00000127cab7b000 JavaThread "Cache worker for file hash cache (C:\Users\ELCOT\.gradle\caches\gradle-6.5\caches\6.5\fileHashes)" [_thread_blocked, id=4444, stack(0x0000001a54200000,0x0000001a54300000)]
  0x00000127cab7c000 JavaThread "Cache worker for file hash cache (D:\AndroidStudioProjects\DoChat\.gradle\6.5\fileHashes)" [_thread_blocked, id=1900, stack(0x0000001a54300000,0x0000001a54400000)]
  0x00000127cab76000 JavaThread "jar transforms" [_thread_blocked, id=2624, stack(0x0000001a54400000,0x0000001a54500000)]
  0x00000127cab7c800 JavaThread "jar transforms Thread 2" [_thread_blocked, id=5956, stack(0x0000001a54500000,0x0000001a54600000)]
  0x00000127cab78800 JavaThread "jar transforms Thread 3" [_thread_blocked, id=4276, stack(0x0000001a54600000,0x0000001a54700000)]
  0x00000127cab7a800 JavaThread "jar transforms Thread 4" [_thread_blocked, id=428, stack(0x0000001a54700000,0x0000001a54800000)]
  0x00000127cbadd800 JavaThread "jar transforms Thread 5" [_thread_blocked, id=7756, stack(0x0000001a54800000,0x0000001a54900000)]
  0x00000127cbadc800 JavaThread "jar transforms Thread 6" [_thread_blocked, id=6984, stack(0x0000001a54900000,0x0000001a54a00000)]
  0x00000127cbade000 JavaThread "jar transforms Thread 7" [_thread_blocked, id=7284, stack(0x0000001a54a00000,0x0000001a54b00000)]
  0x00000127cbadf000 JavaThread "jar transforms Thread 8" [_thread_blocked, id=7208, stack(0x0000001a54b00000,0x0000001a54c00000)]
  0x00000127cbad9800 JavaThread "jar transforms Thread 9" [_thread_blocked, id=7480, stack(0x0000001a54c00000,0x0000001a54d00000)]
  0x00000127cbae0000 JavaThread "jar transforms Thread 10" [_thread_blocked, id=6692, stack(0x0000001a54d00000,0x0000001a54e00000)]
  0x00000127cbada000 JavaThread "jar transforms Thread 11" [_thread_blocked, id=4340, stack(0x0000001a54e00000,0x0000001a54f00000)]
  0x00000127cbae0800 JavaThread "jar transforms Thread 12" [_thread_blocked, id=672, stack(0x0000001a54f00000,0x0000001a55000000)]
  0x00000127cbadb000 JavaThread "jar transforms Thread 13" [_thread_blocked, id=6792, stack(0x0000001a55000000,0x0000001a55100000)]
  0x00000127cbae1800 JavaThread "jar transforms Thread 14" [_thread_blocked, id=7568, stack(0x0000001a55100000,0x0000001a55200000)]
  0x00000127cbadb800 JavaThread "jar transforms Thread 15" [_thread_blocked, id=32, stack(0x0000001a55200000,0x0000001a55300000)]
  0x00000127cbae8000 JavaThread "jar transforms Thread 16" [_thread_blocked, id=7544, stack(0x0000001a55300000,0x0000001a55400000)]
  0x00000127cbae4000 JavaThread "jar transforms Thread 17" [_thread_blocked, id=2564, stack(0x0000001a55400000,0x0000001a55500000)]
  0x00000127cbae7000 JavaThread "jar transforms Thread 18" [_thread_blocked, id=6356, stack(0x0000001a55500000,0x0000001a55600000)]
  0x00000127cbae5800 JavaThread "jar transforms Thread 19" [_thread_blocked, id=7432, stack(0x0000001a55600000,0x0000001a55700000)]
  0x00000127cbae2800 JavaThread "jar transforms Thread 20" [_thread_blocked, id=7236, stack(0x0000001a55700000,0x0000001a55800000)]
  0x00000127cbae4800 JavaThread "jar transforms Thread 21" [_thread_blocked, id=4892, stack(0x0000001a55800000,0x0000001a55900000)]
  0x00000127cbae6800 JavaThread "jar transforms Thread 22" [_thread_blocked, id=6780, stack(0x0000001a55900000,0x0000001a55a00000)]
  0x00000127cbae3000 JavaThread "jar transforms Thread 23" [_thread_blocked, id=3812, stack(0x0000001a55a00000,0x0000001a55b00000)]
  0x00000127cbc49800 JavaThread "Cache worker for checksums cache (D:\AndroidStudioProjects\DoChat\.gradle\checksums)" [_thread_blocked, id=4216, stack(0x0000001a55b00000,0x0000001a55c00000)]
  0x00000127cbc49000 JavaThread "Cache worker for cache directory md-supplier (C:\Users\ELCOT\.gradle\caches\gradle-6.5\caches\6.5\md-supplier)" [_thread_blocked, id=7416, stack(0x0000001a55c00000,0x0000001a55d00000)]
  0x00000127cbc4c000 JavaThread "Cache worker for cache directory md-rule (C:\Users\ELCOT\.gradle\caches\gradle-6.5\caches\6.5\md-rule)" [_thread_blocked, id=1872, stack(0x0000001a55d00000,0x0000001a55e00000)]
  0x00000127cbc4d000 JavaThread "Cache worker for execution history cache (C:\Users\ELCOT\.gradle\caches\gradle-6.5\caches\6.5\executionHistory)" [_thread_blocked, id=4664, stack(0x0000001a55e00000,0x0000001a55f00000)]
  0x00000127cbc4b800 JavaThread "Cache worker for file content cache (C:\Users\ELCOT\.gradle\caches\gradle-6.5\caches\6.5\fileContent)" [_thread_blocked, id=6652, stack(0x0000001a55f00000,0x0000001a56000000)]
  0x00000127cbc48000 JavaThread "Build operations" [_thread_blocked, id=1260, stack(0x0000001a51e00000,0x0000001a51f00000)]
  0x00000127cbc53800 JavaThread "Build operations Thread 2" [_thread_blocked, id=7128, stack(0x0000001a51f00000,0x0000001a52000000)]
  0x00000127cbc4f800 JavaThread "jar transforms Thread 24" [_thread_blocked, id=8176, stack(0x0000001a52000000,0x0000001a52100000)]
  0x00000127cbc54800 JavaThread "jar transforms Thread 25" [_thread_blocked, id=296, stack(0x0000001a56000000,0x0000001a56100000)]
  0x00000127cbc50800 JavaThread "jar transforms Thread 26" [_thread_blocked, id=7000, stack(0x0000001a56100000,0x0000001a56200000)]
  0x00000127cbc4e800 JavaThread "jar transforms Thread 27" [_thread_blocked, id=6032, stack(0x0000001a56200000,0x0000001a56300000)]
  0x00000127cbc51000 JavaThread "jar transforms Thread 28" [_thread_blocked, id=7288, stack(0x0000001a56300000,0x0000001a56400000)]
  0x00000127cbc55000 JavaThread "jar transforms Thread 29" [_thread_blocked, id=7628, stack(0x0000001a56400000,0x0000001a56500000)]
  0x00000127cbc56000 JavaThread "jar transforms Thread 30" [_thread_blocked, id=7148, stack(0x0000001a56500000,0x0000001a56600000)]
  0x00000127cbc52000 JavaThread "jar transforms Thread 31" [_thread_blocked, id=3772, stack(0x0000001a56600000,0x0000001a56700000)]
  0x00000127cbc52800 JavaThread "jar transforms Thread 32" [_thread_blocked, id=3736, stack(0x0000001a56700000,0x0000001a56800000)]
  0x00000127cd6ab000 JavaThread "jar transforms Thread 33" [_thread_blocked, id=7280, stack(0x0000001a56800000,0x0000001a56900000)]
  0x00000127cd6ab800 JavaThread "jar transforms Thread 34" [_thread_blocked, id=4136, stack(0x0000001a56900000,0x0000001a56a00000)]
  0x00000127cd6a7800 JavaThread "jar transforms Thread 35" [_thread_blocked, id=1600, stack(0x0000001a56a00000,0x0000001a56b00000)]
  0x00000127cd6ae000 JavaThread "jar transforms Thread 36" [_thread_blocked, id=1012, stack(0x0000001a56b00000,0x0000001a56c00000)]
  0x00000127cd6a8800 JavaThread "jar transforms Thread 37" [_thread_blocked, id=5856, stack(0x0000001a56c00000,0x0000001a56d00000)]
  0x00000127cd6ac800 JavaThread "jar transforms Thread 38" [_thread_blocked, id=7616, stack(0x0000001a56d00000,0x0000001a56e00000)]
  0x00000127cd6ad800 JavaThread "jar transforms Thread 39" [_thread_blocked, id=1396, stack(0x0000001a56e00000,0x0000001a56f00000)]
  0x00000127cd6af000 JavaThread "jar transforms Thread 40" [_thread_blocked, id=3828, stack(0x0000001a56f00000,0x0000001a57000000)]
  0x00000127cd6a9000 JavaThread "jar transforms Thread 41" [_thread_blocked, id=1836, stack(0x0000001a57000000,0x0000001a57100000)]
  0x00000127cd6b0000 JavaThread "jar transforms Thread 42" [_thread_blocked, id=1596, stack(0x0000001a57100000,0x0000001a57200000)]
  0x00000127cd6aa000 JavaThread "jar transforms Thread 43" [_thread_blocked, id=7792, stack(0x0000001a57200000,0x0000001a57300000)]
  0x00000127cd6b3000 JavaThread "jar transforms Thread 44" [_thread_blocked, id=7356, stack(0x0000001a57300000,0x0000001a57400000)]
  0x00000127cd6b4000 JavaThread "jar transforms Thread 45" [_thread_blocked, id=8024, stack(0x0000001a57400000,0x0000001a57500000)]
  0x00000127cd6b4800 JavaThread "jar transforms Thread 46" [_thread_blocked, id=7348, stack(0x0000001a57500000,0x0000001a57600000)]
  0x00000127cd6b2000 JavaThread "jar transforms Thread 47" [_thread_blocked, id=4700, stack(0x0000001a57600000,0x0000001a57700000)]
  0x00000127cd6b5800 JavaThread "jar transforms Thread 48" [_thread_blocked, id=2812, stack(0x0000001a57700000,0x0000001a57800000)]
  0x00000127cd6b6800 JavaThread "jar transforms Thread 49" [_thread_blocked, id=3016, stack(0x0000001a57800000,0x0000001a57900000)]
  0x00000127cd6b0800 JavaThread "jar transforms Thread 50" [_thread_blocked, id=3144, stack(0x0000001a57900000,0x0000001a57a00000)]
  0x00000127cd6b1800 JavaThread "jar transforms Thread 51" [_thread_blocked, id=1496, stack(0x0000001a57a00000,0x0000001a57b00000)]
  0x00000127ce4a3800 JavaThread "jar transforms Thread 52" [_thread_blocked, id=2228, stack(0x0000001a57b00000,0x0000001a57c00000)]
  0x00000127ce4a1800 JavaThread "jar transforms Thread 53" [_thread_blocked, id=8000, stack(0x0000001a57c00000,0x0000001a57d00000)]
  0x00000127ce4a2800 JavaThread "jar transforms Thread 54" [_thread_blocked, id=1360, stack(0x0000001a57d00000,0x0000001a57e00000)]
  0x00000127ce4a1000 JavaThread "jar transforms Thread 55" [_thread_blocked, id=3488, stack(0x0000001a57e00000,0x0000001a57f00000)]
  0x00000127ce4a4000 JavaThread "jar transforms Thread 56" [_thread_blocked, id=7596, stack(0x0000001a57f00000,0x0000001a58000000)]
  0x00000127ce4a5000 JavaThread "jar transforms Thread 57" [_thread_blocked, id=7196, stack(0x0000001a58000000,0x0000001a58100000)]
  0x00000127ce49f800 JavaThread "jar transforms Thread 58" [_thread_blocked, id=4196, stack(0x0000001a58100000,0x0000001a58200000)]
  0x00000127ce4a6000 JavaThread "jar transforms Thread 59" [_thread_blocked, id=8044, stack(0x0000001a58200000,0x0000001a58300000)]
  0x00000127ce4a0000 JavaThread "jar transforms Thread 60" [_thread_blocked, id=2972, stack(0x0000001a58300000,0x0000001a58400000)]
  0x00000127ce4aa000 JavaThread "jar transforms Thread 61" [_thread_blocked, id=4716, stack(0x0000001a58400000,0x0000001a58500000)]
  0x00000127ce4aa800 JavaThread "jar transforms Thread 62" [_thread_blocked, id=6752, stack(0x0000001a58500000,0x0000001a58600000)]
  0x00000127ce4a7800 JavaThread "jar transforms Thread 63" [_thread_blocked, id=2140, stack(0x0000001a58600000,0x0000001a58700000)]
  0x00000127ce4ab800 JavaThread "jar transforms Thread 64" [_thread_blocked, id=7428, stack(0x0000001a58700000,0x0000001a58800000)]
  0x00000127ce4a6800 JavaThread "jar transforms Thread 65" [_thread_blocked, id=4888, stack(0x0000001a58800000,0x0000001a58900000)]
  0x00000127ce4ac800 JavaThread "jar transforms Thread 66" [_thread_blocked, id=976, stack(0x0000001a58900000,0x0000001a58a00000)]
  0x00000127ce4ad000 JavaThread "jar transforms Thread 67" [_thread_blocked, id=6080, stack(0x0000001a58a00000,0x0000001a58b00000)]
  0x00000127ce4ae000 JavaThread "jar transforms Thread 68" [_thread_blocked, id=804, stack(0x0000001a58b00000,0x0000001a58c00000)]
  0x00000127ce4a8800 JavaThread "jar transforms Thread 69" [_thread_blocked, id=7520, stack(0x0000001a58c00000,0x0000001a58d00000)]
  0x00000127ce4a9000 JavaThread "jar transforms Thread 70" [_thread_blocked, id=4044, stack(0x0000001a58d00000,0x0000001a58e00000)]
  0x00000127cdfb4000 JavaThread "jar transforms Thread 71" [_thread_blocked, id=5852, stack(0x0000001a58e00000,0x0000001a58f00000)]
  0x00000127cdfb6800 JavaThread "jar transforms Thread 72" [_thread_blocked, id=1928, stack(0x0000001a58f00000,0x0000001a59000000)]
  0x00000127cdfb3000 JavaThread "jar transforms Thread 73" [_thread_blocked, id=4876, stack(0x0000001a59000000,0x0000001a59100000)]
  0x00000127cdfb4800 JavaThread "jar transforms Thread 74" [_thread_blocked, id=7604, stack(0x0000001a59100000,0x0000001a59200000)]
  0x00000127cdfb5800 JavaThread "jar transforms Thread 75" [_thread_blocked, id=1856, stack(0x0000001a59200000,0x0000001a59300000)]
  0x00000127cdfb8000 JavaThread "jar transforms Thread 76" [_thread_blocked, id=3784, stack(0x0000001a59300000,0x0000001a59400000)]
  0x00000127cdfb7000 JavaThread "jar transforms Thread 77" [_thread_blocked, id=3552, stack(0x0000001a59400000,0x0000001a59500000)]
  0x00000127cdfb2800 JavaThread "jar transforms Thread 78" [_thread_blocked, id=5928, stack(0x0000001a59500000,0x0000001a59600000)]
  0x00000127cdfb9000 JavaThread "jar transforms Thread 79" [_thread_blocked, id=1100, stack(0x0000001a59600000,0x0000001a59700000)]
  0x00000127cdfbd000 JavaThread "jar transforms Thread 80" [_thread_blocked, id=5808, stack(0x0000001a59700000,0x0000001a59800000)]
  0x00000127cdfbc000 JavaThread "jar transforms Thread 81" [_thread_blocked, id=1860, stack(0x0000001a59800000,0x0000001a59900000)]
  0x00000127cdfbe800 JavaThread "jar transforms Thread 82" [_thread_blocked, id=5420, stack(0x0000001a59900000,0x0000001a59a00000)]
  0x00000127cdfbf800 JavaThread "jar transforms Thread 83" [_thread_blocked, id=2364, stack(0x0000001a59a00000,0x0000001a59b00000)]
  0x00000127cdfb9800 JavaThread "jar transforms Thread 84" [_thread_blocked, id=872, stack(0x0000001a59b00000,0x0000001a59c00000)]
  0x00000127cdfbd800 JavaThread "jar transforms Thread 85" [_thread_blocked, id=3816, stack(0x0000001a59c00000,0x0000001a59d00000)]
  0x00000127cdfc0000 JavaThread "jar transforms Thread 86" [_thread_blocked, id=7772, stack(0x0000001a59d00000,0x0000001a59e00000)]
  0x00000127cdfbb800 JavaThread "jar transforms Thread 87" [_thread_blocked, id=2396, stack(0x0000001a59e00000,0x0000001a59f00000)]
  0x00000127cdfba800 JavaThread "jar transforms Thread 88" [_thread_blocked, id=1648, stack(0x0000001a59f00000,0x0000001a5a000000)]
  0x00000127cdfc1000 JavaThread "jar transforms Thread 89" [_thread_blocked, id=2000, stack(0x0000001a5a000000,0x0000001a5a100000)]
  0x00000127cdf44800 JavaThread "jar transforms Thread 90" [_thread_blocked, id=3840, stack(0x0000001a5a100000,0x0000001a5a200000)]
  0x00000127cdf45800 JavaThread "Cache worker for Build Output Cleanup Cache (D:\AndroidStudioProjects\DoChat\.gradle\buildOutputCleanup)" [_thread_blocked, id=7240, stack(0x0000001a5a200000,0x0000001a5a300000)]

Other Threads:
  0x00000127c9822800 VMThread "VM Thread" [stack: 0x0000001a52700000,0x0000001a52800000] [id=156]
  0x00000127ca2b2800 WatcherThread [stack: 0x0000001a53100000,0x0000001a53200000] [id=6016]
  0x00000127ab605000 GCTaskThread "GC Thread#0" [stack: 0x0000001a52200000,0x0000001a52300000] [id=4224]
  0x00000127ca3c2800 GCTaskThread "GC Thread#1" [stack: 0x0000001a53200000,0x0000001a53300000] [id=5376]
  0x00000127ab616800 ConcurrentGCThread "G1 Main Marker" [stack: 0x0000001a52300000,0x0000001a52400000] [id=5216]
  0x00000127ab617800 ConcurrentGCThread "G1 Conc#0" [stack: 0x0000001a52400000,0x0000001a52500000] [id=7812]
  0x00000127ab668800 ConcurrentGCThread "G1 Refine#0" [stack: 0x0000001a52500000,0x0000001a52600000] [id=7684]
  0x00000127ab66a800 ConcurrentGCThread "G1 Young RemSet Sampling" [stack: 0x0000001a52600000,0x0000001a52700000] [id=3544]

Threads with active compile tasks:
C2 CompilerThread0    90091 6378       4       java.beans.Introspector::addMethod (196 bytes)
C1 CompilerThread0    90091 6380       3       groovyjarjarasm.asm.Frame::accept (264 bytes)

VM state:not at safepoint (normal execution)

VM Mutex/Monitor currently owned by a thread: None

Heap address: 0x0000000080000000, size: 2048 MB, Compressed Oops mode: 32-bit
Narrow klass base: 0x0000000800000000, Narrow klass shift: 3
Compressed class space size: 1073741824 Address: 0x0000000800b40000

Heap:
 garbage-first heap   total 116736K, used 76906K [0x0000000080000000, 0x0000000100000000)
  region size 1024K, 14 young (14336K), 3 survivors (3072K)
 Metaspace       used 55329K, capacity 56867K, committed 57008K, reserved 1099776K
  class space    used 7148K, capacity 7659K, committed 7680K, reserved 1048576K
Heap Regions: E=young(eden), S=young(survivor), O=old, HS=humongous(starts), HC=humongous(continues), CS=collection set, F=free, A=archive, TAMS=top-at-mark-start (previous, next)
|   0|0x0000000080000000, 0x0000000080100000, 0x0000000080100000|100%|HS|  |TAMS 0x0000000080100000, 0x0000000080000000| Complete 
|   1|0x0000000080100000, 0x0000000080200000, 0x0000000080200000|100%|HC|  |TAMS 0x0000000080200000, 0x0000000080100000| Complete 
|   2|0x0000000080200000, 0x0000000080300000, 0x0000000080300000|100%|HC|  |TAMS 0x0000000080300000, 0x0000000080200000| Complete 
|   3|0x0000000080300000, 0x0000000080400000, 0x0000000080400000|100%| O|  |TAMS 0x0000000080400000, 0x0000000080300000| Untracked 
|   4|0x0000000080400000, 0x0000000080500000, 0x0000000080500000|100%| O|  |TAMS 0x0000000080500000, 0x0000000080400000| Untracked 
|   5|0x0000000080500000, 0x0000000080600000, 0x0000000080600000|100%| O|  |TAMS 0x0000000080600000, 0x0000000080500000| Untracked 
|   6|0x0000000080600000, 0x0000000080700000, 0x0000000080700000|100%| O|  |TAMS 0x0000000080700000, 0x0000000080600000| Untracked 
|   7|0x0000000080700000, 0x0000000080800000, 0x0000000080800000|100%| O|  |TAMS 0x0000000080800000, 0x0000000080700000| Untracked 
|   8|0x0000000080800000, 0x0000000080900000, 0x0000000080900000|100%| O|  |TAMS 0x0000000080900000, 0x0000000080800000| Untracked 
|   9|0x0000000080900000, 0x0000000080a00000, 0x0000000080a00000|100%| O|  |TAMS 0x0000000080a00000, 0x0000000080900000| Untracked 
|  10|0x0000000080a00000, 0x0000000080b00000, 0x0000000080b00000|100%| O|  |TAMS 0x0000000080b00000, 0x0000000080a00000| Untracked 
|  11|0x0000000080b00000, 0x0000000080c00000, 0x0000000080c00000|100%| O|  |TAMS 0x0000000080c00000, 0x0000000080b00000| Untracked 
|  12|0x0000000080c00000, 0x0000000080d00000, 0x0000000080d00000|100%| O|  |TAMS 0x0000000080d00000, 0x0000000080c00000| Untracked 
|  13|0x0000000080d00000, 0x0000000080e00000, 0x0000000080e00000|100%| O|  |TAMS 0x0000000080e00000, 0x0000000080d00000| Untracked 
|  14|0x0000000080e00000, 0x0000000080f00000, 0x0000000080f00000|100%| O|  |TAMS 0x0000000080f00000, 0x0000000080e00000| Untracked 
|  15|0x0000000080f00000, 0x0000000081000000, 0x0000000081000000|100%|HS|  |TAMS 0x0000000081000000, 0x0000000080f00000| Complete 
|  16|0x0000000081000000, 0x0000000081100000, 0x0000000081100000|100%|HC|  |TAMS 0x0000000081100000, 0x0000000081000000| Complete 
|  17|0x0000000081100000, 0x0000000081200000, 0x0000000081200000|100%|HS|  |TAMS 0x0000000081200000, 0x0000000081100000| Complete 
|  18|0x0000000081200000, 0x0000000081300000, 0x0000000081300000|100%|HC|  |TAMS 0x0000000081300000, 0x0000000081200000| Complete 
|  19|0x0000000081300000, 0x0000000081400000, 0x0000000081400000|100%|HC|  |TAMS 0x0000000081400000, 0x0000000081300000| Complete 
|  20|0x0000000081400000, 0x0000000081500000, 0x0000000081500000|100%|HS|  |TAMS 0x0000000081500000, 0x0000000081400000| Complete 
|  21|0x0000000081500000, 0x0000000081600000, 0x0000000081600000|100%|HC|  |TAMS 0x0000000081600000, 0x0000000081500000| Complete 
|  22|0x0000000081600000, 0x0000000081700000, 0x0000000081700000|100%|HC|  |TAMS 0x0000000081700000, 0x0000000081600000| Complete 
|  23|0x0000000081700000, 0x0000000081800000, 0x0000000081800000|100%|HC|  |TAMS 0x0000000081800000, 0x0000000081700000| Complete 
|  24|0x0000000081800000, 0x0000000081900000, 0x0000000081900000|100%|HS|  |TAMS 0x0000000081900000, 0x0000000081800000| Complete 
|  25|0x0000000081900000, 0x0000000081a00000, 0x0000000081a00000|100%|HC|  |TAMS 0x0000000081a00000, 0x0000000081900000| Complete 
|  26|0x0000000081a00000, 0x0000000081b00000, 0x0000000081b00000|100%|HC|  |TAMS 0x0000000081b00000, 0x0000000081a00000| Complete 
|  27|0x0000000081b00000, 0x0000000081c00000, 0x0000000081c00000|100%|HC|  |TAMS 0x0000000081c00000, 0x0000000081b00000| Complete 
|  28|0x0000000081c00000, 0x0000000081d00000, 0x0000000081d00000|100%| O|  |TAMS 0x0000000081d00000, 0x0000000081c00000| Untracked 
|  29|0x0000000081d00000, 0x0000000081e00000, 0x0000000081e00000|100%| O|  |TAMS 0x0000000081e00000, 0x0000000081d00000| Untracked 
|  30|0x0000000081e00000, 0x0000000081f00000, 0x0000000081f00000|100%| O|  |TAMS 0x0000000081f00000, 0x0000000081e00000| Untracked 
|  31|0x0000000081f00000, 0x0000000082000000, 0x0000000082000000|100%| O|  |TAMS 0x0000000082000000, 0x0000000081f00000| Untracked 
|  32|0x0000000082000000, 0x0000000082100000, 0x0000000082100000|100%| O|  |TAMS 0x0000000082100000, 0x0000000082000000| Untracked 
|  33|0x0000000082100000, 0x0000000082200000, 0x0000000082200000|100%| O|  |TAMS 0x0000000082200000, 0x0000000082100000| Untracked 
|  34|0x0000000082200000, 0x0000000082300000, 0x0000000082300000|100%| O|  |TAMS 0x0000000082300000, 0x0000000082200000| Untracked 
|  35|0x0000000082300000, 0x0000000082400000, 0x0000000082400000|100%| O|  |TAMS 0x0000000082400000, 0x0000000082300000| Untracked 
|  36|0x0000000082400000, 0x0000000082500000, 0x0000000082500000|100%| O|  |TAMS 0x0000000082500000, 0x0000000082400000| Untracked 
|  37|0x0000000082500000, 0x0000000082600000, 0x0000000082600000|100%| O|  |TAMS 0x0000000082600000, 0x0000000082500000| Untracked 
|  38|0x0000000082600000, 0x0000000082700000, 0x0000000082700000|100%| O|  |TAMS 0x0000000082700000, 0x0000000082600000| Untracked 
|  39|0x0000000082700000, 0x0000000082800000, 0x0000000082800000|100%| O|  |TAMS 0x0000000082800000, 0x0000000082700000| Untracked 
|  40|0x0000000082800000, 0x0000000082900000, 0x0000000082900000|100%| O|  |TAMS 0x0000000082900000, 0x0000000082800000| Untracked 
|  41|0x0000000082900000, 0x0000000082a00000, 0x0000000082a00000|100%| O|  |TAMS 0x0000000082a00000, 0x0000000082900000| Untracked 
|  42|0x0000000082a00000, 0x0000000082b00000, 0x0000000082b00000|100%| O|  |TAMS 0x0000000082b00000, 0x0000000082a00000| Untracked 
|  43|0x0000000082b00000, 0x0000000082c00000, 0x0000000082c00000|100%| O|  |TAMS 0x0000000082c00000, 0x0000000082b00000| Untracked 
|  44|0x0000000082c00000, 0x0000000082d00000, 0x0000000082d00000|100%| O|  |TAMS 0x0000000082d00000, 0x0000000082c00000| Untracked 
|  45|0x0000000082d00000, 0x0000000082e00000, 0x0000000082e00000|100%| O|  |TAMS 0x0000000082e00000, 0x0000000082d00000| Untracked 
|  46|0x0000000082e00000, 0x0000000082f00000, 0x0000000082f00000|100%| O|  |TAMS 0x0000000082f00000, 0x0000000082e00000| Untracked 
|  47|0x0000000082f00000, 0x0000000083000000, 0x0000000083000000|100%|HS|  |TAMS 0x0000000083000000, 0x0000000082f00000| Complete 
|  48|0x0000000083000000, 0x0000000083100000, 0x0000000083100000|100%|HC|  |TAMS 0x0000000083100000, 0x0000000083000000| Complete 
|  49|0x0000000083100000, 0x0000000083200000, 0x0000000083200000|100%|HC|  |TAMS 0x0000000083200000, 0x0000000083100000| Complete 
|  50|0x0000000083200000, 0x0000000083300000, 0x0000000083300000|100%| O|  |TAMS 0x0000000083300000, 0x0000000083200000| Untracked 
|  51|0x0000000083300000, 0x0000000083400000, 0x0000000083400000|100%| O|  |TAMS 0x0000000083400000, 0x0000000083300000| Untracked 
|  52|0x0000000083400000, 0x0000000083500000, 0x0000000083500000|100%|HS|  |TAMS 0x0000000083500000, 0x0000000083400000| Complete 
|  53|0x0000000083500000, 0x0000000083600000, 0x0000000083600000|100%|HC|  |TAMS 0x0000000083600000, 0x0000000083500000| Complete 
|  54|0x0000000083600000, 0x0000000083700000, 0x0000000083700000|100%| O|  |TAMS 0x0000000083700000, 0x0000000083600000| Untracked 
|  55|0x0000000083700000, 0x0000000083800000, 0x0000000083800000|100%| O|  |TAMS 0x0000000083800000, 0x0000000083700000| Untracked 
|  56|0x0000000083800000, 0x0000000083900000, 0x0000000083900000|100%| O|  |TAMS 0x0000000083900000, 0x0000000083800000| Untracked 
|  57|0x0000000083900000, 0x0000000083a00000, 0x0000000083a00000|100%| O|  |TAMS 0x0000000083a00000, 0x0000000083900000| Untracked 
|  58|0x0000000083a00000, 0x0000000083b00000, 0x0000000083b00000|100%| O|  |TAMS 0x0000000083acc000, 0x0000000083a00000| Untracked 
|  59|0x0000000083b00000, 0x0000000083c00000, 0x0000000083c00000|100%| O|  |TAMS 0x0000000083b00000, 0x0000000083b00000| Untracked 
|  60|0x0000000083c00000, 0x0000000083d00000, 0x0000000083d00000|100%| O|  |TAMS 0x0000000083c00000, 0x0000000083c00000| Untracked 
|  61|0x0000000083d00000, 0x0000000083dcc000, 0x0000000083e00000| 79%| O|  |TAMS 0x0000000083d00000, 0x0000000083d00000| Untracked 
|  62|0x0000000083e00000, 0x0000000083f00000, 0x0000000083f00000|100%| O|  |TAMS 0x0000000083f00000, 0x0000000083e00000| Untracked 
|  63|0x0000000083f00000, 0x0000000083f00000, 0x0000000084000000|  0%| F|  |TAMS 0x0000000083f00000, 0x0000000083f00000| Untracked 
|  64|0x0000000084000000, 0x0000000084000000, 0x0000000084100000|  0%| F|  |TAMS 0x0000000084000000, 0x0000000084000000| Untracked 
|  65|0x0000000084100000, 0x0000000084100000, 0x0000000084200000|  0%| F|  |TAMS 0x0000000084100000, 0x0000000084100000| Untracked 
|  66|0x0000000084200000, 0x0000000084200000, 0x0000000084300000|  0%| F|  |TAMS 0x0000000084200000, 0x0000000084200000| Untracked 
|  67|0x0000000084300000, 0x0000000084300000, 0x0000000084400000|  0%| F|  |TAMS 0x0000000084300000, 0x0000000084300000| Untracked 
|  68|0x0000000084400000, 0x0000000084400000, 0x0000000084500000|  0%| F|  |TAMS 0x0000000084400000, 0x0000000084400000| Untracked 
|  69|0x0000000084500000, 0x0000000084500000, 0x0000000084600000|  0%| F|  |TAMS 0x0000000084500000, 0x0000000084500000| Untracked 
|  70|0x0000000084600000, 0x0000000084600000, 0x0000000084700000|  0%| F|  |TAMS 0x0000000084600000, 0x0000000084600000| Untracked 
|  71|0x0000000084700000, 0x0000000084700000, 0x0000000084800000|  0%| F|  |TAMS 0x0000000084700000, 0x0000000084700000| Untracked 
|  72|0x0000000084800000, 0x0000000084800000, 0x0000000084900000|  0%| F|  |TAMS 0x0000000084800000, 0x0000000084800000| Untracked 
|  73|0x0000000084900000, 0x0000000084900000, 0x0000000084a00000|  0%| F|  |TAMS 0x0000000084900000, 0x0000000084900000| Untracked 
|  74|0x0000000084a00000, 0x0000000084a00000, 0x0000000084b00000|  0%| F|  |TAMS 0x0000000084a00000, 0x0000000084a00000| Untracked 
|  75|0x0000000084b00000, 0x0000000084b00000, 0x0000000084c00000|  0%| F|  |TAMS 0x0000000084b00000, 0x0000000084b00000| Untracked 
|  76|0x0000000084c00000, 0x0000000084c00000, 0x0000000084d00000|  0%| F|  |TAMS 0x0000000084c00000, 0x0000000084c00000| Untracked 
|  77|0x0000000084d00000, 0x0000000084d00000, 0x0000000084e00000|  0%| F|  |TAMS 0x0000000084d00000, 0x0000000084d00000| Untracked 
|  78|0x0000000084e00000, 0x0000000084e00000, 0x0000000084f00000|  0%| F|  |TAMS 0x0000000084e00000, 0x0000000084e00000| Untracked 
|  79|0x0000000084f00000, 0x0000000084f00000, 0x0000000085000000|  0%| F|  |TAMS 0x0000000084f00000, 0x0000000084f00000| Untracked 
|  80|0x0000000085000000, 0x0000000085000000, 0x0000000085100000|  0%| F|  |TAMS 0x0000000085000000, 0x0000000085000000| Untracked 
|  81|0x0000000085100000, 0x0000000085100000, 0x0000000085200000|  0%| F|  |TAMS 0x0000000085100000, 0x0000000085100000| Untracked 
|  82|0x0000000085200000, 0x0000000085200000, 0x0000000085300000|  0%| F|  |TAMS 0x0000000085200000, 0x0000000085200000| Untracked 
|  83|0x0000000085300000, 0x0000000085300000, 0x0000000085400000|  0%| F|  |TAMS 0x0000000085300000, 0x0000000085300000| Untracked 
|  84|0x0000000085400000, 0x0000000085400000, 0x0000000085500000|  0%| F|  |TAMS 0x0000000085400000, 0x0000000085400000| Untracked 
|  85|0x0000000085500000, 0x0000000085500000, 0x0000000085600000|  0%| F|  |TAMS 0x0000000085500000, 0x0000000085500000| Untracked 
|  86|0x0000000085600000, 0x0000000085600000, 0x0000000085700000|  0%| F|  |TAMS 0x0000000085600000, 0x0000000085600000| Untracked 
|  87|0x0000000085700000, 0x0000000085700000, 0x0000000085800000|  0%| F|  |TAMS 0x0000000085700000, 0x0000000085700000| Untracked 
|  88|0x0000000085800000, 0x0000000085800000, 0x0000000085900000|  0%| F|  |TAMS 0x0000000085800000, 0x0000000085800000| Untracked 
|  89|0x0000000085900000, 0x0000000085900000, 0x0000000085a00000|  0%| F|  |TAMS 0x0000000085900000, 0x0000000085900000| Untracked 
|  90|0x0000000085a00000, 0x0000000085a00000, 0x0000000085b00000|  0%| F|  |TAMS 0x0000000085a00000, 0x0000000085a00000| Untracked 
|  91|0x0000000085b00000, 0x0000000085b00000, 0x0000000085c00000|  0%| F|  |TAMS 0x0000000085b00000, 0x0000000085b00000| Untracked 
|  92|0x0000000085c00000, 0x0000000085c00000, 0x0000000085d00000|  0%| F|  |TAMS 0x0000000085c00000, 0x0000000085c00000| Untracked 
|  93|0x0000000085d00000, 0x0000000085d4e9f0, 0x0000000085e00000| 30%| S|CS|TAMS 0x0000000085d00000, 0x0000000085d00000| Complete 
|  94|0x0000000085e00000, 0x0000000085f00000, 0x0000000085f00000|100%| S|CS|TAMS 0x0000000085e00000, 0x0000000085e00000| Complete 
|  95|0x0000000085f00000, 0x0000000086000000, 0x0000000086000000|100%| S|CS|TAMS 0x0000000085f00000, 0x0000000085f00000| Complete 
|  96|0x0000000086000000, 0x0000000086000000, 0x0000000086100000|  0%| F|  |TAMS 0x0000000086000000, 0x0000000086000000| Untracked 
|  97|0x0000000086100000, 0x0000000086100000, 0x0000000086200000|  0%| F|  |TAMS 0x0000000086100000, 0x0000000086100000| Untracked 
|  98|0x0000000086200000, 0x0000000086200000, 0x0000000086300000|  0%| F|  |TAMS 0x0000000086200000, 0x0000000086200000| Untracked 
|  99|0x0000000086300000, 0x0000000086300000, 0x0000000086400000|  0%| F|  |TAMS 0x0000000086300000, 0x0000000086300000| Untracked 
| 100|0x0000000086400000, 0x0000000086400000, 0x0000000086500000|  0%| F|  |TAMS 0x0000000086400000, 0x0000000086400000| Untracked 
| 101|0x0000000086500000, 0x0000000086500000, 0x0000000086600000|  0%| F|  |TAMS 0x0000000086500000, 0x0000000086500000| Untracked 
| 102|0x0000000086600000, 0x0000000086600000, 0x0000000086700000|  0%| F|  |TAMS 0x0000000086600000, 0x0000000086600000| Untracked 
| 103|0x0000000086700000, 0x00000000867d40a0, 0x0000000086800000| 82%| E|  |TAMS 0x0000000086700000, 0x0000000086700000| Complete 
| 104|0x0000000086800000, 0x0000000086900000, 0x0000000086900000|100%| E|CS|TAMS 0x0000000086800000, 0x0000000086800000| Complete 
| 105|0x0000000086900000, 0x0000000086a00000, 0x0000000086a00000|100%| E|CS|TAMS 0x0000000086900000, 0x0000000086900000| Complete 
| 106|0x0000000086a00000, 0x0000000086b00000, 0x0000000086b00000|100%| E|CS|TAMS 0x0000000086a00000, 0x0000000086a00000| Complete 
| 107|0x0000000086b00000, 0x0000000086c00000, 0x0000000086c00000|100%| E|CS|TAMS 0x0000000086b00000, 0x0000000086b00000| Complete 
| 108|0x0000000086c00000, 0x0000000086d00000, 0x0000000086d00000|100%| E|CS|TAMS 0x0000000086c00000, 0x0000000086c00000| Complete 
| 109|0x0000000086d00000, 0x0000000086e00000, 0x0000000086e00000|100%| E|CS|TAMS 0x0000000086d00000, 0x0000000086d00000| Complete 
| 110|0x0000000086e00000, 0x0000000086f00000, 0x0000000086f00000|100%| E|CS|TAMS 0x0000000086e00000, 0x0000000086e00000| Complete 
| 111|0x0000000086f00000, 0x0000000087000000, 0x0000000087000000|100%| E|CS|TAMS 0x0000000086f00000, 0x0000000086f00000| Complete 
| 112|0x0000000087000000, 0x0000000087100000, 0x0000000087100000|100%| E|CS|TAMS 0x0000000087000000, 0x0000000087000000| Complete 
| 113|0x0000000087100000, 0x0000000087200000, 0x0000000087200000|100%| E|CS|TAMS 0x0000000087100000, 0x0000000087100000| Complete 

Card table byte_map: [0x00000127c2ec0000,0x00000127c32c0000] _byte_map_base: 0x00000127c2ac0000

Marking Bits (Prev, Next): (CMBitMap*) 0x00000127ab605a98, (CMBitMap*) 0x00000127ab605a58
 Prev Bits: [0x00000127c56c0000, 0x00000127c76c0000)
 Next Bits: [0x00000127c36c0000, 0x00000127c56c0000)

Polling page: 0x00000127a9740000

Metaspace:

Usage:
  Non-class:     48.05 MB capacity,    47.05 MB ( 98%) used,   905.70 KB (  2%) free+waste,   122.00 KB ( <1%) overhead. 
      Class:      7.48 MB capacity,     6.98 MB ( 93%) used,   451.42 KB (  6%) free+waste,    58.75 KB ( <1%) overhead. 
       Both:     55.53 MB capacity,    54.03 MB ( 97%) used,     1.33 MB (  2%) free+waste,   180.75 KB ( <1%) overhead. 

Virtual space:
  Non-class space:       50.00 MB reserved,      48.17 MB ( 96%) committed 
      Class space:        1.00 GB reserved,       7.50 MB ( <1%) committed 
             Both:        1.05 GB reserved,      55.67 MB (  5%) committed 

Chunk freelists:
   Non-Class:  56.00 KB
       Class:  21.00 KB
        Both:  77.00 KB

MaxMetaspaceSize: 17179869184.00 GB
CompressedClassSpaceSize: 1.00 GB

CodeHeap 'non-profiled nmethods': size=120064Kb used=3309Kb max_used=3472Kb free=116754Kb
 bounds [0x00000127bb580000, 0x00000127bb8f0000, 0x00000127c2ac0000]
CodeHeap 'profiled nmethods': size=120000Kb used=13377Kb max_used=13486Kb free=106622Kb
 bounds [0x00000127b4050000, 0x00000127b4d90000, 0x00000127bb580000]
CodeHeap 'non-nmethods': size=5696Kb used=2371Kb max_used=2398Kb free=3324Kb
 bounds [0x00000127b3ac0000, 0x00000127b3d30000, 0x00000127b4050000]
 total_blobs=9135 nmethods=5749 adapters=763
 compilation: enabled
              stopped_count=0, restarted_count=0
 full_count=0

Compilation events (20 events):
Event: 88.756 Thread 0x00000127c984c000 6370       4       java.lang.Class::forName (47 bytes)
Event: 88.757 Thread 0x00000127c984c000 nmethod 6370 0x00000127bb779010 code [0x00000127bb7791a0, 0x00000127bb779248]
Event: 88.758 Thread 0x00000127c984c000 6371       4       java.lang.AbstractStringBuilder::<init> (63 bytes)
Event: 88.779 Thread 0x00000127c984c000 nmethod 6371 0x00000127bb64c410 code [0x00000127bb64c5e0, 0x00000127bb64cf38]
Event: 88.779 Thread 0x00000127c984c000 6372       4       sun.reflect.generics.repository.GenericDeclRepository::getTypeParameters (27 bytes)
Event: 88.781 Thread 0x00000127c984f000 6374       3       java.beans.FeatureDescriptor::<init> (69 bytes)
Event: 88.782 Thread 0x00000127c984f000 nmethod 6374 0x00000127b41cd710 code [0x00000127b41cd940, 0x00000127b41ce170]
Event: 88.785 Thread 0x00000127c984f000 6375       3       java.beans.Introspector::isAssignable (27 bytes)
Event: 88.789 Thread 0x00000127c984f000 nmethod 6375 0x00000127b4139d10 code [0x00000127b4139ec0, 0x00000127b413a130]
Event: 88.842 Thread 0x00000127c984f000 6376   !   3       org.codehaus.groovy.reflection.CachedClass::makeAccessible (89 bytes)
Event: 88.844 Thread 0x00000127c984f000 nmethod 6376 0x00000127b4269490 code [0x00000127b4269700, 0x00000127b426a350]
Event: 88.844 Thread 0x00000127c984c000 nmethod 6372 0x00000127bb609690 code [0x00000127bb609840, 0x00000127bb609ec8]
Event: 88.844 Thread 0x00000127c984c000 6373       4       java.lang.reflect.Method::getGenericParameterTypes (5 bytes)
Event: 88.879 Thread 0x00000127c984c000 nmethod 6373 0x00000127bb76f810 code [0x00000127bb76fa00, 0x00000127bb7705f8]
Event: 88.890 Thread 0x00000127c984c000 6377       4       groovy.lang.MetaMethod::getMopName (105 bytes)
Event: 89.105 Thread 0x00000127c984c000 nmethod 6377 0x00000127bb77f010 code [0x00000127bb77f360, 0x00000127bb7827d8]
Event: 89.115 Thread 0x00000127c984c000 6378       4       java.beans.Introspector::addMethod (196 bytes)
Event: 89.782 Thread 0x00000127c984f000 6379       3       java.util.LinkedList$ListItr::set (28 bytes)
Event: 89.783 Thread 0x00000127c984f000 nmethod 6379 0x00000127b4608a90 code [0x00000127b4608c80, 0x00000127b4609120]
Event: 89.785 Thread 0x00000127c984f000 6380       3       groovyjarjarasm.asm.Frame::accept (264 bytes)

GC Heap History (20 events):
Event: 68.115 GC heap before
{Heap before GC invocations=29 (full 0):
 garbage-first heap   total 83968K, used 65931K [0x0000000080000000, 0x0000000100000000)
  region size 1024K, 19 young (19456K), 2 survivors (2048K)
 Metaspace       used 40046K, capacity 41210K, committed 41520K, reserved 1085440K
  class space    used 5326K, capacity 5685K, committed 5760K, reserved 1048576K
}
Event: 68.134 GC heap after
{Heap after GC invocations=30 (full 0):
 garbage-first heap   total 83968K, used 49605K [0x0000000080000000, 0x0000000100000000)
  region size 1024K, 2 young (2048K), 2 survivors (2048K)
 Metaspace       used 40046K, capacity 41210K, committed 41520K, reserved 1085440K
  class space    used 5326K, capacity 5685K, committed 5760K, reserved 1048576K
}
Event: 71.307 GC heap before
{Heap before GC invocations=31 (full 0):
 garbage-first heap   total 86016K, used 64965K [0x0000000080000000, 0x0000000100000000)
  region size 1024K, 19 young (19456K), 2 survivors (2048K)
 Metaspace       used 40504K, capacity 41784K, committed 42160K, reserved 1085440K
  class space    used 5379K, capacity 5766K, committed 5888K, reserved 1048576K
}
Event: 71.324 GC heap after
{Heap after GC invocations=32 (full 0):
 garbage-first heap   total 86016K, used 51566K [0x0000000080000000, 0x0000000100000000)
  region size 1024K, 3 young (3072K), 3 survivors (3072K)
 Metaspace       used 40504K, capacity 41784K, committed 42160K, reserved 1085440K
  class space    used 5379K, capacity 5766K, committed 5888K, reserved 1048576K
}
Event: 71.593 GC heap before
{Heap before GC invocations=33 (full 0):
 garbage-first heap   total 87040K, used 56686K [0x0000000080000000, 0x0000000100000000)
  region size 1024K, 6 young (6144K), 3 survivors (3072K)
 Metaspace       used 40488K, capacity 41766K, committed 42160K, reserved 1085440K
  class space    used 5374K, capacity 5760K, committed 5888K, reserved 1048576K
}
Event: 71.603 GC heap after
{Heap after GC invocations=34 (full 0):
 garbage-first heap   total 87040K, used 55711K [0x0000000080000000, 0x0000000100000000)
  region size 1024K, 2 young (2048K), 2 survivors (2048K)
 Metaspace       used 40488K, capacity 41766K, committed 42160K, reserved 1085440K
  class space    used 5374K, capacity 5760K, committed 5888K, reserved 1048576K
}
Event: 72.685 GC heap before
{Heap before GC invocations=35 (full 0):
 garbage-first heap   total 99328K, used 69023K [0x0000000080000000, 0x0000000100000000)
  region size 1024K, 13 young (13312K), 2 survivors (2048K)
 Metaspace       used 40856K, capacity 42234K, committed 42416K, reserved 1085440K
  class space    used 5413K, capacity 5806K, committed 5888K, reserved 1048576K
}
Event: 72.697 GC heap after
{Heap after GC invocations=36 (full 0):
 garbage-first heap   total 99328K, used 60416K [0x0000000080000000, 0x0000000100000000)
  region size 1024K, 2 young (2048K), 2 survivors (2048K)
 Metaspace       used 40856K, capacity 42234K, committed 42416K, reserved 1085440K
  class space    used 5413K, capacity 5806K, committed 5888K, reserved 1048576K
}
Event: 74.161 GC heap before
{Heap before GC invocations=36 (full 0):
 garbage-first heap   total 99328K, used 74752K [0x0000000080000000, 0x0000000100000000)
  region size 1024K, 17 young (17408K), 2 survivors (2048K)
 Metaspace       used 43871K, capacity 45268K, committed 45360K, reserved 1089536K
  class space    used 5799K, capacity 6203K, committed 6272K, reserved 1048576K
}
Event: 74.171 GC heap after
{Heap after GC invocations=37 (full 0):
 garbage-first heap   total 99328K, used 61301K [0x0000000080000000, 0x0000000100000000)
  region size 1024K, 1 young (1024K), 1 survivors (1024K)
 Metaspace       used 43871K, capacity 45268K, committed 45360K, reserved 1089536K
  class space    used 5799K, capacity 6203K, committed 6272K, reserved 1048576K
}
Event: 75.728 GC heap before
{Heap before GC invocations=38 (full 0):
 garbage-first heap   total 106496K, used 75637K [0x0000000080000000, 0x0000000100000000)
  region size 1024K, 15 young (15360K), 1 survivors (1024K)
 Metaspace       used 46070K, capacity 47487K, committed 47664K, reserved 1091584K
  class space    used 6033K, capacity 6431K, committed 6528K, reserved 1048576K
}
Event: 75.737 GC heap after
{Heap after GC invocations=39 (full 0):
 garbage-first heap   total 106496K, used 61661K [0x0000000080000000, 0x0000000100000000)
  region size 1024K, 2 young (2048K), 2 survivors (2048K)
 Metaspace       used 46070K, capacity 47487K, committed 47664K, reserved 1091584K
  class space    used 6033K, capacity 6431K, committed 6528K, reserved 1048576K
}
Event: 79.430 GC heap before
{Heap before GC invocations=39 (full 0):
 garbage-first heap   total 106496K, used 78045K [0x0000000080000000, 0x0000000100000000)
  region size 1024K, 19 young (19456K), 2 survivors (2048K)
 Metaspace       used 48222K, capacity 49707K, committed 49968K, reserved 1093632K
  class space    used 6328K, capacity 6769K, committed 6784K, reserved 1048576K
}
Event: 79.442 GC heap after
{Heap after GC invocations=40 (full 0):
 garbage-first heap   total 106496K, used 62163K [0x0000000080000000, 0x0000000100000000)
  region size 1024K, 2 young (2048K), 2 survivors (2048K)
 Metaspace       used 48222K, capacity 49707K, committed 49968K, reserved 1093632K
  class space    used 6328K, capacity 6769K, committed 6784K, reserved 1048576K
}
Event: 82.138 GC heap before
{Heap before GC invocations=41 (full 0):
 garbage-first heap   total 106496K, used 79571K [0x0000000080000000, 0x0000000100000000)
  region size 1024K, 20 young (20480K), 2 survivors (2048K)
 Metaspace       used 49980K, capacity 51451K, committed 51760K, reserved 1093632K
  class space    used 6525K, capacity 6988K, committed 7040K, reserved 1048576K
}
Event: 82.159 GC heap after
{Heap after GC invocations=42 (full 0):
 garbage-first heap   total 106496K, used 64304K [0x0000000080000000, 0x0000000100000000)
  region size 1024K, 3 young (3072K), 3 survivors (3072K)
 Metaspace       used 49980K, capacity 51451K, committed 51760K, reserved 1093632K
  class space    used 6525K, capacity 6988K, committed 7040K, reserved 1048576K
}
Event: 84.590 GC heap before
{Heap before GC invocations=42 (full 0):
 garbage-first heap   total 106496K, used 81712K [0x0000000080000000, 0x0000000100000000)
  region size 1024K, 21 young (21504K), 3 survivors (3072K)
 Metaspace       used 51727K, capacity 53181K, committed 53296K, reserved 1095680K
  class space    used 6755K, capacity 7217K, committed 7296K, reserved 1048576K
}
Event: 84.608 GC heap after
{Heap after GC invocations=43 (full 0):
 garbage-first heap   total 106496K, used 65854K [0x0000000080000000, 0x0000000100000000)
  region size 1024K, 2 young (2048K), 2 survivors (2048K)
 Metaspace       used 51727K, capacity 53181K, committed 53296K, reserved 1095680K
  class space    used 6755K, capacity 7217K, committed 7296K, reserved 1048576K
}
Event: 87.779 GC heap before
{Heap before GC invocations=44 (full 0):
 garbage-first heap   total 116736K, used 85310K [0x0000000080000000, 0x0000000100000000)
  region size 1024K, 20 young (20480K), 2 survivors (2048K)
 Metaspace       used 54979K, capacity 56491K, committed 56752K, reserved 1097728K
  class space    used 7097K, capacity 7555K, committed 7680K, reserved 1048576K
}
Event: 87.794 GC heap after
{Heap after GC invocations=45 (full 0):
 garbage-first heap   total 116736K, used 66666K [0x0000000080000000, 0x0000000100000000)
  region size 1024K, 3 young (3072K), 3 survivors (3072K)
 Metaspace       used 54979K, capacity 56491K, committed 56752K, reserved 1097728K
  class space    used 7097K, capacity 7555K, committed 7680K, reserved 1048576K
}

Deoptimization events (20 events):
Event: 87.946 Thread 0x00000127ca3d5800 Uncommon trap: trap_request=0xffffffc6 fr.pc=0x00000127bb8e32fc relative=0x000000000000061c
Event: 87.946 Thread 0x00000127ca3d5800 Uncommon trap: reason=bimorphic_or_optimized_type_check action=maybe_recompile pc=0x00000127bb8e32fc method=groovy.lang.MetaClassImpl.filterPropertyMethod(Ljava/lang/Object;ZZ)Ljava/lang/Object; @ 165 c2
Event: 87.946 Thread 0x00000127ca3d5800 DEOPT PACKING pc=0x00000127bb8e32fc sp=0x0000001a53bfa010
Event: 87.946 Thread 0x00000127ca3d5800 DEOPT UNPACKING pc=0x00000127b3b0942f sp=0x0000001a53bf9f90 mode 2
Event: 88.018 Thread 0x00000127ca3d5800 DEOPT PACKING pc=0x00000127b4132c96 sp=0x0000001a53bfa0b0
Event: 88.018 Thread 0x00000127ca3d5800 DEOPT UNPACKING pc=0x00000127b3b0994e sp=0x0000001a53bf9648 mode 0
Event: 88.081 Thread 0x00000127ca3d5800 Uncommon trap: trap_request=0xffffff45 fr.pc=0x00000127bb7ef890 relative=0x0000000000000810
Event: 88.081 Thread 0x00000127ca3d5800 Uncommon trap: reason=unstable_if action=reinterpret pc=0x00000127bb7ef890 method=com.sun.beans.introspect.MethodInfo$MethodOrder.compare(Ljava/lang/reflect/Method;Ljava/lang/reflect/Method;)I @ 124 c2
Event: 88.081 Thread 0x00000127ca3d5800 DEOPT PACKING pc=0x00000127bb7ef890 sp=0x0000001a53bf9980
Event: 88.081 Thread 0x00000127ca3d5800 DEOPT UNPACKING pc=0x00000127b3b0942f sp=0x0000001a53bf9920 mode 2
Event: 88.707 Thread 0x00000127ca3d5800 Uncommon trap: trap_request=0xffffff45 fr.pc=0x00000127bb5e7ce0 relative=0x0000000000000340
Event: 88.707 Thread 0x00000127ca3d5800 Uncommon trap: reason=unstable_if action=reinterpret pc=0x00000127bb5e7ce0 method=java.util.StringJoiner.add(Ljava/lang/CharSequence;)Ljava/util/StringJoiner; @ 33 c2
Event: 88.707 Thread 0x00000127ca3d5800 DEOPT PACKING pc=0x00000127bb5e7ce0 sp=0x0000001a53bf8500
Event: 88.707 Thread 0x00000127ca3d5800 DEOPT UNPACKING pc=0x00000127b3b0942f sp=0x0000001a53bf84b0 mode 2
Event: 88.880 Thread 0x00000127ca3d5800 Uncommon trap: trap_request=0xffffffdc fr.pc=0x00000127bb716cc0 relative=0x00000000000002a0
Event: 88.880 Thread 0x00000127ca3d5800 Uncommon trap: reason=class_check action=make_not_entrant pc=0x00000127bb716cc0 method=java.util.ArrayList.toArray([Ljava/lang/Object;)[Ljava/lang/Object; @ 21 c2
Event: 88.880 Thread 0x00000127ca3d5800 DEOPT PACKING pc=0x00000127bb716cc0 sp=0x0000001a53bf8d30
Event: 88.880 Thread 0x00000127ca3d5800 DEOPT UNPACKING pc=0x00000127b3b0942f sp=0x0000001a53bf8cf0 mode 2
Event: 88.885 Thread 0x00000127ca3d5800 DEOPT PACKING pc=0x00000127b45472ba sp=0x0000001a53bf94a0
Event: 88.885 Thread 0x00000127ca3d5800 DEOPT UNPACKING pc=0x00000127b3b0994e sp=0x0000001a53bf8998 mode 0

Classes unloaded (10 events):
Event: 71.433 Thread 0x00000127c9822800 Unloading class 0x0000000801035040 '_BuildScript_$_run_closure1$_closure3'
Event: 71.433 Thread 0x00000127c9822800 Unloading class 0x0000000801035c08 '_BuildScript_$_run_closure1$_closure2'
Event: 71.433 Thread 0x00000127c9822800 Unloading class 0x0000000801035840 '_BuildScript_$_run_closure1'
Event: 71.433 Thread 0x00000127c9822800 Unloading class 0x0000000801036040 '_BuildScript_'
Event: 79.558 Thread 0x00000127c9822800 Unloading class 0x00000008010e5840 '_BuildScript_$_run_closure2'
Event: 79.558 Thread 0x00000127c9822800 Unloading class 0x00000008010e6408 '_BuildScript_$_run_closure1$_closure4$_closure5'
Event: 79.558 Thread 0x00000127c9822800 Unloading class 0x00000008010e6040 '_BuildScript_$_run_closure1$_closure4'
Event: 79.558 Thread 0x00000127c9822800 Unloading class 0x00000008010e6c08 '_BuildScript_$_run_closure1$_closure3'
Event: 79.558 Thread 0x00000127c9822800 Unloading class 0x00000008010e6840 '_BuildScript_$_run_closure1'
Event: 79.558 Thread 0x00000127c9822800 Unloading class 0x00000008010e7040 '_BuildScript_'

Classes redefined (0 events):
No events

Internal exceptions (20 events):
Event: 88.023 Thread 0x00000127ca3d5800 Exception <a 'java/lang/ClassNotFoundException'{0x0000000086f982f0}: org/gradle/api/internal/plugins/DefaultPluginContainerBeanInfo> (0x0000000086f982f0) 
thrown [t:/workspace/open/src/hotspot/share/classfile/systemDictionary.cpp, line 232]
Event: 88.025 Thread 0x00000127ca3d5800 Exception <a 'java/lang/ClassNotFoundException'{0x0000000086fbd0b0}: org/gradle/api/internal/plugins/DefaultPluginCollectionBeanInfo> (0x0000000086fbd0b0) 
thrown [t:/workspace/open/src/hotspot/share/classfile/systemDictionary.cpp, line 232]
Event: 88.027 Thread 0x00000127ca3d5800 Exception <a 'java/lang/ClassNotFoundException'{0x0000000086fe0cb8}: org/gradle/api/internal/DefaultDomainObjectSetBeanInfo> (0x0000000086fe0cb8) 
thrown [t:/workspace/open/src/hotspot/share/classfile/systemDictionary.cpp, line 232]
Event: 88.048 Thread 0x00000127ca3d5800 Exception <a 'java/lang/ClassNotFoundException'{0x0000000086e04308}: org/gradle/api/internal/DefaultDomainObjectSetCustomizer> (0x0000000086e04308) 
thrown [t:/workspace/open/src/hotspot/share/classfile/systemDictionary.cpp, line 232]
Event: 88.075 Thread 0x00000127ca3d5800 Exception <a 'java/lang/ClassNotFoundException'{0x0000000086e369d8}: org/gradle/api/internal/plugins/DefaultPluginCollectionCustomizer> (0x0000000086e369d8) 
thrown [t:/workspace/open/src/hotspot/share/classfile/systemDictionary.cpp, line 232]
Event: 88.095 Thread 0x00000127ca3d5800 Exception <a 'java/lang/ClassNotFoundException'{0x0000000086e84080}: org/gradle/api/internal/plugins/DefaultPluginContainerCustomizer> (0x0000000086e84080) 
thrown [t:/workspace/open/src/hotspot/share/classfile/systemDictionary.cpp, line 232]
Event: 88.694 Thread 0x00000127ca3d5800 Exception <a 'java/lang/ClassNotFoundException'{0x0000000086ba2d20}: com/android/build/gradle/internal/dsl/BaseAppModuleExtension_DecoratedBeanInfo> (0x0000000086ba2d20) 
thrown [t:/workspace/open/src/hotspot/share/classfile/systemDictionary.cpp, line 232]
Event: 88.695 Thread 0x00000127ca3d5800 Exception <a 'java/lang/ClassNotFoundException'{0x0000000086bb5b48}: com/android/build/gradle/internal/dsl/BaseAppModuleExtensionBeanInfo> (0x0000000086bb5b48) 
thrown [t:/workspace/open/src/hotspot/share/classfile/systemDictionary.cpp, line 232]
Event: 88.696 Thread 0x00000127ca3d5800 Exception <a 'java/lang/ClassNotFoundException'{0x0000000086bc6358}: com/android/build/gradle/AppExtensionBeanInfo> (0x0000000086bc6358) 
thrown [t:/workspace/open/src/hotspot/share/classfile/systemDictionary.cpp, line 232]
Event: 88.698 Thread 0x00000127ca3d5800 Exception <a 'java/lang/ClassNotFoundException'{0x0000000086bd7b38}: com/android/build/gradle/AbstractAppExtensionBeanInfo> (0x0000000086bd7b38) 
thrown [t:/workspace/open/src/hotspot/share/classfile/systemDictionary.cpp, line 232]
Event: 88.699 Thread 0x00000127ca3d5800 Exception <a 'java/lang/ClassNotFoundException'{0x0000000086be8408}: com/android/build/gradle/TestedExtensionBeanInfo> (0x0000000086be8408) 
thrown [t:/workspace/open/src/hotspot/share/classfile/systemDictionary.cpp, line 232]
Event: 88.700 Thread 0x00000127ca3d5800 Exception <a 'java/lang/ClassNotFoundException'{0x0000000086bf8ca8}: com/android/build/gradle/BaseExtensionBeanInfo> (0x0000000086bf8ca8) 
thrown [t:/workspace/open/src/hotspot/share/classfile/systemDictionary.cpp, line 232]
Event: 88.704 Thread 0x00000127ca3d5800 Exception <a 'java/lang/ClassNotFoundException'{0x0000000086a099f8}: com/android/build/gradle/BaseExtensionCustomizer> (0x0000000086a099f8) 
thrown [t:/workspace/open/src/hotspot/share/classfile/systemDictionary.cpp, line 232]
Event: 88.715 Thread 0x00000127ca3d5800 Exception <a 'java/lang/ClassNotFoundException'{0x0000000086a6ed68}: com/android/build/gradle/TestedExtensionCustomizer> (0x0000000086a6ed68) 
thrown [t:/workspace/open/src/hotspot/share/classfile/systemDictionary.cpp, line 232]
Event: 88.718 Thread 0x00000127ca3d5800 Exception <a 'java/lang/ClassNotFoundException'{0x0000000086a97320}: com/android/build/gradle/AbstractAppExtensionCustomizer> (0x0000000086a97320) 
thrown [t:/workspace/open/src/hotspot/share/classfile/systemDictionary.cpp, line 232]
Event: 88.721 Thread 0x00000127ca3d5800 Exception <a 'java/lang/ClassNotFoundException'{0x0000000086abccc8}: com/android/build/gradle/AppExtensionCustomizer> (0x0000000086abccc8) 
thrown [t:/workspace/open/src/hotspot/share/classfile/systemDictionary.cpp, line 232]
Event: 88.724 Thread 0x00000127ca3d5800 Exception <a 'java/lang/ClassNotFoundException'{0x0000000086ae3190}: com/android/build/gradle/internal/dsl/BaseAppModuleExtensionCustomizer> (0x0000000086ae3190) 
thrown [t:/workspace/open/src/hotspot/share/classfile/systemDictionary.cpp, line 232]
Event: 88.778 Thread 0x00000127ca3d5800 Exception <a 'java/lang/ClassNotFoundException'{0x00000000869526e8}: com/android/build/gradle/internal/dsl/BaseAppModuleExtension_DecoratedCustomizer> (0x00000000869526e8) 
thrown [t:/workspace/open/src/hotspot/share/classfile/systemDictionary.cpp, line 232]
Event: 89.113 Thread 0x00000127ca3d5800 Exception <a 'java/lang/ClassNotFoundException'{0x0000000086766948}: org/gradle/api/internal/DefaultDomainObjectSet_DecoratedBeanInfo> (0x0000000086766948) 
thrown [t:/workspace/open/src/hotspot/share/classfile/systemDictionary.cpp, line 232]
Event: 89.115 Thread 0x00000127ca3d5800 Exception <a 'java/lang/ClassNotFoundException'{0x000000008678d720}: org/gradle/api/internal/DefaultDomainObjectSet_DecoratedCustomizer> (0x000000008678d720) 
thrown [t:/workspace/open/src/hotspot/share/classfile/systemDictionary.cpp, line 232]

Events (20 events):
Event: 88.880 loading class org/codehaus/groovy/runtime/metaclass/ClosureMetaClass$2
Event: 88.880 loading class org/codehaus/groovy/runtime/metaclass/ClosureMetaClass$2 done
Event: 88.881 loading class groovy/runtime/metaclass/org/gradle/api/internal/DefaultDomainObjectSet_DecoratedMetaClass
Event: 88.881 loading class groovy/runtime/metaclass/org/gradle/api/internal/DefaultDomainObjectSet_DecoratedMetaClass done
Event: 89.110 loading class org/gradle/api/internal/DefaultDomainObjectSet_DecoratedBeanInfo
Event: 89.110 loading class org/gradle/api/internal/DefaultDomainObjectSet_DecoratedBeanInfo done
Event: 89.111 loading class org/gradle/api/internal/DefaultDomainObjectSet_DecoratedBeanInfo
Event: 89.111 loading class org/gradle/api/internal/DefaultDomainObjectSet_DecoratedBeanInfo done
Event: 89.111 loading class org/gradle/api/internal/DefaultDomainObjectSet_DecoratedBeanInfo
Event: 89.111 loading class org/gradle/api/internal/DefaultDomainObjectSet_DecoratedBeanInfo done
Event: 89.113 loading class org/gradle/api/internal/DefaultDomainObjectSet_DecoratedBeanInfo
Event: 89.113 loading class org/gradle/api/internal/DefaultDomainObjectSet_DecoratedBeanInfo done
Event: 89.113 loading class org/gradle/api/internal/DefaultDomainObjectSet_DecoratedCustomizer
Event: 89.113 loading class org/gradle/api/internal/DefaultDomainObjectSet_DecoratedCustomizer done
Event: 89.114 loading class org/gradle/api/internal/DefaultDomainObjectSet_DecoratedCustomizer
Event: 89.114 loading class org/gradle/api/internal/DefaultDomainObjectSet_DecoratedCustomizer done
Event: 89.114 loading class org/gradle/api/internal/DefaultDomainObjectSet_DecoratedCustomizer
Event: 89.114 loading class org/gradle/api/internal/DefaultDomainObjectSet_DecoratedCustomizer done
Event: 89.115 loading class org/gradle/api/internal/DefaultDomainObjectSet_DecoratedCustomizer
Event: 89.115 loading class org/gradle/api/internal/DefaultDomainObjectSet_DecoratedCustomizer done


Dynamic libraries:
0x00007ff7209b0000 - 0x00007ff7209bf000 	C:\Program Files\Java\jdk-13.0.2\bin\java.exe
0x00007ff94f600000 - 0x00007ff94f7ed000 	C:\Windows\SYSTEM32\ntdll.dll
0x00007ff94ec80000 - 0x00007ff94ed33000 	C:\Windows\System32\KERNEL32.DLL
0x00007ff94b7c0000 - 0x00007ff94ba55000 	C:\Windows\System32\KERNELBASE.dll
0x00007ff94c410000 - 0x00007ff94c50a000 	C:\Windows\System32\ucrtbase.dll
0x00007ff949250000 - 0x00007ff949268000 	C:\Program Files\Java\jdk-13.0.2\bin\jli.dll
0x00007ff949230000 - 0x00007ff949245000 	C:\Program Files\Java\jdk-13.0.2\bin\VCRUNTIME140.dll
0x00007ff94cf00000 - 0x00007ff94cfa3000 	C:\Windows\System32\ADVAPI32.dll
0x00007ff94c8b0000 - 0x00007ff94c94e000 	C:\Windows\System32\msvcrt.dll
0x00007ff94ce40000 - 0x00007ff94cede000 	C:\Windows\System32\sechost.dll
0x00007ff94cd10000 - 0x00007ff94ce32000 	C:\Windows\System32\RPCRT4.dll
0x00007ff94cb70000 - 0x00007ff94cd07000 	C:\Windows\System32\USER32.dll
0x00007ff94c780000 - 0x00007ff94c7a0000 	C:\Windows\System32\win32u.dll
0x00007ff94d040000 - 0x00007ff94d069000 	C:\Windows\System32\GDI32.dll
0x00007ff94c5e0000 - 0x00007ff94c779000 	C:\Windows\System32\gdi32full.dll
0x00007ff94c540000 - 0x00007ff94c5e0000 	C:\Windows\System32\msvcp_win.dll
0x00007ff9387c0000 - 0x00007ff938a39000 	C:\Windows\WinSxS\amd64_microsoft.windows.common-controls_6595b64144ccf1df_6.0.17763.1217_none_de6e4304534e0ad3\COMCTL32.dll
0x00007ff94f170000 - 0x00007ff94f49c000 	C:\Windows\System32\combase.dll
0x00007ff94bc40000 - 0x00007ff94bcbe000 	C:\Windows\System32\bcryptPrimitives.dll
0x00007ff9472b0000 - 0x00007ff9472ba000 	C:\Windows\SYSTEM32\VERSION.dll
0x00007ff94d070000 - 0x00007ff94d09e000 	C:\Windows\System32\IMM32.DLL
0x00007ff942b00000 - 0x00007ff942b9b000 	C:\Program Files\Java\jdk-13.0.2\bin\msvcp140.dll
0x00007ff924970000 - 0x00007ff9254cd000 	C:\Program Files\Java\jdk-13.0.2\bin\server\jvm.dll
0x00007ff94cfb0000 - 0x00007ff94cfb8000 	C:\Windows\System32\PSAPI.DLL
0x00007ff9429f0000 - 0x00007ff9429f9000 	C:\Windows\SYSTEM32\WSOCK32.dll
0x00007ff94eb40000 - 0x00007ff94ebad000 	C:\Windows\System32\WS2_32.dll
0x00007ff949010000 - 0x00007ff949034000 	C:\Windows\SYSTEM32\WINMM.dll
0x00007ff948fe0000 - 0x00007ff94900d000 	C:\Windows\SYSTEM32\winmmbase.dll
0x00007ff94b770000 - 0x00007ff94b7ba000 	C:\Windows\System32\cfgmgr32.dll
0x00007ff94b5f0000 - 0x00007ff94b601000 	C:\Windows\System32\kernel.appcore.dll
0x00007ff949280000 - 0x00007ff949290000 	C:\Program Files\Java\jdk-13.0.2\bin\verify.dll
0x00007ff93fab0000 - 0x00007ff93fc9d000 	C:\Windows\SYSTEM32\DBGHELP.DLL
0x00007ff93fa80000 - 0x00007ff93faaa000 	C:\Windows\SYSTEM32\dbgcore.DLL
0x00007ff945620000 - 0x00007ff945646000 	C:\Program Files\Java\jdk-13.0.2\bin\java.dll
0x00007ff949210000 - 0x00007ff949227000 	C:\Program Files\Java\jdk-13.0.2\bin\zip.dll
0x00007ff9488c0000 - 0x00007ff9488ca000 	C:\Program Files\Java\jdk-13.0.2\bin\jimage.dll
0x00007ff94d1c0000 - 0x00007ff94e6b4000 	C:\Windows\System32\SHELL32.dll
0x00007ff94c950000 - 0x00007ff94c9f8000 	C:\Windows\System32\shcore.dll
0x00007ff94bcc0000 - 0x00007ff94c40e000 	C:\Windows\System32\windows.storage.dll
0x00007ff94b690000 - 0x00007ff94b6b4000 	C:\Windows\System32\profapi.dll
0x00007ff94b630000 - 0x00007ff94b68d000 	C:\Windows\System32\powrprof.dll
0x00007ff94f110000 - 0x00007ff94f162000 	C:\Windows\System32\shlwapi.dll
0x00007ff94c800000 - 0x00007ff94c817000 	C:\Windows\System32\cryptsp.dll
0x00007ff9448b0000 - 0x00007ff9448c9000 	C:\Program Files\Java\jdk-13.0.2\bin\net.dll
0x00007ff943240000 - 0x00007ff943332000 	C:\Windows\SYSTEM32\WINHTTP.dll
0x00007ff94ae10000 - 0x00007ff94ae77000 	C:\Windows\system32\mswsock.dll
0x00007ff944490000 - 0x00007ff9444a3000 	C:\Program Files\Java\jdk-13.0.2\bin\nio.dll
0x00007ff93d260000 - 0x00007ff93d287000 	C:\Users\ELCOT\.gradle\caches\gradle-6.5\native\f6784746aeab05261644944871eae4fe03e0ef1612fff0a4a95f87b438bc6780\windows-amd64\native-platform.dll
0x00007ff9488b0000 - 0x00007ff9488b9000 	C:\Program Files\Java\jdk-13.0.2\bin\management.dll
0x00007ff945610000 - 0x00007ff94561b000 	C:\Program Files\Java\jdk-13.0.2\bin\management_ext.dll
0x00007ff94a940000 - 0x00007ff94a973000 	C:\Windows\system32\rsaenh.dll
0x00007ff94c510000 - 0x00007ff94c536000 	C:\Windows\System32\bcrypt.dll
0x00007ff94b4f0000 - 0x00007ff94b518000 	C:\Windows\SYSTEM32\USERENV.dll
0x00007ff94aff0000 - 0x00007ff94affc000 	C:\Windows\SYSTEM32\CRYPTBASE.dll
0x00007ff94ab40000 - 0x00007ff94ab7d000 	C:\Windows\SYSTEM32\IPHLPAPI.DLL
0x00007ff94d0a0000 - 0x00007ff94d0a8000 	C:\Windows\System32\NSI.dll
0x00007ff943840000 - 0x00007ff943856000 	C:\Windows\SYSTEM32\dhcpcsvc6.DLL
0x00007ff9437f0000 - 0x00007ff94380c000 	C:\Windows\SYSTEM32\dhcpcsvc.DLL
0x00007ff94ab90000 - 0x00007ff94ac57000 	C:\Windows\SYSTEM32\DNSAPI.dll
0x00007ff943f10000 - 0x00007ff943f1b000 	C:\Windows\SYSTEM32\WINNSI.DLL

dbghelp: loaded successfully - version: 4.0.5 - missing functions: none
symbol engine: initialized successfully - sym options: 0x614 - pdb path: .;C:\Program Files\Java\jdk-13.0.2\bin;C:\Windows\SYSTEM32;C:\Windows\WinSxS\amd64_microsoft.windows.common-controls_6595b64144ccf1df_6.0.17763.1217_none_de6e4304534e0ad3;C:\Program Files\Java\jdk-13.0.2\bin\server;C:\Users\ELCOT\.gradle\caches\gradle-6.5\native\f6784746aeab05261644944871eae4fe03e0ef1612fff0a4a95f87b438bc6780\windows-amd64

VM Arguments:
jvm_args: --add-opens=java.base/java.util=ALL-UNNAMED --add-opens=java.base/java.lang=ALL-UNNAMED --add-opens=java.base/java.lang.invoke=ALL-UNNAMED --add-opens=java.prefs/java.util.prefs=ALL-UNNAMED -Xmx2048m -Dfile.encoding=windows-1252 -Duser.country=IN -Duser.language=en -Duser.variant 
java_command: org.gradle.launcher.daemon.bootstrap.GradleDaemon 6.5
java_class_path (initial): C:\Users\ELCOT\.gradle\caches\gradle-6.5\wrapper\dists\gradle-6.5-all\2oz4ud9k3tuxjg84bbf55q0tn\gradle-6.5\lib\gradle-launcher-6.5.jar
Launcher Type: SUN_STANDARD

[Global flags]
     intx CICompilerCount                          = 2                                         {product} {ergonomic}
     uint ConcGCThreads                            = 1                                         {product} {ergonomic}
     uint G1ConcRefinementThreads                  = 2                                         {product} {ergonomic}
   size_t G1HeapRegionSize                         = 1048576                                   {product} {ergonomic}
    uintx GCDrainStackTargetSize                   = 64                                        {product} {ergonomic}
   size_t InitialHeapSize                          = 65011712                                  {product} {ergonomic}
   size_t MarkStackSize                            = 4194304                                   {product} {ergonomic}
   size_t MaxHeapSize                              = 2147483648                                {product} {command line}
   size_t MaxNewSize                               = 1287651328                                {product} {ergonomic}
   size_t MinHeapDeltaBytes                        = 1048576                                   {product} {ergonomic}
   size_t MinHeapSize                              = 8388608                                   {product} {ergonomic}
    uintx NonNMethodCodeHeapSize                   = 5826188                                {pd product} {ergonomic}
    uintx NonProfiledCodeHeapSize                  = 122916026                              {pd product} {ergonomic}
    uintx ProfiledCodeHeapSize                     = 122916026                              {pd product} {ergonomic}
    uintx ReservedCodeCacheSize                    = 251658240                              {pd product} {ergonomic}
     bool SegmentedCodeCache                       = true                                      {product} {ergonomic}
   size_t SoftMaxHeapSize                          = 2147483648                             {manageable} {ergonomic}
     bool UseCompressedClassPointers               = true                                 {lp64_product} {ergonomic}
     bool UseCompressedOops                        = true                                 {lp64_product} {ergonomic}
     bool UseG1GC                                  = true                                      {product} {ergonomic}
     bool UseLargePagesIndividualAllocation        = false                                  {pd product} {ergonomic}

Logging:
Log output configuration:
 #0: stdout all=warning uptime,level,tags
 #1: stderr all=off uptime,level,tags

Environment Variables:
JAVA_HOME=C:\Program Files\Android\Android Studio\jre
PATH=C:\Program Files\AdoptOpenJDK\jdk-11.0.7.10-hotspot\bin;C:\Program Files (x86)\Common Files\Oracle\Java\javapath;C:\MinGW\bin;C:\Windows\system32;C:\Windows;C:\Windows\System32\Wbem;C:\Windows\System32\WindowsPowerShell\v1.0\;C:\Windows\System32\OpenSSH\;C:\Program Files\nodejs\;C:\Users\ELCOT\Downloads\python-3.8.2;C:\Program Files\Dart\dart-sdk\bin;C:\drivers\chromedriver_win32.zip;C:\src\flutter\flutter_windows_v1.12.13+hotfix.9-stable\flutter\bin;C:\Program Files (x86)\Android\android-sdk\platforms\platform-tools;C:\Program Files (x86)\Android\android-sdk\platform-tools\api;C:\Downloads\installer_r16-windows.exe;C:\ProgramData\Microsoft\Windows\Start Menu\Programs\Android SDK Tools;D:\kishoreAndroid\Android\Android Studio\bin;D:\kishoreAndroid\Android\Android Studio;C:\ProgramData\Microsoft\Windows\Start Menu\Programs\Visual Studio Emulator for Android.lnk;C:\Downloads\vs_emulatorsetup.exe;C:\Program Files (x86)\Android\android-sdk\SDK Manager;D:\Kishore\platforms;C:\Users\ELCOT\AppData\Local\Programs\Python\Python38\Scripts\;C:\Users\;C:\Program Files\Android\Android Studio\jre;C:\Program Files\Java\jdk-13.0.2\bin;C:\Program Files\Java\jre1.8.0_251\bin;C:\Program Files (x86)\Android\platform-tools;C:\Downloads\python-3.8.2.exe;C:\Program Files\dotnet\;C:\Program Files\Microsoft SQL Server\130\Tools\Binn\;C:\Program Files\Microsoft SQL Server\Client SDK\ODBC\170\Tools\Binn\;D:\Git\cmd;C:\Users\ELCOT\AppData\Roaming\npm\node_modules\firebase\node_modules\protobufjs\bin;C:\Users\ELCOT\AppData\Local\Programs\Python\Python39\Scripts\;C:\Users\ELCOT\AppData\Local\Programs\Python\Python39\;C:\Users\ELCOT\AppData\Local\ValidatorBuddy;C:\Users\ELCOT\AppData\Local\Programs\Python\Python38;C:\src\flutter\bin;D:\Heroku\bin;D:\Microsoft VS Code\bin;C:\Users\ELCOT\AppData\Roaming\npm\node_modules\firebase\node_modules\protobufjs\bin;
USERNAME=ELCOT
OS=Windows_NT
PROCESSOR_IDENTIFIER=AMD64 Family 21 Model 112 Stepping 0, AuthenticAMD



---------------  S Y S T E M  ---------------

OS: Windows 10 , 64 bit Build 17763 (10.0.17763.1158)
HyperV virtualization detected

CPU:total 2 (initial active 2) (2 cores per cpu, 1 threads per core) family 21 model 112 stepping 0, cmov, cx8, fxsr, mmx, sse, sse2, sse3, ssse3, sse4.1, sse4.2, popcnt, avx, avx2, aes, clmul, mmxext, 3dnowpref, lzcnt, sse4a, tsc, tscinvbit, tscinv, bmi1, bmi2, fma

Memory: 4k page, system-wide physical 3935M (607M free)
TotalPageFile size 5322M (AvailPageFile size 3M)
current process WorkingSet (physical memory assigned to process): 296M, peak: 296M
current process commit charge ("private bytes"): 332M, peak: 332M

vm_info: Java HotSpot(TM) 64-Bit Server VM (13.0.2+8) for windows-amd64 JRE (13.0.2+8), built on Dec 11 2019 09:20:33 by "mach5one" with unknown MS VC++:1916

END.
