#
# There is insufficient memory for the Java Runtime Environment to continue.
# Native memory allocation (mmap) failed to map 31457280 bytes for Failed to commit area from 0x00000000d1c00000 to 0x00000000d3a00000 of length 31457280.
# Possible reasons:
#   The system is out of physical RAM or swap space
#   The process is running with CompressedOops enabled, and the Java Heap may be blocking the growth of the native heap
# Possible solutions:
#   Reduce memory load on the system
#   Increase physical memory or swap space
#   Check if swap backing store is full
#   Decrease Java heap size (-Xmx/-Xms)
#   Decrease number of Java threads
#   Decrease Java thread stack sizes (-Xss)
#   Set larger code cache with -XX:ReservedCodeCacheSize=
#   JVM is running with Unscaled Compressed Oops mode in which the Java heap is
#     placed in the first 4GB address space. The Java Heap base address is the
#     maximum limit for the native heap growth. Please use -XX:HeapBaseMinAddress
#     to set the Java Heap base and to place the Java Heap above 4GB virtual address.
# This output file may be truncated or incomplete.
#
#  Out of Memory Error (t:/workspace/open/src/hotspot/os/windows/os_windows.cpp:3301), pid=8432, tid=5148
#
# JRE version: Java(TM) SE Runtime Environment (13.0.2+8) (build 13.0.2+8)
# Java VM: Java HotSpot(TM) 64-Bit Server VM (13.0.2+8, mixed mode, sharing, tiered, compressed oops, g1 gc, windows-amd64)
# No core dump will be written. Minidumps are not enabled by default on client versions of Windows
#

---------------  S U M M A R Y ------------

Command Line: --add-opens=java.base/java.util=ALL-UNNAMED --add-opens=java.base/java.lang=ALL-UNNAMED --add-opens=java.base/java.lang.invoke=ALL-UNNAMED --add-opens=java.prefs/java.util.prefs=ALL-UNNAMED -Xmx1024m -Dfile.encoding=windows-1252 -Duser.country=IN -Duser.language=en -Duser.variant org.gradle.launcher.daemon.bootstrap.GradleDaemon 6.1.1

Host: AMD PRO A4-4350B R4, 5 COMPUTE CORES 2C+3G     , 2 cores, 3G,  Windows 10 , 64 bit Build 17763 (10.0.17763.1158)
Time: Sat Jan  2 08:52:33 2021 Pacific Standard Time elapsed time: 131 seconds (0d 0h 2m 11s)

---------------  T H R E A D  ---------------

Current thread (0x00000209662bc800):  VMThread "VM Thread" [stack: 0x00000031dc200000,0x00000031dc300000] [id=5148]

Stack: [0x00000031dc200000,0x00000031dc300000]
[error occurred during error reporting (printing stack bounds), id 0xc0000005, EXCEPTION_ACCESS_VIOLATION (0xc0000005) at pc=0x000002096e6f10ad]

Native frames: (J=compiled Java code, j=interpreted, Vv=VM code, C=native code)
V  [jvm.dll+0x624f9a]
V  [jvm.dll+0x770cfa]
V  [jvm.dll+0x7724af]
V  [jvm.dll+0x772a15]
V  [jvm.dll+0x7729cb]
V  [jvm.dll+0x6244df]
C  [ntdll.dll+0x66b26]
C  [ntdll.dll+0x4849]
C  [ntdll.dll+0xa350e]
C  0x000002096e6f10ad

VM_Operation (0x00000031dbeffc50): G1Concurrent, mode: safepoint, requested by thread 0x0000020966228800


---------------  P R O C E S S  ---------------

Threads class SMR info:
_java_thread_list=0x0000020902d96d30, length=41, elements={
0x00000209661ef800, 0x00000209662be800, 0x000002097fe6c800, 0x000002097fe89000,
0x000002097fe8b000, 0x000002097fe8c800, 0x000002097fe90800, 0x000002097fea9800,
0x00000209029b0800, 0x00000209029b5800, 0x00000209038e2800, 0x00000209034b1000,
0x0000020903f7c000, 0x00000209033ca800, 0x0000020903dbd800, 0x0000020903dbe800,
0x0000020902b4b800, 0x0000020903973800, 0x0000020903ba0800, 0x0000020903fb0800,
0x0000020903fb0000, 0x0000020903fb1800, 0x0000020903fb2800, 0x0000020903fb3000,
0x0000020903fad800, 0x0000020903fb4000, 0x0000020903faf000, 0x00000209052b7800,
0x00000209052ba000, 0x00000209052b8800, 0x00000209052b9800, 0x00000209052bb000,
0x00000209052bc000, 0x00000209052b6000, 0x00000209052be800, 0x00000209052c1800,
0x00000209052c2800, 0x00000209052bd800, 0x00000209052bf000, 0x00000209052c0800,
0x00000209052bc800
}

Java Threads: ( => current thread )
  0x00000209661ef800 JavaThread "main" [_thread_blocked, id=8172, stack(0x00000031dbc00000,0x00000031dbd00000)]
  0x00000209662be800 JavaThread "Reference Handler" daemon [_thread_blocked, id=2384, stack(0x00000031dc300000,0x00000031dc400000)]
  0x000002097fe6c800 JavaThread "Finalizer" daemon [_thread_blocked, id=1304, stack(0x00000031dc400000,0x00000031dc500000)]
  0x000002097fe89000 JavaThread "Signal Dispatcher" daemon [_thread_blocked, id=1048, stack(0x00000031dc500000,0x00000031dc600000)]
  0x000002097fe8b000 JavaThread "Attach Listener" daemon [_thread_blocked, id=9288, stack(0x00000031dc600000,0x00000031dc700000)]
  0x000002097fe8c800 JavaThread "C2 CompilerThread0" daemon [_thread_in_native, id=9068, stack(0x00000031dc700000,0x00000031dc800000)]
  0x000002097fe90800 JavaThread "C1 CompilerThread0" daemon [_thread_blocked, id=4228, stack(0x00000031dc800000,0x00000031dc900000)]
  0x000002097fea9800 JavaThread "Sweeper thread" daemon [_thread_blocked, id=7848, stack(0x00000031dc900000,0x00000031dca00000)]
  0x00000209029b0800 JavaThread "Common-Cleaner" daemon [_thread_blocked, id=8772, stack(0x00000031dca00000,0x00000031dcb00000)]
  0x00000209029b5800 JavaThread "Service Thread" daemon [_thread_blocked, id=8276, stack(0x00000031dcb00000,0x00000031dcc00000)]
  0x00000209038e2800 JavaThread "Daemon health stats" [_thread_blocked, id=6824, stack(0x00000031dcf00000,0x00000031dd000000)]
  0x00000209034b1000 JavaThread "Incoming local TCP Connector on port 52158" [_thread_in_native, id=2200, stack(0x00000031dd000000,0x00000031dd100000)]
  0x0000020903f7c000 JavaThread "Daemon periodic checks" [_thread_blocked, id=4980, stack(0x00000031dd100000,0x00000031dd200000)]
  0x00000209033ca800 JavaThread "Daemon" [_thread_blocked, id=10184, stack(0x00000031dd200000,0x00000031dd300000)]
  0x0000020903dbd800 JavaThread "Handler for socket connection from /127.0.0.1:52158 to /127.0.0.1:52159" [_thread_in_native, id=10152, stack(0x00000031dd300000,0x00000031dd400000)]
  0x0000020903dbe800 JavaThread "Cancel handler" [_thread_blocked, id=440, stack(0x00000031dd400000,0x00000031dd500000)]
  0x0000020902b4b800 JavaThread "Daemon worker" [_thread_blocked, id=9796, stack(0x00000031dd500000,0x00000031dd600000)]
  0x0000020903973800 JavaThread "Asynchronous log dispatcher for DefaultDaemonConnection: socket connection from /127.0.0.1:52158 to /127.0.0.1:52159" [_thread_blocked, id=4992, stack(0x00000031dd600000,0x00000031dd700000)]
  0x0000020903ba0800 JavaThread "Thread-8" [_thread_blocked, id=9724, stack(0x00000031dd800000,0x00000031dd900000)]
  0x0000020903fb0800 JavaThread "Cache worker for journal cache (C:\Users\ELCOT\.gradle\caches\gradle-6.5\caches\journal-1)" [_thread_blocked, id=2932, stack(0x00000031dd900000,0x00000031dda00000)]
  0x0000020903fb0000 JavaThread "File lock request listener" [_thread_in_native, id=5808, stack(0x00000031dda00000,0x00000031ddb00000)]
  0x0000020903fb1800 JavaThread "Cache worker for file hash cache (C:\Users\ELCOT\.gradle\caches\gradle-6.5\caches\6.1.1\fileHashes)" [_thread_blocked, id=8256, stack(0x00000031ddb00000,0x00000031ddc00000)]
  0x0000020903fb2800 JavaThread "Cache worker for checksums cache (D:\AndroidStudioProjects\DoChat\.gradle\checksums)" [_thread_blocked, id=9568, stack(0x00000031ddc00000,0x00000031ddd00000)]
  0x0000020903fb3000 JavaThread "Cache worker for file hash cache (D:\AndroidStudioProjects\DoChat\.gradle\6.1.1\fileHashes)" [_thread_blocked, id=3316, stack(0x00000031ddd00000,0x00000031dde00000)]
  0x0000020903fad800 JavaThread "Cache worker for cache directory md-supplier (C:\Users\ELCOT\.gradle\caches\gradle-6.5\caches\6.1.1\md-supplier)" [_thread_blocked, id=7624, stack(0x00000031dde00000,0x00000031ddf00000)]
  0x0000020903fb4000 JavaThread "Cache worker for cache directory md-rule (C:\Users\ELCOT\.gradle\caches\gradle-6.5\caches\6.1.1\md-rule)" [_thread_blocked, id=7288, stack(0x00000031ddf00000,0x00000031de000000)]
  0x0000020903faf000 JavaThread "Cache worker for execution history cache (C:\Users\ELCOT\.gradle\caches\gradle-6.5\caches\6.1.1\executionHistory)" [_thread_blocked, id=9636, stack(0x00000031de000000,0x00000031de100000)]
  0x00000209052b7800 JavaThread "Build operations" [_thread_blocked, id=3348, stack(0x00000031de100000,0x00000031de200000)]
  0x00000209052ba000 JavaThread "Build operations Thread 2" [_thread_blocked, id=5824, stack(0x00000031de200000,0x00000031de300000)]
  0x00000209052b8800 JavaThread "Cache worker for Build Output Cleanup Cache (D:\AndroidStudioProjects\DoChat\.gradle\buildOutputCleanup)" [_thread_blocked, id=8968, stack(0x00000031de500000,0x00000031de600000)]
  0x00000209052b9800 JavaThread "Memory manager" [_thread_blocked, id=5344, stack(0x00000031de600000,0x00000031de700000)]
  0x00000209052bb000 JavaThread "Cache worker for file content cache (C:\Users\ELCOT\.gradle\caches\gradle-6.5\caches\6.1.1\fileContent)" [_thread_blocked, id=5224, stack(0x00000031de700000,0x00000031de800000)]
  0x00000209052bc000 JavaThread "Cache worker for file content cache (D:\AndroidStudioProjects\DoChat\.gradle\6.1.1\fileContent)" [_thread_blocked, id=7968, stack(0x00000031de800000,0x00000031de900000)]
  0x00000209052b6000 JavaThread "Execution worker for ':'" [_thread_blocked, id=10000, stack(0x00000031dea00000,0x00000031deb00000)]
  0x00000209052be800 JavaThread "Cache worker for execution history cache (D:\AndroidStudioProjects\DoChat\.gradle\6.1.1\executionHistory)" [_thread_blocked, id=6940, stack(0x00000031dd700000,0x00000031dd800000)]
  0x00000209052c1800 JavaThread "Cache worker for Java compile cache (C:\Users\ELCOT\.gradle\caches\gradle-6.5\caches\6.1.1\javaCompile)" [_thread_blocked, id=4360, stack(0x00000031deb00000,0x00000031dec00000)]
  0x00000209052c2800 JavaThread "Cache worker for Java compile cache (D:\AndroidStudioProjects\DoChat\.gradle\6.1.1\javaCompile)" [_thread_blocked, id=9312, stack(0x00000031dec00000,0x00000031ded00000)]
  0x00000209052bd800 JavaThread "WorkerExecutor Queue" [_thread_blocked, id=5212, stack(0x00000031dba00000,0x00000031dbb00000)]
  0x00000209052bf000 JavaThread "WorkerExecutor Queue Thread 2" [_thread_blocked, id=9956, stack(0x00000031dbb00000,0x00000031dbc00000)]
  0x00000209052c0800 JavaThread "ForkJoinPool-1-worker-3" daemon [_thread_blocked, id=5500, stack(0x00000031ded00000,0x00000031dee00000)]
  0x00000209052bc800 JavaThread "ForkJoinPool-1-worker-1" daemon [_thread_blocked, id=580, stack(0x00000031dee00000,0x00000031def00000)]

Other Threads:
=>0x00000209662bc800 VMThread "VM Thread" [stack: 0x00000031dc200000,0x00000031dc300000] [id=5148]
  0x00000209029c3000 WatcherThread [stack: 0x00000031dcc00000,0x00000031dcd00000] [id=8516]
  0x000002096621f000 GCTaskThread "GC Thread#0" [stack: 0x00000031dbd00000,0x00000031dbe00000] [id=1128]
  0x0000020902a19800 GCTaskThread "GC Thread#1" [stack: 0x00000031dcd00000,0x00000031dce00000] [id=4456]
  0x0000020966228800 ConcurrentGCThread "G1 Main Marker" [stack: 0x00000031dbe00000,0x00000031dbf00000] [id=8908]
  0x000002096622a000 ConcurrentGCThread "G1 Conc#0" [stack: 0x00000031dbf00000,0x00000031dc000000] [id=3676]
  0x0000020966276000 ConcurrentGCThread "G1 Refine#0" [stack: 0x00000031dc000000,0x00000031dc100000] [id=7824]
  0x000002090319f800 ConcurrentGCThread "G1 Refine#1" [stack: 0x00000031dce00000,0x00000031dcf00000] [id=9628]
  0x0000020966278000 ConcurrentGCThread "G1 Young RemSet Sampling" [stack: 0x00000031dc100000,0x00000031dc200000] [id=8980]

Threads with active compile tasks:
C2 CompilerThread0   131779 12625       4       com.android.tools.r8.dex.P$g::addString (20 bytes)

VM state:at safepoint (normal execution)

VM Mutex/Monitor currently owned by a thread:  ([mutex/lock_event])
[0x00000209661ebc50] Threads_lock - owner thread: 0x00000209662bc800
[0x00000209661ead20] Heap_lock - owner thread: 0x0000020966228800

Heap address: 0x00000000c0000000, size: 1024 MB, Compressed Oops mode: 32-bit
Narrow klass base: 0x0000000800000000, Narrow klass shift: 3
Compressed class space size: 1073741824 Address: 0x0000000800b40000

Heap:
 garbage-first heap   total 321536K, used 190776K [0x00000000c0000000, 0x0000000100000000)
  region size 1024K, 12 young (12288K), 4 survivors (4096K)
 Metaspace       used 87487K, capacity 89853K, committed 90032K, reserved 1126400K
  class space    used 11650K, capacity 12451K, committed 12544K, reserved 1048576K
Heap Regions: E=young(eden), S=young(survivor), O=old, HS=humongous(starts), HC=humongous(continues), CS=collection set, F=free, A=archive, TAMS=top-at-mark-start (previous, next)
|   0|0x00000000c0000000, 0x00000000c0100000, 0x00000000c0100000|100%|HS|  |TAMS 0x00000000c0100000, 0x00000000c0000000| Complete 
|   1|0x00000000c0100000, 0x00000000c0200000, 0x00000000c0200000|100%|HC|  |TAMS 0x00000000c0200000, 0x00000000c0100000| Complete 
|   2|0x00000000c0200000, 0x00000000c0300000, 0x00000000c0300000|100%|HC|  |TAMS 0x00000000c0300000, 0x00000000c0200000| Complete 
|   3|0x00000000c0300000, 0x00000000c0400000, 0x00000000c0400000|100%| O|  |TAMS 0x00000000c0400000, 0x00000000c0300000| Updating 
|   4|0x00000000c0400000, 0x00000000c0500000, 0x00000000c0500000|100%| O|  |TAMS 0x00000000c0500000, 0x00000000c0400000| Updating 
|   5|0x00000000c0500000, 0x00000000c0600000, 0x00000000c0600000|100%| O|  |TAMS 0x00000000c0600000, 0x00000000c0500000| Updating 
|   6|0x00000000c0600000, 0x00000000c0700000, 0x00000000c0700000|100%| O|  |TAMS 0x00000000c0700000, 0x00000000c0600000| Updating 
|   7|0x00000000c0700000, 0x00000000c0800000, 0x00000000c0800000|100%| O|  |TAMS 0x00000000c0800000, 0x00000000c0700000| Updating 
|   8|0x00000000c0800000, 0x00000000c0900000, 0x00000000c0900000|100%| O|  |TAMS 0x00000000c0900000, 0x00000000c0800000| Updating 
|   9|0x00000000c0900000, 0x00000000c0a00000, 0x00000000c0a00000|100%| O|  |TAMS 0x00000000c0a00000, 0x00000000c0900000| Updating 
|  10|0x00000000c0a00000, 0x00000000c0b00000, 0x00000000c0b00000|100%| O|  |TAMS 0x00000000c0b00000, 0x00000000c0a00000| Updating 
|  11|0x00000000c0b00000, 0x00000000c0c00000, 0x00000000c0c00000|100%| O|  |TAMS 0x00000000c0c00000, 0x00000000c0b00000| Updating 
|  12|0x00000000c0c00000, 0x00000000c0d00000, 0x00000000c0d00000|100%| O|  |TAMS 0x00000000c0d00000, 0x00000000c0c00000| Updating 
|  13|0x00000000c0d00000, 0x00000000c0e00000, 0x00000000c0e00000|100%| O|  |TAMS 0x00000000c0e00000, 0x00000000c0d00000| Updating 
|  14|0x00000000c0e00000, 0x00000000c0f00000, 0x00000000c0f00000|100%| O|  |TAMS 0x00000000c0f00000, 0x00000000c0e00000| Updating 
|  15|0x00000000c0f00000, 0x00000000c1000000, 0x00000000c1000000|100%| O|  |TAMS 0x00000000c1000000, 0x00000000c0f00000| Updating 
|  16|0x00000000c1000000, 0x00000000c1100000, 0x00000000c1100000|100%|HS|  |TAMS 0x00000000c1100000, 0x00000000c1000000| Complete 
|  17|0x00000000c1100000, 0x00000000c1200000, 0x00000000c1200000|100%|HC|  |TAMS 0x00000000c1200000, 0x00000000c1100000| Complete 
|  18|0x00000000c1200000, 0x00000000c1300000, 0x00000000c1300000|100%|HS|  |TAMS 0x00000000c1300000, 0x00000000c1200000| Complete 
|  19|0x00000000c1300000, 0x00000000c1400000, 0x00000000c1400000|100%|HC|  |TAMS 0x00000000c1400000, 0x00000000c1300000| Complete 
|  20|0x00000000c1400000, 0x00000000c1500000, 0x00000000c1500000|100%|HC|  |TAMS 0x00000000c1500000, 0x00000000c1400000| Complete 
|  21|0x00000000c1500000, 0x00000000c1600000, 0x00000000c1600000|100%|HS|  |TAMS 0x00000000c1600000, 0x00000000c1500000| Complete 
|  22|0x00000000c1600000, 0x00000000c1700000, 0x00000000c1700000|100%|HC|  |TAMS 0x00000000c1700000, 0x00000000c1600000| Complete 
|  23|0x00000000c1700000, 0x00000000c1800000, 0x00000000c1800000|100%|HC|  |TAMS 0x00000000c1800000, 0x00000000c1700000| Complete 
|  24|0x00000000c1800000, 0x00000000c1900000, 0x00000000c1900000|100%|HC|  |TAMS 0x00000000c1900000, 0x00000000c1800000| Complete 
|  25|0x00000000c1900000, 0x00000000c1a00000, 0x00000000c1a00000|100%| O|  |TAMS 0x00000000c1a00000, 0x00000000c1900000| Updating 
|  26|0x00000000c1a00000, 0x00000000c1b00000, 0x00000000c1b00000|100%| O|  |TAMS 0x00000000c1b00000, 0x00000000c1a00000| Updating 
|  27|0x00000000c1b00000, 0x00000000c1c00000, 0x00000000c1c00000|100%| O|  |TAMS 0x00000000c1c00000, 0x00000000c1b00000| Updating 
|  28|0x00000000c1c00000, 0x00000000c1d00000, 0x00000000c1d00000|100%| O|  |TAMS 0x00000000c1d00000, 0x00000000c1c00000| Updating 
|  29|0x00000000c1d00000, 0x00000000c1e00000, 0x00000000c1e00000|100%| O|  |TAMS 0x00000000c1e00000, 0x00000000c1d00000| Updating 
|  30|0x00000000c1e00000, 0x00000000c1f00000, 0x00000000c1f00000|100%| O|  |TAMS 0x00000000c1f00000, 0x00000000c1e00000| Updating 
|  31|0x00000000c1f00000, 0x00000000c2000000, 0x00000000c2000000|100%| O|  |TAMS 0x00000000c2000000, 0x00000000c1f00000| Updating 
|  32|0x00000000c2000000, 0x00000000c2100000, 0x00000000c2100000|100%| O|  |TAMS 0x00000000c2100000, 0x00000000c2000000| Updating 
|  33|0x00000000c2100000, 0x00000000c2200000, 0x00000000c2200000|100%| O|  |TAMS 0x00000000c2200000, 0x00000000c2100000| Updating 
|  34|0x00000000c2200000, 0x00000000c2300000, 0x00000000c2300000|100%| O|  |TAMS 0x00000000c2300000, 0x00000000c2200000| Updating 
|  35|0x00000000c2300000, 0x00000000c2400000, 0x00000000c2400000|100%| O|  |TAMS 0x00000000c2400000, 0x00000000c2300000| Updating 
|  36|0x00000000c2400000, 0x00000000c2500000, 0x00000000c2500000|100%|HS|  |TAMS 0x00000000c2500000, 0x00000000c2400000| Complete 
|  37|0x00000000c2500000, 0x00000000c2600000, 0x00000000c2600000|100%|HC|  |TAMS 0x00000000c2600000, 0x00000000c2500000| Complete 
|  38|0x00000000c2600000, 0x00000000c2700000, 0x00000000c2700000|100%|HC|  |TAMS 0x00000000c2700000, 0x00000000c2600000| Complete 
|  39|0x00000000c2700000, 0x00000000c2800000, 0x00000000c2800000|100%| O|  |TAMS 0x00000000c2800000, 0x00000000c2700000| Updating 
|  40|0x00000000c2800000, 0x00000000c2900000, 0x00000000c2900000|100%| O|  |TAMS 0x00000000c2900000, 0x00000000c2800000| Updating 
|  41|0x00000000c2900000, 0x00000000c2a00000, 0x00000000c2a00000|100%|HS|  |TAMS 0x00000000c2a00000, 0x00000000c2900000| Complete 
|  42|0x00000000c2a00000, 0x00000000c2b00000, 0x00000000c2b00000|100%|HC|  |TAMS 0x00000000c2b00000, 0x00000000c2a00000| Complete 
|  43|0x00000000c2b00000, 0x00000000c2c00000, 0x00000000c2c00000|100%| O|  |TAMS 0x00000000c2c00000, 0x00000000c2b00000| Updating 
|  44|0x00000000c2c00000, 0x00000000c2d00000, 0x00000000c2d00000|100%| O|  |TAMS 0x00000000c2d00000, 0x00000000c2c00000| Updating 
|  45|0x00000000c2d00000, 0x00000000c2e00000, 0x00000000c2e00000|100%| O|  |TAMS 0x00000000c2e00000, 0x00000000c2d00000| Updating 
|  46|0x00000000c2e00000, 0x00000000c2f00000, 0x00000000c2f00000|100%| O|  |TAMS 0x00000000c2f00000, 0x00000000c2e00000| Updating 
|  47|0x00000000c2f00000, 0x00000000c3000000, 0x00000000c3000000|100%| O|  |TAMS 0x00000000c3000000, 0x00000000c2f00000| Updating 
|  48|0x00000000c3000000, 0x00000000c3100000, 0x00000000c3100000|100%| O|  |TAMS 0x00000000c3100000, 0x00000000c3000000| Updating 
|  49|0x00000000c3100000, 0x00000000c3200000, 0x00000000c3200000|100%| O|  |TAMS 0x00000000c3200000, 0x00000000c3100000| Updating 
|  50|0x00000000c3200000, 0x00000000c3300000, 0x00000000c3300000|100%| O|  |TAMS 0x00000000c3300000, 0x00000000c3200000| Updating 
|  51|0x00000000c3300000, 0x00000000c3400000, 0x00000000c3400000|100%| O|  |TAMS 0x00000000c3400000, 0x00000000c3300000| Updating 
|  52|0x00000000c3400000, 0x00000000c3500000, 0x00000000c3500000|100%| O|  |TAMS 0x00000000c3500000, 0x00000000c3400000| Updating 
|  53|0x00000000c3500000, 0x00000000c3600000, 0x00000000c3600000|100%| O|  |TAMS 0x00000000c3600000, 0x00000000c3500000| Updating 
|  54|0x00000000c3600000, 0x00000000c3700000, 0x00000000c3700000|100%| O|  |TAMS 0x00000000c3700000, 0x00000000c3600000| Updating 
|  55|0x00000000c3700000, 0x00000000c3800000, 0x00000000c3800000|100%| O|  |TAMS 0x00000000c3800000, 0x00000000c3700000| Updating 
|  56|0x00000000c3800000, 0x00000000c3900000, 0x00000000c3900000|100%| O|  |TAMS 0x00000000c3900000, 0x00000000c3800000| Updating 
|  57|0x00000000c3900000, 0x00000000c3a00000, 0x00000000c3a00000|100%| O|  |TAMS 0x00000000c3a00000, 0x00000000c3900000| Updating 
|  58|0x00000000c3a00000, 0x00000000c3b00000, 0x00000000c3b00000|100%| O|  |TAMS 0x00000000c3b00000, 0x00000000c3a00000| Updating 
|  59|0x00000000c3b00000, 0x00000000c3c00000, 0x00000000c3c00000|100%| O|  |TAMS 0x00000000c3c00000, 0x00000000c3b00000| Updating 
|  60|0x00000000c3c00000, 0x00000000c3d00000, 0x00000000c3d00000|100%| O|  |TAMS 0x00000000c3d00000, 0x00000000c3c00000| Updating 
|  61|0x00000000c3d00000, 0x00000000c3e00000, 0x00000000c3e00000|100%| O|  |TAMS 0x00000000c3e00000, 0x00000000c3d00000| Updating 
|  62|0x00000000c3e00000, 0x00000000c3f00000, 0x00000000c3f00000|100%| O|  |TAMS 0x00000000c3f00000, 0x00000000c3e00000| Updating 
|  63|0x00000000c3f00000, 0x00000000c4000000, 0x00000000c4000000|100%| O|  |TAMS 0x00000000c4000000, 0x00000000c3f00000| Updating 
|  64|0x00000000c4000000, 0x00000000c4100000, 0x00000000c4100000|100%| O|  |TAMS 0x00000000c4100000, 0x00000000c4000000| Updating 
|  65|0x00000000c4100000, 0x00000000c4200000, 0x00000000c4200000|100%| O|  |TAMS 0x00000000c4200000, 0x00000000c4100000| Updating 
|  66|0x00000000c4200000, 0x00000000c4300000, 0x00000000c4300000|100%|HS|  |TAMS 0x00000000c4300000, 0x00000000c4200000| Complete 
|  67|0x00000000c4300000, 0x00000000c4400000, 0x00000000c4400000|100%| O|  |TAMS 0x00000000c4400000, 0x00000000c4300000| Updating 
|  68|0x00000000c4400000, 0x00000000c4500000, 0x00000000c4500000|100%| O|  |TAMS 0x00000000c4500000, 0x00000000c4400000| Updating 
|  69|0x00000000c4500000, 0x00000000c4600000, 0x00000000c4600000|100%| O|  |TAMS 0x00000000c4600000, 0x00000000c4500000| Updating 
|  70|0x00000000c4600000, 0x00000000c4700000, 0x00000000c4700000|100%| O|  |TAMS 0x00000000c4700000, 0x00000000c4600000| Updating 
|  71|0x00000000c4700000, 0x00000000c4800000, 0x00000000c4800000|100%| O|  |TAMS 0x00000000c4800000, 0x00000000c4700000| Updating 
|  72|0x00000000c4800000, 0x00000000c4900000, 0x00000000c4900000|100%| O|  |TAMS 0x00000000c4900000, 0x00000000c4800000| Updating 
|  73|0x00000000c4900000, 0x00000000c4a00000, 0x00000000c4a00000|100%| O|  |TAMS 0x00000000c4a00000, 0x00000000c4900000| Updating 
|  74|0x00000000c4a00000, 0x00000000c4b00000, 0x00000000c4b00000|100%| O|  |TAMS 0x00000000c4b00000, 0x00000000c4a00000| Updating 
|  75|0x00000000c4b00000, 0x00000000c4c00000, 0x00000000c4c00000|100%| O|  |TAMS 0x00000000c4c00000, 0x00000000c4b00000| Updating 
|  76|0x00000000c4c00000, 0x00000000c4d00000, 0x00000000c4d00000|100%| O|  |TAMS 0x00000000c4d00000, 0x00000000c4c00000| Updating 
|  77|0x00000000c4d00000, 0x00000000c4e00000, 0x00000000c4e00000|100%| O|  |TAMS 0x00000000c4e00000, 0x00000000c4d00000| Updating 
|  78|0x00000000c4e00000, 0x00000000c4f00000, 0x00000000c4f00000|100%| O|  |TAMS 0x00000000c4f00000, 0x00000000c4e00000| Updating 
|  79|0x00000000c4f00000, 0x00000000c5000000, 0x00000000c5000000|100%| O|  |TAMS 0x00000000c5000000, 0x00000000c4f00000| Updating 
|  80|0x00000000c5000000, 0x00000000c5100000, 0x00000000c5100000|100%| O|  |TAMS 0x00000000c5100000, 0x00000000c5000000| Updating 
|  81|0x00000000c5100000, 0x00000000c5200000, 0x00000000c5200000|100%|HS|  |TAMS 0x00000000c5200000, 0x00000000c5100000| Complete 
|  82|0x00000000c5200000, 0x00000000c5300000, 0x00000000c5300000|100%| O|  |TAMS 0x00000000c5300000, 0x00000000c5200000| Updating 
|  83|0x00000000c5300000, 0x00000000c5400000, 0x00000000c5400000|100%| O|  |TAMS 0x00000000c5400000, 0x00000000c5300000| Updating 
|  84|0x00000000c5400000, 0x00000000c5500000, 0x00000000c5500000|100%| O|  |TAMS 0x00000000c5500000, 0x00000000c5400000| Updating 
|  85|0x00000000c5500000, 0x00000000c5600000, 0x00000000c5600000|100%| O|  |TAMS 0x00000000c5600000, 0x00000000c5500000| Updating 
|  86|0x00000000c5600000, 0x00000000c5700000, 0x00000000c5700000|100%| O|  |TAMS 0x00000000c5700000, 0x00000000c5600000| Updating 
|  87|0x00000000c5700000, 0x00000000c5800000, 0x00000000c5800000|100%| O|  |TAMS 0x00000000c5800000, 0x00000000c5700000| Updating 
|  88|0x00000000c5800000, 0x00000000c5900000, 0x00000000c5900000|100%| O|  |TAMS 0x00000000c5900000, 0x00000000c5800000| Updating 
|  89|0x00000000c5900000, 0x00000000c5a00000, 0x00000000c5a00000|100%| O|  |TAMS 0x00000000c5a00000, 0x00000000c5900000| Updating 
|  90|0x00000000c5a00000, 0x00000000c5b00000, 0x00000000c5b00000|100%| O|  |TAMS 0x00000000c5b00000, 0x00000000c5a00000| Updating 
|  91|0x00000000c5b00000, 0x00000000c5c00000, 0x00000000c5c00000|100%| O|  |TAMS 0x00000000c5c00000, 0x00000000c5b00000| Updating 
|  92|0x00000000c5c00000, 0x00000000c5d00000, 0x00000000c5d00000|100%| O|  |TAMS 0x00000000c5d00000, 0x00000000c5c00000| Updating 
|  93|0x00000000c5d00000, 0x00000000c5e00000, 0x00000000c5e00000|100%| O|  |TAMS 0x00000000c5e00000, 0x00000000c5d00000| Updating 
|  94|0x00000000c5e00000, 0x00000000c5f00000, 0x00000000c5f00000|100%| O|  |TAMS 0x00000000c5f00000, 0x00000000c5e00000| Updating 
|  95|0x00000000c5f00000, 0x00000000c6000000, 0x00000000c6000000|100%| O|  |TAMS 0x00000000c6000000, 0x00000000c5f00000| Updating 
|  96|0x00000000c6000000, 0x00000000c6100000, 0x00000000c6100000|100%| O|  |TAMS 0x00000000c6100000, 0x00000000c6000000| Updating 
|  97|0x00000000c6100000, 0x00000000c6200000, 0x00000000c6200000|100%| O|  |TAMS 0x00000000c6200000, 0x00000000c6100000| Updating 
|  98|0x00000000c6200000, 0x00000000c6300000, 0x00000000c6300000|100%| O|  |TAMS 0x00000000c6300000, 0x00000000c6200000| Updating 
|  99|0x00000000c6300000, 0x00000000c6400000, 0x00000000c6400000|100%|HS|  |TAMS 0x00000000c6400000, 0x00000000c6300000| Complete 
| 100|0x00000000c6400000, 0x00000000c6500000, 0x00000000c6500000|100%|HC|  |TAMS 0x00000000c6500000, 0x00000000c6400000| Complete 
| 101|0x00000000c6500000, 0x00000000c6600000, 0x00000000c6600000|100%|HC|  |TAMS 0x00000000c6600000, 0x00000000c6500000| Complete 
| 102|0x00000000c6600000, 0x00000000c6700000, 0x00000000c6700000|100%|HC|  |TAMS 0x00000000c6700000, 0x00000000c6600000| Complete 
| 103|0x00000000c6700000, 0x00000000c6800000, 0x00000000c6800000|100%|HC|  |TAMS 0x00000000c6800000, 0x00000000c6700000| Complete 
| 104|0x00000000c6800000, 0x00000000c6900000, 0x00000000c6900000|100%|HC|  |TAMS 0x00000000c6900000, 0x00000000c6800000| Complete 
| 105|0x00000000c6900000, 0x00000000c6a00000, 0x00000000c6a00000|100%|HC|  |TAMS 0x00000000c6a00000, 0x00000000c6900000| Complete 
| 106|0x00000000c6a00000, 0x00000000c6b00000, 0x00000000c6b00000|100%|HC|  |TAMS 0x00000000c6b00000, 0x00000000c6a00000| Complete 
| 107|0x00000000c6b00000, 0x00000000c6c00000, 0x00000000c6c00000|100%|HC|  |TAMS 0x00000000c6c00000, 0x00000000c6b00000| Complete 
| 108|0x00000000c6c00000, 0x00000000c6d00000, 0x00000000c6d00000|100%| O|  |TAMS 0x00000000c6d00000, 0x00000000c6c00000| Updating 
| 109|0x00000000c6d00000, 0x00000000c6e00000, 0x00000000c6e00000|100%| O|  |TAMS 0x00000000c6e00000, 0x00000000c6d00000| Updating 
| 110|0x00000000c6e00000, 0x00000000c6f00000, 0x00000000c6f00000|100%| O|  |TAMS 0x00000000c6f00000, 0x00000000c6e00000| Updating 
| 111|0x00000000c6f00000, 0x00000000c7000000, 0x00000000c7000000|100%| O|  |TAMS 0x00000000c7000000, 0x00000000c6f00000| Updating 
| 112|0x00000000c7000000, 0x00000000c7100000, 0x00000000c7100000|100%| O|  |TAMS 0x00000000c7100000, 0x00000000c7000000| Updating 
| 113|0x00000000c7100000, 0x00000000c7200000, 0x00000000c7200000|100%| O|  |TAMS 0x00000000c7200000, 0x00000000c7100000| Updating 
| 114|0x00000000c7200000, 0x00000000c7300000, 0x00000000c7300000|100%| O|  |TAMS 0x00000000c7300000, 0x00000000c7200000| Updating 
| 115|0x00000000c7300000, 0x00000000c7400000, 0x00000000c7400000|100%| O|  |TAMS 0x00000000c7400000, 0x00000000c7300000| Updating 
| 116|0x00000000c7400000, 0x00000000c7500000, 0x00000000c7500000|100%| O|  |TAMS 0x00000000c7500000, 0x00000000c7400000| Updating 
| 117|0x00000000c7500000, 0x00000000c7600000, 0x00000000c7600000|100%| O|  |TAMS 0x00000000c7600000, 0x00000000c7500000| Updating 
| 118|0x00000000c7600000, 0x00000000c7600000, 0x00000000c7700000|  0%| F|  |TAMS 0x00000000c7600000, 0x00000000c7600000| Untracked 
| 119|0x00000000c7700000, 0x00000000c7700000, 0x00000000c7800000|  0%| F|  |TAMS 0x00000000c7700000, 0x00000000c7700000| Untracked 
| 120|0x00000000c7800000, 0x00000000c7800000, 0x00000000c7900000|  0%| F|  |TAMS 0x00000000c7800000, 0x00000000c7800000| Untracked 
| 121|0x00000000c7900000, 0x00000000c7900000, 0x00000000c7a00000|  0%| F|  |TAMS 0x00000000c7900000, 0x00000000c7900000| Untracked 
| 122|0x00000000c7a00000, 0x00000000c7a00000, 0x00000000c7b00000|  0%| F|  |TAMS 0x00000000c7a00000, 0x00000000c7a00000| Untracked 
| 123|0x00000000c7b00000, 0x00000000c7b00000, 0x00000000c7c00000|  0%| F|  |TAMS 0x00000000c7b00000, 0x00000000c7b00000| Untracked 
| 124|0x00000000c7c00000, 0x00000000c7c00000, 0x00000000c7d00000|  0%| F|  |TAMS 0x00000000c7c00000, 0x00000000c7c00000| Untracked 
| 125|0x00000000c7d00000, 0x00000000c7d00000, 0x00000000c7e00000|  0%| F|  |TAMS 0x00000000c7d00000, 0x00000000c7d00000| Untracked 
| 126|0x00000000c7e00000, 0x00000000c7e00000, 0x00000000c7f00000|  0%| F|  |TAMS 0x00000000c7e00000, 0x00000000c7e00000| Untracked 
| 127|0x00000000c7f00000, 0x00000000c8000000, 0x00000000c8000000|100%| O|  |TAMS 0x00000000c8000000, 0x00000000c7f00000| Updating 
| 128|0x00000000c8000000, 0x00000000c8100000, 0x00000000c8100000|100%| O|  |TAMS 0x00000000c8100000, 0x00000000c8000000| Updating 
| 129|0x00000000c8100000, 0x00000000c8200000, 0x00000000c8200000|100%| O|  |TAMS 0x00000000c8200000, 0x00000000c8100000| Updating 
| 130|0x00000000c8200000, 0x00000000c8300000, 0x00000000c8300000|100%| O|  |TAMS 0x00000000c8300000, 0x00000000c8200000| Updating 
| 131|0x00000000c8300000, 0x00000000c8400000, 0x00000000c8400000|100%| O|  |TAMS 0x00000000c8400000, 0x00000000c8300000| Updating 
| 132|0x00000000c8400000, 0x00000000c8500000, 0x00000000c8500000|100%| O|  |TAMS 0x00000000c8500000, 0x00000000c8400000| Updating 
| 133|0x00000000c8500000, 0x00000000c8600000, 0x00000000c8600000|100%| O|  |TAMS 0x00000000c8600000, 0x00000000c8500000| Updating 
| 134|0x00000000c8600000, 0x00000000c8700000, 0x00000000c8700000|100%| O|  |TAMS 0x00000000c8700000, 0x00000000c8600000| Updating 
| 135|0x00000000c8700000, 0x00000000c8800000, 0x00000000c8800000|100%| O|  |TAMS 0x00000000c8800000, 0x00000000c8700000| Updating 
| 136|0x00000000c8800000, 0x00000000c8900000, 0x00000000c8900000|100%| O|  |TAMS 0x00000000c8900000, 0x00000000c8800000| Updating 
| 137|0x00000000c8900000, 0x00000000c8a00000, 0x00000000c8a00000|100%| O|  |TAMS 0x00000000c8a00000, 0x00000000c8900000| Updating 
| 138|0x00000000c8a00000, 0x00000000c8b00000, 0x00000000c8b00000|100%| O|  |TAMS 0x00000000c8b00000, 0x00000000c8a00000| Updating 
| 139|0x00000000c8b00000, 0x00000000c8c00000, 0x00000000c8c00000|100%| O|  |TAMS 0x00000000c8c00000, 0x00000000c8b00000| Updating 
| 140|0x00000000c8c00000, 0x00000000c8d00000, 0x00000000c8d00000|100%| O|  |TAMS 0x00000000c8d00000, 0x00000000c8c00000| Updating 
| 141|0x00000000c8d00000, 0x00000000c8e00000, 0x00000000c8e00000|100%| O|  |TAMS 0x00000000c8e00000, 0x00000000c8d00000| Updating 
| 142|0x00000000c8e00000, 0x00000000c8f00000, 0x00000000c8f00000|100%| O|  |TAMS 0x00000000c8f00000, 0x00000000c8e00000| Updating 
| 143|0x00000000c8f00000, 0x00000000c9000000, 0x00000000c9000000|100%| O|  |TAMS 0x00000000c9000000, 0x00000000c8f00000| Updating 
| 144|0x00000000c9000000, 0x00000000c9100000, 0x00000000c9100000|100%| O|  |TAMS 0x00000000c9100000, 0x00000000c9000000| Updating 
| 145|0x00000000c9100000, 0x00000000c9200000, 0x00000000c9200000|100%| O|  |TAMS 0x00000000c9200000, 0x00000000c9100000| Updating 
| 146|0x00000000c9200000, 0x00000000c9300000, 0x00000000c9300000|100%| O|  |TAMS 0x00000000c9300000, 0x00000000c9200000| Updating 
| 147|0x00000000c9300000, 0x00000000c9400000, 0x00000000c9400000|100%| O|  |TAMS 0x00000000c9400000, 0x00000000c9300000| Updating 
| 148|0x00000000c9400000, 0x00000000c9500000, 0x00000000c9500000|100%| O|  |TAMS 0x00000000c9500000, 0x00000000c9400000| Updating 
| 149|0x00000000c9500000, 0x00000000c9600000, 0x00000000c9600000|100%| O|  |TAMS 0x00000000c9600000, 0x00000000c9500000| Updating 
| 150|0x00000000c9600000, 0x00000000c9700000, 0x00000000c9700000|100%| O|  |TAMS 0x00000000c9700000, 0x00000000c9600000| Updating 
| 151|0x00000000c9700000, 0x00000000c9800000, 0x00000000c9800000|100%| O|  |TAMS 0x00000000c9800000, 0x00000000c9700000| Updating 
| 152|0x00000000c9800000, 0x00000000c9900000, 0x00000000c9900000|100%| O|  |TAMS 0x00000000c9900000, 0x00000000c9800000| Updating 
| 153|0x00000000c9900000, 0x00000000c9a00000, 0x00000000c9a00000|100%| O|  |TAMS 0x00000000c9a00000, 0x00000000c9900000| Updating 
| 154|0x00000000c9a00000, 0x00000000c9b00000, 0x00000000c9b00000|100%| O|  |TAMS 0x00000000c9b00000, 0x00000000c9a00000| Updating 
| 155|0x00000000c9b00000, 0x00000000c9c00000, 0x00000000c9c00000|100%| O|  |TAMS 0x00000000c9c00000, 0x00000000c9b00000| Updating 
| 156|0x00000000c9c00000, 0x00000000c9d00000, 0x00000000c9d00000|100%| O|  |TAMS 0x00000000c9d00000, 0x00000000c9c00000| Updating 
| 157|0x00000000c9d00000, 0x00000000c9e00000, 0x00000000c9e00000|100%| O|  |TAMS 0x00000000c9e00000, 0x00000000c9d00000| Updating 
| 158|0x00000000c9e00000, 0x00000000c9f00000, 0x00000000c9f00000|100%| O|  |TAMS 0x00000000c9f00000, 0x00000000c9e00000| Updating 
| 159|0x00000000c9f00000, 0x00000000ca000000, 0x00000000ca000000|100%| O|  |TAMS 0x00000000ca000000, 0x00000000c9f00000| Updating 
| 160|0x00000000ca000000, 0x00000000ca100000, 0x00000000ca100000|100%| O|  |TAMS 0x00000000ca100000, 0x00000000ca000000| Updating 
| 161|0x00000000ca100000, 0x00000000ca200000, 0x00000000ca200000|100%| O|  |TAMS 0x00000000ca200000, 0x00000000ca100000| Updating 
| 162|0x00000000ca200000, 0x00000000ca300000, 0x00000000ca300000|100%| O|  |TAMS 0x00000000ca300000, 0x00000000ca200000| Updating 
| 163|0x00000000ca300000, 0x00000000ca300000, 0x00000000ca400000|  0%| F|  |TAMS 0x00000000ca300000, 0x00000000ca300000| Untracked 
| 164|0x00000000ca400000, 0x00000000ca400000, 0x00000000ca500000|  0%| F|  |TAMS 0x00000000ca400000, 0x00000000ca400000| Untracked 
| 165|0x00000000ca500000, 0x00000000ca600000, 0x00000000ca600000|100%| O|  |TAMS 0x00000000ca600000, 0x00000000ca500000| Updating 
| 166|0x00000000ca600000, 0x00000000ca700000, 0x00000000ca700000|100%| O|  |TAMS 0x00000000ca700000, 0x00000000ca600000| Updating 
| 167|0x00000000ca700000, 0x00000000ca800000, 0x00000000ca800000|100%| O|  |TAMS 0x00000000ca800000, 0x00000000ca700000| Updating 
| 168|0x00000000ca800000, 0x00000000ca900000, 0x00000000ca900000|100%| O|  |TAMS 0x00000000ca900000, 0x00000000ca800000| Updating 
| 169|0x00000000ca900000, 0x00000000caa00000, 0x00000000caa00000|100%| O|  |TAMS 0x00000000caa00000, 0x00000000ca900000| Updating 
| 170|0x00000000caa00000, 0x00000000cab00000, 0x00000000cab00000|100%| O|  |TAMS 0x00000000cab00000, 0x00000000caa00000| Updating 
| 171|0x00000000cab00000, 0x00000000cac00000, 0x00000000cac00000|100%| O|  |TAMS 0x00000000cac00000, 0x00000000cab00000| Updating 
| 172|0x00000000cac00000, 0x00000000cad00000, 0x00000000cad00000|100%| O|  |TAMS 0x00000000cad00000, 0x00000000cac00000| Updating 
| 173|0x00000000cad00000, 0x00000000cae00000, 0x00000000cae00000|100%| O|  |TAMS 0x00000000cae00000, 0x00000000cad00000| Updating 
| 174|0x00000000cae00000, 0x00000000caf00000, 0x00000000caf00000|100%| O|  |TAMS 0x00000000caf00000, 0x00000000cae00000| Updating 
| 175|0x00000000caf00000, 0x00000000cb000000, 0x00000000cb000000|100%| O|  |TAMS 0x00000000cb000000, 0x00000000caf00000| Updating 
| 176|0x00000000cb000000, 0x00000000cb100000, 0x00000000cb100000|100%| O|  |TAMS 0x00000000cb100000, 0x00000000cb000000| Updating 
| 177|0x00000000cb100000, 0x00000000cb200000, 0x00000000cb200000|100%| O|  |TAMS 0x00000000cb200000, 0x00000000cb100000| Updating 
| 178|0x00000000cb200000, 0x00000000cb300000, 0x00000000cb300000|100%| O|  |TAMS 0x00000000cb300000, 0x00000000cb200000| Updating 
| 179|0x00000000cb300000, 0x00000000cb400000, 0x00000000cb400000|100%| O|  |TAMS 0x00000000cb400000, 0x00000000cb300000| Updating 
| 180|0x00000000cb400000, 0x00000000cb500000, 0x00000000cb500000|100%| O|  |TAMS 0x00000000cb500000, 0x00000000cb400000| Updating 
| 181|0x00000000cb500000, 0x00000000cb600000, 0x00000000cb600000|100%| O|  |TAMS 0x00000000cb500000, 0x00000000cb500000| Untracked 
| 182|0x00000000cb600000, 0x00000000cb700000, 0x00000000cb700000|100%| O|  |TAMS 0x00000000cb600000, 0x00000000cb600000| Untracked 
| 183|0x00000000cb700000, 0x00000000cb800000, 0x00000000cb800000|100%| O|  |TAMS 0x00000000cb700000, 0x00000000cb700000| Untracked 
| 184|0x00000000cb800000, 0x00000000cb900000, 0x00000000cb900000|100%| O|  |TAMS 0x00000000cb800000, 0x00000000cb800000| Untracked 
| 185|0x00000000cb900000, 0x00000000cb980000, 0x00000000cba00000| 50%| O|  |TAMS 0x00000000cb900000, 0x00000000cb900000| Updating 
| 186|0x00000000cba00000, 0x00000000cbb00000, 0x00000000cbb00000|100%|HS|  |TAMS 0x00000000cba00000, 0x00000000cba00000| Complete 
| 187|0x00000000cbb00000, 0x00000000cbb00000, 0x00000000cbc00000|  0%| F|  |TAMS 0x00000000cbb00000, 0x00000000cbb00000| Untracked 
| 188|0x00000000cbc00000, 0x00000000cbc00000, 0x00000000cbd00000|  0%| F|  |TAMS 0x00000000cbc00000, 0x00000000cbc00000| Untracked 
| 189|0x00000000cbd00000, 0x00000000cbd00000, 0x00000000cbe00000|  0%| F|  |TAMS 0x00000000cbd00000, 0x00000000cbd00000| Untracked 
| 190|0x00000000cbe00000, 0x00000000cbe00000, 0x00000000cbf00000|  0%| F|  |TAMS 0x00000000cbe00000, 0x00000000cbe00000| Untracked 
| 191|0x00000000cbf00000, 0x00000000cbf00000, 0x00000000cc000000|  0%| F|  |TAMS 0x00000000cbf00000, 0x00000000cbf00000| Untracked 
| 192|0x00000000cc000000, 0x00000000cc000000, 0x00000000cc100000|  0%| F|  |TAMS 0x00000000cc000000, 0x00000000cc000000| Untracked 
| 193|0x00000000cc100000, 0x00000000cc100000, 0x00000000cc200000|  0%| F|  |TAMS 0x00000000cc100000, 0x00000000cc100000| Untracked 
| 194|0x00000000cc200000, 0x00000000cc200000, 0x00000000cc300000|  0%| F|  |TAMS 0x00000000cc200000, 0x00000000cc200000| Untracked 
| 195|0x00000000cc300000, 0x00000000cc300000, 0x00000000cc400000|  0%| F|  |TAMS 0x00000000cc300000, 0x00000000cc300000| Untracked 
| 196|0x00000000cc400000, 0x00000000cc400000, 0x00000000cc500000|  0%| F|  |TAMS 0x00000000cc400000, 0x00000000cc400000| Untracked 
| 197|0x00000000cc500000, 0x00000000cc500000, 0x00000000cc600000|  0%| F|  |TAMS 0x00000000cc500000, 0x00000000cc500000| Untracked 
| 198|0x00000000cc600000, 0x00000000cc600000, 0x00000000cc700000|  0%| F|  |TAMS 0x00000000cc600000, 0x00000000cc600000| Untracked 
| 199|0x00000000cc700000, 0x00000000cc700000, 0x00000000cc800000|  0%| F|  |TAMS 0x00000000cc700000, 0x00000000cc700000| Untracked 
| 200|0x00000000cc800000, 0x00000000cc800000, 0x00000000cc900000|  0%| F|  |TAMS 0x00000000cc800000, 0x00000000cc800000| Untracked 
| 201|0x00000000cc900000, 0x00000000cc900000, 0x00000000cca00000|  0%| F|  |TAMS 0x00000000cc900000, 0x00000000cc900000| Untracked 
| 202|0x00000000cca00000, 0x00000000cca00000, 0x00000000ccb00000|  0%| F|  |TAMS 0x00000000cca00000, 0x00000000cca00000| Untracked 
| 203|0x00000000ccb00000, 0x00000000ccb00000, 0x00000000ccc00000|  0%| F|  |TAMS 0x00000000ccb00000, 0x00000000ccb00000| Untracked 
| 204|0x00000000ccc00000, 0x00000000ccc00000, 0x00000000ccd00000|  0%| F|  |TAMS 0x00000000ccc00000, 0x00000000ccc00000| Untracked 
| 205|0x00000000ccd00000, 0x00000000ccd00000, 0x00000000cce00000|  0%| F|  |TAMS 0x00000000ccd00000, 0x00000000ccd00000| Untracked 
| 206|0x00000000cce00000, 0x00000000cce00000, 0x00000000ccf00000|  0%| F|  |TAMS 0x00000000cce00000, 0x00000000cce00000| Untracked 
| 207|0x00000000ccf00000, 0x00000000ccf00000, 0x00000000cd000000|  0%| F|  |TAMS 0x00000000ccf00000, 0x00000000ccf00000| Untracked 
| 208|0x00000000cd000000, 0x00000000cd000000, 0x00000000cd100000|  0%| F|  |TAMS 0x00000000cd000000, 0x00000000cd000000| Untracked 
| 209|0x00000000cd100000, 0x00000000cd100000, 0x00000000cd200000|  0%| F|  |TAMS 0x00000000cd100000, 0x00000000cd100000| Untracked 
| 210|0x00000000cd200000, 0x00000000cd200000, 0x00000000cd300000|  0%| F|  |TAMS 0x00000000cd200000, 0x00000000cd200000| Untracked 
| 211|0x00000000cd300000, 0x00000000cd300000, 0x00000000cd400000|  0%| F|  |TAMS 0x00000000cd300000, 0x00000000cd300000| Untracked 
| 212|0x00000000cd400000, 0x00000000cd400000, 0x00000000cd500000|  0%| F|  |TAMS 0x00000000cd400000, 0x00000000cd400000| Untracked 
| 213|0x00000000cd500000, 0x00000000cd500000, 0x00000000cd600000|  0%| F|  |TAMS 0x00000000cd500000, 0x00000000cd500000| Untracked 
| 214|0x00000000cd600000, 0x00000000cd600000, 0x00000000cd700000|  0%| F|  |TAMS 0x00000000cd600000, 0x00000000cd600000| Untracked 
| 215|0x00000000cd700000, 0x00000000cd700000, 0x00000000cd800000|  0%| F|  |TAMS 0x00000000cd700000, 0x00000000cd700000| Untracked 
| 216|0x00000000cd800000, 0x00000000cd800000, 0x00000000cd900000|  0%| F|  |TAMS 0x00000000cd800000, 0x00000000cd800000| Untracked 
| 217|0x00000000cd900000, 0x00000000cd900000, 0x00000000cda00000|  0%| F|  |TAMS 0x00000000cd900000, 0x00000000cd900000| Untracked 
| 218|0x00000000cda00000, 0x00000000cda00000, 0x00000000cdb00000|  0%| F|  |TAMS 0x00000000cda00000, 0x00000000cda00000| Untracked 
| 219|0x00000000cdb00000, 0x00000000cdb00000, 0x00000000cdc00000|  0%| F|  |TAMS 0x00000000cdb00000, 0x00000000cdb00000| Untracked 
| 220|0x00000000cdc00000, 0x00000000cdc00000, 0x00000000cdd00000|  0%| F|  |TAMS 0x00000000cdc00000, 0x00000000cdc00000| Untracked 
| 221|0x00000000cdd00000, 0x00000000cdd00000, 0x00000000cde00000|  0%| F|  |TAMS 0x00000000cdd00000, 0x00000000cdd00000| Untracked 
| 222|0x00000000cde00000, 0x00000000cde00000, 0x00000000cdf00000|  0%| F|  |TAMS 0x00000000cde00000, 0x00000000cde00000| Untracked 
| 223|0x00000000cdf00000, 0x00000000cdf00000, 0x00000000ce000000|  0%| F|  |TAMS 0x00000000cdf00000, 0x00000000cdf00000| Untracked 
| 224|0x00000000ce000000, 0x00000000ce000000, 0x00000000ce100000|  0%| F|  |TAMS 0x00000000ce000000, 0x00000000ce000000| Untracked 
| 225|0x00000000ce100000, 0x00000000ce100000, 0x00000000ce200000|  0%| F|  |TAMS 0x00000000ce100000, 0x00000000ce100000| Untracked 
| 226|0x00000000ce200000, 0x00000000ce200000, 0x00000000ce300000|  0%| F|  |TAMS 0x00000000ce200000, 0x00000000ce200000| Untracked 
| 227|0x00000000ce300000, 0x00000000ce300000, 0x00000000ce400000|  0%| F|  |TAMS 0x00000000ce300000, 0x00000000ce300000| Untracked 
| 228|0x00000000ce400000, 0x00000000ce400000, 0x00000000ce500000|  0%| F|  |TAMS 0x00000000ce400000, 0x00000000ce400000| Untracked 
| 229|0x00000000ce500000, 0x00000000ce500000, 0x00000000ce600000|  0%| F|  |TAMS 0x00000000ce500000, 0x00000000ce500000| Untracked 
| 230|0x00000000ce600000, 0x00000000ce600000, 0x00000000ce700000|  0%| F|  |TAMS 0x00000000ce600000, 0x00000000ce600000| Untracked 
| 231|0x00000000ce700000, 0x00000000ce700000, 0x00000000ce800000|  0%| F|  |TAMS 0x00000000ce700000, 0x00000000ce700000| Untracked 
| 232|0x00000000ce800000, 0x00000000ce800000, 0x00000000ce900000|  0%| F|  |TAMS 0x00000000ce800000, 0x00000000ce800000| Untracked 
| 233|0x00000000ce900000, 0x00000000ce900000, 0x00000000cea00000|  0%| F|  |TAMS 0x00000000ce900000, 0x00000000ce900000| Untracked 
| 234|0x00000000cea00000, 0x00000000cea00000, 0x00000000ceb00000|  0%| F|  |TAMS 0x00000000cea00000, 0x00000000cea00000| Untracked 
| 235|0x00000000ceb00000, 0x00000000ceb00000, 0x00000000cec00000|  0%| F|  |TAMS 0x00000000ceb00000, 0x00000000ceb00000| Untracked 
| 236|0x00000000cec00000, 0x00000000cec00000, 0x00000000ced00000|  0%| F|  |TAMS 0x00000000cec00000, 0x00000000cec00000| Untracked 
| 237|0x00000000ced00000, 0x00000000ced00000, 0x00000000cee00000|  0%| F|  |TAMS 0x00000000ced00000, 0x00000000ced00000| Untracked 
| 238|0x00000000cee00000, 0x00000000cee00000, 0x00000000cef00000|  0%| F|  |TAMS 0x00000000cee00000, 0x00000000cee00000| Untracked 
| 239|0x00000000cef00000, 0x00000000cef00000, 0x00000000cf000000|  0%| F|  |TAMS 0x00000000cef00000, 0x00000000cef00000| Untracked 
| 240|0x00000000cf000000, 0x00000000cf000000, 0x00000000cf100000|  0%| F|  |TAMS 0x00000000cf000000, 0x00000000cf000000| Untracked 
| 241|0x00000000cf100000, 0x00000000cf100000, 0x00000000cf200000|  0%| F|  |TAMS 0x00000000cf100000, 0x00000000cf100000| Untracked 
| 242|0x00000000cf200000, 0x00000000cf200000, 0x00000000cf300000|  0%| F|  |TAMS 0x00000000cf200000, 0x00000000cf200000| Untracked 
| 243|0x00000000cf300000, 0x00000000cf300000, 0x00000000cf400000|  0%| F|  |TAMS 0x00000000cf300000, 0x00000000cf300000| Untracked 
| 244|0x00000000cf400000, 0x00000000cf400000, 0x00000000cf500000|  0%| F|  |TAMS 0x00000000cf400000, 0x00000000cf400000| Untracked 
| 245|0x00000000cf500000, 0x00000000cf500000, 0x00000000cf600000|  0%| F|  |TAMS 0x00000000cf500000, 0x00000000cf500000| Untracked 
| 246|0x00000000cf600000, 0x00000000cf600000, 0x00000000cf700000|  0%| F|  |TAMS 0x00000000cf600000, 0x00000000cf600000| Untracked 
| 247|0x00000000cf700000, 0x00000000cf700000, 0x00000000cf800000|  0%| F|  |TAMS 0x00000000cf700000, 0x00000000cf700000| Untracked 
| 248|0x00000000cf800000, 0x00000000cf800000, 0x00000000cf900000|  0%| F|  |TAMS 0x00000000cf800000, 0x00000000cf800000| Untracked 
| 249|0x00000000cf900000, 0x00000000cf900000, 0x00000000cfa00000|  0%| F|  |TAMS 0x00000000cf900000, 0x00000000cf900000| Untracked 
| 250|0x00000000cfa00000, 0x00000000cfa00000, 0x00000000cfb00000|  0%| F|  |TAMS 0x00000000cfa00000, 0x00000000cfa00000| Untracked 
| 251|0x00000000cfb00000, 0x00000000cfb00000, 0x00000000cfc00000|  0%| F|  |TAMS 0x00000000cfb00000, 0x00000000cfb00000| Untracked 
| 252|0x00000000cfc00000, 0x00000000cfc00000, 0x00000000cfd00000|  0%| F|  |TAMS 0x00000000cfc00000, 0x00000000cfc00000| Untracked 
| 253|0x00000000cfd00000, 0x00000000cfd00000, 0x00000000cfe00000|  0%| F|  |TAMS 0x00000000cfd00000, 0x00000000cfd00000| Untracked 
| 254|0x00000000cfe00000, 0x00000000cfe00000, 0x00000000cff00000|  0%| F|  |TAMS 0x00000000cfe00000, 0x00000000cfe00000| Untracked 
| 255|0x00000000cff00000, 0x00000000cff00000, 0x00000000d0000000|  0%| F|  |TAMS 0x00000000cff00000, 0x00000000cff00000| Untracked 
| 256|0x00000000d0000000, 0x00000000d0000000, 0x00000000d0100000|  0%| F|  |TAMS 0x00000000d0000000, 0x00000000d0000000| Untracked 
| 257|0x00000000d0100000, 0x00000000d0100000, 0x00000000d0200000|  0%| F|  |TAMS 0x00000000d0100000, 0x00000000d0100000| Untracked 
| 258|0x00000000d0200000, 0x00000000d0200000, 0x00000000d0300000|  0%| F|  |TAMS 0x00000000d0200000, 0x00000000d0200000| Untracked 
| 259|0x00000000d0300000, 0x00000000d0300000, 0x00000000d0400000|  0%| F|  |TAMS 0x00000000d0300000, 0x00000000d0300000| Untracked 
| 260|0x00000000d0400000, 0x00000000d0400000, 0x00000000d0500000|  0%| F|  |TAMS 0x00000000d0400000, 0x00000000d0400000| Untracked 
| 261|0x00000000d0500000, 0x00000000d0500000, 0x00000000d0600000|  0%| F|  |TAMS 0x00000000d0500000, 0x00000000d0500000| Untracked 
| 262|0x00000000d0600000, 0x00000000d0600000, 0x00000000d0700000|  0%| F|  |TAMS 0x00000000d0600000, 0x00000000d0600000| Untracked 
| 263|0x00000000d0700000, 0x00000000d0700000, 0x00000000d0800000|  0%| F|  |TAMS 0x00000000d0700000, 0x00000000d0700000| Untracked 
| 264|0x00000000d0800000, 0x00000000d0800000, 0x00000000d0900000|  0%| F|  |TAMS 0x00000000d0800000, 0x00000000d0800000| Untracked 
| 265|0x00000000d0900000, 0x00000000d0900000, 0x00000000d0a00000|  0%| F|  |TAMS 0x00000000d0900000, 0x00000000d0900000| Untracked 
| 266|0x00000000d0a00000, 0x00000000d0a00000, 0x00000000d0b00000|  0%| F|  |TAMS 0x00000000d0a00000, 0x00000000d0a00000| Untracked 
| 267|0x00000000d0b00000, 0x00000000d0b00000, 0x00000000d0c00000|  0%| F|  |TAMS 0x00000000d0b00000, 0x00000000d0b00000| Untracked 
| 268|0x00000000d0c00000, 0x00000000d0c00000, 0x00000000d0d00000|  0%| F|  |TAMS 0x00000000d0c00000, 0x00000000d0c00000| Untracked 
| 269|0x00000000d0d00000, 0x00000000d0d00000, 0x00000000d0e00000|  0%| F|  |TAMS 0x00000000d0d00000, 0x00000000d0d00000| Untracked 
| 270|0x00000000d0e00000, 0x00000000d0ece1a0, 0x00000000d0f00000| 80%| S|CS|TAMS 0x00000000d0e00000, 0x00000000d0e00000| Complete 
| 271|0x00000000d0f00000, 0x00000000d1000000, 0x00000000d1000000|100%| S|CS|TAMS 0x00000000d0f00000, 0x00000000d0f00000| Complete 
| 272|0x00000000d1000000, 0x00000000d1100000, 0x00000000d1100000|100%| S|CS|TAMS 0x00000000d1000000, 0x00000000d1000000| Complete 
| 273|0x00000000d1100000, 0x00000000d1200000, 0x00000000d1200000|100%| S|CS|TAMS 0x00000000d1100000, 0x00000000d1100000| Complete 
| 274|0x00000000d1200000, 0x00000000d1200000, 0x00000000d1300000|  0%| F|  |TAMS 0x00000000d1200000, 0x00000000d1200000| Untracked 
| 275|0x00000000d1300000, 0x00000000d1300000, 0x00000000d1400000|  0%| F|  |TAMS 0x00000000d1300000, 0x00000000d1300000| Untracked 
| 276|0x00000000d1400000, 0x00000000d14364f8, 0x00000000d1500000| 21%| E|  |TAMS 0x00000000d1400000, 0x00000000d1400000| Complete 
| 277|0x00000000d1500000, 0x00000000d1600000, 0x00000000d1600000|100%| E|CS|TAMS 0x00000000d1500000, 0x00000000d1500000| Complete 
| 278|0x00000000d1600000, 0x00000000d1700000, 0x00000000d1700000|100%| E|CS|TAMS 0x00000000d1600000, 0x00000000d1600000| Complete 
| 279|0x00000000d1700000, 0x00000000d1800000, 0x00000000d1800000|100%| E|CS|TAMS 0x00000000d1700000, 0x00000000d1700000| Complete 
| 280|0x00000000d1800000, 0x00000000d1900000, 0x00000000d1900000|100%| E|CS|TAMS 0x00000000d1800000, 0x00000000d1800000| Complete 
| 281|0x00000000d1900000, 0x00000000d1a00000, 0x00000000d1a00000|100%| E|CS|TAMS 0x00000000d1900000, 0x00000000d1900000| Complete 
| 282|0x00000000d1a00000, 0x00000000d1b00000, 0x00000000d1b00000|100%| E|CS|TAMS 0x00000000d1a00000, 0x00000000d1a00000| Complete 
| 283|0x00000000d1b00000, 0x00000000d1c00000, 0x00000000d1c00000|100%| E|CS|TAMS 0x00000000d1b00000, 0x00000000d1b00000| Complete 

Card table byte_map: [0x000002097d6f0000,0x000002097d8f0000] _byte_map_base: 0x000002097d0f0000

Marking Bits (Prev, Next): (CMBitMap*) 0x000002096621fba8, (CMBitMap*) 0x000002096621fbe8
 Prev Bits: [0x000002097daf0000, 0x000002097eaf0000)
 Next Bits: [0x000002097eaf0000, 0x000002097faf0000)

Polling page: 0x0000020963f80000

Metaspace:

Usage:
  Non-class:     75.59 MB capacity,    74.06 MB ( 98%) used,     1.29 MB (  2%) free+waste,   243.31 KB ( <1%) overhead. 
      Class:     12.16 MB capacity,    11.38 MB ( 94%) used,   689.84 KB (  6%) free+waste,   110.56 KB ( <1%) overhead. 
       Both:     87.75 MB capacity,    85.44 MB ( 97%) used,     1.96 MB (  2%) free+waste,   353.88 KB ( <1%) overhead. 

Virtual space:
  Non-class space:       76.00 MB reserved,      75.67 MB (>99%) committed 
      Class space:        1.00 GB reserved,      12.25 MB (  1%) committed 
             Both:        1.07 GB reserved,      87.92 MB (  8%) committed 

Chunk freelists:
   Non-Class:  22.00 KB
       Class:  0 bytes
        Both:  22.00 KB

MaxMetaspaceSize: 17179869184.00 GB
CompressedClassSpaceSize: 1.00 GB

CodeHeap 'non-profiled nmethods': size=120064Kb used=6577Kb max_used=6577Kb free=113486Kb
 bounds [0x00000209761b0000, 0x0000020976840000, 0x000002097d6f0000]
CodeHeap 'profiled nmethods': size=120000Kb used=24402Kb max_used=24625Kb free=95597Kb
 bounds [0x000002096ec80000, 0x00000209704c0000, 0x00000209761b0000]
CodeHeap 'non-nmethods': size=5696Kb used=2431Kb max_used=2495Kb free=3264Kb
 bounds [0x000002096e6f0000, 0x000002096e980000, 0x000002096ec80000]
 total_blobs=17194 nmethods=10458 adapters=838
 compilation: enabled
              stopped_count=0, restarted_count=0
 full_count=0

Compilation events (20 events):
Event: 131.585 Thread 0x000002097fe8c800 nmethod 12615 0x0000020976323990 code [0x0000020976323b20, 0x0000020976323c18]
Event: 131.590 Thread 0x000002097fe90800 12616       3       com.android.tools.r8.code.D2::a (11 bytes)
Event: 131.590 Thread 0x000002097fe90800 nmethod 12616 0x000002096f30fb10 code [0x000002096f30fcc0, 0x000002096f30ff10]
Event: 131.591 Thread 0x000002097fe90800 12617       3       com.android.tools.r8.graph.w::collectIndexedItems (32 bytes)
Event: 131.591 Thread 0x000002097fe90800 nmethod 12617 0x000002096fa62c90 code [0x000002096fa62e60, 0x000002096fa63200]
Event: 131.592 Thread 0x000002097fe90800 12618       3       com.android.tools.r8.dex.P$g::getRenamedName (9 bytes)
Event: 131.592 Thread 0x000002097fe90800 nmethod 12618 0x000002096edf1590 code [0x000002096edf1740, 0x000002096edf1990]
Event: 131.593 Thread 0x000002097fe90800 12619       3       com.android.tools.r8.code.i2::a (1 bytes)
Event: 131.593 Thread 0x000002097fe90800 nmethod 12619 0x00000209700a9f10 code [0x00000209700aa0a0, 0x00000209700aa218]
Event: 131.593 Thread 0x000002097fe90800 12620       3       com.android.tools.r8.code.a3::a (1 bytes)
Event: 131.594 Thread 0x000002097fe90800 nmethod 12620 0x00000209700e9890 code [0x00000209700e9a20, 0x00000209700e9b98]
Event: 131.594 Thread 0x000002097fe90800 12621       3       com.android.tools.r8.code.a0::a (11 bytes)
Event: 131.594 Thread 0x000002097fe90800 nmethod 12621 0x000002096edf0e90 code [0x000002096edf1040, 0x000002096edf1290]
Event: 131.594 Thread 0x000002097fe90800 12622       3       com.android.tools.r8.code.a0::d (2 bytes)
Event: 131.594 Thread 0x000002097fe90800 nmethod 12622 0x0000020970181290 code [0x0000020970181420, 0x0000020970181598]
Event: 131.595 Thread 0x000002097fe90800 12623       3       com.android.tools.r8.graph.u::collectIndexedItems (22 bytes)
Event: 131.596 Thread 0x000002097fe90800 nmethod 12623 0x000002096fd02610 code [0x000002096fd02820, 0x000002096fd02ee0]
Event: 131.596 Thread 0x000002097fe8c800 12624       4       java.util.stream.Sink$ChainedReference::end (10 bytes)
Event: 131.597 Thread 0x000002097fe8c800 nmethod 12624 0x0000020976323690 code [0x0000020976323820, 0x00000209763238b8]
Event: 131.602 Thread 0x000002097fe8c800 12625       4       com.android.tools.r8.dex.P$g::addString (20 bytes)

GC Heap History (20 events):
Event: 115.628 GC heap before
{Heap before GC invocations=75 (full 0):
 garbage-first heap   total 178176K, used 163910K [0x00000000c0000000, 0x0000000100000000)
  region size 1024K, 35 young (35840K), 3 survivors (3072K)
 Metaspace       used 86149K, capacity 88483K, committed 88752K, reserved 1126400K
  class space    used 11453K, capacity 12237K, committed 12288K, reserved 1048576K
}
Event: 115.653 GC heap after
{Heap after GC invocations=76 (full 0):
 garbage-first heap   total 178176K, used 124836K [0x00000000c0000000, 0x0000000100000000)
  region size 1024K, 5 young (5120K), 5 survivors (5120K)
 Metaspace       used 86149K, capacity 88483K, committed 88752K, reserved 1126400K
  class space    used 11453K, capacity 12237K, committed 12288K, reserved 1048576K
}
Event: 115.830 GC heap before
{Heap before GC invocations=76 (full 0):
 garbage-first heap   total 178176K, used 126884K [0x00000000c0000000, 0x0000000100000000)
  region size 1024K, 8 young (8192K), 5 survivors (5120K)
 Metaspace       used 86240K, capacity 88618K, committed 88752K, reserved 1126400K
  class space    used 11459K, capacity 12239K, committed 12288K, reserved 1048576K
}
Event: 115.885 GC heap after
{Heap after GC invocations=77 (full 0):
 garbage-first heap   total 178176K, used 115659K [0x00000000c0000000, 0x0000000100000000)
  region size 1024K, 1 young (1024K), 1 survivors (1024K)
 Metaspace       used 86240K, capacity 88618K, committed 88752K, reserved 1126400K
  class space    used 11459K, capacity 12239K, committed 12288K, reserved 1048576K
}
Event: 116.345 GC heap before
{Heap before GC invocations=77 (full 0):
 garbage-first heap   total 178176K, used 126923K [0x00000000c0000000, 0x0000000100000000)
  region size 1024K, 14 young (14336K), 1 survivors (1024K)
 Metaspace       used 86255K, capacity 88618K, committed 88752K, reserved 1126400K
  class space    used 11459K, capacity 12239K, committed 12288K, reserved 1048576K
}
Event: 116.395 GC heap after
{Heap after GC invocations=78 (full 0):
 garbage-first heap   total 178176K, used 121856K [0x00000000c0000000, 0x0000000100000000)
  region size 1024K, 4 young (4096K), 4 survivors (4096K)
 Metaspace       used 86255K, capacity 88618K, committed 88752K, reserved 1126400K
  class space    used 11459K, capacity 12239K, committed 12288K, reserved 1048576K
}
Event: 116.959 GC heap before
{Heap before GC invocations=79 (full 0):
 garbage-first heap   total 204800K, used 123904K [0x00000000c0000000, 0x0000000100000000)
  region size 1024K, 8 young (8192K), 4 survivors (4096K)
 Metaspace       used 86255K, capacity 88618K, committed 88752K, reserved 1126400K
  class space    used 11459K, capacity 12239K, committed 12288K, reserved 1048576K
}
Event: 116.999 GC heap after
{Heap after GC invocations=80 (full 0):
 garbage-first heap   total 204800K, used 123179K [0x00000000c0000000, 0x0000000100000000)
  region size 1024K, 3 young (3072K), 3 survivors (3072K)
 Metaspace       used 86255K, capacity 88618K, committed 88752K, reserved 1126400K
  class space    used 11459K, capacity 12239K, committed 12288K, reserved 1048576K
}
Event: 117.937 GC heap before
{Heap before GC invocations=81 (full 0):
 garbage-first heap   total 217088K, used 144683K [0x00000000c0000000, 0x0000000100000000)
  region size 1024K, 24 young (24576K), 3 survivors (3072K)
 Metaspace       used 86271K, capacity 88619K, committed 88752K, reserved 1126400K
  class space    used 11459K, capacity 12239K, committed 12288K, reserved 1048576K
}
Event: 118.017 GC heap after
{Heap after GC invocations=82 (full 0):
 garbage-first heap   total 217088K, used 133120K [0x00000000c0000000, 0x0000000100000000)
  region size 1024K, 4 young (4096K), 4 survivors (4096K)
 Metaspace       used 86271K, capacity 88619K, committed 88752K, reserved 1126400K
  class space    used 11459K, capacity 12239K, committed 12288K, reserved 1048576K
}
Event: 120.288 GC heap before
{Heap before GC invocations=83 (full 0):
 garbage-first heap   total 240640K, used 159744K [0x00000000c0000000, 0x0000000100000000)
  region size 1024K, 29 young (29696K), 4 survivors (4096K)
 Metaspace       used 87270K, capacity 89639K, committed 89776K, reserved 1126400K
  class space    used 11647K, capacity 12448K, committed 12544K, reserved 1048576K
}
Event: 120.441 GC heap after
{Heap after GC invocations=84 (full 0):
 garbage-first heap   total 240640K, used 146944K [0x00000000c0000000, 0x0000000100000000)
  region size 1024K, 4 young (4096K), 4 survivors (4096K)
 Metaspace       used 87270K, capacity 89639K, committed 89776K, reserved 1126400K
  class space    used 11647K, capacity 12448K, committed 12544K, reserved 1048576K
}
Event: 121.584 GC heap before
{Heap before GC invocations=84 (full 0):
 garbage-first heap   total 240640K, used 176640K [0x00000000c0000000, 0x0000000100000000)
  region size 1024K, 33 young (33792K), 4 survivors (4096K)
 Metaspace       used 87333K, capacity 89703K, committed 90032K, reserved 1126400K
  class space    used 11647K, capacity 12448K, committed 12544K, reserved 1048576K
}
Event: 121.746 GC heap after
{Heap after GC invocations=85 (full 0):
 garbage-first heap   total 240640K, used 164352K [0x00000000c0000000, 0x0000000100000000)
  region size 1024K, 5 young (5120K), 5 survivors (5120K)
 Metaspace       used 87333K, capacity 89703K, committed 90032K, reserved 1126400K
  class space    used 11647K, capacity 12448K, committed 12544K, reserved 1048576K
}
Event: 126.452 GC heap before
{Heap before GC invocations=86 (full 0):
 garbage-first heap   total 276480K, used 172544K [0x00000000c0000000, 0x0000000100000000)
  region size 1024K, 14 young (14336K), 5 survivors (5120K)
 Metaspace       used 87346K, capacity 89715K, committed 90032K, reserved 1126400K
  class space    used 11648K, capacity 12450K, committed 12544K, reserved 1048576K
}
Event: 126.535 GC heap after
{Heap after GC invocations=87 (full 0):
 garbage-first heap   total 276480K, used 170496K [0x00000000c0000000, 0x0000000100000000)
  region size 1024K, 4 young (4096K), 4 survivors (4096K)
 Metaspace       used 87346K, capacity 89715K, committed 90032K, reserved 1126400K
  class space    used 11648K, capacity 12450K, committed 12544K, reserved 1048576K
}
Event: 130.377 GC heap before
{Heap before GC invocations=88 (full 0):
 garbage-first heap   total 290816K, used 200192K [0x00000000c0000000, 0x0000000100000000)
  region size 1024K, 32 young (32768K), 4 survivors (4096K)
 Metaspace       used 87419K, capacity 89784K, committed 90032K, reserved 1126400K
  class space    used 11649K, capacity 12450K, committed 12544K, reserved 1048576K
}
Event: 130.506 GC heap after
{Heap after GC invocations=89 (full 0):
 garbage-first heap   total 290816K, used 189440K [0x00000000c0000000, 0x0000000100000000)
  region size 1024K, 4 young (4096K), 4 survivors (4096K)
 Metaspace       used 87419K, capacity 89784K, committed 90032K, reserved 1126400K
  class space    used 11649K, capacity 12450K, committed 12544K, reserved 1048576K
}
Event: 130.906 GC heap before
{Heap before GC invocations=89 (full 0):
 garbage-first heap   total 290816K, used 198656K [0x00000000c0000000, 0x0000000100000000)
  region size 1024K, 14 young (14336K), 4 survivors (4096K)
 Metaspace       used 87420K, capacity 89784K, committed 90032K, reserved 1126400K
  class space    used 11649K, capacity 12450K, committed 12544K, reserved 1048576K
}
Event: 130.991 GC heap after
{Heap after GC invocations=90 (full 0):
 garbage-first heap   total 290816K, used 193848K [0x00000000c0000000, 0x0000000100000000)
  region size 1024K, 4 young (4096K), 4 survivors (4096K)
 Metaspace       used 87420K, capacity 89784K, committed 90032K, reserved 1126400K
  class space    used 11649K, capacity 12450K, committed 12544K, reserved 1048576K
}

Deoptimization events (20 events):
Event: 130.752 Thread 0x00000209052bc800 DEOPT PACKING pc=0x000002097002daad sp=0x00000031deefeb70
Event: 130.752 Thread 0x00000209052bc800 DEOPT UNPACKING pc=0x000002096e73994e sp=0x00000031deefe020 mode 0
Event: 130.764 Thread 0x00000209052bc800 DEOPT PACKING pc=0x000002096f676eff sp=0x00000031deefe910
Event: 130.764 Thread 0x00000209052bc800 DEOPT UNPACKING pc=0x000002096e73994e sp=0x00000031deefdd98 mode 0
Event: 130.764 Thread 0x00000209052bc800 DEOPT PACKING pc=0x000002096f4128da sp=0x00000031deefe8e0
Event: 130.764 Thread 0x00000209052bc800 DEOPT UNPACKING pc=0x000002096e73994e sp=0x00000031deefdda0 mode 0
Event: 130.764 Thread 0x00000209052bc800 DEOPT PACKING pc=0x0000020970106f5d sp=0x00000031deefe950
Event: 130.764 Thread 0x00000209052bc800 DEOPT UNPACKING pc=0x000002096e73994e sp=0x00000031deefdf08 mode 0
Event: 131.139 Thread 0x00000209052bd800 Uncommon trap: trap_request=0xffffff45 fr.pc=0x0000020976799894 relative=0x0000000000000414
Event: 131.139 Thread 0x00000209052bd800 Uncommon trap: reason=unstable_if action=reinterpret pc=0x0000020976799894 method=com.android.tools.r8.s.a.b.m.a.d()I @ 396 c2
Event: 131.139 Thread 0x00000209052bd800 DEOPT PACKING pc=0x0000020976799894 sp=0x00000031dbafd670
Event: 131.139 Thread 0x00000209052bd800 DEOPT UNPACKING pc=0x000002096e73942f sp=0x00000031dbafd5a0 mode 2
Event: 131.139 Thread 0x00000209052bd800 Uncommon trap: trap_request=0xffffff45 fr.pc=0x0000020976799138 relative=0x0000000000000098
Event: 131.139 Thread 0x00000209052bd800 Uncommon trap: reason=unstable_if action=reinterpret pc=0x0000020976799138 method=com.android.tools.r8.s.a.b.m.a.p()Lcom/android/tools/r8/s/a/b/m/b; @ 15 c2
Event: 131.139 Thread 0x00000209052bd800 DEOPT PACKING pc=0x0000020976799138 sp=0x00000031dbafd6a0
Event: 131.139 Thread 0x00000209052bd800 DEOPT UNPACKING pc=0x000002096e73942f sp=0x00000031dbafd620 mode 2
Event: 131.510 Thread 0x00000209052bd800 Uncommon trap: trap_request=0xffffffe4 fr.pc=0x000002097679bc98 relative=0x0000000000000278
Event: 131.510 Thread 0x00000209052bd800 Uncommon trap: reason=range_check action=make_not_entrant pc=0x000002097679bc98 method=com.android.tools.r8.graph.e0.c(Lcom/android/tools/r8/graph/e0;)I @ 23 c2
Event: 131.510 Thread 0x00000209052bd800 DEOPT PACKING pc=0x000002097679bc98 sp=0x00000031dbafd450
Event: 131.510 Thread 0x00000209052bd800 DEOPT UNPACKING pc=0x000002096e73942f sp=0x00000031dbafd3d8 mode 2

Classes unloaded (11 events):
Event: 69.412 Thread 0x00000209662bc800 Unloading class 0x000000080149b040 'org/gradle/api/internal/artifacts/transform/TransformationNode$ChainedTransformationNode$1$$Lambda$591'
Event: 69.412 Thread 0x00000209662bc800 Unloading class 0x000000080149c840 'org/gradle/execution/plan/DefaultPlanExecutor$ExecutorWorker$$Lambda$585'
Event: 69.412 Thread 0x00000209662bc800 Unloading class 0x000000080149d440 'org/gradle/api/internal/artifacts/transform/TransformationNode$ArtifactTransformationStepBuildOperation$$Lambda$583'
Event: 69.412 Thread 0x00000209662bc800 Unloading class 0x000000080149d840 'org/gradle/api/internal/artifacts/transform/DefaultTransformerInvocationFactory$2$$Lambda$581'
Event: 69.412 Thread 0x00000209662bc800 Unloading class 0x000000080149e040 'org/gradle/api/internal/artifacts/transform/DefaultTransformerInvocationFactory$2$$Lambda$579'
Event: 69.412 Thread 0x00000209662bc800 Unloading class 0x000000080149ec40 'org/gradle/internal/execution/steps/SkipUpToDateStep$$Lambda$578'
Event: 69.412 Thread 0x00000209662bc800 Unloading class 0x000000080149f040 'org/gradle/internal/execution/steps/SkipUpToDateStep$$Lambda$575'
Event: 69.412 Thread 0x00000209662bc800 Unloading class 0x000000080149f840 'org/gradle/internal/execution/steps/ResolveChangesStep$$Lambda$574'
Event: 69.412 Thread 0x00000209662bc800 Unloading class 0x0000000801484840 'org/gradle/api/internal/artifacts/transform/DefaultTransformerInvocationFactory$$Lambda$549'
Event: 69.412 Thread 0x00000209662bc800 Unloading class 0x0000000801486c40 'java/lang/invoke/LambdaForm$DMH'
Event: 105.098 Thread 0x00000209662bc800 Unloading class 0x00000008014dc040 'org/gradle/api/internal/tasks/compile/incremental/classpath/DefaultClasspathEntrySnapshotCache$$Lambda$663'

Classes redefined (0 events):
No events

Internal exceptions (20 events):
Event: 103.604 Thread 0x0000020902b4b800 Exception <a 'sun/nio/fs/WindowsException'{0x00000000c8dc8eb8}> (0x00000000c8dc8eb8) 
thrown [t:/workspace/open/src/hotspot/share/prims/jni.cpp, line 598]
Event: 103.628 Thread 0x0000020902b4b800 Exception <a 'sun/nio/fs/WindowsException'{0x00000000c8dddbe8}> (0x00000000c8dddbe8) 
thrown [t:/workspace/open/src/hotspot/share/prims/jni.cpp, line 598]
Event: 103.785 Thread 0x0000020902b4b800 Exception <a 'java/lang/NoSuchMethodError'{0x00000000c8c95b18}: 'int java.lang.invoke.DirectMethodHandle$Holder.invokeStaticInit(java.lang.Object)'> (0x00000000c8c95b18) 
thrown [t:/workspace/open/src/hotspot/share/interpreter/linkResolver.cpp, line 767]
Event: 103.992 Thread 0x0000020903ba0800 Exception <a 'java/lang/NoSuchMethodError'{0x00000000c8a5dc28}: static Lorg/gradle/internal/build/event/types/DefaultJavaCompileTaskSuccessResult;.<clinit>()V> (0x00000000c8a5dc28) 
thrown [t:/workspace/open/src/hotspot/share/prims/jni.cpp, line 1347]
Event: 107.632 Thread 0x0000020902b4b800 Exception <a 'java/lang/NoSuchMethodError'{0x00000000ca616f60}: static Lcom/android/build/gradle/internal/tasks/DexArchiveBuilderTaskDelegate$ClasspathServiceKey;.<clinit>()V> (0x00000000ca616f60) 
thrown [t:/workspace/open/src/hotspot/share/prims/jni.cpp, line 1347]
Event: 108.104 Thread 0x00000209052bd800 Exception <a 'sun/nio/fs/WindowsException'{0x00000000ca25a120}> (0x00000000ca25a120) 
thrown [t:/workspace/open/src/hotspot/share/prims/jni.cpp, line 598]
Event: 109.021 Thread 0x00000209052bd800 Exception <a 'java/lang/NoSuchMethodError'{0x00000000c9e8dc78}: 'java.lang.Object java.lang.invoke.DirectMethodHandle$Holder.invokeStatic(java.lang.Object, java.lang.Object, java.lang.Object, java.lang.Object, java.lang.Object, java.lang.Object, java.lang.Object, java.lang.Object, java.lang.Object, java.lang.Object, java.lang.Object, java.lang.Object, java.lang.Object, java.lang.Object, java.lang.Object, java.lang.Object, java.lang.Object, int, java.lang.Object)'> (0x00000000c9e8dc78) 
thrown [t:/workspace
Event: 109.022 Thread 0x00000209052bd800 Exception <a 'java/lang/NoSuchMethodError'{0x00000000c9e928e0}: 'java.lang.Object java.lang.invoke.DirectMethodHandle$Holder.invokeStaticInit(java.lang.Object, java.lang.Object, java.lang.Object, java.lang.Object, java.lang.Object, java.lang.Object, java.lang.Object, java.lang.Object, java.lang.Object, java.lang.Object, java.lang.Object, java.lang.Object, java.lang.Object, java.lang.Object, java.lang.Object, java.lang.Object, java.lang.Object, int, java.lang.Object)'> (0x00000000c9e928e0) 
thrown [t:/works
Event: 109.778 Thread 0x00000209052bd800 Exception <a 'java/lang/NoSuchMethodError'{0x00000000c9999318}: 'long java.lang.invoke.DirectMethodHandle$Holder.invokeStatic(java.lang.Object, java.lang.Object)'> (0x00000000c9999318) 
thrown [t:/workspace/open/src/hotspot/share/interpreter/linkResolver.cpp, line 767]
Event: 109.783 Thread 0x00000209052bd800 Exception <a 'java/lang/NoSuchMethodError'{0x00000000c99a6bf8}: 'void java.lang.invoke.DirectMethodHandle$Holder.invokeSpecial(java.lang.Object, java.lang.Object, int, java.lang.Object)'> (0x00000000c99a6bf8) 
thrown [t:/workspace/open/src/hotspot/share/interpreter/linkResolver.cpp, line 767]
Event: 110.161 Thread 0x00000209052bd800 Exception <a 'java/lang/NoSuchMethodError'{0x00000000c9693320}: 'java.lang.Object java.lang.invoke.DirectMethodHandle$Holder.invokeVirtual(java.lang.Object, java.lang.Object, int, java.lang.Object)'> (0x00000000c9693320) 
thrown [t:/workspace/open/src/hotspot/share/interpreter/linkResolver.cpp, line 767]
Event: 110.261 Thread 0x00000209052bd800 Exception <a 'java/lang/NoSuchMethodError'{0x00000000c9569dc8}: 'void java.lang.invoke.DirectMethodHandle$Holder.invokeVirtual(java.lang.Object, java.lang.Object, int, java.lang.Object)'> (0x00000000c9569dc8) 
thrown [t:/workspace/open/src/hotspot/share/interpreter/linkResolver.cpp, line 767]
Event: 110.647 Thread 0x00000209052bd800 Exception <a 'java/lang/NoSuchMethodError'{0x00000000c937cfb8}: 'java.lang.Object java.lang.invoke.DirectMethodHandle$Holder.newInvokeSpecial(java.lang.Object, int)'> (0x00000000c937cfb8) 
thrown [t:/workspace/open/src/hotspot/share/interpreter/linkResolver.cpp, line 767]
Event: 111.671 Thread 0x00000209052bd800 Exception <a 'java/lang/NoSuchMethodError'{0x00000000c8ceac88}: 'void java.lang.invoke.DirectMethodHandle$Holder.invokeVirtual(java.lang.Object, java.lang.Object, int)'> (0x00000000c8ceac88) 
thrown [t:/workspace/open/src/hotspot/share/interpreter/linkResolver.cpp, line 767]
Event: 111.789 Thread 0x00000209052bd800 Exception <a 'sun/nio/fs/WindowsException'{0x00000000c8b4d7f8}> (0x00000000c8b4d7f8) 
thrown [t:/workspace/open/src/hotspot/share/prims/jni.cpp, line 598]
Event: 113.876 Thread 0x0000020902b4b800 Exception <a 'java/lang/NoSuchMethodError'{0x00000000ca047900}: static Lcom/android/build/gradle/internal/tasks/Workers$ActionParameters;.<clinit>()V> (0x00000000ca047900) 
thrown [t:/workspace/open/src/hotspot/share/prims/jni.cpp, line 1347]
Event: 113.879 Thread 0x0000020902b4b800 Exception <a 'java/lang/NoSuchMethodError'{0x00000000ca05ed28}: static Lcom/android/build/gradle/internal/tasks/DexMergingParams;.<clinit>()V> (0x00000000ca05ed28) 
thrown [t:/workspace/open/src/hotspot/share/prims/jni.cpp, line 1347]
Event: 115.529 Thread 0x00000209052bd800 Exception <a 'sun/nio/fs/WindowsException'{0x00000000c92f8f88}> (0x00000000c92f8f88) 
thrown [t:/workspace/open/src/hotspot/share/prims/jni.cpp, line 598]
Event: 118.353 Thread 0x00000209052c0800 Implicit null exception at 0x000002097622962f to 0x0000020976229722
Event: 118.362 Thread 0x00000209052c0800 Exception <a 'java/lang/NoSuchMethodError'{0x00000000cca504b0}: 'long java.lang.invoke.DirectMethodHandle$Holder.invokeStatic(java.lang.Object, java.lang.Object, java.lang.Object)'> (0x00000000cca504b0) 
thrown [t:/workspace/open/src/hotspot/share/interpreter/linkResolver.cpp, line 767]

Events (20 events):
Event: 127.287 Executing VM operation: G1Concurrent done
Event: 127.606 Executing VM operation: G1Concurrent
Event: 127.607 Executing VM operation: G1Concurrent done
Event: 130.159 loading class java/util/concurrent/ForkJoinTask$AdaptedCallable
Event: 130.277 loading class java/util/concurrent/ForkJoinTask$AdaptedCallable done
Event: 130.366 Executing VM operation: RevokeBias
Event: 130.377 Executing VM operation: RevokeBias done
Event: 130.377 Executing VM operation: G1CollectForAllocation
Event: 130.571 Executing VM operation: G1CollectForAllocation done
Event: 130.905 Executing VM operation: G1CollectForAllocation
Event: 131.033 Executing VM operation: G1CollectForAllocation done
Event: 131.143 Executing VM operation: RevokeBias
Event: 131.143 Executing VM operation: RevokeBias done
Event: 131.368 Executing VM operation: BulkRevokeBias
Event: 131.370 Executing VM operation: BulkRevokeBias done
Event: 131.375 loading class com/android/tools/r8/naming/b
Event: 131.375 loading class com/android/tools/r8/naming/b done
Event: 131.399 loading class com/android/tools/r8/graph/b0
Event: 131.399 loading class com/android/tools/r8/graph/b0 done
Event: 131.710 Executing VM operation: G1Concurrent


Dynamic libraries:
0x00007ff71f230000 - 0x00007ff71f23f000 	C:\Program Files\Java\jdk-13.0.2\bin\java.exe
0x00007ffd3a0f0000 - 0x00007ffd3a2dd000 	C:\Windows\SYSTEM32\ntdll.dll
0x00007ffd39cf0000 - 0x00007ffd39da3000 	C:\Windows\System32\KERNEL32.DLL
0x00007ffd36c30000 - 0x00007ffd36ec5000 	C:\Windows\System32\KERNELBASE.dll
0x00007ffd26b90000 - 0x00007ffd26ba8000 	C:\Program Files\Java\jdk-13.0.2\bin\jli.dll
0x00007ffd381d0000 - 0x00007ffd38273000 	C:\Windows\System32\ADVAPI32.dll
0x00007ffd37a60000 - 0x00007ffd37afe000 	C:\Windows\System32\msvcrt.dll
0x00007ffd382f0000 - 0x00007ffd3838e000 	C:\Windows\System32\sechost.dll
0x00007ffd37930000 - 0x00007ffd37a52000 	C:\Windows\System32\RPCRT4.dll
0x00007ffd38390000 - 0x00007ffd38527000 	C:\Windows\System32\USER32.dll
0x00007ffd362d0000 - 0x00007ffd362f0000 	C:\Windows\System32\win32u.dll
0x00007ffd39db0000 - 0x00007ffd39dd9000 	C:\Windows\System32\GDI32.dll
0x00007ffd36320000 - 0x00007ffd364b9000 	C:\Windows\System32\gdi32full.dll
0x00007ffd36230000 - 0x00007ffd362d0000 	C:\Windows\System32\msvcp_win.dll
0x0000020964120000 - 0x000002096421a000 	C:\Windows\System32\ucrtbase.dll
0x00007ffd26b70000 - 0x00007ffd26b85000 	C:\Program Files\Java\jdk-13.0.2\bin\VCRUNTIME140.dll
0x00007ffd1a0e0000 - 0x00007ffd1a359000 	C:\Windows\WinSxS\amd64_microsoft.windows.common-controls_6595b64144ccf1df_6.0.17763.1217_none_de6e4304534e0ad3\COMCTL32.dll
0x00007ffd37b90000 - 0x00007ffd37ebc000 	C:\Windows\System32\combase.dll
0x00007ffd361b0000 - 0x00007ffd3622e000 	C:\Windows\System32\bcryptPrimitives.dll
0x00007ffd31110000 - 0x00007ffd3111a000 	C:\Windows\SYSTEM32\VERSION.dll
0x00007ffd37b60000 - 0x00007ffd37b8e000 	C:\Windows\System32\IMM32.DLL
0x00007ffd175f0000 - 0x00007ffd1768b000 	C:\Program Files\Java\jdk-13.0.2\bin\msvcp140.dll
0x00007ffcfd410000 - 0x00007ffcfdf6d000 	C:\Program Files\Java\jdk-13.0.2\bin\server\jvm.dll
0x00007ffd39ce0000 - 0x00007ffd39ce8000 	C:\Windows\System32\PSAPI.DLL
0x00007ffd32910000 - 0x00007ffd32919000 	C:\Windows\SYSTEM32\WSOCK32.dll
0x00007ffd38280000 - 0x00007ffd382ed000 	C:\Windows\System32\WS2_32.dll
0x00007ffd341d0000 - 0x00007ffd341f4000 	C:\Windows\SYSTEM32\WINMM.dll
0x00007ffd341a0000 - 0x00007ffd341cd000 	C:\Windows\SYSTEM32\WINMMBASE.dll
0x00007ffd36fd0000 - 0x00007ffd3701a000 	C:\Windows\System32\cfgmgr32.dll
0x00007ffd36140000 - 0x00007ffd36151000 	C:\Windows\System32\kernel.appcore.dll
0x00007ffd2f160000 - 0x00007ffd2f170000 	C:\Program Files\Java\jdk-13.0.2\bin\verify.dll
0x00007ffd26870000 - 0x00007ffd26a5d000 	C:\Windows\SYSTEM32\DBGHELP.DLL
0x00007ffd26840000 - 0x00007ffd2686a000 	C:\Windows\SYSTEM32\dbgcore.DLL
0x00007ffd175c0000 - 0x00007ffd175e6000 	C:\Program Files\Java\jdk-13.0.2\bin\java.dll
0x00007ffd17580000 - 0x00007ffd17597000 	C:\Program Files\Java\jdk-13.0.2\bin\zip.dll
0x00007ffd28790000 - 0x00007ffd2879a000 	C:\Program Files\Java\jdk-13.0.2\bin\jimage.dll
0x00007ffd387e0000 - 0x00007ffd39cd4000 	C:\Windows\System32\SHELL32.dll
0x00007ffd37f30000 - 0x00007ffd37fd8000 	C:\Windows\System32\shcore.dll
0x00007ffd364e0000 - 0x00007ffd36c2e000 	C:\Windows\System32\windows.storage.dll
0x00007ffd36180000 - 0x00007ffd361a4000 	C:\Windows\System32\profapi.dll
0x00007ffd360e0000 - 0x00007ffd3613d000 	C:\Windows\System32\powrprof.dll
0x00007ffd38550000 - 0x00007ffd385a2000 	C:\Windows\System32\shlwapi.dll
0x00007ffd364c0000 - 0x00007ffd364d7000 	C:\Windows\System32\cryptsp.dll
0x00007ffd17410000 - 0x00007ffd17429000 	C:\Program Files\Java\jdk-13.0.2\bin\net.dll
0x00007ffd29b70000 - 0x00007ffd29c62000 	C:\Windows\SYSTEM32\WINHTTP.dll
0x00007ffd35900000 - 0x00007ffd35967000 	C:\Windows\system32\mswsock.dll
0x00007ffd14da0000 - 0x00007ffd14db3000 	C:\Program Files\Java\jdk-13.0.2\bin\nio.dll
0x00007ffd14c40000 - 0x00007ffd14c66000 	C:\Users\ELCOT\.gradle\caches\gradle-6.5\native\31\windows-amd64\native-platform.dll
0x00007ffd19670000 - 0x00007ffd19679000 	C:\Program Files\Java\jdk-13.0.2\bin\management.dll
0x00007ffd17a90000 - 0x00007ffd17a9b000 	C:\Program Files\Java\jdk-13.0.2\bin\management_ext.dll
0x00007ffd35490000 - 0x00007ffd354c3000 	C:\Windows\system32\rsaenh.dll
0x00007ffd362f0000 - 0x00007ffd36316000 	C:\Windows\System32\bcrypt.dll
0x00007ffd36010000 - 0x00007ffd36038000 	C:\Windows\SYSTEM32\USERENV.dll
0x00007ffd35a80000 - 0x00007ffd35a8c000 	C:\Windows\SYSTEM32\CRYPTBASE.dll
0x00007ffd35630000 - 0x00007ffd3566d000 	C:\Windows\SYSTEM32\IPHLPAPI.DLL
0x00007ffd37ec0000 - 0x00007ffd37ec8000 	C:\Windows\System32\NSI.dll
0x00007ffd2dcc0000 - 0x00007ffd2dcd6000 	C:\Windows\SYSTEM32\dhcpcsvc6.DLL
0x00007ffd2dca0000 - 0x00007ffd2dcbc000 	C:\Windows\SYSTEM32\dhcpcsvc.DLL
0x00007ffd35670000 - 0x00007ffd35737000 	C:\Windows\SYSTEM32\DNSAPI.dll
0x00007ffd074b0000 - 0x00007ffd074d5000 	C:\Program Files\Java\jdk-13.0.2\bin\sunec.dll
0x00007ffd29b60000 - 0x00007ffd29b6a000 	C:\Windows\System32\rasadhlp.dll
0x00007ffd29de0000 - 0x00007ffd29e59000 	C:\Windows\System32\fwpuclnt.dll
0x00007ffd175b0000 - 0x00007ffd175be000 	C:\Program Files\Java\jdk-13.0.2\bin\sunmscapi.dll
0x00007ffd37080000 - 0x00007ffd3725c000 	C:\Windows\System32\CRYPT32.dll
0x00007ffd36160000 - 0x00007ffd36172000 	C:\Windows\System32\MSASN1.dll
0x00007ffd35b80000 - 0x00007ffd35ba6000 	C:\Windows\SYSTEM32\ncrypt.dll
0x00007ffd35b40000 - 0x00007ffd35b7c000 	C:\Windows\SYSTEM32\NTASN1.dll

dbghelp: loaded successfully - version: 4.0.5 - missing functions: none
symbol engine: initialized successfully - sym options: 0x614 - pdb path: .;C:\Program Files\Java\jdk-13.0.2\bin;C:\Windows\SYSTEM32;C:\Windows\WinSxS\amd64_microsoft.windows.common-controls_6595b64144ccf1df_6.0.17763.1217_none_de6e4304534e0ad3;C:\Program Files\Java\jdk-13.0.2\bin\server;C:\Users\ELCOT\.gradle\caches\gradle-6.5\native\31\windows-amd64

VM Arguments:
jvm_args: --add-opens=java.base/java.util=ALL-UNNAMED --add-opens=java.base/java.lang=ALL-UNNAMED --add-opens=java.base/java.lang.invoke=ALL-UNNAMED --add-opens=java.prefs/java.util.prefs=ALL-UNNAMED -Xmx1024m -Dfile.encoding=windows-1252 -Duser.country=IN -Duser.language=en -Duser.variant 
java_command: org.gradle.launcher.daemon.bootstrap.GradleDaemon 6.1.1
java_class_path (initial): C:\Users\ELCOT\.gradle\caches\gradle-6.5\wrapper\dists\gradle-6.1.1-all\cfmwm155h49vnt3hynmlrsdst\gradle-6.1.1\lib\gradle-launcher-6.1.1.jar
Launcher Type: SUN_STANDARD

[Global flags]
     intx CICompilerCount                          = 2                                         {product} {ergonomic}
     uint ConcGCThreads                            = 1                                         {product} {ergonomic}
     uint G1ConcRefinementThreads                  = 2                                         {product} {ergonomic}
   size_t G1HeapRegionSize                         = 1048576                                   {product} {ergonomic}
    uintx GCDrainStackTargetSize                   = 64                                        {product} {ergonomic}
   size_t InitialHeapSize                          = 65011712                                  {product} {ergonomic}
   size_t MarkStackSize                            = 4194304                                   {product} {ergonomic}
   size_t MaxHeapSize                              = 1073741824                                {product} {command line}
   size_t MaxNewSize                               = 643825664                                 {product} {ergonomic}
   size_t MinHeapDeltaBytes                        = 1048576                                   {product} {ergonomic}
   size_t MinHeapSize                              = 8388608                                   {product} {ergonomic}
    uintx NonNMethodCodeHeapSize                   = 5826188                                {pd product} {ergonomic}
    uintx NonProfiledCodeHeapSize                  = 122916026                              {pd product} {ergonomic}
    uintx ProfiledCodeHeapSize                     = 122916026                              {pd product} {ergonomic}
    uintx ReservedCodeCacheSize                    = 251658240                              {pd product} {ergonomic}
     bool SegmentedCodeCache                       = true                                      {product} {ergonomic}
   size_t SoftMaxHeapSize                          = 1073741824                             {manageable} {ergonomic}
     bool UseCompressedClassPointers               = true                                 {lp64_product} {ergonomic}
     bool UseCompressedOops                        = true                                 {lp64_product} {ergonomic}
     bool UseG1GC                                  = true                                      {product} {ergonomic}
     bool UseLargePagesIndividualAllocation        = false                                  {pd product} {ergonomic}

Logging:
Log output configuration:
 #0: stdout all=warning uptime,level,tags
 #1: stderr all=off uptime,level,tags

Environment Variables:
JAVA_HOME=C:\Program Files\AdoptOpenJDK\jdk-11.0.7.10-hotspot
PATH=C:\Program Files\AdoptOpenJDK\jdk-11.0.7.10-hotspot\bin;C:\Program Files (x86)\Common Files\Oracle\Java\javapath;C:\MinGW\bin;C:\Windows\system32;C:\Windows;C:\Windows\System32\Wbem;C:\Windows\System32\WindowsPowerShell\v1.0\;C:\Windows\System32\OpenSSH\;C:\Program Files\nodejs\;C:\Users\ELCOT\Downloads\python-3.8.2;C:\Program Files\Dart\dart-sdk\bin;C:\drivers\chromedriver_win32.zip;C:\src\flutter\flutter_windows_v1.12.13+hotfix.9-stable\flutter\bin;C:\Program Files (x86)\Android\android-sdk\platforms\platform-tools;C:\Program Files (x86)\Android\android-sdk\platform-tools\api;C:\Downloads\installer_r16-windows.exe;C:\ProgramData\Microsoft\Windows\Start Menu\Programs\Android SDK Tools;D:\kishoreAndroid\Android\Android Studio\bin;D:\kishoreAndroid\Android\Android Studio;C:\ProgramData\Microsoft\Windows\Start Menu\Programs\Visual Studio Emulator for Android.lnk;C:\Downloads\vs_emulatorsetup.exe;C:\Program Files (x86)\Android\android-sdk\SDK Manager;D:\Kishore\platforms;C:\Users\ELCOT\AppData\Local\Programs\Python\Python38\Scripts\;C:\Users\;C:\Program Files\Java\jdk-13.0.2;C:\Program Files\Java\jdk-13.0.2\bin;C:\Program Files\Java\jre1.8.0_251\bin;C:\Program Files (x86)\Android\platform-tools;C:\Downloads\python-3.8.2.exe;C:\Program Files\dotnet\;C:\Program Files\Microsoft SQL Server\130\Tools\Binn\;C:\Program Files\Microsoft SQL Server\Client SDK\ODBC\170\Tools\Binn\;D:\Git\cmd;C:\Users\ELCOT\AppData\Roaming\npm;\home\linuxbrew\.linuxbrew\bin;D:\AndroidStd\jre;C:\Program Files\Microsoft SQL Server\Client SDK\ODBC\130\Tools\Binn\;C:\Program Files (x86)\Microsoft SQL Server\140\Tools\Binn\;C:\Program Files\Microsoft SQL Server\140\Tools\Binn\;C:\Program Files\Microsoft SQL Server\140\DTS\Binn\;C:\Program Files (x86)\Microsoft SQL Server\150\DTS\Binn\;C:\Program Files\Azure Data Studio\bin;D:\modelsim_ase\win32aloem;C:\Users\ELCOT\AppData\Local\Programs\Python\Python39\Scripts\;C:\Users\ELCOT\AppData\Local\Programs\Python\Python39\;C:\Users\ELCOT\AppData\Local\Valida
USERNAME=ELCOT
OS=Windows_NT
PROCESSOR_IDENTIFIER=AMD64 Family 21 Model 112 Stepping 0, AuthenticAMD



---------------  S Y S T E M  ---------------

OS: Windows 10 , 64 bit Build 17763 (10.0.17763.1158)
HyperV virtualization detected

CPU:total 2 (initial active 2) (2 cores per cpu, 1 threads per core) family 21 model 112 stepping 0, cmov, cx8, fxsr, mmx, sse, sse2, sse3, ssse3, sse4.1, sse4.2, popcnt, avx, avx2, aes, clmul, mmxext, 3dnowpref, lzcnt, sse4a, tsc, tscinvbit, tscinv, bmi1, bmi2, fma

Memory: 4k page, system-wide physical 3935M (570M free)
TotalPageFile size 5322M (AvailPageFile size 32M)
current process WorkingSet (physical memory assigned to process): 544M, peak: 545M
current process commit charge ("private bytes"): 586M, peak: 616M

vm_info: Java HotSpot(TM) 64-Bit Server VM (13.0.2+8) for windows-amd64 JRE (13.0.2+8), built on Dec 11 2019 09:20:33 by "mach5one" with unknown MS VC++:1916

END.
