#
# There is insufficient memory for the Java Runtime Environment to continue.
# Native memory allocation (malloc) failed to allocate 981776 bytes for Chunk::new
# Possible reasons:
#   The system is out of physical RAM or swap space
#   The process is running with CompressedOops enabled, and the Java Heap may be blocking the growth of the native heap
# Possible solutions:
#   Reduce memory load on the system
#   Increase physical memory or swap space
#   Check if swap backing store is full
#   Decrease Java heap size (-Xmx/-Xms)
#   Decrease number of Java threads
#   Decrease Java thread stack sizes (-Xss)
#   Set larger code cache with -XX:ReservedCodeCacheSize=
#   JVM is running with Unscaled Compressed Oops mode in which the Java heap is
#     placed in the first 4GB address space. The Java Heap base address is the
#     maximum limit for the native heap growth. Please use -XX:HeapBaseMinAddress
#     to set the Java Heap base and to place the Java Heap above 4GB virtual address.
# This output file may be truncated or incomplete.
#
#  Out of Memory Error (t:/workspace/open/src/hotspot/share/memory/arena.cpp:196), pid=8064, tid=10152
#
# JRE version: Java(TM) SE Runtime Environment (13.0.2+8) (build 13.0.2+8)
# Java VM: Java HotSpot(TM) 64-Bit Server VM (13.0.2+8, mixed mode, sharing, tiered, compressed oops, g1 gc, windows-amd64)
# No core dump will be written. Minidumps are not enabled by default on client versions of Windows
#

---------------  S U M M A R Y ------------

Command Line: --add-opens=java.base/java.util=ALL-UNNAMED --add-opens=java.base/java.lang=ALL-UNNAMED --add-opens=java.base/java.lang.invoke=ALL-UNNAMED --add-opens=java.prefs/java.util.prefs=ALL-UNNAMED -Xmx1024m -Dfile.encoding=windows-1252 -Duser.country=IN -Duser.language=en -Duser.variant org.gradle.launcher.daemon.bootstrap.GradleDaemon 6.1.1

Host: AMD PRO A4-4350B R4, 5 COMPUTE CORES 2C+3G     , 2 cores, 3G,  Windows 10 , 64 bit Build 17763 (10.0.17763.1158)
Time: Mon Oct 12 21:38:20 2020 Pacific Daylight Time elapsed time: 28 seconds (0d 0h 0m 28s)

---------------  T H R E A D  ---------------

Current thread (0x000001782eb8c000):  JavaThread "C2 CompilerThread0" daemon [_thread_in_native, id=10152, stack(0x000000312e000000,0x000000312e100000)]


Current CompileTask:
C2:  28274 4950       4       java.util.TreeMap::put (247 bytes)

Stack: [0x000000312e000000,0x000000312e100000]
Native frames: (J=compiled Java code, j=interpreted, Vv=VM code, C=native code)
V  [jvm.dll+0x624f9a]
V  [jvm.dll+0x770cfa]
V  [jvm.dll+0x7724af]
V  [jvm.dll+0x772ab3]
V  [jvm.dll+0x24bf08]
V  [jvm.dll+0xc1e47]
V  [jvm.dll+0xc23cc]
V  [jvm.dll+0x35c068]
V  [jvm.dll+0x327803]
V  [jvm.dll+0x326bda]
V  [jvm.dll+0x205c27]
V  [jvm.dll+0x204e3f]
V  [jvm.dll+0x189c2c]
V  [jvm.dll+0x213e6d]
V  [jvm.dll+0x2120bb]
V  [jvm.dll+0x736bb6]
V  [jvm.dll+0x72fcaa]
V  [jvm.dll+0x623ea6]
C  [ucrtbase.dll+0x21ffa]
C  [KERNEL32.DLL+0x17974]
C  [ntdll.dll+0x6a271]


---------------  P R O C E S S  ---------------

Threads class SMR info:
_java_thread_list=0x00000178316744f0, length=31, elements={
0x0000017812f00000, 0x000001782eb69000, 0x000001782eb6c000, 0x000001782eb89000,
0x000001782eb8b000, 0x000001782eb8c000, 0x000001782ebf4800, 0x000001782ebff000,
0x000001782f5ca000, 0x000001782f5cd800, 0x0000017830a0c800, 0x0000017830384800,
0x000001783101b800, 0x000001783067c000, 0x000001783067c800, 0x000001782fe13800,
0x000001783093f800, 0x0000017830940800, 0x00000178305d1800, 0x000001783048b800,
0x000001782f971000, 0x000001782f96c800, 0x000001782f972000, 0x000001782f96e800,
0x000001782f96f800, 0x000001782f970800, 0x000001782f973000, 0x000001782f96d000,
0x0000017832d9b000, 0x0000017832d9f000, 0x0000017832d9e000
}

Java Threads: ( => current thread )
  0x0000017812f00000 JavaThread "main" [_thread_blocked, id=2576, stack(0x000000312d500000,0x000000312d600000)]
  0x000001782eb69000 JavaThread "Reference Handler" daemon [_thread_blocked, id=12048, stack(0x000000312dc00000,0x000000312dd00000)]
  0x000001782eb6c000 JavaThread "Finalizer" daemon [_thread_blocked, id=10936, stack(0x000000312dd00000,0x000000312de00000)]
  0x000001782eb89000 JavaThread "Signal Dispatcher" daemon [_thread_blocked, id=3496, stack(0x000000312de00000,0x000000312df00000)]
  0x000001782eb8b000 JavaThread "Attach Listener" daemon [_thread_blocked, id=3780, stack(0x000000312df00000,0x000000312e000000)]
=>0x000001782eb8c000 JavaThread "C2 CompilerThread0" daemon [_thread_in_native, id=10152, stack(0x000000312e000000,0x000000312e100000)]
  0x000001782ebf4800 JavaThread "C1 CompilerThread0" daemon [_thread_blocked, id=10720, stack(0x000000312e100000,0x000000312e200000)]
  0x000001782ebff000 JavaThread "Sweeper thread" daemon [_thread_blocked, id=8400, stack(0x000000312e200000,0x000000312e300000)]
  0x000001782f5ca000 JavaThread "Common-Cleaner" daemon [_thread_blocked, id=5824, stack(0x000000312e300000,0x000000312e400000)]
  0x000001782f5cd800 JavaThread "Service Thread" daemon [_thread_blocked, id=7880, stack(0x000000312e400000,0x000000312e500000)]
  0x0000017830a0c800 JavaThread "Daemon health stats" [_thread_blocked, id=2044, stack(0x000000312e700000,0x000000312e800000)]
  0x0000017830384800 JavaThread "Incoming local TCP Connector on port 63218" [_thread_in_native, id=3336, stack(0x000000312e800000,0x000000312e900000)]
  0x000001783101b800 JavaThread "Daemon periodic checks" [_thread_blocked, id=9648, stack(0x000000312e900000,0x000000312ea00000)]
  0x000001783067c000 JavaThread "Daemon" [_thread_blocked, id=7372, stack(0x000000312ea00000,0x000000312eb00000)]
  0x000001783067c800 JavaThread "Handler for socket connection from /127.0.0.1:63218 to /127.0.0.1:63219" [_thread_in_native, id=10988, stack(0x000000312eb00000,0x000000312ec00000)]
  0x000001782fe13800 JavaThread "Cancel handler" [_thread_blocked, id=5272, stack(0x000000312ec00000,0x000000312ed00000)]
  0x000001783093f800 JavaThread "Daemon worker" [_thread_in_Java, id=7788, stack(0x000000312ed00000,0x000000312ee00000)]
  0x0000017830940800 JavaThread "Asynchronous log dispatcher for DefaultDaemonConnection: socket connection from /127.0.0.1:63218 to /127.0.0.1:63219" [_thread_blocked, id=8648, stack(0x000000312ee00000,0x000000312ef00000)]
  0x00000178305d1800 JavaThread "Stdin handler" [_thread_blocked, id=9580, stack(0x000000312ef00000,0x000000312f000000)]
  0x000001783048b800 JavaThread "Thread-8" [_thread_blocked, id=5700, stack(0x000000312f000000,0x000000312f100000)]
  0x000001782f971000 JavaThread "Cache worker for journal cache (C:\Users\ELCOT\.gradle\caches\gradle-6.5\caches\journal-1)" [_thread_blocked, id=9464, stack(0x000000312f100000,0x000000312f200000)]
  0x000001782f96c800 JavaThread "File lock request listener" [_thread_in_native, id=4356, stack(0x000000312f200000,0x000000312f300000)]
  0x000001782f972000 JavaThread "Cache worker for file hash cache (C:\Users\ELCOT\.gradle\caches\gradle-6.5\caches\6.1.1\fileHashes)" [_thread_blocked, id=2936, stack(0x000000312f300000,0x000000312f400000)]
  0x000001782f96e800 JavaThread "Cache worker for checksums cache (D:\AndroidStudioProjects\DoChat\.gradle\checksums)" [_thread_blocked, id=10340, stack(0x000000312f400000,0x000000312f500000)]
  0x000001782f96f800 JavaThread "Cache worker for file hash cache (D:\AndroidStudioProjects\DoChat\.gradle\6.1.1\fileHashes)" [_thread_blocked, id=11364, stack(0x000000312f500000,0x000000312f600000)]
  0x000001782f970800 JavaThread "Cache worker for cache directory md-supplier (C:\Users\ELCOT\.gradle\caches\gradle-6.5\caches\6.1.1\md-supplier)" [_thread_blocked, id=7316, stack(0x000000312f600000,0x000000312f700000)]
  0x000001782f973000 JavaThread "Cache worker for cache directory md-rule (C:\Users\ELCOT\.gradle\caches\gradle-6.5\caches\6.1.1\md-rule)" [_thread_blocked, id=11684, stack(0x000000312f700000,0x000000312f800000)]
  0x000001782f96d000 JavaThread "Cache worker for execution history cache (C:\Users\ELCOT\.gradle\caches\gradle-6.5\caches\6.1.1\executionHistory)" [_thread_blocked, id=6000, stack(0x000000312f800000,0x000000312f900000)]
  0x0000017832d9b000 JavaThread "Build operations" [_thread_blocked, id=12012, stack(0x000000312f900000,0x000000312fa00000)]
  0x0000017832d9f000 JavaThread "Build operations Thread 2" [_thread_blocked, id=8716, stack(0x000000312fa00000,0x000000312fb00000)]
  0x0000017832d9e000 JavaThread "Cache worker for Build Output Cleanup Cache (D:\AndroidStudioProjects\DoChat\.gradle\buildOutputCleanup)" [_thread_blocked, id=9956, stack(0x000000312fb00000,0x000000312fc00000)]

Other Threads:
  0x0000017812fcc000 VMThread "VM Thread" [stack: 0x000000312db00000,0x000000312dc00000] [id=732]
  0x000001782f5d3000 WatcherThread [stack: 0x000000312e500000,0x000000312e600000] [id=8288]
  0x0000017812f2f000 GCTaskThread "GC Thread#0" [stack: 0x000000312d600000,0x000000312d700000] [id=1000]
  0x000001782f619800 GCTaskThread "GC Thread#1" [stack: 0x000000312e600000,0x000000312e700000] [id=11340]
  0x0000017812f39000 ConcurrentGCThread "G1 Main Marker" [stack: 0x000000312d700000,0x000000312d800000] [id=3792]
  0x0000017812f3a000 ConcurrentGCThread "G1 Conc#0" [stack: 0x000000312d800000,0x000000312d900000] [id=7784]
  0x0000017812f86800 ConcurrentGCThread "G1 Refine#0" [stack: 0x000000312d900000,0x000000312da00000] [id=12100]
  0x0000017812f88800 ConcurrentGCThread "G1 Young RemSet Sampling" [stack: 0x000000312da00000,0x000000312db00000] [id=3048]

Threads with active compile tasks:
C2 CompilerThread0    28323 4950       4       java.util.TreeMap::put (247 bytes)

VM state:not at safepoint (normal execution)

VM Mutex/Monitor currently owned by a thread: None

Heap address: 0x00000000c0000000, size: 1024 MB, Compressed Oops mode: 32-bit
Narrow klass base: 0x0000000800000000, Narrow klass shift: 3
Compressed class space size: 1073741824 Address: 0x0000000800b40000

Heap:
 garbage-first heap   total 128000K, used 69172K [0x00000000c0000000, 0x0000000100000000)
  region size 1024K, 8 young (8192K), 2 survivors (2048K)
 Metaspace       used 47587K, capacity 48932K, committed 49024K, reserved 1091584K
  class space    used 6329K, capacity 6713K, committed 6784K, reserved 1048576K
Heap Regions: E=young(eden), S=young(survivor), O=old, HS=humongous(starts), HC=humongous(continues), CS=collection set, F=free, A=archive, TAMS=top-at-mark-start (previous, next)
|   0|0x00000000c0000000, 0x00000000c0100000, 0x00000000c0100000|100%|HS|  |TAMS 0x00000000c0100000, 0x00000000c0000000| Complete 
|   1|0x00000000c0100000, 0x00000000c0200000, 0x00000000c0200000|100%|HC|  |TAMS 0x00000000c0200000, 0x00000000c0100000| Complete 
|   2|0x00000000c0200000, 0x00000000c0300000, 0x00000000c0300000|100%|HC|  |TAMS 0x00000000c0300000, 0x00000000c0200000| Complete 
|   3|0x00000000c0300000, 0x00000000c0400000, 0x00000000c0400000|100%| O|  |TAMS 0x00000000c0400000, 0x00000000c0300000| Untracked 
|   4|0x00000000c0400000, 0x00000000c0500000, 0x00000000c0500000|100%| O|  |TAMS 0x00000000c0500000, 0x00000000c0400000| Untracked 
|   5|0x00000000c0500000, 0x00000000c0600000, 0x00000000c0600000|100%| O|  |TAMS 0x00000000c0600000, 0x00000000c0500000| Untracked 
|   6|0x00000000c0600000, 0x00000000c0700000, 0x00000000c0700000|100%| O|  |TAMS 0x00000000c0700000, 0x00000000c0600000| Untracked 
|   7|0x00000000c0700000, 0x00000000c0800000, 0x00000000c0800000|100%| O|  |TAMS 0x00000000c0800000, 0x00000000c0700000| Untracked 
|   8|0x00000000c0800000, 0x00000000c0900000, 0x00000000c0900000|100%| O|  |TAMS 0x00000000c0900000, 0x00000000c0800000| Untracked 
|   9|0x00000000c0900000, 0x00000000c0a00000, 0x00000000c0a00000|100%| O|  |TAMS 0x00000000c0a00000, 0x00000000c0900000| Untracked 
|  10|0x00000000c0a00000, 0x00000000c0b00000, 0x00000000c0b00000|100%| O|  |TAMS 0x00000000c0b00000, 0x00000000c0a00000| Untracked 
|  11|0x00000000c0b00000, 0x00000000c0c00000, 0x00000000c0c00000|100%| O|  |TAMS 0x00000000c0c00000, 0x00000000c0b00000| Untracked 
|  12|0x00000000c0c00000, 0x00000000c0d00000, 0x00000000c0d00000|100%| O|  |TAMS 0x00000000c0d00000, 0x00000000c0c00000| Untracked 
|  13|0x00000000c0d00000, 0x00000000c0e00000, 0x00000000c0e00000|100%| O|  |TAMS 0x00000000c0e00000, 0x00000000c0d00000| Untracked 
|  14|0x00000000c0e00000, 0x00000000c0f00000, 0x00000000c0f00000|100%| O|  |TAMS 0x00000000c0f00000, 0x00000000c0e00000| Untracked 
|  15|0x00000000c0f00000, 0x00000000c1000000, 0x00000000c1000000|100%| O|  |TAMS 0x00000000c1000000, 0x00000000c0f00000| Untracked 
|  16|0x00000000c1000000, 0x00000000c1100000, 0x00000000c1100000|100%|HS|  |TAMS 0x00000000c1100000, 0x00000000c1000000| Complete 
|  17|0x00000000c1100000, 0x00000000c1200000, 0x00000000c1200000|100%|HC|  |TAMS 0x00000000c1200000, 0x00000000c1100000| Complete 
|  18|0x00000000c1200000, 0x00000000c1300000, 0x00000000c1300000|100%|HS|  |TAMS 0x00000000c1300000, 0x00000000c1200000| Complete 
|  19|0x00000000c1300000, 0x00000000c1400000, 0x00000000c1400000|100%|HC|  |TAMS 0x00000000c1400000, 0x00000000c1300000| Complete 
|  20|0x00000000c1400000, 0x00000000c1500000, 0x00000000c1500000|100%|HC|  |TAMS 0x00000000c1500000, 0x00000000c1400000| Complete 
|  21|0x00000000c1500000, 0x00000000c1600000, 0x00000000c1600000|100%|HS|  |TAMS 0x00000000c1600000, 0x00000000c1500000| Complete 
|  22|0x00000000c1600000, 0x00000000c1700000, 0x00000000c1700000|100%|HC|  |TAMS 0x00000000c1700000, 0x00000000c1600000| Complete 
|  23|0x00000000c1700000, 0x00000000c1800000, 0x00000000c1800000|100%|HC|  |TAMS 0x00000000c1800000, 0x00000000c1700000| Complete 
|  24|0x00000000c1800000, 0x00000000c1900000, 0x00000000c1900000|100%|HC|  |TAMS 0x00000000c1900000, 0x00000000c1800000| Complete 
|  25|0x00000000c1900000, 0x00000000c1a00000, 0x00000000c1a00000|100%| O|  |TAMS 0x00000000c1a00000, 0x00000000c1900000| Untracked 
|  26|0x00000000c1a00000, 0x00000000c1b00000, 0x00000000c1b00000|100%| O|  |TAMS 0x00000000c1b00000, 0x00000000c1a00000| Untracked 
|  27|0x00000000c1b00000, 0x00000000c1c00000, 0x00000000c1c00000|100%|HS|  |TAMS 0x00000000c1c00000, 0x00000000c1b00000| Complete 
|  28|0x00000000c1c00000, 0x00000000c1d00000, 0x00000000c1d00000|100%|HC|  |TAMS 0x00000000c1d00000, 0x00000000c1c00000| Complete 
|  29|0x00000000c1d00000, 0x00000000c1e00000, 0x00000000c1e00000|100%|HC|  |TAMS 0x00000000c1e00000, 0x00000000c1d00000| Complete 
|  30|0x00000000c1e00000, 0x00000000c1f00000, 0x00000000c1f00000|100%|HC|  |TAMS 0x00000000c1f00000, 0x00000000c1e00000| Complete 
|  31|0x00000000c1f00000, 0x00000000c2000000, 0x00000000c2000000|100%| O|  |TAMS 0x00000000c2000000, 0x00000000c1f00000| Untracked 
|  32|0x00000000c2000000, 0x00000000c2100000, 0x00000000c2100000|100%| O|  |TAMS 0x00000000c2100000, 0x00000000c2000000| Untracked 
|  33|0x00000000c2100000, 0x00000000c2200000, 0x00000000c2200000|100%| O|  |TAMS 0x00000000c2200000, 0x00000000c2100000| Untracked 
|  34|0x00000000c2200000, 0x00000000c2300000, 0x00000000c2300000|100%| O|  |TAMS 0x00000000c2300000, 0x00000000c2200000| Untracked 
|  35|0x00000000c2300000, 0x00000000c2400000, 0x00000000c2400000|100%| O|  |TAMS 0x00000000c2400000, 0x00000000c2300000| Untracked 
|  36|0x00000000c2400000, 0x00000000c2500000, 0x00000000c2500000|100%| O|  |TAMS 0x00000000c2500000, 0x00000000c2400000| Untracked 
|  37|0x00000000c2500000, 0x00000000c2600000, 0x00000000c2600000|100%| O|  |TAMS 0x00000000c2600000, 0x00000000c2500000| Untracked 
|  38|0x00000000c2600000, 0x00000000c2700000, 0x00000000c2700000|100%| O|  |TAMS 0x00000000c2700000, 0x00000000c2600000| Untracked 
|  39|0x00000000c2700000, 0x00000000c2800000, 0x00000000c2800000|100%| O|  |TAMS 0x00000000c2800000, 0x00000000c2700000| Untracked 
|  40|0x00000000c2800000, 0x00000000c2900000, 0x00000000c2900000|100%| O|  |TAMS 0x00000000c2900000, 0x00000000c2800000| Untracked 
|  41|0x00000000c2900000, 0x00000000c2a00000, 0x00000000c2a00000|100%| O|  |TAMS 0x00000000c2a00000, 0x00000000c2900000| Untracked 
|  42|0x00000000c2a00000, 0x00000000c2b00000, 0x00000000c2b00000|100%| O|  |TAMS 0x00000000c2b00000, 0x00000000c2a00000| Untracked 
|  43|0x00000000c2b00000, 0x00000000c2c00000, 0x00000000c2c00000|100%| O|  |TAMS 0x00000000c2c00000, 0x00000000c2b00000| Untracked 
|  44|0x00000000c2c00000, 0x00000000c2d00000, 0x00000000c2d00000|100%|HS|  |TAMS 0x00000000c2d00000, 0x00000000c2c00000| Complete 
|  45|0x00000000c2d00000, 0x00000000c2e00000, 0x00000000c2e00000|100%|HC|  |TAMS 0x00000000c2e00000, 0x00000000c2d00000| Complete 
|  46|0x00000000c2e00000, 0x00000000c2f00000, 0x00000000c2f00000|100%|HC|  |TAMS 0x00000000c2f00000, 0x00000000c2e00000| Complete 
|  47|0x00000000c2f00000, 0x00000000c3000000, 0x00000000c3000000|100%| O|  |TAMS 0x00000000c3000000, 0x00000000c2f00000| Untracked 
|  48|0x00000000c3000000, 0x00000000c3100000, 0x00000000c3100000|100%| O|  |TAMS 0x00000000c3100000, 0x00000000c3000000| Untracked 
|  49|0x00000000c3100000, 0x00000000c3200000, 0x00000000c3200000|100%| O|  |TAMS 0x00000000c3200000, 0x00000000c3100000| Untracked 
|  50|0x00000000c3200000, 0x00000000c3300000, 0x00000000c3300000|100%| O|  |TAMS 0x00000000c3300000, 0x00000000c3200000| Untracked 
|  51|0x00000000c3300000, 0x00000000c3400000, 0x00000000c3400000|100%|HS|  |TAMS 0x00000000c3400000, 0x00000000c3300000| Complete 
|  52|0x00000000c3400000, 0x00000000c3500000, 0x00000000c3500000|100%|HC|  |TAMS 0x00000000c3500000, 0x00000000c3400000| Complete 
|  53|0x00000000c3500000, 0x00000000c3600000, 0x00000000c3600000|100%| O|  |TAMS 0x00000000c3600000, 0x00000000c3500000| Untracked 
|  54|0x00000000c3600000, 0x00000000c3700000, 0x00000000c3700000|100%| O|  |TAMS 0x00000000c3700000, 0x00000000c3600000| Untracked 
|  55|0x00000000c3700000, 0x00000000c3800000, 0x00000000c3800000|100%| O|  |TAMS 0x00000000c3800000, 0x00000000c3700000| Untracked 
|  56|0x00000000c3800000, 0x00000000c3900000, 0x00000000c3900000|100%| O|  |TAMS 0x00000000c3900000, 0x00000000c3800000| Untracked 
|  57|0x00000000c3900000, 0x00000000c3a00000, 0x00000000c3a00000|100%| O|  |TAMS 0x00000000c3a00000, 0x00000000c3900000| Untracked 
|  58|0x00000000c3a00000, 0x00000000c3b00000, 0x00000000c3b00000|100%| O|  |TAMS 0x00000000c3b00000, 0x00000000c3a00000| Untracked 
|  59|0x00000000c3b00000, 0x00000000c3bc8600, 0x00000000c3c00000| 78%| O|  |TAMS 0x00000000c3bc8600, 0x00000000c3b00000| Untracked 
|  60|0x00000000c3c00000, 0x00000000c3d00000, 0x00000000c3d00000|100%|HS|  |TAMS 0x00000000c3c00000, 0x00000000c3c00000| Complete 
|  61|0x00000000c3d00000, 0x00000000c3d00000, 0x00000000c3e00000|  0%| F|  |TAMS 0x00000000c3d00000, 0x00000000c3d00000| Untracked 
|  62|0x00000000c3e00000, 0x00000000c3e00000, 0x00000000c3f00000|  0%| F|  |TAMS 0x00000000c3e00000, 0x00000000c3e00000| Untracked 
|  63|0x00000000c3f00000, 0x00000000c3f00000, 0x00000000c4000000|  0%| F|  |TAMS 0x00000000c3f00000, 0x00000000c3f00000| Untracked 
|  64|0x00000000c4000000, 0x00000000c4000000, 0x00000000c4100000|  0%| F|  |TAMS 0x00000000c4000000, 0x00000000c4000000| Untracked 
|  65|0x00000000c4100000, 0x00000000c4100000, 0x00000000c4200000|  0%| F|  |TAMS 0x00000000c4100000, 0x00000000c4100000| Untracked 
|  66|0x00000000c4200000, 0x00000000c4200000, 0x00000000c4300000|  0%| F|  |TAMS 0x00000000c4200000, 0x00000000c4200000| Untracked 
|  67|0x00000000c4300000, 0x00000000c4300000, 0x00000000c4400000|  0%| F|  |TAMS 0x00000000c4300000, 0x00000000c4300000| Untracked 
|  68|0x00000000c4400000, 0x00000000c4400000, 0x00000000c4500000|  0%| F|  |TAMS 0x00000000c4400000, 0x00000000c4400000| Untracked 
|  69|0x00000000c4500000, 0x00000000c4500000, 0x00000000c4600000|  0%| F|  |TAMS 0x00000000c4500000, 0x00000000c4500000| Untracked 
|  70|0x00000000c4600000, 0x00000000c4600000, 0x00000000c4700000|  0%| F|  |TAMS 0x00000000c4600000, 0x00000000c4600000| Untracked 
|  71|0x00000000c4700000, 0x00000000c4700000, 0x00000000c4800000|  0%| F|  |TAMS 0x00000000c4700000, 0x00000000c4700000| Untracked 
|  72|0x00000000c4800000, 0x00000000c4800000, 0x00000000c4900000|  0%| F|  |TAMS 0x00000000c4800000, 0x00000000c4800000| Untracked 
|  73|0x00000000c4900000, 0x00000000c4900000, 0x00000000c4a00000|  0%| F|  |TAMS 0x00000000c4900000, 0x00000000c4900000| Untracked 
|  74|0x00000000c4a00000, 0x00000000c4a00000, 0x00000000c4b00000|  0%| F|  |TAMS 0x00000000c4a00000, 0x00000000c4a00000| Untracked 
|  75|0x00000000c4b00000, 0x00000000c4b00000, 0x00000000c4c00000|  0%| F|  |TAMS 0x00000000c4b00000, 0x00000000c4b00000| Untracked 
|  76|0x00000000c4c00000, 0x00000000c4c00000, 0x00000000c4d00000|  0%| F|  |TAMS 0x00000000c4c00000, 0x00000000c4c00000| Untracked 
|  77|0x00000000c4d00000, 0x00000000c4d00000, 0x00000000c4e00000|  0%| F|  |TAMS 0x00000000c4d00000, 0x00000000c4d00000| Untracked 
|  78|0x00000000c4e00000, 0x00000000c4e00000, 0x00000000c4f00000|  0%| F|  |TAMS 0x00000000c4e00000, 0x00000000c4e00000| Untracked 
|  79|0x00000000c4f00000, 0x00000000c4f00000, 0x00000000c5000000|  0%| F|  |TAMS 0x00000000c4f00000, 0x00000000c4f00000| Untracked 
|  80|0x00000000c5000000, 0x00000000c5000000, 0x00000000c5100000|  0%| F|  |TAMS 0x00000000c5000000, 0x00000000c5000000| Untracked 
|  81|0x00000000c5100000, 0x00000000c5100000, 0x00000000c5200000|  0%| F|  |TAMS 0x00000000c5100000, 0x00000000c5100000| Untracked 
|  82|0x00000000c5200000, 0x00000000c5200000, 0x00000000c5300000|  0%| F|  |TAMS 0x00000000c5200000, 0x00000000c5200000| Untracked 
|  83|0x00000000c5300000, 0x00000000c5300000, 0x00000000c5400000|  0%| F|  |TAMS 0x00000000c5300000, 0x00000000c5300000| Untracked 
|  84|0x00000000c5400000, 0x00000000c5400000, 0x00000000c5500000|  0%| F|  |TAMS 0x00000000c5400000, 0x00000000c5400000| Untracked 
|  85|0x00000000c5500000, 0x00000000c5500000, 0x00000000c5600000|  0%| F|  |TAMS 0x00000000c5500000, 0x00000000c5500000| Untracked 
|  86|0x00000000c5600000, 0x00000000c5600000, 0x00000000c5700000|  0%| F|  |TAMS 0x00000000c5600000, 0x00000000c5600000| Untracked 
|  87|0x00000000c5700000, 0x00000000c5700000, 0x00000000c5800000|  0%| F|  |TAMS 0x00000000c5700000, 0x00000000c5700000| Untracked 
|  88|0x00000000c5800000, 0x00000000c5800000, 0x00000000c5900000|  0%| F|  |TAMS 0x00000000c5800000, 0x00000000c5800000| Untracked 
|  89|0x00000000c5900000, 0x00000000c5900000, 0x00000000c5a00000|  0%| F|  |TAMS 0x00000000c5900000, 0x00000000c5900000| Untracked 
|  90|0x00000000c5a00000, 0x00000000c5a00000, 0x00000000c5b00000|  0%| F|  |TAMS 0x00000000c5a00000, 0x00000000c5a00000| Untracked 
|  91|0x00000000c5b00000, 0x00000000c5b00000, 0x00000000c5c00000|  0%| F|  |TAMS 0x00000000c5b00000, 0x00000000c5b00000| Untracked 
|  92|0x00000000c5c00000, 0x00000000c5c00000, 0x00000000c5d00000|  0%| F|  |TAMS 0x00000000c5c00000, 0x00000000c5c00000| Untracked 
|  93|0x00000000c5d00000, 0x00000000c5d00000, 0x00000000c5e00000|  0%| F|  |TAMS 0x00000000c5d00000, 0x00000000c5d00000| Untracked 
|  94|0x00000000c5e00000, 0x00000000c5e00000, 0x00000000c5f00000|  0%| F|  |TAMS 0x00000000c5e00000, 0x00000000c5e00000| Untracked 
|  95|0x00000000c5f00000, 0x00000000c5fc4b28, 0x00000000c6000000| 76%| S|CS|TAMS 0x00000000c5f00000, 0x00000000c5f00000| Complete 
|  96|0x00000000c6000000, 0x00000000c6100000, 0x00000000c6100000|100%| S|CS|TAMS 0x00000000c6000000, 0x00000000c6000000| Complete 
|  97|0x00000000c6100000, 0x00000000c6100000, 0x00000000c6200000|  0%| F|  |TAMS 0x00000000c6100000, 0x00000000c6100000| Untracked 
|  98|0x00000000c6200000, 0x00000000c6200000, 0x00000000c6300000|  0%| F|  |TAMS 0x00000000c6200000, 0x00000000c6200000| Untracked 
|  99|0x00000000c6300000, 0x00000000c6300000, 0x00000000c6400000|  0%| F|  |TAMS 0x00000000c6300000, 0x00000000c6300000| Untracked 
| 100|0x00000000c6400000, 0x00000000c6400000, 0x00000000c6500000|  0%| F|  |TAMS 0x00000000c6400000, 0x00000000c6400000| Untracked 
| 101|0x00000000c6500000, 0x00000000c6500000, 0x00000000c6600000|  0%| F|  |TAMS 0x00000000c6500000, 0x00000000c6500000| Untracked 
| 102|0x00000000c6600000, 0x00000000c6600000, 0x00000000c6700000|  0%| F|  |TAMS 0x00000000c6600000, 0x00000000c6600000| Untracked 
| 103|0x00000000c6700000, 0x00000000c6700000, 0x00000000c6800000|  0%| F|  |TAMS 0x00000000c6700000, 0x00000000c6700000| Untracked 
| 104|0x00000000c6800000, 0x00000000c6800000, 0x00000000c6900000|  0%| F|  |TAMS 0x00000000c6800000, 0x00000000c6800000| Untracked 
| 105|0x00000000c6900000, 0x00000000c6900000, 0x00000000c6a00000|  0%| F|  |TAMS 0x00000000c6900000, 0x00000000c6900000| Untracked 
| 106|0x00000000c6a00000, 0x00000000c6a00000, 0x00000000c6b00000|  0%| F|  |TAMS 0x00000000c6a00000, 0x00000000c6a00000| Untracked 
| 107|0x00000000c6b00000, 0x00000000c6b00000, 0x00000000c6c00000|  0%| F|  |TAMS 0x00000000c6b00000, 0x00000000c6b00000| Untracked 
| 108|0x00000000c6c00000, 0x00000000c6c00000, 0x00000000c6d00000|  0%| F|  |TAMS 0x00000000c6c00000, 0x00000000c6c00000| Untracked 
| 109|0x00000000c6d00000, 0x00000000c6d00000, 0x00000000c6e00000|  0%| F|  |TAMS 0x00000000c6d00000, 0x00000000c6d00000| Untracked 
| 110|0x00000000c6e00000, 0x00000000c6e00000, 0x00000000c6f00000|  0%| F|  |TAMS 0x00000000c6e00000, 0x00000000c6e00000| Untracked 
| 111|0x00000000c6f00000, 0x00000000c6f00000, 0x00000000c7000000|  0%| F|  |TAMS 0x00000000c6f00000, 0x00000000c6f00000| Untracked 
| 112|0x00000000c7000000, 0x00000000c7000000, 0x00000000c7100000|  0%| F|  |TAMS 0x00000000c7000000, 0x00000000c7000000| Untracked 
| 113|0x00000000c7100000, 0x00000000c7100000, 0x00000000c7200000|  0%| F|  |TAMS 0x00000000c7100000, 0x00000000c7100000| Untracked 
| 114|0x00000000c7200000, 0x00000000c7200000, 0x00000000c7300000|  0%| F|  |TAMS 0x00000000c7200000, 0x00000000c7200000| Untracked 
| 115|0x00000000c7300000, 0x00000000c7300000, 0x00000000c7400000|  0%| F|  |TAMS 0x00000000c7300000, 0x00000000c7300000| Untracked 
| 116|0x00000000c7400000, 0x00000000c7400000, 0x00000000c7500000|  0%| F|  |TAMS 0x00000000c7400000, 0x00000000c7400000| Untracked 
| 117|0x00000000c7500000, 0x00000000c7500000, 0x00000000c7600000|  0%| F|  |TAMS 0x00000000c7500000, 0x00000000c7500000| Untracked 
| 118|0x00000000c7600000, 0x00000000c7600000, 0x00000000c7700000|  0%| F|  |TAMS 0x00000000c7600000, 0x00000000c7600000| Untracked 
| 119|0x00000000c7700000, 0x00000000c7780800, 0x00000000c7800000| 50%| E|  |TAMS 0x00000000c7700000, 0x00000000c7700000| Complete 
| 120|0x00000000c7800000, 0x00000000c7900000, 0x00000000c7900000|100%| E|CS|TAMS 0x00000000c7800000, 0x00000000c7800000| Complete 
| 121|0x00000000c7900000, 0x00000000c7a00000, 0x00000000c7a00000|100%| E|CS|TAMS 0x00000000c7900000, 0x00000000c7900000| Complete 
| 122|0x00000000c7a00000, 0x00000000c7b00000, 0x00000000c7b00000|100%| E|CS|TAMS 0x00000000c7a00000, 0x00000000c7a00000| Complete 
| 123|0x00000000c7b00000, 0x00000000c7c00000, 0x00000000c7c00000|100%| E|CS|TAMS 0x00000000c7b00000, 0x00000000c7b00000| Complete 
| 124|0x00000000c7c00000, 0x00000000c7d00000, 0x00000000c7d00000|100%| E|CS|TAMS 0x00000000c7c00000, 0x00000000c7c00000| Complete 

Card table byte_map: [0x000001782a400000,0x000001782a600000] _byte_map_base: 0x0000017829e00000

Marking Bits (Prev, Next): (CMBitMap*) 0x0000017812f2fff8, (CMBitMap*) 0x0000017812f30038
 Prev Bits: [0x000001782a800000, 0x000001782b800000)
 Next Bits: [0x000001782b800000, 0x000001782c800000)

Polling page: 0x0000017810ed0000

Metaspace:

Usage:
  Non-class:     41.23 MB capacity,    40.32 MB ( 98%) used,   832.40 KB (  2%) free+waste,    96.19 KB ( <1%) overhead. 
      Class:      6.56 MB capacity,     6.18 MB ( 94%) used,   333.67 KB (  5%) free+waste,    46.38 KB ( <1%) overhead. 
       Both:     47.79 MB capacity,    46.51 MB ( 97%) used,     1.14 MB (  2%) free+waste,   142.56 KB ( <1%) overhead. 

Virtual space:
  Non-class space:       42.00 MB reserved,      41.25 MB ( 98%) committed 
      Class space:        1.00 GB reserved,       6.63 MB ( <1%) committed 
             Both:        1.04 GB reserved,      47.88 MB (  4%) committed 

Chunk freelists:
   Non-Class:  21.00 KB
       Class:  7.00 KB
        Both:  28.00 KB

MaxMetaspaceSize: 17179869184.00 GB
CompressedClassSpaceSize: 1.00 GB

CodeHeap 'non-profiled nmethods': size=120064Kb used=2519Kb max_used=2519Kb free=117544Kb
 bounds [0x0000017822ec0000, 0x0000017823140000, 0x000001782a400000]
CodeHeap 'profiled nmethods': size=120000Kb used=10328Kb max_used=10328Kb free=109671Kb
 bounds [0x000001781b990000, 0x000001781c3b0000, 0x0000017822ec0000]
CodeHeap 'non-nmethods': size=5696Kb used=2352Kb max_used=2386Kb free=3343Kb
 bounds [0x000001781b400000, 0x000001781b670000, 0x000001781b990000]
 total_blobs=7122 nmethods=4668 adapters=738
 compilation: enabled
              stopped_count=0, restarted_count=0
 full_count=0

Compilation events (20 events):
Event: 28.170 Thread 0x000001782ebf4800 5013       1       com.android.tools.build.jetifier.core.pom.PomDependency::getGroupId (5 bytes)
Event: 28.171 Thread 0x000001782ebf4800 nmethod 5013 0x0000017823134810 code [0x00000178231349a0, 0x0000017823134ad8]
Event: 28.171 Thread 0x000001782ebf4800 5014       1       com.android.tools.build.jetifier.core.pom.PomDependency::getArtifactId (5 bytes)
Event: 28.171 Thread 0x000001782ebf4800 nmethod 5014 0x0000017823134b90 code [0x0000017823134d20, 0x0000017823134e58]
Event: 28.171 Thread 0x000001782ebf4800 5015       1       com.android.tools.build.jetifier.core.pom.PomDependency::getVersion (5 bytes)
Event: 28.171 Thread 0x000001782ebf4800 nmethod 5015 0x0000017823134f10 code [0x00000178231350a0, 0x00000178231351d8]
Event: 28.178 Thread 0x000001782ebf4800 5016       3       com.android.tools.build.jetifier.core.type.JavaType::<init> (72 bytes)
Event: 28.180 Thread 0x000001782ebf4800 nmethod 5016 0x000001781c3a2f90 code [0x000001781c3a3280, 0x000001781c3a40a0]
Event: 28.180 Thread 0x000001782ebf4800 5017       3       kotlin.text.StringsKt__StringsKt::indexOf (51 bytes)
Event: 28.181 Thread 0x000001782ebf4800 nmethod 5017 0x000001781c3a4590 code [0x000001781c3a47a0, 0x000001781c3a4fa0]
Event: 28.181 Thread 0x000001782ebf4800 5018       3       kotlin.TuplesKt::to (10 bytes)
Event: 28.182 Thread 0x000001782ebf4800 nmethod 5018 0x000001781c3a5190 code [0x000001781c3a5340, 0x000001781c3a5658]
Event: 28.182 Thread 0x000001782ebf4800 5019       3       kotlin.Pair::<init> (15 bytes)
Event: 28.182 Thread 0x000001782ebf4800 nmethod 5019 0x000001781c3a5790 code [0x000001781c3a5940, 0x000001781c3a5bd8]
Event: 28.187 Thread 0x000001782ebf4800 5021       1       kotlin.Pair::component1 (5 bytes)
Event: 28.188 Thread 0x000001782ebf4800 nmethod 5021 0x0000017823135290 code [0x0000017823135420, 0x0000017823135558]
Event: 28.188 Thread 0x000001782ebf4800 5022       1       kotlin.Pair::component2 (5 bytes)
Event: 28.188 Thread 0x000001782ebf4800 nmethod 5022 0x0000017823135610 code [0x00000178231357a0, 0x00000178231358d8]
Event: 28.188 Thread 0x000001782ebf4800 5023       3       com.android.tools.build.jetifier.core.type.JavaType::hashCode (17 bytes)
Event: 28.188 Thread 0x000001782ebf4800 nmethod 5023 0x000001781c3a5c90 code [0x000001781c3a5e40, 0x000001781c3a6070]

GC Heap History (20 events):
Event: 21.346 GC heap before
{Heap before GC invocations=18 (full 0):
 garbage-first heap   total 76800K, used 61401K [0x00000000c0000000, 0x0000000100000000)
  region size 1024K, 20 young (20480K), 2 survivors (2048K)
 Metaspace       used 33252K, capacity 34221K, committed 34304K, reserved 1079296K
  class space    used 4516K, capacity 4823K, committed 4864K, reserved 1048576K
}
Event: 21.363 GC heap after
{Heap after GC invocations=19 (full 0):
 garbage-first heap   total 92160K, used 44221K [0x00000000c0000000, 0x0000000100000000)
  region size 1024K, 3 young (3072K), 3 survivors (3072K)
 Metaspace       used 33252K, capacity 34221K, committed 34304K, reserved 1079296K
  class space    used 4516K, capacity 4823K, committed 4864K, reserved 1048576K
}
Event: 22.331 GC heap before
{Heap before GC invocations=20 (full 0):
 garbage-first heap   total 92160K, used 67773K [0x00000000c0000000, 0x0000000100000000)
  region size 1024K, 26 young (26624K), 3 survivors (3072K)
 Metaspace       used 34662K, capacity 35786K, committed 35840K, reserved 1079296K
  class space    used 4755K, capacity 5109K, committed 5120K, reserved 1048576K
}
Event: 22.349 GC heap after
{Heap after GC invocations=21 (full 0):
 garbage-first heap   total 92160K, used 45691K [0x00000000c0000000, 0x0000000100000000)
  region size 1024K, 3 young (3072K), 3 survivors (3072K)
 Metaspace       used 34662K, capacity 35786K, committed 35840K, reserved 1079296K
  class space    used 4755K, capacity 5109K, committed 5120K, reserved 1048576K
}
Event: 24.049 GC heap before
{Heap before GC invocations=21 (full 0):
 garbage-first heap   total 92160K, used 67195K [0x00000000c0000000, 0x0000000100000000)
  region size 1024K, 26 young (26624K), 3 survivors (3072K)
 Metaspace       used 36127K, capacity 37359K, committed 37632K, reserved 1081344K
  class space    used 4927K, capacity 5290K, committed 5376K, reserved 1048576K
}
Event: 24.070 GC heap after
{Heap after GC invocations=22 (full 0):
 garbage-first heap   total 92160K, used 48275K [0x00000000c0000000, 0x0000000100000000)
  region size 1024K, 4 young (4096K), 4 survivors (4096K)
 Metaspace       used 36127K, capacity 37359K, committed 37632K, reserved 1081344K
  class space    used 4927K, capacity 5290K, committed 5376K, reserved 1048576K
}
Event: 24.217 GC heap before
{Heap before GC invocations=23 (full 0):
 garbage-first heap   total 92160K, used 52371K [0x00000000c0000000, 0x0000000100000000)
  region size 1024K, 7 young (7168K), 4 survivors (4096K)
 Metaspace       used 36127K, capacity 37359K, committed 37632K, reserved 1081344K
  class space    used 4927K, capacity 5290K, committed 5376K, reserved 1048576K
}
Event: 24.231 GC heap after
{Heap after GC invocations=24 (full 0):
 garbage-first heap   total 92160K, used 53042K [0x00000000c0000000, 0x0000000100000000)
  region size 1024K, 2 young (2048K), 2 survivors (2048K)
 Metaspace       used 36127K, capacity 37359K, committed 37632K, reserved 1081344K
  class space    used 4927K, capacity 5290K, committed 5376K, reserved 1048576K
}
Event: 24.924 GC heap before
{Heap before GC invocations=25 (full 0):
 garbage-first heap   total 96256K, used 69426K [0x00000000c0000000, 0x0000000100000000)
  region size 1024K, 16 young (16384K), 2 survivors (2048K)
 Metaspace       used 38242K, capacity 39578K, committed 39680K, reserved 1083392K
  class space    used 5196K, capacity 5582K, committed 5632K, reserved 1048576K
}
Event: 24.931 GC heap after
{Heap after GC invocations=26 (full 0):
 garbage-first heap   total 96256K, used 57324K [0x00000000c0000000, 0x0000000100000000)
  region size 1024K, 2 young (2048K), 2 survivors (2048K)
 Metaspace       used 38242K, capacity 39578K, committed 39680K, reserved 1083392K
  class space    used 5196K, capacity 5582K, committed 5632K, reserved 1048576K
}
Event: 25.519 GC heap before
{Heap before GC invocations=26 (full 0):
 garbage-first heap   total 96256K, used 72684K [0x00000000c0000000, 0x0000000100000000)
  region size 1024K, 17 young (17408K), 2 survivors (2048K)
 Metaspace       used 40844K, capacity 42157K, committed 42240K, reserved 1085440K
  class space    used 5506K, capacity 5888K, committed 5888K, reserved 1048576K
}
Event: 25.528 GC heap after
{Heap after GC invocations=27 (full 0):
 garbage-first heap   total 96256K, used 58238K [0x00000000c0000000, 0x0000000100000000)
  region size 1024K, 1 young (1024K), 1 survivors (1024K)
 Metaspace       used 40844K, capacity 42157K, committed 42240K, reserved 1085440K
  class space    used 5506K, capacity 5888K, committed 5888K, reserved 1048576K
}
Event: 26.196 GC heap before
{Heap before GC invocations=28 (full 0):
 garbage-first heap   total 101376K, used 73598K [0x00000000c0000000, 0x0000000100000000)
  region size 1024K, 16 young (16384K), 1 survivors (1024K)
 Metaspace       used 42921K, capacity 44252K, committed 44416K, reserved 1087488K
  class space    used 5753K, capacity 6185K, committed 6272K, reserved 1048576K
}
Event: 26.207 GC heap after
{Heap after GC invocations=29 (full 0):
 garbage-first heap   total 101376K, used 58757K [0x00000000c0000000, 0x0000000100000000)
  region size 1024K, 2 young (2048K), 2 survivors (2048K)
 Metaspace       used 42921K, capacity 44252K, committed 44416K, reserved 1087488K
  class space    used 5753K, capacity 6185K, committed 6272K, reserved 1048576K
}
Event: 26.783 GC heap before
{Heap before GC invocations=29 (full 0):
 garbage-first heap   total 101376K, used 75141K [0x00000000c0000000, 0x0000000100000000)
  region size 1024K, 19 young (19456K), 2 survivors (2048K)
 Metaspace       used 44893K, capacity 46233K, committed 46464K, reserved 1089536K
  class space    used 6004K, capacity 6418K, committed 6528K, reserved 1048576K
}
Event: 26.796 GC heap after
{Heap after GC invocations=30 (full 0):
 garbage-first heap   total 101376K, used 62112K [0x00000000c0000000, 0x0000000100000000)
  region size 1024K, 3 young (3072K), 3 survivors (3072K)
 Metaspace       used 44893K, capacity 46233K, committed 46464K, reserved 1089536K
  class space    used 6004K, capacity 6418K, committed 6528K, reserved 1048576K
}
Event: 27.603 GC heap before
{Heap before GC invocations=31 (full 0):
 garbage-first heap   total 106496K, used 78496K [0x00000000c0000000, 0x0000000100000000)
  region size 1024K, 19 young (19456K), 3 survivors (3072K)
 Metaspace       used 46246K, capacity 47578K, committed 47872K, reserved 1091584K
  class space    used 6176K, capacity 6583K, committed 6656K, reserved 1048576K
}
Event: 27.618 GC heap after
{Heap after GC invocations=32 (full 0):
 garbage-first heap   total 106496K, used 62676K [0x00000000c0000000, 0x0000000100000000)
  region size 1024K, 2 young (2048K), 2 survivors (2048K)
 Metaspace       used 46246K, capacity 47578K, committed 47872K, reserved 1091584K
  class space    used 6176K, capacity 6583K, committed 6656K, reserved 1048576K
}
Event: 27.797 GC heap before
{Heap before GC invocations=32 (full 0):
 garbage-first heap   total 106496K, used 68820K [0x00000000c0000000, 0x0000000100000000)
  region size 1024K, 9 young (9216K), 2 survivors (2048K)
 Metaspace       used 47018K, capacity 48378K, committed 48512K, reserved 1091584K
  class space    used 6282K, capacity 6679K, committed 6784K, reserved 1048576K
}
Event: 27.804 GC heap after
{Heap after GC invocations=33 (full 0):
 garbage-first heap   total 128000K, used 63028K [0x00000000c0000000, 0x0000000100000000)
  region size 1024K, 2 young (2048K), 2 survivors (2048K)
 Metaspace       used 47018K, capacity 48378K, committed 48512K, reserved 1091584K
  class space    used 6282K, capacity 6679K, committed 6784K, reserved 1048576K
}

Deoptimization events (20 events):
Event: 27.039 Thread 0x000001783093f800 DEOPT PACKING pc=0x000001781c2fe1fd sp=0x000000312edf36c0
Event: 27.039 Thread 0x000001783093f800 DEOPT UNPACKING pc=0x000001781b44994e sp=0x000000312edf2b78 mode 0
Event: 27.039 Thread 0x000001783093f800 DEOPT PACKING pc=0x000001781c2fe1fd sp=0x000000312edf36c0
Event: 27.039 Thread 0x000001783093f800 DEOPT UNPACKING pc=0x000001781b44994e sp=0x000000312edf2b78 mode 0
Event: 27.039 Thread 0x000001783093f800 DEOPT PACKING pc=0x000001781c2fe1fd sp=0x000000312edf36c0
Event: 27.039 Thread 0x000001783093f800 DEOPT UNPACKING pc=0x000001781b44994e sp=0x000000312edf2b78 mode 0
Event: 27.040 Thread 0x000001783093f800 DEOPT PACKING pc=0x000001781c2fe1fd sp=0x000000312edf36c0
Event: 27.040 Thread 0x000001783093f800 DEOPT UNPACKING pc=0x000001781b44994e sp=0x000000312edf2b78 mode 0
Event: 27.042 Thread 0x000001783093f800 DEOPT PACKING pc=0x000001781c2fe1fd sp=0x000000312edf36c0
Event: 27.042 Thread 0x000001783093f800 DEOPT UNPACKING pc=0x000001781b44994e sp=0x000000312edf2b78 mode 0
Event: 27.042 Thread 0x000001783093f800 DEOPT PACKING pc=0x000001781c2fe1fd sp=0x000000312edf36c0
Event: 27.042 Thread 0x000001783093f800 DEOPT UNPACKING pc=0x000001781b44994e sp=0x000000312edf2b78 mode 0
Event: 27.043 Thread 0x000001783093f800 DEOPT PACKING pc=0x000001781c2fe1fd sp=0x000000312edf36c0
Event: 27.043 Thread 0x000001783093f800 DEOPT UNPACKING pc=0x000001781b44994e sp=0x000000312edf2b78 mode 0
Event: 27.043 Thread 0x000001783093f800 DEOPT PACKING pc=0x000001781c2fe1fd sp=0x000000312edf36c0
Event: 27.043 Thread 0x000001783093f800 DEOPT UNPACKING pc=0x000001781b44994e sp=0x000000312edf2b78 mode 0
Event: 27.050 Thread 0x000001783093f800 DEOPT PACKING pc=0x000001781c2fe1fd sp=0x000000312edf3980
Event: 27.050 Thread 0x000001783093f800 DEOPT UNPACKING pc=0x000001781b44994e sp=0x000000312edf2e38 mode 0
Event: 27.861 Thread 0x000001783093f800 DEOPT PACKING pc=0x000001781bc1ee07 sp=0x000000312edf7ad0
Event: 27.861 Thread 0x000001783093f800 DEOPT UNPACKING pc=0x000001781b44994e sp=0x000000312edf7058 mode 0

Classes unloaded (0 events):
No events

Classes redefined (0 events):
No events

Internal exceptions (20 events):
Event: 24.532 Thread 0x000001783093f800 Exception <a 'java/lang/ClassNotFoundException'{0x00000000c5a7e4b0}: build_4v2ts71y8k3sndafics4hktzaCustomizer> (0x00000000c5a7e4b0) 
thrown [t:/workspace/open/src/hotspot/share/classfile/systemDictionary.cpp, line 232]
Event: 24.711 Thread 0x000001783093f800 Exception <a 'java/lang/NoSuchMethodError'{0x00000000c527d978}: 'void java.lang.invoke.DirectMethodHandle$Holder.invokeStatic(java.lang.Object, java.lang.Object, java.lang.Object, java.lang.Object, java.lang.Object)'> (0x00000000c527d978) 
thrown [t:/workspace/open/src/hotspot/share/interpreter/linkResolver.cpp, line 767]
Event: 24.857 Thread 0x000001783093f800 Exception <a 'java/lang/IncompatibleClassChangeError'{0x00000000c4e86110}: Found class java.lang.Object, but interface was expected> (0x00000000c4e86110) 
thrown [t:/workspace/open/src/hotspot/share/interpreter/linkResolver.cpp, line 833]
Event: 25.081 Thread 0x000001783093f800 Exception <a 'java/lang/NoSuchMethodError'{0x00000000c5c831d0}: 'void java.lang.invoke.DirectMethodHandle$Holder.invokeInterface(java.lang.Object, java.lang.Object)'> (0x00000000c5c831d0) 
thrown [t:/workspace/open/src/hotspot/share/interpreter/linkResolver.cpp, line 767]
Event: 26.099 Thread 0x000001783093f800 Exception <a 'java/lang/NoSuchMethodError'{0x00000000c56ae128}: 'java.lang.Object java.lang.invoke.DirectMethodHandle$Holder.invokeSpecial(java.lang.Object, java.lang.Object, java.lang.Object, java.lang.Object, java.lang.Object, java.lang.Object, java.lang.Object, java.lang.Object, java.lang.Object, java.lang.Object, java.lang.Object, java.lang.Object, java.lang.Object, java.lang.Object, java.lang.Object, java.lang.Object, java.lang.Object, java.lang.Object)'> (0x00000000c56ae128) 
thrown [t:/workspace/ope
Event: 26.100 Thread 0x000001783093f800 Exception <a 'java/lang/NoSuchMethodError'{0x00000000c56b40d8}: 'java.lang.Object java.lang.invoke.DelegatingMethodHandle$Holder.reinvoke_L(java.lang.Object, java.lang.Object, java.lang.Object, java.lang.Object, java.lang.Object, java.lang.Object, java.lang.Object, java.lang.Object, java.lang.Object, java.lang.Object, java.lang.Object, java.lang.Object, java.lang.Object, java.lang.Object, java.lang.Object, java.lang.Object, java.lang.Object)'> (0x00000000c56b40d8) 
thrown [t:/workspace/open/src/hotspot/sha
Event: 26.101 Thread 0x000001783093f800 Exception <a 'java/lang/NoSuchMethodError'{0x00000000c56bd830}: 'java.lang.Object java.lang.invoke.DirectMethodHandle$Holder.invokeSpecial(java.lang.Object, java.lang.Object, java.lang.Object, java.lang.Object, java.lang.Object, java.lang.Object, java.lang.Object, java.lang.Object, java.lang.Object, java.lang.Object, java.lang.Object, java.lang.Object, java.lang.Object, java.lang.Object, java.lang.Object, java.lang.Object, java.lang.Object)'> (0x00000000c56bd830) 
thrown [t:/workspace/open/src/hotspot/shar
Event: 26.102 Thread 0x000001783093f800 Exception <a 'java/lang/NoSuchMethodError'{0x00000000c56c28e0}: 'java.lang.Object java.lang.invoke.Invokers$Holder.invoker(java.lang.Object, java.lang.Object, java.lang.Object, java.lang.Object, java.lang.Object, java.lang.Object, java.lang.Object, java.lang.Object, java.lang.Object, java.lang.Object, java.lang.Object, java.lang.Object, java.lang.Object, java.lang.Object, java.lang.Object, java.lang.Object, java.lang.Object)'> (0x00000000c56c28e0) 
thrown [t:/workspace/open/src/hotspot/share/interpreter/li
Event: 26.104 Thread 0x000001783093f800 Exception <a 'java/lang/NoSuchMethodError'{0x00000000c56c8270}: 'java.lang.Object java.lang.invoke.DelegatingMethodHandle$Holder.delegate(java.lang.Object, java.lang.Object, java.lang.Object, java.lang.Object, java.lang.Object, java.lang.Object, java.lang.Object, java.lang.Object, java.lang.Object, java.lang.Object, java.lang.Object, java.lang.Object, java.lang.Object, java.lang.Object, java.lang.Object, java.lang.Object, java.lang.Object)'> (0x00000000c56c8270) 
thrown [t:/workspace/open/src/hotspot/share
Event: 26.132 Thread 0x000001783093f800 Exception <a 'java/lang/NoSuchMethodError'{0x00000000c551bbf0}: 'java.lang.Object java.lang.invoke.DirectMethodHandle$Holder.invokeStatic(java.lang.Object, java.lang.Object, java.lang.Object, java.lang.Object, java.lang.Object, java.lang.Object, java.lang.Object, java.lang.Object, java.lang.Object, java.lang.Object, java.lang.Object, java.lang.Object, java.lang.Object, java.lang.Object, java.lang.Object)'> (0x00000000c551bbf0) 
thrown [t:/workspace/open/src/hotspot/share/interpreter/linkResolver.cpp, line 
Event: 26.135 Thread 0x000001783093f800 Exception <a 'java/lang/NoSuchMethodError'{0x00000000c5529298}: 'java.lang.Object java.lang.invoke.DirectMethodHandle$Holder.invokeStatic(java.lang.Object, java.lang.Object, java.lang.Object, java.lang.Object, java.lang.Object, java.lang.Object, java.lang.Object, java.lang.Object, java.lang.Object, java.lang.Object, java.lang.Object, java.lang.Object, java.lang.Object, java.lang.Object, java.lang.Object, java.lang.Object)'> (0x00000000c5529298) 
thrown [t:/workspace/open/src/hotspot/share/interpreter/linkR
Event: 26.144 Thread 0x000001783093f800 Exception <a 'java/lang/NoSuchMethodError'{0x00000000c5550548}: 'java.lang.Object java.lang.invoke.DirectMethodHandle$Holder.invokeStatic(java.lang.Object, java.lang.Object, java.lang.Object, java.lang.Object, java.lang.Object, java.lang.Object, java.lang.Object, java.lang.Object, java.lang.Object, java.lang.Object, java.lang.Object, java.lang.Object, java.lang.Object, java.lang.Object, java.lang.Object, java.lang.Object, java.lang.Object)'> (0x00000000c5550548) 
thrown [t:/workspace/open/src/hotspot/share
Event: 26.151 Thread 0x000001783093f800 Exception <a 'java/lang/NoSuchMethodError'{0x00000000c5575ef8}: 'java.lang.Object java.lang.invoke.DirectMethodHandle$Holder.invokeStatic(java.lang.Object, java.lang.Object, java.lang.Object, java.lang.Object, java.lang.Object, java.lang.Object, java.lang.Object, java.lang.Object, java.lang.Object, java.lang.Object, java.lang.Object, java.lang.Object, java.lang.Object, java.lang.Object, java.lang.Object, java.lang.Object, java.lang.Object, java.lang.Object)'> (0x00000000c5575ef8) 
thrown [t:/workspace/open
Event: 26.159 Thread 0x000001783093f800 Exception <a 'java/lang/NoSuchMethodError'{0x00000000c559d778}: 'java.lang.Object java.lang.invoke.DirectMethodHandle$Holder.invokeStatic(java.lang.Object, java.lang.Object, java.lang.Object, java.lang.Object, java.lang.Object, java.lang.Object, java.lang.Object, java.lang.Object, java.lang.Object, java.lang.Object, java.lang.Object, java.lang.Object, java.lang.Object, java.lang.Object, java.lang.Object, java.lang.Object, java.lang.Object, java.lang.Object, java.lang.Object)'> (0x00000000c559d778) 
thrown 
Event: 26.163 Thread 0x000001783093f800 Exception <a 'java/lang/NoSuchMethodError'{0x00000000c55c67c0}: 'java.lang.Object java.lang.invoke.DirectMethodHandle$Holder.invokeStatic(java.lang.Object, java.lang.Object, java.lang.Object, java.lang.Object, java.lang.Object, java.lang.Object, java.lang.Object, java.lang.Object, java.lang.Object, java.lang.Object, java.lang.Object, java.lang.Object, java.lang.Object, java.lang.Object, java.lang.Object, java.lang.Object, java.lang.Object, java.lang.Object, java.lang.Object, java.lang.Object)'> (0x00000000
Event: 26.495 Thread 0x000001783093f800 Implicit null exception at 0x00000178230b57bd to 0x00000178230b5aaa
Event: 27.473 Thread 0x000001783093f800 Exception <a 'java/lang/ClassNotFoundException'{0x00000000c5bf5a28}: com/android/build/gradle/internal/api/DefaultAndroidSourceSet_DecoratedBeanInfo> (0x00000000c5bf5a28) 
thrown [t:/workspace/open/src/hotspot/share/classfile/systemDictionary.cpp, line 232]
Event: 27.477 Thread 0x000001783093f800 Exception <a 'java/lang/ClassNotFoundException'{0x00000000c5a0a010}: com/android/build/gradle/internal/api/DefaultAndroidSourceSetBeanInfo> (0x00000000c5a0a010) 
thrown [t:/workspace/open/src/hotspot/share/classfile/systemDictionary.cpp, line 232]
Event: 27.478 Thread 0x000001783093f800 Exception <a 'java/lang/ClassNotFoundException'{0x00000000c5a1e190}: com/android/build/gradle/internal/api/DefaultAndroidSourceSetCustomizer> (0x00000000c5a1e190) 
thrown [t:/workspace/open/src/hotspot/share/classfile/systemDictionary.cpp, line 232]
Event: 27.483 Thread 0x000001783093f800 Exception <a 'java/lang/ClassNotFoundException'{0x00000000c5a64868}: com/android/build/gradle/internal/api/DefaultAndroidSourceSet_DecoratedCustomizer> (0x00000000c5a64868) 
thrown [t:/workspace/open/src/hotspot/share/classfile/systemDictionary.cpp, line 232]

Events (20 events):
Event: 28.166 loading class com/android/tools/build/jetifier/core/PackageMap
Event: 28.166 loading class com/android/tools/build/jetifier/core/PackageMap done
Event: 28.167 loading class com/android/tools/build/jetifier/core/PackageMap$Companion
Event: 28.167 loading class com/android/tools/build/jetifier/core/PackageMap$Companion done
Event: 28.167 loading class com/android/tools/build/jetifier/core/pom/PomRewriteRule
Event: 28.167 loading class com/android/tools/build/jetifier/core/pom/PomRewriteRule done
Event: 28.169 loading class com/android/tools/build/jetifier/core/pom/PomRewriteRule$Companion
Event: 28.169 loading class com/android/tools/build/jetifier/core/pom/PomRewriteRule$Companion done
Event: 28.172 loading class com/android/tools/build/jetifier/core/pom/DependencyVersionsMap
Event: 28.172 loading class com/android/tools/build/jetifier/core/pom/DependencyVersionsMap done
Event: 28.173 loading class com/android/tools/build/jetifier/core/pom/DependencyVersionsMap$Companion
Event: 28.173 loading class com/android/tools/build/jetifier/core/pom/DependencyVersionsMap$Companion done
Event: 28.173 loading class kotlin/collections/EmptyMap
Event: 28.173 loading class kotlin/collections/EmptyMap done
Event: 28.175 loading class com/android/tools/build/jetifier/core/type/JavaType
Event: 28.175 loading class com/android/tools/build/jetifier/core/type/JavaType done
Event: 28.176 loading class com/android/tools/build/jetifier/core/type/JavaType$Companion
Event: 28.176 loading class com/android/tools/build/jetifier/core/type/JavaType$Companion done
Event: 28.190 loading class com/android/tools/build/jetifier/core/type/TypesMap
Event: 28.190 loading class com/android/tools/build/jetifier/core/type/TypesMap done


Dynamic libraries:
0x00007ff6585c0000 - 0x00007ff6585cf000 	C:\Program Files\Java\jdk-13.0.2\bin\java.exe
0x00007ff9f88b0000 - 0x00007ff9f8a9d000 	C:\Windows\SYSTEM32\ntdll.dll
0x00007ff9f5ad0000 - 0x00007ff9f5b83000 	C:\Windows\System32\KERNEL32.DLL
0x00007ff9f4d00000 - 0x00007ff9f4f95000 	C:\Windows\System32\KERNELBASE.dll
0x00007ff9f4a40000 - 0x00007ff9f4b3a000 	C:\Windows\System32\ucrtbase.dll
0x00007ff9edc20000 - 0x00007ff9edc38000 	C:\Program Files\Java\jdk-13.0.2\bin\jli.dll
0x00007ff9f7be0000 - 0x00007ff9f7c83000 	C:\Windows\System32\ADVAPI32.dll
0x00007ff9f82a0000 - 0x00007ff9f833e000 	C:\Windows\System32\msvcrt.dll
0x00007ff9f7980000 - 0x00007ff9f7a1e000 	C:\Windows\System32\sechost.dll
0x00007ff9f8470000 - 0x00007ff9f8592000 	C:\Windows\System32\RPCRT4.dll
0x00007ff9f77e0000 - 0x00007ff9f7977000 	C:\Windows\System32\USER32.dll
0x00007ff9f4ce0000 - 0x00007ff9f4d00000 	C:\Windows\System32\win32u.dll
0x00007ff9f8240000 - 0x00007ff9f8269000 	C:\Windows\System32\GDI32.dll
0x00007ff9f4b40000 - 0x00007ff9f4cd9000 	C:\Windows\System32\gdi32full.dll
0x00007ff9f5740000 - 0x00007ff9f57e0000 	C:\Windows\System32\msvcp_win.dll
0x00007ff9e1f10000 - 0x00007ff9e2189000 	C:\Windows\WinSxS\amd64_microsoft.windows.common-controls_6595b64144ccf1df_6.0.17763.1217_none_de6e4304534e0ad3\COMCTL32.dll
0x00007ff9f5fb0000 - 0x00007ff9f62dc000 	C:\Windows\System32\combase.dll
0x00007ff9f5a20000 - 0x00007ff9f5a9e000 	C:\Windows\System32\bcryptPrimitives.dll
0x00007ff9f0370000 - 0x00007ff9f037a000 	C:\Windows\SYSTEM32\VERSION.dll
0x00007ff9ebb80000 - 0x00007ff9ebb95000 	C:\Program Files\Java\jdk-13.0.2\bin\VCRUNTIME140.dll
0x00007ff9f8270000 - 0x00007ff9f829e000 	C:\Windows\System32\IMM32.DLL
0x00007ff9eabf0000 - 0x00007ff9eac8b000 	C:\Program Files\Java\jdk-13.0.2\bin\msvcp140.dll
0x00007ff9ce440000 - 0x00007ff9cef9d000 	C:\Program Files\Java\jdk-13.0.2\bin\server\jvm.dll
0x00007ff9f85a0000 - 0x00007ff9f85a8000 	C:\Windows\System32\PSAPI.DLL
0x00007ff9f10d0000 - 0x00007ff9f10d9000 	C:\Windows\SYSTEM32\WSOCK32.dll
0x00007ff9f85b0000 - 0x00007ff9f861d000 	C:\Windows\System32\WS2_32.dll
0x00007ff9f28e0000 - 0x00007ff9f2904000 	C:\Windows\SYSTEM32\WINMM.dll
0x00007ff9f28b0000 - 0x00007ff9f28dd000 	C:\Windows\SYSTEM32\WINMMBASE.dll
0x00007ff9f56f0000 - 0x00007ff9f573a000 	C:\Windows\System32\cfgmgr32.dll
0x00007ff9f4920000 - 0x00007ff9f4931000 	C:\Windows\System32\kernel.appcore.dll
0x00007ff9f1160000 - 0x00007ff9f1170000 	C:\Program Files\Java\jdk-13.0.2\bin\verify.dll
0x00007ff9e3a50000 - 0x00007ff9e3c3d000 	C:\Windows\SYSTEM32\DBGHELP.DLL
0x00007ff9e3a20000 - 0x00007ff9e3a4a000 	C:\Windows\SYSTEM32\dbgcore.DLL
0x00007ff9eb4a0000 - 0x00007ff9eb4c6000 	C:\Program Files\Java\jdk-13.0.2\bin\java.dll
0x00007ff9eba20000 - 0x00007ff9eba37000 	C:\Program Files\Java\jdk-13.0.2\bin\zip.dll
0x00007ff9ee770000 - 0x00007ff9ee77a000 	C:\Program Files\Java\jdk-13.0.2\bin\jimage.dll
0x00007ff9f62e0000 - 0x00007ff9f77d4000 	C:\Windows\System32\SHELL32.dll
0x00007ff9f87d0000 - 0x00007ff9f8878000 	C:\Windows\System32\shcore.dll
0x00007ff9f4fa0000 - 0x00007ff9f56ee000 	C:\Windows\System32\windows.storage.dll
0x00007ff9f4940000 - 0x00007ff9f4964000 	C:\Windows\System32\profapi.dll
0x00007ff9f48c0000 - 0x00007ff9f491d000 	C:\Windows\System32\powrprof.dll
0x00007ff9f5c90000 - 0x00007ff9f5ce2000 	C:\Windows\System32\shlwapi.dll
0x00007ff9f4970000 - 0x00007ff9f4987000 	C:\Windows\System32\cryptsp.dll
0x00007ff9eabd0000 - 0x00007ff9eabe9000 	C:\Program Files\Java\jdk-13.0.2\bin\net.dll
0x00007ff9e8990000 - 0x00007ff9e8a82000 	C:\Windows\SYSTEM32\WINHTTP.dll
0x00007ff9f40c0000 - 0x00007ff9f4127000 	C:\Windows\system32\mswsock.dll
0x00007ff9eabb0000 - 0x00007ff9eabc3000 	C:\Program Files\Java\jdk-13.0.2\bin\nio.dll
0x00007ff9ddd10000 - 0x00007ff9ddd36000 	C:\Users\ELCOT\.gradle\caches\gradle-6.5\native\31\windows-amd64\native-platform.dll
0x00007ff9edcd0000 - 0x00007ff9edcd9000 	C:\Program Files\Java\jdk-13.0.2\bin\management.dll
0x00007ff9edb70000 - 0x00007ff9edb7b000 	C:\Program Files\Java\jdk-13.0.2\bin\management_ext.dll
0x00007ff9f3bf0000 - 0x00007ff9f3c23000 	C:\Windows\system32\rsaenh.dll
0x00007ff9f5aa0000 - 0x00007ff9f5ac6000 	C:\Windows\System32\bcrypt.dll
0x00007ff9f47a0000 - 0x00007ff9f47c8000 	C:\Windows\SYSTEM32\USERENV.dll
0x00007ff9f4240000 - 0x00007ff9f424c000 	C:\Windows\SYSTEM32\CRYPTBASE.dll
0x00007ff9f3df0000 - 0x00007ff9f3e2d000 	C:\Windows\SYSTEM32\IPHLPAPI.DLL
0x00007ff9f5cf0000 - 0x00007ff9f5cf8000 	C:\Windows\System32\NSI.dll
0x00007ff9ec560000 - 0x00007ff9ec576000 	C:\Windows\SYSTEM32\dhcpcsvc6.DLL
0x00007ff9ec540000 - 0x00007ff9ec55c000 	C:\Windows\SYSTEM32\dhcpcsvc.DLL
0x00007ff9f3e40000 - 0x00007ff9f3f07000 	C:\Windows\SYSTEM32\DNSAPI.dll

dbghelp: loaded successfully - version: 4.0.5 - missing functions: none
symbol engine: initialized successfully - sym options: 0x614 - pdb path: .;C:\Program Files\Java\jdk-13.0.2\bin;C:\Windows\SYSTEM32;C:\Windows\WinSxS\amd64_microsoft.windows.common-controls_6595b64144ccf1df_6.0.17763.1217_none_de6e4304534e0ad3;C:\Program Files\Java\jdk-13.0.2\bin\server;C:\Users\ELCOT\.gradle\caches\gradle-6.5\native\31\windows-amd64

VM Arguments:
jvm_args: --add-opens=java.base/java.util=ALL-UNNAMED --add-opens=java.base/java.lang=ALL-UNNAMED --add-opens=java.base/java.lang.invoke=ALL-UNNAMED --add-opens=java.prefs/java.util.prefs=ALL-UNNAMED -Xmx1024m -Dfile.encoding=windows-1252 -Duser.country=IN -Duser.language=en -Duser.variant 
java_command: org.gradle.launcher.daemon.bootstrap.GradleDaemon 6.1.1
java_class_path (initial): C:\Users\ELCOT\.gradle\caches\gradle-6.5\wrapper\dists\gradle-6.1.1-all\cfmwm155h49vnt3hynmlrsdst\gradle-6.1.1\lib\gradle-launcher-6.1.1.jar
Launcher Type: SUN_STANDARD

[Global flags]
     intx CICompilerCount                          = 2                                         {product} {ergonomic}
     uint ConcGCThreads                            = 1                                         {product} {ergonomic}
     uint G1ConcRefinementThreads                  = 2                                         {product} {ergonomic}
   size_t G1HeapRegionSize                         = 1048576                                   {product} {ergonomic}
    uintx GCDrainStackTargetSize                   = 64                                        {product} {ergonomic}
   size_t InitialHeapSize                          = 65011712                                  {product} {ergonomic}
   size_t MarkStackSize                            = 4194304                                   {product} {ergonomic}
   size_t MaxHeapSize                              = 1073741824                                {product} {command line}
   size_t MaxNewSize                               = 643825664                                 {product} {ergonomic}
   size_t MinHeapDeltaBytes                        = 1048576                                   {product} {ergonomic}
   size_t MinHeapSize                              = 8388608                                   {product} {ergonomic}
    uintx NonNMethodCodeHeapSize                   = 5826188                                {pd product} {ergonomic}
    uintx NonProfiledCodeHeapSize                  = 122916026                              {pd product} {ergonomic}
    uintx ProfiledCodeHeapSize                     = 122916026                              {pd product} {ergonomic}
    uintx ReservedCodeCacheSize                    = 251658240                              {pd product} {ergonomic}
     bool SegmentedCodeCache                       = true                                      {product} {ergonomic}
   size_t SoftMaxHeapSize                          = 1073741824                             {manageable} {ergonomic}
     bool UseCompressedClassPointers               = true                                 {lp64_product} {ergonomic}
     bool UseCompressedOops                        = true                                 {lp64_product} {ergonomic}
     bool UseG1GC                                  = true                                      {product} {ergonomic}
     bool UseLargePagesIndividualAllocation        = false                                  {pd product} {ergonomic}

Logging:
Log output configuration:
 #0: stdout all=warning uptime,level,tags
 #1: stderr all=off uptime,level,tags

Environment Variables:
JAVA_HOME=C:\Program Files\Android\Android Studio\jre
PATH=C:\Program Files\AdoptOpenJDK\jdk-11.0.7.10-hotspot\bin;C:\Program Files (x86)\Common Files\Oracle\Java\javapath;C:\MinGW\bin;C:\Windows\system32;C:\Windows;C:\Windows\System32\Wbem;C:\Windows\System32\WindowsPowerShell\v1.0\;C:\Windows\System32\OpenSSH\;C:\Program Files\nodejs\;C:\Users\ELCOT\Downloads\python-3.8.2;C:\Program Files\Dart\dart-sdk\bin;C:\drivers\chromedriver_win32.zip;C:\src\flutter\flutter_windows_v1.12.13+hotfix.9-stable\flutter\bin;C:\Program Files (x86)\Android\android-sdk\platforms\platform-tools;C:\Program Files (x86)\Android\android-sdk\platform-tools\api;C:\Downloads\installer_r16-windows.exe;C:\ProgramData\Microsoft\Windows\Start Menu\Programs\Android SDK Tools;D:\kishoreAndroid\Android\Android Studio\bin;D:\kishoreAndroid\Android\Android Studio;C:\ProgramData\Microsoft\Windows\Start Menu\Programs\Visual Studio Emulator for Android.lnk;C:\Downloads\vs_emulatorsetup.exe;C:\Program Files (x86)\Android\android-sdk\SDK Manager;D:\Kishore\platforms;C:\Users\ELCOT\AppData\Local\Programs\Python\Python38\Scripts\;C:\Users\;C:\Program Files\Android\Android Studio\jre;C:\Program Files\Java\jdk-13.0.2\bin;C:\Program Files\Java\jre1.8.0_251\bin;C:\Program Files (x86)\Android\platform-tools;C:\Downloads\python-3.8.2.exe;C:\Program Files\dotnet\;C:\Program Files\Microsoft SQL Server\130\Tools\Binn\;C:\Program Files\Microsoft SQL Server\Client SDK\ODBC\170\Tools\Binn\;D:\Git\cmd;C:\Users\ELCOT\AppData\Roaming\npm;D:\modelsim_ase\win32aloem;C:\Users\ELCOT\AppData\Local\Programs\Python\Python39\Scripts\;C:\Users\ELCOT\AppData\Local\Programs\Python\Python39\;C:\Users\ELCOT\AppData\Local\ValidatorBuddy;C:\Users\ELCOT\AppData\Local\Programs\Python\Python38;C:\src\flutter\bin;D:\Heroku\bin;D:\Microsoft VS Code\bin;C:\Users\ELCOT\AppData\Roaming\npm\node_modules\firebase\node_modules\protobufjs\bin;
USERNAME=ELCOT
OS=Windows_NT
PROCESSOR_IDENTIFIER=AMD64 Family 21 Model 112 Stepping 0, AuthenticAMD



---------------  S Y S T E M  ---------------

OS: Windows 10 , 64 bit Build 17763 (10.0.17763.1158)
HyperV virtualization detected

CPU:total 2 (initial active 2) (2 cores per cpu, 1 threads per core) family 21 model 112 stepping 0, cmov, cx8, fxsr, mmx, sse, sse2, sse3, ssse3, sse4.1, sse4.2, popcnt, avx, avx2, aes, clmul, mmxext, 3dnowpref, lzcnt, sse4a, tsc, tscinvbit, tscinv, bmi1, bmi2, fma

Memory: 4k page, system-wide physical 3935M (467M free)
TotalPageFile size 5322M (AvailPageFile size 5M)
current process WorkingSet (physical memory assigned to process): 268M, peak: 268M
current process commit charge ("private bytes"): 314M, peak: 315M

vm_info: Java HotSpot(TM) 64-Bit Server VM (13.0.2+8) for windows-amd64 JRE (13.0.2+8), built on Dec 11 2019 09:20:33 by "mach5one" with unknown MS VC++:1916

END.
