#
# There is insufficient memory for the Java Runtime Environment to continue.
# Native memory allocation (malloc) failed to allocate 2257136 bytes for Chunk::new
# Possible reasons:
#   The system is out of physical RAM or swap space
#   The process is running with CompressedOops enabled, and the Java Heap may be blocking the growth of the native heap
# Possible solutions:
#   Reduce memory load on the system
#   Increase physical memory or swap space
#   Check if swap backing store is full
#   Decrease Java heap size (-Xmx/-Xms)
#   Decrease number of Java threads
#   Decrease Java thread stack sizes (-Xss)
#   Set larger code cache with -XX:ReservedCodeCacheSize=
#   JVM is running with Unscaled Compressed Oops mode in which the Java heap is
#     placed in the first 4GB address space. The Java Heap base address is the
#     maximum limit for the native heap growth. Please use -XX:HeapBaseMinAddress
#     to set the Java Heap base and to place the Java Heap above 4GB virtual address.
# This output file may be truncated or incomplete.
#
#  Out of Memory Error (t:/workspace/open/src/hotspot/share/memory/arena.cpp:196), pid=2220, tid=6672
#
# JRE version: Java(TM) SE Runtime Environment (13.0.2+8) (build 13.0.2+8)
# Java VM: Java HotSpot(TM) 64-Bit Server VM (13.0.2+8, mixed mode, sharing, tiered, compressed oops, g1 gc, windows-amd64)
# No core dump will be written. Minidumps are not enabled by default on client versions of Windows
#

---------------  S U M M A R Y ------------

Command Line: --add-opens=java.base/java.util=ALL-UNNAMED --add-opens=java.base/java.lang=ALL-UNNAMED --add-opens=java.base/java.lang.invoke=ALL-UNNAMED --add-opens=java.prefs/java.util.prefs=ALL-UNNAMED -Xmx1024m -Dfile.encoding=windows-1252 -Duser.country=IN -Duser.language=en -Duser.variant org.gradle.launcher.daemon.bootstrap.GradleDaemon 6.1.1

Host: AMD PRO A4-4350B R4, 5 COMPUTE CORES 2C+3G     , 2 cores, 3G,  Windows 10 , 64 bit Build 17763 (10.0.17763.1158)
Time: Sat Jan  2 07:06:09 2021 Pacific Standard Time elapsed time: 1499 seconds (0d 0h 24m 59s)

---------------  T H R E A D  ---------------

Current thread (0x0000028ab5968000):  JavaThread "C2 CompilerThread0" daemon [_thread_in_native, id=6672, stack(0x000000feae500000,0x000000feae600000)]


Current CompileTask:
C2:1499534 14179       4       org.gradle.cache.internal.btree.FreeListBlockStore$FreeListBlock::alloc (240 bytes)

Stack: [0x000000feae500000,0x000000feae600000]
Native frames: (J=compiled Java code, j=interpreted, Vv=VM code, C=native code)
V  [jvm.dll+0x624f9a]
V  [jvm.dll+0x770cfa]
V  [jvm.dll+0x7724af]
V  [jvm.dll+0x772ab3]
V  [jvm.dll+0x24bf08]
V  [jvm.dll+0xc1e47]
V  [jvm.dll+0xc23cc]
V  [jvm.dll+0x35c068]
V  [jvm.dll+0x327803]
V  [jvm.dll+0x326bda]
V  [jvm.dll+0x205c27]
V  [jvm.dll+0x204e3f]
V  [jvm.dll+0x189c2c]
V  [jvm.dll+0x213e6d]
V  [jvm.dll+0x2120bb]
V  [jvm.dll+0x736bb6]
V  [jvm.dll+0x72fcaa]
V  [jvm.dll+0x623ea6]
C  [ucrtbase.dll+0x21ffa]
C  [KERNEL32.DLL+0x17974]
C  [ntdll.dll+0x6a271]


---------------  P R O C E S S  ---------------

Threads class SMR info:
_java_thread_list=0x0000028abed819d0, length=35, elements={
0x0000028a99ce1000, 0x0000028ab5945000, 0x0000028ab5948800, 0x0000028ab5964800,
0x0000028ab5966800, 0x0000028ab5968000, 0x0000028ab596d800, 0x0000028ab5982800,
0x0000028ab63aa800, 0x0000028ab63b2000, 0x0000028ab77a0000, 0x0000028ab7156800,
0x0000028ab7680800, 0x0000028ab6870800, 0x0000028ab6871800, 0x0000028ab686f000,
0x0000028ab6874800, 0x0000028aba4bc000, 0x0000028aba4b9000, 0x0000028aba4be000,
0x0000028aba4bd000, 0x0000028aba4be800, 0x0000028aba4bb800, 0x0000028aba4ba800,
0x0000028ab6873000, 0x0000028ab6872000, 0x0000028ab6870000, 0x0000028ab6874000,
0x0000028abedb8800, 0x0000028abedb9800, 0x0000028abedbc800, 0x0000028abedb7000,
0x0000028abedba000, 0x0000028abedb7800, 0x0000028abedbd800
}

Java Threads: ( => current thread )
  0x0000028a99ce1000 JavaThread "main" [_thread_blocked, id=3572, stack(0x000000feada00000,0x000000feadb00000)]
  0x0000028ab5945000 JavaThread "Reference Handler" daemon [_thread_blocked, id=2724, stack(0x000000feae100000,0x000000feae200000)]
  0x0000028ab5948800 JavaThread "Finalizer" daemon [_thread_blocked, id=3692, stack(0x000000feae200000,0x000000feae300000)]
  0x0000028ab5964800 JavaThread "Signal Dispatcher" daemon [_thread_blocked, id=5056, stack(0x000000feae300000,0x000000feae400000)]
  0x0000028ab5966800 JavaThread "Attach Listener" daemon [_thread_blocked, id=5844, stack(0x000000feae400000,0x000000feae500000)]
=>0x0000028ab5968000 JavaThread "C2 CompilerThread0" daemon [_thread_in_native, id=6672, stack(0x000000feae500000,0x000000feae600000)]
  0x0000028ab596d800 JavaThread "C1 CompilerThread0" daemon [_thread_blocked, id=5656, stack(0x000000feae600000,0x000000feae700000)]
  0x0000028ab5982800 JavaThread "Sweeper thread" daemon [_thread_blocked, id=6792, stack(0x000000feae700000,0x000000feae800000)]
  0x0000028ab63aa800 JavaThread "Common-Cleaner" daemon [_thread_blocked, id=9016, stack(0x000000feae800000,0x000000feae900000)]
  0x0000028ab63b2000 JavaThread "Service Thread" daemon [_thread_blocked, id=6648, stack(0x000000feae900000,0x000000feaea00000)]
  0x0000028ab77a0000 JavaThread "Daemon health stats" [_thread_blocked, id=9916, stack(0x000000feaed00000,0x000000feaee00000)]
  0x0000028ab7156800 JavaThread "Incoming local TCP Connector on port 51591" [_thread_in_native, id=8416, stack(0x000000feaee00000,0x000000feaef00000)]
  0x0000028ab7680800 JavaThread "Daemon periodic checks" [_thread_blocked, id=4340, stack(0x000000feaef00000,0x000000feaf000000)]
  0x0000028ab6870800 JavaThread "Cache worker for journal cache (C:\Users\ELCOT\.gradle\caches\gradle-6.5\caches\journal-1)" [_thread_blocked, id=8700, stack(0x000000feaf700000,0x000000feaf800000)]
  0x0000028ab6871800 JavaThread "File lock request listener" [_thread_in_native, id=8972, stack(0x000000feaf800000,0x000000feaf900000)]
  0x0000028ab686f000 JavaThread "Cache worker for file hash cache (C:\Users\ELCOT\.gradle\caches\gradle-6.5\caches\6.1.1\fileHashes)" [_thread_blocked, id=2300, stack(0x000000feaf900000,0x000000feafa00000)]
  0x0000028ab6874800 JavaThread "Cache worker for execution history cache (C:\Users\ELCOT\.gradle\caches\gradle-6.5\caches\6.1.1\executionHistory)" [_thread_blocked, id=8812, stack(0x000000feafe00000,0x000000feaff00000)]
  0x0000028aba4bc000 JavaThread "Daemon Thread 2" [_thread_blocked, id=8740, stack(0x000000fead800000,0x000000fead900000)]
  0x0000028aba4b9000 JavaThread "Handler for socket connection from /127.0.0.1:51591 to /127.0.0.1:51806" [_thread_in_native, id=9636, stack(0x000000fead900000,0x000000feada00000)]
  0x0000028aba4be000 JavaThread "Cancel handler" [_thread_blocked, id=2992, stack(0x000000feaf000000,0x000000feaf100000)]
  0x0000028aba4bd000 JavaThread "Daemon worker Thread 2" [_thread_in_native, id=5304, stack(0x000000feaf100000,0x000000feaf200000)]
  0x0000028aba4be800 JavaThread "Asynchronous log dispatcher for DefaultDaemonConnection: socket connection from /127.0.0.1:51591 to /127.0.0.1:51806" [_thread_blocked, id=2704, stack(0x000000feaf200000,0x000000feaf300000)]
  0x0000028aba4bb800 JavaThread "Stdin handler" [_thread_blocked, id=8896, stack(0x000000feaf300000,0x000000feaf400000)]
  0x0000028aba4ba800 JavaThread "Thread-25" [_thread_blocked, id=8752, stack(0x000000feaf400000,0x000000feaf500000)]
  0x0000028ab6873000 JavaThread "Cache worker for checksums cache (D:\AndroidStudioProjects\DoChat\.gradle\checksums)" [_thread_blocked, id=2908, stack(0x000000feaf500000,0x000000feaf600000)]
  0x0000028ab6872000 JavaThread "Cache worker for file hash cache (D:\AndroidStudioProjects\DoChat\.gradle\6.1.1\fileHashes)" [_thread_blocked, id=7696, stack(0x000000feaf600000,0x000000feaf700000)]
  0x0000028ab6870000 JavaThread "Cache worker for cache directory md-supplier (C:\Users\ELCOT\.gradle\caches\gradle-6.5\caches\6.1.1\md-supplier)" [_thread_blocked, id=8464, stack(0x000000feafa00000,0x000000feafb00000)]
  0x0000028ab6874000 JavaThread "Cache worker for cache directory md-rule (C:\Users\ELCOT\.gradle\caches\gradle-6.5\caches\6.1.1\md-rule)" [_thread_blocked, id=1180, stack(0x000000feafb00000,0x000000feafc00000)]
  0x0000028abedb8800 JavaThread "Build operations" [_thread_blocked, id=1500, stack(0x000000feafc00000,0x000000feafd00000)]
  0x0000028abedb9800 JavaThread "Build operations Thread 2" [_thread_blocked, id=4376, stack(0x000000feafd00000,0x000000feafe00000)]
  0x0000028abedbc800 JavaThread "Cache worker for Build Output Cleanup Cache (D:\AndroidStudioProjects\DoChat\.gradle\buildOutputCleanup)" [_thread_blocked, id=3796, stack(0x000000feaff00000,0x000000feb0000000)]
  0x0000028abedb7000 JavaThread "Memory manager" [_thread_blocked, id=5168, stack(0x000000feb0000000,0x000000feb0100000)]
  0x0000028abedba000 JavaThread "Cache worker for file content cache (C:\Users\ELCOT\.gradle\caches\gradle-6.5\caches\6.1.1\fileContent)" [_thread_blocked, id=3684, stack(0x000000feb0100000,0x000000feb0200000)]
  0x0000028abedb7800 JavaThread "Cache worker for file content cache (D:\AndroidStudioProjects\DoChat\.gradle\6.1.1\fileContent)" [_thread_blocked, id=2968, stack(0x000000feb0200000,0x000000feb0300000)]
  0x0000028abedbd800 JavaThread "Execution worker for ':'" [_thread_in_native, id=5500, stack(0x000000feb0300000,0x000000feb0400000)]

Other Threads:
  0x0000028ab5943800 VMThread "VM Thread" [stack: 0x000000feae000000,0x000000feae100000] [id=10064]
  0x0000028ab63c1800 WatcherThread [stack: 0x000000feaea00000,0x000000feaeb00000] [id=3316]
  0x0000028a99d0e800 GCTaskThread "GC Thread#0" [stack: 0x000000feadb00000,0x000000feadc00000] [id=5560]
  0x0000028ab64d2800 GCTaskThread "GC Thread#1" [stack: 0x000000feaeb00000,0x000000feaec00000] [id=524]
  0x0000028a99d18800 ConcurrentGCThread "G1 Main Marker" [stack: 0x000000feadc00000,0x000000feadd00000] [id=9756]
  0x0000028a99d1a800 ConcurrentGCThread "G1 Conc#0" [stack: 0x000000feadd00000,0x000000feade00000] [id=3560]
  0x0000028a99d69000 ConcurrentGCThread "G1 Refine#0" [stack: 0x000000feade00000,0x000000feadf00000] [id=3000]
  0x0000028ab6e3c800 ConcurrentGCThread "G1 Refine#1" [stack: 0x000000feaec00000,0x000000feaed00000] [id=2576]
  0x0000028a99d6b000 ConcurrentGCThread "G1 Young RemSet Sampling" [stack: 0x000000feadf00000,0x000000feae000000] [id=2504]

Threads with active compile tasks:
C2 CompilerThread0  1499944 14179       4       org.gradle.cache.internal.btree.FreeListBlockStore$FreeListBlock::alloc (240 bytes)

VM state:not at safepoint (normal execution)

VM Mutex/Monitor currently owned by a thread: None

Heap address: 0x00000000c0000000, size: 1024 MB, Compressed Oops mode: 32-bit
Narrow klass base: 0x0000000800000000, Narrow klass shift: 3
Compressed class space size: 1073741824 Address: 0x0000000800b40000

Heap:
 garbage-first heap   total 331776K, used 232240K [0x00000000c0000000, 0x0000000100000000)
  region size 1024K, 41 young (41984K), 2 survivors (2048K)
 Metaspace       used 85066K, capacity 87017K, committed 88960K, reserved 1126400K
  class space    used 10793K, capacity 11445K, committed 11904K, reserved 1048576K
Heap Regions: E=young(eden), S=young(survivor), O=old, HS=humongous(starts), HC=humongous(continues), CS=collection set, F=free, A=archive, TAMS=top-at-mark-start (previous, next)
|   0|0x00000000c0000000, 0x00000000c0100000, 0x00000000c0100000|100%|HS|  |TAMS 0x00000000c0100000, 0x00000000c0000000| Complete 
|   1|0x00000000c0100000, 0x00000000c0200000, 0x00000000c0200000|100%|HC|  |TAMS 0x00000000c0200000, 0x00000000c0100000| Complete 
|   2|0x00000000c0200000, 0x00000000c0300000, 0x00000000c0300000|100%|HC|  |TAMS 0x00000000c0300000, 0x00000000c0200000| Complete 
|   3|0x00000000c0300000, 0x00000000c0400000, 0x00000000c0400000|100%| O|  |TAMS 0x00000000c0400000, 0x00000000c0300000| Untracked 
|   4|0x00000000c0400000, 0x00000000c0500000, 0x00000000c0500000|100%| O|  |TAMS 0x00000000c0500000, 0x00000000c0400000| Untracked 
|   5|0x00000000c0500000, 0x00000000c0600000, 0x00000000c0600000|100%| O|  |TAMS 0x00000000c0600000, 0x00000000c0500000| Complete 
|   6|0x00000000c0600000, 0x00000000c0700000, 0x00000000c0700000|100%| O|  |TAMS 0x00000000c0700000, 0x00000000c0600000| Complete 
|   7|0x00000000c0700000, 0x00000000c0800000, 0x00000000c0800000|100%| O|  |TAMS 0x00000000c0800000, 0x00000000c0700000| Untracked 
|   8|0x00000000c0800000, 0x00000000c0900000, 0x00000000c0900000|100%| O|  |TAMS 0x00000000c0900000, 0x00000000c0800000| Untracked 
|   9|0x00000000c0900000, 0x00000000c0a00000, 0x00000000c0a00000|100%| O|  |TAMS 0x00000000c0a00000, 0x00000000c0900000| Untracked 
|  10|0x00000000c0a00000, 0x00000000c0b00000, 0x00000000c0b00000|100%| O|  |TAMS 0x00000000c0b00000, 0x00000000c0a00000| Complete 
|  11|0x00000000c0b00000, 0x00000000c0c00000, 0x00000000c0c00000|100%| O|  |TAMS 0x00000000c0c00000, 0x00000000c0b00000| Complete 
|  12|0x00000000c0c00000, 0x00000000c0d00000, 0x00000000c0d00000|100%| O|  |TAMS 0x00000000c0d00000, 0x00000000c0c00000| Complete 
|  13|0x00000000c0d00000, 0x00000000c0e00000, 0x00000000c0e00000|100%| O|  |TAMS 0x00000000c0e00000, 0x00000000c0d00000| Untracked 
|  14|0x00000000c0e00000, 0x00000000c0f00000, 0x00000000c0f00000|100%| O|  |TAMS 0x00000000c0f00000, 0x00000000c0e00000| Complete 
|  15|0x00000000c0f00000, 0x00000000c1000000, 0x00000000c1000000|100%| O|  |TAMS 0x00000000c1000000, 0x00000000c0f00000| Complete 
|  16|0x00000000c1000000, 0x00000000c1100000, 0x00000000c1100000|100%| O|  |TAMS 0x00000000c1100000, 0x00000000c1000000| Complete 
|  17|0x00000000c1100000, 0x00000000c1200000, 0x00000000c1200000|100%|HS|  |TAMS 0x00000000c1200000, 0x00000000c1100000| Complete 
|  18|0x00000000c1200000, 0x00000000c1300000, 0x00000000c1300000|100%|HC|  |TAMS 0x00000000c1300000, 0x00000000c1200000| Complete 
|  19|0x00000000c1300000, 0x00000000c1400000, 0x00000000c1400000|100%|HS|  |TAMS 0x00000000c1400000, 0x00000000c1300000| Complete 
|  20|0x00000000c1400000, 0x00000000c1500000, 0x00000000c1500000|100%|HC|  |TAMS 0x00000000c1500000, 0x00000000c1400000| Complete 
|  21|0x00000000c1500000, 0x00000000c1600000, 0x00000000c1600000|100%|HC|  |TAMS 0x00000000c1600000, 0x00000000c1500000| Complete 
|  22|0x00000000c1600000, 0x00000000c1700000, 0x00000000c1700000|100%|HS|  |TAMS 0x00000000c1700000, 0x00000000c1600000| Complete 
|  23|0x00000000c1700000, 0x00000000c1800000, 0x00000000c1800000|100%|HC|  |TAMS 0x00000000c1800000, 0x00000000c1700000| Complete 
|  24|0x00000000c1800000, 0x00000000c1900000, 0x00000000c1900000|100%|HC|  |TAMS 0x00000000c1900000, 0x00000000c1800000| Complete 
|  25|0x00000000c1900000, 0x00000000c1a00000, 0x00000000c1a00000|100%|HC|  |TAMS 0x00000000c1a00000, 0x00000000c1900000| Complete 
|  26|0x00000000c1a00000, 0x00000000c1b00000, 0x00000000c1b00000|100%| O|  |TAMS 0x00000000c1a00000, 0x00000000c1a00000| Untracked 
|  27|0x00000000c1b00000, 0x00000000c1c00000, 0x00000000c1c00000|100%|HS|  |TAMS 0x00000000c1c00000, 0x00000000c1b00000| Complete 
|  28|0x00000000c1c00000, 0x00000000c1d00000, 0x00000000c1d00000|100%|HC|  |TAMS 0x00000000c1d00000, 0x00000000c1c00000| Complete 
|  29|0x00000000c1d00000, 0x00000000c1e00000, 0x00000000c1e00000|100%|HC|  |TAMS 0x00000000c1e00000, 0x00000000c1d00000| Complete 
|  30|0x00000000c1e00000, 0x00000000c1f00000, 0x00000000c1f00000|100%|HC|  |TAMS 0x00000000c1f00000, 0x00000000c1e00000| Complete 
|  31|0x00000000c1f00000, 0x00000000c2000000, 0x00000000c2000000|100%| O|  |TAMS 0x00000000c2000000, 0x00000000c1f00000| Untracked 
|  32|0x00000000c2000000, 0x00000000c2100000, 0x00000000c2100000|100%| O|  |TAMS 0x00000000c2100000, 0x00000000c2000000| Untracked 
|  33|0x00000000c2100000, 0x00000000c2200000, 0x00000000c2200000|100%| O|  |TAMS 0x00000000c2200000, 0x00000000c2100000| Complete 
|  34|0x00000000c2200000, 0x00000000c2300000, 0x00000000c2300000|100%| O|  |TAMS 0x00000000c2300000, 0x00000000c2200000| Untracked 
|  35|0x00000000c2300000, 0x00000000c2400000, 0x00000000c2400000|100%| O|  |TAMS 0x00000000c2300000, 0x00000000c2300000| Untracked 
|  36|0x00000000c2400000, 0x00000000c2500000, 0x00000000c2500000|100%| O|  |TAMS 0x00000000c2500000, 0x00000000c2400000| Complete 
|  37|0x00000000c2500000, 0x00000000c2600000, 0x00000000c2600000|100%| O|  |TAMS 0x00000000c2600000, 0x00000000c2500000| Complete 
|  38|0x00000000c2600000, 0x00000000c2700000, 0x00000000c2700000|100%| O|  |TAMS 0x00000000c2700000, 0x00000000c2600000| Complete 
|  39|0x00000000c2700000, 0x00000000c2800000, 0x00000000c2800000|100%| O|  |TAMS 0x00000000c2800000, 0x00000000c2700000| Complete 
|  40|0x00000000c2800000, 0x00000000c2900000, 0x00000000c2900000|100%| O|  |TAMS 0x00000000c2900000, 0x00000000c2800000| Complete 
|  41|0x00000000c2900000, 0x00000000c2a00000, 0x00000000c2a00000|100%| O|  |TAMS 0x00000000c2a00000, 0x00000000c2900000| Untracked 
|  42|0x00000000c2a00000, 0x00000000c2acc000, 0x00000000c2b00000| 79%| O|  |TAMS 0x00000000c2a00000, 0x00000000c2a00000| Untracked 
|  43|0x00000000c2b00000, 0x00000000c2c00000, 0x00000000c2c00000|100%| O|  |TAMS 0x00000000c2c00000, 0x00000000c2b00000| Complete 
|  44|0x00000000c2c00000, 0x00000000c2c00000, 0x00000000c2d00000|  0%| F|  |TAMS 0x00000000c2c00000, 0x00000000c2c00000| Untracked 
|  45|0x00000000c2d00000, 0x00000000c2e00000, 0x00000000c2e00000|100%|HS|  |TAMS 0x00000000c2e00000, 0x00000000c2d00000| Complete 
|  46|0x00000000c2e00000, 0x00000000c2f00000, 0x00000000c2f00000|100%|HC|  |TAMS 0x00000000c2f00000, 0x00000000c2e00000| Complete 
|  47|0x00000000c2f00000, 0x00000000c3000000, 0x00000000c3000000|100%|HC|  |TAMS 0x00000000c3000000, 0x00000000c2f00000| Complete 
|  48|0x00000000c3000000, 0x00000000c3100000, 0x00000000c3100000|100%|HS|  |TAMS 0x00000000c3100000, 0x00000000c3000000| Complete 
|  49|0x00000000c3100000, 0x00000000c3200000, 0x00000000c3200000|100%|HC|  |TAMS 0x00000000c3200000, 0x00000000c3100000| Complete 
|  50|0x00000000c3200000, 0x00000000c3300000, 0x00000000c3300000|100%| O|  |TAMS 0x00000000c3300000, 0x00000000c3200000| Complete 
|  51|0x00000000c3300000, 0x00000000c3400000, 0x00000000c3400000|100%| O|  |TAMS 0x00000000c3400000, 0x00000000c3300000| Untracked 
|  52|0x00000000c3400000, 0x00000000c3500000, 0x00000000c3500000|100%| O|  |TAMS 0x00000000c3500000, 0x00000000c3400000| Complete 
|  53|0x00000000c3500000, 0x00000000c3600000, 0x00000000c3600000|100%| O|  |TAMS 0x00000000c3600000, 0x00000000c3500000| Complete 
|  54|0x00000000c3600000, 0x00000000c3700000, 0x00000000c3700000|100%| O|  |TAMS 0x00000000c3700000, 0x00000000c3600000| Untracked 
|  55|0x00000000c3700000, 0x00000000c3800000, 0x00000000c3800000|100%| O|  |TAMS 0x00000000c3800000, 0x00000000c3700000| Untracked 
|  56|0x00000000c3800000, 0x00000000c3900000, 0x00000000c3900000|100%| O|  |TAMS 0x00000000c3900000, 0x00000000c3800000| Untracked 
|  57|0x00000000c3900000, 0x00000000c3a00000, 0x00000000c3a00000|100%| O|  |TAMS 0x00000000c3a00000, 0x00000000c3900000| Complete 
|  58|0x00000000c3a00000, 0x00000000c3b00000, 0x00000000c3b00000|100%| O|  |TAMS 0x00000000c3b00000, 0x00000000c3a00000| Complete 
|  59|0x00000000c3b00000, 0x00000000c3c00000, 0x00000000c3c00000|100%| O|  |TAMS 0x00000000c3c00000, 0x00000000c3b00000| Complete 
|  60|0x00000000c3c00000, 0x00000000c3d00000, 0x00000000c3d00000|100%| O|  |TAMS 0x00000000c3d00000, 0x00000000c3c00000| Complete 
|  61|0x00000000c3d00000, 0x00000000c3e00000, 0x00000000c3e00000|100%| O|  |TAMS 0x00000000c3e00000, 0x00000000c3d00000| Complete 
|  62|0x00000000c3e00000, 0x00000000c3f00000, 0x00000000c3f00000|100%| O|  |TAMS 0x00000000c3f00000, 0x00000000c3e00000| Complete 
|  63|0x00000000c3f00000, 0x00000000c4000000, 0x00000000c4000000|100%| O|  |TAMS 0x00000000c4000000, 0x00000000c3f00000| Complete 
|  64|0x00000000c4000000, 0x00000000c4000000, 0x00000000c4100000|  0%| F|  |TAMS 0x00000000c4000000, 0x00000000c4000000| Untracked 
|  65|0x00000000c4100000, 0x00000000c4200000, 0x00000000c4200000|100%| O|  |TAMS 0x00000000c4200000, 0x00000000c4100000| Complete 
|  66|0x00000000c4200000, 0x00000000c4300000, 0x00000000c4300000|100%| O|  |TAMS 0x00000000c4300000, 0x00000000c4200000| Complete 
|  67|0x00000000c4300000, 0x00000000c4400000, 0x00000000c4400000|100%| O|  |TAMS 0x00000000c4400000, 0x00000000c4300000| Complete 
|  68|0x00000000c4400000, 0x00000000c4500000, 0x00000000c4500000|100%| O|  |TAMS 0x00000000c4500000, 0x00000000c4400000| Complete 
|  69|0x00000000c4500000, 0x00000000c4600000, 0x00000000c4600000|100%| O|  |TAMS 0x00000000c4600000, 0x00000000c4500000| Complete 
|  70|0x00000000c4600000, 0x00000000c4700000, 0x00000000c4700000|100%| O|  |TAMS 0x00000000c4700000, 0x00000000c4600000| Complete 
|  71|0x00000000c4700000, 0x00000000c4800000, 0x00000000c4800000|100%| O|  |TAMS 0x00000000c4800000, 0x00000000c4700000| Complete 
|  72|0x00000000c4800000, 0x00000000c4900000, 0x00000000c4900000|100%| O|  |TAMS 0x00000000c4900000, 0x00000000c4800000| Complete 
|  73|0x00000000c4900000, 0x00000000c4a00000, 0x00000000c4a00000|100%| O|  |TAMS 0x00000000c4a00000, 0x00000000c4900000| Complete 
|  74|0x00000000c4a00000, 0x00000000c4a00000, 0x00000000c4b00000|  0%| F|  |TAMS 0x00000000c4a00000, 0x00000000c4a00000| Untracked 
|  75|0x00000000c4b00000, 0x00000000c4c00000, 0x00000000c4c00000|100%| O|  |TAMS 0x00000000c4c00000, 0x00000000c4b00000| Complete 
|  76|0x00000000c4c00000, 0x00000000c4d00000, 0x00000000c4d00000|100%| O|  |TAMS 0x00000000c4d00000, 0x00000000c4c00000| Complete 
|  77|0x00000000c4d00000, 0x00000000c4e00000, 0x00000000c4e00000|100%| O|  |TAMS 0x00000000c4e00000, 0x00000000c4d00000| Complete 
|  78|0x00000000c4e00000, 0x00000000c4f00000, 0x00000000c4f00000|100%| O|  |TAMS 0x00000000c4f00000, 0x00000000c4e00000| Complete 
|  79|0x00000000c4f00000, 0x00000000c5000000, 0x00000000c5000000|100%| O|  |TAMS 0x00000000c5000000, 0x00000000c4f00000| Complete 
|  80|0x00000000c5000000, 0x00000000c5100000, 0x00000000c5100000|100%| O|  |TAMS 0x00000000c5100000, 0x00000000c5000000| Complete 
|  81|0x00000000c5100000, 0x00000000c5200000, 0x00000000c5200000|100%| O|  |TAMS 0x00000000c5200000, 0x00000000c5100000| Complete 
|  82|0x00000000c5200000, 0x00000000c5300000, 0x00000000c5300000|100%| O|  |TAMS 0x00000000c5300000, 0x00000000c5200000| Complete 
|  83|0x00000000c5300000, 0x00000000c5400000, 0x00000000c5400000|100%| O|  |TAMS 0x00000000c5400000, 0x00000000c5300000| Complete 
|  84|0x00000000c5400000, 0x00000000c5500000, 0x00000000c5500000|100%| O|  |TAMS 0x00000000c5500000, 0x00000000c5400000| Complete 
|  85|0x00000000c5500000, 0x00000000c5600000, 0x00000000c5600000|100%| O|  |TAMS 0x00000000c5600000, 0x00000000c5500000| Untracked 
|  86|0x00000000c5600000, 0x00000000c5700000, 0x00000000c5700000|100%| O|  |TAMS 0x00000000c5700000, 0x00000000c5600000| Complete 
|  87|0x00000000c5700000, 0x00000000c5700000, 0x00000000c5800000|  0%| F|  |TAMS 0x00000000c5700000, 0x00000000c5700000| Untracked 
|  88|0x00000000c5800000, 0x00000000c5800000, 0x00000000c5900000|  0%| F|  |TAMS 0x00000000c5800000, 0x00000000c5800000| Untracked 
|  89|0x00000000c5900000, 0x00000000c5900000, 0x00000000c5a00000|  0%| F|  |TAMS 0x00000000c5900000, 0x00000000c5900000| Untracked 
|  90|0x00000000c5a00000, 0x00000000c5b00000, 0x00000000c5b00000|100%| O|  |TAMS 0x00000000c5b00000, 0x00000000c5a00000| Complete 
|  91|0x00000000c5b00000, 0x00000000c5c00000, 0x00000000c5c00000|100%| O|  |TAMS 0x00000000c5c00000, 0x00000000c5b00000| Complete 
|  92|0x00000000c5c00000, 0x00000000c5d00000, 0x00000000c5d00000|100%| O|  |TAMS 0x00000000c5d00000, 0x00000000c5c00000| Complete 
|  93|0x00000000c5d00000, 0x00000000c5d00000, 0x00000000c5e00000|  0%| F|  |TAMS 0x00000000c5d00000, 0x00000000c5d00000| Untracked 
|  94|0x00000000c5e00000, 0x00000000c5e00000, 0x00000000c5f00000|  0%| F|  |TAMS 0x00000000c5e00000, 0x00000000c5e00000| Untracked 
|  95|0x00000000c5f00000, 0x00000000c5f00000, 0x00000000c6000000|  0%| F|  |TAMS 0x00000000c5f00000, 0x00000000c5f00000| Untracked 
|  96|0x00000000c6000000, 0x00000000c6000000, 0x00000000c6100000|  0%| F|  |TAMS 0x00000000c6000000, 0x00000000c6000000| Untracked 
|  97|0x00000000c6100000, 0x00000000c6100000, 0x00000000c6200000|  0%| F|  |TAMS 0x00000000c6100000, 0x00000000c6100000| Untracked 
|  98|0x00000000c6200000, 0x00000000c6200000, 0x00000000c6300000|  0%| F|  |TAMS 0x00000000c6200000, 0x00000000c6200000| Untracked 
|  99|0x00000000c6300000, 0x00000000c6300000, 0x00000000c6400000|  0%| F|  |TAMS 0x00000000c6300000, 0x00000000c6300000| Untracked 
| 100|0x00000000c6400000, 0x00000000c6400000, 0x00000000c6500000|  0%| F|  |TAMS 0x00000000c6400000, 0x00000000c6400000| Untracked 
| 101|0x00000000c6500000, 0x00000000c6500000, 0x00000000c6600000|  0%| F|  |TAMS 0x00000000c6500000, 0x00000000c6500000| Untracked 
| 102|0x00000000c6600000, 0x00000000c6600000, 0x00000000c6700000|  0%| F|  |TAMS 0x00000000c6600000, 0x00000000c6600000| Untracked 
| 103|0x00000000c6700000, 0x00000000c6700000, 0x00000000c6800000|  0%| F|  |TAMS 0x00000000c6700000, 0x00000000c6700000| Untracked 
| 104|0x00000000c6800000, 0x00000000c6800000, 0x00000000c6900000|  0%| F|  |TAMS 0x00000000c6800000, 0x00000000c6800000| Untracked 
| 105|0x00000000c6900000, 0x00000000c6900000, 0x00000000c6a00000|  0%| F|  |TAMS 0x00000000c6900000, 0x00000000c6900000| Untracked 
| 106|0x00000000c6a00000, 0x00000000c6a00000, 0x00000000c6b00000|  0%| F|  |TAMS 0x00000000c6a00000, 0x00000000c6a00000| Untracked 
| 107|0x00000000c6b00000, 0x00000000c6b00000, 0x00000000c6c00000|  0%| F|  |TAMS 0x00000000c6b00000, 0x00000000c6b00000| Untracked 
| 108|0x00000000c6c00000, 0x00000000c6c00000, 0x00000000c6d00000|  0%| F|  |TAMS 0x00000000c6c00000, 0x00000000c6c00000| Untracked 
| 109|0x00000000c6d00000, 0x00000000c6d00000, 0x00000000c6e00000|  0%| F|  |TAMS 0x00000000c6d00000, 0x00000000c6d00000| Untracked 
| 110|0x00000000c6e00000, 0x00000000c6e00000, 0x00000000c6f00000|  0%| F|  |TAMS 0x00000000c6e00000, 0x00000000c6e00000| Untracked 
| 111|0x00000000c6f00000, 0x00000000c6f00000, 0x00000000c7000000|  0%| F|  |TAMS 0x00000000c6f00000, 0x00000000c6f00000| Untracked 
| 112|0x00000000c7000000, 0x00000000c7000000, 0x00000000c7100000|  0%| F|  |TAMS 0x00000000c7000000, 0x00000000c7000000| Untracked 
| 113|0x00000000c7100000, 0x00000000c7200000, 0x00000000c7200000|100%| O|  |TAMS 0x00000000c7200000, 0x00000000c7100000| Complete 
| 114|0x00000000c7200000, 0x00000000c7300000, 0x00000000c7300000|100%| O|  |TAMS 0x00000000c7300000, 0x00000000c7200000| Untracked 
| 115|0x00000000c7300000, 0x00000000c7400000, 0x00000000c7400000|100%| O|  |TAMS 0x00000000c7400000, 0x00000000c7300000| Complete 
| 116|0x00000000c7400000, 0x00000000c7400000, 0x00000000c7500000|  0%| F|  |TAMS 0x00000000c7400000, 0x00000000c7400000| Untracked 
| 117|0x00000000c7500000, 0x00000000c7500000, 0x00000000c7600000|  0%| F|  |TAMS 0x00000000c7500000, 0x00000000c7500000| Untracked 
| 118|0x00000000c7600000, 0x00000000c7600000, 0x00000000c7700000|  0%| F|  |TAMS 0x00000000c7600000, 0x00000000c7600000| Untracked 
| 119|0x00000000c7700000, 0x00000000c7700000, 0x00000000c7800000|  0%| F|  |TAMS 0x00000000c7700000, 0x00000000c7700000| Untracked 
| 120|0x00000000c7800000, 0x00000000c7800000, 0x00000000c7900000|  0%| F|  |TAMS 0x00000000c7800000, 0x00000000c7800000| Untracked 
| 121|0x00000000c7900000, 0x00000000c7900000, 0x00000000c7a00000|  0%| F|  |TAMS 0x00000000c7900000, 0x00000000c7900000| Untracked 
| 122|0x00000000c7a00000, 0x00000000c7a00000, 0x00000000c7b00000|  0%| F|  |TAMS 0x00000000c7a00000, 0x00000000c7a00000| Untracked 
| 123|0x00000000c7b00000, 0x00000000c7b00000, 0x00000000c7c00000|  0%| F|  |TAMS 0x00000000c7b00000, 0x00000000c7b00000| Untracked 
| 124|0x00000000c7c00000, 0x00000000c7c00000, 0x00000000c7d00000|  0%| F|  |TAMS 0x00000000c7c00000, 0x00000000c7c00000| Untracked 
| 125|0x00000000c7d00000, 0x00000000c7d00000, 0x00000000c7e00000|  0%| F|  |TAMS 0x00000000c7d00000, 0x00000000c7d00000| Untracked 
| 126|0x00000000c7e00000, 0x00000000c7f00000, 0x00000000c7f00000|100%| O|  |TAMS 0x00000000c7f00000, 0x00000000c7e00000| Untracked 
| 127|0x00000000c7f00000, 0x00000000c8000000, 0x00000000c8000000|100%| O|  |TAMS 0x00000000c8000000, 0x00000000c7f00000| Complete 
| 128|0x00000000c8000000, 0x00000000c8100000, 0x00000000c8100000|100%| O|  |TAMS 0x00000000c8100000, 0x00000000c8000000| Complete 
| 129|0x00000000c8100000, 0x00000000c8200000, 0x00000000c8200000|100%| O|  |TAMS 0x00000000c8200000, 0x00000000c8100000| Complete 
| 130|0x00000000c8200000, 0x00000000c8200000, 0x00000000c8300000|  0%| F|  |TAMS 0x00000000c8200000, 0x00000000c8200000| Untracked 
| 131|0x00000000c8300000, 0x00000000c8300000, 0x00000000c8400000|  0%| F|  |TAMS 0x00000000c8300000, 0x00000000c8300000| Untracked 
| 132|0x00000000c8400000, 0x00000000c8400000, 0x00000000c8500000|  0%| F|  |TAMS 0x00000000c8400000, 0x00000000c8400000| Untracked 
| 133|0x00000000c8500000, 0x00000000c8500000, 0x00000000c8600000|  0%| F|  |TAMS 0x00000000c8500000, 0x00000000c8500000| Untracked 
| 134|0x00000000c8600000, 0x00000000c8700000, 0x00000000c8700000|100%| O|  |TAMS 0x00000000c8700000, 0x00000000c8600000| Complete 
| 135|0x00000000c8700000, 0x00000000c8800000, 0x00000000c8800000|100%| O|  |TAMS 0x00000000c8800000, 0x00000000c8700000| Complete 
| 136|0x00000000c8800000, 0x00000000c8800000, 0x00000000c8900000|  0%| F|  |TAMS 0x00000000c8800000, 0x00000000c8800000| Untracked 
| 137|0x00000000c8900000, 0x00000000c8900000, 0x00000000c8a00000|  0%| F|  |TAMS 0x00000000c8900000, 0x00000000c8900000| Untracked 
| 138|0x00000000c8a00000, 0x00000000c8a00000, 0x00000000c8b00000|  0%| F|  |TAMS 0x00000000c8a00000, 0x00000000c8a00000| Untracked 
| 139|0x00000000c8b00000, 0x00000000c8b00000, 0x00000000c8c00000|  0%| F|  |TAMS 0x00000000c8b00000, 0x00000000c8b00000| Untracked 
| 140|0x00000000c8c00000, 0x00000000c8c00000, 0x00000000c8d00000|  0%| F|  |TAMS 0x00000000c8c00000, 0x00000000c8c00000| Untracked 
| 141|0x00000000c8d00000, 0x00000000c8d00000, 0x00000000c8e00000|  0%| F|  |TAMS 0x00000000c8d00000, 0x00000000c8d00000| Untracked 
| 142|0x00000000c8e00000, 0x00000000c8e00000, 0x00000000c8f00000|  0%| F|  |TAMS 0x00000000c8e00000, 0x00000000c8e00000| Untracked 
| 143|0x00000000c8f00000, 0x00000000c9000000, 0x00000000c9000000|100%| O|  |TAMS 0x00000000c9000000, 0x00000000c8f00000| Complete 
| 144|0x00000000c9000000, 0x00000000c9100000, 0x00000000c9100000|100%| O|  |TAMS 0x00000000c9100000, 0x00000000c9000000| Complete 
| 145|0x00000000c9100000, 0x00000000c9200000, 0x00000000c9200000|100%| O|  |TAMS 0x00000000c9200000, 0x00000000c9100000| Complete 
| 146|0x00000000c9200000, 0x00000000c9300000, 0x00000000c9300000|100%| O|  |TAMS 0x00000000c9300000, 0x00000000c9200000| Complete 
| 147|0x00000000c9300000, 0x00000000c9400000, 0x00000000c9400000|100%| O|  |TAMS 0x00000000c9400000, 0x00000000c9300000| Complete 
| 148|0x00000000c9400000, 0x00000000c9400000, 0x00000000c9500000|  0%| F|  |TAMS 0x00000000c9400000, 0x00000000c9400000| Untracked 
| 149|0x00000000c9500000, 0x00000000c9600000, 0x00000000c9600000|100%| O|  |TAMS 0x00000000c9600000, 0x00000000c9500000| Complete 
| 150|0x00000000c9600000, 0x00000000c9600000, 0x00000000c9700000|  0%| F|  |TAMS 0x00000000c9600000, 0x00000000c9600000| Untracked 
| 151|0x00000000c9700000, 0x00000000c9700000, 0x00000000c9800000|  0%| F|  |TAMS 0x00000000c9700000, 0x00000000c9700000| Untracked 
| 152|0x00000000c9800000, 0x00000000c9800000, 0x00000000c9900000|  0%| F|  |TAMS 0x00000000c9800000, 0x00000000c9800000| Untracked 
| 153|0x00000000c9900000, 0x00000000c9900000, 0x00000000c9a00000|  0%| F|  |TAMS 0x00000000c9900000, 0x00000000c9900000| Untracked 
| 154|0x00000000c9a00000, 0x00000000c9a00000, 0x00000000c9b00000|  0%| F|  |TAMS 0x00000000c9a00000, 0x00000000c9a00000| Untracked 
| 155|0x00000000c9b00000, 0x00000000c9b00000, 0x00000000c9c00000|  0%| F|  |TAMS 0x00000000c9b00000, 0x00000000c9b00000| Untracked 
| 156|0x00000000c9c00000, 0x00000000c9c00000, 0x00000000c9d00000|  0%| F|  |TAMS 0x00000000c9c00000, 0x00000000c9c00000| Untracked 
| 157|0x00000000c9d00000, 0x00000000c9e00000, 0x00000000c9e00000|100%| O|  |TAMS 0x00000000c9e00000, 0x00000000c9d00000| Complete 
| 158|0x00000000c9e00000, 0x00000000c9e00000, 0x00000000c9f00000|  0%| F|  |TAMS 0x00000000c9e00000, 0x00000000c9e00000| Untracked 
| 159|0x00000000c9f00000, 0x00000000ca000000, 0x00000000ca000000|100%| O|  |TAMS 0x00000000ca000000, 0x00000000c9f00000| Complete 
| 160|0x00000000ca000000, 0x00000000ca000000, 0x00000000ca100000|  0%| F|  |TAMS 0x00000000ca000000, 0x00000000ca000000| Untracked 
| 161|0x00000000ca100000, 0x00000000ca100000, 0x00000000ca200000|  0%| F|  |TAMS 0x00000000ca100000, 0x00000000ca100000| Untracked 
| 162|0x00000000ca200000, 0x00000000ca200000, 0x00000000ca300000|  0%| F|  |TAMS 0x00000000ca200000, 0x00000000ca200000| Untracked 
| 163|0x00000000ca300000, 0x00000000ca300000, 0x00000000ca400000|  0%| F|  |TAMS 0x00000000ca300000, 0x00000000ca300000| Untracked 
| 164|0x00000000ca400000, 0x00000000ca400000, 0x00000000ca500000|  0%| F|  |TAMS 0x00000000ca400000, 0x00000000ca400000| Untracked 
| 165|0x00000000ca500000, 0x00000000ca500000, 0x00000000ca600000|  0%| F|  |TAMS 0x00000000ca500000, 0x00000000ca500000| Untracked 
| 166|0x00000000ca600000, 0x00000000ca600000, 0x00000000ca700000|  0%| F|  |TAMS 0x00000000ca600000, 0x00000000ca600000| Untracked 
| 167|0x00000000ca700000, 0x00000000ca700000, 0x00000000ca800000|  0%| F|  |TAMS 0x00000000ca700000, 0x00000000ca700000| Untracked 
| 168|0x00000000ca800000, 0x00000000ca800000, 0x00000000ca900000|  0%| F|  |TAMS 0x00000000ca800000, 0x00000000ca800000| Untracked 
| 169|0x00000000ca900000, 0x00000000caa00000, 0x00000000caa00000|100%| O|  |TAMS 0x00000000caa00000, 0x00000000ca900000| Complete 
| 170|0x00000000caa00000, 0x00000000cab00000, 0x00000000cab00000|100%| O|  |TAMS 0x00000000cab00000, 0x00000000caa00000| Complete 
| 171|0x00000000cab00000, 0x00000000cab00000, 0x00000000cac00000|  0%| F|  |TAMS 0x00000000cab00000, 0x00000000cab00000| Untracked 
| 172|0x00000000cac00000, 0x00000000cad00000, 0x00000000cad00000|100%| O|  |TAMS 0x00000000cad00000, 0x00000000cac00000| Complete 
| 173|0x00000000cad00000, 0x00000000cae00000, 0x00000000cae00000|100%| O|  |TAMS 0x00000000cae00000, 0x00000000cad00000| Complete 
| 174|0x00000000cae00000, 0x00000000caf00000, 0x00000000caf00000|100%| O|  |TAMS 0x00000000caf00000, 0x00000000cae00000| Complete 
| 175|0x00000000caf00000, 0x00000000cb000000, 0x00000000cb000000|100%| O|  |TAMS 0x00000000cb000000, 0x00000000caf00000| Complete 
| 176|0x00000000cb000000, 0x00000000cb100000, 0x00000000cb100000|100%| O|  |TAMS 0x00000000cb100000, 0x00000000cb000000| Complete 
| 177|0x00000000cb100000, 0x00000000cb200000, 0x00000000cb200000|100%| O|  |TAMS 0x00000000cb200000, 0x00000000cb100000| Complete 
| 178|0x00000000cb200000, 0x00000000cb300000, 0x00000000cb300000|100%| O|  |TAMS 0x00000000cb300000, 0x00000000cb200000| Untracked 
| 179|0x00000000cb300000, 0x00000000cb400000, 0x00000000cb400000|100%| O|  |TAMS 0x00000000cb400000, 0x00000000cb300000| Untracked 
| 180|0x00000000cb400000, 0x00000000cb500000, 0x00000000cb500000|100%| O|  |TAMS 0x00000000cb500000, 0x00000000cb400000| Complete 
| 181|0x00000000cb500000, 0x00000000cb600000, 0x00000000cb600000|100%| O|  |TAMS 0x00000000cb600000, 0x00000000cb500000| Complete 
| 182|0x00000000cb600000, 0x00000000cb700000, 0x00000000cb700000|100%| O|  |TAMS 0x00000000cb700000, 0x00000000cb600000| Complete 
| 183|0x00000000cb700000, 0x00000000cb800000, 0x00000000cb800000|100%| O|  |TAMS 0x00000000cb800000, 0x00000000cb700000| Complete 
| 184|0x00000000cb800000, 0x00000000cb900000, 0x00000000cb900000|100%| O|  |TAMS 0x00000000cb900000, 0x00000000cb800000| Complete 
| 185|0x00000000cb900000, 0x00000000cba00000, 0x00000000cba00000|100%| O|  |TAMS 0x00000000cba00000, 0x00000000cb900000| Complete 
| 186|0x00000000cba00000, 0x00000000cbb00000, 0x00000000cbb00000|100%| O|  |TAMS 0x00000000cbb00000, 0x00000000cba00000| Complete 
| 187|0x00000000cbb00000, 0x00000000cbc00000, 0x00000000cbc00000|100%|HS|  |TAMS 0x00000000cbc00000, 0x00000000cbb00000| Complete 
| 188|0x00000000cbc00000, 0x00000000cbd00000, 0x00000000cbd00000|100%|HC|  |TAMS 0x00000000cbd00000, 0x00000000cbc00000| Complete 
| 189|0x00000000cbd00000, 0x00000000cbe00000, 0x00000000cbe00000|100%|HC|  |TAMS 0x00000000cbe00000, 0x00000000cbd00000| Complete 
| 190|0x00000000cbe00000, 0x00000000cbf00000, 0x00000000cbf00000|100%| O|  |TAMS 0x00000000cbf00000, 0x00000000cbe00000| Untracked 
| 191|0x00000000cbf00000, 0x00000000cc000000, 0x00000000cc000000|100%| O|  |TAMS 0x00000000cc000000, 0x00000000cbf00000| Complete 
| 192|0x00000000cc000000, 0x00000000cc100000, 0x00000000cc100000|100%| O|  |TAMS 0x00000000cc100000, 0x00000000cc000000| Complete 
| 193|0x00000000cc100000, 0x00000000cc200000, 0x00000000cc200000|100%| O|  |TAMS 0x00000000cc200000, 0x00000000cc100000| Complete 
| 194|0x00000000cc200000, 0x00000000cc300000, 0x00000000cc300000|100%| O|  |TAMS 0x00000000cc300000, 0x00000000cc200000| Untracked 
| 195|0x00000000cc300000, 0x00000000cc400000, 0x00000000cc400000|100%| O|  |TAMS 0x00000000cc400000, 0x00000000cc300000| Untracked 
| 196|0x00000000cc400000, 0x00000000cc500000, 0x00000000cc500000|100%| O|  |TAMS 0x00000000cc500000, 0x00000000cc400000| Untracked 
| 197|0x00000000cc500000, 0x00000000cc600000, 0x00000000cc600000|100%| O|  |TAMS 0x00000000cc600000, 0x00000000cc500000| Untracked 
| 198|0x00000000cc600000, 0x00000000cc700000, 0x00000000cc700000|100%| O|  |TAMS 0x00000000cc700000, 0x00000000cc600000| Untracked 
| 199|0x00000000cc700000, 0x00000000cc800000, 0x00000000cc800000|100%| O|  |TAMS 0x00000000cc800000, 0x00000000cc700000| Untracked 
| 200|0x00000000cc800000, 0x00000000cc900000, 0x00000000cc900000|100%| O|  |TAMS 0x00000000cc900000, 0x00000000cc800000| Complete 
| 201|0x00000000cc900000, 0x00000000cca00000, 0x00000000cca00000|100%| O|  |TAMS 0x00000000cca00000, 0x00000000cc900000| Untracked 
| 202|0x00000000cca00000, 0x00000000ccb00000, 0x00000000ccb00000|100%| O|  |TAMS 0x00000000ccb00000, 0x00000000cca00000| Untracked 
| 203|0x00000000ccb00000, 0x00000000ccc00000, 0x00000000ccc00000|100%| O|  |TAMS 0x00000000ccc00000, 0x00000000ccb00000| Untracked 
| 204|0x00000000ccc00000, 0x00000000ccd00000, 0x00000000ccd00000|100%| O|  |TAMS 0x00000000ccd00000, 0x00000000ccc00000| Untracked 
| 205|0x00000000ccd00000, 0x00000000cce00000, 0x00000000cce00000|100%| O|  |TAMS 0x00000000cce00000, 0x00000000ccd00000| Complete 
| 206|0x00000000cce00000, 0x00000000ccf00000, 0x00000000ccf00000|100%| O|  |TAMS 0x00000000ccf00000, 0x00000000cce00000| Complete 
| 207|0x00000000ccf00000, 0x00000000cd000000, 0x00000000cd000000|100%| O|  |TAMS 0x00000000cd000000, 0x00000000ccf00000| Complete 
| 208|0x00000000cd000000, 0x00000000cd100000, 0x00000000cd100000|100%| O|  |TAMS 0x00000000cd100000, 0x00000000cd000000| Complete 
| 209|0x00000000cd100000, 0x00000000cd200000, 0x00000000cd200000|100%| O|  |TAMS 0x00000000cd200000, 0x00000000cd100000| Untracked 
| 210|0x00000000cd200000, 0x00000000cd300000, 0x00000000cd300000|100%| O|  |TAMS 0x00000000cd300000, 0x00000000cd200000| Complete 
| 211|0x00000000cd300000, 0x00000000cd400000, 0x00000000cd400000|100%| O|  |TAMS 0x00000000cd400000, 0x00000000cd300000| Complete 
| 212|0x00000000cd400000, 0x00000000cd500000, 0x00000000cd500000|100%| O|  |TAMS 0x00000000cd500000, 0x00000000cd400000| Complete 
| 213|0x00000000cd500000, 0x00000000cd600000, 0x00000000cd600000|100%| O|  |TAMS 0x00000000cd600000, 0x00000000cd500000| Complete 
| 214|0x00000000cd600000, 0x00000000cd700000, 0x00000000cd700000|100%| O|  |TAMS 0x00000000cd700000, 0x00000000cd600000| Complete 
| 215|0x00000000cd700000, 0x00000000cd800000, 0x00000000cd800000|100%| O|  |TAMS 0x00000000cd800000, 0x00000000cd700000| Untracked 
| 216|0x00000000cd800000, 0x00000000cd900000, 0x00000000cd900000|100%| O|  |TAMS 0x00000000cd900000, 0x00000000cd800000| Complete 
| 217|0x00000000cd900000, 0x00000000cda00000, 0x00000000cda00000|100%| O|  |TAMS 0x00000000cda00000, 0x00000000cd900000| Complete 
| 218|0x00000000cda00000, 0x00000000cdb00000, 0x00000000cdb00000|100%| O|  |TAMS 0x00000000cdb00000, 0x00000000cda00000| Untracked 
| 219|0x00000000cdb00000, 0x00000000cdc00000, 0x00000000cdc00000|100%| O|  |TAMS 0x00000000cdc00000, 0x00000000cdb00000| Untracked 
| 220|0x00000000cdc00000, 0x00000000cdd00000, 0x00000000cdd00000|100%| O|  |TAMS 0x00000000cdd00000, 0x00000000cdc00000| Complete 
| 221|0x00000000cdd00000, 0x00000000cde00000, 0x00000000cde00000|100%| O|  |TAMS 0x00000000cde00000, 0x00000000cdd00000| Complete 
| 222|0x00000000cde00000, 0x00000000cdf00000, 0x00000000cdf00000|100%| O|  |TAMS 0x00000000cdf00000, 0x00000000cde00000| Complete 
| 223|0x00000000cdf00000, 0x00000000ce000000, 0x00000000ce000000|100%| O|  |TAMS 0x00000000ce000000, 0x00000000cdf00000| Untracked 
| 224|0x00000000ce000000, 0x00000000ce100000, 0x00000000ce100000|100%| O|  |TAMS 0x00000000ce100000, 0x00000000ce000000| Untracked 
| 225|0x00000000ce100000, 0x00000000ce200000, 0x00000000ce200000|100%| O|  |TAMS 0x00000000ce200000, 0x00000000ce100000| Untracked 
| 226|0x00000000ce200000, 0x00000000ce300000, 0x00000000ce300000|100%| O|  |TAMS 0x00000000ce300000, 0x00000000ce200000| Complete 
| 227|0x00000000ce300000, 0x00000000ce400000, 0x00000000ce400000|100%| O|  |TAMS 0x00000000ce400000, 0x00000000ce300000| Complete 
| 228|0x00000000ce400000, 0x00000000ce500000, 0x00000000ce500000|100%| O|  |TAMS 0x00000000ce500000, 0x00000000ce400000| Complete 
| 229|0x00000000ce500000, 0x00000000ce600000, 0x00000000ce600000|100%| O|  |TAMS 0x00000000ce600000, 0x00000000ce500000| Complete 
| 230|0x00000000ce600000, 0x00000000ce700000, 0x00000000ce700000|100%| O|  |TAMS 0x00000000ce700000, 0x00000000ce600000| Complete 
| 231|0x00000000ce700000, 0x00000000ce800000, 0x00000000ce800000|100%| O|  |TAMS 0x00000000ce800000, 0x00000000ce700000| Complete 
| 232|0x00000000ce800000, 0x00000000ce900000, 0x00000000ce900000|100%| O|  |TAMS 0x00000000ce900000, 0x00000000ce800000| Complete 
| 233|0x00000000ce900000, 0x00000000cea00000, 0x00000000cea00000|100%| O|  |TAMS 0x00000000cea00000, 0x00000000ce900000| Complete 
| 234|0x00000000cea00000, 0x00000000ceb00000, 0x00000000ceb00000|100%| O|  |TAMS 0x00000000ceb00000, 0x00000000cea00000| Complete 
| 235|0x00000000ceb00000, 0x00000000cec00000, 0x00000000cec00000|100%| O|  |TAMS 0x00000000cec00000, 0x00000000ceb00000| Complete 
| 236|0x00000000cec00000, 0x00000000ced00000, 0x00000000ced00000|100%| O|  |TAMS 0x00000000ced00000, 0x00000000cec00000| Complete 
| 237|0x00000000ced00000, 0x00000000cee00000, 0x00000000cee00000|100%| O|  |TAMS 0x00000000cee00000, 0x00000000ced00000| Complete 
| 238|0x00000000cee00000, 0x00000000cef00000, 0x00000000cef00000|100%| O|  |TAMS 0x00000000cef00000, 0x00000000cee00000| Complete 
| 239|0x00000000cef00000, 0x00000000cf000000, 0x00000000cf000000|100%| O|  |TAMS 0x00000000cf000000, 0x00000000cef00000| Complete 
| 240|0x00000000cf000000, 0x00000000cf100000, 0x00000000cf100000|100%| O|  |TAMS 0x00000000cf100000, 0x00000000cf000000| Complete 
| 241|0x00000000cf100000, 0x00000000cf200000, 0x00000000cf200000|100%| O|  |TAMS 0x00000000cf200000, 0x00000000cf100000| Complete 
| 242|0x00000000cf200000, 0x00000000cf300000, 0x00000000cf300000|100%| O|  |TAMS 0x00000000cf300000, 0x00000000cf200000| Untracked 
| 243|0x00000000cf300000, 0x00000000cf400000, 0x00000000cf400000|100%| O|  |TAMS 0x00000000cf400000, 0x00000000cf300000| Complete 
| 244|0x00000000cf400000, 0x00000000cf500000, 0x00000000cf500000|100%| O|  |TAMS 0x00000000cf500000, 0x00000000cf400000| Complete 
| 245|0x00000000cf500000, 0x00000000cf600000, 0x00000000cf600000|100%| O|  |TAMS 0x00000000cf600000, 0x00000000cf500000| Complete 
| 246|0x00000000cf600000, 0x00000000cf700000, 0x00000000cf700000|100%| O|  |TAMS 0x00000000cf600000, 0x00000000cf600000| Untracked 
| 247|0x00000000cf700000, 0x00000000cf800000, 0x00000000cf800000|100%| O|  |TAMS 0x00000000cf700000, 0x00000000cf700000| Untracked 
| 248|0x00000000cf800000, 0x00000000cf900000, 0x00000000cf900000|100%| O|  |TAMS 0x00000000cf800000, 0x00000000cf800000| Untracked 
| 249|0x00000000cf900000, 0x00000000cfa00000, 0x00000000cfa00000|100%| O|  |TAMS 0x00000000cf900000, 0x00000000cf900000| Untracked 
| 250|0x00000000cfa00000, 0x00000000cfb00000, 0x00000000cfb00000|100%| O|  |TAMS 0x00000000cfa00000, 0x00000000cfa00000| Untracked 
| 251|0x00000000cfb00000, 0x00000000cfc00000, 0x00000000cfc00000|100%| O|  |TAMS 0x00000000cfb00000, 0x00000000cfb00000| Untracked 
| 252|0x00000000cfc00000, 0x00000000cfd00000, 0x00000000cfd00000|100%| O|  |TAMS 0x00000000cfc00000, 0x00000000cfc00000| Untracked 
| 253|0x00000000cfd00000, 0x00000000cfe00000, 0x00000000cfe00000|100%| O|  |TAMS 0x00000000cfd00000, 0x00000000cfd00000| Untracked 
| 254|0x00000000cfe00000, 0x00000000cfe00000, 0x00000000cff00000|  0%| F|  |TAMS 0x00000000cfe00000, 0x00000000cfe00000| Untracked 
| 255|0x00000000cff00000, 0x00000000cff00000, 0x00000000d0000000|  0%| F|  |TAMS 0x00000000cff00000, 0x00000000cff00000| Untracked 
| 256|0x00000000d0000000, 0x00000000d0000000, 0x00000000d0100000|  0%| F|  |TAMS 0x00000000d0000000, 0x00000000d0000000| Untracked 
| 257|0x00000000d0100000, 0x00000000d0100000, 0x00000000d0200000|  0%| F|  |TAMS 0x00000000d0100000, 0x00000000d0100000| Untracked 
| 258|0x00000000d0200000, 0x00000000d0200000, 0x00000000d0300000|  0%| F|  |TAMS 0x00000000d0200000, 0x00000000d0200000| Untracked 
| 259|0x00000000d0300000, 0x00000000d0300000, 0x00000000d0400000|  0%| F|  |TAMS 0x00000000d0300000, 0x00000000d0300000| Untracked 
| 260|0x00000000d0400000, 0x00000000d0400000, 0x00000000d0500000|  0%| F|  |TAMS 0x00000000d0400000, 0x00000000d0400000| Untracked 
| 261|0x00000000d0500000, 0x00000000d0500000, 0x00000000d0600000|  0%| F|  |TAMS 0x00000000d0500000, 0x00000000d0500000| Untracked 
| 262|0x00000000d0600000, 0x00000000d0600000, 0x00000000d0700000|  0%| F|  |TAMS 0x00000000d0600000, 0x00000000d0600000| Untracked 
| 263|0x00000000d0700000, 0x00000000d0700000, 0x00000000d0800000|  0%| F|  |TAMS 0x00000000d0700000, 0x00000000d0700000| Untracked 
| 264|0x00000000d0800000, 0x00000000d0800000, 0x00000000d0900000|  0%| F|  |TAMS 0x00000000d0800000, 0x00000000d0800000| Untracked 
| 265|0x00000000d0900000, 0x00000000d0900000, 0x00000000d0a00000|  0%| F|  |TAMS 0x00000000d0900000, 0x00000000d0900000| Untracked 
| 266|0x00000000d0a00000, 0x00000000d0a00000, 0x00000000d0b00000|  0%| F|  |TAMS 0x00000000d0a00000, 0x00000000d0a00000| Untracked 
| 267|0x00000000d0b00000, 0x00000000d0b00000, 0x00000000d0c00000|  0%| F|  |TAMS 0x00000000d0b00000, 0x00000000d0b00000| Untracked 
| 268|0x00000000d0c00000, 0x00000000d0c00000, 0x00000000d0d00000|  0%| F|  |TAMS 0x00000000d0c00000, 0x00000000d0c00000| Untracked 
| 269|0x00000000d0d00000, 0x00000000d0d00000, 0x00000000d0e00000|  0%| F|  |TAMS 0x00000000d0d00000, 0x00000000d0d00000| Untracked 
| 270|0x00000000d0e00000, 0x00000000d0e00000, 0x00000000d0f00000|  0%| F|  |TAMS 0x00000000d0e00000, 0x00000000d0e00000| Untracked 
| 271|0x00000000d0f00000, 0x00000000d0f00000, 0x00000000d1000000|  0%| F|  |TAMS 0x00000000d0f00000, 0x00000000d0f00000| Untracked 
| 272|0x00000000d1000000, 0x00000000d1000000, 0x00000000d1100000|  0%| F|  |TAMS 0x00000000d1000000, 0x00000000d1000000| Untracked 
| 273|0x00000000d1100000, 0x00000000d1100000, 0x00000000d1200000|  0%| F|  |TAMS 0x00000000d1100000, 0x00000000d1100000| Untracked 
| 274|0x00000000d1200000, 0x00000000d1200000, 0x00000000d1300000|  0%| F|  |TAMS 0x00000000d1200000, 0x00000000d1200000| Untracked 
| 275|0x00000000d1300000, 0x00000000d1300000, 0x00000000d1400000|  0%| F|  |TAMS 0x00000000d1300000, 0x00000000d1300000| Untracked 
| 276|0x00000000d1400000, 0x00000000d1400000, 0x00000000d1500000|  0%| F|  |TAMS 0x00000000d1400000, 0x00000000d1400000| Untracked 
| 277|0x00000000d1500000, 0x00000000d1500000, 0x00000000d1600000|  0%| F|  |TAMS 0x00000000d1500000, 0x00000000d1500000| Untracked 
| 278|0x00000000d1600000, 0x00000000d1600000, 0x00000000d1700000|  0%| F|  |TAMS 0x00000000d1600000, 0x00000000d1600000| Untracked 
| 279|0x00000000d1700000, 0x00000000d1700000, 0x00000000d1800000|  0%| F|  |TAMS 0x00000000d1700000, 0x00000000d1700000| Untracked 
| 280|0x00000000d1800000, 0x00000000d1800000, 0x00000000d1900000|  0%| F|  |TAMS 0x00000000d1800000, 0x00000000d1800000| Untracked 
| 281|0x00000000d1900000, 0x00000000d1900000, 0x00000000d1a00000|  0%| F|  |TAMS 0x00000000d1900000, 0x00000000d1900000| Untracked 
| 282|0x00000000d1a00000, 0x00000000d1a00000, 0x00000000d1b00000|  0%| F|  |TAMS 0x00000000d1a00000, 0x00000000d1a00000| Untracked 
| 283|0x00000000d1b00000, 0x00000000d1b98b28, 0x00000000d1c00000| 59%| E|  |TAMS 0x00000000d1b00000, 0x00000000d1b00000| Complete 
| 284|0x00000000d1c00000, 0x00000000d1d00000, 0x00000000d1d00000|100%| E|CS|TAMS 0x00000000d1c00000, 0x00000000d1c00000| Complete 
| 285|0x00000000d1d00000, 0x00000000d1e00000, 0x00000000d1e00000|100%| E|CS|TAMS 0x00000000d1d00000, 0x00000000d1d00000| Complete 
| 286|0x00000000d1e00000, 0x00000000d1f00000, 0x00000000d1f00000|100%| E|CS|TAMS 0x00000000d1e00000, 0x00000000d1e00000| Complete 
| 287|0x00000000d1f00000, 0x00000000d2000000, 0x00000000d2000000|100%| E|CS|TAMS 0x00000000d1f00000, 0x00000000d1f00000| Complete 
| 288|0x00000000d2000000, 0x00000000d2100000, 0x00000000d2100000|100%| E|CS|TAMS 0x00000000d2000000, 0x00000000d2000000| Complete 
| 289|0x00000000d2100000, 0x00000000d2200000, 0x00000000d2200000|100%| E|CS|TAMS 0x00000000d2100000, 0x00000000d2100000| Complete 
| 290|0x00000000d2200000, 0x00000000d2300000, 0x00000000d2300000|100%| E|CS|TAMS 0x00000000d2200000, 0x00000000d2200000| Complete 
| 291|0x00000000d2300000, 0x00000000d2400000, 0x00000000d2400000|100%| E|CS|TAMS 0x00000000d2300000, 0x00000000d2300000| Complete 
| 292|0x00000000d2400000, 0x00000000d2500000, 0x00000000d2500000|100%| E|CS|TAMS 0x00000000d2400000, 0x00000000d2400000| Complete 
| 293|0x00000000d2500000, 0x00000000d2600000, 0x00000000d2600000|100%| E|CS|TAMS 0x00000000d2500000, 0x00000000d2500000| Complete 
| 294|0x00000000d2600000, 0x00000000d2700000, 0x00000000d2700000|100%| E|CS|TAMS 0x00000000d2600000, 0x00000000d2600000| Complete 
| 295|0x00000000d2700000, 0x00000000d2800000, 0x00000000d2800000|100%| E|CS|TAMS 0x00000000d2700000, 0x00000000d2700000| Complete 
| 296|0x00000000d2800000, 0x00000000d2900000, 0x00000000d2900000|100%| E|  |TAMS 0x00000000d2800000, 0x00000000d2800000| Complete 
| 297|0x00000000d2900000, 0x00000000d2a00000, 0x00000000d2a00000|100%| E|CS|TAMS 0x00000000d2900000, 0x00000000d2900000| Complete 
| 298|0x00000000d2a00000, 0x00000000d2b00000, 0x00000000d2b00000|100%| E|CS|TAMS 0x00000000d2a00000, 0x00000000d2a00000| Complete 
| 299|0x00000000d2b00000, 0x00000000d2c00000, 0x00000000d2c00000|100%| E|CS|TAMS 0x00000000d2b00000, 0x00000000d2b00000| Complete 
| 300|0x00000000d2c00000, 0x00000000d2d00000, 0x00000000d2d00000|100%| E|CS|TAMS 0x00000000d2c00000, 0x00000000d2c00000| Complete 
| 301|0x00000000d2d00000, 0x00000000d2e00000, 0x00000000d2e00000|100%| E|CS|TAMS 0x00000000d2d00000, 0x00000000d2d00000| Complete 
| 302|0x00000000d2e00000, 0x00000000d2f00000, 0x00000000d2f00000|100%| E|CS|TAMS 0x00000000d2e00000, 0x00000000d2e00000| Complete 
| 303|0x00000000d2f00000, 0x00000000d3000000, 0x00000000d3000000|100%| E|CS|TAMS 0x00000000d2f00000, 0x00000000d2f00000| Complete 
| 304|0x00000000d3000000, 0x00000000d3100000, 0x00000000d3100000|100%| E|CS|TAMS 0x00000000d3000000, 0x00000000d3000000| Complete 
| 305|0x00000000d3100000, 0x00000000d3200000, 0x00000000d3200000|100%| E|CS|TAMS 0x00000000d3100000, 0x00000000d3100000| Complete 
| 306|0x00000000d3200000, 0x00000000d3300000, 0x00000000d3300000|100%| E|CS|TAMS 0x00000000d3200000, 0x00000000d3200000| Complete 
| 307|0x00000000d3300000, 0x00000000d3400000, 0x00000000d3400000|100%| E|CS|TAMS 0x00000000d3300000, 0x00000000d3300000| Complete 
| 308|0x00000000d3400000, 0x00000000d3500000, 0x00000000d3500000|100%| E|CS|TAMS 0x00000000d3400000, 0x00000000d3400000| Complete 
| 309|0x00000000d3500000, 0x00000000d3600000, 0x00000000d3600000|100%| E|CS|TAMS 0x00000000d3500000, 0x00000000d3500000| Complete 
| 310|0x00000000d3600000, 0x00000000d3700000, 0x00000000d3700000|100%| E|CS|TAMS 0x00000000d3600000, 0x00000000d3600000| Complete 
| 311|0x00000000d3700000, 0x00000000d3800000, 0x00000000d3800000|100%| E|CS|TAMS 0x00000000d3700000, 0x00000000d3700000| Complete 
| 312|0x00000000d3800000, 0x00000000d3900000, 0x00000000d3900000|100%| E|CS|TAMS 0x00000000d3800000, 0x00000000d3800000| Complete 
| 313|0x00000000d3900000, 0x00000000d3a00000, 0x00000000d3a00000|100%| E|CS|TAMS 0x00000000d3900000, 0x00000000d3900000| Complete 
| 314|0x00000000d3a00000, 0x00000000d3b00000, 0x00000000d3b00000|100%| E|CS|TAMS 0x00000000d3a00000, 0x00000000d3a00000| Complete 
| 315|0x00000000d3b00000, 0x00000000d3c00000, 0x00000000d3c00000|100%| S|CS|TAMS 0x00000000d3b00000, 0x00000000d3b00000| Complete 
| 316|0x00000000d3c00000, 0x00000000d3d00000, 0x00000000d3d00000|100%| S|CS|TAMS 0x00000000d3c00000, 0x00000000d3c00000| Complete 
| 317|0x00000000d3d00000, 0x00000000d3e00000, 0x00000000d3e00000|100%| E|CS|TAMS 0x00000000d3d00000, 0x00000000d3d00000| Complete 
| 318|0x00000000d3e00000, 0x00000000d3f00000, 0x00000000d3f00000|100%| E|CS|TAMS 0x00000000d3e00000, 0x00000000d3e00000| Complete 
| 319|0x00000000d3f00000, 0x00000000d4000000, 0x00000000d4000000|100%| E|CS|TAMS 0x00000000d3f00000, 0x00000000d3f00000| Complete 
| 320|0x00000000d4000000, 0x00000000d4100000, 0x00000000d4100000|100%| E|CS|TAMS 0x00000000d4000000, 0x00000000d4000000| Complete 
| 321|0x00000000d4100000, 0x00000000d4200000, 0x00000000d4200000|100%| E|CS|TAMS 0x00000000d4100000, 0x00000000d4100000| Complete 
| 322|0x00000000d4200000, 0x00000000d4300000, 0x00000000d4300000|100%| E|CS|TAMS 0x00000000d4200000, 0x00000000d4200000| Complete 
| 323|0x00000000d4300000, 0x00000000d4400000, 0x00000000d4400000|100%| E|CS|TAMS 0x00000000d4300000, 0x00000000d4300000| Complete 

Card table byte_map: [0x0000028ab11e0000,0x0000028ab13e0000] _byte_map_base: 0x0000028ab0be0000

Marking Bits (Prev, Next): (CMBitMap*) 0x0000028a99d0f758, (CMBitMap*) 0x0000028a99d0f718
 Prev Bits: [0x0000028ab25e0000, 0x0000028ab35e0000)
 Next Bits: [0x0000028ab15e0000, 0x0000028ab25e0000)

Polling page: 0x0000028a97b30000

Metaspace:

Usage:
  Non-class:     73.80 MB capacity,    72.53 MB ( 98%) used,     1.08 MB (  1%) free+waste,   189.13 KB ( <1%) overhead. 
      Class:     11.18 MB capacity,    10.54 MB ( 94%) used,   570.70 KB (  5%) free+waste,    80.63 KB ( <1%) overhead. 
       Both:     84.98 MB capacity,    83.07 MB ( 98%) used,     1.64 MB (  2%) free+waste,   269.75 KB ( <1%) overhead. 

Virtual space:
  Non-class space:       76.00 MB reserved,      75.25 MB (>99%) committed 
      Class space:        1.00 GB reserved,      11.63 MB (  1%) committed 
             Both:        1.07 GB reserved,      86.88 MB (  8%) committed 

Chunk freelists:
   Non-Class:  1.26 MB
       Class:  363.00 KB
        Both:  1.62 MB

MaxMetaspaceSize: 17179869184.00 GB
CompressedClassSpaceSize: 1.00 GB

CodeHeap 'non-profiled nmethods': size=120064Kb used=8848Kb max_used=8848Kb free=111215Kb
 bounds [0x0000028aa9ca0000, 0x0000028aaa550000, 0x0000028ab11e0000]
CodeHeap 'profiled nmethods': size=120000Kb used=27002Kb max_used=27002Kb free=92997Kb
 bounds [0x0000028aa2770000, 0x0000028aa41e0000, 0x0000028aa9ca0000]
CodeHeap 'non-nmethods': size=5696Kb used=2411Kb max_used=2463Kb free=3284Kb
 bounds [0x0000028aa21e0000, 0x0000028aa2460000, 0x0000028aa2770000]
 total_blobs=19522 nmethods=11787 adapters=811
 compilation: enabled
              stopped_count=0, restarted_count=0
 full_count=0

Compilation events (20 events):
Event: 1497.640 Thread 0x0000028ab596d800 nmethod 14170 0x0000028aa41bf510 code [0x0000028aa41bf6e0, 0x0000028aa41bfd20]
Event: 1497.640 Thread 0x0000028ab596d800 14171       3       org.gradle.internal.snapshot.AbstractIncompleteSnapshotWithChildren$1$$Lambda$575/0x00000008014bd440::get$Lambda (11 bytes)
Event: 1497.641 Thread 0x0000028ab596d800 nmethod 14171 0x0000028aa41bfe90 code [0x0000028aa41c0040, 0x0000028aa41c0358]
Event: 1497.641 Thread 0x0000028ab596d800 14172       3       org.gradle.internal.snapshot.AbstractIncompleteSnapshotWithChildren$1$$Lambda$577/0x00000008014e7c40::get$Lambda (10 bytes)
Event: 1497.641 Thread 0x0000028ab596d800 nmethod 14172 0x0000028aa41c0490 code [0x0000028aa41c0640, 0x0000028aa41c08f8]
Event: 1498.624 Thread 0x0000028ab596d800 14173       3       com.google.common.reflect.TypeResolver$TypeMappingIntrospector::<init> (12 bytes)
Event: 1498.625 Thread 0x0000028ab596d800 nmethod 14173 0x0000028aa41c0a10 code [0x0000028aa41c0c40, 0x0000028aa41c1558]
Event: 1498.625 Thread 0x0000028ab596d800 14174       3       com.google.common.reflect.TypeResolver$TypeTable::<init> (10 bytes)
Event: 1498.626 Thread 0x0000028ab596d800 nmethod 14174 0x0000028aa41c1810 code [0x0000028aa41c19c0, 0x0000028aa41c1bf8]
Event: 1498.649 Thread 0x0000028ab5968000 14175       4       jdk.internal.ref.PhantomCleanable::clean (16 bytes)
Event: 1498.661 Thread 0x0000028ab5968000 nmethod 14175 0x0000028aaa540610 code [0x0000028aaa5407a0, 0x0000028aaa540e58]
Event: 1498.662 Thread 0x0000028ab5968000 14176       4       jdk.internal.ref.CleanerImpl$PhantomCleanableRef::performCleanup (10 bytes)
Event: 1498.663 Thread 0x0000028ab5968000 nmethod 14176 0x0000028aaa541010 code [0x0000028aaa5411a0, 0x0000028aaa541238]
Event: 1498.665 Thread 0x0000028ab5968000 14177       4       java.util.zip.ZipFile$InflaterCleanupAction::run (12 bytes)
Event: 1498.749 Thread 0x0000028ab5968000 nmethod 14177 0x0000028aaa541310 code [0x0000028aaa5414e0, 0x0000028aaa542178]
Event: 1498.749 Thread 0x0000028ab5968000 14178   !   4       java.util.zip.ZipFile$CleanableResource::releaseInflater (53 bytes)
Event: 1498.775 Thread 0x0000028ab5968000 nmethod 14178 0x0000028aaa542590 code [0x0000028aaa542760, 0x0000028aaa543398]
Event: 1498.921 Thread 0x0000028ab5968000 14179       4       org.gradle.cache.internal.btree.FreeListBlockStore$FreeListBlock::alloc (240 bytes)
Event: 1499.416 Thread 0x0000028ab596d800 14181       1       org.gradle.internal.execution.steps.ResolveInputChangesStep$1::getWork (5 bytes)
Event: 1499.416 Thread 0x0000028ab596d800 nmethod 14181 0x0000028aaa543790 code [0x0000028aaa543920, 0x0000028aaa543a58]

GC Heap History (20 events):
Event: 1496.293 GC heap before
{Heap before GC invocations=179 (full 0):
 garbage-first heap   total 290816K, used 248832K [0x00000000c0000000, 0x0000000100000000)
  region size 1024K, 20 young (20480K), 4 survivors (4096K)
 Metaspace       used 86029K, capacity 88614K, committed 88960K, reserved 1126400K
  class space    used 10993K, capacity 11801K, committed 11904K, reserved 1048576K
}
Event: 1496.305 GC heap after
{Heap after GC invocations=180 (full 0):
 garbage-first heap   total 290816K, used 238080K [0x00000000c0000000, 0x0000000100000000)
  region size 1024K, 3 young (3072K), 3 survivors (3072K)
 Metaspace       used 86029K, capacity 88614K, committed 88960K, reserved 1126400K
  class space    used 10993K, capacity 11801K, committed 11904K, reserved 1048576K
}
Event: 1496.469 GC heap before
{Heap before GC invocations=180 (full 0):
 garbage-first heap   total 290816K, used 250368K [0x00000000c0000000, 0x0000000100000000)
  region size 1024K, 15 young (15360K), 3 survivors (3072K)
 Metaspace       used 86030K, capacity 88614K, committed 88960K, reserved 1126400K
  class space    used 10993K, capacity 11801K, committed 11904K, reserved 1048576K
}
Event: 1496.477 GC heap after
{Heap after GC invocations=181 (full 0):
 garbage-first heap   total 290816K, used 239616K [0x00000000c0000000, 0x0000000100000000)
  region size 1024K, 2 young (2048K), 2 survivors (2048K)
 Metaspace       used 86030K, capacity 88614K, committed 88960K, reserved 1126400K
  class space    used 10993K, capacity 11801K, committed 11904K, reserved 1048576K
}
Event: 1496.632 GC heap before
{Heap before GC invocations=181 (full 0):
 garbage-first heap   total 290816K, used 250880K [0x00000000c0000000, 0x0000000100000000)
  region size 1024K, 14 young (14336K), 2 survivors (2048K)
 Metaspace       used 86042K, capacity 88626K, committed 88960K, reserved 1126400K
  class space    used 10994K, capacity 11803K, committed 11904K, reserved 1048576K
}
Event: 1496.644 GC heap after
{Heap after GC invocations=182 (full 0):
 garbage-first heap   total 290816K, used 241664K [0x00000000c0000000, 0x0000000100000000)
  region size 1024K, 2 young (2048K), 2 survivors (2048K)
 Metaspace       used 86042K, capacity 88626K, committed 88960K, reserved 1126400K
  class space    used 10994K, capacity 11803K, committed 11904K, reserved 1048576K
}
Event: 1496.777 GC heap before
{Heap before GC invocations=182 (full 0):
 garbage-first heap   total 290816K, used 253952K [0x00000000c0000000, 0x0000000100000000)
  region size 1024K, 14 young (14336K), 2 survivors (2048K)
 Metaspace       used 86042K, capacity 88626K, committed 88960K, reserved 1126400K
  class space    used 10994K, capacity 11803K, committed 11904K, reserved 1048576K
}
Event: 1496.791 GC heap after
{Heap after GC invocations=183 (full 0):
 garbage-first heap   total 290816K, used 243669K [0x00000000c0000000, 0x0000000100000000)
  region size 1024K, 2 young (2048K), 2 survivors (2048K)
 Metaspace       used 86042K, capacity 88626K, committed 88960K, reserved 1126400K
  class space    used 10994K, capacity 11803K, committed 11904K, reserved 1048576K
}
Event: 1497.016 GC heap before
{Heap before GC invocations=183 (full 0):
 garbage-first heap   total 290816K, used 254933K [0x00000000c0000000, 0x0000000100000000)
  region size 1024K, 15 young (15360K), 2 survivors (2048K)
 Metaspace       used 86043K, capacity 88626K, committed 88960K, reserved 1126400K
  class space    used 10994K, capacity 11803K, committed 11904K, reserved 1048576K
}
Event: 1497.025 GC heap after
{Heap after GC invocations=184 (full 0):
 garbage-first heap   total 290816K, used 246127K [0x00000000c0000000, 0x0000000100000000)
  region size 1024K, 2 young (2048K), 2 survivors (2048K)
 Metaspace       used 86043K, capacity 88626K, committed 88960K, reserved 1126400K
  class space    used 10994K, capacity 11803K, committed 11904K, reserved 1048576K
}
Event: 1497.151 GC heap before
{Heap before GC invocations=184 (full 0):
 garbage-first heap   total 290816K, used 257391K [0x00000000c0000000, 0x0000000100000000)
  region size 1024K, 14 young (14336K), 2 survivors (2048K)
 Metaspace       used 86043K, capacity 88626K, committed 88960K, reserved 1126400K
  class space    used 10994K, capacity 11803K, committed 11904K, reserved 1048576K
}
Event: 1497.158 GC heap after
{Heap after GC invocations=185 (full 0):
 garbage-first heap   total 290816K, used 249496K [0x00000000c0000000, 0x0000000100000000)
  region size 1024K, 2 young (2048K), 2 survivors (2048K)
 Metaspace       used 86043K, capacity 88626K, committed 88960K, reserved 1126400K
  class space    used 10994K, capacity 11803K, committed 11904K, reserved 1048576K
}
Event: 1497.239 GC heap before
{Heap before GC invocations=185 (full 0):
 garbage-first heap   total 290816K, used 260760K [0x00000000c0000000, 0x0000000100000000)
  region size 1024K, 14 young (14336K), 2 survivors (2048K)
 Metaspace       used 86043K, capacity 88626K, committed 88960K, reserved 1126400K
  class space    used 10994K, capacity 11803K, committed 11904K, reserved 1048576K
}
Event: 1497.247 GC heap after
{Heap after GC invocations=186 (full 0):
 garbage-first heap   total 290816K, used 253952K [0x00000000c0000000, 0x0000000100000000)
  region size 1024K, 2 young (2048K), 2 survivors (2048K)
 Metaspace       used 86043K, capacity 88626K, committed 88960K, reserved 1126400K
  class space    used 10994K, capacity 11803K, committed 11904K, reserved 1048576K
}
Event: 1497.350 GC heap before
{Heap before GC invocations=186 (full 0):
 garbage-first heap   total 290816K, used 266240K [0x00000000c0000000, 0x0000000100000000)
  region size 1024K, 14 young (14336K), 2 survivors (2048K)
 Metaspace       used 86043K, capacity 88626K, committed 88960K, reserved 1126400K
  class space    used 10994K, capacity 11803K, committed 11904K, reserved 1048576K
}
Event: 1497.368 GC heap after
{Heap after GC invocations=187 (full 0):
 garbage-first heap   total 290816K, used 258785K [0x00000000c0000000, 0x0000000100000000)
  region size 1024K, 2 young (2048K), 2 survivors (2048K)
 Metaspace       used 86043K, capacity 88626K, committed 88960K, reserved 1126400K
  class space    used 10994K, capacity 11803K, committed 11904K, reserved 1048576K
}
Event: 1497.677 GC heap before
{Heap before GC invocations=187 (full 0):
 garbage-first heap   total 290816K, used 271073K [0x00000000c0000000, 0x0000000100000000)
  region size 1024K, 14 young (14336K), 2 survivors (2048K)
 Metaspace       used 86071K, capacity 88630K, committed 88960K, reserved 1126400K
  class space    used 10997K, capacity 11803K, committed 11904K, reserved 1048576K
}
Event: 1497.694 GC heap after
{Heap after GC invocations=188 (full 0):
 garbage-first heap   total 290816K, used 261542K [0x00000000c0000000, 0x0000000100000000)
  region size 1024K, 2 young (2048K), 2 survivors (2048K)
 Metaspace       used 86071K, capacity 88630K, committed 88960K, reserved 1126400K
  class space    used 10997K, capacity 11803K, committed 11904K, reserved 1048576K
}
Event: 1499.045 GC heap before
{Heap before GC invocations=188 (full 0):
 garbage-first heap   total 331776K, used 205222K [0x00000000c0000000, 0x0000000100000000)
  region size 1024K, 16 young (16384K), 2 survivors (2048K)
 Metaspace       used 85052K, capacity 87017K, committed 88960K, reserved 1126400K
  class space    used 10791K, capacity 11445K, committed 11904K, reserved 1048576K
}
Event: 1499.067 GC heap after
{Heap after GC invocations=189 (full 0):
 garbage-first heap   total 331776K, used 194352K [0x00000000c0000000, 0x0000000100000000)
  region size 1024K, 2 young (2048K), 2 survivors (2048K)
 Metaspace       used 85052K, capacity 87017K, committed 88960K, reserved 1126400K
  class space    used 10791K, capacity 11445K, committed 11904K, reserved 1048576K
}

Deoptimization events (20 events):
Event: 1497.580 Thread 0x0000028abedbd800 Uncommon trap: trap_request=0xffffffd6 fr.pc=0x0000028aaa53d93c relative=0x000000000000067c
Event: 1497.580 Thread 0x0000028abedbd800 Uncommon trap: reason=array_check action=maybe_recompile pc=0x0000028aaa53d93c method=java.util.ComparableTimSort.binarySort([Ljava/lang/Object;III)V @ 215 c2
Event: 1497.580 Thread 0x0000028abedbd800 DEOPT PACKING pc=0x0000028aaa53d93c sp=0x000000feb03fb1a0
Event: 1497.580 Thread 0x0000028abedbd800 DEOPT UNPACKING pc=0x0000028aa222942f sp=0x000000feb03fb140 mode 2
Event: 1497.605 Thread 0x0000028abedbd800 Uncommon trap: trap_request=0xffffffd6 fr.pc=0x0000028aaa53f0f8 relative=0x0000000000000938
Event: 1497.605 Thread 0x0000028abedbd800 Uncommon trap: reason=array_check action=maybe_recompile pc=0x0000028aaa53f0f8 method=java.util.ComparableTimSort.binarySort([Ljava/lang/Object;III)V @ 183 c2
Event: 1497.605 Thread 0x0000028abedbd800 DEOPT PACKING pc=0x0000028aaa53f0f8 sp=0x000000feb03fb190
Event: 1497.605 Thread 0x0000028abedbd800 DEOPT UNPACKING pc=0x0000028aa222942f sp=0x000000feb03fb140 mode 2
Event: 1497.605 Thread 0x0000028abedbd800 Uncommon trap: trap_request=0xffffffd6 fr.pc=0x0000028aaa53f0f8 relative=0x0000000000000938
Event: 1497.605 Thread 0x0000028abedbd800 Uncommon trap: reason=array_check action=maybe_recompile pc=0x0000028aaa53f0f8 method=java.util.ComparableTimSort.binarySort([Ljava/lang/Object;III)V @ 183 c2
Event: 1497.605 Thread 0x0000028abedbd800 DEOPT PACKING pc=0x0000028aaa53f0f8 sp=0x000000feb03fb190
Event: 1497.606 Thread 0x0000028abedbd800 DEOPT UNPACKING pc=0x0000028aa222942f sp=0x000000feb03fb140 mode 2
Event: 1499.181 Thread 0x0000028abedbd800 Uncommon trap: trap_request=0xffffff45 fr.pc=0x0000028aa9ea68e0 relative=0x00000000000001e0
Event: 1499.182 Thread 0x0000028abedbd800 Uncommon trap: reason=unstable_if action=reinterpret pc=0x0000028aa9ea68e0 method=com.google.common.collect.MapMakerInternalMap$Segment.getEntry(Ljava/lang/Object;I)Lcom/google/common/collect/MapMakerInternalMap$InternalEntry; @ 40 c2
Event: 1499.182 Thread 0x0000028abedbd800 DEOPT PACKING pc=0x0000028aa9ea68e0 sp=0x000000feb03fc240
Event: 1499.182 Thread 0x0000028abedbd800 DEOPT UNPACKING pc=0x0000028aa222942f sp=0x000000feb03fc0e8 mode 2
Event: 1499.182 Thread 0x0000028abedbd800 Uncommon trap: trap_request=0xffffff45 fr.pc=0x0000028aa9ed8168 relative=0x0000000000000208
Event: 1499.182 Thread 0x0000028abedbd800 Uncommon trap: reason=unstable_if action=reinterpret pc=0x0000028aa9ed8168 method=com.google.common.collect.MapMakerInternalMap$Segment.getEntry(Ljava/lang/Object;I)Lcom/google/common/collect/MapMakerInternalMap$InternalEntry; @ 40 c2
Event: 1499.182 Thread 0x0000028abedbd800 DEOPT PACKING pc=0x0000028aa9ed8168 sp=0x000000feb03fc200
Event: 1499.182 Thread 0x0000028abedbd800 DEOPT UNPACKING pc=0x0000028aa222942f sp=0x000000feb03fc120 mode 2

Classes unloaded (20 events):
Event: 1497.899 Thread 0x0000028ab5943800 Unloading class 0x0000000800c85440 'jdk/internal/reflect/GeneratedSerializationConstructorAccessor6'
Event: 1497.899 Thread 0x0000028ab5943800 Unloading class 0x0000000800c85040 'jdk/internal/reflect/GeneratedSerializationConstructorAccessor5'
Event: 1497.899 Thread 0x0000028ab5943800 Unloading class 0x0000000800c85c40 'jdk/internal/reflect/GeneratedSerializationConstructorAccessor4'
Event: 1497.899 Thread 0x0000028ab5943800 Unloading class 0x0000000800c85840 'jdk/internal/reflect/GeneratedSerializationConstructorAccessor3'
Event: 1497.899 Thread 0x0000028ab5943800 Unloading class 0x0000000800c86440 'jdk/internal/reflect/GeneratedSerializationConstructorAccessor2'
Event: 1497.899 Thread 0x0000028ab5943800 Unloading class 0x0000000800c87c40 'jdk/internal/reflect/GeneratedSerializationConstructorAccessor1'
Event: 1497.899 Thread 0x0000028ab5943800 Unloading class 0x0000000800c68840 'java/lang/invoke/LambdaForm$DMH'
Event: 1497.899 Thread 0x0000028ab5943800 Unloading class 0x0000000800c45440 'java/lang/invoke/LambdaForm$DMH'
Event: 1497.899 Thread 0x0000028ab5943800 Unloading class 0x0000000800c45c40 'java/lang/invoke/LambdaForm$MH'
Event: 1497.899 Thread 0x0000028ab5943800 Unloading class 0x0000000800c45840 'java/lang/invoke/LambdaForm$MH'
Event: 1497.899 Thread 0x0000028ab5943800 Unloading class 0x0000000800c46440 'java/lang/invoke/LambdaForm$MH'
Event: 1497.899 Thread 0x0000028ab5943800 Unloading class 0x0000000800c46c40 'java/lang/invoke/LambdaForm$MH'
Event: 1497.899 Thread 0x0000028ab5943800 Unloading class 0x0000000800c47840 'java/lang/invoke/LambdaForm$MH'
Event: 1497.899 Thread 0x0000028ab5943800 Unloading class 0x0000000800c44040 'java/lang/invoke/LambdaForm$MH'
Event: 1497.899 Thread 0x0000028ab5943800 Unloading class 0x0000000800c43840 'java/lang/invoke/LambdaForm$MH'
Event: 1497.899 Thread 0x0000028ab5943800 Unloading class 0x0000000800c43440 'java/lang/invoke/LambdaForm$MH'
Event: 1497.899 Thread 0x0000028ab5943800 Unloading class 0x0000000800c43040 'java/lang/invoke/LambdaForm$MH'
Event: 1497.899 Thread 0x0000028ab5943800 Unloading class 0x0000000800c42c40 'java/lang/invoke/LambdaForm$MH'
Event: 1497.899 Thread 0x0000028ab5943800 Unloading class 0x0000000800c42440 'java/lang/invoke/LambdaForm$MH'
Event: 1497.899 Thread 0x0000028ab5943800 Unloading class 0x0000000800c42040 'java/lang/invoke/LambdaForm$MH'

Classes redefined (0 events):
No events

Internal exceptions (20 events):
Event: 1481.877 Thread 0x0000028aba4bd000 Exception <a 'java/lang/NoSuchMethodError'{0x00000000cf8c94f8}: static Lorg/gradle/tooling/internal/consumer/versioning/VersionDetails$R48VersionDetails;.<clinit>()V> (0x00000000cf8c94f8) 
thrown [t:/workspace/open/src/hotspot/share/prims/jni.cpp, line 1347]
Event: 1481.878 Thread 0x0000028aba4bd000 Exception <a 'java/lang/NoSuchMethodError'{0x00000000cf8ca808}: static Lorg/gradle/tooling/internal/consumer/versioning/VersionDetails$R51VersionDetails;.<clinit>()V> (0x00000000cf8ca808) 
thrown [t:/workspace/open/src/hotspot/share/prims/jni.cpp, line 1347]
Event: 1482.188 Thread 0x0000028aba4ba800 Exception <a 'java/lang/NoSuchMethodError'{0x00000000cfa5b4f8}: static Lorg/gradle/internal/build/event/types/DefaultOperationStartedProgressEvent;.<clinit>()V> (0x00000000cfa5b4f8) 
thrown [t:/workspace/open/src/hotspot/share/prims/jni.cpp, line 1347]
Event: 1482.189 Thread 0x0000028aba4ba800 Exception <a 'java/lang/NoSuchMethodError'{0x00000000cfa5cb50}: static Lorg/gradle/internal/build/event/types/AbstractProgressEvent;.<clinit>()V> (0x00000000cfa5cb50) 
thrown [t:/workspace/open/src/hotspot/share/prims/jni.cpp, line 1347]
Event: 1482.192 Thread 0x0000028aba4ba800 Exception <a 'java/lang/NoSuchMethodError'{0x00000000cfa6aa40}: static Lorg/gradle/internal/build/event/types/DefaultProjectConfigurationDescriptor;.<clinit>()V> (0x00000000cfa6aa40) 
thrown [t:/workspace/open/src/hotspot/share/prims/jni.cpp, line 1347]
Event: 1482.192 Thread 0x0000028aba4ba800 Exception <a 'java/lang/NoSuchMethodError'{0x00000000cfa6c900}: static Lorg/gradle/internal/build/event/types/DefaultOperationDescriptor;.<clinit>()V> (0x00000000cfa6c900) 
thrown [t:/workspace/open/src/hotspot/share/prims/jni.cpp, line 1347]
Event: 1482.194 Thread 0x0000028aba4ba800 Exception <a 'java/lang/NoSuchMethodError'{0x00000000cfa73b70}: static Lorg/gradle/internal/operations/OperationIdentifier;.<clinit>()V> (0x00000000cfa73b70) 
thrown [t:/workspace/open/src/hotspot/share/prims/jni.cpp, line 1347]
Event: 1482.220 Thread 0x0000028aba4bd000 Implicit null exception at 0x0000028aaa319650 to 0x0000028aaa31a0fa
Event: 1484.108 Thread 0x0000028aba4bd000 Exception <a 'java/lang/NoSuchMethodError'{0x00000000cee4dbf0}: 'long java.lang.invoke.DirectMethodHandle$Holder.invokeVirtual(java.lang.Object, java.lang.Object)'> (0x00000000cee4dbf0) 
thrown [t:/workspace/open/src/hotspot/share/interpreter/linkResolver.cpp, line 767]
Event: 1484.215 Thread 0x0000028aba4ba800 Exception <a 'java/lang/NoSuchMethodError'{0x00000000cf7f3920}: static Lorg/gradle/internal/build/event/types/DefaultOperationFinishedProgressEvent;.<clinit>()V> (0x00000000cf7f3920) 
thrown [t:/workspace/open/src/hotspot/share/prims/jni.cpp, line 1347]
Event: 1484.232 Thread 0x0000028aba4ba800 Exception <a 'java/lang/NoSuchMethodError'{0x00000000ceeac6d0}: static Lorg/gradle/internal/build/event/types/DefaultProjectConfigurationSuccessResult;.<clinit>()V> (0x00000000ceeac6d0) 
thrown [t:/workspace/open/src/hotspot/share/prims/jni.cpp, line 1347]
Event: 1484.232 Thread 0x0000028aba4ba800 Exception <a 'java/lang/NoSuchMethodError'{0x00000000ceead858}: static Lorg/gradle/internal/build/event/types/AbstractProjectConfigurationResult;.<clinit>()V> (0x00000000ceead858) 
thrown [t:/workspace/open/src/hotspot/share/prims/jni.cpp, line 1347]
Event: 1484.232 Thread 0x0000028aba4ba800 Exception <a 'java/lang/NoSuchMethodError'{0x00000000ceeaebd0}: static Lorg/gradle/internal/build/event/types/AbstractOperationResult;.<clinit>()V> (0x00000000ceeaebd0) 
thrown [t:/workspace/open/src/hotspot/share/prims/jni.cpp, line 1347]
Event: 1484.232 Thread 0x0000028aba4ba800 Exception <a 'java/lang/NoSuchMethodError'{0x00000000ceeafc58}: static Lorg/gradle/internal/build/event/types/AbstractResult;.<clinit>()V> (0x00000000ceeafc58) 
thrown [t:/workspace/open/src/hotspot/share/prims/jni.cpp, line 1347]
Event: 1484.238 Thread 0x0000028aba4ba800 Exception <a 'java/lang/NoSuchMethodError'{0x00000000ceeb9248}: static Lorg/gradle/internal/build/event/types/DefaultPluginApplicationResult;.<clinit>()V> (0x00000000ceeb9248) 
thrown [t:/workspace/open/src/hotspot/share/prims/jni.cpp, line 1347]
Event: 1484.240 Thread 0x0000028aba4ba800 Exception <a 'java/lang/NoSuchMethodError'{0x00000000ceec3020}: static Lorg/gradle/internal/build/event/types/DefaultBinaryPluginIdentifier;.<clinit>()V> (0x00000000ceec3020) 
thrown [t:/workspace/open/src/hotspot/share/prims/jni.cpp, line 1347]
Event: 1484.265 Thread 0x0000028aba4ba800 Exception <a 'java/lang/NoSuchMethodError'{0x00000000ceefc970}: static Lorg/gradle/internal/build/event/types/DefaultScriptPluginIdentifier;.<clinit>()V> (0x00000000ceefc970) 
thrown [t:/workspace/open/src/hotspot/share/prims/jni.cpp, line 1347]
Event: 1493.481 Thread 0x0000028abedbd800 Implicit null exception at 0x0000028aaa506345 to 0x0000028aaa5067f6
Event: 1493.496 Thread 0x0000028abedbd800 Implicit null exception at 0x0000028aaa5071c2 to 0x0000028aaa5075da
Event: 1497.492 Thread 0x0000028abedbd800 Implicit null exception at 0x0000028aa9de1b14 to 0x0000028aa9de268e

Events (20 events):
Event: 1498.676 Executing VM operation: RevokeBias
Event: 1498.779 Executing VM operation: RevokeBias done
Event: 1498.783 Executing VM operation: RevokeBias
Event: 1498.811 Executing VM operation: RevokeBias done
Event: 1498.812 Executing VM operation: RevokeBias
Event: 1498.872 Executing VM operation: RevokeBias done
Event: 1498.878 Executing VM operation: RevokeBias
Event: 1498.890 Executing VM operation: RevokeBias done
Event: 1498.890 Executing VM operation: RevokeBias
Event: 1498.992 Executing VM operation: RevokeBias done
Event: 1499.010 Executing VM operation: RevokeBias
Event: 1499.040 Executing VM operation: RevokeBias done
Event: 1499.040 Executing VM operation: G1CollectForAllocation
Event: 1499.095 Executing VM operation: G1CollectForAllocation done
Event: 1499.095 Executing VM operation: RevokeBias
Event: 1499.095 Executing VM operation: RevokeBias done
Event: 1499.111 Executing VM operation: RevokeBias
Event: 1499.111 Executing VM operation: RevokeBias done
Event: 1499.164 Executing VM operation: G1Concurrent
Event: 1499.171 Executing VM operation: G1Concurrent done


Dynamic libraries:
0x00007ff71f230000 - 0x00007ff71f23f000 	C:\Program Files\Java\jdk-13.0.2\bin\java.exe
0x00007ffd3a0f0000 - 0x00007ffd3a2dd000 	C:\Windows\SYSTEM32\ntdll.dll
0x00007ffd39cf0000 - 0x00007ffd39da3000 	C:\Windows\System32\KERNEL32.DLL
0x00007ffd36c30000 - 0x00007ffd36ec5000 	C:\Windows\System32\KERNELBASE.dll
0x00007ffd36ed0000 - 0x00007ffd36fca000 	C:\Windows\System32\ucrtbase.dll
0x00007ffd26b70000 - 0x00007ffd26b85000 	C:\Program Files\Java\jdk-13.0.2\bin\VCRUNTIME140.dll
0x00007ffd17670000 - 0x00007ffd17688000 	C:\Program Files\Java\jdk-13.0.2\bin\jli.dll
0x00007ffd381d0000 - 0x00007ffd38273000 	C:\Windows\System32\ADVAPI32.dll
0x00007ffd37a60000 - 0x00007ffd37afe000 	C:\Windows\System32\msvcrt.dll
0x00007ffd382f0000 - 0x00007ffd3838e000 	C:\Windows\System32\sechost.dll
0x00007ffd37930000 - 0x00007ffd37a52000 	C:\Windows\System32\RPCRT4.dll
0x00007ffd38390000 - 0x00007ffd38527000 	C:\Windows\System32\USER32.dll
0x00007ffd362d0000 - 0x00007ffd362f0000 	C:\Windows\System32\win32u.dll
0x00007ffd1a0e0000 - 0x00007ffd1a359000 	C:\Windows\WinSxS\amd64_microsoft.windows.common-controls_6595b64144ccf1df_6.0.17763.1217_none_de6e4304534e0ad3\COMCTL32.dll
0x00007ffd37b90000 - 0x00007ffd37ebc000 	C:\Windows\System32\combase.dll
0x00007ffd39db0000 - 0x00007ffd39dd9000 	C:\Windows\System32\GDI32.dll
0x00007ffd36320000 - 0x00007ffd364b9000 	C:\Windows\System32\gdi32full.dll
0x00007ffd361b0000 - 0x00007ffd3622e000 	C:\Windows\System32\bcryptPrimitives.dll
0x00007ffd36230000 - 0x00007ffd362d0000 	C:\Windows\System32\msvcp_win.dll
0x00007ffd31110000 - 0x00007ffd3111a000 	C:\Windows\SYSTEM32\VERSION.dll
0x00007ffd37b60000 - 0x00007ffd37b8e000 	C:\Windows\System32\IMM32.DLL
0x00007ffd17390000 - 0x00007ffd1742b000 	C:\Program Files\Java\jdk-13.0.2\bin\msvcp140.dll
0x00007ffcfd410000 - 0x00007ffcfdf6d000 	C:\Program Files\Java\jdk-13.0.2\bin\server\jvm.dll
0x00007ffd39ce0000 - 0x00007ffd39ce8000 	C:\Windows\System32\PSAPI.DLL
0x00007ffd32910000 - 0x00007ffd32919000 	C:\Windows\SYSTEM32\WSOCK32.dll
0x00007ffd341d0000 - 0x00007ffd341f4000 	C:\Windows\SYSTEM32\WINMM.dll
0x00007ffd38280000 - 0x00007ffd382ed000 	C:\Windows\System32\WS2_32.dll
0x00007ffd341a0000 - 0x00007ffd341cd000 	C:\Windows\SYSTEM32\winmmbase.dll
0x00007ffd36fd0000 - 0x00007ffd3701a000 	C:\Windows\System32\cfgmgr32.dll
0x00007ffd36140000 - 0x00007ffd36151000 	C:\Windows\System32\kernel.appcore.dll
0x00007ffd2f160000 - 0x00007ffd2f170000 	C:\Program Files\Java\jdk-13.0.2\bin\verify.dll
0x00007ffd26870000 - 0x00007ffd26a5d000 	C:\Windows\SYSTEM32\DBGHELP.DLL
0x00007ffd26840000 - 0x00007ffd2686a000 	C:\Windows\SYSTEM32\dbgcore.DLL
0x00007ffd17640000 - 0x00007ffd17666000 	C:\Program Files\Java\jdk-13.0.2\bin\java.dll
0x00007ffd17620000 - 0x00007ffd17637000 	C:\Program Files\Java\jdk-13.0.2\bin\zip.dll
0x00007ffd28790000 - 0x00007ffd2879a000 	C:\Program Files\Java\jdk-13.0.2\bin\jimage.dll
0x00007ffd387e0000 - 0x00007ffd39cd4000 	C:\Windows\System32\SHELL32.dll
0x00007ffd37f30000 - 0x00007ffd37fd8000 	C:\Windows\System32\shcore.dll
0x00007ffd364e0000 - 0x00007ffd36c2e000 	C:\Windows\System32\windows.storage.dll
0x00007ffd36180000 - 0x00007ffd361a4000 	C:\Windows\System32\profapi.dll
0x00007ffd360e0000 - 0x00007ffd3613d000 	C:\Windows\System32\powrprof.dll
0x00007ffd38550000 - 0x00007ffd385a2000 	C:\Windows\System32\shlwapi.dll
0x00007ffd364c0000 - 0x00007ffd364d7000 	C:\Windows\System32\cryptsp.dll
0x00007ffd17600000 - 0x00007ffd17619000 	C:\Program Files\Java\jdk-13.0.2\bin\net.dll
0x00007ffd29b70000 - 0x00007ffd29c62000 	C:\Windows\SYSTEM32\WINHTTP.dll
0x00007ffd35900000 - 0x00007ffd35967000 	C:\Windows\system32\mswsock.dll
0x00007ffd175e0000 - 0x00007ffd175f3000 	C:\Program Files\Java\jdk-13.0.2\bin\nio.dll
0x00007ffd14c40000 - 0x00007ffd14c66000 	C:\Users\ELCOT\.gradle\caches\gradle-6.5\native\31\windows-amd64\native-platform.dll
0x00007ffd19670000 - 0x00007ffd19679000 	C:\Program Files\Java\jdk-13.0.2\bin\management.dll
0x00007ffd17a90000 - 0x00007ffd17a9b000 	C:\Program Files\Java\jdk-13.0.2\bin\management_ext.dll
0x00007ffd35490000 - 0x00007ffd354c3000 	C:\Windows\system32\rsaenh.dll
0x00007ffd362f0000 - 0x00007ffd36316000 	C:\Windows\System32\bcrypt.dll
0x00007ffd36010000 - 0x00007ffd36038000 	C:\Windows\SYSTEM32\USERENV.dll
0x00007ffd35a80000 - 0x00007ffd35a8c000 	C:\Windows\SYSTEM32\CRYPTBASE.dll
0x00007ffd35630000 - 0x00007ffd3566d000 	C:\Windows\SYSTEM32\IPHLPAPI.DLL
0x00007ffd37ec0000 - 0x00007ffd37ec8000 	C:\Windows\System32\NSI.dll
0x00007ffd2dcc0000 - 0x00007ffd2dcd6000 	C:\Windows\SYSTEM32\dhcpcsvc6.DLL
0x00007ffd2dca0000 - 0x00007ffd2dcbc000 	C:\Windows\SYSTEM32\dhcpcsvc.DLL
0x00007ffd35670000 - 0x00007ffd35737000 	C:\Windows\SYSTEM32\DNSAPI.dll
0x00007ffd35110000 - 0x00007ffd35141000 	C:\Windows\SYSTEM32\ntmarta.dll
0x00007ffd26ba0000 - 0x00007ffd26bae000 	C:\Program Files\Java\jdk-13.0.2\bin\sunmscapi.dll
0x00007ffd37080000 - 0x00007ffd3725c000 	C:\Windows\System32\CRYPT32.dll
0x00007ffd36160000 - 0x00007ffd36172000 	C:\Windows\System32\MSASN1.dll
0x00007ffd35b80000 - 0x00007ffd35ba6000 	C:\Windows\SYSTEM32\ncrypt.dll
0x00007ffd35b40000 - 0x00007ffd35b7c000 	C:\Windows\SYSTEM32\NTASN1.dll
0x00007ffd17570000 - 0x00007ffd17595000 	C:\Program Files\Java\jdk-13.0.2\bin\sunec.dll
0x00007ffd29b60000 - 0x00007ffd29b6a000 	C:\Windows\System32\rasadhlp.dll
0x00007ffd29de0000 - 0x00007ffd29e59000 	C:\Windows\System32\fwpuclnt.dll

dbghelp: loaded successfully - version: 4.0.5 - missing functions: none
symbol engine: initialized successfully - sym options: 0x614 - pdb path: .;C:\Program Files\Java\jdk-13.0.2\bin;C:\Windows\SYSTEM32;C:\Windows\WinSxS\amd64_microsoft.windows.common-controls_6595b64144ccf1df_6.0.17763.1217_none_de6e4304534e0ad3;C:\Program Files\Java\jdk-13.0.2\bin\server;C:\Users\ELCOT\.gradle\caches\gradle-6.5\native\31\windows-amd64

VM Arguments:
jvm_args: --add-opens=java.base/java.util=ALL-UNNAMED --add-opens=java.base/java.lang=ALL-UNNAMED --add-opens=java.base/java.lang.invoke=ALL-UNNAMED --add-opens=java.prefs/java.util.prefs=ALL-UNNAMED -Xmx1024m -Dfile.encoding=windows-1252 -Duser.country=IN -Duser.language=en -Duser.variant 
java_command: org.gradle.launcher.daemon.bootstrap.GradleDaemon 6.1.1
java_class_path (initial): C:\Users\ELCOT\.gradle\caches\gradle-6.5\wrapper\dists\gradle-6.1.1-all\cfmwm155h49vnt3hynmlrsdst\gradle-6.1.1\lib\gradle-launcher-6.1.1.jar
Launcher Type: SUN_STANDARD

[Global flags]
     intx CICompilerCount                          = 2                                         {product} {ergonomic}
     uint ConcGCThreads                            = 1                                         {product} {ergonomic}
     uint G1ConcRefinementThreads                  = 2                                         {product} {ergonomic}
   size_t G1HeapRegionSize                         = 1048576                                   {product} {ergonomic}
    uintx GCDrainStackTargetSize                   = 64                                        {product} {ergonomic}
   size_t InitialHeapSize                          = 65011712                                  {product} {ergonomic}
   size_t MarkStackSize                            = 4194304                                   {product} {ergonomic}
   size_t MaxHeapSize                              = 1073741824                                {product} {command line}
   size_t MaxNewSize                               = 643825664                                 {product} {ergonomic}
   size_t MinHeapDeltaBytes                        = 1048576                                   {product} {ergonomic}
   size_t MinHeapSize                              = 8388608                                   {product} {ergonomic}
    uintx NonNMethodCodeHeapSize                   = 5826188                                {pd product} {ergonomic}
    uintx NonProfiledCodeHeapSize                  = 122916026                              {pd product} {ergonomic}
    uintx ProfiledCodeHeapSize                     = 122916026                              {pd product} {ergonomic}
    uintx ReservedCodeCacheSize                    = 251658240                              {pd product} {ergonomic}
     bool SegmentedCodeCache                       = true                                      {product} {ergonomic}
   size_t SoftMaxHeapSize                          = 1073741824                             {manageable} {ergonomic}
     bool UseCompressedClassPointers               = true                                 {lp64_product} {ergonomic}
     bool UseCompressedOops                        = true                                 {lp64_product} {ergonomic}
     bool UseG1GC                                  = true                                      {product} {ergonomic}
     bool UseLargePagesIndividualAllocation        = false                                  {pd product} {ergonomic}

Logging:
Log output configuration:
 #0: stdout all=warning uptime,level,tags
 #1: stderr all=off uptime,level,tags

Environment Variables:
JAVA_HOME=C:\Program Files\AdoptOpenJDK\jdk-11.0.7.10-hotspot
PATH=C:\Program Files\AdoptOpenJDK\jdk-11.0.7.10-hotspot\bin;C:\Program Files (x86)\Common Files\Oracle\Java\javapath;C:\MinGW\bin;C:\Windows\system32;C:\Windows;C:\Windows\System32\Wbem;C:\Windows\System32\WindowsPowerShell\v1.0\;C:\Windows\System32\OpenSSH\;C:\Program Files\nodejs\;C:\Users\ELCOT\Downloads\python-3.8.2;C:\Program Files\Dart\dart-sdk\bin;C:\drivers\chromedriver_win32.zip;C:\src\flutter\flutter_windows_v1.12.13+hotfix.9-stable\flutter\bin;C:\Program Files (x86)\Android\android-sdk\platforms\platform-tools;C:\Program Files (x86)\Android\android-sdk\platform-tools\api;C:\Downloads\installer_r16-windows.exe;C:\ProgramData\Microsoft\Windows\Start Menu\Programs\Android SDK Tools;D:\kishoreAndroid\Android\Android Studio\bin;D:\kishoreAndroid\Android\Android Studio;C:\ProgramData\Microsoft\Windows\Start Menu\Programs\Visual Studio Emulator for Android.lnk;C:\Downloads\vs_emulatorsetup.exe;C:\Program Files (x86)\Android\android-sdk\SDK Manager;D:\Kishore\platforms;C:\Users\ELCOT\AppData\Local\Programs\Python\Python38\Scripts\;C:\Users\;C:\Program Files\Java\jdk-13.0.2;C:\Program Files\Java\jdk-13.0.2\bin;C:\Program Files\Java\jre1.8.0_251\bin;C:\Program Files (x86)\Android\platform-tools;C:\Downloads\python-3.8.2.exe;C:\Program Files\dotnet\;C:\Program Files\Microsoft SQL Server\130\Tools\Binn\;C:\Program Files\Microsoft SQL Server\Client SDK\ODBC\170\Tools\Binn\;D:\Git\cmd;C:\Users\ELCOT\AppData\Roaming\npm;\home\linuxbrew\.linuxbrew\bin;D:\AndroidStd\jre;C:\Program Files\Microsoft SQL Server\Client SDK\ODBC\130\Tools\Binn\;C:\Program Files (x86)\Microsoft SQL Server\140\Tools\Binn\;C:\Program Files\Microsoft SQL Server\140\Tools\Binn\;C:\Program Files\Microsoft SQL Server\140\DTS\Binn\;C:\Program Files (x86)\Microsoft SQL Server\150\DTS\Binn\;C:\Program Files\Azure Data Studio\bin;D:\modelsim_ase\win32aloem;C:\Users\ELCOT\AppData\Local\Programs\Python\Python39\Scripts\;C:\Users\ELCOT\AppData\Local\Programs\Python\Python39\;C:\Users\ELCOT\AppData\Local\Valida
USERNAME=ELCOT
OS=Windows_NT
PROCESSOR_IDENTIFIER=AMD64 Family 21 Model 112 Stepping 0, AuthenticAMD



---------------  S Y S T E M  ---------------

OS: Windows 10 , 64 bit Build 17763 (10.0.17763.1158)
HyperV virtualization detected

CPU:total 2 (initial active 2) (2 cores per cpu, 1 threads per core) family 21 model 112 stepping 0, cmov, cx8, fxsr, mmx, sse, sse2, sse3, ssse3, sse4.1, sse4.2, popcnt, avx, avx2, aes, clmul, mmxext, 3dnowpref, lzcnt, sse4a, tsc, tscinvbit, tscinv, bmi1, bmi2, fma

Memory: 4k page, system-wide physical 3935M (396M free)
TotalPageFile size 5322M (AvailPageFile size 10M)
current process WorkingSet (physical memory assigned to process): 530M, peak: 537M
current process commit charge ("private bytes"): 828M, peak: 830M

vm_info: Java HotSpot(TM) 64-Bit Server VM (13.0.2+8) for windows-amd64 JRE (13.0.2+8), built on Dec 11 2019 09:20:33 by "mach5one" with unknown MS VC++:1916

END.
