#
# There is insufficient memory for the Java Runtime Environment to continue.
# Native memory allocation (malloc) failed to allocate 1676320 bytes for Chunk::new
# Possible reasons:
#   The system is out of physical RAM or swap space
#   The process is running with CompressedOops enabled, and the Java Heap may be blocking the growth of the native heap
# Possible solutions:
#   Reduce memory load on the system
#   Increase physical memory or swap space
#   Check if swap backing store is full
#   Decrease Java heap size (-Xmx/-Xms)
#   Decrease number of Java threads
#   Decrease Java thread stack sizes (-Xss)
#   Set larger code cache with -XX:ReservedCodeCacheSize=
#   JVM is running with Unscaled Compressed Oops mode in which the Java heap is
#     placed in the first 4GB address space. The Java Heap base address is the
#     maximum limit for the native heap growth. Please use -XX:HeapBaseMinAddress
#     to set the Java Heap base and to place the Java Heap above 4GB virtual address.
# This output file may be truncated or incomplete.
#
#  Out of Memory Error (t:/workspace/open/src/hotspot/share/memory/arena.cpp:196), pid=8540, tid=10488
#
# JRE version: Java(TM) SE Runtime Environment (13.0.2+8) (build 13.0.2+8)
# Java VM: Java HotSpot(TM) 64-Bit Server VM (13.0.2+8, mixed mode, sharing, tiered, compressed oops, g1 gc, windows-amd64)
# No core dump will be written. Minidumps are not enabled by default on client versions of Windows
#

---------------  S U M M A R Y ------------

Command Line: --add-opens=java.base/java.util=ALL-UNNAMED --add-opens=java.base/java.lang=ALL-UNNAMED --add-opens=java.base/java.lang.invoke=ALL-UNNAMED --add-opens=java.prefs/java.util.prefs=ALL-UNNAMED -Xmx1024m -Dfile.encoding=windows-1252 -Duser.country=IN -Duser.language=en -Duser.variant org.gradle.launcher.daemon.bootstrap.GradleDaemon 6.1.1

Host: AMD PRO A4-4350B R4, 5 COMPUTE CORES 2C+3G     , 2 cores, 3G,  Windows 10 , 64 bit Build 17763 (10.0.17763.1158)
Time: Mon Oct 12 10:45:37 2020 Pacific Daylight Time elapsed time: 1137 seconds (0d 0h 18m 57s)

---------------  T H R E A D  ---------------

Current thread (0x0000020e65a62800):  JavaThread "C2 CompilerThread0" daemon [_thread_in_native, id=10488, stack(0x000000478fb00000,0x000000478fc00000)]


Current CompileTask:
C2:1137445 10938       4       java.lang.invoke.MethodType::makeImpl (108 bytes)

Stack: [0x000000478fb00000,0x000000478fc00000]
Native frames: (J=compiled Java code, j=interpreted, Vv=VM code, C=native code)
V  [jvm.dll+0x624f9a]
V  [jvm.dll+0x770cfa]
V  [jvm.dll+0x7724af]
V  [jvm.dll+0x772ab3]
V  [jvm.dll+0x24bf08]
V  [jvm.dll+0xc1e47]
V  [jvm.dll+0xc23cc]
V  [jvm.dll+0x35c0c5]
V  [jvm.dll+0x327803]
V  [jvm.dll+0x326bda]
V  [jvm.dll+0x205c27]
V  [jvm.dll+0x204e3f]
V  [jvm.dll+0x189c2c]
V  [jvm.dll+0x213e6d]
V  [jvm.dll+0x2120bb]
V  [jvm.dll+0x736bb6]
V  [jvm.dll+0x72fcaa]
V  [jvm.dll+0x623ea6]
C  [ucrtbase.dll+0x21ffa]
C  [KERNEL32.DLL+0x17974]
C  [ntdll.dll+0x6a271]


---------------  P R O C E S S  ---------------

Threads class SMR info:
_java_thread_list=0x0000020e6ac72200, length=31, elements={
0x0000020e47ec0000, 0x0000020e47f8e800, 0x0000020e65a4b800, 0x0000020e65a5f800,
0x0000020e65a61800, 0x0000020e65a62800, 0x0000020e65ad5000, 0x0000020e65ad6000,
0x0000020e664b8000, 0x0000020e664be800, 0x0000020e676b5800, 0x0000020e67a68000,
0x0000020e671fa000, 0x0000020e67bd0800, 0x0000020e67bd1000, 0x0000020e67bd2000,
0x0000020e67bcf800, 0x0000020e69499800, 0x0000020e69494800, 0x0000020e69493800,
0x0000020e6949a800, 0x0000020e69498000, 0x0000020e69497000, 0x0000020e69495800,
0x0000020e6949c000, 0x0000020e69496000, 0x0000020e6949c800, 0x0000020e69498800,
0x0000020e694a2800, 0x0000020e694a1000, 0x0000020e694a0000
}

Java Threads: ( => current thread )
  0x0000020e47ec0000 JavaThread "main" [_thread_blocked, id=5300, stack(0x000000478f000000,0x000000478f100000)]
  0x0000020e47f8e800 JavaThread "Reference Handler" daemon [_thread_blocked, id=7648, stack(0x000000478f700000,0x000000478f800000)]
  0x0000020e65a4b800 JavaThread "Finalizer" daemon [_thread_blocked, id=11392, stack(0x000000478f800000,0x000000478f900000)]
  0x0000020e65a5f800 JavaThread "Signal Dispatcher" daemon [_thread_blocked, id=2032, stack(0x000000478f900000,0x000000478fa00000)]
  0x0000020e65a61800 JavaThread "Attach Listener" daemon [_thread_blocked, id=7248, stack(0x000000478fa00000,0x000000478fb00000)]
=>0x0000020e65a62800 JavaThread "C2 CompilerThread0" daemon [_thread_in_native, id=10488, stack(0x000000478fb00000,0x000000478fc00000)]
  0x0000020e65ad5000 JavaThread "C1 CompilerThread0" daemon [_thread_blocked, id=2936, stack(0x000000478fc00000,0x000000478fd00000)]
  0x0000020e65ad6000 JavaThread "Sweeper thread" daemon [_thread_blocked, id=1256, stack(0x000000478fd00000,0x000000478fe00000)]
  0x0000020e664b8000 JavaThread "Common-Cleaner" daemon [_thread_blocked, id=6460, stack(0x000000478fe00000,0x000000478ff00000)]
  0x0000020e664be800 JavaThread "Service Thread" daemon [_thread_blocked, id=8552, stack(0x000000478ff00000,0x0000004790000000)]
  0x0000020e676b5800 JavaThread "Daemon health stats" [_thread_blocked, id=7924, stack(0x0000004790200000,0x0000004790300000)]
  0x0000020e67a68000 JavaThread "Incoming local TCP Connector on port 62477" [_thread_in_native, id=9668, stack(0x0000004790300000,0x0000004790400000)]
  0x0000020e671fa000 JavaThread "Daemon periodic checks" [_thread_blocked, id=9568, stack(0x0000004790400000,0x0000004790500000)]
  0x0000020e67bd0800 JavaThread "Cache worker for journal cache (C:\Users\ELCOT\.gradle\caches\gradle-6.5\caches\journal-1)" [_thread_in_Java, id=7220, stack(0x0000004790c00000,0x0000004790d00000)]
  0x0000020e67bd1000 JavaThread "File lock request listener" [_thread_in_native, id=11436, stack(0x0000004790d00000,0x0000004790e00000)]
  0x0000020e67bd2000 JavaThread "Cache worker for file hash cache (C:\Users\ELCOT\.gradle\caches\gradle-6.5\caches\6.1.1\fileHashes)" [_thread_blocked, id=11904, stack(0x0000004790e00000,0x0000004790f00000)]
  0x0000020e67bcf800 JavaThread "Cache worker for execution history cache (C:\Users\ELCOT\.gradle\caches\gradle-6.5\caches\6.1.1\executionHistory)" [_thread_blocked, id=11128, stack(0x0000004791300000,0x0000004791400000)]
  0x0000020e69499800 JavaThread "Daemon Thread 3" [_thread_blocked, id=10360, stack(0x000000478ee00000,0x000000478ef00000)]
  0x0000020e69494800 JavaThread "Handler for socket connection from /127.0.0.1:62477 to /127.0.0.1:62611" [_thread_in_native, id=8696, stack(0x000000478ef00000,0x000000478f000000)]
  0x0000020e69493800 JavaThread "Cancel handler" [_thread_blocked, id=4760, stack(0x0000004790500000,0x0000004790600000)]
  0x0000020e6949a800 JavaThread "Daemon worker Thread 3" [_thread_blocked, id=4596, stack(0x0000004790600000,0x0000004790700000)]
  0x0000020e69498000 JavaThread "Asynchronous log dispatcher for DefaultDaemonConnection: socket connection from /127.0.0.1:62477 to /127.0.0.1:62611" [_thread_blocked, id=8532, stack(0x0000004790700000,0x0000004790800000)]
  0x0000020e69497000 JavaThread "Stdin handler" [_thread_blocked, id=11728, stack(0x0000004790800000,0x0000004790900000)]
  0x0000020e69495800 JavaThread "Thread-38" [_thread_blocked, id=3120, stack(0x0000004790900000,0x0000004790a00000)]
  0x0000020e6949c000 JavaThread "Cache worker for checksums cache (D:\AndroidStudioProjects\DoChat\.gradle\checksums)" [_thread_blocked, id=10432, stack(0x0000004790a00000,0x0000004790b00000)]
  0x0000020e69496000 JavaThread "Cache worker for file hash cache (D:\AndroidStudioProjects\DoChat\.gradle\6.1.1\fileHashes)" [_thread_blocked, id=1320, stack(0x0000004790b00000,0x0000004790c00000)]
  0x0000020e6949c800 JavaThread "Cache worker for cache directory md-supplier (C:\Users\ELCOT\.gradle\caches\gradle-6.5\caches\6.1.1\md-supplier)" [_thread_blocked, id=10680, stack(0x0000004790f00000,0x0000004791000000)]
  0x0000020e69498800 JavaThread "Cache worker for cache directory md-rule (C:\Users\ELCOT\.gradle\caches\gradle-6.5\caches\6.1.1\md-rule)" [_thread_blocked, id=2300, stack(0x0000004791000000,0x0000004791100000)]
  0x0000020e694a2800 JavaThread "Build operations" [_thread_in_native, id=10132, stack(0x0000004791100000,0x0000004791200000)]
  0x0000020e694a1000 JavaThread "Build operations Thread 2" [_thread_blocked, id=700, stack(0x0000004791200000,0x0000004791300000)]
  0x0000020e694a0000 JavaThread "Cache worker for Build Output Cleanup Cache (D:\AndroidStudioProjects\DoChat\.gradle\buildOutputCleanup)" [_thread_blocked, id=11044, stack(0x0000004791400000,0x0000004791500000)]

Other Threads:
  0x0000020e47f8c000 VMThread "VM Thread" [stack: 0x000000478f600000,0x000000478f700000] [id=5256]
  0x0000020e664c4800 WatcherThread [stack: 0x0000004790000000,0x0000004790100000] [id=8872]
  0x0000020e47eee800 GCTaskThread "GC Thread#0" [stack: 0x000000478f100000,0x000000478f200000] [id=6376]
  0x0000020e665e8800 GCTaskThread "GC Thread#1" [stack: 0x0000004790100000,0x0000004790200000] [id=2512]
  0x0000020e47ef8800 ConcurrentGCThread "G1 Main Marker" [stack: 0x000000478f200000,0x000000478f300000] [id=11588]
  0x0000020e47ef9800 ConcurrentGCThread "G1 Conc#0" [stack: 0x000000478f300000,0x000000478f400000] [id=872]
  0x0000020e47f45800 ConcurrentGCThread "G1 Refine#0" [stack: 0x000000478f400000,0x000000478f500000] [id=384]
  0x0000020e47f48000 ConcurrentGCThread "G1 Young RemSet Sampling" [stack: 0x000000478f500000,0x000000478f600000] [id=10924]

Threads with active compile tasks:
C2 CompilerThread0  1137733 10938       4       java.lang.invoke.MethodType::makeImpl (108 bytes)

VM state:not at safepoint (normal execution)

VM Mutex/Monitor currently owned by a thread: None

Heap address: 0x00000000c0000000, size: 1024 MB, Compressed Oops mode: 32-bit
Narrow klass base: 0x0000000800000000, Narrow klass shift: 3
Compressed class space size: 1073741824 Address: 0x0000000800b40000

Heap:
 garbage-first heap   total 162816K, used 109077K [0x00000000c0000000, 0x0000000100000000)
  region size 1024K, 21 young (21504K), 4 survivors (4096K)
 Metaspace       used 81552K, capacity 83621K, committed 83712K, reserved 1122304K
  class space    used 10563K, capacity 11206K, committed 11264K, reserved 1048576K
Heap Regions: E=young(eden), S=young(survivor), O=old, HS=humongous(starts), HC=humongous(continues), CS=collection set, F=free, A=archive, TAMS=top-at-mark-start (previous, next)
|   0|0x00000000c0000000, 0x00000000c0100000, 0x00000000c0100000|100%|HS|  |TAMS 0x00000000c0100000, 0x00000000c0000000| Complete 
|   1|0x00000000c0100000, 0x00000000c0200000, 0x00000000c0200000|100%|HC|  |TAMS 0x00000000c0200000, 0x00000000c0100000| Complete 
|   2|0x00000000c0200000, 0x00000000c0300000, 0x00000000c0300000|100%|HC|  |TAMS 0x00000000c0300000, 0x00000000c0200000| Complete 
|   3|0x00000000c0300000, 0x00000000c0400000, 0x00000000c0400000|100%| O|  |TAMS 0x00000000c0400000, 0x00000000c0300000| Untracked 
|   4|0x00000000c0400000, 0x00000000c0500000, 0x00000000c0500000|100%| O|  |TAMS 0x00000000c0500000, 0x00000000c0400000| Complete 
|   5|0x00000000c0500000, 0x00000000c0600000, 0x00000000c0600000|100%| O|  |TAMS 0x00000000c0600000, 0x00000000c0500000| Complete 
|   6|0x00000000c0600000, 0x00000000c0700000, 0x00000000c0700000|100%| O|  |TAMS 0x00000000c0700000, 0x00000000c0600000| Untracked 
|   7|0x00000000c0700000, 0x00000000c0800000, 0x00000000c0800000|100%| O|  |TAMS 0x00000000c0800000, 0x00000000c0700000| Untracked 
|   8|0x00000000c0800000, 0x00000000c0900000, 0x00000000c0900000|100%| O|  |TAMS 0x00000000c0900000, 0x00000000c0800000| Untracked 
|   9|0x00000000c0900000, 0x00000000c0a00000, 0x00000000c0a00000|100%| O|  |TAMS 0x00000000c0a00000, 0x00000000c0900000| Untracked 
|  10|0x00000000c0a00000, 0x00000000c0b00000, 0x00000000c0b00000|100%| O|  |TAMS 0x00000000c0b00000, 0x00000000c0a00000| Complete 
|  11|0x00000000c0b00000, 0x00000000c0c00000, 0x00000000c0c00000|100%| O|  |TAMS 0x00000000c0c00000, 0x00000000c0b00000| Untracked 
|  12|0x00000000c0c00000, 0x00000000c0d00000, 0x00000000c0d00000|100%| O|  |TAMS 0x00000000c0d00000, 0x00000000c0c00000| Complete 
|  13|0x00000000c0d00000, 0x00000000c0e00000, 0x00000000c0e00000|100%| O|  |TAMS 0x00000000c0e00000, 0x00000000c0d00000| Complete 
|  14|0x00000000c0e00000, 0x00000000c0f00000, 0x00000000c0f00000|100%| O|  |TAMS 0x00000000c0f00000, 0x00000000c0e00000| Untracked 
|  15|0x00000000c0f00000, 0x00000000c1000000, 0x00000000c1000000|100%| O|  |TAMS 0x00000000c1000000, 0x00000000c0f00000| Complete 
|  16|0x00000000c1000000, 0x00000000c1100000, 0x00000000c1100000|100%|HS|  |TAMS 0x00000000c1100000, 0x00000000c1000000| Complete 
|  17|0x00000000c1100000, 0x00000000c1200000, 0x00000000c1200000|100%|HC|  |TAMS 0x00000000c1200000, 0x00000000c1100000| Complete 
|  18|0x00000000c1200000, 0x00000000c1300000, 0x00000000c1300000|100%|HS|  |TAMS 0x00000000c1300000, 0x00000000c1200000| Complete 
|  19|0x00000000c1300000, 0x00000000c1400000, 0x00000000c1400000|100%|HC|  |TAMS 0x00000000c1400000, 0x00000000c1300000| Complete 
|  20|0x00000000c1400000, 0x00000000c1500000, 0x00000000c1500000|100%|HC|  |TAMS 0x00000000c1500000, 0x00000000c1400000| Complete 
|  21|0x00000000c1500000, 0x00000000c1600000, 0x00000000c1600000|100%|HS|  |TAMS 0x00000000c1600000, 0x00000000c1500000| Complete 
|  22|0x00000000c1600000, 0x00000000c1700000, 0x00000000c1700000|100%|HC|  |TAMS 0x00000000c1700000, 0x00000000c1600000| Complete 
|  23|0x00000000c1700000, 0x00000000c1800000, 0x00000000c1800000|100%|HC|  |TAMS 0x00000000c1800000, 0x00000000c1700000| Complete 
|  24|0x00000000c1800000, 0x00000000c1900000, 0x00000000c1900000|100%|HC|  |TAMS 0x00000000c1900000, 0x00000000c1800000| Complete 
|  25|0x00000000c1900000, 0x00000000c1a00000, 0x00000000c1a00000|100%| O|  |TAMS 0x00000000c1a00000, 0x00000000c1900000| Complete 
|  26|0x00000000c1a00000, 0x00000000c1b00000, 0x00000000c1b00000|100%|HS|  |TAMS 0x00000000c1b00000, 0x00000000c1a00000| Complete 
|  27|0x00000000c1b00000, 0x00000000c1c00000, 0x00000000c1c00000|100%|HC|  |TAMS 0x00000000c1c00000, 0x00000000c1b00000| Complete 
|  28|0x00000000c1c00000, 0x00000000c1d00000, 0x00000000c1d00000|100%|HC|  |TAMS 0x00000000c1d00000, 0x00000000c1c00000| Complete 
|  29|0x00000000c1d00000, 0x00000000c1e00000, 0x00000000c1e00000|100%|HC|  |TAMS 0x00000000c1e00000, 0x00000000c1d00000| Complete 
|  30|0x00000000c1e00000, 0x00000000c1f00000, 0x00000000c1f00000|100%| O|  |TAMS 0x00000000c1f00000, 0x00000000c1e00000| Untracked 
|  31|0x00000000c1f00000, 0x00000000c2000000, 0x00000000c2000000|100%| O|  |TAMS 0x00000000c2000000, 0x00000000c1f00000| Untracked 
|  32|0x00000000c2000000, 0x00000000c2100000, 0x00000000c2100000|100%| O|  |TAMS 0x00000000c2100000, 0x00000000c2000000| Untracked 
|  33|0x00000000c2100000, 0x00000000c2200000, 0x00000000c2200000|100%| O|  |TAMS 0x00000000c2200000, 0x00000000c2100000| Complete 
|  34|0x00000000c2200000, 0x00000000c2300000, 0x00000000c2300000|100%| O|  |TAMS 0x00000000c2300000, 0x00000000c2200000| Complete 
|  35|0x00000000c2300000, 0x00000000c2400000, 0x00000000c2400000|100%| O|  |TAMS 0x00000000c2400000, 0x00000000c2300000| Complete 
|  36|0x00000000c2400000, 0x00000000c2500000, 0x00000000c2500000|100%| O|  |TAMS 0x00000000c2500000, 0x00000000c2400000| Untracked 
|  37|0x00000000c2500000, 0x00000000c2600000, 0x00000000c2600000|100%| O|  |TAMS 0x00000000c2600000, 0x00000000c2500000| Complete 
|  38|0x00000000c2600000, 0x00000000c2700000, 0x00000000c2700000|100%| O|  |TAMS 0x00000000c2700000, 0x00000000c2600000| Complete 
|  39|0x00000000c2700000, 0x00000000c2800000, 0x00000000c2800000|100%| O|  |TAMS 0x00000000c2800000, 0x00000000c2700000| Complete 
|  40|0x00000000c2800000, 0x00000000c2900000, 0x00000000c2900000|100%| O|  |TAMS 0x00000000c2900000, 0x00000000c2800000| Complete 
|  41|0x00000000c2900000, 0x00000000c2a00000, 0x00000000c2a00000|100%| O|  |TAMS 0x00000000c2a00000, 0x00000000c2900000| Complete 
|  42|0x00000000c2a00000, 0x00000000c2b00000, 0x00000000c2b00000|100%| O|  |TAMS 0x00000000c2b00000, 0x00000000c2a00000| Complete 
|  43|0x00000000c2b00000, 0x00000000c2c00000, 0x00000000c2c00000|100%| O|  |TAMS 0x00000000c2c00000, 0x00000000c2b00000| Complete 
|  44|0x00000000c2c00000, 0x00000000c2d00000, 0x00000000c2d00000|100%|HS|  |TAMS 0x00000000c2d00000, 0x00000000c2c00000| Complete 
|  45|0x00000000c2d00000, 0x00000000c2e00000, 0x00000000c2e00000|100%|HC|  |TAMS 0x00000000c2e00000, 0x00000000c2d00000| Complete 
|  46|0x00000000c2e00000, 0x00000000c2f00000, 0x00000000c2f00000|100%|HC|  |TAMS 0x00000000c2f00000, 0x00000000c2e00000| Complete 
|  47|0x00000000c2f00000, 0x00000000c3000000, 0x00000000c3000000|100%| O|  |TAMS 0x00000000c3000000, 0x00000000c2f00000| Untracked 
|  48|0x00000000c3000000, 0x00000000c3100000, 0x00000000c3100000|100%| O|  |TAMS 0x00000000c3100000, 0x00000000c3000000| Complete 
|  49|0x00000000c3100000, 0x00000000c3200000, 0x00000000c3200000|100%| O|  |TAMS 0x00000000c3200000, 0x00000000c3100000| Untracked 
|  50|0x00000000c3200000, 0x00000000c3300000, 0x00000000c3300000|100%|HS|  |TAMS 0x00000000c3300000, 0x00000000c3200000| Complete 
|  51|0x00000000c3300000, 0x00000000c3400000, 0x00000000c3400000|100%|HC|  |TAMS 0x00000000c3400000, 0x00000000c3300000| Complete 
|  52|0x00000000c3400000, 0x00000000c3500000, 0x00000000c3500000|100%| O|  |TAMS 0x00000000c3500000, 0x00000000c3400000| Complete 
|  53|0x00000000c3500000, 0x00000000c3600000, 0x00000000c3600000|100%| O|  |TAMS 0x00000000c3600000, 0x00000000c3500000| Complete 
|  54|0x00000000c3600000, 0x00000000c3700000, 0x00000000c3700000|100%| O|  |TAMS 0x00000000c3700000, 0x00000000c3600000| Complete 
|  55|0x00000000c3700000, 0x00000000c3800000, 0x00000000c3800000|100%| O|  |TAMS 0x00000000c3800000, 0x00000000c3700000| Complete 
|  56|0x00000000c3800000, 0x00000000c3900000, 0x00000000c3900000|100%| O|  |TAMS 0x00000000c3900000, 0x00000000c3800000| Complete 
|  57|0x00000000c3900000, 0x00000000c3a00000, 0x00000000c3a00000|100%| O|  |TAMS 0x00000000c3a00000, 0x00000000c3900000| Complete 
|  58|0x00000000c3a00000, 0x00000000c3b00000, 0x00000000c3b00000|100%| O|  |TAMS 0x00000000c3b00000, 0x00000000c3a00000| Complete 
|  59|0x00000000c3b00000, 0x00000000c3c00000, 0x00000000c3c00000|100%| O|  |TAMS 0x00000000c3c00000, 0x00000000c3b00000| Complete 
|  60|0x00000000c3c00000, 0x00000000c3d00000, 0x00000000c3d00000|100%| O|  |TAMS 0x00000000c3d00000, 0x00000000c3c00000| Complete 
|  61|0x00000000c3d00000, 0x00000000c3e00000, 0x00000000c3e00000|100%| O|  |TAMS 0x00000000c3e00000, 0x00000000c3d00000| Complete 
|  62|0x00000000c3e00000, 0x00000000c3f00000, 0x00000000c3f00000|100%| O|  |TAMS 0x00000000c3f00000, 0x00000000c3e00000| Complete 
|  63|0x00000000c3f00000, 0x00000000c4000000, 0x00000000c4000000|100%| O|  |TAMS 0x00000000c4000000, 0x00000000c3f00000| Complete 
|  64|0x00000000c4000000, 0x00000000c4100000, 0x00000000c4100000|100%| O|  |TAMS 0x00000000c4100000, 0x00000000c4000000| Complete 
|  65|0x00000000c4100000, 0x00000000c4200000, 0x00000000c4200000|100%| O|  |TAMS 0x00000000c4200000, 0x00000000c4100000| Untracked 
|  66|0x00000000c4200000, 0x00000000c4300000, 0x00000000c4300000|100%| O|  |TAMS 0x00000000c4300000, 0x00000000c4200000| Complete 
|  67|0x00000000c4300000, 0x00000000c4400000, 0x00000000c4400000|100%| O|  |TAMS 0x00000000c4400000, 0x00000000c4300000| Complete 
|  68|0x00000000c4400000, 0x00000000c4500000, 0x00000000c4500000|100%| O|  |TAMS 0x00000000c4500000, 0x00000000c4400000| Complete 
|  69|0x00000000c4500000, 0x00000000c4600000, 0x00000000c4600000|100%| O|  |TAMS 0x00000000c4600000, 0x00000000c4500000| Complete 
|  70|0x00000000c4600000, 0x00000000c4700000, 0x00000000c4700000|100%| O|  |TAMS 0x00000000c4700000, 0x00000000c4600000| Complete 
|  71|0x00000000c4700000, 0x00000000c4800000, 0x00000000c4800000|100%| O|  |TAMS 0x00000000c4800000, 0x00000000c4700000| Complete 
|  72|0x00000000c4800000, 0x00000000c4900000, 0x00000000c4900000|100%| O|  |TAMS 0x00000000c4900000, 0x00000000c4800000| Complete 
|  73|0x00000000c4900000, 0x00000000c4a00000, 0x00000000c4a00000|100%| O|  |TAMS 0x00000000c4a00000, 0x00000000c4900000| Complete 
|  74|0x00000000c4a00000, 0x00000000c4b00000, 0x00000000c4b00000|100%| O|  |TAMS 0x00000000c4b00000, 0x00000000c4a00000| Complete 
|  75|0x00000000c4b00000, 0x00000000c4c00000, 0x00000000c4c00000|100%| O|  |TAMS 0x00000000c4c00000, 0x00000000c4b00000| Complete 
|  76|0x00000000c4c00000, 0x00000000c4d00000, 0x00000000c4d00000|100%| O|  |TAMS 0x00000000c4d00000, 0x00000000c4c00000| Complete 
|  77|0x00000000c4d00000, 0x00000000c4e00000, 0x00000000c4e00000|100%| O|  |TAMS 0x00000000c4e00000, 0x00000000c4d00000| Untracked 
|  78|0x00000000c4e00000, 0x00000000c4f00000, 0x00000000c4f00000|100%| O|  |TAMS 0x00000000c4f00000, 0x00000000c4e00000| Untracked 
|  79|0x00000000c4f00000, 0x00000000c5000000, 0x00000000c5000000|100%| O|  |TAMS 0x00000000c5000000, 0x00000000c4f00000| Complete 
|  80|0x00000000c5000000, 0x00000000c5100000, 0x00000000c5100000|100%| O|  |TAMS 0x00000000c5100000, 0x00000000c5000000| Complete 
|  81|0x00000000c5100000, 0x00000000c5200000, 0x00000000c5200000|100%| O|  |TAMS 0x00000000c5200000, 0x00000000c5100000| Complete 
|  82|0x00000000c5200000, 0x00000000c5300000, 0x00000000c5300000|100%| O|  |TAMS 0x00000000c5300000, 0x00000000c5200000| Complete 
|  83|0x00000000c5300000, 0x00000000c5400000, 0x00000000c5400000|100%| O|  |TAMS 0x00000000c5400000, 0x00000000c5300000| Complete 
|  84|0x00000000c5400000, 0x00000000c5400000, 0x00000000c5500000|  0%| F|  |TAMS 0x00000000c5400000, 0x00000000c5400000| Untracked 
|  85|0x00000000c5500000, 0x00000000c5600000, 0x00000000c5600000|100%| O|  |TAMS 0x00000000c5600000, 0x00000000c5500000| Complete 
|  86|0x00000000c5600000, 0x00000000c5600000, 0x00000000c5700000|  0%| F|  |TAMS 0x00000000c5600000, 0x00000000c5600000| Untracked 
|  87|0x00000000c5700000, 0x00000000c5800000, 0x00000000c5800000|100%| O|  |TAMS 0x00000000c5800000, 0x00000000c5700000| Complete 
|  88|0x00000000c5800000, 0x00000000c5900000, 0x00000000c5900000|100%| O|  |TAMS 0x00000000c5800000, 0x00000000c5800000| Untracked 
|  89|0x00000000c5900000, 0x00000000c5985400, 0x00000000c5a00000| 52%| O|  |TAMS 0x00000000c5900000, 0x00000000c5900000| Untracked 
|  90|0x00000000c5a00000, 0x00000000c5a00000, 0x00000000c5b00000|  0%| F|  |TAMS 0x00000000c5a00000, 0x00000000c5a00000| Untracked 
|  91|0x00000000c5b00000, 0x00000000c5b00000, 0x00000000c5c00000|  0%| F|  |TAMS 0x00000000c5b00000, 0x00000000c5b00000| Untracked 
|  92|0x00000000c5c00000, 0x00000000c5c00000, 0x00000000c5d00000|  0%| F|  |TAMS 0x00000000c5c00000, 0x00000000c5c00000| Untracked 
|  93|0x00000000c5d00000, 0x00000000c5d00000, 0x00000000c5e00000|  0%| F|  |TAMS 0x00000000c5d00000, 0x00000000c5d00000| Untracked 
|  94|0x00000000c5e00000, 0x00000000c5e00000, 0x00000000c5f00000|  0%| F|  |TAMS 0x00000000c5e00000, 0x00000000c5e00000| Untracked 
|  95|0x00000000c5f00000, 0x00000000c5f00000, 0x00000000c6000000|  0%| F|  |TAMS 0x00000000c5f00000, 0x00000000c5f00000| Untracked 
|  96|0x00000000c6000000, 0x00000000c6000000, 0x00000000c6100000|  0%| F|  |TAMS 0x00000000c6000000, 0x00000000c6000000| Untracked 
|  97|0x00000000c6100000, 0x00000000c6100000, 0x00000000c6200000|  0%| F|  |TAMS 0x00000000c6100000, 0x00000000c6100000| Untracked 
|  98|0x00000000c6200000, 0x00000000c6200000, 0x00000000c6300000|  0%| F|  |TAMS 0x00000000c6200000, 0x00000000c6200000| Untracked 
|  99|0x00000000c6300000, 0x00000000c6300000, 0x00000000c6400000|  0%| F|  |TAMS 0x00000000c6300000, 0x00000000c6300000| Untracked 
| 100|0x00000000c6400000, 0x00000000c6400000, 0x00000000c6500000|  0%| F|  |TAMS 0x00000000c6400000, 0x00000000c6400000| Untracked 
| 101|0x00000000c6500000, 0x00000000c6500000, 0x00000000c6600000|  0%| F|  |TAMS 0x00000000c6500000, 0x00000000c6500000| Untracked 
| 102|0x00000000c6600000, 0x00000000c6600000, 0x00000000c6700000|  0%| F|  |TAMS 0x00000000c6600000, 0x00000000c6600000| Untracked 
| 103|0x00000000c6700000, 0x00000000c6700000, 0x00000000c6800000|  0%| F|  |TAMS 0x00000000c6700000, 0x00000000c6700000| Untracked 
| 104|0x00000000c6800000, 0x00000000c6800000, 0x00000000c6900000|  0%| F|  |TAMS 0x00000000c6800000, 0x00000000c6800000| Untracked 
| 105|0x00000000c6900000, 0x00000000c6900000, 0x00000000c6a00000|  0%| F|  |TAMS 0x00000000c6900000, 0x00000000c6900000| Untracked 
| 106|0x00000000c6a00000, 0x00000000c6a00000, 0x00000000c6b00000|  0%| F|  |TAMS 0x00000000c6a00000, 0x00000000c6a00000| Untracked 
| 107|0x00000000c6b00000, 0x00000000c6b00000, 0x00000000c6c00000|  0%| F|  |TAMS 0x00000000c6b00000, 0x00000000c6b00000| Untracked 
| 108|0x00000000c6c00000, 0x00000000c6c00000, 0x00000000c6d00000|  0%| F|  |TAMS 0x00000000c6c00000, 0x00000000c6c00000| Untracked 
| 109|0x00000000c6d00000, 0x00000000c6d00000, 0x00000000c6e00000|  0%| F|  |TAMS 0x00000000c6d00000, 0x00000000c6d00000| Untracked 
| 110|0x00000000c6e00000, 0x00000000c6e00000, 0x00000000c6f00000|  0%| F|  |TAMS 0x00000000c6e00000, 0x00000000c6e00000| Untracked 
| 111|0x00000000c6f00000, 0x00000000c6f00000, 0x00000000c7000000|  0%| F|  |TAMS 0x00000000c6f00000, 0x00000000c6f00000| Untracked 
| 112|0x00000000c7000000, 0x00000000c7000000, 0x00000000c7100000|  0%| F|  |TAMS 0x00000000c7000000, 0x00000000c7000000| Untracked 
| 113|0x00000000c7100000, 0x00000000c7100000, 0x00000000c7200000|  0%| F|  |TAMS 0x00000000c7100000, 0x00000000c7100000| Untracked 
| 114|0x00000000c7200000, 0x00000000c7300000, 0x00000000c7300000|100%| S|CS|TAMS 0x00000000c7200000, 0x00000000c7200000| Complete 
| 115|0x00000000c7300000, 0x00000000c7400000, 0x00000000c7400000|100%| S|CS|TAMS 0x00000000c7300000, 0x00000000c7300000| Complete 
| 116|0x00000000c7400000, 0x00000000c7500000, 0x00000000c7500000|100%| S|CS|TAMS 0x00000000c7400000, 0x00000000c7400000| Complete 
| 117|0x00000000c7500000, 0x00000000c7600000, 0x00000000c7600000|100%| S|CS|TAMS 0x00000000c7500000, 0x00000000c7500000| Complete 
| 118|0x00000000c7600000, 0x00000000c7600000, 0x00000000c7700000|  0%| F|  |TAMS 0x00000000c7600000, 0x00000000c7600000| Untracked 
| 119|0x00000000c7700000, 0x00000000c7700000, 0x00000000c7800000|  0%| F|  |TAMS 0x00000000c7700000, 0x00000000c7700000| Untracked 
| 120|0x00000000c7800000, 0x00000000c7800000, 0x00000000c7900000|  0%| F|  |TAMS 0x00000000c7800000, 0x00000000c7800000| Untracked 
| 121|0x00000000c7900000, 0x00000000c7900000, 0x00000000c7a00000|  0%| F|  |TAMS 0x00000000c7900000, 0x00000000c7900000| Untracked 
| 122|0x00000000c7a00000, 0x00000000c7a00000, 0x00000000c7b00000|  0%| F|  |TAMS 0x00000000c7a00000, 0x00000000c7a00000| Untracked 
| 123|0x00000000c7b00000, 0x00000000c7b00000, 0x00000000c7c00000|  0%| F|  |TAMS 0x00000000c7b00000, 0x00000000c7b00000| Untracked 
| 124|0x00000000c7c00000, 0x00000000c7c00000, 0x00000000c7d00000|  0%| F|  |TAMS 0x00000000c7c00000, 0x00000000c7c00000| Untracked 
| 125|0x00000000c7d00000, 0x00000000c7d00000, 0x00000000c7e00000|  0%| F|  |TAMS 0x00000000c7d00000, 0x00000000c7d00000| Untracked 
| 126|0x00000000c7e00000, 0x00000000c7e00000, 0x00000000c7f00000|  0%| F|  |TAMS 0x00000000c7e00000, 0x00000000c7e00000| Untracked 
| 127|0x00000000c7f00000, 0x00000000c7f00000, 0x00000000c8000000|  0%| F|  |TAMS 0x00000000c7f00000, 0x00000000c7f00000| Untracked 
| 128|0x00000000c8000000, 0x00000000c8000000, 0x00000000c8100000|  0%| F|  |TAMS 0x00000000c8000000, 0x00000000c8000000| Untracked 
| 129|0x00000000c8100000, 0x00000000c8100000, 0x00000000c8200000|  0%| F|  |TAMS 0x00000000c8100000, 0x00000000c8100000| Untracked 
| 130|0x00000000c8200000, 0x00000000c8200000, 0x00000000c8300000|  0%| F|  |TAMS 0x00000000c8200000, 0x00000000c8200000| Untracked 
| 131|0x00000000c8300000, 0x00000000c8300000, 0x00000000c8400000|  0%| F|  |TAMS 0x00000000c8300000, 0x00000000c8300000| Untracked 
| 132|0x00000000c8400000, 0x00000000c8400000, 0x00000000c8500000|  0%| F|  |TAMS 0x00000000c8400000, 0x00000000c8400000| Untracked 
| 133|0x00000000c8500000, 0x00000000c8500000, 0x00000000c8600000|  0%| F|  |TAMS 0x00000000c8500000, 0x00000000c8500000| Untracked 
| 134|0x00000000c8600000, 0x00000000c8600000, 0x00000000c8700000|  0%| F|  |TAMS 0x00000000c8600000, 0x00000000c8600000| Untracked 
| 135|0x00000000c8700000, 0x00000000c8700000, 0x00000000c8800000|  0%| F|  |TAMS 0x00000000c8700000, 0x00000000c8700000| Untracked 
| 136|0x00000000c8800000, 0x00000000c8800000, 0x00000000c8900000|  0%| F|  |TAMS 0x00000000c8800000, 0x00000000c8800000| Untracked 
| 137|0x00000000c8900000, 0x00000000c8900000, 0x00000000c8a00000|  0%| F|  |TAMS 0x00000000c8900000, 0x00000000c8900000| Untracked 
| 138|0x00000000c8a00000, 0x00000000c8a00000, 0x00000000c8b00000|  0%| F|  |TAMS 0x00000000c8a00000, 0x00000000c8a00000| Untracked 
| 139|0x00000000c8b00000, 0x00000000c8b00000, 0x00000000c8c00000|  0%| F|  |TAMS 0x00000000c8b00000, 0x00000000c8b00000| Untracked 
| 140|0x00000000c8c00000, 0x00000000c8c00000, 0x00000000c8d00000|  0%| F|  |TAMS 0x00000000c8c00000, 0x00000000c8c00000| Untracked 
| 141|0x00000000c8d00000, 0x00000000c8d00000, 0x00000000c8e00000|  0%| F|  |TAMS 0x00000000c8d00000, 0x00000000c8d00000| Untracked 
| 142|0x00000000c8e00000, 0x00000000c8ee3970, 0x00000000c8f00000| 88%| E|  |TAMS 0x00000000c8e00000, 0x00000000c8e00000| Complete 
| 143|0x00000000c8f00000, 0x00000000c9000000, 0x00000000c9000000|100%| E|CS|TAMS 0x00000000c8f00000, 0x00000000c8f00000| Complete 
| 144|0x00000000c9000000, 0x00000000c9100000, 0x00000000c9100000|100%| E|CS|TAMS 0x00000000c9000000, 0x00000000c9000000| Complete 
| 145|0x00000000c9100000, 0x00000000c9200000, 0x00000000c9200000|100%| E|CS|TAMS 0x00000000c9100000, 0x00000000c9100000| Complete 
| 146|0x00000000c9200000, 0x00000000c9300000, 0x00000000c9300000|100%| E|  |TAMS 0x00000000c9200000, 0x00000000c9200000| Complete 
| 147|0x00000000c9300000, 0x00000000c9400000, 0x00000000c9400000|100%| E|CS|TAMS 0x00000000c9300000, 0x00000000c9300000| Complete 
| 148|0x00000000c9400000, 0x00000000c9500000, 0x00000000c9500000|100%| E|CS|TAMS 0x00000000c9400000, 0x00000000c9400000| Complete 
| 149|0x00000000c9500000, 0x00000000c9600000, 0x00000000c9600000|100%| E|CS|TAMS 0x00000000c9500000, 0x00000000c9500000| Complete 
| 150|0x00000000c9600000, 0x00000000c9700000, 0x00000000c9700000|100%| E|CS|TAMS 0x00000000c9600000, 0x00000000c9600000| Complete 
| 151|0x00000000c9700000, 0x00000000c9800000, 0x00000000c9800000|100%| E|CS|TAMS 0x00000000c9700000, 0x00000000c9700000| Complete 
| 152|0x00000000c9800000, 0x00000000c9900000, 0x00000000c9900000|100%| E|CS|TAMS 0x00000000c9800000, 0x00000000c9800000| Complete 
| 153|0x00000000c9900000, 0x00000000c9a00000, 0x00000000c9a00000|100%| E|CS|TAMS 0x00000000c9900000, 0x00000000c9900000| Complete 
| 154|0x00000000c9a00000, 0x00000000c9b00000, 0x00000000c9b00000|100%| E|CS|TAMS 0x00000000c9a00000, 0x00000000c9a00000| Complete 
| 155|0x00000000c9b00000, 0x00000000c9c00000, 0x00000000c9c00000|100%| E|CS|TAMS 0x00000000c9b00000, 0x00000000c9b00000| Complete 
| 156|0x00000000c9c00000, 0x00000000c9d00000, 0x00000000c9d00000|100%| E|CS|TAMS 0x00000000c9c00000, 0x00000000c9c00000| Complete 
| 157|0x00000000c9d00000, 0x00000000c9e00000, 0x00000000c9e00000|100%| E|CS|TAMS 0x00000000c9d00000, 0x00000000c9d00000| Complete 
| 158|0x00000000c9e00000, 0x00000000c9f00000, 0x00000000c9f00000|100%| E|CS|TAMS 0x00000000c9e00000, 0x00000000c9e00000| Complete 

Card table byte_map: [0x0000020e612e0000,0x0000020e614e0000] _byte_map_base: 0x0000020e60ce0000

Marking Bits (Prev, Next): (CMBitMap*) 0x0000020e47eef7a8, (CMBitMap*) 0x0000020e47eef768
 Prev Bits: [0x0000020e626e0000, 0x0000020e636e0000)
 Next Bits: [0x0000020e616e0000, 0x0000020e626e0000)

Polling page: 0x0000020e47c90000

Metaspace:

Usage:
  Non-class:     70.72 MB capacity,    69.32 MB ( 98%) used,     1.21 MB (  2%) free+waste,   190.75 KB ( <1%) overhead. 
      Class:     10.94 MB capacity,    10.32 MB ( 94%) used,   555.91 KB (  5%) free+waste,    86.19 KB ( <1%) overhead. 
       Both:     81.66 MB capacity,    79.64 MB ( 98%) used,     1.75 MB (  2%) free+waste,   276.94 KB ( <1%) overhead. 

Virtual space:
  Non-class space:       72.00 MB reserved,      70.75 MB ( 98%) committed 
      Class space:        1.00 GB reserved,      11.00 MB (  1%) committed 
             Both:        1.07 GB reserved,      81.75 MB (  7%) committed 

Chunk freelists:
   Non-Class:  33.00 KB
       Class:  0 bytes
        Both:  33.00 KB

MaxMetaspaceSize: 17179869184.00 GB
CompressedClassSpaceSize: 1.00 GB

CodeHeap 'non-profiled nmethods': size=120064Kb used=5190Kb max_used=5213Kb free=114873Kb
 bounds [0x0000020e59660000, 0x0000020e59b80000, 0x0000020e60ba0000]
CodeHeap 'profiled nmethods': size=120000Kb used=21896Kb max_used=22106Kb free=98103Kb
 bounds [0x0000020e52130000, 0x0000020e536e0000, 0x0000020e59660000]
CodeHeap 'non-nmethods': size=5696Kb used=2423Kb max_used=2451Kb free=3272Kb
 bounds [0x0000020e51ba0000, 0x0000020e51e10000, 0x0000020e52130000]
 total_blobs=14920 nmethods=9318 adapters=823
 compilation: enabled
              stopped_count=0, restarted_count=0
 full_count=0

Compilation events (20 events):
Event: 1137.165 Thread 0x0000020e65ad5000 10953       3       org.gradle.internal.serialize.HashCodeSerializer::read (23 bytes)
Event: 1137.166 Thread 0x0000020e65ad5000 nmethod 10953 0x0000020e536b6190 code [0x0000020e536b6360, 0x0000020e536b6770]
Event: 1137.169 Thread 0x0000020e65ad5000 10954       3       org.gradle.internal.snapshot.AbstractIncompleteSnapshotWithChildren$2::handleNewChild (54 bytes)
Event: 1137.170 Thread 0x0000020e65ad5000 nmethod 10954 0x0000020e536b6890 code [0x0000020e536b6aa0, 0x0000020e536b70b0]
Event: 1137.172 Thread 0x0000020e65ad5000 10955       3       org.gradle.internal.snapshot.PathUtil::equalChars (60 bytes)
Event: 1137.173 Thread 0x0000020e65ad5000 nmethod 10955 0x0000020e536b7310 code [0x0000020e536b75a0, 0x0000020e536b81c0]
Event: 1137.178 Thread 0x0000020e65ad5000 10956       3       org.gradle.internal.snapshot.PathUtil::computeCombinedCompare (20 bytes)
Event: 1137.179 Thread 0x0000020e65ad5000 nmethod 10956 0x0000020e536b8510 code [0x0000020e536b86c0, 0x0000020e536b88f0]
Event: 1137.185 Thread 0x0000020e65ad5000 10957       3       org.gradle.api.internal.artifacts.ivyservice.resolveengine.artifact.ArtifactBackedResolvedVariant$SingleArtifactSet::startVisit (62 bytes)
Event: 1137.189 Thread 0x0000020e65ad5000 nmethod 10957 0x0000020e536b8990 code [0x0000020e536b8bc0, 0x0000020e536b94e0]
Event: 1137.189 Thread 0x0000020e65ad5000 10958       1       org.gradle.api.internal.artifacts.transform.TransformingAsyncArtifactListener::requireArtifactFiles (2 bytes)
Event: 1137.190 Thread 0x0000020e65ad5000 nmethod 10958 0x0000020e59b76c90 code [0x0000020e59b76e20, 0x0000020e59b76f58]
Event: 1137.193 Thread 0x0000020e65ad5000 10959       3       org.gradle.internal.operations.DefaultBuildOperationQueue$WorkerRunnable::<init> (6 bytes)
Event: 1137.193 Thread 0x0000020e65ad5000 nmethod 10959 0x0000020e536b9790 code [0x0000020e536b9940, 0x0000020e536b9bd8]
Event: 1137.194 Thread 0x0000020e65ad5000 10960       3       org.gradle.internal.operations.DefaultBuildOperationQueue$WorkerRunnable::<init> (10 bytes)
Event: 1137.194 Thread 0x0000020e65ad5000 nmethod 10960 0x0000020e536b9d10 code [0x0000020e536b9ec0, 0x0000020e536ba0f8]
Event: 1137.259 Thread 0x0000020e65ad5000 10961       3       java.lang.invoke.InnerClassLambdaMetafactory::generateFactory (137 bytes)
Event: 1137.261 Thread 0x0000020e65ad5000 nmethod 10961 0x0000020e536ba210 code [0x0000020e536ba500, 0x0000020e536bb550]
Event: 1137.333 Thread 0x0000020e65ad5000 10963       3       sun.net.www.ParseUtil::encodePath (41 bytes)
Event: 1137.334 Thread 0x0000020e65ad5000 nmethod 10963 0x0000020e536bba90 code [0x0000020e536bbc60, 0x0000020e536bbf10]

GC Heap History (20 events):
Event: 107.543 GC heap before
{Heap before GC invocations=52 (full 0):
 garbage-first heap   total 124928K, used 95507K [0x00000000c0000000, 0x0000000100000000)
  region size 1024K, 26 young (26624K), 4 survivors (4096K)
 Metaspace       used 61493K, capacity 63236K, committed 63488K, reserved 1103872K
  class space    used 8314K, capacity 8869K, committed 8960K, reserved 1048576K
}
Event: 107.567 GC heap after
{Heap after GC invocations=53 (full 0):
 garbage-first heap   total 124928K, used 74900K [0x00000000c0000000, 0x0000000100000000)
  region size 1024K, 4 young (4096K), 4 survivors (4096K)
 Metaspace       used 61493K, capacity 63236K, committed 63488K, reserved 1103872K
  class space    used 8314K, capacity 8869K, committed 8960K, reserved 1048576K
}
Event: 108.786 GC heap before
{Heap before GC invocations=53 (full 0):
 garbage-first heap   total 124928K, used 99476K [0x00000000c0000000, 0x0000000100000000)
  region size 1024K, 28 young (28672K), 4 survivors (4096K)
 Metaspace       used 62917K, capacity 64747K, committed 65024K, reserved 1105920K
  class space    used 8507K, capacity 9093K, committed 9216K, reserved 1048576K
}
Event: 108.809 GC heap after
{Heap after GC invocations=54 (full 0):
 garbage-first heap   total 124928K, used 76652K [0x00000000c0000000, 0x0000000100000000)
  region size 1024K, 4 young (4096K), 4 survivors (4096K)
 Metaspace       used 62917K, capacity 64747K, committed 65024K, reserved 1105920K
  class space    used 8507K, capacity 9093K, committed 9216K, reserved 1048576K
}
Event: 110.770 GC heap before
{Heap before GC invocations=55 (full 0):
 garbage-first heap   total 132096K, used 99180K [0x00000000c0000000, 0x0000000100000000)
  region size 1024K, 27 young (27648K), 4 survivors (4096K)
 Metaspace       used 65846K, capacity 67625K, committed 67968K, reserved 1107968K
  class space    used 8891K, capacity 9477K, committed 9600K, reserved 1048576K
}
Event: 110.796 GC heap after
{Heap after GC invocations=56 (full 0):
 garbage-first heap   total 132096K, used 78718K [0x00000000c0000000, 0x0000000100000000)
  region size 1024K, 4 young (4096K), 4 survivors (4096K)
 Metaspace       used 65846K, capacity 67625K, committed 67968K, reserved 1107968K
  class space    used 8891K, capacity 9477K, committed 9600K, reserved 1048576K
}
Event: 115.970 GC heap before
{Heap before GC invocations=56 (full 0):
 garbage-first heap   total 132096K, used 105342K [0x00000000c0000000, 0x0000000100000000)
  region size 1024K, 30 young (30720K), 4 survivors (4096K)
 Metaspace       used 68863K, capacity 70708K, committed 70912K, reserved 1110016K
  class space    used 9341K, capacity 9920K, committed 9984K, reserved 1048576K
}
Event: 116.054 GC heap after
{Heap after GC invocations=57 (full 0):
 garbage-first heap   total 132096K, used 80494K [0x00000000c0000000, 0x0000000100000000)
  region size 1024K, 4 young (4096K), 4 survivors (4096K)
 Metaspace       used 68863K, capacity 70708K, committed 70912K, reserved 1110016K
  class space    used 9341K, capacity 9920K, committed 9984K, reserved 1048576K
}
Event: 129.459 GC heap before
{Heap before GC invocations=58 (full 0):
 garbage-first heap   total 137216K, used 107118K [0x00000000c0000000, 0x0000000100000000)
  region size 1024K, 30 young (30720K), 4 survivors (4096K)
 Metaspace       used 71294K, capacity 73220K, committed 73472K, reserved 1112064K
  class space    used 9631K, capacity 10235K, committed 10240K, reserved 1048576K
}
Event: 129.518 GC heap after
{Heap after GC invocations=59 (full 0):
 garbage-first heap   total 137216K, used 82944K [0x00000000c0000000, 0x0000000100000000)
  region size 1024K, 4 young (4096K), 4 survivors (4096K)
 Metaspace       used 71294K, capacity 73220K, committed 73472K, reserved 1112064K
  class space    used 9631K, capacity 10235K, committed 10240K, reserved 1048576K
}
Event: 139.775 GC heap before
{Heap before GC invocations=59 (full 0):
 garbage-first heap   total 137216K, used 109568K [0x00000000c0000000, 0x0000000100000000)
  region size 1024K, 31 young (31744K), 4 survivors (4096K)
 Metaspace       used 75893K, capacity 77909K, committed 77952K, reserved 1116160K
  class space    used 9998K, capacity 10624K, committed 10624K, reserved 1048576K
}
Event: 139.804 GC heap after
{Heap after GC invocations=60 (full 0):
 garbage-first heap   total 137216K, used 85171K [0x00000000c0000000, 0x0000000100000000)
  region size 1024K, 2 young (2048K), 2 survivors (2048K)
 Metaspace       used 75893K, capacity 77909K, committed 77952K, reserved 1116160K
  class space    used 9998K, capacity 10624K, committed 10624K, reserved 1048576K
}
Event: 372.177 GC heap before
{Heap before GC invocations=61 (full 0):
 garbage-first heap   total 145408K, used 110771K [0x00000000c0000000, 0x0000000100000000)
  region size 1024K, 28 young (28672K), 2 survivors (2048K)
 Metaspace       used 76401K, capacity 78459K, committed 78592K, reserved 1118208K
  class space    used 10011K, capacity 10643K, committed 10752K, reserved 1048576K
}
Event: 372.200 GC heap after
{Heap after GC invocations=62 (full 0):
 garbage-first heap   total 145408K, used 87565K [0x00000000c0000000, 0x0000000100000000)
  region size 1024K, 4 young (4096K), 4 survivors (4096K)
 Metaspace       used 76401K, capacity 78459K, committed 78592K, reserved 1118208K
  class space    used 10011K, capacity 10643K, committed 10752K, reserved 1048576K
}
Event: 424.254 GC heap before
{Heap before GC invocations=62 (full 0):
 garbage-first heap   total 145408K, used 115213K [0x00000000c0000000, 0x0000000100000000)
  region size 1024K, 32 young (32768K), 4 survivors (4096K)
 Metaspace       used 76872K, capacity 78960K, committed 79104K, reserved 1118208K
  class space    used 10018K, capacity 10651K, committed 10752K, reserved 1048576K
}
Event: 424.283 GC heap after
{Heap after GC invocations=63 (full 0):
 garbage-first heap   total 145408K, used 90422K [0x00000000c0000000, 0x0000000100000000)
  region size 1024K, 3 young (3072K), 3 survivors (3072K)
 Metaspace       used 76872K, capacity 78960K, committed 79104K, reserved 1118208K
  class space    used 10018K, capacity 10651K, committed 10752K, reserved 1048576K
}
Event: 1117.721 GC heap before
{Heap before GC invocations=64 (full 0):
 garbage-first heap   total 153600K, used 117046K [0x00000000c0000000, 0x0000000100000000)
  region size 1024K, 30 young (30720K), 3 survivors (3072K)
 Metaspace       used 77321K, capacity 79492K, committed 79616K, reserved 1118208K
  class space    used 10046K, capacity 10695K, committed 10752K, reserved 1048576K
}
Event: 1117.786 GC heap after
{Heap after GC invocations=65 (full 0):
 garbage-first heap   total 153600K, used 92017K [0x00000000c0000000, 0x0000000100000000)
  region size 1024K, 2 young (2048K), 2 survivors (2048K)
 Metaspace       used 77321K, capacity 79492K, committed 79616K, reserved 1118208K
  class space    used 10046K, capacity 10695K, committed 10752K, reserved 1048576K
}
Event: 1134.300 GC heap before
{Heap before GC invocations=65 (full 0):
 garbage-first heap   total 153600K, used 121713K [0x00000000c0000000, 0x0000000100000000)
  region size 1024K, 32 young (32768K), 2 survivors (2048K)
 Metaspace       used 80930K, capacity 83050K, committed 83328K, reserved 1122304K
  class space    used 10469K, capacity 11104K, committed 11136K, reserved 1048576K
}
Event: 1134.361 GC heap after
{Heap after GC invocations=66 (full 0):
 garbage-first heap   total 153600K, used 95765K [0x00000000c0000000, 0x0000000100000000)
  region size 1024K, 4 young (4096K), 4 survivors (4096K)
 Metaspace       used 80930K, capacity 83050K, committed 83328K, reserved 1122304K
  class space    used 10469K, capacity 11104K, committed 11136K, reserved 1048576K
}

Deoptimization events (20 events):
Event: 1136.977 Thread 0x0000020e6949a800 Uncommon trap: trap_request=0xffffff45 fr.pc=0x0000020e5988183c relative=0x000000000000073c
Event: 1136.977 Thread 0x0000020e6949a800 Uncommon trap: reason=unstable_if action=reinterpret pc=0x0000020e5988183c method=java.lang.ref.SoftReference.get()Ljava/lang/Object; @ 6 c2
Event: 1136.977 Thread 0x0000020e6949a800 DEOPT PACKING pc=0x0000020e5988183c sp=0x00000047906f9830
Event: 1136.977 Thread 0x0000020e6949a800 DEOPT UNPACKING pc=0x0000020e51be942f sp=0x00000047906f9710 mode 2
Event: 1136.978 Thread 0x0000020e6949a800 Uncommon trap: trap_request=0xffffff45 fr.pc=0x0000020e597e3f74 relative=0x0000000000000434
Event: 1136.978 Thread 0x0000020e6949a800 Uncommon trap: reason=unstable_if action=reinterpret pc=0x0000020e597e3f74 method=java.lang.ref.SoftReference.get()Ljava/lang/Object; @ 6 c2
Event: 1136.978 Thread 0x0000020e6949a800 DEOPT PACKING pc=0x0000020e597e3f74 sp=0x00000047906f97b0
Event: 1136.978 Thread 0x0000020e6949a800 DEOPT UNPACKING pc=0x0000020e51be942f sp=0x00000047906f9700 mode 2
Event: 1136.978 Thread 0x0000020e6949a800 Uncommon trap: trap_request=0xffffff45 fr.pc=0x0000020e59738de4 relative=0x00000000000000c4
Event: 1136.978 Thread 0x0000020e6949a800 Uncommon trap: reason=unstable_if action=reinterpret pc=0x0000020e59738de4 method=java.lang.ref.SoftReference.get()Ljava/lang/Object; @ 6 c2
Event: 1136.978 Thread 0x0000020e6949a800 DEOPT PACKING pc=0x0000020e59738de4 sp=0x00000047906f9740
Event: 1136.978 Thread 0x0000020e6949a800 DEOPT UNPACKING pc=0x0000020e51be942f sp=0x00000047906f96f8 mode 2
Event: 1136.978 Thread 0x0000020e6949a800 Uncommon trap: trap_request=0xffffff45 fr.pc=0x0000020e598b720c relative=0x000000000000062c
Event: 1136.978 Thread 0x0000020e6949a800 Uncommon trap: reason=unstable_if action=reinterpret pc=0x0000020e598b720c method=java.lang.ref.SoftReference.get()Ljava/lang/Object; @ 6 c2
Event: 1136.978 Thread 0x0000020e6949a800 DEOPT PACKING pc=0x0000020e598b720c sp=0x00000047906f9540
Event: 1136.978 Thread 0x0000020e6949a800 DEOPT UNPACKING pc=0x0000020e51be942f sp=0x00000047906f9420 mode 2
Event: 1137.167 Thread 0x0000020e6949a800 Uncommon trap: trap_request=0xffffff45 fr.pc=0x0000020e598640f0 relative=0x0000000000000290
Event: 1137.167 Thread 0x0000020e6949a800 Uncommon trap: reason=unstable_if action=reinterpret pc=0x0000020e598640f0 method=org.gradle.internal.snapshot.PathUtil.equalChars(CCLorg/gradle/internal/snapshot/CaseSensitivity;)Z @ 11 c2
Event: 1137.167 Thread 0x0000020e6949a800 DEOPT PACKING pc=0x0000020e598640f0 sp=0x00000047906f8e80
Event: 1137.167 Thread 0x0000020e6949a800 DEOPT UNPACKING pc=0x0000020e51be942f sp=0x00000047906f8e18 mode 2

Classes unloaded (20 events):
Event: 1134.710 Thread 0x0000020e47f8c000 Unloading class 0x0000000800c9e440 'java/lang/invoke/LambdaForm$MH'
Event: 1134.710 Thread 0x0000020e47f8c000 Unloading class 0x0000000800c9e040 'java/lang/invoke/LambdaForm$MH'
Event: 1134.710 Thread 0x0000020e47f8c000 Unloading class 0x0000000800c9ec40 'java/lang/invoke/LambdaForm$MH'
Event: 1134.710 Thread 0x0000020e47f8c000 Unloading class 0x0000000800c9e840 'java/lang/invoke/LambdaForm$MH'
Event: 1134.710 Thread 0x0000020e47f8c000 Unloading class 0x0000000800c9f440 'java/lang/invoke/LambdaForm$MH'
Event: 1134.710 Thread 0x0000020e47f8c000 Unloading class 0x0000000800c9f040 'java/lang/invoke/LambdaForm$BMH'
Event: 1134.710 Thread 0x0000020e47f8c000 Unloading class 0x0000000800c68840 'java/lang/invoke/LambdaForm$DMH'
Event: 1134.710 Thread 0x0000020e47f8c000 Unloading class 0x0000000800c45440 'java/lang/invoke/LambdaForm$DMH'
Event: 1134.710 Thread 0x0000020e47f8c000 Unloading class 0x0000000800c45c40 'java/lang/invoke/LambdaForm$MH'
Event: 1134.710 Thread 0x0000020e47f8c000 Unloading class 0x0000000800c45840 'java/lang/invoke/LambdaForm$MH'
Event: 1134.710 Thread 0x0000020e47f8c000 Unloading class 0x0000000800c46440 'java/lang/invoke/LambdaForm$MH'
Event: 1134.710 Thread 0x0000020e47f8c000 Unloading class 0x0000000800c46c40 'java/lang/invoke/LambdaForm$MH'
Event: 1134.710 Thread 0x0000020e47f8c000 Unloading class 0x0000000800c47840 'java/lang/invoke/LambdaForm$MH'
Event: 1134.710 Thread 0x0000020e47f8c000 Unloading class 0x0000000800c44040 'java/lang/invoke/LambdaForm$MH'
Event: 1134.710 Thread 0x0000020e47f8c000 Unloading class 0x0000000800c43840 'java/lang/invoke/LambdaForm$MH'
Event: 1134.710 Thread 0x0000020e47f8c000 Unloading class 0x0000000800c43440 'java/lang/invoke/LambdaForm$MH'
Event: 1134.710 Thread 0x0000020e47f8c000 Unloading class 0x0000000800c43040 'java/lang/invoke/LambdaForm$MH'
Event: 1134.710 Thread 0x0000020e47f8c000 Unloading class 0x0000000800c42c40 'java/lang/invoke/LambdaForm$MH'
Event: 1134.710 Thread 0x0000020e47f8c000 Unloading class 0x0000000800c42440 'java/lang/invoke/LambdaForm$MH'
Event: 1134.710 Thread 0x0000020e47f8c000 Unloading class 0x0000000800c42040 'java/lang/invoke/LambdaForm$MH'

Classes redefined (0 events):
No events

Internal exceptions (20 events):
Event: 373.949 Thread 0x0000020e67bd5000 Exception <a 'sun/nio/fs/WindowsException'{0x00000000c7463108}> (0x00000000c7463108) 
thrown [t:/workspace/open/src/hotspot/share/prims/jni.cpp, line 598]
Event: 1109.261 Thread 0x0000020e6949a800 Exception <a 'java/lang/ClassNotFoundException'{0x00000000c8753450}: sync_studio_tooling2_aia7cg6rw9crun78t7dzo0187BeanInfo> (0x00000000c8753450) 
thrown [t:/workspace/open/src/hotspot/share/classfile/systemDictionary.cpp, line 232]
Event: 1109.283 Thread 0x0000020e6949a800 Exception <a 'java/lang/ClassNotFoundException'{0x00000000c875cc08}: sync_studio_tooling2_aia7cg6rw9crun78t7dzo0187Customizer> (0x00000000c875cc08) 
thrown [t:/workspace/open/src/hotspot/share/classfile/systemDictionary.cpp, line 232]
Event: 1109.582 Thread 0x0000020e6949a800 Exception <a 'java/lang/ClassNotFoundException'{0x00000000c8618ed0}: sync_studio_tooling2_aia7cg6rw9crun78t7dzo0187BeanInfo> (0x00000000c8618ed0) 
thrown [t:/workspace/open/src/hotspot/share/classfile/systemDictionary.cpp, line 232]
Event: 1109.583 Thread 0x0000020e6949a800 Exception <a 'java/lang/ClassNotFoundException'{0x00000000c86225c8}: sync_studio_tooling2_aia7cg6rw9crun78t7dzo0187Customizer> (0x00000000c86225c8) 
thrown [t:/workspace/open/src/hotspot/share/classfile/systemDictionary.cpp, line 232]
Event: 1110.010 Thread 0x0000020e6949a800 Implicit null exception at 0x0000020e596cd949 to 0x0000020e596ce2da
Event: 1110.027 Thread 0x0000020e6949a800 Implicit null exception at 0x0000020e5991c808 to 0x0000020e5991d086
Event: 1124.472 Thread 0x0000020e6949a800 Exception <a 'java/lang/reflect/InvocationTargetException'{0x00000000c8330630}> (0x00000000c8330630) 
thrown [t:/workspace/open/src/hotspot/share/runtime/reflection.cpp, line 1188]
Event: 1130.713 Thread 0x0000020e6949a800 Implicit null exception at 0x0000020e59aa4538 to 0x0000020e59aa4eb2
Event: 1136.975 Thread 0x0000020e6949a800 Implicit null exception at 0x0000020e5993b30e to 0x0000020e5993dbde
Event: 1136.977 Thread 0x0000020e6949a800 Implicit null exception at 0x0000020e5988117e to 0x0000020e59881826
Event: 1136.978 Thread 0x0000020e6949a800 Implicit null exception at 0x0000020e597e3bb6 to 0x0000020e597e3f5e
Event: 1136.978 Thread 0x0000020e6949a800 Implicit null exception at 0x0000020e598b6c5e to 0x0000020e598b71f2
Event: 1137.066 Thread 0x0000020e6949a800 Exception <a 'java/lang/NoSuchMethodError'{0x00000000c965f4f0}: 'java.lang.Object java.lang.invoke.DirectMethodHandle$Holder.invokeSpecialIFC(java.lang.Object, java.lang.Object, java.lang.Object)'> (0x00000000c965f4f0) 
thrown [t:/workspace/open/src/hotspot/share/interpreter/linkResolver.cpp, line 767]
Event: 1137.077 Thread 0x0000020e694a2800 Exception <a 'java/lang/NoSuchMethodError'{0x00000000c96f6190}: 'java.lang.Object java.lang.invoke.DirectMethodHandle$Holder.invokeSpecial(java.lang.Object, java.lang.Object, java.lang.Object, java.lang.Object, java.lang.Object, java.lang.Object, java.lang.Object, java.lang.Object, java.lang.Object, java.lang.Object, java.lang.Object, java.lang.Object, java.lang.Object)'> (0x00000000c96f6190) 
thrown [t:/workspace/open/src/hotspot/share/interpreter/linkResolver.cpp, line 767]
Event: 1137.081 Thread 0x0000020e694a2800 Exception <a 'java/lang/NoSuchMethodError'{0x00000000c9204ba8}: 'java.lang.Object java.lang.invoke.DirectMethodHandle$Holder.invokeSpecial(java.lang.Object, java.lang.Object, java.lang.Object, java.lang.Object, java.lang.Object, java.lang.Object, java.lang.Object, java.lang.Object, java.lang.Object, java.lang.Object, java.lang.Object, java.lang.Object)'> (0x00000000c9204ba8) 
thrown [t:/workspace/open/src/hotspot/share/interpreter/linkResolver.cpp, line 767]
Event: 1137.087 Thread 0x0000020e694a1000 Exception <a 'java/lang/NoSuchMethodError'{0x00000000c920a690}: 'java.lang.Object java.lang.invoke.DirectMethodHandle$Holder.invokeSpecial(java.lang.Object, java.lang.Object, java.lang.Object, java.lang.Object, java.lang.Object, java.lang.Object, java.lang.Object, java.lang.Object, java.lang.Object, java.lang.Object, java.lang.Object, java.lang.Object)'> (0x00000000c920a690) 
thrown [t:/workspace/open/src/hotspot/share/interpreter/linkResolver.cpp, line 767]
Event: 1137.088 Thread 0x0000020e694a2800 Exception <a 'java/lang/NoSuchMethodError'{0x00000000c92089d0}: 'java.lang.Object java.lang.invoke.Invokers$Holder.linkToTargetMethod(java.lang.Object, java.lang.Object, java.lang.Object, java.lang.Object, java.lang.Object, java.lang.Object, java.lang.Object, java.lang.Object, java.lang.Object, java.lang.Object, java.lang.Object)'> (0x00000000c92089d0) 
thrown [t:/workspace/open/src/hotspot/share/interpreter/linkResolver.cpp, line 767]
Event: 1137.093 Thread 0x0000020e694a1000 Exception <a 'java/lang/NoSuchMethodError'{0x00000000c920dd08}: 'java.lang.Object java.lang.invoke.Invokers$Holder.linkToTargetMethod(java.lang.Object, java.lang.Object, java.lang.Object, java.lang.Object, java.lang.Object, java.lang.Object, java.lang.Object, java.lang.Object, java.lang.Object, java.lang.Object, java.lang.Object)'> (0x00000000c920dd08) 
thrown [t:/workspace/open/src/hotspot/share/interpreter/linkResolver.cpp, line 767]
Event: 1137.207 Thread 0x0000020e694a1000 Exception <a 'java/lang/NoSuchMethodError'{0x00000000c929ac00}: 'java.lang.Object java.lang.invoke.Invokers$Holder.linkToTargetMethod(java.lang.Object, java.lang.Object, java.lang.Object, java.lang.Object, java.lang.Object, java.lang.Object, java.lang.Object, java.lang.Object, java.lang.Object, java.lang.Object, java.lang.Object, java.lang.Object)'> (0x00000000c929ac00) 
thrown [t:/workspace/open/src/hotspot/share/interpreter/linkResolver.cpp, line 767]

Events (20 events):
Event: 1137.333 loading class org/gradle/internal/snapshot/impl/ImplementationSnapshot$UnknownClassloaderImplementationSnapshot
Event: 1137.333 loading class org/gradle/internal/snapshot/impl/ImplementationSnapshot$UnknownClassloaderImplementationSnapshot done
Event: 1137.334 loading class org/gradle/internal/snapshot/impl/ImplementationSnapshot$LambdaImplementationSnapshot
Event: 1137.334 loading class org/gradle/internal/snapshot/impl/ImplementationSnapshot$LambdaImplementationSnapshot done
Event: 1137.336 loading class org/gradle/internal/execution/history/impl/FingerprintMapSerializer$1
Event: 1137.336 loading class org/gradle/internal/execution/history/impl/FingerprintMapSerializer$1 done
Event: 1137.337 loading class org/gradle/internal/fingerprint/impl/DefaultFileSystemLocationFingerprint
Event: 1137.337 loading class org/gradle/internal/fingerprint/impl/DefaultFileSystemLocationFingerprint done
Event: 1137.339 loading class org/gradle/internal/fingerprint/impl/DefaultFileSystemLocationFingerprint$1
Event: 1137.339 loading class org/gradle/internal/fingerprint/impl/DefaultFileSystemLocationFingerprint$1 done
Event: 1137.340 loading class org/gradle/internal/execution/history/impl/SerializableFileCollectionFingerprint
Event: 1137.340 loading class org/gradle/internal/execution/history/impl/SerializableFileCollectionFingerprint done
Event: 1137.340 loading class org/gradle/internal/fingerprint/FileCollectionFingerprint$1
Event: 1137.340 loading class org/gradle/internal/fingerprint/FileCollectionFingerprint$1 done
Event: 1137.342 loading class org/gradle/internal/execution/history/impl/DefaultAfterPreviousExecutionState
Event: 1137.342 loading class org/gradle/internal/execution/history/impl/DefaultAfterPreviousExecutionState done
Event: 1137.342 loading class org/gradle/internal/execution/history/impl/AbstractExecutionState
Event: 1137.342 loading class org/gradle/internal/execution/history/impl/AbstractExecutionState done
Event: 1137.343 loading class org/gradle/internal/execution/steps/LoadExecutionStateStep$1
Event: 1137.343 loading class org/gradle/internal/execution/steps/LoadExecutionStateStep$1 done


Dynamic libraries:
0x00007ff70a000000 - 0x00007ff70a00f000 	C:\Program Files\Java\jdk-13.0.2\bin\java.exe
0x00007ff9f88b0000 - 0x00007ff9f8a9d000 	C:\Windows\SYSTEM32\ntdll.dll
0x00007ff9f5ad0000 - 0x00007ff9f5b83000 	C:\Windows\System32\KERNEL32.DLL
0x00007ff9f4d00000 - 0x00007ff9f4f95000 	C:\Windows\System32\KERNELBASE.dll
0x00007ff9f4a40000 - 0x00007ff9f4b3a000 	C:\Windows\System32\ucrtbase.dll
0x00007ff9eb460000 - 0x00007ff9eb478000 	C:\Program Files\Java\jdk-13.0.2\bin\jli.dll
0x00007ff9f7be0000 - 0x00007ff9f7c83000 	C:\Windows\System32\ADVAPI32.dll
0x00007ff9f82a0000 - 0x00007ff9f833e000 	C:\Windows\System32\msvcrt.dll
0x00007ff9f7980000 - 0x00007ff9f7a1e000 	C:\Windows\System32\sechost.dll
0x00007ff9f8470000 - 0x00007ff9f8592000 	C:\Windows\System32\RPCRT4.dll
0x00007ff9f77e0000 - 0x00007ff9f7977000 	C:\Windows\System32\USER32.dll
0x00007ff9f4ce0000 - 0x00007ff9f4d00000 	C:\Windows\System32\win32u.dll
0x00007ff9f8240000 - 0x00007ff9f8269000 	C:\Windows\System32\GDI32.dll
0x00007ff9f4b40000 - 0x00007ff9f4cd9000 	C:\Windows\System32\gdi32full.dll
0x00007ff9f5740000 - 0x00007ff9f57e0000 	C:\Windows\System32\msvcp_win.dll
0x00007ff9eb180000 - 0x00007ff9eb195000 	C:\Program Files\Java\jdk-13.0.2\bin\VCRUNTIME140.dll
0x00007ff9e1f10000 - 0x00007ff9e2189000 	C:\Windows\WinSxS\amd64_microsoft.windows.common-controls_6595b64144ccf1df_6.0.17763.1217_none_de6e4304534e0ad3\COMCTL32.dll
0x00007ff9f5fb0000 - 0x00007ff9f62dc000 	C:\Windows\System32\combase.dll
0x00007ff9f5a20000 - 0x00007ff9f5a9e000 	C:\Windows\System32\bcryptPrimitives.dll
0x00007ff9f0370000 - 0x00007ff9f037a000 	C:\Windows\SYSTEM32\VERSION.dll
0x00007ff9f8270000 - 0x00007ff9f829e000 	C:\Windows\System32\IMM32.DLL
0x00007ff9eb0e0000 - 0x00007ff9eb17b000 	C:\Program Files\Java\jdk-13.0.2\bin\msvcp140.dll
0x00007ff9ce030000 - 0x00007ff9ceb8d000 	C:\Program Files\Java\jdk-13.0.2\bin\server\jvm.dll
0x00007ff9f85a0000 - 0x00007ff9f85a8000 	C:\Windows\System32\PSAPI.DLL
0x00007ff9f2940000 - 0x00007ff9f2949000 	C:\Windows\SYSTEM32\WSOCK32.dll
0x00007ff9f85b0000 - 0x00007ff9f861d000 	C:\Windows\System32\WS2_32.dll
0x00007ff9f28e0000 - 0x00007ff9f2904000 	C:\Windows\SYSTEM32\WINMM.dll
0x00007ff9f28b0000 - 0x00007ff9f28dd000 	C:\Windows\SYSTEM32\WINMMBASE.dll
0x00007ff9f56f0000 - 0x00007ff9f573a000 	C:\Windows\System32\cfgmgr32.dll
0x00007ff9f4920000 - 0x00007ff9f4931000 	C:\Windows\System32\kernel.appcore.dll
0x00007ff9eb2f0000 - 0x00007ff9eb300000 	C:\Program Files\Java\jdk-13.0.2\bin\verify.dll
0x00007ff9e3a50000 - 0x00007ff9e3c3d000 	C:\Windows\SYSTEM32\DBGHELP.DLL
0x00007ff9e3a20000 - 0x00007ff9e3a4a000 	C:\Windows\SYSTEM32\dbgcore.DLL
0x00007ff9eb040000 - 0x00007ff9eb066000 	C:\Program Files\Java\jdk-13.0.2\bin\java.dll
0x00007ff9eb020000 - 0x00007ff9eb037000 	C:\Program Files\Java\jdk-13.0.2\bin\zip.dll
0x00007ff9eb0d0000 - 0x00007ff9eb0da000 	C:\Program Files\Java\jdk-13.0.2\bin\jimage.dll
0x00007ff9f62e0000 - 0x00007ff9f77d4000 	C:\Windows\System32\SHELL32.dll
0x00007ff9f87d0000 - 0x00007ff9f8878000 	C:\Windows\System32\shcore.dll
0x00007ff9f4fa0000 - 0x00007ff9f56ee000 	C:\Windows\System32\windows.storage.dll
0x00007ff9f4940000 - 0x00007ff9f4964000 	C:\Windows\System32\profapi.dll
0x00007ff9f48c0000 - 0x00007ff9f491d000 	C:\Windows\System32\powrprof.dll
0x00007ff9f5c90000 - 0x00007ff9f5ce2000 	C:\Windows\System32\shlwapi.dll
0x00007ff9f4970000 - 0x00007ff9f4987000 	C:\Windows\System32\cryptsp.dll
0x00007ff9eb000000 - 0x00007ff9eb019000 	C:\Program Files\Java\jdk-13.0.2\bin\net.dll
0x00007ff9e8990000 - 0x00007ff9e8a82000 	C:\Windows\SYSTEM32\WINHTTP.dll
0x00007ff9f40c0000 - 0x00007ff9f4127000 	C:\Windows\system32\mswsock.dll
0x00007ff9eacb0000 - 0x00007ff9eacc3000 	C:\Program Files\Java\jdk-13.0.2\bin\nio.dll
0x00007ff9eb3b0000 - 0x00007ff9eb3d6000 	C:\Users\ELCOT\.gradle\caches\gradle-6.5\native\31\windows-amd64\native-platform.dll
0x00007ff9f1450000 - 0x00007ff9f1459000 	C:\Program Files\Java\jdk-13.0.2\bin\management.dll
0x00007ff9edac0000 - 0x00007ff9edacb000 	C:\Program Files\Java\jdk-13.0.2\bin\management_ext.dll
0x00007ff9f3bf0000 - 0x00007ff9f3c23000 	C:\Windows\system32\rsaenh.dll
0x00007ff9f5aa0000 - 0x00007ff9f5ac6000 	C:\Windows\System32\bcrypt.dll
0x00007ff9f47a0000 - 0x00007ff9f47c8000 	C:\Windows\SYSTEM32\USERENV.dll
0x00007ff9f4240000 - 0x00007ff9f424c000 	C:\Windows\SYSTEM32\CRYPTBASE.dll
0x00007ff9f3df0000 - 0x00007ff9f3e2d000 	C:\Windows\SYSTEM32\IPHLPAPI.DLL
0x00007ff9f5cf0000 - 0x00007ff9f5cf8000 	C:\Windows\System32\NSI.dll
0x00007ff9ec560000 - 0x00007ff9ec576000 	C:\Windows\SYSTEM32\dhcpcsvc6.DLL
0x00007ff9ec540000 - 0x00007ff9ec55c000 	C:\Windows\SYSTEM32\dhcpcsvc.DLL
0x00007ff9f3e40000 - 0x00007ff9f3f07000 	C:\Windows\SYSTEM32\DNSAPI.dll
0x00007ff9f2970000 - 0x00007ff9f297e000 	C:\Program Files\Java\jdk-13.0.2\bin\sunmscapi.dll
0x00007ff9f57e0000 - 0x00007ff9f59bc000 	C:\Windows\System32\CRYPT32.dll
0x00007ff9f48a0000 - 0x00007ff9f48b2000 	C:\Windows\System32\MSASN1.dll
0x00007ff9f4340000 - 0x00007ff9f4366000 	C:\Windows\SYSTEM32\ncrypt.dll
0x00007ff9f4300000 - 0x00007ff9f433c000 	C:\Windows\SYSTEM32\NTASN1.dll
0x00007ff9edb70000 - 0x00007ff9edb95000 	C:\Program Files\Java\jdk-13.0.2\bin\sunec.dll
0x00007ff9e8980000 - 0x00007ff9e898a000 	C:\Windows\System32\rasadhlp.dll
0x00007ff9e8d20000 - 0x00007ff9e8d99000 	C:\Windows\System32\fwpuclnt.dll

dbghelp: loaded successfully - version: 4.0.5 - missing functions: none
symbol engine: initialized successfully - sym options: 0x614 - pdb path: .;C:\Program Files\Java\jdk-13.0.2\bin;C:\Windows\SYSTEM32;C:\Windows\WinSxS\amd64_microsoft.windows.common-controls_6595b64144ccf1df_6.0.17763.1217_none_de6e4304534e0ad3;C:\Program Files\Java\jdk-13.0.2\bin\server;C:\Users\ELCOT\.gradle\caches\gradle-6.5\native\31\windows-amd64

VM Arguments:
jvm_args: --add-opens=java.base/java.util=ALL-UNNAMED --add-opens=java.base/java.lang=ALL-UNNAMED --add-opens=java.base/java.lang.invoke=ALL-UNNAMED --add-opens=java.prefs/java.util.prefs=ALL-UNNAMED -Xmx1024m -Dfile.encoding=windows-1252 -Duser.country=IN -Duser.language=en -Duser.variant 
java_command: org.gradle.launcher.daemon.bootstrap.GradleDaemon 6.1.1
java_class_path (initial): C:\Users\ELCOT\.gradle\caches\gradle-6.5\wrapper\dists\gradle-6.1.1-all\cfmwm155h49vnt3hynmlrsdst\gradle-6.1.1\lib\gradle-launcher-6.1.1.jar
Launcher Type: SUN_STANDARD

[Global flags]
     intx CICompilerCount                          = 2                                         {product} {ergonomic}
     uint ConcGCThreads                            = 1                                         {product} {ergonomic}
     uint G1ConcRefinementThreads                  = 2                                         {product} {ergonomic}
   size_t G1HeapRegionSize                         = 1048576                                   {product} {ergonomic}
    uintx GCDrainStackTargetSize                   = 64                                        {product} {ergonomic}
   size_t InitialHeapSize                          = 65011712                                  {product} {ergonomic}
   size_t MarkStackSize                            = 4194304                                   {product} {ergonomic}
   size_t MaxHeapSize                              = 1073741824                                {product} {command line}
   size_t MaxNewSize                               = 643825664                                 {product} {ergonomic}
   size_t MinHeapDeltaBytes                        = 1048576                                   {product} {ergonomic}
   size_t MinHeapSize                              = 8388608                                   {product} {ergonomic}
    uintx NonNMethodCodeHeapSize                   = 5826188                                {pd product} {ergonomic}
    uintx NonProfiledCodeHeapSize                  = 122916026                              {pd product} {ergonomic}
    uintx ProfiledCodeHeapSize                     = 122916026                              {pd product} {ergonomic}
    uintx ReservedCodeCacheSize                    = 251658240                              {pd product} {ergonomic}
     bool SegmentedCodeCache                       = true                                      {product} {ergonomic}
   size_t SoftMaxHeapSize                          = 1073741824                             {manageable} {ergonomic}
     bool UseCompressedClassPointers               = true                                 {lp64_product} {ergonomic}
     bool UseCompressedOops                        = true                                 {lp64_product} {ergonomic}
     bool UseG1GC                                  = true                                      {product} {ergonomic}
     bool UseLargePagesIndividualAllocation        = false                                  {pd product} {ergonomic}

Logging:
Log output configuration:
 #0: stdout all=warning uptime,level,tags
 #1: stderr all=off uptime,level,tags

Environment Variables:
JAVA_HOME=C:\Program Files\Android\Android Studio\jre
PATH=C:\Program Files\AdoptOpenJDK\jdk-11.0.7.10-hotspot\bin;C:\Program Files (x86)\Common Files\Oracle\Java\javapath;C:\MinGW\bin;C:\Windows\system32;C:\Windows;C:\Windows\System32\Wbem;C:\Windows\System32\WindowsPowerShell\v1.0\;C:\Windows\System32\OpenSSH\;C:\Program Files\nodejs\;C:\Users\ELCOT\Downloads\python-3.8.2;C:\Program Files\Dart\dart-sdk\bin;C:\drivers\chromedriver_win32.zip;C:\src\flutter\flutter_windows_v1.12.13+hotfix.9-stable\flutter\bin;C:\Program Files (x86)\Android\android-sdk\platforms\platform-tools;C:\Program Files (x86)\Android\android-sdk\platform-tools\api;C:\Downloads\installer_r16-windows.exe;C:\ProgramData\Microsoft\Windows\Start Menu\Programs\Android SDK Tools;D:\kishoreAndroid\Android\Android Studio\bin;D:\kishoreAndroid\Android\Android Studio;C:\ProgramData\Microsoft\Windows\Start Menu\Programs\Visual Studio Emulator for Android.lnk;C:\Downloads\vs_emulatorsetup.exe;C:\Program Files (x86)\Android\android-sdk\SDK Manager;D:\Kishore\platforms;C:\Users\ELCOT\AppData\Local\Programs\Python\Python38\Scripts\;C:\Users\;C:\Program Files\Android\Android Studio\jre;C:\Program Files\Java\jdk-13.0.2\bin;C:\Program Files\Java\jre1.8.0_251\bin;C:\Program Files (x86)\Android\platform-tools;C:\Downloads\python-3.8.2.exe;C:\Program Files\dotnet\;C:\Program Files\Microsoft SQL Server\130\Tools\Binn\;C:\Program Files\Microsoft SQL Server\Client SDK\ODBC\170\Tools\Binn\;D:\Git\cmd;C:\Users\ELCOT\AppData\Roaming\npm;D:\modelsim_ase\win32aloem;C:\Users\ELCOT\AppData\Local\Programs\Python\Python39\Scripts\;C:\Users\ELCOT\AppData\Local\Programs\Python\Python39\;C:\Users\ELCOT\AppData\Local\ValidatorBuddy;C:\Users\ELCOT\AppData\Local\Programs\Python\Python38;C:\src\flutter\bin;D:\Heroku\bin;D:\Microsoft VS Code\bin;C:\Users\ELCOT\AppData\Roaming\npm\node_modules\firebase\node_modules\protobufjs\bin;
USERNAME=ELCOT
OS=Windows_NT
PROCESSOR_IDENTIFIER=AMD64 Family 21 Model 112 Stepping 0, AuthenticAMD



---------------  S Y S T E M  ---------------

OS: Windows 10 , 64 bit Build 17763 (10.0.17763.1158)
HyperV virtualization detected

CPU:total 2 (initial active 2) (2 cores per cpu, 1 threads per core) family 21 model 112 stepping 0, cmov, cx8, fxsr, mmx, sse, sse2, sse3, ssse3, sse4.1, sse4.2, popcnt, avx, avx2, aes, clmul, mmxext, 3dnowpref, lzcnt, sse4a, tsc, tscinvbit, tscinv, bmi1, bmi2, fma

Memory: 4k page, system-wide physical 3935M (333M free)
TotalPageFile size 5322M (AvailPageFile size 4M)
current process WorkingSet (physical memory assigned to process): 308M, peak: 356M
current process commit charge ("private bytes"): 406M, peak: 408M

vm_info: Java HotSpot(TM) 64-Bit Server VM (13.0.2+8) for windows-amd64 JRE (13.0.2+8), built on Dec 11 2019 09:20:33 by "mach5one" with unknown MS VC++:1916

END.
