#
# There is insufficient memory for the Java Runtime Environment to continue.
# Native memory allocation (malloc) failed to allocate 1467376 bytes for Chunk::new
# Possible reasons:
#   The system is out of physical RAM or swap space
#   The process is running with CompressedOops enabled, and the Java Heap may be blocking the growth of the native heap
# Possible solutions:
#   Reduce memory load on the system
#   Increase physical memory or swap space
#   Check if swap backing store is full
#   Decrease Java heap size (-Xmx/-Xms)
#   Decrease number of Java threads
#   Decrease Java thread stack sizes (-Xss)
#   Set larger code cache with -XX:ReservedCodeCacheSize=
#   JVM is running with Unscaled Compressed Oops mode in which the Java heap is
#     placed in the first 4GB address space. The Java Heap base address is the
#     maximum limit for the native heap growth. Please use -XX:HeapBaseMinAddress
#     to set the Java Heap base and to place the Java Heap above 4GB virtual address.
# This output file may be truncated or incomplete.
#
#  Out of Memory Error (t:/workspace/open/src/hotspot/share/memory/arena.cpp:196), pid=2352, tid=3920
#
# JRE version: Java(TM) SE Runtime Environment (13.0.2+8) (build 13.0.2+8)
# Java VM: Java HotSpot(TM) 64-Bit Server VM (13.0.2+8, mixed mode, sharing, tiered, compressed oops, g1 gc, windows-amd64)
# No core dump will be written. Minidumps are not enabled by default on client versions of Windows
#

---------------  S U M M A R Y ------------

Command Line: --add-opens=java.base/java.util=ALL-UNNAMED --add-opens=java.base/java.lang=ALL-UNNAMED --add-opens=java.base/java.lang.invoke=ALL-UNNAMED --add-opens=java.prefs/java.util.prefs=ALL-UNNAMED -Xmx1024m -Dfile.encoding=windows-1252 -Duser.country=IN -Duser.language=en -Duser.variant org.gradle.launcher.daemon.bootstrap.GradleDaemon 6.1.1

Host: AMD PRO A4-4350B R4, 5 COMPUTE CORES 2C+3G     , 2 cores, 3G,  Windows 10 , 64 bit Build 17763 (10.0.17763.1158)
Time: Mon Sep 14 10:17:54 2020 Pacific Daylight Time elapsed time: 65 seconds (0d 0h 1m 5s)

---------------  T H R E A D  ---------------

Current thread (0x000002497438d800):  JavaThread "C2 CompilerThread0" daemon [_thread_in_native, id=3920, stack(0x0000009c47000000,0x0000009c47100000)]


Current CompileTask:
C2:  65163 9363 %     4       com.android.tools.r8.dex.n::m @ 363 (2047 bytes)

Stack: [0x0000009c47000000,0x0000009c47100000]
Native frames: (J=compiled Java code, j=interpreted, Vv=VM code, C=native code)
V  [jvm.dll+0x624f9a]
V  [jvm.dll+0x770cfa]
V  [jvm.dll+0x7724af]
V  [jvm.dll+0x772ab3]
V  [jvm.dll+0x24bf08]
V  [jvm.dll+0xc1e47]
V  [jvm.dll+0xc23cc]
V  [jvm.dll+0x35c068]
V  [jvm.dll+0x327803]
V  [jvm.dll+0x326bda]
V  [jvm.dll+0x205c27]
V  [jvm.dll+0x204e3f]
V  [jvm.dll+0x189c2c]
V  [jvm.dll+0x213e6d]
V  [jvm.dll+0x2120bb]
V  [jvm.dll+0x736bb6]
V  [jvm.dll+0x72fcaa]
V  [jvm.dll+0x623ea6]
C  [ucrtbase.dll+0x21ffa]
C  [KERNEL32.DLL+0x17974]
C  [ntdll.dll+0x6a271]


---------------  P R O C E S S  ---------------

Threads class SMR info:
_java_thread_list=0x000002497707fca0, length=37, elements={
0x0000024958701800, 0x00000249587ce000, 0x000002497436b800, 0x000002497438a800,
0x000002497438c800, 0x000002497438d800, 0x00000249743f9800, 0x0000024974400800,
0x0000024974dcb000, 0x0000024974dda000, 0x0000024976152800, 0x0000024975d78000,
0x00000249761f9000, 0x000002497516e800, 0x000002497516f000, 0x0000024975eba800,
0x0000024976a15800, 0x000002497568a800, 0x00000249751b3000, 0x00000249764cd000,
0x00000249768d7000, 0x00000249768d7800, 0x00000249768d8800, 0x00000249768d9800,
0x00000249768d6000, 0x00000249768da000, 0x00000249768db000, 0x00000249768d5800,
0x000002497732f000, 0x000002497732a000, 0x000002497732e000, 0x000002497732c800,
0x000002497732b000, 0x000002497732b800, 0x000002497732d800, 0x0000024977329800,
0x0000024977333000
}

Java Threads: ( => current thread )
  0x0000024958701800 JavaThread "main" [_thread_blocked, id=11176, stack(0x0000009c46500000,0x0000009c46600000)]
  0x00000249587ce000 JavaThread "Reference Handler" daemon [_thread_blocked, id=11036, stack(0x0000009c46c00000,0x0000009c46d00000)]
  0x000002497436b800 JavaThread "Finalizer" daemon [_thread_blocked, id=10724, stack(0x0000009c46d00000,0x0000009c46e00000)]
  0x000002497438a800 JavaThread "Signal Dispatcher" daemon [_thread_blocked, id=10996, stack(0x0000009c46e00000,0x0000009c46f00000)]
  0x000002497438c800 JavaThread "Attach Listener" daemon [_thread_blocked, id=732, stack(0x0000009c46f00000,0x0000009c47000000)]
=>0x000002497438d800 JavaThread "C2 CompilerThread0" daemon [_thread_in_native, id=3920, stack(0x0000009c47000000,0x0000009c47100000)]
  0x00000249743f9800 JavaThread "C1 CompilerThread0" daemon [_thread_blocked, id=5696, stack(0x0000009c47100000,0x0000009c47200000)]
  0x0000024974400800 JavaThread "Sweeper thread" daemon [_thread_blocked, id=5680, stack(0x0000009c47200000,0x0000009c47300000)]
  0x0000024974dcb000 JavaThread "Common-Cleaner" daemon [_thread_blocked, id=10272, stack(0x0000009c47300000,0x0000009c47400000)]
  0x0000024974dda000 JavaThread "Service Thread" daemon [_thread_blocked, id=6856, stack(0x0000009c47400000,0x0000009c47500000)]
  0x0000024976152800 JavaThread "Daemon health stats" [_thread_blocked, id=204, stack(0x0000009c47800000,0x0000009c47900000)]
  0x0000024975d78000 JavaThread "Incoming local TCP Connector on port 62410" [_thread_in_native, id=9072, stack(0x0000009c47900000,0x0000009c47a00000)]
  0x00000249761f9000 JavaThread "Daemon periodic checks" [_thread_blocked, id=9192, stack(0x0000009c47a00000,0x0000009c47b00000)]
  0x000002497516e800 JavaThread "Daemon" [_thread_blocked, id=5844, stack(0x0000009c47b00000,0x0000009c47c00000)]
  0x000002497516f000 JavaThread "Handler for socket connection from /127.0.0.1:62410 to /127.0.0.1:62411" [_thread_in_native, id=6152, stack(0x0000009c47c00000,0x0000009c47d00000)]
  0x0000024975eba800 JavaThread "Cancel handler" [_thread_blocked, id=9000, stack(0x0000009c47d00000,0x0000009c47e00000)]
  0x0000024976a15800 JavaThread "Daemon worker" [_thread_blocked, id=6216, stack(0x0000009c47e00000,0x0000009c47f00000)]
  0x000002497568a800 JavaThread "Asynchronous log dispatcher for DefaultDaemonConnection: socket connection from /127.0.0.1:62410 to /127.0.0.1:62411" [_thread_blocked, id=10476, stack(0x0000009c47f00000,0x0000009c48000000)]
  0x00000249751b3000 JavaThread "Stdin handler" [_thread_blocked, id=1932, stack(0x0000009c48000000,0x0000009c48100000)]
  0x00000249764cd000 JavaThread "Thread-8" [_thread_blocked, id=1148, stack(0x0000009c48100000,0x0000009c48200000)]
  0x00000249768d7000 JavaThread "Cache worker for journal cache (C:\Users\ELCOT\.gradle\caches\gradle-6.5\caches\journal-1)" [_thread_blocked, id=6764, stack(0x0000009c48200000,0x0000009c48300000)]
  0x00000249768d7800 JavaThread "File lock request listener" [_thread_in_native, id=5636, stack(0x0000009c48300000,0x0000009c48400000)]
  0x00000249768d8800 JavaThread "Cache worker for file hash cache (C:\Users\ELCOT\.gradle\caches\gradle-6.5\caches\6.1.1\fileHashes)" [_thread_blocked, id=1880, stack(0x0000009c48400000,0x0000009c48500000)]
  0x00000249768d9800 JavaThread "Cache worker for checksums cache (D:\AndroidStudioProjects\DoChat\.gradle\checksums)" [_thread_blocked, id=9588, stack(0x0000009c48500000,0x0000009c48600000)]
  0x00000249768d6000 JavaThread "Cache worker for file hash cache (D:\AndroidStudioProjects\DoChat\.gradle\6.1.1\fileHashes)" [_thread_blocked, id=9352, stack(0x0000009c48600000,0x0000009c48700000)]
  0x00000249768da000 JavaThread "Cache worker for cache directory md-supplier (C:\Users\ELCOT\.gradle\caches\gradle-6.5\caches\6.1.1\md-supplier)" [_thread_blocked, id=1788, stack(0x0000009c48700000,0x0000009c48800000)]
  0x00000249768db000 JavaThread "Cache worker for cache directory md-rule (C:\Users\ELCOT\.gradle\caches\gradle-6.5\caches\6.1.1\md-rule)" [_thread_blocked, id=5816, stack(0x0000009c48800000,0x0000009c48900000)]
  0x00000249768d5800 JavaThread "Cache worker for execution history cache (C:\Users\ELCOT\.gradle\caches\gradle-6.5\caches\6.1.1\executionHistory)" [_thread_blocked, id=1752, stack(0x0000009c48900000,0x0000009c48a00000)]
  0x000002497732f000 JavaThread "Build operations" [_thread_blocked, id=5492, stack(0x0000009c48a00000,0x0000009c48b00000)]
  0x000002497732a000 JavaThread "Build operations Thread 2" [_thread_blocked, id=6912, stack(0x0000009c48b00000,0x0000009c48c00000)]
  0x000002497732e000 JavaThread "Cache worker for Build Output Cleanup Cache (D:\AndroidStudioProjects\DoChat\.gradle\buildOutputCleanup)" [_thread_blocked, id=2220, stack(0x0000009c48c00000,0x0000009c48d00000)]
  0x000002497732c800 JavaThread "Memory manager" [_thread_blocked, id=7448, stack(0x0000009c48d00000,0x0000009c48e00000)]
  0x000002497732b000 JavaThread "Cache worker for file content cache (C:\Users\ELCOT\.gradle\caches\gradle-6.5\caches\6.1.1\fileContent)" [_thread_blocked, id=596, stack(0x0000009c48e00000,0x0000009c48f00000)]
  0x000002497732b800 JavaThread "Cache worker for file content cache (D:\AndroidStudioProjects\DoChat\.gradle\6.1.1\fileContent)" [_thread_blocked, id=4668, stack(0x0000009c48f00000,0x0000009c49000000)]
  0x000002497732d800 JavaThread "Execution worker for ':'" [_thread_blocked, id=10116, stack(0x0000009c49200000,0x0000009c49300000)]
  0x0000024977329800 JavaThread "Cache worker for execution history cache (D:\AndroidStudioProjects\DoChat\.gradle\6.1.1\executionHistory)" [_thread_blocked, id=9320, stack(0x0000009c49300000,0x0000009c49400000)]
  0x0000024977333000 JavaThread "WorkerExecutor Queue" [_thread_in_Java, id=10032, stack(0x0000009c49400000,0x0000009c49500000)]

Other Threads:
  0x00000249587cc000 VMThread "VM Thread" [stack: 0x0000009c46b00000,0x0000009c46c00000] [id=7280]
  0x0000024974de0000 WatcherThread [stack: 0x0000009c47500000,0x0000009c47600000] [id=9880]
  0x0000024958730000 GCTaskThread "GC Thread#0" [stack: 0x0000009c46600000,0x0000009c46700000] [id=3556]
  0x0000024974f26800 GCTaskThread "GC Thread#1" [stack: 0x0000009c47600000,0x0000009c47700000] [id=5644]
  0x0000024958739800 ConcurrentGCThread "G1 Main Marker" [stack: 0x0000009c46700000,0x0000009c46800000] [id=4064]
  0x000002495873a800 ConcurrentGCThread "G1 Conc#0" [stack: 0x0000009c46800000,0x0000009c46900000] [id=5572]
  0x0000024958787000 ConcurrentGCThread "G1 Refine#0" [stack: 0x0000009c46900000,0x0000009c46a00000] [id=6504]
  0x0000024975586800 ConcurrentGCThread "G1 Refine#1" [stack: 0x0000009c47700000,0x0000009c47800000] [id=7160]
  0x0000024958789000 ConcurrentGCThread "G1 Young RemSet Sampling" [stack: 0x0000009c46a00000,0x0000009c46b00000] [id=3780]

Threads with active compile tasks:
C2 CompilerThread0    65251 9363 %     4       com.android.tools.r8.dex.n::m @ 363 (2047 bytes)

VM state:not at safepoint (normal execution)

VM Mutex/Monitor currently owned by a thread: None

Heap address: 0x00000000c0000000, size: 1024 MB, Compressed Oops mode: 32-bit
Narrow klass base: 0x0000000800000000, Narrow klass shift: 3
Compressed class space size: 1073741824 Address: 0x0000000800b40000

Heap:
 garbage-first heap   total 196608K, used 130232K [0x00000000c0000000, 0x0000000100000000)
  region size 1024K, 9 young (9216K), 2 survivors (2048K)
 Metaspace       used 66714K, capacity 68638K, committed 68656K, reserved 1107968K
  class space    used 8953K, capacity 9589K, committed 9600K, reserved 1048576K
Heap Regions: E=young(eden), S=young(survivor), O=old, HS=humongous(starts), HC=humongous(continues), CS=collection set, F=free, A=archive, TAMS=top-at-mark-start (previous, next)
|   0|0x00000000c0000000, 0x00000000c0100000, 0x00000000c0100000|100%|HS|  |TAMS 0x00000000c0100000, 0x00000000c0100000| Complete 
|   1|0x00000000c0100000, 0x00000000c0200000, 0x00000000c0200000|100%|HC|  |TAMS 0x00000000c0200000, 0x00000000c0200000| Complete 
|   2|0x00000000c0200000, 0x00000000c0300000, 0x00000000c0300000|100%|HC|  |TAMS 0x00000000c0300000, 0x00000000c0300000| Complete 
|   3|0x00000000c0300000, 0x00000000c0400000, 0x00000000c0400000|100%| O|  |TAMS 0x00000000c0400000, 0x00000000c0400000| Untracked 
|   4|0x00000000c0400000, 0x00000000c0500000, 0x00000000c0500000|100%| O|  |TAMS 0x00000000c0500000, 0x00000000c0500000| Untracked 
|   5|0x00000000c0500000, 0x00000000c0600000, 0x00000000c0600000|100%| O|  |TAMS 0x00000000c0600000, 0x00000000c0600000| Untracked 
|   6|0x00000000c0600000, 0x00000000c0700000, 0x00000000c0700000|100%| O|  |TAMS 0x00000000c0700000, 0x00000000c0700000| Untracked 
|   7|0x00000000c0700000, 0x00000000c0800000, 0x00000000c0800000|100%| O|  |TAMS 0x00000000c0800000, 0x00000000c0800000| Untracked 
|   8|0x00000000c0800000, 0x00000000c0900000, 0x00000000c0900000|100%| O|  |TAMS 0x00000000c0900000, 0x00000000c0900000| Untracked 
|   9|0x00000000c0900000, 0x00000000c0a00000, 0x00000000c0a00000|100%| O|  |TAMS 0x00000000c0a00000, 0x00000000c0a00000| Untracked 
|  10|0x00000000c0a00000, 0x00000000c0b00000, 0x00000000c0b00000|100%| O|  |TAMS 0x00000000c0b00000, 0x00000000c0b00000| Untracked 
|  11|0x00000000c0b00000, 0x00000000c0c00000, 0x00000000c0c00000|100%| O|  |TAMS 0x00000000c0c00000, 0x00000000c0c00000| Untracked 
|  12|0x00000000c0c00000, 0x00000000c0d00000, 0x00000000c0d00000|100%| O|  |TAMS 0x00000000c0d00000, 0x00000000c0d00000| Untracked 
|  13|0x00000000c0d00000, 0x00000000c0e00000, 0x00000000c0e00000|100%| O|  |TAMS 0x00000000c0e00000, 0x00000000c0e00000| Untracked 
|  14|0x00000000c0e00000, 0x00000000c0f00000, 0x00000000c0f00000|100%| O|  |TAMS 0x00000000c0f00000, 0x00000000c0f00000| Untracked 
|  15|0x00000000c0f00000, 0x00000000c1000000, 0x00000000c1000000|100%| O|  |TAMS 0x00000000c1000000, 0x00000000c1000000| Untracked 
|  16|0x00000000c1000000, 0x00000000c1100000, 0x00000000c1100000|100%| O|  |TAMS 0x00000000c1100000, 0x00000000c1100000| Untracked 
|  17|0x00000000c1100000, 0x00000000c1200000, 0x00000000c1200000|100%|HS|  |TAMS 0x00000000c1200000, 0x00000000c1200000| Complete 
|  18|0x00000000c1200000, 0x00000000c1300000, 0x00000000c1300000|100%|HC|  |TAMS 0x00000000c1300000, 0x00000000c1300000| Complete 
|  19|0x00000000c1300000, 0x00000000c1400000, 0x00000000c1400000|100%|HS|  |TAMS 0x00000000c1400000, 0x00000000c1400000| Complete 
|  20|0x00000000c1400000, 0x00000000c1500000, 0x00000000c1500000|100%|HC|  |TAMS 0x00000000c1500000, 0x00000000c1500000| Complete 
|  21|0x00000000c1500000, 0x00000000c1600000, 0x00000000c1600000|100%|HC|  |TAMS 0x00000000c1600000, 0x00000000c1600000| Complete 
|  22|0x00000000c1600000, 0x00000000c1700000, 0x00000000c1700000|100%|HS|  |TAMS 0x00000000c1700000, 0x00000000c1700000| Complete 
|  23|0x00000000c1700000, 0x00000000c1800000, 0x00000000c1800000|100%|HC|  |TAMS 0x00000000c1800000, 0x00000000c1800000| Complete 
|  24|0x00000000c1800000, 0x00000000c1900000, 0x00000000c1900000|100%|HC|  |TAMS 0x00000000c1900000, 0x00000000c1900000| Complete 
|  25|0x00000000c1900000, 0x00000000c1a00000, 0x00000000c1a00000|100%|HC|  |TAMS 0x00000000c1a00000, 0x00000000c1a00000| Complete 
|  26|0x00000000c1a00000, 0x00000000c1b00000, 0x00000000c1b00000|100%| O|  |TAMS 0x00000000c1b00000, 0x00000000c1b00000| Untracked 
|  27|0x00000000c1b00000, 0x00000000c1c00000, 0x00000000c1c00000|100%| O|  |TAMS 0x00000000c1c00000, 0x00000000c1c00000| Untracked 
|  28|0x00000000c1c00000, 0x00000000c1d00000, 0x00000000c1d00000|100%| O|  |TAMS 0x00000000c1d00000, 0x00000000c1d00000| Untracked 
|  29|0x00000000c1d00000, 0x00000000c1e00000, 0x00000000c1e00000|100%| O|  |TAMS 0x00000000c1e00000, 0x00000000c1e00000| Untracked 
|  30|0x00000000c1e00000, 0x00000000c1f00000, 0x00000000c1f00000|100%| O|  |TAMS 0x00000000c1f00000, 0x00000000c1f00000| Untracked 
|  31|0x00000000c1f00000, 0x00000000c2000000, 0x00000000c2000000|100%| O|  |TAMS 0x00000000c2000000, 0x00000000c2000000| Untracked 
|  32|0x00000000c2000000, 0x00000000c2100000, 0x00000000c2100000|100%| O|  |TAMS 0x00000000c2100000, 0x00000000c2100000| Untracked 
|  33|0x00000000c2100000, 0x00000000c2200000, 0x00000000c2200000|100%| O|  |TAMS 0x00000000c2200000, 0x00000000c2200000| Untracked 
|  34|0x00000000c2200000, 0x00000000c2300000, 0x00000000c2300000|100%| O|  |TAMS 0x00000000c2300000, 0x00000000c2300000| Untracked 
|  35|0x00000000c2300000, 0x00000000c2400000, 0x00000000c2400000|100%| O|  |TAMS 0x00000000c2400000, 0x00000000c2400000| Untracked 
|  36|0x00000000c2400000, 0x00000000c2500000, 0x00000000c2500000|100%|HS|  |TAMS 0x00000000c2500000, 0x00000000c2500000| Complete 
|  37|0x00000000c2500000, 0x00000000c2600000, 0x00000000c2600000|100%|HC|  |TAMS 0x00000000c2600000, 0x00000000c2600000| Complete 
|  38|0x00000000c2600000, 0x00000000c2700000, 0x00000000c2700000|100%|HC|  |TAMS 0x00000000c2700000, 0x00000000c2700000| Complete 
|  39|0x00000000c2700000, 0x00000000c2800000, 0x00000000c2800000|100%| O|  |TAMS 0x00000000c2800000, 0x00000000c2800000| Untracked 
|  40|0x00000000c2800000, 0x00000000c2900000, 0x00000000c2900000|100%| O|  |TAMS 0x00000000c2900000, 0x00000000c2900000| Untracked 
|  41|0x00000000c2900000, 0x00000000c2a00000, 0x00000000c2a00000|100%| O|  |TAMS 0x00000000c2a00000, 0x00000000c2a00000| Untracked 
|  42|0x00000000c2a00000, 0x00000000c2b00000, 0x00000000c2b00000|100%|HS|  |TAMS 0x00000000c2b00000, 0x00000000c2b00000| Complete 
|  43|0x00000000c2b00000, 0x00000000c2c00000, 0x00000000c2c00000|100%|HC|  |TAMS 0x00000000c2c00000, 0x00000000c2c00000| Complete 
|  44|0x00000000c2c00000, 0x00000000c2d00000, 0x00000000c2d00000|100%| O|  |TAMS 0x00000000c2d00000, 0x00000000c2d00000| Untracked 
|  45|0x00000000c2d00000, 0x00000000c2e00000, 0x00000000c2e00000|100%| O|  |TAMS 0x00000000c2e00000, 0x00000000c2e00000| Untracked 
|  46|0x00000000c2e00000, 0x00000000c2f00000, 0x00000000c2f00000|100%| O|  |TAMS 0x00000000c2f00000, 0x00000000c2f00000| Untracked 
|  47|0x00000000c2f00000, 0x00000000c3000000, 0x00000000c3000000|100%| O|  |TAMS 0x00000000c3000000, 0x00000000c3000000| Untracked 
|  48|0x00000000c3000000, 0x00000000c3100000, 0x00000000c3100000|100%| O|  |TAMS 0x00000000c3100000, 0x00000000c3100000| Untracked 
|  49|0x00000000c3100000, 0x00000000c3200000, 0x00000000c3200000|100%| O|  |TAMS 0x00000000c3200000, 0x00000000c3200000| Untracked 
|  50|0x00000000c3200000, 0x00000000c3300000, 0x00000000c3300000|100%| O|  |TAMS 0x00000000c3300000, 0x00000000c3300000| Untracked 
|  51|0x00000000c3300000, 0x00000000c3400000, 0x00000000c3400000|100%| O|  |TAMS 0x00000000c3400000, 0x00000000c3400000| Untracked 
|  52|0x00000000c3400000, 0x00000000c3500000, 0x00000000c3500000|100%| O|  |TAMS 0x00000000c3500000, 0x00000000c3500000| Untracked 
|  53|0x00000000c3500000, 0x00000000c3600000, 0x00000000c3600000|100%| O|  |TAMS 0x00000000c3600000, 0x00000000c3600000| Untracked 
|  54|0x00000000c3600000, 0x00000000c3700000, 0x00000000c3700000|100%| O|  |TAMS 0x00000000c3700000, 0x00000000c3700000| Untracked 
|  55|0x00000000c3700000, 0x00000000c3800000, 0x00000000c3800000|100%| O|  |TAMS 0x00000000c3800000, 0x00000000c3800000| Untracked 
|  56|0x00000000c3800000, 0x00000000c3900000, 0x00000000c3900000|100%| O|  |TAMS 0x00000000c3900000, 0x00000000c3900000| Untracked 
|  57|0x00000000c3900000, 0x00000000c3a00000, 0x00000000c3a00000|100%| O|  |TAMS 0x00000000c3a00000, 0x00000000c3a00000| Untracked 
|  58|0x00000000c3a00000, 0x00000000c3b00000, 0x00000000c3b00000|100%| O|  |TAMS 0x00000000c3b00000, 0x00000000c3b00000| Untracked 
|  59|0x00000000c3b00000, 0x00000000c3c00000, 0x00000000c3c00000|100%| O|  |TAMS 0x00000000c3c00000, 0x00000000c3c00000| Untracked 
|  60|0x00000000c3c00000, 0x00000000c3d00000, 0x00000000c3d00000|100%| O|  |TAMS 0x00000000c3d00000, 0x00000000c3d00000| Untracked 
|  61|0x00000000c3d00000, 0x00000000c3e00000, 0x00000000c3e00000|100%| O|  |TAMS 0x00000000c3e00000, 0x00000000c3e00000| Untracked 
|  62|0x00000000c3e00000, 0x00000000c3f00000, 0x00000000c3f00000|100%| O|  |TAMS 0x00000000c3f00000, 0x00000000c3f00000| Untracked 
|  63|0x00000000c3f00000, 0x00000000c4000000, 0x00000000c4000000|100%| O|  |TAMS 0x00000000c4000000, 0x00000000c4000000| Untracked 
|  64|0x00000000c4000000, 0x00000000c4100000, 0x00000000c4100000|100%| O|  |TAMS 0x00000000c4100000, 0x00000000c4100000| Untracked 
|  65|0x00000000c4100000, 0x00000000c4200000, 0x00000000c4200000|100%| O|  |TAMS 0x00000000c4200000, 0x00000000c4200000| Untracked 
|  66|0x00000000c4200000, 0x00000000c4300000, 0x00000000c4300000|100%| O|  |TAMS 0x00000000c4300000, 0x00000000c4300000| Untracked 
|  67|0x00000000c4300000, 0x00000000c4400000, 0x00000000c4400000|100%| O|  |TAMS 0x00000000c4400000, 0x00000000c4400000| Untracked 
|  68|0x00000000c4400000, 0x00000000c4500000, 0x00000000c4500000|100%| O|  |TAMS 0x00000000c4500000, 0x00000000c4500000| Untracked 
|  69|0x00000000c4500000, 0x00000000c4600000, 0x00000000c4600000|100%| O|  |TAMS 0x00000000c4600000, 0x00000000c4600000| Untracked 
|  70|0x00000000c4600000, 0x00000000c4700000, 0x00000000c4700000|100%| O|  |TAMS 0x00000000c4700000, 0x00000000c4700000| Untracked 
|  71|0x00000000c4700000, 0x00000000c4800000, 0x00000000c4800000|100%| O|  |TAMS 0x00000000c4800000, 0x00000000c4800000| Untracked 
|  72|0x00000000c4800000, 0x00000000c4900000, 0x00000000c4900000|100%| O|  |TAMS 0x00000000c4900000, 0x00000000c4900000| Untracked 
|  73|0x00000000c4900000, 0x00000000c4a00000, 0x00000000c4a00000|100%| O|  |TAMS 0x00000000c4a00000, 0x00000000c4a00000| Untracked 
|  74|0x00000000c4a00000, 0x00000000c4b00000, 0x00000000c4b00000|100%| O|  |TAMS 0x00000000c4b00000, 0x00000000c4b00000| Untracked 
|  75|0x00000000c4b00000, 0x00000000c4c00000, 0x00000000c4c00000|100%| O|  |TAMS 0x00000000c4c00000, 0x00000000c4c00000| Untracked 
|  76|0x00000000c4c00000, 0x00000000c4d00000, 0x00000000c4d00000|100%| O|  |TAMS 0x00000000c4d00000, 0x00000000c4d00000| Untracked 
|  77|0x00000000c4d00000, 0x00000000c4e00000, 0x00000000c4e00000|100%| O|  |TAMS 0x00000000c4e00000, 0x00000000c4e00000| Untracked 
|  78|0x00000000c4e00000, 0x00000000c4f00000, 0x00000000c4f00000|100%|HS|  |TAMS 0x00000000c4f00000, 0x00000000c4f00000| Complete 
|  79|0x00000000c4f00000, 0x00000000c5000000, 0x00000000c5000000|100%|HC|  |TAMS 0x00000000c5000000, 0x00000000c5000000| Complete 
|  80|0x00000000c5000000, 0x00000000c5100000, 0x00000000c5100000|100%|HC|  |TAMS 0x00000000c5100000, 0x00000000c5100000| Complete 
|  81|0x00000000c5100000, 0x00000000c5200000, 0x00000000c5200000|100%|HC|  |TAMS 0x00000000c5200000, 0x00000000c5200000| Complete 
|  82|0x00000000c5200000, 0x00000000c5300000, 0x00000000c5300000|100%|HC|  |TAMS 0x00000000c5300000, 0x00000000c5300000| Complete 
|  83|0x00000000c5300000, 0x00000000c5400000, 0x00000000c5400000|100%|HC|  |TAMS 0x00000000c5400000, 0x00000000c5400000| Complete 
|  84|0x00000000c5400000, 0x00000000c5500000, 0x00000000c5500000|100%|HC|  |TAMS 0x00000000c5500000, 0x00000000c5500000| Complete 
|  85|0x00000000c5500000, 0x00000000c5600000, 0x00000000c5600000|100%|HC|  |TAMS 0x00000000c5600000, 0x00000000c5600000| Complete 
|  86|0x00000000c5600000, 0x00000000c5700000, 0x00000000c5700000|100%|HC|  |TAMS 0x00000000c5700000, 0x00000000c5700000| Complete 
|  87|0x00000000c5700000, 0x00000000c5800000, 0x00000000c5800000|100%| O|  |TAMS 0x00000000c5800000, 0x00000000c5800000| Untracked 
|  88|0x00000000c5800000, 0x00000000c5900000, 0x00000000c5900000|100%| O|  |TAMS 0x00000000c5900000, 0x00000000c5900000| Untracked 
|  89|0x00000000c5900000, 0x00000000c5a00000, 0x00000000c5a00000|100%| O|  |TAMS 0x00000000c5a00000, 0x00000000c5a00000| Untracked 
|  90|0x00000000c5a00000, 0x00000000c5b00000, 0x00000000c5b00000|100%| O|  |TAMS 0x00000000c5b00000, 0x00000000c5b00000| Untracked 
|  91|0x00000000c5b00000, 0x00000000c5c00000, 0x00000000c5c00000|100%|HS|  |TAMS 0x00000000c5c00000, 0x00000000c5c00000| Complete 
|  92|0x00000000c5c00000, 0x00000000c5d00000, 0x00000000c5d00000|100%| O|  |TAMS 0x00000000c5d00000, 0x00000000c5d00000| Untracked 
|  93|0x00000000c5d00000, 0x00000000c5e00000, 0x00000000c5e00000|100%| O|  |TAMS 0x00000000c5e00000, 0x00000000c5e00000| Untracked 
|  94|0x00000000c5e00000, 0x00000000c5f00000, 0x00000000c5f00000|100%| O|  |TAMS 0x00000000c5f00000, 0x00000000c5f00000| Untracked 
|  95|0x00000000c5f00000, 0x00000000c6000000, 0x00000000c6000000|100%| O|  |TAMS 0x00000000c6000000, 0x00000000c6000000| Untracked 
|  96|0x00000000c6000000, 0x00000000c6100000, 0x00000000c6100000|100%| O|  |TAMS 0x00000000c60d1c00, 0x00000000c6100000| Untracked 
|  97|0x00000000c6100000, 0x00000000c6200000, 0x00000000c6200000|100%| O|  |TAMS 0x00000000c6100000, 0x00000000c6100000| Untracked 
|  98|0x00000000c6200000, 0x00000000c6300000, 0x00000000c6300000|100%| O|  |TAMS 0x00000000c6200000, 0x00000000c6300000| Untracked 
|  99|0x00000000c6300000, 0x00000000c6400000, 0x00000000c6400000|100%| O|  |TAMS 0x00000000c6300000, 0x00000000c6400000| Untracked 
| 100|0x00000000c6400000, 0x00000000c6500000, 0x00000000c6500000|100%|HS|  |TAMS 0x00000000c6500000, 0x00000000c6500000| Complete 
| 101|0x00000000c6500000, 0x00000000c6600000, 0x00000000c6600000|100%|HC|  |TAMS 0x00000000c6600000, 0x00000000c6600000| Complete 
| 102|0x00000000c6600000, 0x00000000c6700000, 0x00000000c6700000|100%|HC|  |TAMS 0x00000000c6700000, 0x00000000c6700000| Complete 
| 103|0x00000000c6700000, 0x00000000c6800000, 0x00000000c6800000|100%|HC|  |TAMS 0x00000000c6800000, 0x00000000c6800000| Complete 
| 104|0x00000000c6800000, 0x00000000c6900000, 0x00000000c6900000|100%|HC|  |TAMS 0x00000000c6900000, 0x00000000c6900000| Complete 
| 105|0x00000000c6900000, 0x00000000c6a00000, 0x00000000c6a00000|100%|HC|  |TAMS 0x00000000c6a00000, 0x00000000c6a00000| Complete 
| 106|0x00000000c6a00000, 0x00000000c6b00000, 0x00000000c6b00000|100%|HC|  |TAMS 0x00000000c6b00000, 0x00000000c6b00000| Complete 
| 107|0x00000000c6b00000, 0x00000000c6c00000, 0x00000000c6c00000|100%|HC|  |TAMS 0x00000000c6c00000, 0x00000000c6c00000| Complete 
| 108|0x00000000c6c00000, 0x00000000c6d00000, 0x00000000c6d00000|100%|HC|  |TAMS 0x00000000c6d00000, 0x00000000c6d00000| Complete 
| 109|0x00000000c6d00000, 0x00000000c6e00000, 0x00000000c6e00000|100%| O|  |TAMS 0x00000000c6e00000, 0x00000000c6e00000| Untracked 
| 110|0x00000000c6e00000, 0x00000000c6f00000, 0x00000000c6f00000|100%| O|  |TAMS 0x00000000c6f00000, 0x00000000c6f00000| Untracked 
| 111|0x00000000c6f00000, 0x00000000c7000000, 0x00000000c7000000|100%| O|  |TAMS 0x00000000c7000000, 0x00000000c7000000| Untracked 
| 112|0x00000000c7000000, 0x00000000c7100000, 0x00000000c7100000|100%| O|  |TAMS 0x00000000c7000000, 0x00000000c7100000| Untracked 
| 113|0x00000000c7100000, 0x00000000c7200000, 0x00000000c7200000|100%| O|  |TAMS 0x00000000c7100000, 0x00000000c71c1a00| Untracked 
| 114|0x00000000c7200000, 0x00000000c7300000, 0x00000000c7300000|100%| O|  |TAMS 0x00000000c7200000, 0x00000000c7200000| Untracked 
| 115|0x00000000c7300000, 0x00000000c7400000, 0x00000000c7400000|100%| O|  |TAMS 0x00000000c7300000, 0x00000000c7300000| Untracked 
| 116|0x00000000c7400000, 0x00000000c7500000, 0x00000000c7500000|100%| O|  |TAMS 0x00000000c7400000, 0x00000000c7400000| Untracked 
| 117|0x00000000c7500000, 0x00000000c7600000, 0x00000000c7600000|100%| O|  |TAMS 0x00000000c7500000, 0x00000000c7500000| Untracked 
| 118|0x00000000c7600000, 0x00000000c762e000, 0x00000000c7700000| 17%| O|  |TAMS 0x00000000c7600000, 0x00000000c7600000| Untracked 
| 119|0x00000000c7700000, 0x00000000c7800000, 0x00000000c7800000|100%|HS|  |TAMS 0x00000000c7700000, 0x00000000c7700000| Complete 
| 120|0x00000000c7800000, 0x00000000c7800000, 0x00000000c7900000|  0%| F|  |TAMS 0x00000000c7800000, 0x00000000c7800000| Untracked 
| 121|0x00000000c7900000, 0x00000000c7900000, 0x00000000c7a00000|  0%| F|  |TAMS 0x00000000c7900000, 0x00000000c7900000| Untracked 
| 122|0x00000000c7a00000, 0x00000000c7a00000, 0x00000000c7b00000|  0%| F|  |TAMS 0x00000000c7a00000, 0x00000000c7a00000| Untracked 
| 123|0x00000000c7b00000, 0x00000000c7b00000, 0x00000000c7c00000|  0%| F|  |TAMS 0x00000000c7b00000, 0x00000000c7b00000| Untracked 
| 124|0x00000000c7c00000, 0x00000000c7c00000, 0x00000000c7d00000|  0%| F|  |TAMS 0x00000000c7c00000, 0x00000000c7c00000| Untracked 
| 125|0x00000000c7d00000, 0x00000000c7d00000, 0x00000000c7e00000|  0%| F|  |TAMS 0x00000000c7d00000, 0x00000000c7d00000| Untracked 
| 126|0x00000000c7e00000, 0x00000000c7e00000, 0x00000000c7f00000|  0%| F|  |TAMS 0x00000000c7e00000, 0x00000000c7e00000| Untracked 
| 127|0x00000000c7f00000, 0x00000000c7f00000, 0x00000000c8000000|  0%| F|  |TAMS 0x00000000c7f00000, 0x00000000c7f00000| Untracked 
| 128|0x00000000c8000000, 0x00000000c8000000, 0x00000000c8100000|  0%| F|  |TAMS 0x00000000c8000000, 0x00000000c8000000| Untracked 
| 129|0x00000000c8100000, 0x00000000c8100000, 0x00000000c8200000|  0%| F|  |TAMS 0x00000000c8100000, 0x00000000c8100000| Untracked 
| 130|0x00000000c8200000, 0x00000000c8200000, 0x00000000c8300000|  0%| F|  |TAMS 0x00000000c8200000, 0x00000000c8200000| Untracked 
| 131|0x00000000c8300000, 0x00000000c8300000, 0x00000000c8400000|  0%| F|  |TAMS 0x00000000c8300000, 0x00000000c8300000| Untracked 
| 132|0x00000000c8400000, 0x00000000c8400000, 0x00000000c8500000|  0%| F|  |TAMS 0x00000000c8400000, 0x00000000c8400000| Untracked 
| 133|0x00000000c8500000, 0x00000000c8500000, 0x00000000c8600000|  0%| F|  |TAMS 0x00000000c8500000, 0x00000000c8500000| Untracked 
| 134|0x00000000c8600000, 0x00000000c8600000, 0x00000000c8700000|  0%| F|  |TAMS 0x00000000c8600000, 0x00000000c8600000| Untracked 
| 135|0x00000000c8700000, 0x00000000c8700000, 0x00000000c8800000|  0%| F|  |TAMS 0x00000000c8700000, 0x00000000c8700000| Untracked 
| 136|0x00000000c8800000, 0x00000000c8800000, 0x00000000c8900000|  0%| F|  |TAMS 0x00000000c8800000, 0x00000000c8800000| Untracked 
| 137|0x00000000c8900000, 0x00000000c8900000, 0x00000000c8a00000|  0%| F|  |TAMS 0x00000000c8900000, 0x00000000c8900000| Untracked 
| 138|0x00000000c8a00000, 0x00000000c8a00000, 0x00000000c8b00000|  0%| F|  |TAMS 0x00000000c8a00000, 0x00000000c8a00000| Untracked 
| 139|0x00000000c8b00000, 0x00000000c8b00000, 0x00000000c8c00000|  0%| F|  |TAMS 0x00000000c8b00000, 0x00000000c8b00000| Untracked 
| 140|0x00000000c8c00000, 0x00000000c8c00000, 0x00000000c8d00000|  0%| F|  |TAMS 0x00000000c8c00000, 0x00000000c8c00000| Untracked 
| 141|0x00000000c8d00000, 0x00000000c8d00000, 0x00000000c8e00000|  0%| F|  |TAMS 0x00000000c8d00000, 0x00000000c8d00000| Untracked 
| 142|0x00000000c8e00000, 0x00000000c8e00000, 0x00000000c8f00000|  0%| F|  |TAMS 0x00000000c8e00000, 0x00000000c8e00000| Untracked 
| 143|0x00000000c8f00000, 0x00000000c8f00000, 0x00000000c9000000|  0%| F|  |TAMS 0x00000000c8f00000, 0x00000000c8f00000| Untracked 
| 144|0x00000000c9000000, 0x00000000c9000000, 0x00000000c9100000|  0%| F|  |TAMS 0x00000000c9000000, 0x00000000c9000000| Untracked 
| 145|0x00000000c9100000, 0x00000000c9100000, 0x00000000c9200000|  0%| F|  |TAMS 0x00000000c9100000, 0x00000000c9100000| Untracked 
| 146|0x00000000c9200000, 0x00000000c9200000, 0x00000000c9300000|  0%| F|  |TAMS 0x00000000c9200000, 0x00000000c9200000| Untracked 
| 147|0x00000000c9300000, 0x00000000c9300000, 0x00000000c9400000|  0%| F|  |TAMS 0x00000000c9300000, 0x00000000c9300000| Untracked 
| 148|0x00000000c9400000, 0x00000000c9400000, 0x00000000c9500000|  0%| F|  |TAMS 0x00000000c9400000, 0x00000000c9400000| Untracked 
| 149|0x00000000c9500000, 0x00000000c9500000, 0x00000000c9600000|  0%| F|  |TAMS 0x00000000c9500000, 0x00000000c9500000| Untracked 
| 150|0x00000000c9600000, 0x00000000c9600000, 0x00000000c9700000|  0%| F|  |TAMS 0x00000000c9600000, 0x00000000c9600000| Untracked 
| 151|0x00000000c9700000, 0x00000000c9700000, 0x00000000c9800000|  0%| F|  |TAMS 0x00000000c9700000, 0x00000000c9700000| Untracked 
| 152|0x00000000c9800000, 0x00000000c9800000, 0x00000000c9900000|  0%| F|  |TAMS 0x00000000c9800000, 0x00000000c9800000| Untracked 
| 153|0x00000000c9900000, 0x00000000c9900000, 0x00000000c9a00000|  0%| F|  |TAMS 0x00000000c9900000, 0x00000000c9900000| Untracked 
| 154|0x00000000c9a00000, 0x00000000c9a00000, 0x00000000c9b00000|  0%| F|  |TAMS 0x00000000c9a00000, 0x00000000c9a00000| Untracked 
| 155|0x00000000c9b00000, 0x00000000c9b00000, 0x00000000c9c00000|  0%| F|  |TAMS 0x00000000c9b00000, 0x00000000c9b00000| Untracked 
| 156|0x00000000c9c00000, 0x00000000c9c00000, 0x00000000c9d00000|  0%| F|  |TAMS 0x00000000c9c00000, 0x00000000c9c00000| Untracked 
| 157|0x00000000c9d00000, 0x00000000c9d00000, 0x00000000c9e00000|  0%| F|  |TAMS 0x00000000c9d00000, 0x00000000c9d00000| Untracked 
| 158|0x00000000c9e00000, 0x00000000c9e00000, 0x00000000c9f00000|  0%| F|  |TAMS 0x00000000c9e00000, 0x00000000c9e00000| Untracked 
| 159|0x00000000c9f00000, 0x00000000c9f00000, 0x00000000ca000000|  0%| F|  |TAMS 0x00000000c9f00000, 0x00000000c9f00000| Untracked 
| 160|0x00000000ca000000, 0x00000000ca000000, 0x00000000ca100000|  0%| F|  |TAMS 0x00000000ca000000, 0x00000000ca000000| Untracked 
| 161|0x00000000ca100000, 0x00000000ca100000, 0x00000000ca200000|  0%| F|  |TAMS 0x00000000ca100000, 0x00000000ca100000| Untracked 
| 162|0x00000000ca200000, 0x00000000ca200000, 0x00000000ca300000|  0%| F|  |TAMS 0x00000000ca200000, 0x00000000ca200000| Untracked 
| 163|0x00000000ca300000, 0x00000000ca300000, 0x00000000ca400000|  0%| F|  |TAMS 0x00000000ca300000, 0x00000000ca300000| Untracked 
| 164|0x00000000ca400000, 0x00000000ca400000, 0x00000000ca500000|  0%| F|  |TAMS 0x00000000ca400000, 0x00000000ca400000| Untracked 
| 165|0x00000000ca500000, 0x00000000ca500000, 0x00000000ca600000|  0%| F|  |TAMS 0x00000000ca500000, 0x00000000ca500000| Untracked 
| 166|0x00000000ca600000, 0x00000000ca600000, 0x00000000ca700000|  0%| F|  |TAMS 0x00000000ca600000, 0x00000000ca600000| Untracked 
| 167|0x00000000ca700000, 0x00000000ca700000, 0x00000000ca800000|  0%| F|  |TAMS 0x00000000ca700000, 0x00000000ca700000| Untracked 
| 168|0x00000000ca800000, 0x00000000ca800000, 0x00000000ca900000|  0%| F|  |TAMS 0x00000000ca800000, 0x00000000ca800000| Untracked 
| 169|0x00000000ca900000, 0x00000000ca900000, 0x00000000caa00000|  0%| F|  |TAMS 0x00000000ca900000, 0x00000000ca900000| Untracked 
| 170|0x00000000caa00000, 0x00000000caa00000, 0x00000000cab00000|  0%| F|  |TAMS 0x00000000caa00000, 0x00000000caa00000| Untracked 
| 171|0x00000000cab00000, 0x00000000cab00000, 0x00000000cac00000|  0%| F|  |TAMS 0x00000000cab00000, 0x00000000cab00000| Untracked 
| 172|0x00000000cac00000, 0x00000000cac00000, 0x00000000cad00000|  0%| F|  |TAMS 0x00000000cac00000, 0x00000000cac00000| Untracked 
| 173|0x00000000cad00000, 0x00000000cad00000, 0x00000000cae00000|  0%| F|  |TAMS 0x00000000cad00000, 0x00000000cad00000| Untracked 
| 174|0x00000000cae00000, 0x00000000cae00000, 0x00000000caf00000|  0%| F|  |TAMS 0x00000000cae00000, 0x00000000cae00000| Untracked 
| 175|0x00000000caf00000, 0x00000000caf00000, 0x00000000cb000000|  0%| F|  |TAMS 0x00000000caf00000, 0x00000000caf00000| Untracked 
| 176|0x00000000cb000000, 0x00000000cb000000, 0x00000000cb100000|  0%| F|  |TAMS 0x00000000cb000000, 0x00000000cb000000| Untracked 
| 177|0x00000000cb100000, 0x00000000cb200000, 0x00000000cb200000|100%| S|CS|TAMS 0x00000000cb100000, 0x00000000cb100000| Complete 
| 178|0x00000000cb200000, 0x00000000cb300000, 0x00000000cb300000|100%| S|CS|TAMS 0x00000000cb200000, 0x00000000cb200000| Complete 
| 179|0x00000000cb300000, 0x00000000cb300000, 0x00000000cb400000|  0%| F|  |TAMS 0x00000000cb300000, 0x00000000cb300000| Untracked 
| 180|0x00000000cb400000, 0x00000000cb400000, 0x00000000cb500000|  0%| F|  |TAMS 0x00000000cb400000, 0x00000000cb400000| Untracked 
| 181|0x00000000cb500000, 0x00000000cb500000, 0x00000000cb600000|  0%| F|  |TAMS 0x00000000cb500000, 0x00000000cb500000| Untracked 
| 182|0x00000000cb600000, 0x00000000cb600000, 0x00000000cb700000|  0%| F|  |TAMS 0x00000000cb600000, 0x00000000cb600000| Untracked 
| 183|0x00000000cb700000, 0x00000000cb700000, 0x00000000cb800000|  0%| F|  |TAMS 0x00000000cb700000, 0x00000000cb700000| Untracked 
| 184|0x00000000cb800000, 0x00000000cb800000, 0x00000000cb900000|  0%| F|  |TAMS 0x00000000cb800000, 0x00000000cb800000| Untracked 
| 185|0x00000000cb900000, 0x00000000cb969948, 0x00000000cba00000| 41%| E|  |TAMS 0x00000000cb900000, 0x00000000cb900000| Complete 
| 186|0x00000000cba00000, 0x00000000cbb00000, 0x00000000cbb00000|100%| E|CS|TAMS 0x00000000cba00000, 0x00000000cba00000| Complete 
| 187|0x00000000cbb00000, 0x00000000cbc00000, 0x00000000cbc00000|100%| E|CS|TAMS 0x00000000cbb00000, 0x00000000cbb00000| Complete 
| 188|0x00000000cbc00000, 0x00000000cbd00000, 0x00000000cbd00000|100%| E|CS|TAMS 0x00000000cbc00000, 0x00000000cbc00000| Complete 
| 189|0x00000000cbd00000, 0x00000000cbe00000, 0x00000000cbe00000|100%| E|CS|TAMS 0x00000000cbd00000, 0x00000000cbd00000| Complete 
| 190|0x00000000cbe00000, 0x00000000cbf00000, 0x00000000cbf00000|100%| E|CS|TAMS 0x00000000cbe00000, 0x00000000cbe00000| Complete 
| 191|0x00000000cbf00000, 0x00000000cc000000, 0x00000000cc000000|100%| E|CS|TAMS 0x00000000cbf00000, 0x00000000cbf00000| Complete 

Card table byte_map: [0x000002496fc00000,0x000002496fe00000] _byte_map_base: 0x000002496f600000

Marking Bits (Prev, Next): (CMBitMap*) 0x0000024958730958, (CMBitMap*) 0x0000024958730998
 Prev Bits: [0x0000024970000000, 0x0000024971000000)
 Next Bits: [0x0000024971000000, 0x0000024972000000)

Polling page: 0x00000249566c0000

Metaspace:

Usage:
  Non-class:     57.67 MB capacity,    56.41 MB ( 98%) used,     1.09 MB (  2%) free+waste,   175.13 KB ( <1%) overhead. 
      Class:      9.36 MB capacity,     8.74 MB ( 93%) used,   554.64 KB (  6%) free+waste,    80.88 KB ( <1%) overhead. 
       Both:     67.03 MB capacity,    65.15 MB ( 97%) used,     1.63 MB (  2%) free+waste,   256.00 KB ( <1%) overhead. 

Virtual space:
  Non-class space:       58.00 MB reserved,      57.67 MB (>99%) committed 
      Class space:        1.00 GB reserved,       9.38 MB ( <1%) committed 
             Both:        1.06 GB reserved,      67.05 MB (  6%) committed 

Chunk freelists:
   Non-Class:  7.00 KB
       Class:  11.00 KB
        Both:  18.00 KB

MaxMetaspaceSize: 17179869184.00 GB
CompressedClassSpaceSize: 1.00 GB

CodeHeap 'non-profiled nmethods': size=120064Kb used=4637Kb max_used=4637Kb free=115426Kb
 bounds [0x00000249686c0000, 0x0000024968b50000, 0x000002496fc00000]
CodeHeap 'profiled nmethods': size=120000Kb used=19293Kb max_used=19293Kb free=100706Kb
 bounds [0x0000024961190000, 0x0000024962470000, 0x00000249686c0000]
CodeHeap 'non-nmethods': size=5696Kb used=2384Kb max_used=2419Kb free=3311Kb
 bounds [0x0000024960c00000, 0x0000024960e70000, 0x0000024961190000]
 total_blobs=12888 nmethods=8500 adapters=780
 compilation: enabled
              stopped_count=0, restarted_count=0
 full_count=0

Compilation events (20 events):
Event: 64.694 Thread 0x000002497438d800 nmethod 9358 0x0000024968b44010 code [0x0000024968b441a0, 0x0000024968b44238]
Event: 64.695 Thread 0x000002497438d800 9359       4       com.android.tools.r8.s.a.b.l.d$c::c (60 bytes)
Event: 64.699 Thread 0x000002497438d800 nmethod 9359 0x0000024968b44310 code [0x0000024968b444a0, 0x0000024968b446f8]
Event: 64.699 Thread 0x000002497438d800 9360       4       com.android.tools.r8.dex.d::a (42 bytes)
Event: 64.732 Thread 0x00000249743f9800 9365       1       java.lang.management.DefaultPlatformMBeanProvider$7::mbeanInterfaceNames (5 bytes)
Event: 64.732 Thread 0x00000249743f9800 nmethod 9365 0x0000024968b44810 code [0x0000024968b449a0, 0x0000024968b44ad8]
Event: 64.732 Thread 0x00000249743f9800 9366       1       com.sun.management.internal.PlatformMBeanProviderImpl$3::mbeanInterfaceNames (5 bytes)
Event: 64.732 Thread 0x00000249743f9800 nmethod 9366 0x0000024968b44b90 code [0x0000024968b44d20, 0x0000024968b44e58]
Event: 64.732 Thread 0x00000249743f9800 9367       1       java.lang.management.DefaultPlatformMBeanProvider$5::mbeanInterfaceNames (5 bytes)
Event: 64.733 Thread 0x00000249743f9800 nmethod 9367 0x0000024968b44f10 code [0x0000024968b450a0, 0x0000024968b451d8]
Event: 64.733 Thread 0x00000249743f9800 9368       1       java.lang.management.DefaultPlatformMBeanProvider$6::mbeanInterfaceNames (5 bytes)
Event: 64.733 Thread 0x00000249743f9800 nmethod 9368 0x0000024968b45290 code [0x0000024968b45420, 0x0000024968b45558]
Event: 64.751 Thread 0x000002497438d800 nmethod 9360 0x0000024968b45610 code [0x0000024968b45840, 0x0000024968b46a78]
Event: 64.751 Thread 0x000002497438d800 9363 %     4       com.android.tools.r8.dex.n::m @ 363 (2047 bytes)
Event: 64.801 Thread 0x00000249743f9800 9372       2       sun.reflect.generics.parser.SignatureParser::parseSuperInterfaces (51 bytes)
Event: 64.802 Thread 0x00000249743f9800 nmethod 9372 0x0000024962465790 code [0x0000024962465980, 0x0000024962465ef0]
Event: 64.802 Thread 0x00000249743f9800 9373       2       sun.reflect.generics.tree.ClassSignature::make (11 bytes)
Event: 64.802 Thread 0x00000249743f9800 nmethod 9373 0x0000024962466190 code [0x0000024962466340, 0x00000249624665f8]
Event: 64.803 Thread 0x00000249743f9800 9374   !   2       java.util.concurrent.ConcurrentHashMap::putVal (432 bytes)
Event: 64.806 Thread 0x00000249743f9800 nmethod 9374 0x0000024962466690 code [0x0000024962466920, 0x0000024962467b60]

GC Heap History (20 events):
Event: 54.508 GC heap before
{Heap before GC invocations=52 (full 0):
 garbage-first heap   total 135168K, used 108122K [0x00000000c0000000, 0x0000000100000000)
  region size 1024K, 33 young (33792K), 4 survivors (4096K)
 Metaspace       used 63860K, capacity 65762K, committed 65968K, reserved 1105920K
  class space    used 8549K, capacity 9190K, committed 9216K, reserved 1048576K
}
Event: 54.529 GC heap after
{Heap after GC invocations=53 (full 0):
 garbage-first heap   total 135168K, used 80891K [0x00000000c0000000, 0x0000000100000000)
  region size 1024K, 4 young (4096K), 4 survivors (4096K)
 Metaspace       used 63860K, capacity 65762K, committed 65968K, reserved 1105920K
  class space    used 8549K, capacity 9190K, committed 9216K, reserved 1048576K
}
Event: 56.427 GC heap before
{Heap before GC invocations=53 (full 0):
 garbage-first heap   total 135168K, used 109563K [0x00000000c0000000, 0x0000000100000000)
  region size 1024K, 33 young (33792K), 4 survivors (4096K)
 Metaspace       used 64471K, capacity 66274K, committed 66352K, reserved 1105920K
  class space    used 8639K, capacity 9268K, committed 9344K, reserved 1048576K
}
Event: 56.452 GC heap after
{Heap after GC invocations=54 (full 0):
 garbage-first heap   total 135168K, used 82331K [0x00000000c0000000, 0x0000000100000000)
  region size 1024K, 3 young (3072K), 3 survivors (3072K)
 Metaspace       used 64471K, capacity 66274K, committed 66352K, reserved 1105920K
  class space    used 8639K, capacity 9268K, committed 9344K, reserved 1048576K
}
Event: 60.655 GC heap before
{Heap before GC invocations=55 (full 0):
 garbage-first heap   total 143360K, used 93595K [0x00000000c0000000, 0x0000000100000000)
  region size 1024K, 16 young (16384K), 3 survivors (3072K)
 Metaspace       used 64950K, capacity 66874K, committed 67120K, reserved 1107968K
  class space    used 8717K, capacity 9340K, committed 9344K, reserved 1048576K
}
Event: 60.686 GC heap after
{Heap after GC invocations=56 (full 0):
 garbage-first heap   total 143360K, used 82952K [0x00000000c0000000, 0x0000000100000000)
  region size 1024K, 4 young (4096K), 4 survivors (4096K)
 Metaspace       used 64950K, capacity 66874K, committed 67120K, reserved 1107968K
  class space    used 8717K, capacity 9340K, committed 9344K, reserved 1048576K
}
Event: 60.972 GC heap before
{Heap before GC invocations=57 (full 0):
 garbage-first heap   total 157696K, used 92168K [0x00000000c0000000, 0x0000000100000000)
  region size 1024K, 5 young (5120K), 4 survivors (4096K)
 Metaspace       used 64989K, capacity 66877K, committed 67120K, reserved 1107968K
  class space    used 8722K, capacity 9341K, committed 9344K, reserved 1048576K
}
Event: 60.990 GC heap after
{Heap after GC invocations=58 (full 0):
 garbage-first heap   total 157696K, used 92915K [0x00000000c0000000, 0x0000000100000000)
  region size 1024K, 3 young (3072K), 3 survivors (3072K)
 Metaspace       used 64989K, capacity 66877K, committed 67120K, reserved 1107968K
  class space    used 8722K, capacity 9341K, committed 9344K, reserved 1048576K
}
Event: 62.046 GC heap before
{Heap before GC invocations=59 (full 0):
 garbage-first heap   total 160768K, used 101107K [0x00000000c0000000, 0x0000000100000000)
  region size 1024K, 11 young (11264K), 3 survivors (3072K)
 Metaspace       used 66396K, capacity 68342K, committed 68400K, reserved 1107968K
  class space    used 8917K, capacity 9555K, committed 9600K, reserved 1048576K
}
Event: 62.067 GC heap after
{Heap after GC invocations=60 (full 0):
 garbage-first heap   total 160768K, used 93783K [0x00000000c0000000, 0x0000000100000000)
  region size 1024K, 3 young (3072K), 3 survivors (3072K)
 Metaspace       used 66396K, capacity 68342K, committed 68400K, reserved 1107968K
  class space    used 8917K, capacity 9555K, committed 9600K, reserved 1048576K
}
Event: 62.909 GC heap before
{Heap before GC invocations=61 (full 0):
 garbage-first heap   total 193536K, used 127575K [0x00000000c0000000, 0x0000000100000000)
  region size 1024K, 20 young (20480K), 3 survivors (3072K)
 Metaspace       used 66663K, capacity 68573K, committed 68656K, reserved 1107968K
  class space    used 8952K, capacity 9589K, committed 9600K, reserved 1048576K
}
Event: 62.967 GC heap after
{Heap after GC invocations=62 (full 0):
 garbage-first heap   total 193536K, used 110051K [0x00000000c0000000, 0x0000000100000000)
  region size 1024K, 5 young (5120K), 5 survivors (5120K)
 Metaspace       used 66663K, capacity 68573K, committed 68656K, reserved 1107968K
  class space    used 8952K, capacity 9589K, committed 9600K, reserved 1048576K
}
Event: 63.427 GC heap before
{Heap before GC invocations=63 (full 0):
 garbage-first heap   total 193536K, used 113123K [0x00000000c0000000, 0x0000000100000000)
  region size 1024K, 9 young (9216K), 5 survivors (5120K)
 Metaspace       used 66663K, capacity 68573K, committed 68656K, reserved 1107968K
  class space    used 8952K, capacity 9589K, committed 9600K, reserved 1048576K
}
Event: 63.502 GC heap after
{Heap after GC invocations=64 (full 0):
 garbage-first heap   total 193536K, used 113479K [0x00000000c0000000, 0x0000000100000000)
  region size 1024K, 2 young (2048K), 2 survivors (2048K)
 Metaspace       used 66663K, capacity 68573K, committed 68656K, reserved 1107968K
  class space    used 8952K, capacity 9589K, committed 9600K, reserved 1048576K
}
Event: 64.249 GC heap before
{Heap before GC invocations=65 (full 0):
 garbage-first heap   total 193536K, used 114503K [0x00000000c0000000, 0x0000000100000000)
  region size 1024K, 3 young (3072K), 2 survivors (2048K)
 Metaspace       used 66663K, capacity 68573K, committed 68656K, reserved 1107968K
  class space    used 8952K, capacity 9589K, committed 9600K, reserved 1048576K
}
Event: 64.265 GC heap after
{Heap after GC invocations=66 (full 0):
 garbage-first heap   total 193536K, used 114065K [0x00000000c0000000, 0x0000000100000000)
  region size 1024K, 1 young (1024K), 1 survivors (1024K)
 Metaspace       used 66663K, capacity 68573K, committed 68656K, reserved 1107968K
  class space    used 8952K, capacity 9589K, committed 9600K, reserved 1048576K
}
Event: 64.816 GC heap before
{Heap before GC invocations=67 (full 0):
 garbage-first heap   total 196608K, used 124305K [0x00000000c0000000, 0x0000000100000000)
  region size 1024K, 10 young (10240K), 1 survivors (1024K)
 Metaspace       used 66713K, capacity 68638K, committed 68656K, reserved 1107968K
  class space    used 8953K, capacity 9589K, committed 9600K, reserved 1048576K
}
Event: 64.838 GC heap after
{Heap after GC invocations=68 (full 0):
 garbage-first heap   total 196608K, used 117510K [0x00000000c0000000, 0x0000000100000000)
  region size 1024K, 2 young (2048K), 2 survivors (2048K)
 Metaspace       used 66713K, capacity 68638K, committed 68656K, reserved 1107968K
  class space    used 8953K, capacity 9589K, committed 9600K, reserved 1048576K
}
Event: 64.986 GC heap before
{Heap before GC invocations=68 (full 0):
 garbage-first heap   total 196608K, used 127750K [0x00000000c0000000, 0x0000000100000000)
  region size 1024K, 13 young (13312K), 2 survivors (2048K)
 Metaspace       used 66713K, capacity 68638K, committed 68656K, reserved 1107968K
  class space    used 8953K, capacity 9589K, committed 9600K, reserved 1048576K
}
Event: 65.034 GC heap after
{Heap after GC invocations=69 (full 0):
 garbage-first heap   total 196608K, used 123064K [0x00000000c0000000, 0x0000000100000000)
  region size 1024K, 2 young (2048K), 2 survivors (2048K)
 Metaspace       used 66713K, capacity 68638K, committed 68656K, reserved 1107968K
  class space    used 8953K, capacity 9589K, committed 9600K, reserved 1048576K
}

Deoptimization events (20 events):
Event: 63.225 Thread 0x0000024977333000 DEOPT PACKING pc=0x0000024962424a7f sp=0x0000009c494fd3a0
Event: 63.225 Thread 0x0000024977333000 DEOPT UNPACKING pc=0x0000024960c4994e sp=0x0000009c494fca40 mode 0
Event: 63.398 Thread 0x0000024977333000 Uncommon trap: trap_request=0xffffff45 fr.pc=0x0000024968b261ac relative=0x0000000000004f0c
Event: 63.398 Thread 0x0000024977333000 Uncommon trap: reason=unstable_if action=reinterpret pc=0x0000024968b261ac method=com.android.tools.r8.utils.m0.b(Lcom/android/tools/r8/dex/c;)I @ 26 c2
Event: 63.398 Thread 0x0000024977333000 DEOPT PACKING pc=0x0000024968b261ac sp=0x0000009c494fd550
Event: 63.398 Thread 0x0000024977333000 DEOPT UNPACKING pc=0x0000024960c4942f sp=0x0000009c494fd4d8 mode 2
Event: 63.406 Thread 0x0000024977333000 DEOPT PACKING pc=0x00000249624458be sp=0x0000009c494fd3d0
Event: 63.406 Thread 0x0000024977333000 DEOPT UNPACKING pc=0x0000024960c4994e sp=0x0000009c494fca48 mode 0
Event: 64.652 Thread 0x0000024977333000 Uncommon trap: trap_request=0xffffff45 fr.pc=0x0000024968b41230 relative=0x0000000000000090
Event: 64.652 Thread 0x0000024977333000 Uncommon trap: reason=unstable_if action=reinterpret pc=0x0000024968b41230 method=com.android.tools.r8.s.a.b.m.a.g()Z @ 16 c2
Event: 64.652 Thread 0x0000024977333000 DEOPT PACKING pc=0x0000024968b41230 sp=0x0000009c494fd0f0
Event: 64.652 Thread 0x0000024977333000 DEOPT UNPACKING pc=0x0000024960c4942f sp=0x0000009c494fd080 mode 2
Event: 64.712 Thread 0x0000024977333000 Uncommon trap: trap_request=0xffffff45 fr.pc=0x0000024968b44210 relative=0x0000000000000070
Event: 64.712 Thread 0x0000024977333000 Uncommon trap: reason=unstable_if action=reinterpret pc=0x0000024968b44210 method=com.android.tools.r8.s.a.b.l.d$c.hasNext()Z @ 11 c2
Event: 64.712 Thread 0x0000024977333000 DEOPT PACKING pc=0x0000024968b44210 sp=0x0000009c494fd230
Event: 64.712 Thread 0x0000024977333000 DEOPT UNPACKING pc=0x0000024960c4942f sp=0x0000009c494fd1c0 mode 2
Event: 64.777 Thread 0x0000024977333000 Uncommon trap: trap_request=0xffffff45 fr.pc=0x0000024968b2db48 relative=0x0000000000001328
Event: 64.777 Thread 0x0000024977333000 Uncommon trap: reason=unstable_if action=reinterpret pc=0x0000024968b2db48 method=java.util.concurrent.ConcurrentHashMap.putVal(Ljava/lang/Object;Ljava/lang/Object;Z)Ljava/lang/Object; @ 401 c2
Event: 64.777 Thread 0x0000024977333000 DEOPT PACKING pc=0x0000024968b2db48 sp=0x0000009c494fd260
Event: 64.777 Thread 0x0000024977333000 DEOPT UNPACKING pc=0x0000024960c4942f sp=0x0000009c494fd200 mode 2

Classes unloaded (5 events):
Event: 22.274 Thread 0x00000249587cc000 Unloading class 0x000000080100f440 'org/gradle/api/internal/artifacts/ivyservice/ivyresolve/ErrorHandlingModuleComponentRepository$ErrorHandlingModuleComponentRepositoryAccess$$Lambda$223'
Event: 22.274 Thread 0x00000249587cc000 Unloading class 0x000000080100f040 'org/gradle/api/internal/artifacts/ivyservice/ivyresolve/ErrorHandlingModuleComponentRepository$ErrorHandlingModuleComponentRepositoryAccess$$Lambda$221'
Event: 48.282 Thread 0x00000249587cc000 Unloading class 0x00000008013ef040 'org/gradle/api/internal/artifacts/transform/DefaultTransformerInvocationFactory$2$$Lambda$550'
Event: 48.282 Thread 0x00000249587cc000 Unloading class 0x00000008013d1840 'org/gradle/api/internal/artifacts/transform/DefaultTransformerInvocationFactory$$Lambda$522'
Event: 48.282 Thread 0x00000249587cc000 Unloading class 0x00000008013d0040 'java/lang/invoke/LambdaForm$DMH'

Classes redefined (0 events):
No events

Internal exceptions (20 events):
Event: 51.808 Thread 0x0000024976a15800 Exception <a 'java/lang/NoSuchMethodError'{0x00000000c67280c0}: static Lcom/android/build/gradle/internal/scope/SingleArtifactType;.<clinit>()V> (0x00000000c67280c0) 
thrown [t:/workspace/open/src/hotspot/share/prims/jni.cpp, line 1347]
Event: 51.809 Thread 0x0000024976a15800 Exception <a 'java/lang/NoSuchMethodError'{0x00000000c672b5a0}: static Lcom/android/build/gradle/internal/scope/SingleArtifactType;.<clinit>()V> (0x00000000c672b5a0) 
thrown [t:/workspace/open/src/hotspot/share/prims/jni.cpp, line 1347]
Event: 51.812 Thread 0x0000024976a15800 Exception <a 'java/lang/NoSuchMethodError'{0x00000000c674afb0}: static Lcom/android/build/api/artifact/ArtifactKind;.<clinit>()V> (0x00000000c674afb0) 
thrown [t:/workspace/open/src/hotspot/share/prims/jni.cpp, line 1347]
Event: 51.812 Thread 0x0000024976a15800 Exception <a 'java/lang/NoSuchMethodError'{0x00000000c674ca38}: static Lcom/android/build/api/artifact/ArtifactKind;.<clinit>()V> (0x00000000c674ca38) 
thrown [t:/workspace/open/src/hotspot/share/prims/jni.cpp, line 1347]
Event: 52.594 Thread 0x000002497732d800 Exception <a 'sun/nio/fs/WindowsException'{0x00000000c81fb6b0}> (0x00000000c81fb6b0) 
thrown [t:/workspace/open/src/hotspot/share/prims/jni.cpp, line 598]
Event: 52.611 Thread 0x000002497732d800 Exception <a 'sun/nio/fs/WindowsException'{0x00000000c81fc030}> (0x00000000c81fc030) 
thrown [t:/workspace/open/src/hotspot/share/prims/jni.cpp, line 598]
Event: 52.611 Thread 0x000002497732d800 Exception <a 'sun/nio/fs/WindowsException'{0x00000000c81fcc90}> (0x00000000c81fcc90) 
thrown [t:/workspace/open/src/hotspot/share/prims/jni.cpp, line 598]
Event: 52.614 Thread 0x000002497732d800 Exception <a 'sun/nio/fs/WindowsException'{0x00000000c83382a0}> (0x00000000c83382a0) 
thrown [t:/workspace/open/src/hotspot/share/prims/jni.cpp, line 598]
Event: 52.614 Thread 0x000002497732d800 Exception <a 'sun/nio/fs/WindowsException'{0x00000000c8338be0}> (0x00000000c8338be0) 
thrown [t:/workspace/open/src/hotspot/share/prims/jni.cpp, line 598]
Event: 52.615 Thread 0x000002497732d800 Exception <a 'sun/nio/fs/WindowsException'{0x00000000c83395a0}> (0x00000000c83395a0) 
thrown [t:/workspace/open/src/hotspot/share/prims/jni.cpp, line 598]
Event: 52.615 Thread 0x000002497732d800 Exception <a 'sun/nio/fs/WindowsException'{0x00000000c833b2c0}> (0x00000000c833b2c0) 
thrown [t:/workspace/open/src/hotspot/share/prims/jni.cpp, line 598]
Event: 52.615 Thread 0x000002497732d800 Exception <a 'sun/nio/fs/WindowsException'{0x00000000c833bc10}> (0x00000000c833bc10) 
thrown [t:/workspace/open/src/hotspot/share/prims/jni.cpp, line 598]
Event: 52.615 Thread 0x000002497732d800 Exception <a 'sun/nio/fs/WindowsException'{0x00000000c833c5e0}> (0x00000000c833c5e0) 
thrown [t:/workspace/open/src/hotspot/share/prims/jni.cpp, line 598]
Event: 52.734 Thread 0x0000024976a15800 Implicit null exception at 0x000002496882cec4 to 0x000002496882d646
Event: 54.416 Thread 0x000002497732d800 Implicit null exception at 0x0000024968abf642 to 0x0000024968abfa6e
Event: 56.249 Thread 0x000002497732d800 Exception <a 'java/lang/NoSuchMethodError'{0x00000000c6a34fd0}: static Lcom/android/build/gradle/internal/tasks/Workers$ActionParameters;.<clinit>()V> (0x00000000c6a34fd0) 
thrown [t:/workspace/open/src/hotspot/share/prims/jni.cpp, line 1347]
Event: 56.258 Thread 0x000002497732d800 Exception <a 'java/lang/NoSuchMethodError'{0x00000000c6a47108}: static Lcom/android/build/gradle/internal/tasks/DexMergingParams;.<clinit>()V> (0x00000000c6a47108) 
thrown [t:/workspace/open/src/hotspot/share/prims/jni.cpp, line 1347]
Event: 61.027 Thread 0x0000024977333000 Exception <a 'sun/nio/fs/WindowsException'{0x00000000c968db78}> (0x00000000c968db78) 
thrown [t:/workspace/open/src/hotspot/share/prims/jni.cpp, line 598]
Event: 61.953 Thread 0x0000024977333000 Exception <a 'java/lang/NoSuchMethodError'{0x00000000c9a972f0}: 'java.lang.Object java.lang.invoke.DirectMethodHandle$Holder.invokeStatic(java.lang.Object, java.lang.Object, java.lang.Object, java.lang.Object, java.lang.Object, java.lang.Object, java.lang.Object, java.lang.Object, java.lang.Object, java.lang.Object, java.lang.Object, java.lang.Object, java.lang.Object, java.lang.Object, java.lang.Object, java.lang.Object, java.lang.Object, int, java.lang.Object)'> (0x00000000c9a972f0) 
thrown [t:/workspace
Event: 61.956 Thread 0x0000024977333000 Exception <a 'java/lang/NoSuchMethodError'{0x00000000c9a9bd08}: 'java.lang.Object java.lang.invoke.DirectMethodHandle$Holder.invokeStaticInit(java.lang.Object, java.lang.Object, java.lang.Object, java.lang.Object, java.lang.Object, java.lang.Object, java.lang.Object, java.lang.Object, java.lang.Object, java.lang.Object, java.lang.Object, java.lang.Object, java.lang.Object, java.lang.Object, java.lang.Object, java.lang.Object, java.lang.Object, int, java.lang.Object)'> (0x00000000c9a9bd08) 
thrown [t:/works

Events (20 events):
Event: 63.426 Executing VM operation: G1CollectForAllocation
Event: 63.502 Executing VM operation: G1CollectForAllocation done
Event: 64.063 Executing VM operation: G1Concurrent
Event: 64.078 Executing VM operation: G1Concurrent done
Event: 64.238 Executing VM operation: G1Concurrent
Event: 64.238 Executing VM operation: G1Concurrent done
Event: 64.248 Executing VM operation: G1CollectForAllocation
Event: 64.265 Executing VM operation: G1CollectForAllocation done
Event: 64.535 Executing VM operation: G1Concurrent
Event: 64.554 Executing VM operation: G1Concurrent done
Event: 64.707 Executing VM operation: G1Concurrent
Event: 64.719 Executing VM operation: G1Concurrent done
Event: 64.777 loading class java/util/concurrent/ConcurrentHashMap$TreeNode
Event: 64.798 loading class java/util/concurrent/ConcurrentHashMap$TreeNode done
Event: 64.798 loading class java/util/concurrent/ConcurrentHashMap$TreeBin
Event: 64.800 loading class java/util/concurrent/ConcurrentHashMap$TreeBin done
Event: 64.816 Executing VM operation: G1CollectForAllocation
Event: 64.838 Executing VM operation: G1CollectForAllocation done
Event: 64.982 Executing VM operation: G1CollectForAllocation
Event: 65.055 Executing VM operation: G1CollectForAllocation done


Dynamic libraries:
0x00007ff75f3e0000 - 0x00007ff75f3ef000 	C:\Program Files\Java\jdk-13.0.2\bin\java.exe
0x00007ff845a20000 - 0x00007ff845c0d000 	C:\Windows\SYSTEM32\ntdll.dll
0x00007ff8452c0000 - 0x00007ff845373000 	C:\Windows\System32\KERNEL32.DLL
0x00007ff841ae0000 - 0x00007ff841d75000 	C:\Windows\System32\KERNELBASE.dll
0x00007ff8420b0000 - 0x00007ff8421aa000 	C:\Windows\System32\ucrtbase.dll
0x00007ff82cde0000 - 0x00007ff82cdf8000 	C:\Program Files\Java\jdk-13.0.2\bin\jli.dll
0x00007ff842f70000 - 0x00007ff843013000 	C:\Windows\System32\ADVAPI32.dll
0x00007ff82cdc0000 - 0x00007ff82cdd5000 	C:\Program Files\Java\jdk-13.0.2\bin\VCRUNTIME140.dll
0x00007ff845740000 - 0x00007ff8457de000 	C:\Windows\System32\msvcrt.dll
0x00007ff844eb0000 - 0x00007ff844f4e000 	C:\Windows\System32\sechost.dll
0x00007ff844d70000 - 0x00007ff844e92000 	C:\Windows\System32\RPCRT4.dll
0x00007ff843620000 - 0x00007ff8437b7000 	C:\Windows\System32\USER32.dll
0x00007ff8305b0000 - 0x00007ff830829000 	C:\Windows\WinSxS\amd64_microsoft.windows.common-controls_6595b64144ccf1df_6.0.17763.1217_none_de6e4304534e0ad3\COMCTL32.dll
0x00007ff842c40000 - 0x00007ff842f6c000 	C:\Windows\System32\combase.dll
0x00007ff8421e0000 - 0x00007ff84225e000 	C:\Windows\System32\bcryptPrimitives.dll
0x00007ff8456a0000 - 0x00007ff8456c9000 	C:\Windows\System32\GDI32.dll
0x00007ff842aa0000 - 0x00007ff842c39000 	C:\Windows\System32\gdi32full.dll
0x00007ff841d80000 - 0x00007ff841e20000 	C:\Windows\System32\msvcp_win.dll
0x00007ff842330000 - 0x00007ff842350000 	C:\Windows\System32\win32u.dll
0x00007ff83d520000 - 0x00007ff83d52a000 	C:\Windows\SYSTEM32\VERSION.dll
0x00007ff845610000 - 0x00007ff84563e000 	C:\Windows\System32\IMM32.DLL
0x00007ff81f8d0000 - 0x00007ff81f96b000 	C:\Program Files\Java\jdk-13.0.2\bin\msvcp140.dll
0x00007ff8174e0000 - 0x00007ff81803d000 	C:\Program Files\Java\jdk-13.0.2\bin\server\jvm.dll
0x00007ff843610000 - 0x00007ff843618000 	C:\Windows\System32\PSAPI.DLL
0x00007ff83fa10000 - 0x00007ff83fa34000 	C:\Windows\SYSTEM32\WINMM.dll
0x00007ff83fb90000 - 0x00007ff83fb99000 	C:\Windows\SYSTEM32\WSOCK32.dll
0x00007ff844f50000 - 0x00007ff844fbd000 	C:\Windows\System32\WS2_32.dll
0x00007ff83f9e0000 - 0x00007ff83fa0d000 	C:\Windows\SYSTEM32\WINMMBASE.dll
0x00007ff841e20000 - 0x00007ff841e6a000 	C:\Windows\System32\cfgmgr32.dll
0x00007ff841a70000 - 0x00007ff841a81000 	C:\Windows\System32\kernel.appcore.dll
0x00007ff837950000 - 0x00007ff837960000 	C:\Program Files\Java\jdk-13.0.2\bin\verify.dll
0x00007ff831500000 - 0x00007ff8316ed000 	C:\Windows\SYSTEM32\DBGHELP.DLL
0x00007ff8313f0000 - 0x00007ff83141a000 	C:\Windows\SYSTEM32\dbgcore.DLL
0x00007ff82c1d0000 - 0x00007ff82c1f6000 	C:\Program Files\Java\jdk-13.0.2\bin\java.dll
0x00007ff8224a0000 - 0x00007ff8224b7000 	C:\Program Files\Java\jdk-13.0.2\bin\zip.dll
0x00007ff8369a0000 - 0x00007ff8369aa000 	C:\Program Files\Java\jdk-13.0.2\bin\jimage.dll
0x00007ff8437c0000 - 0x00007ff844cb4000 	C:\Windows\System32\SHELL32.dll
0x00007ff844cc0000 - 0x00007ff844d68000 	C:\Windows\System32\shcore.dll
0x00007ff842350000 - 0x00007ff842a9e000 	C:\Windows\System32\windows.storage.dll
0x00007ff841a90000 - 0x00007ff841ab4000 	C:\Windows\System32\profapi.dll
0x00007ff841a10000 - 0x00007ff841a6d000 	C:\Windows\System32\powrprof.dll
0x00007ff845640000 - 0x00007ff845692000 	C:\Windows\System32\shlwapi.dll
0x00007ff842310000 - 0x00007ff842327000 	C:\Windows\System32\cryptsp.dll
0x00007ff822480000 - 0x00007ff822499000 	C:\Program Files\Java\jdk-13.0.2\bin\net.dll
0x00007ff8394b0000 - 0x00007ff8395a2000 	C:\Windows\SYSTEM32\WINHTTP.dll
0x00007ff8411d0000 - 0x00007ff841237000 	C:\Windows\system32\mswsock.dll
0x00007ff822460000 - 0x00007ff822473000 	C:\Program Files\Java\jdk-13.0.2\bin\nio.dll
0x00007ff837970000 - 0x00007ff837996000 	C:\Users\ELCOT\.gradle\caches\gradle-6.5\native\31\windows-amd64\native-platform.dll
0x00007ff831320000 - 0x00007ff831329000 	C:\Program Files\Java\jdk-13.0.2\bin\management.dll
0x00007ff82ffe0000 - 0x00007ff82ffeb000 	C:\Program Files\Java\jdk-13.0.2\bin\management_ext.dll
0x00007ff840d60000 - 0x00007ff840d93000 	C:\Windows\system32\rsaenh.dll
0x00007ff8421b0000 - 0x00007ff8421d6000 	C:\Windows\System32\bcrypt.dll
0x00007ff841940000 - 0x00007ff841968000 	C:\Windows\SYSTEM32\USERENV.dll
0x00007ff841350000 - 0x00007ff84135c000 	C:\Windows\SYSTEM32\CRYPTBASE.dll
0x00007ff840f00000 - 0x00007ff840f3d000 	C:\Windows\SYSTEM32\IPHLPAPI.DLL
0x00007ff8456d0000 - 0x00007ff8456d8000 	C:\Windows\System32\NSI.dll
0x00007ff839490000 - 0x00007ff8394a6000 	C:\Windows\SYSTEM32\dhcpcsvc6.DLL
0x00007ff839470000 - 0x00007ff83948c000 	C:\Windows\SYSTEM32\dhcpcsvc.DLL
0x00007ff840f40000 - 0x00007ff841007000 	C:\Windows\SYSTEM32\DNSAPI.dll

dbghelp: loaded successfully - version: 4.0.5 - missing functions: none
symbol engine: initialized successfully - sym options: 0x614 - pdb path: .;C:\Program Files\Java\jdk-13.0.2\bin;C:\Windows\SYSTEM32;C:\Windows\WinSxS\amd64_microsoft.windows.common-controls_6595b64144ccf1df_6.0.17763.1217_none_de6e4304534e0ad3;C:\Program Files\Java\jdk-13.0.2\bin\server;C:\Users\ELCOT\.gradle\caches\gradle-6.5\native\31\windows-amd64

VM Arguments:
jvm_args: --add-opens=java.base/java.util=ALL-UNNAMED --add-opens=java.base/java.lang=ALL-UNNAMED --add-opens=java.base/java.lang.invoke=ALL-UNNAMED --add-opens=java.prefs/java.util.prefs=ALL-UNNAMED -Xmx1024m -Dfile.encoding=windows-1252 -Duser.country=IN -Duser.language=en -Duser.variant 
java_command: org.gradle.launcher.daemon.bootstrap.GradleDaemon 6.1.1
java_class_path (initial): C:\Users\ELCOT\.gradle\caches\gradle-6.5\wrapper\dists\gradle-6.1.1-all\cfmwm155h49vnt3hynmlrsdst\gradle-6.1.1\lib\gradle-launcher-6.1.1.jar
Launcher Type: SUN_STANDARD

[Global flags]
     intx CICompilerCount                          = 2                                         {product} {ergonomic}
     uint ConcGCThreads                            = 1                                         {product} {ergonomic}
     uint G1ConcRefinementThreads                  = 2                                         {product} {ergonomic}
   size_t G1HeapRegionSize                         = 1048576                                   {product} {ergonomic}
    uintx GCDrainStackTargetSize                   = 64                                        {product} {ergonomic}
   size_t InitialHeapSize                          = 65011712                                  {product} {ergonomic}
   size_t MarkStackSize                            = 4194304                                   {product} {ergonomic}
   size_t MaxHeapSize                              = 1073741824                                {product} {command line}
   size_t MaxNewSize                               = 643825664                                 {product} {ergonomic}
   size_t MinHeapDeltaBytes                        = 1048576                                   {product} {ergonomic}
   size_t MinHeapSize                              = 8388608                                   {product} {ergonomic}
    uintx NonNMethodCodeHeapSize                   = 5826188                                {pd product} {ergonomic}
    uintx NonProfiledCodeHeapSize                  = 122916026                              {pd product} {ergonomic}
    uintx ProfiledCodeHeapSize                     = 122916026                              {pd product} {ergonomic}
    uintx ReservedCodeCacheSize                    = 251658240                              {pd product} {ergonomic}
     bool SegmentedCodeCache                       = true                                      {product} {ergonomic}
   size_t SoftMaxHeapSize                          = 1073741824                             {manageable} {ergonomic}
     bool UseCompressedClassPointers               = true                                 {lp64_product} {ergonomic}
     bool UseCompressedOops                        = true                                 {lp64_product} {ergonomic}
     bool UseG1GC                                  = true                                      {product} {ergonomic}
     bool UseLargePagesIndividualAllocation        = false                                  {pd product} {ergonomic}

Logging:
Log output configuration:
 #0: stdout all=warning uptime,level,tags
 #1: stderr all=off uptime,level,tags

Environment Variables:
JAVA_HOME=C:\Program Files\Android\Android Studio\jre
PATH=C:\Program Files\AdoptOpenJDK\jdk-11.0.7.10-hotspot\bin;C:\Program Files (x86)\Common Files\Oracle\Java\javapath;C:\MinGW\bin;C:\Windows\system32;C:\Windows;C:\Windows\System32\Wbem;C:\Windows\System32\WindowsPowerShell\v1.0\;C:\Windows\System32\OpenSSH\;C:\Program Files\nodejs\;C:\Users\ELCOT\Downloads\python-3.8.2;C:\Program Files\Dart\dart-sdk\bin;C:\drivers\chromedriver_win32.zip;C:\src\flutter\flutter_windows_v1.12.13+hotfix.9-stable\flutter\bin;C:\Program Files (x86)\Android\android-sdk\platforms\platform-tools;C:\Program Files (x86)\Android\android-sdk\platform-tools\api;C:\Downloads\installer_r16-windows.exe;C:\ProgramData\Microsoft\Windows\Start Menu\Programs\Android SDK Tools;D:\kishoreAndroid\Android\Android Studio\bin;D:\kishoreAndroid\Android\Android Studio;C:\ProgramData\Microsoft\Windows\Start Menu\Programs\Visual Studio Emulator for Android.lnk;C:\Downloads\vs_emulatorsetup.exe;C:\Program Files (x86)\Android\android-sdk\SDK Manager;D:\Kishore\platforms;C:\Users\ELCOT\AppData\Local\Programs\Python\Python38\Scripts\;C:\Users\;C:\Program Files\Android\Android Studio\jre;C:\Program Files\Java\jdk-13.0.2\bin;C:\Program Files\Java\jre1.8.0_251\bin;C:\Program Files (x86)\Android\platform-tools;C:\Downloads\python-3.8.2.exe;C:\Program Files\dotnet\;C:\Program Files\Microsoft SQL Server\130\Tools\Binn\;C:\Program Files\Microsoft SQL Server\Client SDK\ODBC\170\Tools\Binn\;D:\Git\cmd;C:\Users\ELCOT\AppData\Roaming\npm;C:\Users\ELCOT\AppData\Local\Programs\Python\Python39\Scripts\;C:\Users\ELCOT\AppData\Local\Programs\Python\Python39\;C:\Users\ELCOT\AppData\Local\ValidatorBuddy;C:\Users\ELCOT\AppData\Local\Programs\Python\Python38;C:\src\flutter\bin;D:\Heroku\bin;D:\Microsoft VS Code\bin;C:\Users\ELCOT\AppData\Roaming\npm\node_modules\firebase\node_modules\protobufjs\bin;
USERNAME=ELCOT
OS=Windows_NT
PROCESSOR_IDENTIFIER=AMD64 Family 21 Model 112 Stepping 0, AuthenticAMD



---------------  S Y S T E M  ---------------

OS: Windows 10 , 64 bit Build 17763 (10.0.17763.1158)
HyperV virtualization detected

CPU:total 2 (initial active 2) (2 cores per cpu, 1 threads per core) family 21 model 112 stepping 0, cmov, cx8, fxsr, mmx, sse, sse2, sse3, ssse3, sse4.1, sse4.2, popcnt, avx, avx2, aes, clmul, mmxext, 3dnowpref, lzcnt, sse4a, tsc, tscinvbit, tscinv, bmi1, bmi2, fma

Memory: 4k page, system-wide physical 3935M (317M free)
TotalPageFile size 5322M (AvailPageFile size 5M)
current process WorkingSet (physical memory assigned to process): 379M, peak: 379M
current process commit charge ("private bytes"): 430M, peak: 431M

vm_info: Java HotSpot(TM) 64-Bit Server VM (13.0.2+8) for windows-amd64 JRE (13.0.2+8), built on Dec 11 2019 09:20:33 by "mach5one" with unknown MS VC++:1916

END.
