#
# There is insufficient memory for the Java Runtime Environment to continue.
# Native memory allocation (malloc) failed to allocate 1088832 bytes for Chunk::new
# Possible reasons:
#   The system is out of physical RAM or swap space
#   The process is running with CompressedOops enabled, and the Java Heap may be blocking the growth of the native heap
# Possible solutions:
#   Reduce memory load on the system
#   Increase physical memory or swap space
#   Check if swap backing store is full
#   Decrease Java heap size (-Xmx/-Xms)
#   Decrease number of Java threads
#   Decrease Java thread stack sizes (-Xss)
#   Set larger code cache with -XX:ReservedCodeCacheSize=
#   JVM is running with Unscaled Compressed Oops mode in which the Java heap is
#     placed in the first 4GB address space. The Java Heap base address is the
#     maximum limit for the native heap growth. Please use -XX:HeapBaseMinAddress
#     to set the Java Heap base and to place the Java Heap above 4GB virtual address.
# This output file may be truncated or incomplete.
#
#  Out of Memory Error (t:/workspace/open/src/hotspot/share/memory/arena.cpp:196), pid=9188, tid=3836
#
# JRE version: Java(TM) SE Runtime Environment (13.0.2+8) (build 13.0.2+8)
# Java VM: Java HotSpot(TM) 64-Bit Server VM (13.0.2+8, mixed mode, sharing, tiered, compressed oops, g1 gc, windows-amd64)
# No core dump will be written. Minidumps are not enabled by default on client versions of Windows
#

---------------  S U M M A R Y ------------

Command Line: --add-opens=java.base/java.util=ALL-UNNAMED --add-opens=java.base/java.lang=ALL-UNNAMED --add-opens=java.base/java.lang.invoke=ALL-UNNAMED --add-opens=java.prefs/java.util.prefs=ALL-UNNAMED -Xmx2048m -Dfile.encoding=windows-1252 -Duser.country=IN -Duser.language=en -Duser.variant org.gradle.launcher.daemon.bootstrap.GradleDaemon 6.1.1

Host: AMD PRO A4-4350B R4, 5 COMPUTE CORES 2C+3G     , 2 cores, 3G,  Windows 10 , 64 bit Build 17763 (10.0.17763.1158)
Time: Sat Sep 12 02:35:46 2020 Pacific Daylight Time elapsed time: 55 seconds (0d 0h 0m 55s)

---------------  T H R E A D  ---------------

Current thread (0x0000027527905000):  JavaThread "C2 CompilerThread0" daemon [_thread_in_native, id=3836, stack(0x000000a7fbe00000,0x000000a7fbf00000)]


Current CompileTask:
C2:  55314 8880       4       org.gradle.internal.snapshot.SnapshotUtil::getSnapshotFromChild (41 bytes)

Stack: [0x000000a7fbe00000,0x000000a7fbf00000]
Native frames: (J=compiled Java code, j=interpreted, Vv=VM code, C=native code)
V  [jvm.dll+0x624f9a]
V  [jvm.dll+0x770cfa]
V  [jvm.dll+0x7724af]
V  [jvm.dll+0x772ab3]
V  [jvm.dll+0x24bf08]
V  [jvm.dll+0xc1e47]
V  [jvm.dll+0xc23cc]
V  [jvm.dll+0x35c0c5]
V  [jvm.dll+0x327803]
V  [jvm.dll+0x326bda]
V  [jvm.dll+0x205c27]
V  [jvm.dll+0x204e3f]
V  [jvm.dll+0x189c2c]
V  [jvm.dll+0x213e6d]
V  [jvm.dll+0x2120bb]
V  [jvm.dll+0x736bb6]
V  [jvm.dll+0x72fcaa]
V  [jvm.dll+0x623ea6]
C  [ucrtbase.dll+0x21ffa]
C  [KERNEL32.DLL+0x17974]
C  [ntdll.dll+0x6a271]


---------------  P R O C E S S  ---------------

Threads class SMR info:
_java_thread_list=0x0000027529c80d40, length=36, elements={
0x000002750967e800, 0x00000275278e3000, 0x00000275278e6000, 0x0000027527902000,
0x0000027527904000, 0x0000027527905000, 0x000002752790c000, 0x0000027527941000,
0x0000027528369800, 0x000002752836b800, 0x0000027529049000, 0x0000027529350800,
0x00000275296b4000, 0x000002752931c800, 0x00000275291d6000, 0x00000275286e0800,
0x0000027529684800, 0x000002752865b800, 0x0000027529868800, 0x0000027528875000,
0x0000027528ec8800, 0x0000027528ec5800, 0x0000027528ec4800, 0x0000027528ec6000,
0x0000027528ec8000, 0x0000027528ec9800, 0x0000027528ec4000, 0x0000027528ec7000,
0x000002752bc86800, 0x000002752bc87000, 0x000002752bc84000, 0x000002752bc89000,
0x000002752bc85800, 0x000002752bc89800, 0x000002752bc8a800, 0x000002752bc84800
}

Java Threads: ( => current thread )
  0x000002750967e800 JavaThread "main" [_thread_blocked, id=2320, stack(0x000000a7fb300000,0x000000a7fb400000)]
  0x00000275278e3000 JavaThread "Reference Handler" daemon [_thread_blocked, id=10696, stack(0x000000a7fba00000,0x000000a7fbb00000)]
  0x00000275278e6000 JavaThread "Finalizer" daemon [_thread_blocked, id=7212, stack(0x000000a7fbb00000,0x000000a7fbc00000)]
  0x0000027527902000 JavaThread "Signal Dispatcher" daemon [_thread_blocked, id=5296, stack(0x000000a7fbc00000,0x000000a7fbd00000)]
  0x0000027527904000 JavaThread "Attach Listener" daemon [_thread_blocked, id=10308, stack(0x000000a7fbd00000,0x000000a7fbe00000)]
=>0x0000027527905000 JavaThread "C2 CompilerThread0" daemon [_thread_in_native, id=3836, stack(0x000000a7fbe00000,0x000000a7fbf00000)]
  0x000002752790c000 JavaThread "C1 CompilerThread0" daemon [_thread_blocked, id=6156, stack(0x000000a7fbf00000,0x000000a7fc000000)]
  0x0000027527941000 JavaThread "Sweeper thread" daemon [_thread_blocked, id=1416, stack(0x000000a7fc000000,0x000000a7fc100000)]
  0x0000027528369800 JavaThread "Common-Cleaner" daemon [_thread_blocked, id=7420, stack(0x000000a7fc100000,0x000000a7fc200000)]
  0x000002752836b800 JavaThread "Service Thread" daemon [_thread_blocked, id=7284, stack(0x000000a7fc200000,0x000000a7fc300000)]
  0x0000027529049000 JavaThread "Daemon health stats" [_thread_blocked, id=10004, stack(0x000000a7fc600000,0x000000a7fc700000)]
  0x0000027529350800 JavaThread "Incoming local TCP Connector on port 58077" [_thread_in_native, id=6216, stack(0x000000a7fc700000,0x000000a7fc800000)]
  0x00000275296b4000 JavaThread "Daemon periodic checks" [_thread_blocked, id=8300, stack(0x000000a7fc800000,0x000000a7fc900000)]
  0x000002752931c800 JavaThread "Daemon" [_thread_blocked, id=2980, stack(0x000000a7fc900000,0x000000a7fca00000)]
  0x00000275291d6000 JavaThread "Handler for socket connection from /127.0.0.1:58077 to /127.0.0.1:58078" [_thread_in_native, id=3624, stack(0x000000a7fca00000,0x000000a7fcb00000)]
  0x00000275286e0800 JavaThread "Cancel handler" [_thread_blocked, id=7540, stack(0x000000a7fcb00000,0x000000a7fcc00000)]
  0x0000027529684800 JavaThread "Daemon worker" [_thread_blocked, id=11128, stack(0x000000a7fcc00000,0x000000a7fcd00000)]
  0x000002752865b800 JavaThread "Asynchronous log dispatcher for DefaultDaemonConnection: socket connection from /127.0.0.1:58077 to /127.0.0.1:58078" [_thread_blocked, id=8352, stack(0x000000a7fcd00000,0x000000a7fce00000)]
  0x0000027529868800 JavaThread "Stdin handler" [_thread_blocked, id=3620, stack(0x000000a7fce00000,0x000000a7fcf00000)]
  0x0000027528875000 JavaThread "Thread-8" [_thread_blocked, id=200, stack(0x000000a7fcf00000,0x000000a7fd000000)]
  0x0000027528ec8800 JavaThread "Cache worker for journal cache (C:\Users\ELCOT\.gradle\caches\gradle-6.5\caches\journal-1)" [_thread_blocked, id=5660, stack(0x000000a7fd000000,0x000000a7fd100000)]
  0x0000027528ec5800 JavaThread "File lock request listener" [_thread_in_native, id=10504, stack(0x000000a7fd100000,0x000000a7fd200000)]
  0x0000027528ec4800 JavaThread "Cache worker for file hash cache (C:\Users\ELCOT\.gradle\caches\gradle-6.5\caches\6.1.1\fileHashes)" [_thread_blocked, id=10488, stack(0x000000a7fd200000,0x000000a7fd300000)]
  0x0000027528ec6000 JavaThread "Cache worker for checksums cache (D:\AndroidStudioProjects\DoChat\.gradle\checksums)" [_thread_blocked, id=10588, stack(0x000000a7fd300000,0x000000a7fd400000)]
  0x0000027528ec8000 JavaThread "Cache worker for file hash cache (D:\AndroidStudioProjects\DoChat\.gradle\6.1.1\fileHashes)" [_thread_blocked, id=1996, stack(0x000000a7fd400000,0x000000a7fd500000)]
  0x0000027528ec9800 JavaThread "Cache worker for cache directory md-supplier (C:\Users\ELCOT\.gradle\caches\gradle-6.5\caches\6.1.1\md-supplier)" [_thread_blocked, id=9428, stack(0x000000a7fd500000,0x000000a7fd600000)]
  0x0000027528ec4000 JavaThread "Cache worker for cache directory md-rule (C:\Users\ELCOT\.gradle\caches\gradle-6.5\caches\6.1.1\md-rule)" [_thread_blocked, id=976, stack(0x000000a7fd600000,0x000000a7fd700000)]
  0x0000027528ec7000 JavaThread "Cache worker for execution history cache (C:\Users\ELCOT\.gradle\caches\gradle-6.5\caches\6.1.1\executionHistory)" [_thread_in_native, id=2712, stack(0x000000a7fd700000,0x000000a7fd800000)]
  0x000002752bc86800 JavaThread "Build operations" [_thread_blocked, id=5468, stack(0x000000a7fd800000,0x000000a7fd900000)]
  0x000002752bc87000 JavaThread "Build operations Thread 2" [_thread_blocked, id=4580, stack(0x000000a7fd900000,0x000000a7fda00000)]
  0x000002752bc84000 JavaThread "Cache worker for Build Output Cleanup Cache (D:\AndroidStudioProjects\DoChat\.gradle\buildOutputCleanup)" [_thread_blocked, id=2164, stack(0x000000a7fda00000,0x000000a7fdb00000)]
  0x000002752bc89000 JavaThread "Memory manager" [_thread_blocked, id=8596, stack(0x000000a7fdb00000,0x000000a7fdc00000)]
  0x000002752bc85800 JavaThread "Cache worker for file content cache (C:\Users\ELCOT\.gradle\caches\gradle-6.5\caches\6.1.1\fileContent)" [_thread_blocked, id=10352, stack(0x000000a7fdc00000,0x000000a7fdd00000)]
  0x000002752bc89800 JavaThread "Cache worker for file content cache (D:\AndroidStudioProjects\DoChat\.gradle\6.1.1\fileContent)" [_thread_blocked, id=10724, stack(0x000000a7fdd00000,0x000000a7fde00000)]
  0x000002752bc8a800 JavaThread "Execution worker for ':'" [_thread_blocked, id=4952, stack(0x000000a7fe000000,0x000000a7fe100000)]
  0x000002752bc84800 JavaThread "Cache worker for execution history cache (D:\AndroidStudioProjects\DoChat\.gradle\6.1.1\executionHistory)" [_thread_blocked, id=6052, stack(0x000000a7fe100000,0x000000a7fe200000)]

Other Threads:
  0x00000275278e2000 VMThread "VM Thread" [stack: 0x000000a7fb900000,0x000000a7fba00000] [id=9196]
  0x0000027528370800 WatcherThread [stack: 0x000000a7fc300000,0x000000a7fc400000] [id=4696]
  0x00000275096c3800 GCTaskThread "GC Thread#0" [stack: 0x000000a7fb400000,0x000000a7fb500000] [id=2472]
  0x00000275283b9000 GCTaskThread "GC Thread#1" [stack: 0x000000a7fc400000,0x000000a7fc500000] [id=8464]
  0x00000275096d5800 ConcurrentGCThread "G1 Main Marker" [stack: 0x000000a7fb500000,0x000000a7fb600000] [id=1368]
  0x00000275096d7800 ConcurrentGCThread "G1 Conc#0" [stack: 0x000000a7fb600000,0x000000a7fb700000] [id=1900]
  0x000002750972b000 ConcurrentGCThread "G1 Refine#0" [stack: 0x000000a7fb700000,0x000000a7fb800000] [id=7720]
  0x0000027528be6000 ConcurrentGCThread "G1 Refine#1" [stack: 0x000000a7fc500000,0x000000a7fc600000] [id=10596]
  0x000002750972d000 ConcurrentGCThread "G1 Young RemSet Sampling" [stack: 0x000000a7fb800000,0x000000a7fb900000] [id=10468]

Threads with active compile tasks:
C2 CompilerThread0    55449 8880       4       org.gradle.internal.snapshot.SnapshotUtil::getSnapshotFromChild (41 bytes)

VM state:not at safepoint (normal execution)

VM Mutex/Monitor currently owned by a thread: None

Heap address: 0x0000000080000000, size: 2048 MB, Compressed Oops mode: 32-bit
Narrow klass base: 0x0000000800000000, Narrow klass shift: 3
Compressed class space size: 1073741824 Address: 0x0000000800b40000

Heap:
 garbage-first heap   total 174080K, used 92637K [0x0000000080000000, 0x0000000100000000)
  region size 1024K, 18 young (18432K), 4 survivors (4096K)
 Metaspace       used 63871K, capacity 65773K, committed 65968K, reserved 1105920K
  class space    used 8552K, capacity 9194K, committed 9216K, reserved 1048576K
Heap Regions: E=young(eden), S=young(survivor), O=old, HS=humongous(starts), HC=humongous(continues), CS=collection set, F=free, A=archive, TAMS=top-at-mark-start (previous, next)
|   0|0x0000000080000000, 0x0000000080100000, 0x0000000080100000|100%|HS|  |TAMS 0x0000000080100000, 0x0000000080000000| Complete 
|   1|0x0000000080100000, 0x0000000080200000, 0x0000000080200000|100%|HC|  |TAMS 0x0000000080200000, 0x0000000080100000| Complete 
|   2|0x0000000080200000, 0x0000000080300000, 0x0000000080300000|100%|HC|  |TAMS 0x0000000080300000, 0x0000000080200000| Complete 
|   3|0x0000000080300000, 0x0000000080400000, 0x0000000080400000|100%| O|  |TAMS 0x0000000080400000, 0x0000000080300000| Untracked 
|   4|0x0000000080400000, 0x0000000080500000, 0x0000000080500000|100%| O|  |TAMS 0x0000000080500000, 0x0000000080400000| Untracked 
|   5|0x0000000080500000, 0x0000000080600000, 0x0000000080600000|100%| O|  |TAMS 0x0000000080600000, 0x0000000080500000| Untracked 
|   6|0x0000000080600000, 0x0000000080700000, 0x0000000080700000|100%| O|  |TAMS 0x0000000080700000, 0x0000000080600000| Untracked 
|   7|0x0000000080700000, 0x0000000080800000, 0x0000000080800000|100%| O|  |TAMS 0x0000000080800000, 0x0000000080700000| Untracked 
|   8|0x0000000080800000, 0x0000000080900000, 0x0000000080900000|100%| O|  |TAMS 0x0000000080900000, 0x0000000080800000| Untracked 
|   9|0x0000000080900000, 0x0000000080a00000, 0x0000000080a00000|100%| O|  |TAMS 0x0000000080a00000, 0x0000000080900000| Untracked 
|  10|0x0000000080a00000, 0x0000000080b00000, 0x0000000080b00000|100%| O|  |TAMS 0x0000000080b00000, 0x0000000080a00000| Untracked 
|  11|0x0000000080b00000, 0x0000000080c00000, 0x0000000080c00000|100%| O|  |TAMS 0x0000000080c00000, 0x0000000080b00000| Untracked 
|  12|0x0000000080c00000, 0x0000000080d00000, 0x0000000080d00000|100%| O|  |TAMS 0x0000000080d00000, 0x0000000080c00000| Untracked 
|  13|0x0000000080d00000, 0x0000000080e00000, 0x0000000080e00000|100%| O|  |TAMS 0x0000000080e00000, 0x0000000080d00000| Untracked 
|  14|0x0000000080e00000, 0x0000000080f00000, 0x0000000080f00000|100%| O|  |TAMS 0x0000000080f00000, 0x0000000080e00000| Untracked 
|  15|0x0000000080f00000, 0x0000000081000000, 0x0000000081000000|100%|HS|  |TAMS 0x0000000081000000, 0x0000000080f00000| Complete 
|  16|0x0000000081000000, 0x0000000081100000, 0x0000000081100000|100%|HC|  |TAMS 0x0000000081100000, 0x0000000081000000| Complete 
|  17|0x0000000081100000, 0x0000000081200000, 0x0000000081200000|100%|HS|  |TAMS 0x0000000081200000, 0x0000000081100000| Complete 
|  18|0x0000000081200000, 0x0000000081300000, 0x0000000081300000|100%|HC|  |TAMS 0x0000000081300000, 0x0000000081200000| Complete 
|  19|0x0000000081300000, 0x0000000081400000, 0x0000000081400000|100%|HC|  |TAMS 0x0000000081400000, 0x0000000081300000| Complete 
|  20|0x0000000081400000, 0x0000000081500000, 0x0000000081500000|100%|HS|  |TAMS 0x0000000081500000, 0x0000000081400000| Complete 
|  21|0x0000000081500000, 0x0000000081600000, 0x0000000081600000|100%|HC|  |TAMS 0x0000000081600000, 0x0000000081500000| Complete 
|  22|0x0000000081600000, 0x0000000081700000, 0x0000000081700000|100%|HC|  |TAMS 0x0000000081700000, 0x0000000081600000| Complete 
|  23|0x0000000081700000, 0x0000000081800000, 0x0000000081800000|100%|HC|  |TAMS 0x0000000081800000, 0x0000000081700000| Complete 
|  24|0x0000000081800000, 0x0000000081900000, 0x0000000081900000|100%| O|  |TAMS 0x0000000081900000, 0x0000000081800000| Untracked 
|  25|0x0000000081900000, 0x0000000081a00000, 0x0000000081a00000|100%| O|  |TAMS 0x0000000081a00000, 0x0000000081900000| Untracked 
|  26|0x0000000081a00000, 0x0000000081b00000, 0x0000000081b00000|100%| O|  |TAMS 0x0000000081b00000, 0x0000000081a00000| Untracked 
|  27|0x0000000081b00000, 0x0000000081c00000, 0x0000000081c00000|100%| O|  |TAMS 0x0000000081c00000, 0x0000000081b00000| Untracked 
|  28|0x0000000081c00000, 0x0000000081d00000, 0x0000000081d00000|100%| O|  |TAMS 0x0000000081d00000, 0x0000000081c00000| Untracked 
|  29|0x0000000081d00000, 0x0000000081e00000, 0x0000000081e00000|100%| O|  |TAMS 0x0000000081e00000, 0x0000000081d00000| Untracked 
|  30|0x0000000081e00000, 0x0000000081f00000, 0x0000000081f00000|100%| O|  |TAMS 0x0000000081f00000, 0x0000000081e00000| Untracked 
|  31|0x0000000081f00000, 0x0000000082000000, 0x0000000082000000|100%| O|  |TAMS 0x0000000082000000, 0x0000000081f00000| Untracked 
|  32|0x0000000082000000, 0x0000000082100000, 0x0000000082100000|100%| O|  |TAMS 0x0000000082100000, 0x0000000082000000| Untracked 
|  33|0x0000000082100000, 0x0000000082200000, 0x0000000082200000|100%| O|  |TAMS 0x0000000082200000, 0x0000000082100000| Untracked 
|  34|0x0000000082200000, 0x0000000082300000, 0x0000000082300000|100%| O|  |TAMS 0x0000000082300000, 0x0000000082200000| Untracked 
|  35|0x0000000082300000, 0x0000000082400000, 0x0000000082400000|100%| O|  |TAMS 0x0000000082400000, 0x0000000082300000| Untracked 
|  36|0x0000000082400000, 0x0000000082500000, 0x0000000082500000|100%|HS|  |TAMS 0x0000000082500000, 0x0000000082400000| Complete 
|  37|0x0000000082500000, 0x0000000082600000, 0x0000000082600000|100%|HC|  |TAMS 0x0000000082600000, 0x0000000082500000| Complete 
|  38|0x0000000082600000, 0x0000000082700000, 0x0000000082700000|100%|HC|  |TAMS 0x0000000082700000, 0x0000000082600000| Complete 
|  39|0x0000000082700000, 0x0000000082800000, 0x0000000082800000|100%| O|  |TAMS 0x0000000082800000, 0x0000000082700000| Untracked 
|  40|0x0000000082800000, 0x0000000082900000, 0x0000000082900000|100%| O|  |TAMS 0x0000000082900000, 0x0000000082800000| Untracked 
|  41|0x0000000082900000, 0x0000000082a00000, 0x0000000082a00000|100%| O|  |TAMS 0x0000000082a00000, 0x0000000082900000| Untracked 
|  42|0x0000000082a00000, 0x0000000082b00000, 0x0000000082b00000|100%|HS|  |TAMS 0x0000000082b00000, 0x0000000082a00000| Complete 
|  43|0x0000000082b00000, 0x0000000082c00000, 0x0000000082c00000|100%|HC|  |TAMS 0x0000000082c00000, 0x0000000082b00000| Complete 
|  44|0x0000000082c00000, 0x0000000082d00000, 0x0000000082d00000|100%| O|  |TAMS 0x0000000082d00000, 0x0000000082c00000| Untracked 
|  45|0x0000000082d00000, 0x0000000082e00000, 0x0000000082e00000|100%| O|  |TAMS 0x0000000082e00000, 0x0000000082d00000| Untracked 
|  46|0x0000000082e00000, 0x0000000082f00000, 0x0000000082f00000|100%| O|  |TAMS 0x0000000082f00000, 0x0000000082e00000| Untracked 
|  47|0x0000000082f00000, 0x0000000083000000, 0x0000000083000000|100%| O|  |TAMS 0x0000000083000000, 0x0000000082f00000| Untracked 
|  48|0x0000000083000000, 0x0000000083100000, 0x0000000083100000|100%| O|  |TAMS 0x0000000083100000, 0x0000000083000000| Untracked 
|  49|0x0000000083100000, 0x0000000083200000, 0x0000000083200000|100%| O|  |TAMS 0x0000000083200000, 0x0000000083100000| Untracked 
|  50|0x0000000083200000, 0x0000000083300000, 0x0000000083300000|100%| O|  |TAMS 0x0000000083300000, 0x0000000083200000| Untracked 
|  51|0x0000000083300000, 0x0000000083400000, 0x0000000083400000|100%| O|  |TAMS 0x0000000083400000, 0x0000000083300000| Untracked 
|  52|0x0000000083400000, 0x0000000083500000, 0x0000000083500000|100%| O|  |TAMS 0x0000000083500000, 0x0000000083400000| Untracked 
|  53|0x0000000083500000, 0x0000000083600000, 0x0000000083600000|100%| O|  |TAMS 0x0000000083600000, 0x0000000083500000| Untracked 
|  54|0x0000000083600000, 0x0000000083700000, 0x0000000083700000|100%| O|  |TAMS 0x0000000083700000, 0x0000000083600000| Untracked 
|  55|0x0000000083700000, 0x0000000083800000, 0x0000000083800000|100%| O|  |TAMS 0x0000000083800000, 0x0000000083700000| Untracked 
|  56|0x0000000083800000, 0x0000000083900000, 0x0000000083900000|100%| O|  |TAMS 0x0000000083900000, 0x0000000083800000| Untracked 
|  57|0x0000000083900000, 0x0000000083a00000, 0x0000000083a00000|100%| O|  |TAMS 0x0000000083a00000, 0x0000000083900000| Untracked 
|  58|0x0000000083a00000, 0x0000000083b00000, 0x0000000083b00000|100%| O|  |TAMS 0x0000000083b00000, 0x0000000083a00000| Untracked 
|  59|0x0000000083b00000, 0x0000000083c00000, 0x0000000083c00000|100%| O|  |TAMS 0x0000000083c00000, 0x0000000083b00000| Untracked 
|  60|0x0000000083c00000, 0x0000000083d00000, 0x0000000083d00000|100%| O|  |TAMS 0x0000000083d00000, 0x0000000083c00000| Untracked 
|  61|0x0000000083d00000, 0x0000000083e00000, 0x0000000083e00000|100%| O|  |TAMS 0x0000000083e00000, 0x0000000083d00000| Untracked 
|  62|0x0000000083e00000, 0x0000000083f00000, 0x0000000083f00000|100%| O|  |TAMS 0x0000000083f00000, 0x0000000083e00000| Untracked 
|  63|0x0000000083f00000, 0x0000000084000000, 0x0000000084000000|100%| O|  |TAMS 0x0000000084000000, 0x0000000083f00000| Untracked 
|  64|0x0000000084000000, 0x0000000084100000, 0x0000000084100000|100%| O|  |TAMS 0x0000000084100000, 0x0000000084000000| Untracked 
|  65|0x0000000084100000, 0x0000000084200000, 0x0000000084200000|100%| O|  |TAMS 0x0000000084200000, 0x0000000084100000| Untracked 
|  66|0x0000000084200000, 0x0000000084300000, 0x0000000084300000|100%| O|  |TAMS 0x0000000084300000, 0x0000000084200000| Untracked 
|  67|0x0000000084300000, 0x0000000084400000, 0x0000000084400000|100%| O|  |TAMS 0x0000000084400000, 0x0000000084300000| Untracked 
|  68|0x0000000084400000, 0x0000000084500000, 0x0000000084500000|100%| O|  |TAMS 0x0000000084500000, 0x0000000084400000| Untracked 
|  69|0x0000000084500000, 0x0000000084600000, 0x0000000084600000|100%| O|  |TAMS 0x0000000084598800, 0x0000000084500000| Untracked 
|  70|0x0000000084600000, 0x0000000084700000, 0x0000000084700000|100%| O|  |TAMS 0x0000000084600000, 0x0000000084600000| Untracked 
|  71|0x0000000084700000, 0x0000000084800000, 0x0000000084800000|100%| O|  |TAMS 0x0000000084700000, 0x0000000084700000| Untracked 
|  72|0x0000000084800000, 0x0000000084900000, 0x0000000084900000|100%| O|  |TAMS 0x0000000084800000, 0x0000000084800000| Untracked 
|  73|0x0000000084900000, 0x0000000084977600, 0x0000000084a00000| 46%| O|  |TAMS 0x0000000084900000, 0x0000000084900000| Untracked 
|  74|0x0000000084a00000, 0x0000000084a00000, 0x0000000084b00000|  0%| F|  |TAMS 0x0000000084a00000, 0x0000000084a00000| Untracked 
|  75|0x0000000084b00000, 0x0000000084b00000, 0x0000000084c00000|  0%| F|  |TAMS 0x0000000084b00000, 0x0000000084b00000| Untracked 
|  76|0x0000000084c00000, 0x0000000084c00000, 0x0000000084d00000|  0%| F|  |TAMS 0x0000000084c00000, 0x0000000084c00000| Untracked 
|  77|0x0000000084d00000, 0x0000000084d00000, 0x0000000084e00000|  0%| F|  |TAMS 0x0000000084d00000, 0x0000000084d00000| Untracked 
|  78|0x0000000084e00000, 0x0000000084e00000, 0x0000000084f00000|  0%| F|  |TAMS 0x0000000084e00000, 0x0000000084e00000| Untracked 
|  79|0x0000000084f00000, 0x0000000084f00000, 0x0000000085000000|  0%| F|  |TAMS 0x0000000084f00000, 0x0000000084f00000| Untracked 
|  80|0x0000000085000000, 0x0000000085000000, 0x0000000085100000|  0%| F|  |TAMS 0x0000000085000000, 0x0000000085000000| Untracked 
|  81|0x0000000085100000, 0x0000000085100000, 0x0000000085200000|  0%| F|  |TAMS 0x0000000085100000, 0x0000000085100000| Untracked 
|  82|0x0000000085200000, 0x0000000085200000, 0x0000000085300000|  0%| F|  |TAMS 0x0000000085200000, 0x0000000085200000| Untracked 
|  83|0x0000000085300000, 0x0000000085300000, 0x0000000085400000|  0%| F|  |TAMS 0x0000000085300000, 0x0000000085300000| Untracked 
|  84|0x0000000085400000, 0x0000000085400000, 0x0000000085500000|  0%| F|  |TAMS 0x0000000085400000, 0x0000000085400000| Untracked 
|  85|0x0000000085500000, 0x0000000085500000, 0x0000000085600000|  0%| F|  |TAMS 0x0000000085500000, 0x0000000085500000| Untracked 
|  86|0x0000000085600000, 0x0000000085600000, 0x0000000085700000|  0%| F|  |TAMS 0x0000000085600000, 0x0000000085600000| Untracked 
|  87|0x0000000085700000, 0x0000000085700000, 0x0000000085800000|  0%| F|  |TAMS 0x0000000085700000, 0x0000000085700000| Untracked 
|  88|0x0000000085800000, 0x0000000085800000, 0x0000000085900000|  0%| F|  |TAMS 0x0000000085800000, 0x0000000085800000| Untracked 
|  89|0x0000000085900000, 0x0000000085900000, 0x0000000085a00000|  0%| F|  |TAMS 0x0000000085900000, 0x0000000085900000| Untracked 
|  90|0x0000000085a00000, 0x0000000085a00000, 0x0000000085b00000|  0%| F|  |TAMS 0x0000000085a00000, 0x0000000085a00000| Untracked 
|  91|0x0000000085b00000, 0x0000000085b00000, 0x0000000085c00000|  0%| F|  |TAMS 0x0000000085b00000, 0x0000000085b00000| Untracked 
|  92|0x0000000085c00000, 0x0000000085c00000, 0x0000000085d00000|  0%| F|  |TAMS 0x0000000085c00000, 0x0000000085c00000| Untracked 
|  93|0x0000000085d00000, 0x0000000085d00000, 0x0000000085e00000|  0%| F|  |TAMS 0x0000000085d00000, 0x0000000085d00000| Untracked 
|  94|0x0000000085e00000, 0x0000000085e00000, 0x0000000085f00000|  0%| F|  |TAMS 0x0000000085e00000, 0x0000000085e00000| Untracked 
|  95|0x0000000085f00000, 0x0000000085f00000, 0x0000000086000000|  0%| F|  |TAMS 0x0000000085f00000, 0x0000000085f00000| Untracked 
|  96|0x0000000086000000, 0x0000000086000000, 0x0000000086100000|  0%| F|  |TAMS 0x0000000086000000, 0x0000000086000000| Untracked 
|  97|0x0000000086100000, 0x0000000086100000, 0x0000000086200000|  0%| F|  |TAMS 0x0000000086100000, 0x0000000086100000| Untracked 
|  98|0x0000000086200000, 0x0000000086200000, 0x0000000086300000|  0%| F|  |TAMS 0x0000000086200000, 0x0000000086200000| Untracked 
|  99|0x0000000086300000, 0x0000000086300000, 0x0000000086400000|  0%| F|  |TAMS 0x0000000086300000, 0x0000000086300000| Untracked 
| 100|0x0000000086400000, 0x0000000086400000, 0x0000000086500000|  0%| F|  |TAMS 0x0000000086400000, 0x0000000086400000| Untracked 
| 101|0x0000000086500000, 0x0000000086500000, 0x0000000086600000|  0%| F|  |TAMS 0x0000000086500000, 0x0000000086500000| Untracked 
| 102|0x0000000086600000, 0x0000000086700000, 0x0000000086700000|100%| S|CS|TAMS 0x0000000086600000, 0x0000000086600000| Complete 
| 103|0x0000000086700000, 0x0000000086800000, 0x0000000086800000|100%| S|CS|TAMS 0x0000000086700000, 0x0000000086700000| Complete 
| 104|0x0000000086800000, 0x0000000086900000, 0x0000000086900000|100%| S|CS|TAMS 0x0000000086800000, 0x0000000086800000| Complete 
| 105|0x0000000086900000, 0x0000000086a00000, 0x0000000086a00000|100%| S|CS|TAMS 0x0000000086900000, 0x0000000086900000| Complete 
| 106|0x0000000086a00000, 0x0000000086a00000, 0x0000000086b00000|  0%| F|  |TAMS 0x0000000086a00000, 0x0000000086a00000| Untracked 
| 107|0x0000000086b00000, 0x0000000086b00000, 0x0000000086c00000|  0%| F|  |TAMS 0x0000000086b00000, 0x0000000086b00000| Untracked 
| 108|0x0000000086c00000, 0x0000000086c00000, 0x0000000086d00000|  0%| F|  |TAMS 0x0000000086c00000, 0x0000000086c00000| Untracked 
| 109|0x0000000086d00000, 0x0000000086d00000, 0x0000000086e00000|  0%| F|  |TAMS 0x0000000086d00000, 0x0000000086d00000| Untracked 
| 110|0x0000000086e00000, 0x0000000086e00000, 0x0000000086f00000|  0%| F|  |TAMS 0x0000000086e00000, 0x0000000086e00000| Untracked 
| 111|0x0000000086f00000, 0x0000000086f00000, 0x0000000087000000|  0%| F|  |TAMS 0x0000000086f00000, 0x0000000086f00000| Untracked 
| 112|0x0000000087000000, 0x0000000087000000, 0x0000000087100000|  0%| F|  |TAMS 0x0000000087000000, 0x0000000087000000| Untracked 
| 113|0x0000000087100000, 0x0000000087100000, 0x0000000087200000|  0%| F|  |TAMS 0x0000000087100000, 0x0000000087100000| Untracked 
| 114|0x0000000087200000, 0x0000000087200000, 0x0000000087300000|  0%| F|  |TAMS 0x0000000087200000, 0x0000000087200000| Untracked 
| 115|0x0000000087300000, 0x0000000087300000, 0x0000000087400000|  0%| F|  |TAMS 0x0000000087300000, 0x0000000087300000| Untracked 
| 116|0x0000000087400000, 0x0000000087400000, 0x0000000087500000|  0%| F|  |TAMS 0x0000000087400000, 0x0000000087400000| Untracked 
| 117|0x0000000087500000, 0x0000000087500000, 0x0000000087600000|  0%| F|  |TAMS 0x0000000087500000, 0x0000000087500000| Untracked 
| 118|0x0000000087600000, 0x0000000087600000, 0x0000000087700000|  0%| F|  |TAMS 0x0000000087600000, 0x0000000087600000| Untracked 
| 119|0x0000000087700000, 0x0000000087700000, 0x0000000087800000|  0%| F|  |TAMS 0x0000000087700000, 0x0000000087700000| Untracked 
| 120|0x0000000087800000, 0x0000000087800000, 0x0000000087900000|  0%| F|  |TAMS 0x0000000087800000, 0x0000000087800000| Untracked 
| 121|0x0000000087900000, 0x0000000087900000, 0x0000000087a00000|  0%| F|  |TAMS 0x0000000087900000, 0x0000000087900000| Untracked 
| 122|0x0000000087a00000, 0x0000000087a00000, 0x0000000087b00000|  0%| F|  |TAMS 0x0000000087a00000, 0x0000000087a00000| Untracked 
| 123|0x0000000087b00000, 0x0000000087b00000, 0x0000000087c00000|  0%| F|  |TAMS 0x0000000087b00000, 0x0000000087b00000| Untracked 
| 124|0x0000000087c00000, 0x0000000087c00000, 0x0000000087d00000|  0%| F|  |TAMS 0x0000000087c00000, 0x0000000087c00000| Untracked 
| 125|0x0000000087d00000, 0x0000000087d00000, 0x0000000087e00000|  0%| F|  |TAMS 0x0000000087d00000, 0x0000000087d00000| Untracked 
| 126|0x0000000087e00000, 0x0000000087e00000, 0x0000000087f00000|  0%| F|  |TAMS 0x0000000087e00000, 0x0000000087e00000| Untracked 
| 127|0x0000000087f00000, 0x0000000087f00000, 0x0000000088000000|  0%| F|  |TAMS 0x0000000087f00000, 0x0000000087f00000| Untracked 
| 128|0x0000000088000000, 0x0000000088000000, 0x0000000088100000|  0%| F|  |TAMS 0x0000000088000000, 0x0000000088000000| Untracked 
| 129|0x0000000088100000, 0x0000000088100000, 0x0000000088200000|  0%| F|  |TAMS 0x0000000088100000, 0x0000000088100000| Untracked 
| 130|0x0000000088200000, 0x0000000088200000, 0x0000000088300000|  0%| F|  |TAMS 0x0000000088200000, 0x0000000088200000| Untracked 
| 131|0x0000000088300000, 0x0000000088300000, 0x0000000088400000|  0%| F|  |TAMS 0x0000000088300000, 0x0000000088300000| Untracked 
| 132|0x0000000088400000, 0x0000000088400000, 0x0000000088500000|  0%| F|  |TAMS 0x0000000088400000, 0x0000000088400000| Untracked 
| 133|0x0000000088500000, 0x0000000088500000, 0x0000000088600000|  0%| F|  |TAMS 0x0000000088500000, 0x0000000088500000| Untracked 
| 134|0x0000000088600000, 0x0000000088600000, 0x0000000088700000|  0%| F|  |TAMS 0x0000000088600000, 0x0000000088600000| Untracked 
| 135|0x0000000088700000, 0x0000000088700000, 0x0000000088800000|  0%| F|  |TAMS 0x0000000088700000, 0x0000000088700000| Untracked 
| 136|0x0000000088800000, 0x0000000088800000, 0x0000000088900000|  0%| F|  |TAMS 0x0000000088800000, 0x0000000088800000| Untracked 
| 137|0x0000000088900000, 0x0000000088900000, 0x0000000088a00000|  0%| F|  |TAMS 0x0000000088900000, 0x0000000088900000| Untracked 
| 138|0x0000000088a00000, 0x0000000088a00000, 0x0000000088b00000|  0%| F|  |TAMS 0x0000000088a00000, 0x0000000088a00000| Untracked 
| 139|0x0000000088b00000, 0x0000000088b00000, 0x0000000088c00000|  0%| F|  |TAMS 0x0000000088b00000, 0x0000000088b00000| Untracked 
| 140|0x0000000088c00000, 0x0000000088c00000, 0x0000000088d00000|  0%| F|  |TAMS 0x0000000088c00000, 0x0000000088c00000| Untracked 
| 141|0x0000000088d00000, 0x0000000088d00000, 0x0000000088e00000|  0%| F|  |TAMS 0x0000000088d00000, 0x0000000088d00000| Untracked 
| 142|0x0000000088e00000, 0x0000000088e00000, 0x0000000088f00000|  0%| F|  |TAMS 0x0000000088e00000, 0x0000000088e00000| Untracked 
| 143|0x0000000088f00000, 0x0000000088f00000, 0x0000000089000000|  0%| F|  |TAMS 0x0000000088f00000, 0x0000000088f00000| Untracked 
| 144|0x0000000089000000, 0x0000000089000000, 0x0000000089100000|  0%| F|  |TAMS 0x0000000089000000, 0x0000000089000000| Untracked 
| 145|0x0000000089100000, 0x0000000089100000, 0x0000000089200000|  0%| F|  |TAMS 0x0000000089100000, 0x0000000089100000| Untracked 
| 146|0x0000000089200000, 0x0000000089200000, 0x0000000089300000|  0%| F|  |TAMS 0x0000000089200000, 0x0000000089200000| Untracked 
| 147|0x0000000089300000, 0x0000000089300000, 0x0000000089400000|  0%| F|  |TAMS 0x0000000089300000, 0x0000000089300000| Untracked 
| 148|0x0000000089400000, 0x0000000089400000, 0x0000000089500000|  0%| F|  |TAMS 0x0000000089400000, 0x0000000089400000| Untracked 
| 149|0x0000000089500000, 0x0000000089500000, 0x0000000089600000|  0%| F|  |TAMS 0x0000000089500000, 0x0000000089500000| Untracked 
| 150|0x0000000089600000, 0x0000000089600000, 0x0000000089700000|  0%| F|  |TAMS 0x0000000089600000, 0x0000000089600000| Untracked 
| 151|0x0000000089700000, 0x0000000089700000, 0x0000000089800000|  0%| F|  |TAMS 0x0000000089700000, 0x0000000089700000| Untracked 
| 152|0x0000000089800000, 0x0000000089800000, 0x0000000089900000|  0%| F|  |TAMS 0x0000000089800000, 0x0000000089800000| Untracked 
| 153|0x0000000089900000, 0x0000000089900000, 0x0000000089a00000|  0%| F|  |TAMS 0x0000000089900000, 0x0000000089900000| Untracked 
| 154|0x0000000089a00000, 0x0000000089a00000, 0x0000000089b00000|  0%| F|  |TAMS 0x0000000089a00000, 0x0000000089a00000| Untracked 
| 155|0x0000000089b00000, 0x0000000089b00000, 0x0000000089c00000|  0%| F|  |TAMS 0x0000000089b00000, 0x0000000089b00000| Untracked 
| 156|0x0000000089c00000, 0x0000000089d00000, 0x0000000089d00000|100%| E|  |TAMS 0x0000000089c00000, 0x0000000089c00000| Complete 
| 157|0x0000000089d00000, 0x0000000089e00000, 0x0000000089e00000|100%| E|CS|TAMS 0x0000000089d00000, 0x0000000089d00000| Complete 
| 158|0x0000000089e00000, 0x0000000089f00000, 0x0000000089f00000|100%| E|CS|TAMS 0x0000000089e00000, 0x0000000089e00000| Complete 
| 159|0x0000000089f00000, 0x000000008a000000, 0x000000008a000000|100%| E|CS|TAMS 0x0000000089f00000, 0x0000000089f00000| Complete 
| 160|0x000000008a000000, 0x000000008a100000, 0x000000008a100000|100%| E|CS|TAMS 0x000000008a000000, 0x000000008a000000| Complete 
| 161|0x000000008a100000, 0x000000008a200000, 0x000000008a200000|100%| E|CS|TAMS 0x000000008a100000, 0x000000008a100000| Complete 
| 162|0x000000008a200000, 0x000000008a300000, 0x000000008a300000|100%| E|CS|TAMS 0x000000008a200000, 0x000000008a200000| Complete 
| 163|0x000000008a300000, 0x000000008a400000, 0x000000008a400000|100%| E|CS|TAMS 0x000000008a300000, 0x000000008a300000| Complete 
| 164|0x000000008a400000, 0x000000008a500000, 0x000000008a500000|100%| E|CS|TAMS 0x000000008a400000, 0x000000008a400000| Complete 
| 165|0x000000008a500000, 0x000000008a600000, 0x000000008a600000|100%| E|CS|TAMS 0x000000008a500000, 0x000000008a500000| Complete 
| 166|0x000000008a600000, 0x000000008a700000, 0x000000008a700000|100%| E|CS|TAMS 0x000000008a600000, 0x000000008a600000| Complete 
| 167|0x000000008a700000, 0x000000008a800000, 0x000000008a800000|100%| E|CS|TAMS 0x000000008a700000, 0x000000008a700000| Complete 
| 168|0x000000008a800000, 0x000000008a900000, 0x000000008a900000|100%| E|CS|TAMS 0x000000008a800000, 0x000000008a800000| Complete 
| 169|0x000000008a900000, 0x000000008aa00000, 0x000000008aa00000|100%| E|CS|TAMS 0x000000008a900000, 0x000000008a900000| Complete 

Card table byte_map: [0x0000027520f80000,0x0000027521380000] _byte_map_base: 0x0000027520b80000

Marking Bits (Prev, Next): (CMBitMap*) 0x00000275096c4728, (CMBitMap*) 0x00000275096c46e8
 Prev Bits: [0x0000027523780000, 0x0000027525780000)
 Next Bits: [0x0000027521780000, 0x0000027523780000)

Polling page: 0x0000027507550000

Metaspace:

Usage:
  Non-class:     55.25 MB capacity,    54.02 MB ( 98%) used,     1.07 MB (  2%) free+waste,   167.75 KB ( <1%) overhead. 
      Class:      8.98 MB capacity,     8.35 MB ( 93%) used,   563.89 KB (  6%) free+waste,    77.50 KB ( <1%) overhead. 
       Both:     64.23 MB capacity,    62.37 MB ( 97%) used,     1.62 MB (  3%) free+waste,   245.25 KB ( <1%) overhead. 

Virtual space:
  Non-class space:       56.00 MB reserved,      55.42 MB ( 99%) committed 
      Class space:        1.00 GB reserved,       9.00 MB ( <1%) committed 
             Both:        1.05 GB reserved,      64.42 MB (  6%) committed 

Chunk freelists:
   Non-Class:  45.00 KB
       Class:  22.00 KB
        Both:  67.00 KB

MaxMetaspaceSize: 17179869184.00 GB
CompressedClassSpaceSize: 1.00 GB

CodeHeap 'non-profiled nmethods': size=120064Kb used=3997Kb max_used=3997Kb free=116066Kb
 bounds [0x0000027519640000, 0x0000027519a30000, 0x0000027520b80000]
CodeHeap 'profiled nmethods': size=120000Kb used=17438Kb max_used=17438Kb free=102561Kb
 bounds [0x0000027512110000, 0x0000027513220000, 0x0000027519640000]
CodeHeap 'non-nmethods': size=5696Kb used=2375Kb max_used=2432Kb free=3320Kb
 bounds [0x0000027511b80000, 0x0000027511df0000, 0x0000027512110000]
 total_blobs=12105 nmethods=7912 adapters=767
 compilation: enabled
              stopped_count=0, restarted_count=0
 full_count=0

Compilation events (20 events):
Event: 54.973 Thread 0x000002752790c000 8887       2       java.io.ObjectStreamClass::writeNonProxy (161 bytes)
Event: 54.975 Thread 0x000002752790c000 nmethod 8887 0x0000027513214010 code [0x00000275132142e0, 0x0000027513214bd0]
Event: 54.977 Thread 0x000002752790c000 8888   !   2       java.io.ObjectStreamClass::invokeWriteObject (79 bytes)
Event: 54.979 Thread 0x000002752790c000 nmethod 8888 0x0000027513215310 code [0x0000027513215560, 0x0000027513215d90]
Event: 54.984 Thread 0x000002752790c000 8889       2       java.io.ObjectStreamClass$FieldReflector::getPrimFieldValues (317 bytes)
Event: 54.985 Thread 0x000002752790c000 nmethod 8889 0x0000027513216210 code [0x0000027513216440, 0x0000027513216be0]
Event: 54.985 Thread 0x000002752790c000 8890       2       java.io.ObjectOutputStream$BlockDataOutputStream::write (152 bytes)
Event: 54.986 Thread 0x000002752790c000 nmethod 8890 0x0000027513217090 code [0x0000027513217280, 0x0000027513217760]
Event: 54.997 Thread 0x000002752790c000 8891       2       org.gradle.internal.snapshot.SnapshotUtil$$Lambda$239/0x000000080100ac40::<init> (15 bytes)
Event: 54.997 Thread 0x000002752790c000 nmethod 8891 0x0000027513217910 code [0x0000027513217ac0, 0x0000027513217cd8]
Event: 54.997 Thread 0x000002752790c000 8892       2       org.gradle.internal.snapshot.SnapshotUtil$$Lambda$239/0x000000080100ac40::get$Lambda (10 bytes)
Event: 54.998 Thread 0x000002752790c000 nmethod 8892 0x0000027513217d90 code [0x0000027513217f40, 0x0000027513218198]
Event: 55.050 Thread 0x0000027527905000 nmethod 8877 0x0000027519a23c90 code [0x0000027519a23ee0, 0x0000027519a25790]
Event: 55.050 Thread 0x0000027527905000 8893       4       org.gradle.internal.snapshot.SearchUtil::binarySearch (160 bytes)
Event: 55.073 Thread 0x0000027527905000 nmethod 8893 0x0000027519a26590 code [0x0000027519a267a0, 0x0000027519a27070]
Event: 55.074 Thread 0x0000027527905000 8880       4       org.gradle.internal.snapshot.SnapshotUtil::getSnapshotFromChild (41 bytes)
Event: 55.135 Thread 0x000002752790c000 8895       2       org.gradle.internal.snapshot.SnapshotUtil::getMetadataFromChildren (317 bytes)
Event: 55.137 Thread 0x000002752790c000 nmethod 8895 0x0000027513218290 code [0x0000027513218620, 0x0000027513219380]
Event: 55.216 Thread 0x000002752790c000 8896       2       org.gradle.internal.hash.HashCode::equals (79 bytes)
Event: 55.217 Thread 0x000002752790c000 nmethod 8896 0x0000027513219a10 code [0x0000027513219bc0, 0x0000027513219ed8]

GC Heap History (20 events):
Event: 30.561 GC heap before
{Heap before GC invocations=31 (full 0):
 garbage-first heap   total 97280K, used 75113K [0x0000000080000000, 0x0000000100000000)
  region size 1024K, 22 young (22528K), 3 survivors (3072K)
 Metaspace       used 49573K, capacity 50853K, committed 50992K, reserved 1093632K
  class space    used 6539K, capacity 6955K, committed 7040K, reserved 1048576K
}
Event: 30.581 GC heap after
{Heap after GC invocations=32 (full 0):
 garbage-first heap   total 116736K, used 57622K [0x0000000080000000, 0x0000000100000000)
  region size 1024K, 3 young (3072K), 3 survivors (3072K)
 Metaspace       used 49573K, capacity 50853K, committed 50992K, reserved 1093632K
  class space    used 6539K, capacity 6955K, committed 7040K, reserved 1048576K
}
Event: 32.334 GC heap before
{Heap before GC invocations=33 (full 0):
 garbage-first heap   total 116736K, used 85270K [0x0000000080000000, 0x0000000100000000)
  region size 1024K, 30 young (30720K), 3 survivors (3072K)
 Metaspace       used 53321K, capacity 54647K, committed 54960K, reserved 1097728K
  class space    used 7127K, capacity 7602K, committed 7680K, reserved 1048576K
}
Event: 32.357 GC heap after
{Heap after GC invocations=34 (full 0):
 garbage-first heap   total 116736K, used 59667K [0x0000000080000000, 0x0000000100000000)
  region size 1024K, 4 young (4096K), 4 survivors (4096K)
 Metaspace       used 53321K, capacity 54647K, committed 54960K, reserved 1097728K
  class space    used 7127K, capacity 7602K, committed 7680K, reserved 1048576K
}
Event: 33.240 GC heap before
{Heap before GC invocations=34 (full 0):
 garbage-first heap   total 116736K, used 87315K [0x0000000080000000, 0x0000000100000000)
  region size 1024K, 31 young (31744K), 4 survivors (4096K)
 Metaspace       used 54444K, capacity 55859K, committed 56112K, reserved 1097728K
  class space    used 7291K, capacity 7748K, committed 7808K, reserved 1048576K
}
Event: 33.265 GC heap after
{Heap after GC invocations=35 (full 0):
 garbage-first heap   total 116736K, used 62596K [0x0000000080000000, 0x0000000100000000)
  region size 1024K, 4 young (4096K), 4 survivors (4096K)
 Metaspace       used 54444K, capacity 55859K, committed 56112K, reserved 1097728K
  class space    used 7291K, capacity 7748K, committed 7808K, reserved 1048576K
}
Event: 34.739 GC heap before
{Heap before GC invocations=36 (full 0):
 garbage-first heap   total 116736K, used 89220K [0x0000000080000000, 0x0000000100000000)
  region size 1024K, 30 young (30720K), 4 survivors (4096K)
 Metaspace       used 56916K, capacity 58387K, committed 58672K, reserved 1099776K
  class space    used 7708K, capacity 8220K, committed 8320K, reserved 1048576K
}
Event: 34.768 GC heap after
{Heap after GC invocations=37 (full 0):
 garbage-first heap   total 116736K, used 64295K [0x0000000080000000, 0x0000000100000000)
  region size 1024K, 2 young (2048K), 2 survivors (2048K)
 Metaspace       used 56916K, capacity 58387K, committed 58672K, reserved 1099776K
  class space    used 7708K, capacity 8220K, committed 8320K, reserved 1048576K
}
Event: 36.429 GC heap before
{Heap before GC invocations=37 (full 0):
 garbage-first heap   total 116736K, used 90919K [0x0000000080000000, 0x0000000100000000)
  region size 1024K, 28 young (28672K), 2 survivors (2048K)
 Metaspace       used 59247K, capacity 60857K, committed 60976K, reserved 1101824K
  class space    used 8029K, capacity 8558K, committed 8576K, reserved 1048576K
}
Event: 36.449 GC heap after
{Heap after GC invocations=38 (full 0):
 garbage-first heap   total 144384K, used 66328K [0x0000000080000000, 0x0000000100000000)
  region size 1024K, 4 young (4096K), 4 survivors (4096K)
 Metaspace       used 59247K, capacity 60857K, committed 60976K, reserved 1101824K
  class space    used 8029K, capacity 8558K, committed 8576K, reserved 1048576K
}
Event: 39.623 GC heap before
{Heap before GC invocations=39 (full 0):
 garbage-first heap   total 144384K, used 102168K [0x0000000080000000, 0x0000000100000000)
  region size 1024K, 39 young (39936K), 4 survivors (4096K)
 Metaspace       used 61415K, capacity 63124K, committed 63408K, reserved 1103872K
  class space    used 8299K, capacity 8873K, committed 8960K, reserved 1048576K
}
Event: 39.659 GC heap after
{Heap after GC invocations=40 (full 0):
 garbage-first heap   total 144384K, used 71054K [0x0000000080000000, 0x0000000100000000)
  region size 1024K, 5 young (5120K), 5 survivors (5120K)
 Metaspace       used 61415K, capacity 63124K, committed 63408K, reserved 1103872K
  class space    used 8299K, capacity 8873K, committed 8960K, reserved 1048576K
}
Event: 43.976 GC heap before
{Heap before GC invocations=40 (full 0):
 garbage-first heap   total 144384K, used 105870K [0x0000000080000000, 0x0000000100000000)
  region size 1024K, 40 young (40960K), 5 survivors (5120K)
 Metaspace       used 62116K, capacity 63849K, committed 63920K, reserved 1103872K
  class space    used 8352K, capacity 8960K, committed 8960K, reserved 1048576K
}
Event: 44.029 GC heap after
{Heap after GC invocations=41 (full 0):
 garbage-first heap   total 144384K, used 73767K [0x0000000080000000, 0x0000000100000000)
  region size 1024K, 3 young (3072K), 3 survivors (3072K)
 Metaspace       used 62116K, capacity 63849K, committed 63920K, reserved 1103872K
  class space    used 8352K, capacity 8960K, committed 8960K, reserved 1048576K
}
Event: 48.042 GC heap before
{Heap before GC invocations=42 (full 0):
 garbage-first heap   total 144384K, used 108583K [0x0000000080000000, 0x0000000100000000)
  region size 1024K, 38 young (38912K), 3 survivors (3072K)
 Metaspace       used 63003K, capacity 64738K, committed 64816K, reserved 1105920K
  class space    used 8434K, capacity 9017K, committed 9088K, reserved 1048576K
}
Event: 48.062 GC heap after
{Heap after GC invocations=43 (full 0):
 garbage-first heap   total 144384K, used 75346K [0x0000000080000000, 0x0000000100000000)
  region size 1024K, 4 young (4096K), 4 survivors (4096K)
 Metaspace       used 63003K, capacity 64738K, committed 64816K, reserved 1105920K
  class space    used 8434K, capacity 9017K, committed 9088K, reserved 1048576K
}
Event: 50.802 GC heap before
{Heap before GC invocations=43 (full 0):
 garbage-first heap   total 144384K, used 110162K [0x0000000080000000, 0x0000000100000000)
  region size 1024K, 39 young (39936K), 4 survivors (4096K)
 Metaspace       used 63226K, capacity 64945K, committed 65072K, reserved 1105920K
  class space    used 8452K, capacity 9059K, committed 9088K, reserved 1048576K
}
Event: 50.827 GC heap after
{Heap after GC invocations=44 (full 0):
 garbage-first heap   total 144384K, used 77232K [0x0000000080000000, 0x0000000100000000)
  region size 1024K, 4 young (4096K), 4 survivors (4096K)
 Metaspace       used 63226K, capacity 64945K, committed 65072K, reserved 1105920K
  class space    used 8452K, capacity 9059K, committed 9088K, reserved 1048576K
}
Event: 54.618 GC heap before
{Heap before GC invocations=45 (full 0):
 garbage-first heap   total 144384K, used 112048K [0x0000000080000000, 0x0000000100000000)
  region size 1024K, 39 young (39936K), 4 survivors (4096K)
 Metaspace       used 63854K, capacity 65709K, committed 65968K, reserved 1105920K
  class space    used 8551K, capacity 9194K, committed 9216K, reserved 1048576K
}
Event: 54.644 GC heap after
{Heap after GC invocations=46 (full 0):
 garbage-first heap   total 174080K, used 79325K [0x0000000080000000, 0x0000000100000000)
  region size 1024K, 4 young (4096K), 4 survivors (4096K)
 Metaspace       used 63854K, capacity 65709K, committed 65968K, reserved 1105920K
  class space    used 8551K, capacity 9194K, committed 9216K, reserved 1048576K
}

Deoptimization events (20 events):
Event: 54.909 Thread 0x000002752bc8a800 DEOPT PACKING pc=0x00000275199dc1b8 sp=0x000000a7fe0fc2d0
Event: 54.909 Thread 0x000002752bc8a800 DEOPT UNPACKING pc=0x0000027511bc942f sp=0x000000a7fe0fc010 mode 2
Event: 54.909 Thread 0x000002752bc8a800 Uncommon trap: trap_request=0xffffffc6 fr.pc=0x00000275199dc1b8 relative=0x00000000000047d8
Event: 54.909 Thread 0x000002752bc8a800 Uncommon trap: reason=bimorphic_or_optimized_type_check action=maybe_recompile pc=0x00000275199dc1b8 method=org.gradle.internal.snapshot.SnapshotUtil.getMetadataFromChildren(Ljava/util/List;Lorg/gradle/internal/snapshot/VfsRelativePath;Lorg/gradle/interna
Event: 54.909 Thread 0x000002752bc8a800 DEOPT PACKING pc=0x00000275199dc1b8 sp=0x000000a7fe0fc180
Event: 54.909 Thread 0x000002752bc8a800 DEOPT UNPACKING pc=0x0000027511bc942f sp=0x000000a7fe0fbec0 mode 2
Event: 54.942 Thread 0x000002752bc8a800 DEOPT PACKING pc=0x0000027512e4d85a sp=0x000000a7fe0fd640
Event: 54.942 Thread 0x000002752bc8a800 DEOPT UNPACKING pc=0x0000027511bc994e sp=0x000000a7fe0fcb88 mode 0
Event: 54.963 Thread 0x000002752bc8a800 Uncommon trap: trap_request=0xffffffc6 fr.pc=0x00000275199fb8cc relative=0x0000000000000f6c
Event: 54.963 Thread 0x000002752bc8a800 Uncommon trap: reason=bimorphic_or_optimized_type_check action=maybe_recompile pc=0x00000275199fb8cc method=org.gradle.internal.snapshot.SnapshotUtil.getMetadataFromChildren(Ljava/util/List;Lorg/gradle/internal/snapshot/VfsRelativePath;Lorg/gradle/interna
Event: 54.963 Thread 0x000002752bc8a800 DEOPT PACKING pc=0x00000275199fb8cc sp=0x000000a7fe0fbe30
Event: 54.964 Thread 0x000002752bc8a800 DEOPT UNPACKING pc=0x0000027511bc942f sp=0x000000a7fe0fbdc8 mode 2
Event: 54.987 Thread 0x0000027528875000 DEOPT PACKING pc=0x00000275127c204b sp=0x000000a7fcffe6b0
Event: 54.987 Thread 0x0000027528875000 DEOPT UNPACKING pc=0x0000027511bc994e sp=0x000000a7fcffdb70 mode 0
Event: 54.987 Thread 0x0000027528875000 DEOPT PACKING pc=0x000002751278cb2d sp=0x000000a7fcffe620
Event: 54.987 Thread 0x0000027528875000 DEOPT UNPACKING pc=0x0000027511bc994e sp=0x000000a7fcffdae8 mode 0
Event: 55.154 Thread 0x0000027529684800 Uncommon trap: trap_request=0xffffff45 fr.pc=0x0000027519a158e0 relative=0x00000000000001c0
Event: 55.154 Thread 0x0000027529684800 Uncommon trap: reason=unstable_if action=reinterpret pc=0x0000027519a158e0 method=org.gradle.internal.hash.HashCode.equals(Ljava/lang/Object;)Z @ 2 c2
Event: 55.154 Thread 0x0000027529684800 DEOPT PACKING pc=0x0000027519a158e0 sp=0x000000a7fccfafc0
Event: 55.154 Thread 0x0000027529684800 DEOPT UNPACKING pc=0x0000027511bc942f sp=0x000000a7fccfaf48 mode 2

Classes unloaded (18 events):
Event: 24.899 Thread 0x00000275278e2000 Unloading class 0x000000080100ec40 'org/gradle/api/internal/artifacts/ivyservice/ivyresolve/ErrorHandlingModuleComponentRepository$ErrorHandlingModuleComponentRepositoryAccess$$Lambda$224'
Event: 24.899 Thread 0x00000275278e2000 Unloading class 0x000000080100f440 'org/gradle/api/internal/artifacts/ivyservice/ivyresolve/ErrorHandlingModuleComponentRepository$ErrorHandlingModuleComponentRepositoryAccess$$Lambda$222'
Event: 24.899 Thread 0x00000275278e2000 Unloading class 0x000000080100fc40 'org/gradle/api/internal/artifacts/ivyservice/ivyresolve/ErrorHandlingModuleComponentRepository$ErrorHandlingModuleComponentRepositoryAccess$$Lambda$219'
Event: 51.069 Thread 0x00000275278e2000 Unloading class 0x00000008013e6040 'org/gradle/internal/execution/steps/CaptureStateBeforeExecutionStep$$Lambda$552'
Event: 51.069 Thread 0x00000275278e2000 Unloading class 0x00000008013e7440 'org/gradle/internal/execution/steps/CaptureStateBeforeExecutionStep$$Lambda$549'
Event: 51.069 Thread 0x00000275278e2000 Unloading class 0x00000008013e0440 'java/lang/invoke/LambdaForm$DMH'
Event: 51.069 Thread 0x00000275278e2000 Unloading class 0x00000008013d5440 'org/gradle/internal/execution/steps/CaptureStateBeforeExecutionStep$$Lambda$543'
Event: 51.069 Thread 0x00000275278e2000 Unloading class 0x00000008013d3c40 'org/gradle/api/internal/artifacts/transform/ImmutableTransformationWorkspaceProvider$$Lambda$529'
Event: 51.069 Thread 0x00000275278e2000 Unloading class 0x00000008013d3040 'org/gradle/api/internal/artifacts/transform/AbstractCachingTransformationWorkspaceProvider$$Lambda$527'
Event: 51.069 Thread 0x00000275278e2000 Unloading class 0x00000008013d2c40 'java/lang/invoke/LambdaForm$MH'
Event: 51.069 Thread 0x00000275278e2000 Unloading class 0x00000008013d2440 'java/lang/invoke/LambdaForm$DMH'
Event: 51.069 Thread 0x00000275278e2000 Unloading class 0x00000008013d1c40 'org/gradle/api/internal/artifacts/transform/DefaultTransformerInvocationFactory$$Lambda$526'
Event: 51.069 Thread 0x00000275278e2000 Unloading class 0x00000008013d1040 'java/lang/invoke/LambdaForm$DMH'
Event: 51.069 Thread 0x00000275278e2000 Unloading class 0x00000008013d0840 'org/gradle/api/internal/artifacts/transform/TransformationStep$$Lambda$523'
Event: 51.070 Thread 0x00000275278e2000 Unloading class 0x00000008013d0040 'org/gradle/api/internal/artifacts/transform/TransformationStep$$Lambda$521'
Event: 51.070 Thread 0x00000275278e2000 Unloading class 0x00000008013a9040 'org/gradle/api/internal/artifacts/transform/TransformationStep$$Lambda$520'
Event: 51.070 Thread 0x00000275278e2000 Unloading class 0x00000008013aa840 'org/gradle/execution/plan/DefaultPlanExecutor$ExecutorWorker$$Lambda$513'
Event: 51.070 Thread 0x00000275278e2000 Unloading class 0x00000008013ab440 'org/gradle/execution/plan/DefaultPlanExecutor$ExecutorWorker$$Lambda$511'

Classes redefined (0 events):
No events

Internal exceptions (20 events):
Event: 47.011 Thread 0x000002752bc8a800 Exception <a 'java/lang/NoSuchMethodError'{0x0000000087243fc0}: 'java.lang.Object java.lang.invoke.Invokers$Holder.linkToTargetMethod(java.lang.Object, java.lang.Object, java.lang.Object, java.lang.Object, java.lang.Object, java.lang.Object, java.lang.Object, java.lang.Object)'> (0x0000000087243fc0) 
thrown [t:/workspace/open/src/hotspot/share/interpreter/linkResolver.cpp, line 767]
Event: 47.196 Thread 0x0000027528875000 Exception <a 'java/lang/NoSuchMethodError'{0x0000000087170268}: static Lorg/gradle/internal/build/event/types/DefaultTaskSkippedResult;.<clinit>()V> (0x0000000087170268) 
thrown [t:/workspace/open/src/hotspot/share/prims/jni.cpp, line 1347]
Event: 51.597 Thread 0x000002752bc8a800 Exception <a 'java/lang/NoSuchMethodError'{0x00000000888ed6d8}: 'void java.lang.invoke.DirectMethodHandle$Holder.invokeVirtual(java.lang.Object, java.lang.Object)'> (0x00000000888ed6d8) 
thrown [t:/workspace/open/src/hotspot/share/interpreter/linkResolver.cpp, line 767]
Event: 52.040 Thread 0x000002752bc8a800 Exception <a 'java/lang/NoSuchMethodError'{0x00000000887bcd38}: 'java.lang.Object java.lang.invoke.DirectMethodHandle$Holder.invokeStatic(java.lang.Object, java.lang.Object, java.lang.Object, java.lang.Object, int)'> (0x00000000887bcd38) 
thrown [t:/workspace/open/src/hotspot/share/interpreter/linkResolver.cpp, line 767]
Event: 52.041 Thread 0x000002752bc8a800 Exception <a 'java/lang/NoSuchMethodError'{0x00000000887c0aa8}: 'java.lang.Object java.lang.invoke.DirectMethodHandle$Holder.invokeSpecial(java.lang.Object, java.lang.Object, java.lang.Object, java.lang.Object, java.lang.Object, int)'> (0x00000000887c0aa8) 
thrown [t:/workspace/open/src/hotspot/share/interpreter/linkResolver.cpp, line 767]
Event: 52.041 Thread 0x000002752bc8a800 Exception <a 'java/lang/NoSuchMethodError'{0x00000000887c41e0}: 'java.lang.Object java.lang.invoke.Invokers$Holder.linkToTargetMethod(java.lang.Object, java.lang.Object, java.lang.Object, int, java.lang.Object)'> (0x00000000887c41e0) 
thrown [t:/workspace/open/src/hotspot/share/interpreter/linkResolver.cpp, line 767]
Event: 53.661 Thread 0x0000027529684800 Exception <a 'java/lang/NoSuchMethodError'{0x000000008738e658}: static Lcom/android/build/gradle/internal/scope/SingleArtifactType;.<clinit>()V> (0x000000008738e658) 
thrown [t:/workspace/open/src/hotspot/share/prims/jni.cpp, line 1347]
Event: 53.661 Thread 0x0000027529684800 Exception <a 'java/lang/NoSuchMethodError'{0x0000000087391b38}: static Lcom/android/build/gradle/internal/scope/SingleArtifactType;.<clinit>()V> (0x0000000087391b38) 
thrown [t:/workspace/open/src/hotspot/share/prims/jni.cpp, line 1347]
Event: 53.664 Thread 0x0000027529684800 Exception <a 'java/lang/NoSuchMethodError'{0x00000000873b1548}: static Lcom/android/build/api/artifact/ArtifactKind;.<clinit>()V> (0x00000000873b1548) 
thrown [t:/workspace/open/src/hotspot/share/prims/jni.cpp, line 1347]
Event: 53.667 Thread 0x0000027529684800 Exception <a 'java/lang/NoSuchMethodError'{0x00000000873b2fd0}: static Lcom/android/build/api/artifact/ArtifactKind;.<clinit>()V> (0x00000000873b2fd0) 
thrown [t:/workspace/open/src/hotspot/share/prims/jni.cpp, line 1347]
Event: 54.302 Thread 0x000002752bc8a800 Exception <a 'sun/nio/fs/WindowsException'{0x0000000086e672b0}> (0x0000000086e672b0) 
thrown [t:/workspace/open/src/hotspot/share/prims/jni.cpp, line 598]
Event: 54.331 Thread 0x000002752bc8a800 Exception <a 'sun/nio/fs/WindowsException'{0x0000000086e67c30}> (0x0000000086e67c30) 
thrown [t:/workspace/open/src/hotspot/share/prims/jni.cpp, line 598]
Event: 54.331 Thread 0x000002752bc8a800 Exception <a 'sun/nio/fs/WindowsException'{0x0000000086e68890}> (0x0000000086e68890) 
thrown [t:/workspace/open/src/hotspot/share/prims/jni.cpp, line 598]
Event: 54.335 Thread 0x000002752bc8a800 Exception <a 'sun/nio/fs/WindowsException'{0x0000000086e6ff68}> (0x0000000086e6ff68) 
thrown [t:/workspace/open/src/hotspot/share/prims/jni.cpp, line 598]
Event: 54.336 Thread 0x000002752bc8a800 Exception <a 'sun/nio/fs/WindowsException'{0x0000000086e708a8}> (0x0000000086e708a8) 
thrown [t:/workspace/open/src/hotspot/share/prims/jni.cpp, line 598]
Event: 54.336 Thread 0x000002752bc8a800 Exception <a 'sun/nio/fs/WindowsException'{0x0000000086e71268}> (0x0000000086e71268) 
thrown [t:/workspace/open/src/hotspot/share/prims/jni.cpp, line 598]
Event: 54.336 Thread 0x000002752bc8a800 Exception <a 'sun/nio/fs/WindowsException'{0x0000000086e72f08}> (0x0000000086e72f08) 
thrown [t:/workspace/open/src/hotspot/share/prims/jni.cpp, line 598]
Event: 54.336 Thread 0x000002752bc8a800 Exception <a 'sun/nio/fs/WindowsException'{0x0000000086e73858}> (0x0000000086e73858) 
thrown [t:/workspace/open/src/hotspot/share/prims/jni.cpp, line 598]
Event: 54.336 Thread 0x000002752bc8a800 Exception <a 'sun/nio/fs/WindowsException'{0x0000000086e74228}> (0x0000000086e74228) 
thrown [t:/workspace/open/src/hotspot/share/prims/jni.cpp, line 598]
Event: 54.573 Thread 0x000002752bc8a800 Implicit null exception at 0x0000027519a1b0cc to 0x0000027519a1b832

Events (20 events):
Event: 54.367 loading class com/google/common/collect/ForwardingCollection
Event: 54.367 loading class com/google/common/collect/ForwardingCollection done
Event: 54.368 loading class com/google/common/collect/ForwardingObject
Event: 54.368 loading class com/google/common/collect/ForwardingObject done
Event: 54.369 loading class com/google/common/collect/Maps$FilteredEntryMap$EntrySet$1
Event: 54.369 loading class com/google/common/collect/Maps$FilteredEntryMap$EntrySet$1 done
Event: 54.370 loading class com/google/common/collect/Maps$FilteredEntryMap$EntrySet$1$1
Event: 54.370 loading class com/google/common/collect/Maps$FilteredEntryMap$EntrySet$1$1 done
Event: 54.370 loading class com/google/common/collect/ForwardingMapEntry
Event: 54.370 loading class com/google/common/collect/ForwardingMapEntry done
Event: 54.372 loading class org/gradle/internal/execution/history/changes/DefaultIncrementalInputProperties
Event: 54.372 loading class org/gradle/internal/execution/history/changes/DefaultIncrementalInputProperties done
Event: 54.372 loading class org/gradle/internal/execution/history/changes/DefaultIncrementalInputProperties
Event: 54.372 loading class org/gradle/internal/execution/history/changes/DefaultIncrementalInputProperties done
Event: 54.617 Executing VM operation: G1CollectForAllocation
Event: 54.647 Executing VM operation: G1CollectForAllocation done
Event: 54.918 loading class org/gradle/internal/snapshot/UnknownSnapshot
Event: 54.918 loading class org/gradle/internal/snapshot/UnknownSnapshot done
Event: 54.918 Executing VM operation: Deoptimize
Event: 54.920 Executing VM operation: Deoptimize done


Dynamic libraries:
0x00007ff6452d0000 - 0x00007ff6452df000 	C:\Program Files\Java\jdk-13.0.2\bin\java.exe
0x00007ff845a20000 - 0x00007ff845c0d000 	C:\Windows\SYSTEM32\ntdll.dll
0x00007ff8452c0000 - 0x00007ff845373000 	C:\Windows\System32\KERNEL32.DLL
0x00007ff841ae0000 - 0x00007ff841d75000 	C:\Windows\System32\KERNELBASE.dll
0x00007ff8420b0000 - 0x00007ff8421aa000 	C:\Windows\System32\ucrtbase.dll
0x00007ff8385a0000 - 0x00007ff8385b5000 	C:\Program Files\Java\jdk-13.0.2\bin\VCRUNTIME140.dll
0x00007ff835400000 - 0x00007ff835418000 	C:\Program Files\Java\jdk-13.0.2\bin\jli.dll
0x00007ff842f70000 - 0x00007ff843013000 	C:\Windows\System32\ADVAPI32.dll
0x00007ff845740000 - 0x00007ff8457de000 	C:\Windows\System32\msvcrt.dll
0x00007ff844eb0000 - 0x00007ff844f4e000 	C:\Windows\System32\sechost.dll
0x00007ff844d70000 - 0x00007ff844e92000 	C:\Windows\System32\RPCRT4.dll
0x00007ff843620000 - 0x00007ff8437b7000 	C:\Windows\System32\USER32.dll
0x00007ff842330000 - 0x00007ff842350000 	C:\Windows\System32\win32u.dll
0x00007ff8456a0000 - 0x00007ff8456c9000 	C:\Windows\System32\GDI32.dll
0x00007ff842aa0000 - 0x00007ff842c39000 	C:\Windows\System32\gdi32full.dll
0x00007ff8305b0000 - 0x00007ff830829000 	C:\Windows\WinSxS\amd64_microsoft.windows.common-controls_6595b64144ccf1df_6.0.17763.1217_none_de6e4304534e0ad3\COMCTL32.dll
0x00007ff841d80000 - 0x00007ff841e20000 	C:\Windows\System32\msvcp_win.dll
0x00007ff842c40000 - 0x00007ff842f6c000 	C:\Windows\System32\combase.dll
0x00007ff8421e0000 - 0x00007ff84225e000 	C:\Windows\System32\bcryptPrimitives.dll
0x00007ff83d520000 - 0x00007ff83d52a000 	C:\Windows\SYSTEM32\VERSION.dll
0x00007ff845610000 - 0x00007ff84563e000 	C:\Windows\System32\IMM32.DLL
0x00007ff820540000 - 0x00007ff8205db000 	C:\Program Files\Java\jdk-13.0.2\bin\msvcp140.dll
0x00007ff818bf0000 - 0x00007ff81974d000 	C:\Program Files\Java\jdk-13.0.2\bin\server\jvm.dll
0x00007ff843610000 - 0x00007ff843618000 	C:\Windows\System32\PSAPI.DLL
0x00007ff83b280000 - 0x00007ff83b289000 	C:\Windows\SYSTEM32\WSOCK32.dll
0x00007ff83fa10000 - 0x00007ff83fa34000 	C:\Windows\SYSTEM32\WINMM.dll
0x00007ff844f50000 - 0x00007ff844fbd000 	C:\Windows\System32\WS2_32.dll
0x00007ff83f9e0000 - 0x00007ff83fa0d000 	C:\Windows\SYSTEM32\WINMMBASE.dll
0x00007ff841e20000 - 0x00007ff841e6a000 	C:\Windows\System32\cfgmgr32.dll
0x00007ff841a70000 - 0x00007ff841a81000 	C:\Windows\System32\kernel.appcore.dll
0x00007ff83fc20000 - 0x00007ff83fc30000 	C:\Program Files\Java\jdk-13.0.2\bin\verify.dll
0x00007ff831500000 - 0x00007ff8316ed000 	C:\Windows\SYSTEM32\DBGHELP.DLL
0x00007ff8313f0000 - 0x00007ff83141a000 	C:\Windows\SYSTEM32\dbgcore.DLL
0x00007ff82d6c0000 - 0x00007ff82d6e6000 	C:\Program Files\Java\jdk-13.0.2\bin\java.dll
0x00007ff8310d0000 - 0x00007ff8310e7000 	C:\Program Files\Java\jdk-13.0.2\bin\zip.dll
0x00007ff83fb30000 - 0x00007ff83fb3a000 	C:\Program Files\Java\jdk-13.0.2\bin\jimage.dll
0x00007ff8437c0000 - 0x00007ff844cb4000 	C:\Windows\System32\SHELL32.dll
0x00007ff844cc0000 - 0x00007ff844d68000 	C:\Windows\System32\shcore.dll
0x00007ff842350000 - 0x00007ff842a9e000 	C:\Windows\System32\windows.storage.dll
0x00007ff841a90000 - 0x00007ff841ab4000 	C:\Windows\System32\profapi.dll
0x00007ff841a10000 - 0x00007ff841a6d000 	C:\Windows\System32\powrprof.dll
0x00007ff845640000 - 0x00007ff845692000 	C:\Windows\System32\shlwapi.dll
0x00007ff842310000 - 0x00007ff842327000 	C:\Windows\System32\cryptsp.dll
0x00007ff830110000 - 0x00007ff830129000 	C:\Program Files\Java\jdk-13.0.2\bin\net.dll
0x00007ff8394b0000 - 0x00007ff8395a2000 	C:\Windows\SYSTEM32\WINHTTP.dll
0x00007ff8411d0000 - 0x00007ff841237000 	C:\Windows\system32\mswsock.dll
0x00007ff82e9b0000 - 0x00007ff82e9c3000 	C:\Program Files\Java\jdk-13.0.2\bin\nio.dll
0x00007ff8274c0000 - 0x00007ff8274e6000 	C:\Users\ELCOT\.gradle\caches\gradle-6.5\native\31\windows-amd64\native-platform.dll
0x00007ff83b550000 - 0x00007ff83b559000 	C:\Program Files\Java\jdk-13.0.2\bin\management.dll
0x00007ff83ae50000 - 0x00007ff83ae5b000 	C:\Program Files\Java\jdk-13.0.2\bin\management_ext.dll
0x00007ff840d60000 - 0x00007ff840d93000 	C:\Windows\system32\rsaenh.dll
0x00007ff8421b0000 - 0x00007ff8421d6000 	C:\Windows\System32\bcrypt.dll
0x00007ff841940000 - 0x00007ff841968000 	C:\Windows\SYSTEM32\USERENV.dll
0x00007ff841350000 - 0x00007ff84135c000 	C:\Windows\SYSTEM32\CRYPTBASE.dll
0x00007ff840f00000 - 0x00007ff840f3d000 	C:\Windows\SYSTEM32\IPHLPAPI.DLL
0x00007ff8456d0000 - 0x00007ff8456d8000 	C:\Windows\System32\NSI.dll
0x00007ff839490000 - 0x00007ff8394a6000 	C:\Windows\SYSTEM32\dhcpcsvc6.DLL
0x00007ff839470000 - 0x00007ff83948c000 	C:\Windows\SYSTEM32\dhcpcsvc.DLL
0x00007ff840f40000 - 0x00007ff841007000 	C:\Windows\SYSTEM32\DNSAPI.dll

dbghelp: loaded successfully - version: 4.0.5 - missing functions: none
symbol engine: initialized successfully - sym options: 0x614 - pdb path: .;C:\Program Files\Java\jdk-13.0.2\bin;C:\Windows\SYSTEM32;C:\Windows\WinSxS\amd64_microsoft.windows.common-controls_6595b64144ccf1df_6.0.17763.1217_none_de6e4304534e0ad3;C:\Program Files\Java\jdk-13.0.2\bin\server;C:\Users\ELCOT\.gradle\caches\gradle-6.5\native\31\windows-amd64

VM Arguments:
jvm_args: --add-opens=java.base/java.util=ALL-UNNAMED --add-opens=java.base/java.lang=ALL-UNNAMED --add-opens=java.base/java.lang.invoke=ALL-UNNAMED --add-opens=java.prefs/java.util.prefs=ALL-UNNAMED -Xmx2048m -Dfile.encoding=windows-1252 -Duser.country=IN -Duser.language=en -Duser.variant 
java_command: org.gradle.launcher.daemon.bootstrap.GradleDaemon 6.1.1
java_class_path (initial): C:\Users\ELCOT\.gradle\caches\gradle-6.5\wrapper\dists\gradle-6.1.1-all\cfmwm155h49vnt3hynmlrsdst\gradle-6.1.1\lib\gradle-launcher-6.1.1.jar
Launcher Type: SUN_STANDARD

[Global flags]
     intx CICompilerCount                          = 2                                         {product} {ergonomic}
     uint ConcGCThreads                            = 1                                         {product} {ergonomic}
     uint G1ConcRefinementThreads                  = 2                                         {product} {ergonomic}
   size_t G1HeapRegionSize                         = 1048576                                   {product} {ergonomic}
    uintx GCDrainStackTargetSize                   = 64                                        {product} {ergonomic}
   size_t InitialHeapSize                          = 65011712                                  {product} {ergonomic}
   size_t MarkStackSize                            = 4194304                                   {product} {ergonomic}
   size_t MaxHeapSize                              = 2147483648                                {product} {command line}
   size_t MaxNewSize                               = 1287651328                                {product} {ergonomic}
   size_t MinHeapDeltaBytes                        = 1048576                                   {product} {ergonomic}
   size_t MinHeapSize                              = 8388608                                   {product} {ergonomic}
    uintx NonNMethodCodeHeapSize                   = 5826188                                {pd product} {ergonomic}
    uintx NonProfiledCodeHeapSize                  = 122916026                              {pd product} {ergonomic}
    uintx ProfiledCodeHeapSize                     = 122916026                              {pd product} {ergonomic}
    uintx ReservedCodeCacheSize                    = 251658240                              {pd product} {ergonomic}
     bool SegmentedCodeCache                       = true                                      {product} {ergonomic}
   size_t SoftMaxHeapSize                          = 2147483648                             {manageable} {ergonomic}
     bool UseCompressedClassPointers               = true                                 {lp64_product} {ergonomic}
     bool UseCompressedOops                        = true                                 {lp64_product} {ergonomic}
     bool UseG1GC                                  = true                                      {product} {ergonomic}
     bool UseLargePagesIndividualAllocation        = false                                  {pd product} {ergonomic}

Logging:
Log output configuration:
 #0: stdout all=warning uptime,level,tags
 #1: stderr all=off uptime,level,tags

Environment Variables:
JAVA_HOME=C:\Program Files\Android\Android Studio\jre
PATH=C:\Program Files\AdoptOpenJDK\jdk-11.0.7.10-hotspot\bin;C:\Program Files (x86)\Common Files\Oracle\Java\javapath;C:\MinGW\bin;C:\Windows\system32;C:\Windows;C:\Windows\System32\Wbem;C:\Windows\System32\WindowsPowerShell\v1.0\;C:\Windows\System32\OpenSSH\;C:\Program Files\nodejs\;C:\Users\ELCOT\Downloads\python-3.8.2;C:\Program Files\Dart\dart-sdk\bin;C:\drivers\chromedriver_win32.zip;C:\src\flutter\flutter_windows_v1.12.13+hotfix.9-stable\flutter\bin;C:\Program Files (x86)\Android\android-sdk\platforms\platform-tools;C:\Program Files (x86)\Android\android-sdk\platform-tools\api;C:\Downloads\installer_r16-windows.exe;C:\ProgramData\Microsoft\Windows\Start Menu\Programs\Android SDK Tools;D:\kishoreAndroid\Android\Android Studio\bin;D:\kishoreAndroid\Android\Android Studio;C:\ProgramData\Microsoft\Windows\Start Menu\Programs\Visual Studio Emulator for Android.lnk;C:\Downloads\vs_emulatorsetup.exe;C:\Program Files (x86)\Android\android-sdk\SDK Manager;D:\Kishore\platforms;C:\Users\ELCOT\AppData\Local\Programs\Python\Python38\Scripts\;C:\Users\;C:\Program Files\Android\Android Studio\jre;C:\Program Files\Java\jdk-13.0.2\bin;C:\Program Files\Java\jre1.8.0_251\bin;C:\Program Files (x86)\Android\platform-tools;C:\Downloads\python-3.8.2.exe;C:\Program Files\dotnet\;C:\Program Files\Microsoft SQL Server\130\Tools\Binn\;C:\Program Files\Microsoft SQL Server\Client SDK\ODBC\170\Tools\Binn\;D:\Git\cmd;C:\Users\ELCOT\AppData\Roaming\npm;C:\Users\ELCOT\AppData\Local\Programs\Python\Python39\Scripts\;C:\Users\ELCOT\AppData\Local\Programs\Python\Python39\;C:\Users\ELCOT\AppData\Local\ValidatorBuddy;C:\Users\ELCOT\AppData\Local\Programs\Python\Python38;C:\src\flutter\bin;D:\Heroku\bin;D:\Microsoft VS Code\bin;C:\Users\ELCOT\AppData\Roaming\npm\node_modules\firebase\node_modules\protobufjs\bin;
USERNAME=ELCOT
OS=Windows_NT
PROCESSOR_IDENTIFIER=AMD64 Family 21 Model 112 Stepping 0, AuthenticAMD



---------------  S Y S T E M  ---------------

OS: Windows 10 , 64 bit Build 17763 (10.0.17763.1158)
HyperV virtualization detected

CPU:total 2 (initial active 2) (2 cores per cpu, 1 threads per core) family 21 model 112 stepping 0, cmov, cx8, fxsr, mmx, sse, sse2, sse3, ssse3, sse4.1, sse4.2, popcnt, avx, avx2, aes, clmul, mmxext, 3dnowpref, lzcnt, sse4a, tsc, tscinvbit, tscinv, bmi1, bmi2, fma

Memory: 4k page, system-wide physical 3935M (322M free)
TotalPageFile size 5322M (AvailPageFile size 5M)
current process WorkingSet (physical memory assigned to process): 346M, peak: 346M
current process commit charge ("private bytes"): 395M, peak: 396M

vm_info: Java HotSpot(TM) 64-Bit Server VM (13.0.2+8) for windows-amd64 JRE (13.0.2+8), built on Dec 11 2019 09:20:33 by "mach5one" with unknown MS VC++:1916

END.
