#
# There is insufficient memory for the Java Runtime Environment to continue.
# Native memory allocation (mmap) failed to map 173015040 bytes for Failed to commit area from 0x0000000090400000 to 0x000000009a900000 of length 173015040.
# Possible reasons:
#   The system is out of physical RAM or swap space
#   The process is running with CompressedOops enabled, and the Java Heap may be blocking the growth of the native heap
# Possible solutions:
#   Reduce memory load on the system
#   Increase physical memory or swap space
#   Check if swap backing store is full
#   Decrease Java heap size (-Xmx/-Xms)
#   Decrease number of Java threads
#   Decrease Java thread stack sizes (-Xss)
#   Set larger code cache with -XX:ReservedCodeCacheSize=
#   JVM is running with Unscaled Compressed Oops mode in which the Java heap is
#     placed in the first 4GB address space. The Java Heap base address is the
#     maximum limit for the native heap growth. Please use -XX:HeapBaseMinAddress
#     to set the Java Heap base and to place the Java Heap above 4GB virtual address.
# This output file may be truncated or incomplete.
#
#  Out of Memory Error (t:/workspace/open/src/hotspot/os/windows/os_windows.cpp:3301), pid=2908, tid=772
#
# JRE version: Java(TM) SE Runtime Environment (13.0.2+8) (build 13.0.2+8)
# Java VM: Java HotSpot(TM) 64-Bit Server VM (13.0.2+8, mixed mode, sharing, tiered, compressed oops, g1 gc, windows-amd64)
# No core dump will be written. Minidumps are not enabled by default on client versions of Windows
#

---------------  S U M M A R Y ------------

Command Line: --add-opens=java.base/java.util=ALL-UNNAMED --add-opens=java.base/java.lang=ALL-UNNAMED --add-opens=java.base/java.lang.invoke=ALL-UNNAMED --add-opens=java.prefs/java.util.prefs=ALL-UNNAMED -Xmx2048m -Dfile.encoding=windows-1252 -Duser.country=IN -Duser.language=en -Duser.variant org.gradle.launcher.daemon.bootstrap.GradleDaemon 6.1.1

Host: AMD PRO A4-4350B R4, 5 COMPUTE CORES 2C+3G     , 2 cores, 3G,  Windows 10 , 64 bit Build 17763 (10.0.17763.1158)
Time: Sat Sep 12 02:17:18 2020 Pacific Daylight Time elapsed time: 55 seconds (0d 0h 0m 55s)

---------------  T H R E A D  ---------------

Current thread (0x000001e4417fc000):  VMThread "VM Thread" [stack: 0x000000dae4b00000,0x000000dae4c00000] [id=772]

Stack: [0x000000dae4b00000,0x000000dae4c00000]
[error occurred during error reporting (printing stack bounds), id 0xc0000005, EXCEPTION_ACCESS_VIOLATION (0xc0000005) at pc=0x000001e449c310ad]

Native frames: (J=compiled Java code, j=interpreted, Vv=VM code, C=native code)
V  [jvm.dll+0x624f9a]
V  [jvm.dll+0x770cfa]
V  [jvm.dll+0x7724af]
V  [jvm.dll+0x772a15]
V  [jvm.dll+0x7729cb]
V  [jvm.dll+0x6244df]
C  [ntdll.dll+0x66b26]
C  [ntdll.dll+0x4849]
C  [ntdll.dll+0xa350e]
C  0x000001e449c310ad

VM_Operation (0x000000dae75fe2f0): G1CollectForAllocation, mode: safepoint, requested by thread 0x000001e462528000


---------------  P R O C E S S  ---------------

Threads class SMR info:
_java_thread_list=0x000001e464d83bc0, length=39, elements={
0x000001e441732000, 0x000001e4417fe000, 0x000001e45f992000, 0x000001e45f9ad000,
0x000001e45f9af000, 0x000001e45f9b0000, 0x000001e45fa18800, 0x000001e45fa27000,
0x000001e4603ee000, 0x000001e4603f5000, 0x000001e461f00800, 0x000001e46180c000,
0x000001e4603ae000, 0x000001e460e4f800, 0x000001e4607b4800, 0x000001e4603a4800,
0x000001e4603a5000, 0x000001e461326000, 0x000001e461192000, 0x000001e461323000,
0x000001e4608d1000, 0x000001e4608cf800, 0x000001e4608d1800, 0x000001e4608d3800,
0x000001e4608d2800, 0x000001e4608d4000, 0x000001e4608d5000, 0x000001e4608d6000,
0x000001e462520000, 0x000001e46251c800, 0x000001e46251d800, 0x000001e46251f000,
0x000001e46251b000, 0x000001e46251a000, 0x000001e462525800, 0x000001e462521800,
0x000001e462520800, 0x000001e462527000, 0x000001e462528000
}

Java Threads: ( => current thread )
  0x000001e441732000 JavaThread "main" [_thread_blocked, id=6248, stack(0x000000dae4500000,0x000000dae4600000)]
  0x000001e4417fe000 JavaThread "Reference Handler" daemon [_thread_blocked, id=8440, stack(0x000000dae4c00000,0x000000dae4d00000)]
  0x000001e45f992000 JavaThread "Finalizer" daemon [_thread_blocked, id=976, stack(0x000000dae4d00000,0x000000dae4e00000)]
  0x000001e45f9ad000 JavaThread "Signal Dispatcher" daemon [_thread_blocked, id=6088, stack(0x000000dae4e00000,0x000000dae4f00000)]
  0x000001e45f9af000 JavaThread "Attach Listener" daemon [_thread_blocked, id=2656, stack(0x000000dae4f00000,0x000000dae5000000)]
  0x000001e45f9b0000 JavaThread "C2 CompilerThread0" daemon [_thread_blocked, id=8304, stack(0x000000dae5000000,0x000000dae5100000)]
  0x000001e45fa18800 JavaThread "C1 CompilerThread0" daemon [_thread_blocked, id=8528, stack(0x000000dae5100000,0x000000dae5200000)]
  0x000001e45fa27000 JavaThread "Sweeper thread" daemon [_thread_blocked, id=9416, stack(0x000000dae5200000,0x000000dae5300000)]
  0x000001e4603ee000 JavaThread "Common-Cleaner" daemon [_thread_blocked, id=6168, stack(0x000000dae5300000,0x000000dae5400000)]
  0x000001e4603f5000 JavaThread "Service Thread" daemon [_thread_blocked, id=8164, stack(0x000000dae5400000,0x000000dae5500000)]
  0x000001e461f00800 JavaThread "Daemon health stats" [_thread_blocked, id=8112, stack(0x000000dae5700000,0x000000dae5800000)]
  0x000001e46180c000 JavaThread "Incoming local TCP Connector on port 57882" [_thread_in_native, id=4256, stack(0x000000dae5800000,0x000000dae5900000)]
  0x000001e4603ae000 JavaThread "Daemon periodic checks" [_thread_blocked, id=7532, stack(0x000000dae5900000,0x000000dae5a00000)]
  0x000001e460e4f800 JavaThread "Daemon" [_thread_blocked, id=1000, stack(0x000000dae5a00000,0x000000dae5b00000)]
  0x000001e4607b4800 JavaThread "Handler for socket connection from /127.0.0.1:57882 to /127.0.0.1:57883" [_thread_in_native, id=9272, stack(0x000000dae5b00000,0x000000dae5c00000)]
  0x000001e4603a4800 JavaThread "Cancel handler" [_thread_blocked, id=4976, stack(0x000000dae5c00000,0x000000dae5d00000)]
  0x000001e4603a5000 JavaThread "Daemon worker" [_thread_blocked, id=9368, stack(0x000000dae5d00000,0x000000dae5e00000)]
  0x000001e461326000 JavaThread "Asynchronous log dispatcher for DefaultDaemonConnection: socket connection from /127.0.0.1:57882 to /127.0.0.1:57883" [_thread_blocked, id=8428, stack(0x000000dae5e00000,0x000000dae5f00000)]
  0x000001e461192000 JavaThread "Stdin handler" [_thread_blocked, id=9156, stack(0x000000dae5f00000,0x000000dae6000000)]
  0x000001e461323000 JavaThread "Thread-8" [_thread_blocked, id=10308, stack(0x000000dae6000000,0x000000dae6100000)]
  0x000001e4608d1000 JavaThread "Cache worker for journal cache (C:\Users\ELCOT\.gradle\caches\gradle-6.5\caches\journal-1)" [_thread_blocked, id=660, stack(0x000000dae6100000,0x000000dae6200000)]
  0x000001e4608cf800 JavaThread "File lock request listener" [_thread_in_native, id=10164, stack(0x000000dae6200000,0x000000dae6300000)]
  0x000001e4608d1800 JavaThread "Cache worker for file hash cache (C:\Users\ELCOT\.gradle\caches\gradle-6.5\caches\6.1.1\fileHashes)" [_thread_blocked, id=6124, stack(0x000000dae6300000,0x000000dae6400000)]
  0x000001e4608d3800 JavaThread "Cache worker for checksums cache (D:\AndroidStudioProjects\DoChat\.gradle\checksums)" [_thread_blocked, id=10780, stack(0x000000dae6400000,0x000000dae6500000)]
  0x000001e4608d2800 JavaThread "Cache worker for file hash cache (D:\AndroidStudioProjects\DoChat\.gradle\6.1.1\fileHashes)" [_thread_blocked, id=1148, stack(0x000000dae6500000,0x000000dae6600000)]
  0x000001e4608d4000 JavaThread "Cache worker for cache directory md-supplier (C:\Users\ELCOT\.gradle\caches\gradle-6.5\caches\6.1.1\md-supplier)" [_thread_blocked, id=8012, stack(0x000000dae6600000,0x000000dae6700000)]
  0x000001e4608d5000 JavaThread "Cache worker for cache directory md-rule (C:\Users\ELCOT\.gradle\caches\gradle-6.5\caches\6.1.1\md-rule)" [_thread_blocked, id=6856, stack(0x000000dae6700000,0x000000dae6800000)]
  0x000001e4608d6000 JavaThread "Cache worker for execution history cache (C:\Users\ELCOT\.gradle\caches\gradle-6.5\caches\6.1.1\executionHistory)" [_thread_blocked, id=6440, stack(0x000000dae6800000,0x000000dae6900000)]
  0x000001e462520000 JavaThread "Build operations" [_thread_blocked, id=3888, stack(0x000000dae6900000,0x000000dae6a00000)]
  0x000001e46251c800 JavaThread "Build operations Thread 2" [_thread_blocked, id=8520, stack(0x000000dae6a00000,0x000000dae6b00000)]
  0x000001e46251d800 JavaThread "Cache worker for Build Output Cleanup Cache (D:\AndroidStudioProjects\DoChat\.gradle\buildOutputCleanup)" [_thread_blocked, id=5764, stack(0x000000dae6b00000,0x000000dae6c00000)]
  0x000001e46251f000 JavaThread "Memory manager" [_thread_blocked, id=5728, stack(0x000000dae6c00000,0x000000dae6d00000)]
  0x000001e46251b000 JavaThread "Cache worker for file content cache (C:\Users\ELCOT\.gradle\caches\gradle-6.5\caches\6.1.1\fileContent)" [_thread_blocked, id=540, stack(0x000000dae6d00000,0x000000dae6e00000)]
  0x000001e46251a000 JavaThread "Cache worker for file content cache (D:\AndroidStudioProjects\DoChat\.gradle\6.1.1\fileContent)" [_thread_blocked, id=8904, stack(0x000000dae6e00000,0x000000dae6f00000)]
  0x000001e462525800 JavaThread "Execution worker for ':'" [_thread_blocked, id=9180, stack(0x000000dae6f00000,0x000000dae7000000)]
  0x000001e462521800 JavaThread "Cache worker for execution history cache (D:\AndroidStudioProjects\DoChat\.gradle\6.1.1\executionHistory)" [_thread_blocked, id=8928, stack(0x000000dae7200000,0x000000dae7300000)]
  0x000001e462520800 JavaThread "WorkerExecutor Queue" [_thread_blocked, id=216, stack(0x000000dae7300000,0x000000dae7400000)]
  0x000001e462527000 JavaThread "ForkJoinPool-1-worker-3" daemon [_thread_blocked, id=10936, stack(0x000000dae7400000,0x000000dae7500000)]
  0x000001e462528000 JavaThread "ForkJoinPool-1-worker-1" daemon [_thread_blocked, id=6788, stack(0x000000dae7500000,0x000000dae7600000)]

Other Threads:
=>0x000001e4417fc000 VMThread "VM Thread" [stack: 0x000000dae4b00000,0x000000dae4c00000] [id=772]
  0x000001e460403000 WatcherThread [stack: 0x000000dae5500000,0x000000dae5600000] [id=6232]
  0x000001e441774000 GCTaskThread "GC Thread#0" [stack: 0x000000dae4600000,0x000000dae4700000] [id=1888]
  0x000001e460510800 GCTaskThread "GC Thread#1" [stack: 0x000000dae5600000,0x000000dae5700000] [id=2580]
  0x000001e441785800 ConcurrentGCThread "G1 Main Marker" [stack: 0x000000dae4700000,0x000000dae4800000] [id=300]
  0x000001e441786800 ConcurrentGCThread "G1 Conc#0" [stack: 0x000000dae4800000,0x000000dae4900000] [id=5460]
  0x000001e4417d4800 ConcurrentGCThread "G1 Refine#0" [stack: 0x000000dae4900000,0x000000dae4a00000] [id=10108]
  0x000001e4417d6800 ConcurrentGCThread "G1 Young RemSet Sampling" [stack: 0x000000dae4a00000,0x000000dae4b00000] [id=3736]

Threads with active compile tasks:
C2 CompilerThread0    55110 9772       4       com.android.tools.r8.graph.b0::a (299 bytes)

VM state:at safepoint (normal execution)

VM Mutex/Monitor currently owned by a thread:  ([mutex/lock_event])
[0x000001e44172f120] Threads_lock - owner thread: 0x000001e4417fc000
[0x000001e44172f360] Heap_lock - owner thread: 0x000001e462528000

Heap address: 0x0000000080000000, size: 2048 MB, Compressed Oops mode: 32-bit
Narrow klass base: 0x0000000800000000, Narrow klass shift: 3
Compressed class space size: 1073741824 Address: 0x0000000800b40000

Heap:
 garbage-first heap   total 435200K, used 172544K [0x0000000080000000, 0x0000000100000000)
  region size 1024K, 4 young (4096K), 4 survivors (4096K)
 Metaspace       used 69277K, capacity 71215K, committed 71472K, reserved 1110016K
  class space    used 9390K, capacity 10041K, committed 10112K, reserved 1048576K
Heap Regions: E=young(eden), S=young(survivor), O=old, HS=humongous(starts), HC=humongous(continues), CS=collection set, F=free, A=archive, TAMS=top-at-mark-start (previous, next)
|   0|0x0000000080000000, 0x0000000080100000, 0x0000000080100000|100%|HS|  |TAMS 0x0000000080100000, 0x0000000080000000| Complete 
|   1|0x0000000080100000, 0x0000000080200000, 0x0000000080200000|100%|HC|  |TAMS 0x0000000080200000, 0x0000000080100000| Complete 
|   2|0x0000000080200000, 0x0000000080300000, 0x0000000080300000|100%|HC|  |TAMS 0x0000000080300000, 0x0000000080200000| Complete 
|   3|0x0000000080300000, 0x0000000080400000, 0x0000000080400000|100%| O|  |TAMS 0x0000000080400000, 0x0000000080300000| Untracked 
|   4|0x0000000080400000, 0x0000000080500000, 0x0000000080500000|100%| O|  |TAMS 0x0000000080500000, 0x0000000080400000| Untracked 
|   5|0x0000000080500000, 0x0000000080600000, 0x0000000080600000|100%| O|  |TAMS 0x0000000080600000, 0x0000000080500000| Untracked 
|   6|0x0000000080600000, 0x0000000080700000, 0x0000000080700000|100%| O|  |TAMS 0x0000000080700000, 0x0000000080600000| Untracked 
|   7|0x0000000080700000, 0x0000000080800000, 0x0000000080800000|100%| O|  |TAMS 0x0000000080800000, 0x0000000080700000| Untracked 
|   8|0x0000000080800000, 0x0000000080900000, 0x0000000080900000|100%| O|  |TAMS 0x0000000080900000, 0x0000000080800000| Untracked 
|   9|0x0000000080900000, 0x0000000080a00000, 0x0000000080a00000|100%| O|  |TAMS 0x0000000080a00000, 0x0000000080900000| Untracked 
|  10|0x0000000080a00000, 0x0000000080b00000, 0x0000000080b00000|100%| O|  |TAMS 0x0000000080b00000, 0x0000000080a00000| Untracked 
|  11|0x0000000080b00000, 0x0000000080c00000, 0x0000000080c00000|100%| O|  |TAMS 0x0000000080c00000, 0x0000000080b00000| Untracked 
|  12|0x0000000080c00000, 0x0000000080d00000, 0x0000000080d00000|100%| O|  |TAMS 0x0000000080d00000, 0x0000000080c00000| Untracked 
|  13|0x0000000080d00000, 0x0000000080e00000, 0x0000000080e00000|100%| O|  |TAMS 0x0000000080e00000, 0x0000000080d00000| Untracked 
|  14|0x0000000080e00000, 0x0000000080f00000, 0x0000000080f00000|100%| O|  |TAMS 0x0000000080f00000, 0x0000000080e00000| Untracked 
|  15|0x0000000080f00000, 0x0000000081000000, 0x0000000081000000|100%| O|  |TAMS 0x0000000081000000, 0x0000000080f00000| Untracked 
|  16|0x0000000081000000, 0x0000000081100000, 0x0000000081100000|100%|HS|  |TAMS 0x0000000081100000, 0x0000000081000000| Complete 
|  17|0x0000000081100000, 0x0000000081200000, 0x0000000081200000|100%|HC|  |TAMS 0x0000000081200000, 0x0000000081100000| Complete 
|  18|0x0000000081200000, 0x0000000081300000, 0x0000000081300000|100%|HS|  |TAMS 0x0000000081300000, 0x0000000081200000| Complete 
|  19|0x0000000081300000, 0x0000000081400000, 0x0000000081400000|100%|HC|  |TAMS 0x0000000081400000, 0x0000000081300000| Complete 
|  20|0x0000000081400000, 0x0000000081500000, 0x0000000081500000|100%|HC|  |TAMS 0x0000000081500000, 0x0000000081400000| Complete 
|  21|0x0000000081500000, 0x0000000081600000, 0x0000000081600000|100%|HS|  |TAMS 0x0000000081600000, 0x0000000081500000| Complete 
|  22|0x0000000081600000, 0x0000000081700000, 0x0000000081700000|100%|HC|  |TAMS 0x0000000081700000, 0x0000000081600000| Complete 
|  23|0x0000000081700000, 0x0000000081800000, 0x0000000081800000|100%|HC|  |TAMS 0x0000000081800000, 0x0000000081700000| Complete 
|  24|0x0000000081800000, 0x0000000081900000, 0x0000000081900000|100%|HC|  |TAMS 0x0000000081900000, 0x0000000081800000| Complete 
|  25|0x0000000081900000, 0x0000000081a00000, 0x0000000081a00000|100%| O|  |TAMS 0x0000000081a00000, 0x0000000081900000| Untracked 
|  26|0x0000000081a00000, 0x0000000081b00000, 0x0000000081b00000|100%| O|  |TAMS 0x0000000081b00000, 0x0000000081a00000| Untracked 
|  27|0x0000000081b00000, 0x0000000081c00000, 0x0000000081c00000|100%| O|  |TAMS 0x0000000081c00000, 0x0000000081b00000| Untracked 
|  28|0x0000000081c00000, 0x0000000081d00000, 0x0000000081d00000|100%| O|  |TAMS 0x0000000081d00000, 0x0000000081c00000| Untracked 
|  29|0x0000000081d00000, 0x0000000081e00000, 0x0000000081e00000|100%| O|  |TAMS 0x0000000081e00000, 0x0000000081d00000| Untracked 
|  30|0x0000000081e00000, 0x0000000081f00000, 0x0000000081f00000|100%| O|  |TAMS 0x0000000081f00000, 0x0000000081e00000| Untracked 
|  31|0x0000000081f00000, 0x0000000082000000, 0x0000000082000000|100%| O|  |TAMS 0x0000000082000000, 0x0000000081f00000| Untracked 
|  32|0x0000000082000000, 0x0000000082100000, 0x0000000082100000|100%| O|  |TAMS 0x0000000082100000, 0x0000000082000000| Untracked 
|  33|0x0000000082100000, 0x0000000082200000, 0x0000000082200000|100%| O|  |TAMS 0x0000000082200000, 0x0000000082100000| Untracked 
|  34|0x0000000082200000, 0x0000000082300000, 0x0000000082300000|100%| O|  |TAMS 0x0000000082300000, 0x0000000082200000| Untracked 
|  35|0x0000000082300000, 0x0000000082400000, 0x0000000082400000|100%|HS|  |TAMS 0x0000000082400000, 0x0000000082300000| Complete 
|  36|0x0000000082400000, 0x0000000082500000, 0x0000000082500000|100%|HC|  |TAMS 0x0000000082500000, 0x0000000082400000| Complete 
|  37|0x0000000082500000, 0x0000000082600000, 0x0000000082600000|100%|HC|  |TAMS 0x0000000082600000, 0x0000000082500000| Complete 
|  38|0x0000000082600000, 0x0000000082700000, 0x0000000082700000|100%| O|  |TAMS 0x0000000082700000, 0x0000000082600000| Untracked 
|  39|0x0000000082700000, 0x0000000082800000, 0x0000000082800000|100%| O|  |TAMS 0x0000000082800000, 0x0000000082700000| Untracked 
|  40|0x0000000082800000, 0x0000000082900000, 0x0000000082900000|100%| O|  |TAMS 0x0000000082900000, 0x0000000082800000| Untracked 
|  41|0x0000000082900000, 0x0000000082a00000, 0x0000000082a00000|100%|HS|  |TAMS 0x0000000082a00000, 0x0000000082900000| Complete 
|  42|0x0000000082a00000, 0x0000000082b00000, 0x0000000082b00000|100%|HC|  |TAMS 0x0000000082b00000, 0x0000000082a00000| Complete 
|  43|0x0000000082b00000, 0x0000000082c00000, 0x0000000082c00000|100%| O|  |TAMS 0x0000000082c00000, 0x0000000082b00000| Untracked 
|  44|0x0000000082c00000, 0x0000000082d00000, 0x0000000082d00000|100%| O|  |TAMS 0x0000000082d00000, 0x0000000082c00000| Untracked 
|  45|0x0000000082d00000, 0x0000000082e00000, 0x0000000082e00000|100%| O|  |TAMS 0x0000000082e00000, 0x0000000082d00000| Untracked 
|  46|0x0000000082e00000, 0x0000000082f00000, 0x0000000082f00000|100%| O|  |TAMS 0x0000000082f00000, 0x0000000082e00000| Untracked 
|  47|0x0000000082f00000, 0x0000000083000000, 0x0000000083000000|100%| O|  |TAMS 0x0000000083000000, 0x0000000082f00000| Untracked 
|  48|0x0000000083000000, 0x0000000083100000, 0x0000000083100000|100%| O|  |TAMS 0x0000000083100000, 0x0000000083000000| Untracked 
|  49|0x0000000083100000, 0x0000000083200000, 0x0000000083200000|100%| O|  |TAMS 0x0000000083200000, 0x0000000083100000| Untracked 
|  50|0x0000000083200000, 0x0000000083300000, 0x0000000083300000|100%| O|  |TAMS 0x0000000083300000, 0x0000000083200000| Untracked 
|  51|0x0000000083300000, 0x0000000083400000, 0x0000000083400000|100%| O|  |TAMS 0x0000000083400000, 0x0000000083300000| Untracked 
|  52|0x0000000083400000, 0x0000000083500000, 0x0000000083500000|100%| O|  |TAMS 0x0000000083500000, 0x0000000083400000| Untracked 
|  53|0x0000000083500000, 0x0000000083600000, 0x0000000083600000|100%| O|  |TAMS 0x0000000083600000, 0x0000000083500000| Untracked 
|  54|0x0000000083600000, 0x0000000083700000, 0x0000000083700000|100%| O|  |TAMS 0x0000000083700000, 0x0000000083600000| Untracked 
|  55|0x0000000083700000, 0x0000000083800000, 0x0000000083800000|100%| O|  |TAMS 0x0000000083800000, 0x0000000083700000| Untracked 
|  56|0x0000000083800000, 0x0000000083900000, 0x0000000083900000|100%| O|  |TAMS 0x0000000083900000, 0x0000000083800000| Untracked 
|  57|0x0000000083900000, 0x0000000083a00000, 0x0000000083a00000|100%| O|  |TAMS 0x0000000083a00000, 0x0000000083900000| Untracked 
|  58|0x0000000083a00000, 0x0000000083b00000, 0x0000000083b00000|100%| O|  |TAMS 0x0000000083b00000, 0x0000000083a00000| Untracked 
|  59|0x0000000083b00000, 0x0000000083c00000, 0x0000000083c00000|100%| O|  |TAMS 0x0000000083c00000, 0x0000000083b00000| Untracked 
|  60|0x0000000083c00000, 0x0000000083d00000, 0x0000000083d00000|100%| O|  |TAMS 0x0000000083d00000, 0x0000000083c00000| Untracked 
|  61|0x0000000083d00000, 0x0000000083e00000, 0x0000000083e00000|100%| O|  |TAMS 0x0000000083e00000, 0x0000000083d00000| Untracked 
|  62|0x0000000083e00000, 0x0000000083f00000, 0x0000000083f00000|100%| O|  |TAMS 0x0000000083f00000, 0x0000000083e00000| Untracked 
|  63|0x0000000083f00000, 0x0000000084000000, 0x0000000084000000|100%| O|  |TAMS 0x0000000084000000, 0x0000000083f00000| Untracked 
|  64|0x0000000084000000, 0x0000000084100000, 0x0000000084100000|100%| O|  |TAMS 0x0000000084100000, 0x0000000084000000| Untracked 
|  65|0x0000000084100000, 0x0000000084200000, 0x0000000084200000|100%| O|  |TAMS 0x0000000084200000, 0x0000000084100000| Untracked 
|  66|0x0000000084200000, 0x0000000084300000, 0x0000000084300000|100%| O|  |TAMS 0x0000000084300000, 0x0000000084200000| Untracked 
|  67|0x0000000084300000, 0x0000000084400000, 0x0000000084400000|100%| O|  |TAMS 0x0000000084400000, 0x0000000084300000| Untracked 
|  68|0x0000000084400000, 0x0000000084500000, 0x0000000084500000|100%| O|  |TAMS 0x0000000084500000, 0x0000000084400000| Untracked 
|  69|0x0000000084500000, 0x0000000084600000, 0x0000000084600000|100%| O|  |TAMS 0x0000000084600000, 0x0000000084500000| Untracked 
|  70|0x0000000084600000, 0x0000000084700000, 0x0000000084700000|100%| O|  |TAMS 0x0000000084700000, 0x0000000084600000| Untracked 
|  71|0x0000000084700000, 0x0000000084800000, 0x0000000084800000|100%| O|  |TAMS 0x0000000084800000, 0x0000000084700000| Untracked 
|  72|0x0000000084800000, 0x0000000084900000, 0x0000000084900000|100%| O|  |TAMS 0x0000000084900000, 0x0000000084800000| Untracked 
|  73|0x0000000084900000, 0x0000000084a00000, 0x0000000084a00000|100%| O|  |TAMS 0x0000000084a00000, 0x0000000084900000| Untracked 
|  74|0x0000000084a00000, 0x0000000084b00000, 0x0000000084b00000|100%| O|  |TAMS 0x0000000084b00000, 0x0000000084a00000| Untracked 
|  75|0x0000000084b00000, 0x0000000084c00000, 0x0000000084c00000|100%| O|  |TAMS 0x0000000084c00000, 0x0000000084b00000| Untracked 
|  76|0x0000000084c00000, 0x0000000084d00000, 0x0000000084d00000|100%| O|  |TAMS 0x0000000084d00000, 0x0000000084c00000| Untracked 
|  77|0x0000000084d00000, 0x0000000084e00000, 0x0000000084e00000|100%| O|  |TAMS 0x0000000084e00000, 0x0000000084d00000| Untracked 
|  78|0x0000000084e00000, 0x0000000084f00000, 0x0000000084f00000|100%|HS|  |TAMS 0x0000000084f00000, 0x0000000084e00000| Complete 
|  79|0x0000000084f00000, 0x0000000085000000, 0x0000000085000000|100%|HC|  |TAMS 0x0000000085000000, 0x0000000084f00000| Complete 
|  80|0x0000000085000000, 0x0000000085100000, 0x0000000085100000|100%|HC|  |TAMS 0x0000000085100000, 0x0000000085000000| Complete 
|  81|0x0000000085100000, 0x0000000085200000, 0x0000000085200000|100%|HC|  |TAMS 0x0000000085200000, 0x0000000085100000| Complete 
|  82|0x0000000085200000, 0x0000000085300000, 0x0000000085300000|100%|HC|  |TAMS 0x0000000085300000, 0x0000000085200000| Complete 
|  83|0x0000000085300000, 0x0000000085400000, 0x0000000085400000|100%|HC|  |TAMS 0x0000000085400000, 0x0000000085300000| Complete 
|  84|0x0000000085400000, 0x0000000085500000, 0x0000000085500000|100%|HC|  |TAMS 0x0000000085500000, 0x0000000085400000| Complete 
|  85|0x0000000085500000, 0x0000000085600000, 0x0000000085600000|100%|HC|  |TAMS 0x0000000085600000, 0x0000000085500000| Complete 
|  86|0x0000000085600000, 0x0000000085700000, 0x0000000085700000|100%|HS|  |TAMS 0x0000000085700000, 0x0000000085600000| Complete 
|  87|0x0000000085700000, 0x0000000085800000, 0x0000000085800000|100%| O|  |TAMS 0x0000000085800000, 0x0000000085700000| Untracked 
|  88|0x0000000085800000, 0x0000000085900000, 0x0000000085900000|100%| O|  |TAMS 0x0000000085900000, 0x0000000085800000| Untracked 
|  89|0x0000000085900000, 0x0000000085a00000, 0x0000000085a00000|100%| O|  |TAMS 0x0000000085a00000, 0x0000000085900000| Untracked 
|  90|0x0000000085a00000, 0x0000000085b00000, 0x0000000085b00000|100%| O|  |TAMS 0x0000000085b00000, 0x0000000085a00000| Untracked 
|  91|0x0000000085b00000, 0x0000000085c00000, 0x0000000085c00000|100%| O|  |TAMS 0x0000000085c00000, 0x0000000085b00000| Untracked 
|  92|0x0000000085c00000, 0x0000000085d00000, 0x0000000085d00000|100%| O|  |TAMS 0x0000000085d00000, 0x0000000085c00000| Untracked 
|  93|0x0000000085d00000, 0x0000000085e00000, 0x0000000085e00000|100%| O|  |TAMS 0x0000000085e00000, 0x0000000085d00000| Untracked 
|  94|0x0000000085e00000, 0x0000000085f00000, 0x0000000085f00000|100%|HS|  |TAMS 0x0000000085f00000, 0x0000000085e00000| Complete 
|  95|0x0000000085f00000, 0x0000000086000000, 0x0000000086000000|100%|HC|  |TAMS 0x0000000086000000, 0x0000000085f00000| Complete 
|  96|0x0000000086000000, 0x0000000086100000, 0x0000000086100000|100%|HC|  |TAMS 0x0000000086100000, 0x0000000086000000| Complete 
|  97|0x0000000086100000, 0x0000000086200000, 0x0000000086200000|100%|HC|  |TAMS 0x0000000086200000, 0x0000000086100000| Complete 
|  98|0x0000000086200000, 0x0000000086300000, 0x0000000086300000|100%|HC|  |TAMS 0x0000000086300000, 0x0000000086200000| Complete 
|  99|0x0000000086300000, 0x0000000086400000, 0x0000000086400000|100%|HC|  |TAMS 0x0000000086400000, 0x0000000086300000| Complete 
| 100|0x0000000086400000, 0x0000000086500000, 0x0000000086500000|100%|HC|  |TAMS 0x0000000086500000, 0x0000000086400000| Complete 
| 101|0x0000000086500000, 0x0000000086600000, 0x0000000086600000|100%|HC|  |TAMS 0x0000000086600000, 0x0000000086500000| Complete 
| 102|0x0000000086600000, 0x0000000086700000, 0x0000000086700000|100%| O|  |TAMS 0x0000000086700000, 0x0000000086600000| Untracked 
| 103|0x0000000086700000, 0x0000000086800000, 0x0000000086800000|100%| O|  |TAMS 0x0000000086800000, 0x0000000086700000| Untracked 
| 104|0x0000000086800000, 0x0000000086900000, 0x0000000086900000|100%| O|  |TAMS 0x0000000086900000, 0x0000000086800000| Untracked 
| 105|0x0000000086900000, 0x0000000086a00000, 0x0000000086a00000|100%| O|  |TAMS 0x0000000086a00000, 0x0000000086900000| Untracked 
| 106|0x0000000086a00000, 0x0000000086b00000, 0x0000000086b00000|100%| O|  |TAMS 0x0000000086b00000, 0x0000000086a00000| Untracked 
| 107|0x0000000086b00000, 0x0000000086c00000, 0x0000000086c00000|100%|HS|  |TAMS 0x0000000086c00000, 0x0000000086b00000| Complete 
| 108|0x0000000086c00000, 0x0000000086d00000, 0x0000000086d00000|100%| O|  |TAMS 0x0000000086d00000, 0x0000000086c00000| Untracked 
| 109|0x0000000086d00000, 0x0000000086e00000, 0x0000000086e00000|100%| O|  |TAMS 0x0000000086e00000, 0x0000000086d00000| Untracked 
| 110|0x0000000086e00000, 0x0000000086f00000, 0x0000000086f00000|100%| O|  |TAMS 0x0000000086f00000, 0x0000000086e00000| Untracked 
| 111|0x0000000086f00000, 0x0000000087000000, 0x0000000087000000|100%| O|  |TAMS 0x0000000087000000, 0x0000000086f00000| Untracked 
| 112|0x0000000087000000, 0x0000000087100000, 0x0000000087100000|100%| O|  |TAMS 0x0000000087100000, 0x0000000087000000| Untracked 
| 113|0x0000000087100000, 0x0000000087200000, 0x0000000087200000|100%| O|  |TAMS 0x0000000087200000, 0x0000000087100000| Untracked 
| 114|0x0000000087200000, 0x0000000087300000, 0x0000000087300000|100%| O|  |TAMS 0x0000000087300000, 0x0000000087200000| Untracked 
| 115|0x0000000087300000, 0x0000000087400000, 0x0000000087400000|100%| O|  |TAMS 0x0000000087400000, 0x0000000087300000| Untracked 
| 116|0x0000000087400000, 0x0000000087500000, 0x0000000087500000|100%| O|  |TAMS 0x0000000087500000, 0x0000000087400000| Untracked 
| 117|0x0000000087500000, 0x0000000087600000, 0x0000000087600000|100%| O|  |TAMS 0x0000000087600000, 0x0000000087500000| Untracked 
| 118|0x0000000087600000, 0x0000000087700000, 0x0000000087700000|100%| O|  |TAMS 0x0000000087700000, 0x0000000087600000| Untracked 
| 119|0x0000000087700000, 0x0000000087800000, 0x0000000087800000|100%| O|  |TAMS 0x0000000087800000, 0x0000000087700000| Untracked 
| 120|0x0000000087800000, 0x0000000087900000, 0x0000000087900000|100%| O|  |TAMS 0x0000000087900000, 0x0000000087800000| Untracked 
| 121|0x0000000087900000, 0x0000000087a00000, 0x0000000087a00000|100%| O|  |TAMS 0x0000000087a00000, 0x0000000087900000| Untracked 
| 122|0x0000000087a00000, 0x0000000087b00000, 0x0000000087b00000|100%| O|  |TAMS 0x0000000087b00000, 0x0000000087a00000| Untracked 
| 123|0x0000000087b00000, 0x0000000087c00000, 0x0000000087c00000|100%| O|  |TAMS 0x0000000087c00000, 0x0000000087b00000| Untracked 
| 124|0x0000000087c00000, 0x0000000087d00000, 0x0000000087d00000|100%| O|  |TAMS 0x0000000087d00000, 0x0000000087c00000| Untracked 
| 125|0x0000000087d00000, 0x0000000087e00000, 0x0000000087e00000|100%| O|  |TAMS 0x0000000087e00000, 0x0000000087d00000| Untracked 
| 126|0x0000000087e00000, 0x0000000087f00000, 0x0000000087f00000|100%| O|  |TAMS 0x0000000087f00000, 0x0000000087e00000| Untracked 
| 127|0x0000000087f00000, 0x0000000088000000, 0x0000000088000000|100%| O|  |TAMS 0x0000000088000000, 0x0000000087f00000| Untracked 
| 128|0x0000000088000000, 0x0000000088100000, 0x0000000088100000|100%| O|  |TAMS 0x0000000088100000, 0x0000000088000000| Untracked 
| 129|0x0000000088100000, 0x0000000088200000, 0x0000000088200000|100%| O|  |TAMS 0x0000000088200000, 0x0000000088100000| Untracked 
| 130|0x0000000088200000, 0x0000000088300000, 0x0000000088300000|100%| O|  |TAMS 0x0000000088300000, 0x0000000088200000| Untracked 
| 131|0x0000000088300000, 0x0000000088400000, 0x0000000088400000|100%| O|  |TAMS 0x0000000088400000, 0x0000000088300000| Untracked 
| 132|0x0000000088400000, 0x0000000088500000, 0x0000000088500000|100%| O|  |TAMS 0x0000000088500000, 0x0000000088400000| Untracked 
| 133|0x0000000088500000, 0x0000000088600000, 0x0000000088600000|100%| O|  |TAMS 0x0000000088600000, 0x0000000088500000| Untracked 
| 134|0x0000000088600000, 0x0000000088700000, 0x0000000088700000|100%| O|  |TAMS 0x0000000088700000, 0x0000000088600000| Untracked 
| 135|0x0000000088700000, 0x0000000088800000, 0x0000000088800000|100%| O|  |TAMS 0x0000000088800000, 0x0000000088700000| Untracked 
| 136|0x0000000088800000, 0x0000000088900000, 0x0000000088900000|100%| O|  |TAMS 0x0000000088900000, 0x0000000088800000| Untracked 
| 137|0x0000000088900000, 0x0000000088a00000, 0x0000000088a00000|100%| O|  |TAMS 0x0000000088a00000, 0x0000000088900000| Untracked 
| 138|0x0000000088a00000, 0x0000000088b00000, 0x0000000088b00000|100%| O|  |TAMS 0x0000000088b00000, 0x0000000088a00000| Untracked 
| 139|0x0000000088b00000, 0x0000000088c00000, 0x0000000088c00000|100%| O|  |TAMS 0x0000000088c00000, 0x0000000088b00000| Untracked 
| 140|0x0000000088c00000, 0x0000000088d00000, 0x0000000088d00000|100%| O|  |TAMS 0x0000000088d00000, 0x0000000088c00000| Untracked 
| 141|0x0000000088d00000, 0x0000000088e00000, 0x0000000088e00000|100%| O|  |TAMS 0x0000000088e00000, 0x0000000088d00000| Untracked 
| 142|0x0000000088e00000, 0x0000000088f00000, 0x0000000088f00000|100%| O|  |TAMS 0x0000000088f00000, 0x0000000088e00000| Untracked 
| 143|0x0000000088f00000, 0x0000000089000000, 0x0000000089000000|100%| O|  |TAMS 0x0000000088f00000, 0x0000000088f00000| Untracked 
| 144|0x0000000089000000, 0x0000000089100000, 0x0000000089100000|100%| O|  |TAMS 0x0000000089000000, 0x0000000089000000| Untracked 
| 145|0x0000000089100000, 0x0000000089200000, 0x0000000089200000|100%| O|  |TAMS 0x0000000089100000, 0x0000000089100000| Untracked 
| 146|0x0000000089200000, 0x0000000089300000, 0x0000000089300000|100%| O|  |TAMS 0x0000000089200000, 0x0000000089200000| Untracked 
| 147|0x0000000089300000, 0x0000000089400000, 0x0000000089400000|100%| O|  |TAMS 0x0000000089300000, 0x0000000089300000| Untracked 
| 148|0x0000000089400000, 0x0000000089500000, 0x0000000089500000|100%| O|  |TAMS 0x0000000089400000, 0x0000000089400000| Untracked 
| 149|0x0000000089500000, 0x0000000089600000, 0x0000000089600000|100%| O|  |TAMS 0x0000000089500000, 0x0000000089500000| Untracked 
| 150|0x0000000089600000, 0x0000000089700000, 0x0000000089700000|100%|HS|  |TAMS 0x0000000089600000, 0x0000000089600000| Complete 
| 151|0x0000000089700000, 0x0000000089800000, 0x0000000089800000|100%|HS|  |TAMS 0x0000000089700000, 0x0000000089700000| Complete 
| 152|0x0000000089800000, 0x0000000089900000, 0x0000000089900000|100%| O|  |TAMS 0x0000000089800000, 0x0000000089800000| Untracked 
| 153|0x0000000089900000, 0x0000000089a00000, 0x0000000089a00000|100%| O|  |TAMS 0x0000000089900000, 0x0000000089900000| Untracked 
| 154|0x0000000089a00000, 0x0000000089b00000, 0x0000000089b00000|100%| O|  |TAMS 0x0000000089a00000, 0x0000000089a00000| Untracked 
| 155|0x0000000089b00000, 0x0000000089c00000, 0x0000000089c00000|100%| O|  |TAMS 0x0000000089b00000, 0x0000000089b00000| Untracked 
| 156|0x0000000089c00000, 0x0000000089d00000, 0x0000000089d00000|100%| O|  |TAMS 0x0000000089c00000, 0x0000000089c00000| Untracked 
| 157|0x0000000089d00000, 0x0000000089e00000, 0x0000000089e00000|100%| O|  |TAMS 0x0000000089d00000, 0x0000000089d00000| Untracked 
| 158|0x0000000089e00000, 0x0000000089f00000, 0x0000000089f00000|100%| O|  |TAMS 0x0000000089e00000, 0x0000000089e00000| Untracked 
| 159|0x0000000089f00000, 0x000000008a000000, 0x000000008a000000|100%| O|  |TAMS 0x0000000089f00000, 0x0000000089f00000| Untracked 
| 160|0x000000008a000000, 0x000000008a100000, 0x000000008a100000|100%| O|  |TAMS 0x000000008a000000, 0x000000008a000000| Untracked 
| 161|0x000000008a100000, 0x000000008a200000, 0x000000008a200000|100%| O|  |TAMS 0x000000008a100000, 0x000000008a100000| Untracked 
| 162|0x000000008a200000, 0x000000008a300000, 0x000000008a300000|100%| O|  |TAMS 0x000000008a200000, 0x000000008a200000| Untracked 
| 163|0x000000008a300000, 0x000000008a400000, 0x000000008a400000|100%| O|  |TAMS 0x000000008a300000, 0x000000008a300000| Untracked 
| 164|0x000000008a400000, 0x000000008a480000, 0x000000008a500000| 50%| O|  |TAMS 0x000000008a400000, 0x000000008a400000| Untracked 
| 165|0x000000008a500000, 0x000000008a500000, 0x000000008a600000|  0%| F|  |TAMS 0x000000008a500000, 0x000000008a500000| Untracked 
| 166|0x000000008a600000, 0x000000008a600000, 0x000000008a700000|  0%| F|  |TAMS 0x000000008a600000, 0x000000008a600000| Untracked 
| 167|0x000000008a700000, 0x000000008a700000, 0x000000008a800000|  0%| F|  |TAMS 0x000000008a700000, 0x000000008a700000| Untracked 
| 168|0x000000008a800000, 0x000000008a800000, 0x000000008a900000|  0%| F|  |TAMS 0x000000008a800000, 0x000000008a800000| Untracked 
| 169|0x000000008a900000, 0x000000008a900000, 0x000000008aa00000|  0%| F|  |TAMS 0x000000008a900000, 0x000000008a900000| Untracked 
| 170|0x000000008aa00000, 0x000000008aa00000, 0x000000008ab00000|  0%| F|  |TAMS 0x000000008aa00000, 0x000000008aa00000| Untracked 
| 171|0x000000008ab00000, 0x000000008ab00000, 0x000000008ac00000|  0%| F|  |TAMS 0x000000008ab00000, 0x000000008ab00000| Untracked 
| 172|0x000000008ac00000, 0x000000008ac00000, 0x000000008ad00000|  0%| F|  |TAMS 0x000000008ac00000, 0x000000008ac00000| Untracked 
| 173|0x000000008ad00000, 0x000000008ad00000, 0x000000008ae00000|  0%| F|  |TAMS 0x000000008ad00000, 0x000000008ad00000| Untracked 
| 174|0x000000008ae00000, 0x000000008ae00000, 0x000000008af00000|  0%| F|  |TAMS 0x000000008ae00000, 0x000000008ae00000| Untracked 
| 175|0x000000008af00000, 0x000000008af00000, 0x000000008b000000|  0%| F|  |TAMS 0x000000008af00000, 0x000000008af00000| Untracked 
| 176|0x000000008b000000, 0x000000008b000000, 0x000000008b100000|  0%| F|  |TAMS 0x000000008b000000, 0x000000008b000000| Untracked 
| 177|0x000000008b100000, 0x000000008b100000, 0x000000008b200000|  0%| F|  |TAMS 0x000000008b100000, 0x000000008b100000| Untracked 
| 178|0x000000008b200000, 0x000000008b200000, 0x000000008b300000|  0%| F|  |TAMS 0x000000008b200000, 0x000000008b200000| Untracked 
| 179|0x000000008b300000, 0x000000008b300000, 0x000000008b400000|  0%| F|  |TAMS 0x000000008b300000, 0x000000008b300000| Untracked 
| 180|0x000000008b400000, 0x000000008b400000, 0x000000008b500000|  0%| F|  |TAMS 0x000000008b400000, 0x000000008b400000| Untracked 
| 181|0x000000008b500000, 0x000000008b500000, 0x000000008b600000|  0%| F|  |TAMS 0x000000008b500000, 0x000000008b500000| Untracked 
| 182|0x000000008b600000, 0x000000008b600000, 0x000000008b700000|  0%| F|  |TAMS 0x000000008b600000, 0x000000008b600000| Untracked 
| 183|0x000000008b700000, 0x000000008b700000, 0x000000008b800000|  0%| F|  |TAMS 0x000000008b700000, 0x000000008b700000| Untracked 
| 184|0x000000008b800000, 0x000000008b800000, 0x000000008b900000|  0%| F|  |TAMS 0x000000008b800000, 0x000000008b800000| Untracked 
| 185|0x000000008b900000, 0x000000008b900000, 0x000000008ba00000|  0%| F|  |TAMS 0x000000008b900000, 0x000000008b900000| Untracked 
| 186|0x000000008ba00000, 0x000000008ba00000, 0x000000008bb00000|  0%| F|  |TAMS 0x000000008ba00000, 0x000000008ba00000| Untracked 
| 187|0x000000008bb00000, 0x000000008bb00000, 0x000000008bc00000|  0%| F|  |TAMS 0x000000008bb00000, 0x000000008bb00000| Untracked 
| 188|0x000000008bc00000, 0x000000008bc00000, 0x000000008bd00000|  0%| F|  |TAMS 0x000000008bc00000, 0x000000008bc00000| Untracked 
| 189|0x000000008bd00000, 0x000000008bd00000, 0x000000008be00000|  0%| F|  |TAMS 0x000000008bd00000, 0x000000008bd00000| Untracked 
| 190|0x000000008be00000, 0x000000008be00000, 0x000000008bf00000|  0%| F|  |TAMS 0x000000008be00000, 0x000000008be00000| Untracked 
| 191|0x000000008bf00000, 0x000000008bf00000, 0x000000008c000000|  0%| F|  |TAMS 0x000000008bf00000, 0x000000008bf00000| Untracked 
| 192|0x000000008c000000, 0x000000008c000000, 0x000000008c100000|  0%| F|  |TAMS 0x000000008c000000, 0x000000008c000000| Untracked 
| 193|0x000000008c100000, 0x000000008c100000, 0x000000008c200000|  0%| F|  |TAMS 0x000000008c100000, 0x000000008c100000| Untracked 
| 194|0x000000008c200000, 0x000000008c200000, 0x000000008c300000|  0%| F|  |TAMS 0x000000008c200000, 0x000000008c200000| Untracked 
| 195|0x000000008c300000, 0x000000008c300000, 0x000000008c400000|  0%| F|  |TAMS 0x000000008c300000, 0x000000008c300000| Untracked 
| 196|0x000000008c400000, 0x000000008c400000, 0x000000008c500000|  0%| F|  |TAMS 0x000000008c400000, 0x000000008c400000| Untracked 
| 197|0x000000008c500000, 0x000000008c500000, 0x000000008c600000|  0%| F|  |TAMS 0x000000008c500000, 0x000000008c500000| Untracked 
| 198|0x000000008c600000, 0x000000008c600000, 0x000000008c700000|  0%| F|  |TAMS 0x000000008c600000, 0x000000008c600000| Untracked 
| 199|0x000000008c700000, 0x000000008c700000, 0x000000008c800000|  0%| F|  |TAMS 0x000000008c700000, 0x000000008c700000| Untracked 
| 200|0x000000008c800000, 0x000000008c800000, 0x000000008c900000|  0%| F|  |TAMS 0x000000008c800000, 0x000000008c800000| Untracked 
| 201|0x000000008c900000, 0x000000008c900000, 0x000000008ca00000|  0%| F|  |TAMS 0x000000008c900000, 0x000000008c900000| Untracked 
| 202|0x000000008ca00000, 0x000000008ca00000, 0x000000008cb00000|  0%| F|  |TAMS 0x000000008ca00000, 0x000000008ca00000| Untracked 
| 203|0x000000008cb00000, 0x000000008cb00000, 0x000000008cc00000|  0%| F|  |TAMS 0x000000008cb00000, 0x000000008cb00000| Untracked 
| 204|0x000000008cc00000, 0x000000008cc00000, 0x000000008cd00000|  0%| F|  |TAMS 0x000000008cc00000, 0x000000008cc00000| Untracked 
| 205|0x000000008cd00000, 0x000000008cd00000, 0x000000008ce00000|  0%| F|  |TAMS 0x000000008cd00000, 0x000000008cd00000| Untracked 
| 206|0x000000008ce00000, 0x000000008ce00000, 0x000000008cf00000|  0%| F|  |TAMS 0x000000008ce00000, 0x000000008ce00000| Untracked 
| 207|0x000000008cf00000, 0x000000008cf00000, 0x000000008d000000|  0%| F|  |TAMS 0x000000008cf00000, 0x000000008cf00000| Untracked 
| 208|0x000000008d000000, 0x000000008d000000, 0x000000008d100000|  0%| F|  |TAMS 0x000000008d000000, 0x000000008d000000| Untracked 
| 209|0x000000008d100000, 0x000000008d100000, 0x000000008d200000|  0%| F|  |TAMS 0x000000008d100000, 0x000000008d100000| Untracked 
| 210|0x000000008d200000, 0x000000008d200000, 0x000000008d300000|  0%| F|  |TAMS 0x000000008d200000, 0x000000008d200000| Untracked 
| 211|0x000000008d300000, 0x000000008d300000, 0x000000008d400000|  0%| F|  |TAMS 0x000000008d300000, 0x000000008d300000| Untracked 
| 212|0x000000008d400000, 0x000000008d400000, 0x000000008d500000|  0%| F|  |TAMS 0x000000008d400000, 0x000000008d400000| Untracked 
| 213|0x000000008d500000, 0x000000008d500000, 0x000000008d600000|  0%| F|  |TAMS 0x000000008d500000, 0x000000008d500000| Untracked 
| 214|0x000000008d600000, 0x000000008d600000, 0x000000008d700000|  0%| F|  |TAMS 0x000000008d600000, 0x000000008d600000| Untracked 
| 215|0x000000008d700000, 0x000000008d700000, 0x000000008d800000|  0%| F|  |TAMS 0x000000008d700000, 0x000000008d700000| Untracked 
| 216|0x000000008d800000, 0x000000008d800000, 0x000000008d900000|  0%| F|  |TAMS 0x000000008d800000, 0x000000008d800000| Untracked 
| 217|0x000000008d900000, 0x000000008d900000, 0x000000008da00000|  0%| F|  |TAMS 0x000000008d900000, 0x000000008d900000| Untracked 
| 218|0x000000008da00000, 0x000000008da00000, 0x000000008db00000|  0%| F|  |TAMS 0x000000008da00000, 0x000000008da00000| Untracked 
| 219|0x000000008db00000, 0x000000008db00000, 0x000000008dc00000|  0%| F|  |TAMS 0x000000008db00000, 0x000000008db00000| Untracked 
| 220|0x000000008dc00000, 0x000000008dc00000, 0x000000008dd00000|  0%| F|  |TAMS 0x000000008dc00000, 0x000000008dc00000| Untracked 
| 221|0x000000008dd00000, 0x000000008dd00000, 0x000000008de00000|  0%| F|  |TAMS 0x000000008dd00000, 0x000000008dd00000| Untracked 
| 222|0x000000008de00000, 0x000000008de00000, 0x000000008df00000|  0%| F|  |TAMS 0x000000008de00000, 0x000000008de00000| Untracked 
| 223|0x000000008df00000, 0x000000008df00000, 0x000000008e000000|  0%| F|  |TAMS 0x000000008df00000, 0x000000008df00000| Untracked 
| 224|0x000000008e000000, 0x000000008e000000, 0x000000008e100000|  0%| F|  |TAMS 0x000000008e000000, 0x000000008e000000| Untracked 
| 225|0x000000008e100000, 0x000000008e100000, 0x000000008e200000|  0%| F|  |TAMS 0x000000008e100000, 0x000000008e100000| Untracked 
| 226|0x000000008e200000, 0x000000008e300000, 0x000000008e300000|100%| S|CS|TAMS 0x000000008e200000, 0x000000008e200000| Complete 
| 227|0x000000008e300000, 0x000000008e400000, 0x000000008e400000|100%| S|CS|TAMS 0x000000008e300000, 0x000000008e300000| Complete 
| 228|0x000000008e400000, 0x000000008e500000, 0x000000008e500000|100%| S|CS|TAMS 0x000000008e400000, 0x000000008e400000| Complete 
| 229|0x000000008e500000, 0x000000008e600000, 0x000000008e600000|100%| S|CS|TAMS 0x000000008e500000, 0x000000008e500000| Complete 
| 230|0x000000008e600000, 0x000000008e600000, 0x000000008e700000|  0%| F|  |TAMS 0x000000008e600000, 0x000000008e600000| Untracked 
| 231|0x000000008e700000, 0x000000008e700000, 0x000000008e800000|  0%| F|  |TAMS 0x000000008e700000, 0x000000008e700000| Untracked 
| 232|0x000000008e800000, 0x000000008e800000, 0x000000008e900000|  0%| F|  |TAMS 0x000000008e800000, 0x000000008e800000| Untracked 
| 233|0x000000008e900000, 0x000000008e900000, 0x000000008ea00000|  0%| F|  |TAMS 0x000000008e900000, 0x000000008e900000| Untracked 
| 234|0x000000008ea00000, 0x000000008ea00000, 0x000000008eb00000|  0%| F|  |TAMS 0x000000008ea00000, 0x000000008ea00000| Untracked 
| 235|0x000000008eb00000, 0x000000008eb00000, 0x000000008ec00000|  0%| F|  |TAMS 0x000000008eb00000, 0x000000008eb00000| Untracked 
| 236|0x000000008ec00000, 0x000000008ec00000, 0x000000008ed00000|  0%| F|  |TAMS 0x000000008ec00000, 0x000000008ec00000| Untracked 
| 237|0x000000008ed00000, 0x000000008ed00000, 0x000000008ee00000|  0%| F|  |TAMS 0x000000008ed00000, 0x000000008ed00000| Untracked 
| 238|0x000000008ee00000, 0x000000008ee00000, 0x000000008ef00000|  0%| F|  |TAMS 0x000000008ee00000, 0x000000008ee00000| Untracked 
| 239|0x000000008ef00000, 0x000000008ef00000, 0x000000008f000000|  0%| F|  |TAMS 0x000000008ef00000, 0x000000008ef00000| Untracked 
| 240|0x000000008f000000, 0x000000008f000000, 0x000000008f100000|  0%| F|  |TAMS 0x000000008f000000, 0x000000008f000000| Untracked 
| 241|0x000000008f100000, 0x000000008f100000, 0x000000008f200000|  0%| F|  |TAMS 0x000000008f100000, 0x000000008f100000| Untracked 
| 242|0x000000008f200000, 0x000000008f200000, 0x000000008f300000|  0%| F|  |TAMS 0x000000008f200000, 0x000000008f200000| Untracked 
| 243|0x000000008f300000, 0x000000008f300000, 0x000000008f400000|  0%| F|  |TAMS 0x000000008f300000, 0x000000008f300000| Untracked 
| 244|0x000000008f400000, 0x000000008f400000, 0x000000008f500000|  0%| F|  |TAMS 0x000000008f400000, 0x000000008f400000| Untracked 
| 245|0x000000008f500000, 0x000000008f500000, 0x000000008f600000|  0%| F|  |TAMS 0x000000008f500000, 0x000000008f500000| Untracked 
| 246|0x000000008f600000, 0x000000008f600000, 0x000000008f700000|  0%| F|  |TAMS 0x000000008f600000, 0x000000008f600000| Untracked 
| 247|0x000000008f700000, 0x000000008f700000, 0x000000008f800000|  0%| F|  |TAMS 0x000000008f700000, 0x000000008f700000| Untracked 
| 248|0x000000008f800000, 0x000000008f800000, 0x000000008f900000|  0%| F|  |TAMS 0x000000008f800000, 0x000000008f800000| Untracked 
| 249|0x000000008f900000, 0x000000008f900000, 0x000000008fa00000|  0%| F|  |TAMS 0x000000008f900000, 0x000000008f900000| Untracked 
| 250|0x000000008fa00000, 0x000000008fa00000, 0x000000008fb00000|  0%| F|  |TAMS 0x000000008fa00000, 0x000000008fa00000| Untracked 
| 251|0x000000008fb00000, 0x000000008fb00000, 0x000000008fc00000|  0%| F|  |TAMS 0x000000008fb00000, 0x000000008fb00000| Untracked 
| 252|0x000000008fc00000, 0x000000008fc00000, 0x000000008fd00000|  0%| F|  |TAMS 0x000000008fc00000, 0x000000008fc00000| Untracked 
| 253|0x000000008fd00000, 0x000000008fd00000, 0x000000008fe00000|  0%| F|  |TAMS 0x000000008fd00000, 0x000000008fd00000| Untracked 
| 254|0x000000008fe00000, 0x000000008fe00000, 0x000000008ff00000|  0%| F|  |TAMS 0x000000008fe00000, 0x000000008fe00000| Untracked 
| 255|0x000000008ff00000, 0x000000008ff00000, 0x0000000090000000|  0%| F|  |TAMS 0x000000008ff00000, 0x000000008ff00000| Untracked 
| 256|0x0000000090000000, 0x0000000090000000, 0x0000000090100000|  0%| F|  |TAMS 0x0000000090000000, 0x0000000090000000| Untracked 
| 257|0x0000000090100000, 0x0000000090100000, 0x0000000090200000|  0%| F|  |TAMS 0x0000000090100000, 0x0000000090100000| Untracked 
| 258|0x0000000090200000, 0x0000000090200000, 0x0000000090300000|  0%| F|  |TAMS 0x0000000090200000, 0x0000000090200000| Untracked 
| 259|0x0000000090300000, 0x0000000090300000, 0x0000000090400000|  0%| F|  |TAMS 0x0000000090300000, 0x0000000090300000| Untracked 

Card table byte_map: [0x000001e459030000,0x000001e459430000] _byte_map_base: 0x000001e458c30000

Marking Bits (Prev, Next): (CMBitMap*) 0x000001e4417749f8, (CMBitMap*) 0x000001e441774a38
 Prev Bits: [0x000001e459830000, 0x000001e45b830000)
 Next Bits: [0x000001e45b830000, 0x000001e45d830000)

Polling page: 0x000001e43f5d0000

Metaspace:

Usage:
  Non-class:     59.74 MB capacity,    58.48 MB ( 98%) used,     1.08 MB (  2%) free+waste,   182.13 KB ( <1%) overhead. 
      Class:      9.81 MB capacity,     9.17 MB ( 94%) used,   566.09 KB (  6%) free+waste,    83.94 KB ( <1%) overhead. 
       Both:     69.55 MB capacity,    67.65 MB ( 97%) used,     1.63 MB (  2%) free+waste,   266.06 KB ( <1%) overhead. 

Virtual space:
  Non-class space:       60.00 MB reserved,      59.92 MB (>99%) committed 
      Class space:        1.00 GB reserved,       9.88 MB ( <1%) committed 
             Both:        1.06 GB reserved,      69.80 MB (  6%) committed 

Chunk freelists:
   Non-Class:  58.00 KB
       Class:  7.00 KB
        Both:  65.00 KB

MaxMetaspaceSize: 17179869184.00 GB
CompressedClassSpaceSize: 1.00 GB

CodeHeap 'non-profiled nmethods': size=120064Kb used=4745Kb max_used=4748Kb free=115318Kb
 bounds [0x000001e4516f0000, 0x000001e451bb0000, 0x000001e458c30000]
CodeHeap 'profiled nmethods': size=120000Kb used=19636Kb max_used=20671Kb free=100363Kb
 bounds [0x000001e44a1c0000, 0x000001e44b600000, 0x000001e4516f0000]
CodeHeap 'non-nmethods': size=5696Kb used=2390Kb max_used=2445Kb free=3305Kb
 bounds [0x000001e449c30000, 0x000001e449eb0000, 0x000001e44a1c0000]
 total_blobs=13302 nmethods=8437 adapters=783
 compilation: enabled
              stopped_count=0, restarted_count=0
 full_count=0

Compilation events (20 events):
Event: 54.817 Thread 0x000001e45fa18800 nmethod 9763 0x000001e44a9a6510 code [0x000001e44a9a66c0, 0x000001e44a9a68b8]
Event: 54.817 Thread 0x000001e45fa18800 9764       3       com.android.tools.r8.utils.P::a (276 bytes)
Event: 54.820 Thread 0x000001e45fa18800 nmethod 9764 0x000001e44a8bf590 code [0x000001e44a8bf9a0, 0x000001e44a8c1360]
Event: 54.820 Thread 0x000001e45fa18800 9767       3       com.android.tools.r8.graph.f0::toSourceString (44 bytes)
Event: 54.823 Thread 0x000001e45fa18800 nmethod 9767 0x000001e44aa46d10 code [0x000001e44aa46fe0, 0x000001e44aa47d60]
Event: 54.823 Thread 0x000001e45fa18800 9768       3       com.android.tools.r8.ir.conversion.O$$Lambda$705/0x00000008014abc40::accept (16 bytes)
Event: 54.823 Thread 0x000001e45fa18800 nmethod 9768 0x000001e44a634610 code [0x000001e44a634800, 0x000001e44a634ca0]
Event: 54.823 Thread 0x000001e45fa18800 9770       3       com.android.tools.r8.ir.optimize.info.r::<init> (84 bytes)
Event: 54.824 Thread 0x000001e45fa18800 nmethod 9770 0x000001e44a54cb90 code [0x000001e44a54cd80, 0x000001e44a54d3b8]
Event: 54.824 Thread 0x000001e45fa18800 9769       3       com.android.tools.r8.ir.optimize.info.e::a (8 bytes)
Event: 54.824 Thread 0x000001e45fa18800 nmethod 9769 0x000001e44b061510 code [0x000001e44b0616c0, 0x000001e44b0618f0]
Event: 54.824 Thread 0x000001e45fa18800 9765       3       com.android.tools.r8.s.a.a.b.L0::next (25 bytes)
Event: 54.825 Thread 0x000001e45fa18800 nmethod 9765 0x000001e44a6bb690 code [0x000001e44a6bb840, 0x000001e44a6bbaf0]
Event: 54.825 Thread 0x000001e45fa18800 9766       3       com.android.tools.r8.s.a.a.b.E2::iterator (5 bytes)
Event: 54.825 Thread 0x000001e45fa18800 nmethod 9766 0x000001e44a8c4210 code [0x000001e44a8c43e0, 0x000001e44a8c4798]
Event: 54.825 Thread 0x000001e45fa18800 9771       3       com.android.tools.r8.graph.T::A (33 bytes)
Event: 54.826 Thread 0x000001e45fa18800 nmethod 9771 0x000001e44a57b990 code [0x000001e44a57bb60, 0x000001e44a57c178]
Event: 54.827 Thread 0x000001e45f9b0000 9772       4       com.android.tools.r8.graph.b0::a (299 bytes)
Event: 54.828 Thread 0x000001e45fa18800 9773       3       com.android.tools.r8.graph.C::q (49 bytes)
Event: 54.829 Thread 0x000001e45fa18800 nmethod 9773 0x000001e44a6a1790 code [0x000001e44a6a1980, 0x000001e44a6a1fb0]

GC Heap History (20 events):
Event: 41.666 GC heap after
{Heap after GC invocations=49 (full 0):
 garbage-first heap   total 167936K, used 79076K [0x0000000080000000, 0x0000000100000000)
  region size 1024K, 6 young (6144K), 6 survivors (6144K)
 Metaspace       used 63298K, capacity 65105K, committed 65456K, reserved 1105920K
  class space    used 8483K, capacity 9119K, committed 9216K, reserved 1048576K
}
Event: 44.899 GC heap before
{Heap before GC invocations=49 (full 0):
 garbage-first heap   total 167936K, used 126180K [0x0000000080000000, 0x0000000100000000)
  region size 1024K, 53 young (54272K), 6 survivors (6144K)
 Metaspace       used 63837K, capacity 65756K, committed 65968K, reserved 1105920K
  class space    used 8554K, capacity 9212K, committed 9216K, reserved 1048576K
}
Event: 44.928 GC heap after
{Heap after GC invocations=50 (full 0):
 garbage-first heap   total 167936K, used 81301K [0x0000000080000000, 0x0000000100000000)
  region size 1024K, 5 young (5120K), 5 survivors (5120K)
 Metaspace       used 63837K, capacity 65756K, committed 65968K, reserved 1105920K
  class space    used 8554K, capacity 9212K, committed 9216K, reserved 1048576K
}
Event: 46.944 GC heap before
{Heap before GC invocations=50 (full 0):
 garbage-first heap   total 167936K, used 123285K [0x0000000080000000, 0x0000000100000000)
  region size 1024K, 48 young (49152K), 5 survivors (5120K)
 Metaspace       used 64918K, capacity 66865K, committed 66992K, reserved 1107968K
  class space    used 8726K, capacity 9361K, committed 9472K, reserved 1048576K
}
Event: 46.975 GC heap after
{Heap after GC invocations=51 (full 0):
 garbage-first heap   total 201728K, used 83647K [0x0000000080000000, 0x0000000100000000)
  region size 1024K, 5 young (5120K), 5 survivors (5120K)
 Metaspace       used 64918K, capacity 66865K, committed 66992K, reserved 1107968K
  class space    used 8726K, capacity 9361K, committed 9472K, reserved 1048576K
}
Event: 47.479 GC heap before
{Heap before GC invocations=52 (full 0):
 garbage-first heap   total 201728K, used 97983K [0x0000000080000000, 0x0000000100000000)
  region size 1024K, 13 young (13312K), 5 survivors (5120K)
 Metaspace       used 66311K, capacity 68267K, committed 68400K, reserved 1107968K
  class space    used 8912K, capacity 9553K, committed 9600K, reserved 1048576K
}
Event: 47.511 GC heap after
{Heap after GC invocations=53 (full 0):
 garbage-first heap   total 201728K, used 93261K [0x0000000080000000, 0x0000000100000000)
  region size 1024K, 6 young (6144K), 6 survivors (6144K)
 Metaspace       used 66311K, capacity 68267K, committed 68400K, reserved 1107968K
  class space    used 8912K, capacity 9553K, committed 9600K, reserved 1048576K
}
Event: 48.119 GC heap before
{Heap before GC invocations=54 (full 0):
 garbage-first heap   total 201728K, used 123981K [0x0000000080000000, 0x0000000100000000)
  region size 1024K, 22 young (22528K), 6 survivors (6144K)
 Metaspace       used 66584K, capacity 68498K, committed 68656K, reserved 1107968K
  class space    used 8947K, capacity 9587K, committed 9600K, reserved 1048576K
}
Event: 48.183 GC heap after
{Heap after GC invocations=55 (full 0):
 garbage-first heap   total 201728K, used 108268K [0x0000000080000000, 0x0000000100000000)
  region size 1024K, 8 young (8192K), 8 survivors (8192K)
 Metaspace       used 66584K, capacity 68498K, committed 68656K, reserved 1107968K
  class space    used 8947K, capacity 9587K, committed 9600K, reserved 1048576K
}
Event: 48.650 GC heap before
{Heap before GC invocations=56 (full 0):
 garbage-first heap   total 201728K, used 111340K [0x0000000080000000, 0x0000000100000000)
  region size 1024K, 11 young (11264K), 8 survivors (8192K)
 Metaspace       used 66584K, capacity 68498K, committed 68656K, reserved 1107968K
  class space    used 8947K, capacity 9587K, committed 9600K, reserved 1048576K
}
Event: 48.693 GC heap after
{Heap after GC invocations=57 (full 0):
 garbage-first heap   total 201728K, used 111616K [0x0000000080000000, 0x0000000100000000)
  region size 1024K, 2 young (2048K), 2 survivors (2048K)
 Metaspace       used 66584K, capacity 68498K, committed 68656K, reserved 1107968K
  class space    used 8947K, capacity 9587K, committed 9600K, reserved 1048576K
}
Event: 49.410 GC heap before
{Heap before GC invocations=58 (full 0):
 garbage-first heap   total 201728K, used 132096K [0x0000000080000000, 0x0000000100000000)
  region size 1024K, 22 young (22528K), 2 survivors (2048K)
 Metaspace       used 66629K, capacity 68563K, committed 68656K, reserved 1107968K
  class space    used 8948K, capacity 9587K, committed 9600K, reserved 1048576K
}
Event: 49.478 GC heap after
{Heap after GC invocations=59 (full 0):
 garbage-first heap   total 242688K, used 120832K [0x0000000080000000, 0x0000000100000000)
  region size 1024K, 4 young (4096K), 4 survivors (4096K)
 Metaspace       used 66629K, capacity 68563K, committed 68656K, reserved 1107968K
  class space    used 8948K, capacity 9587K, committed 9600K, reserved 1048576K
}
Event: 51.135 GC heap before
{Heap before GC invocations=60 (full 0):
 garbage-first heap   total 242688K, used 141312K [0x0000000080000000, 0x0000000100000000)
  region size 1024K, 23 young (23552K), 4 survivors (4096K)
 Metaspace       used 68192K, capacity 70122K, committed 70320K, reserved 1110016K
  class space    used 9244K, capacity 9869K, committed 9984K, reserved 1048576K
}
Event: 51.246 GC heap after
{Heap after GC invocations=61 (full 0):
 garbage-first heap   total 242688K, used 129931K [0x0000000080000000, 0x0000000100000000)
  region size 1024K, 3 young (3072K), 3 survivors (3072K)
 Metaspace       used 68192K, capacity 70122K, committed 70320K, reserved 1110016K
  class space    used 9244K, capacity 9869K, committed 9984K, reserved 1048576K
}
Event: 51.953 GC heap before
{Heap before GC invocations=61 (full 0):
 garbage-first heap   total 242688K, used 165771K [0x0000000080000000, 0x0000000100000000)
  region size 1024K, 39 young (39936K), 3 survivors (3072K)
 Metaspace       used 68216K, capacity 70122K, committed 70320K, reserved 1110016K
  class space    used 9245K, capacity 9869K, committed 9984K, reserved 1048576K
}
Event: 52.132 GC heap after
{Heap after GC invocations=62 (full 0):
 garbage-first heap   total 242688K, used 151552K [0x0000000080000000, 0x0000000100000000)
  region size 1024K, 5 young (5120K), 5 survivors (5120K)
 Metaspace       used 68216K, capacity 70122K, committed 70320K, reserved 1110016K
  class space    used 9245K, capacity 9869K, committed 9984K, reserved 1048576K
}
Event: 53.117 GC heap before
{Heap before GC invocations=63 (full 0):
 garbage-first heap   total 254976K, used 160768K [0x0000000080000000, 0x0000000100000000)
  region size 1024K, 15 young (15360K), 5 survivors (5120K)
 Metaspace       used 68241K, capacity 70186K, committed 70320K, reserved 1110016K
  class space    used 9245K, capacity 9869K, committed 9984K, reserved 1048576K
}
Event: 53.183 GC heap after
{Heap after GC invocations=64 (full 0):
 garbage-first heap   total 254976K, used 157696K [0x0000000080000000, 0x0000000100000000)
  region size 1024K, 4 young (4096K), 4 survivors (4096K)
 Metaspace       used 68241K, capacity 70186K, committed 70320K, reserved 1110016K
  class space    used 9245K, capacity 9869K, committed 9984K, reserved 1048576K
}
Event: 54.832 GC heap before
{Heap before GC invocations=65 (full 0):
 garbage-first heap   total 266240K, used 186368K [0x0000000080000000, 0x0000000100000000)
  region size 1024K, 30 young (30720K), 4 survivors (4096K)
 Metaspace       used 69277K, capacity 71215K, committed 71472K, reserved 1110016K
  class space    used 9390K, capacity 10041K, committed 10112K, reserved 1048576K
}

Deoptimization events (20 events):
Event: 54.342 Thread 0x000001e462527000 DEOPT PACKING pc=0x000001e44b58e973 sp=0x000000dae74fe790
Event: 54.342 Thread 0x000001e462527000 DEOPT UNPACKING pc=0x000001e449c7994e sp=0x000000dae74fdd10 mode 0
Event: 54.346 Thread 0x000001e462527000 DEOPT PACKING pc=0x000001e44b5e0552 sp=0x000000dae74fe6b0
Event: 54.346 Thread 0x000001e462527000 DEOPT UNPACKING pc=0x000001e449c7994e sp=0x000000dae74fe2e0 mode 0
Event: 54.356 Thread 0x000001e462527000 DEOPT PACKING pc=0x000001e44b5e0552 sp=0x000000dae74fe6a0
Event: 54.356 Thread 0x000001e462527000 DEOPT UNPACKING pc=0x000001e449c7994e sp=0x000000dae74fe2d0 mode 0
Event: 54.362 Thread 0x000001e462527000 DEOPT PACKING pc=0x000001e44b5e0552 sp=0x000000dae74fe6a0
Event: 54.362 Thread 0x000001e462527000 DEOPT UNPACKING pc=0x000001e449c7994e sp=0x000000dae74fe2d0 mode 0
Event: 54.417 Thread 0x000001e462520800 DEOPT PACKING pc=0x000001e44aa7ea47 sp=0x000000dae73fd150
Event: 54.417 Thread 0x000001e462520800 DEOPT UNPACKING pc=0x000001e449c7994e sp=0x000000dae73fc660 mode 0
Event: 54.424 Thread 0x000001e462520800 DEOPT PACKING pc=0x000001e44aa7ea47 sp=0x000000dae73fd150
Event: 54.424 Thread 0x000001e462520800 DEOPT UNPACKING pc=0x000001e449c7994e sp=0x000000dae73fc660 mode 0
Event: 54.778 Thread 0x000001e462528000 DEOPT PACKING pc=0x000001e44a339f5b sp=0x000000dae75fec20
Event: 54.778 Thread 0x000001e462528000 DEOPT UNPACKING pc=0x000001e449c7994e sp=0x000000dae75fe0d0 mode 0
Event: 54.783 Thread 0x000001e462528000 DEOPT PACKING pc=0x000001e44a315dce sp=0x000000dae75fe9b0
Event: 54.791 Thread 0x000001e462528000 DEOPT UNPACKING pc=0x000001e449c7994e sp=0x000000dae75fde38 mode 0
Event: 54.797 Thread 0x000001e462528000 DEOPT PACKING pc=0x000001e44a24b76c sp=0x000000dae75fe980
Event: 54.797 Thread 0x000001e462528000 DEOPT UNPACKING pc=0x000001e449c7994e sp=0x000000dae75fde40 mode 0
Event: 54.811 Thread 0x000001e462528000 DEOPT PACKING pc=0x000001e44b267853 sp=0x000000dae75fe9f0
Event: 54.811 Thread 0x000001e462528000 DEOPT UNPACKING pc=0x000001e449c7994e sp=0x000000dae75fdfb8 mode 0

Classes unloaded (20 events):
Event: 47.197 Thread 0x000001e4417fc000 Unloading class 0x00000008013e5440 'org/gradle/internal/execution/steps/SkipUpToDateStep$$Lambda$562'
Event: 47.197 Thread 0x000001e4417fc000 Unloading class 0x00000008013e5840 'org/gradle/internal/execution/steps/ResolveChangesStep$$Lambda$560'
Event: 47.197 Thread 0x000001e4417fc000 Unloading class 0x00000008013e6440 'org/gradle/internal/execution/steps/ResolveChangesStep$$Lambda$557'
Event: 47.197 Thread 0x000001e4417fc000 Unloading class 0x00000008013e6c40 'org/gradle/internal/execution/steps/ResolveChangesStep$$Lambda$555'
Event: 47.197 Thread 0x000001e4417fc000 Unloading class 0x00000008013e7440 'org/gradle/internal/execution/steps/ResolveChangesStep$$Lambda$553'
Event: 47.197 Thread 0x000001e4417fc000 Unloading class 0x00000008013e7c40 'org/gradle/internal/execution/steps/ResolveChangesStep$$Lambda$551'
Event: 47.197 Thread 0x000001e4417fc000 Unloading class 0x00000008013e1440 'org/gradle/internal/execution/steps/CaptureStateBeforeExecutionStep$$Lambda$550'
Event: 47.197 Thread 0x000001e4417fc000 Unloading class 0x00000008013d5c40 'org/gradle/internal/execution/steps/SkipEmptyWorkStep$$Lambda$539'
Event: 47.197 Thread 0x000001e4417fc000 Unloading class 0x00000008013d6440 'org/gradle/internal/execution/steps/SkipEmptyWorkStep$$Lambda$537'
Event: 47.197 Thread 0x000001e4417fc000 Unloading class 0x00000008013d6c40 'org/gradle/internal/execution/steps/SkipEmptyWorkStep$$Lambda$535'
Event: 47.197 Thread 0x000001e4417fc000 Unloading class 0x00000008013d3040 'org/gradle/api/internal/artifacts/transform/ImmutableTransformationWorkspaceProvider$$Lambda$527'
Event: 47.197 Thread 0x000001e4417fc000 Unloading class 0x00000008013d2840 'org/gradle/api/internal/artifacts/transform/AbstractCachingTransformationWorkspaceProvider$$Lambda$525'
Event: 47.197 Thread 0x000001e4417fc000 Unloading class 0x00000008013d2040 'java/lang/invoke/LambdaForm$MH'
Event: 47.197 Thread 0x000001e4417fc000 Unloading class 0x00000008013d1840 'java/lang/invoke/LambdaForm$DMH'
Event: 47.197 Thread 0x000001e4417fc000 Unloading class 0x00000008013d0c40 'org/gradle/api/internal/artifacts/transform/DefaultTransformerInvocationFactory$$Lambda$523'
Event: 47.197 Thread 0x000001e4417fc000 Unloading class 0x00000008013d0440 'java/lang/invoke/LambdaForm$DMH'
Event: 47.197 Thread 0x000001e4417fc000 Unloading class 0x00000008013d0040 'org/gradle/api/internal/artifacts/transform/TransformationStep$$Lambda$521'
Event: 47.197 Thread 0x000001e4417fc000 Unloading class 0x00000008013a9c40 'org/gradle/api/internal/artifacts/transform/TransformationStep$$Lambda$519'
Event: 47.197 Thread 0x000001e4417fc000 Unloading class 0x00000008013a9840 'org/gradle/api/internal/artifacts/transform/TransformationStep$$Lambda$517'
Event: 53.699 Thread 0x000001e4417fc000 Unloading class 0x00000008014a8c40 'com/android/tools/r8/dex/n$$Lambda$688'

Classes redefined (0 events):
No events

Internal exceptions (20 events):
Event: 43.749 Thread 0x000001e462525800 Exception <a 'sun/nio/fs/WindowsException'{0x0000000088d24468}> (0x0000000088d24468) 
thrown [t:/workspace/open/src/hotspot/share/prims/jni.cpp, line 598]
Event: 43.750 Thread 0x000001e462525800 Exception <a 'sun/nio/fs/WindowsException'{0x0000000088d250c8}> (0x0000000088d250c8) 
thrown [t:/workspace/open/src/hotspot/share/prims/jni.cpp, line 598]
Event: 43.756 Thread 0x000001e462525800 Exception <a 'sun/nio/fs/WindowsException'{0x0000000088d2c238}> (0x0000000088d2c238) 
thrown [t:/workspace/open/src/hotspot/share/prims/jni.cpp, line 598]
Event: 43.756 Thread 0x000001e462525800 Exception <a 'sun/nio/fs/WindowsException'{0x0000000088d2cb78}> (0x0000000088d2cb78) 
thrown [t:/workspace/open/src/hotspot/share/prims/jni.cpp, line 598]
Event: 43.756 Thread 0x000001e462525800 Exception <a 'sun/nio/fs/WindowsException'{0x0000000088d2d538}> (0x0000000088d2d538) 
thrown [t:/workspace/open/src/hotspot/share/prims/jni.cpp, line 598]
Event: 43.757 Thread 0x000001e462525800 Exception <a 'sun/nio/fs/WindowsException'{0x0000000088d2f1d8}> (0x0000000088d2f1d8) 
thrown [t:/workspace/open/src/hotspot/share/prims/jni.cpp, line 598]
Event: 43.758 Thread 0x000001e462525800 Exception <a 'sun/nio/fs/WindowsException'{0x0000000088d2fb28}> (0x0000000088d2fb28) 
thrown [t:/workspace/open/src/hotspot/share/prims/jni.cpp, line 598]
Event: 43.758 Thread 0x000001e462525800 Exception <a 'sun/nio/fs/WindowsException'{0x0000000088d304f8}> (0x0000000088d304f8) 
thrown [t:/workspace/open/src/hotspot/share/prims/jni.cpp, line 598]
Event: 43.847 Thread 0x000001e4603a5000 Implicit null exception at 0x000001e45192d648 to 0x000001e45192ddd2
Event: 46.212 Thread 0x000001e462525800 Exception <a 'java/lang/NoSuchMethodError'{0x000000008886b2a8}: static Lcom/android/build/gradle/internal/tasks/Workers$ActionParameters;.<clinit>()V> (0x000000008886b2a8) 
thrown [t:/workspace/open/src/hotspot/share/prims/jni.cpp, line 1347]
Event: 46.217 Thread 0x000001e462525800 Exception <a 'java/lang/NoSuchMethodError'{0x000000008887d4a0}: static Lcom/android/build/gradle/internal/tasks/DexMergingParams;.<clinit>()V> (0x000000008887d4a0) 
thrown [t:/workspace/open/src/hotspot/share/prims/jni.cpp, line 1347]
Event: 47.066 Thread 0x000001e462520800 Exception <a 'sun/nio/fs/WindowsException'{0x000000008c458d70}> (0x000000008c458d70) 
thrown [t:/workspace/open/src/hotspot/share/prims/jni.cpp, line 598]
Event: 47.414 Thread 0x000001e462520800 Exception <a 'java/lang/NoSuchMethodError'{0x000000008bf61998}: 'java.lang.Object java.lang.invoke.DirectMethodHandle$Holder.invokeStatic(java.lang.Object, java.lang.Object, java.lang.Object, java.lang.Object, java.lang.Object, java.lang.Object, java.lang.Object, java.lang.Object, java.lang.Object, java.lang.Object, java.lang.Object, java.lang.Object, java.lang.Object, java.lang.Object, java.lang.Object, java.lang.Object, java.lang.Object, int, java.lang.Object)'> (0x000000008bf61998) 
thrown [t:/workspace
Event: 47.414 Thread 0x000001e462520800 Exception <a 'java/lang/NoSuchMethodError'{0x000000008bf663b0}: 'java.lang.Object java.lang.invoke.DirectMethodHandle$Holder.invokeStaticInit(java.lang.Object, java.lang.Object, java.lang.Object, java.lang.Object, java.lang.Object, java.lang.Object, java.lang.Object, java.lang.Object, java.lang.Object, java.lang.Object, java.lang.Object, java.lang.Object, java.lang.Object, java.lang.Object, java.lang.Object, java.lang.Object, java.lang.Object, int, java.lang.Object)'> (0x000000008bf663b0) 
thrown [t:/works
Event: 50.153 Thread 0x000001e462528000 Exception <a 'java/lang/NoSuchMethodError'{0x000000008e563fa0}: 'java.lang.Object java.lang.invoke.DirectMethodHandle$Holder.newInvokeSpecial(java.lang.Object, int)'> (0x000000008e563fa0) 
thrown [t:/workspace/open/src/hotspot/share/interpreter/linkResolver.cpp, line 767]
Event: 50.327 Thread 0x000001e462527000 Implicit null exception at 0x000001e45186eaaf to 0x000001e45186eba2
Event: 50.334 Thread 0x000001e462527000 Exception <a 'java/lang/NoSuchMethodError'{0x000000008e239d58}: 'long java.lang.invoke.DirectMethodHandle$Holder.invokeStatic(java.lang.Object, java.lang.Object, java.lang.Object)'> (0x000000008e239d58) 
thrown [t:/workspace/open/src/hotspot/share/interpreter/linkResolver.cpp, line 767]
Event: 54.639 Thread 0x000001e462520800 Exception <a 'java/lang/NoSuchMethodError'{0x000000008ea53090}: 'long java.lang.invoke.DirectMethodHandle$Holder.invokeStatic(java.lang.Object, java.lang.Object)'> (0x000000008ea53090) 
thrown [t:/workspace/open/src/hotspot/share/interpreter/linkResolver.cpp, line 767]
Event: 54.666 Thread 0x000001e462527000 Exception <a 'java/lang/NoSuchMethodError'{0x000000008f2afe98}: 'void java.lang.invoke.DirectMethodHandle$Holder.invokeSpecial(java.lang.Object, java.lang.Object, int, java.lang.Object)'> (0x000000008f2afe98) 
thrown [t:/workspace/open/src/hotspot/share/interpreter/linkResolver.cpp, line 767]
Event: 54.667 Thread 0x000001e462528000 Exception <a 'java/lang/NoSuchMethodError'{0x000000008eae9cb8}: 'void java.lang.invoke.DirectMethodHandle$Holder.invokeSpecial(java.lang.Object, java.lang.Object, int, java.lang.Object)'> (0x000000008eae9cb8) 
thrown [t:/workspace/open/src/hotspot/share/interpreter/linkResolver.cpp, line 767]

Events (20 events):
Event: 54.664 loading class com/android/tools/r8/u/a/m/a done
Event: 54.665 loading class com/android/tools/r8/u/a/m/f
Event: 54.665 loading class com/android/tools/r8/u/a/m/f done
Event: 54.665 loading class com/android/tools/r8/ir/conversion/O
Event: 54.665 loading class com/android/tools/r8/ir/conversion/O done
Event: 54.665 loading class com/android/tools/r8/graph/T
Event: 54.665 loading class com/android/tools/r8/graph/T done
Event: 54.666 Executing VM operation: RevokeBias
Event: 54.667 loading class com/android/tools/r8/ir/conversion/O
Event: 54.667 loading class com/android/tools/r8/ir/conversion/O done
Event: 54.667 loading class com/android/tools/r8/graph/T
Event: 54.667 loading class com/android/tools/r8/graph/T done
Event: 54.667 loading class com/android/tools/r8/graph/T
Event: 54.667 loading class com/android/tools/r8/graph/T done
Event: 54.668 Executing VM operation: RevokeBias done
Event: 54.668 Executing VM operation: RevokeBias
Event: 54.669 Executing VM operation: RevokeBias done
Event: 54.826 Executing VM operation: RevokeBias
Event: 54.826 Executing VM operation: RevokeBias done
Event: 54.832 Executing VM operation: G1CollectForAllocation


Dynamic libraries:
0x00007ff6452d0000 - 0x00007ff6452df000 	C:\Program Files\Java\jdk-13.0.2\bin\java.exe
0x00007ff845a20000 - 0x00007ff845c0d000 	C:\Windows\SYSTEM32\ntdll.dll
0x00007ff8452c0000 - 0x00007ff845373000 	C:\Windows\System32\KERNEL32.DLL
0x00007ff841ae0000 - 0x00007ff841d75000 	C:\Windows\System32\KERNELBASE.dll
0x00007ff8420b0000 - 0x00007ff8421aa000 	C:\Windows\System32\ucrtbase.dll
0x00007ff83e390000 - 0x00007ff83e3a8000 	C:\Program Files\Java\jdk-13.0.2\bin\jli.dll
0x00007ff842f70000 - 0x00007ff843013000 	C:\Windows\System32\ADVAPI32.dll
0x00007ff845740000 - 0x00007ff8457de000 	C:\Windows\System32\msvcrt.dll
0x00007ff844eb0000 - 0x00007ff844f4e000 	C:\Windows\System32\sechost.dll
0x00007ff844d70000 - 0x00007ff844e92000 	C:\Windows\System32\RPCRT4.dll
0x00007ff843620000 - 0x00007ff8437b7000 	C:\Windows\System32\USER32.dll
0x00007ff842330000 - 0x00007ff842350000 	C:\Windows\System32\win32u.dll
0x00007ff8456a0000 - 0x00007ff8456c9000 	C:\Windows\System32\GDI32.dll
0x00007ff842aa0000 - 0x00007ff842c39000 	C:\Windows\System32\gdi32full.dll
0x00007ff841d80000 - 0x00007ff841e20000 	C:\Windows\System32\msvcp_win.dll
0x00007ff83add0000 - 0x00007ff83ade5000 	C:\Program Files\Java\jdk-13.0.2\bin\VCRUNTIME140.dll
0x00007ff8305b0000 - 0x00007ff830829000 	C:\Windows\WinSxS\amd64_microsoft.windows.common-controls_6595b64144ccf1df_6.0.17763.1217_none_de6e4304534e0ad3\COMCTL32.dll
0x00007ff842c40000 - 0x00007ff842f6c000 	C:\Windows\System32\combase.dll
0x00007ff8421e0000 - 0x00007ff84225e000 	C:\Windows\System32\bcryptPrimitives.dll
0x00007ff83d520000 - 0x00007ff83d52a000 	C:\Windows\SYSTEM32\VERSION.dll
0x00007ff845610000 - 0x00007ff84563e000 	C:\Windows\System32\IMM32.DLL
0x00007ff823630000 - 0x00007ff8236cb000 	C:\Program Files\Java\jdk-13.0.2\bin\msvcp140.dll
0x00007ff81b700000 - 0x00007ff81c25d000 	C:\Program Files\Java\jdk-13.0.2\bin\server\jvm.dll
0x00007ff843610000 - 0x00007ff843618000 	C:\Windows\System32\PSAPI.DLL
0x00007ff83fa10000 - 0x00007ff83fa34000 	C:\Windows\SYSTEM32\WINMM.dll
0x00007ff83b280000 - 0x00007ff83b289000 	C:\Windows\SYSTEM32\WSOCK32.dll
0x00007ff844f50000 - 0x00007ff844fbd000 	C:\Windows\System32\WS2_32.dll
0x00007ff83f9e0000 - 0x00007ff83fa0d000 	C:\Windows\SYSTEM32\WINMMBASE.dll
0x00007ff841e20000 - 0x00007ff841e6a000 	C:\Windows\System32\cfgmgr32.dll
0x00007ff841a70000 - 0x00007ff841a81000 	C:\Windows\System32\kernel.appcore.dll
0x00007ff83fb20000 - 0x00007ff83fb30000 	C:\Program Files\Java\jdk-13.0.2\bin\verify.dll
0x00007ff831500000 - 0x00007ff8316ed000 	C:\Windows\SYSTEM32\DBGHELP.DLL
0x00007ff8313f0000 - 0x00007ff83141a000 	C:\Windows\SYSTEM32\dbgcore.DLL
0x00007ff838590000 - 0x00007ff8385b6000 	C:\Program Files\Java\jdk-13.0.2\bin\java.dll
0x00007ff83abb0000 - 0x00007ff83abc7000 	C:\Program Files\Java\jdk-13.0.2\bin\zip.dll
0x00007ff83b550000 - 0x00007ff83b55a000 	C:\Program Files\Java\jdk-13.0.2\bin\jimage.dll
0x00007ff8437c0000 - 0x00007ff844cb4000 	C:\Windows\System32\SHELL32.dll
0x00007ff844cc0000 - 0x00007ff844d68000 	C:\Windows\System32\shcore.dll
0x00007ff842350000 - 0x00007ff842a9e000 	C:\Windows\System32\windows.storage.dll
0x00007ff841a90000 - 0x00007ff841ab4000 	C:\Windows\System32\profapi.dll
0x00007ff841a10000 - 0x00007ff841a6d000 	C:\Windows\System32\powrprof.dll
0x00007ff845640000 - 0x00007ff845692000 	C:\Windows\System32\shlwapi.dll
0x00007ff842310000 - 0x00007ff842327000 	C:\Windows\System32\cryptsp.dll
0x00007ff835400000 - 0x00007ff835419000 	C:\Program Files\Java\jdk-13.0.2\bin\net.dll
0x00007ff8394b0000 - 0x00007ff8395a2000 	C:\Windows\SYSTEM32\WINHTTP.dll
0x00007ff8411d0000 - 0x00007ff841237000 	C:\Windows\system32\mswsock.dll
0x00007ff8310d0000 - 0x00007ff8310e3000 	C:\Program Files\Java\jdk-13.0.2\bin\nio.dll
0x00007ff8274c0000 - 0x00007ff8274e6000 	C:\Users\ELCOT\.gradle\caches\gradle-6.5\native\31\windows-amd64\native-platform.dll
0x00007ff83a370000 - 0x00007ff83a379000 	C:\Program Files\Java\jdk-13.0.2\bin\management.dll
0x00007ff8396f0000 - 0x00007ff8396fb000 	C:\Program Files\Java\jdk-13.0.2\bin\management_ext.dll
0x00007ff840d60000 - 0x00007ff840d93000 	C:\Windows\system32\rsaenh.dll
0x00007ff8421b0000 - 0x00007ff8421d6000 	C:\Windows\System32\bcrypt.dll
0x00007ff841940000 - 0x00007ff841968000 	C:\Windows\SYSTEM32\USERENV.dll
0x00007ff841350000 - 0x00007ff84135c000 	C:\Windows\SYSTEM32\CRYPTBASE.dll
0x00007ff840f00000 - 0x00007ff840f3d000 	C:\Windows\SYSTEM32\IPHLPAPI.DLL
0x00007ff8456d0000 - 0x00007ff8456d8000 	C:\Windows\System32\NSI.dll
0x00007ff839490000 - 0x00007ff8394a6000 	C:\Windows\SYSTEM32\dhcpcsvc6.DLL
0x00007ff839470000 - 0x00007ff83948c000 	C:\Windows\SYSTEM32\dhcpcsvc.DLL
0x00007ff840f40000 - 0x00007ff841007000 	C:\Windows\SYSTEM32\DNSAPI.dll

dbghelp: loaded successfully - version: 4.0.5 - missing functions: none
symbol engine: initialized successfully - sym options: 0x614 - pdb path: .;C:\Program Files\Java\jdk-13.0.2\bin;C:\Windows\SYSTEM32;C:\Windows\WinSxS\amd64_microsoft.windows.common-controls_6595b64144ccf1df_6.0.17763.1217_none_de6e4304534e0ad3;C:\Program Files\Java\jdk-13.0.2\bin\server;C:\Users\ELCOT\.gradle\caches\gradle-6.5\native\31\windows-amd64

VM Arguments:
jvm_args: --add-opens=java.base/java.util=ALL-UNNAMED --add-opens=java.base/java.lang=ALL-UNNAMED --add-opens=java.base/java.lang.invoke=ALL-UNNAMED --add-opens=java.prefs/java.util.prefs=ALL-UNNAMED -Xmx2048m -Dfile.encoding=windows-1252 -Duser.country=IN -Duser.language=en -Duser.variant 
java_command: org.gradle.launcher.daemon.bootstrap.GradleDaemon 6.1.1
java_class_path (initial): C:\Users\ELCOT\.gradle\caches\gradle-6.5\wrapper\dists\gradle-6.1.1-all\cfmwm155h49vnt3hynmlrsdst\gradle-6.1.1\lib\gradle-launcher-6.1.1.jar
Launcher Type: SUN_STANDARD

[Global flags]
     intx CICompilerCount                          = 2                                         {product} {ergonomic}
     uint ConcGCThreads                            = 1                                         {product} {ergonomic}
     uint G1ConcRefinementThreads                  = 2                                         {product} {ergonomic}
   size_t G1HeapRegionSize                         = 1048576                                   {product} {ergonomic}
    uintx GCDrainStackTargetSize                   = 64                                        {product} {ergonomic}
   size_t InitialHeapSize                          = 65011712                                  {product} {ergonomic}
   size_t MarkStackSize                            = 4194304                                   {product} {ergonomic}
   size_t MaxHeapSize                              = 2147483648                                {product} {command line}
   size_t MaxNewSize                               = 1287651328                                {product} {ergonomic}
   size_t MinHeapDeltaBytes                        = 1048576                                   {product} {ergonomic}
   size_t MinHeapSize                              = 8388608                                   {product} {ergonomic}
    uintx NonNMethodCodeHeapSize                   = 5826188                                {pd product} {ergonomic}
    uintx NonProfiledCodeHeapSize                  = 122916026                              {pd product} {ergonomic}
    uintx ProfiledCodeHeapSize                     = 122916026                              {pd product} {ergonomic}
    uintx ReservedCodeCacheSize                    = 251658240                              {pd product} {ergonomic}
     bool SegmentedCodeCache                       = true                                      {product} {ergonomic}
   size_t SoftMaxHeapSize                          = 2147483648                             {manageable} {ergonomic}
     bool UseCompressedClassPointers               = true                                 {lp64_product} {ergonomic}
     bool UseCompressedOops                        = true                                 {lp64_product} {ergonomic}
     bool UseG1GC                                  = true                                      {product} {ergonomic}
     bool UseLargePagesIndividualAllocation        = false                                  {pd product} {ergonomic}

Logging:
Log output configuration:
 #0: stdout all=warning uptime,level,tags
 #1: stderr all=off uptime,level,tags

Environment Variables:
JAVA_HOME=C:\Program Files\Android\Android Studio\jre
PATH=C:\Program Files\AdoptOpenJDK\jdk-11.0.7.10-hotspot\bin;C:\Program Files (x86)\Common Files\Oracle\Java\javapath;C:\MinGW\bin;C:\Windows\system32;C:\Windows;C:\Windows\System32\Wbem;C:\Windows\System32\WindowsPowerShell\v1.0\;C:\Windows\System32\OpenSSH\;C:\Program Files\nodejs\;C:\Users\ELCOT\Downloads\python-3.8.2;C:\Program Files\Dart\dart-sdk\bin;C:\drivers\chromedriver_win32.zip;C:\src\flutter\flutter_windows_v1.12.13+hotfix.9-stable\flutter\bin;C:\Program Files (x86)\Android\android-sdk\platforms\platform-tools;C:\Program Files (x86)\Android\android-sdk\platform-tools\api;C:\Downloads\installer_r16-windows.exe;C:\ProgramData\Microsoft\Windows\Start Menu\Programs\Android SDK Tools;D:\kishoreAndroid\Android\Android Studio\bin;D:\kishoreAndroid\Android\Android Studio;C:\ProgramData\Microsoft\Windows\Start Menu\Programs\Visual Studio Emulator for Android.lnk;C:\Downloads\vs_emulatorsetup.exe;C:\Program Files (x86)\Android\android-sdk\SDK Manager;D:\Kishore\platforms;C:\Users\ELCOT\AppData\Local\Programs\Python\Python38\Scripts\;C:\Users\;C:\Program Files\Android\Android Studio\jre;C:\Program Files\Java\jdk-13.0.2\bin;C:\Program Files\Java\jre1.8.0_251\bin;C:\Program Files (x86)\Android\platform-tools;C:\Downloads\python-3.8.2.exe;C:\Program Files\dotnet\;C:\Program Files\Microsoft SQL Server\130\Tools\Binn\;C:\Program Files\Microsoft SQL Server\Client SDK\ODBC\170\Tools\Binn\;D:\Git\cmd;C:\Users\ELCOT\AppData\Roaming\npm;C:\Users\ELCOT\AppData\Local\Programs\Python\Python39\Scripts\;C:\Users\ELCOT\AppData\Local\Programs\Python\Python39\;C:\Users\ELCOT\AppData\Local\ValidatorBuddy;C:\Users\ELCOT\AppData\Local\Programs\Python\Python38;C:\src\flutter\bin;D:\Heroku\bin;D:\Microsoft VS Code\bin;C:\Users\ELCOT\AppData\Roaming\npm\node_modules\firebase\node_modules\protobufjs\bin;
USERNAME=ELCOT
OS=Windows_NT
PROCESSOR_IDENTIFIER=AMD64 Family 21 Model 112 Stepping 0, AuthenticAMD



---------------  S Y S T E M  ---------------

OS: Windows 10 , 64 bit Build 17763 (10.0.17763.1158)
HyperV virtualization detected

CPU:total 2 (initial active 2) (2 cores per cpu, 1 threads per core) family 21 model 112 stepping 0, cmov, cx8, fxsr, mmx, sse, sse2, sse3, ssse3, sse4.1, sse4.2, popcnt, avx, avx2, aes, clmul, mmxext, 3dnowpref, lzcnt, sse4a, tsc, tscinvbit, tscinv, bmi1, bmi2, fma

Memory: 4k page, system-wide physical 3935M (346M free)
TotalPageFile size 5322M (AvailPageFile size 54M)
current process WorkingSet (physical memory assigned to process): 487M, peak: 491M
current process commit charge ("private bytes"): 523M, peak: 688M

vm_info: Java HotSpot(TM) 64-Bit Server VM (13.0.2+8) for windows-amd64 JRE (13.0.2+8), built on Dec 11 2019 09:20:33 by "mach5one" with unknown MS VC++:1916

END.
