#
# There is insufficient memory for the Java Runtime Environment to continue.
# Native memory allocation (mmap) failed to map 29360128 bytes for Failed to commit area from 0x00000000ca200000 to 0x00000000cbe00000 of length 29360128.
# Possible reasons:
#   The system is out of physical RAM or swap space
#   The process is running with CompressedOops enabled, and the Java Heap may be blocking the growth of the native heap
# Possible solutions:
#   Reduce memory load on the system
#   Increase physical memory or swap space
#   Check if swap backing store is full
#   Decrease Java heap size (-Xmx/-Xms)
#   Decrease number of Java threads
#   Decrease Java thread stack sizes (-Xss)
#   Set larger code cache with -XX:ReservedCodeCacheSize=
#   JVM is running with Unscaled Compressed Oops mode in which the Java heap is
#     placed in the first 4GB address space. The Java Heap base address is the
#     maximum limit for the native heap growth. Please use -XX:HeapBaseMinAddress
#     to set the Java Heap base and to place the Java Heap above 4GB virtual address.
# This output file may be truncated or incomplete.
#
#  Out of Memory Error (t:/workspace/open/src/hotspot/os/windows/os_windows.cpp:3301), pid=10308, tid=1520
#
# JRE version: Java(TM) SE Runtime Environment (13.0.2+8) (build 13.0.2+8)
# Java VM: Java HotSpot(TM) 64-Bit Server VM (13.0.2+8, mixed mode, sharing, tiered, compressed oops, g1 gc, windows-amd64)
# No core dump will be written. Minidumps are not enabled by default on client versions of Windows
#

---------------  S U M M A R Y ------------

Command Line: --add-opens=java.base/java.util=ALL-UNNAMED --add-opens=java.base/java.lang=ALL-UNNAMED --add-opens=java.base/java.lang.invoke=ALL-UNNAMED --add-opens=java.prefs/java.util.prefs=ALL-UNNAMED -Xmx1024m -Dfile.encoding=windows-1252 -Duser.country=IN -Duser.language=en -Duser.variant org.gradle.launcher.daemon.bootstrap.GradleDaemon 6.1.1

Host: AMD PRO A4-4350B R4, 5 COMPUTE CORES 2C+3G     , 2 cores, 3G,  Windows 10 , 64 bit Build 17763 (10.0.17763.1158)
Time: Mon Oct 12 21:13:00 2020 Pacific Daylight Time elapsed time: 48 seconds (0d 0h 0m 48s)

---------------  T H R E A D  ---------------

Current thread (0x000001dfdcd3d800):  VMThread "VM Thread" [stack: 0x000000509a700000,0x000000509a800000] [id=1520]

Stack: [0x000000509a700000,0x000000509a800000]
[error occurred during error reporting (printing stack bounds), id 0xc0000005, EXCEPTION_ACCESS_VIOLATION (0xc0000005) at pc=0x000001dfe69810ad]

Native frames: (J=compiled Java code, j=interpreted, Vv=VM code, C=native code)
V  [jvm.dll+0x624f9a]
V  [jvm.dll+0x770cfa]
V  [jvm.dll+0x7724af]
V  [jvm.dll+0x772a15]
V  [jvm.dll+0x7729cb]
V  [jvm.dll+0x6244df]
C  [ntdll.dll+0x66b26]
C  [ntdll.dll+0x4849]
C  [ntdll.dll+0xa350e]
C  0x000001dfe69810ad

VM_Operation (0x000000509a3ff500): G1Concurrent, mode: safepoint, requested by thread 0x000001dfdccaa800


---------------  P R O C E S S  ---------------

Threads class SMR info:
_java_thread_list=0x000001dffe52d3f0, length=37, elements={
0x000001dfdcc71000, 0x000001dffa82a800, 0x000001dffa82d800, 0x000001dffa842800,
0x000001dffa843800, 0x000001dffa844800, 0x000001dffa8b7000, 0x000001dffa8b7800,
0x000001dffb20a000, 0x000001dffb245800, 0x000001dffbce6000, 0x000001dffbba6000,
0x000001dffc723800, 0x000001dffc562800, 0x000001dffc5ce800, 0x000001dffbf31800,
0x000001dffa890800, 0x000001dffa891000, 0x000001dffc936800, 0x000001dffc937000,
0x000001dffcb40800, 0x000001dffcb41000, 0x000001dffcb43800, 0x000001dffcb47000,
0x000001dffcb42000, 0x000001dffcb42800, 0x000001dffcb45000, 0x000001dffcb46000,
0x000001dffec16800, 0x000001dffec1a800, 0x000001dffec1b800, 0x000001dffec16000,
0x000001dffec1c800, 0x000001dffec1d000, 0x000001dffec22000, 0x000001dffec21000,
0x000001dffec20800
}

Java Threads: ( => current thread )
  0x000001dfdcc71000 JavaThread "main" [_thread_blocked, id=6784, stack(0x000000509a100000,0x000000509a200000)]
  0x000001dffa82a800 JavaThread "Reference Handler" daemon [_thread_blocked, id=6664, stack(0x000000509a800000,0x000000509a900000)]
  0x000001dffa82d800 JavaThread "Finalizer" daemon [_thread_blocked, id=11592, stack(0x000000509a900000,0x000000509aa00000)]
  0x000001dffa842800 JavaThread "Signal Dispatcher" daemon [_thread_blocked, id=10096, stack(0x000000509aa00000,0x000000509ab00000)]
  0x000001dffa843800 JavaThread "Attach Listener" daemon [_thread_blocked, id=1168, stack(0x000000509ab00000,0x000000509ac00000)]
  0x000001dffa844800 JavaThread "C2 CompilerThread0" daemon [_thread_blocked, id=4288, stack(0x000000509ac00000,0x000000509ad00000)]
  0x000001dffa8b7000 JavaThread "C1 CompilerThread0" daemon [_thread_blocked, id=8940, stack(0x000000509ad00000,0x000000509ae00000)]
  0x000001dffa8b7800 JavaThread "Sweeper thread" daemon [_thread_blocked, id=10464, stack(0x000000509ae00000,0x000000509af00000)]
  0x000001dffb20a000 JavaThread "Common-Cleaner" daemon [_thread_blocked, id=5288, stack(0x000000509af00000,0x000000509b000000)]
  0x000001dffb245800 JavaThread "Service Thread" daemon [_thread_blocked, id=11428, stack(0x000000509b000000,0x000000509b100000)]
  0x000001dffbce6000 JavaThread "Daemon health stats" [_thread_blocked, id=5140, stack(0x000000509b400000,0x000000509b500000)]
  0x000001dffbba6000 JavaThread "Incoming local TCP Connector on port 63139" [_thread_in_native, id=5996, stack(0x000000509b500000,0x000000509b600000)]
  0x000001dffc723800 JavaThread "Daemon periodic checks" [_thread_blocked, id=7120, stack(0x000000509b600000,0x000000509b700000)]
  0x000001dffc562800 JavaThread "Daemon" [_thread_blocked, id=8220, stack(0x000000509b700000,0x000000509b800000)]
  0x000001dffc5ce800 JavaThread "Handler for socket connection from /127.0.0.1:63139 to /127.0.0.1:63140" [_thread_in_native, id=1992, stack(0x000000509b800000,0x000000509b900000)]
  0x000001dffbf31800 JavaThread "Cancel handler" [_thread_blocked, id=9624, stack(0x000000509b900000,0x000000509ba00000)]
  0x000001dffa890800 JavaThread "Daemon worker" [_thread_blocked, id=1312, stack(0x000000509ba00000,0x000000509bb00000)]
  0x000001dffa891000 JavaThread "Asynchronous log dispatcher for DefaultDaemonConnection: socket connection from /127.0.0.1:63139 to /127.0.0.1:63140" [_thread_blocked, id=10444, stack(0x000000509bb00000,0x000000509bc00000)]
  0x000001dffc936800 JavaThread "Stdin handler" [_thread_blocked, id=4464, stack(0x000000509bc00000,0x000000509bd00000)]
  0x000001dffc937000 JavaThread "Thread-8" [_thread_blocked, id=12136, stack(0x000000509bd00000,0x000000509be00000)]
  0x000001dffcb40800 JavaThread "Cache worker for journal cache (C:\Users\ELCOT\.gradle\caches\gradle-6.5\caches\journal-1)" [_thread_blocked, id=6208, stack(0x000000509be00000,0x000000509bf00000)]
  0x000001dffcb41000 JavaThread "File lock request listener" [_thread_in_native, id=6188, stack(0x000000509bf00000,0x000000509c000000)]
  0x000001dffcb43800 JavaThread "Cache worker for file hash cache (C:\Users\ELCOT\.gradle\caches\gradle-6.5\caches\6.1.1\fileHashes)" [_thread_blocked, id=5300, stack(0x000000509c000000,0x000000509c100000)]
  0x000001dffcb47000 JavaThread "Cache worker for checksums cache (D:\AndroidStudioProjects\DoChat\.gradle\checksums)" [_thread_blocked, id=5336, stack(0x000000509c100000,0x000000509c200000)]
  0x000001dffcb42000 JavaThread "Cache worker for file hash cache (D:\AndroidStudioProjects\DoChat\.gradle\6.1.1\fileHashes)" [_thread_blocked, id=11396, stack(0x000000509c200000,0x000000509c300000)]
  0x000001dffcb42800 JavaThread "Cache worker for cache directory md-supplier (C:\Users\ELCOT\.gradle\caches\gradle-6.5\caches\6.1.1\md-supplier)" [_thread_blocked, id=9820, stack(0x000000509c300000,0x000000509c400000)]
  0x000001dffcb45000 JavaThread "Cache worker for cache directory md-rule (C:\Users\ELCOT\.gradle\caches\gradle-6.5\caches\6.1.1\md-rule)" [_thread_blocked, id=10816, stack(0x000000509c400000,0x000000509c500000)]
  0x000001dffcb46000 JavaThread "Cache worker for execution history cache (C:\Users\ELCOT\.gradle\caches\gradle-6.5\caches\6.1.1\executionHistory)" [_thread_blocked, id=9180, stack(0x000000509c500000,0x000000509c600000)]
  0x000001dffec16800 JavaThread "Build operations" [_thread_blocked, id=652, stack(0x000000509c600000,0x000000509c700000)]
  0x000001dffec1a800 JavaThread "Build operations Thread 2" [_thread_blocked, id=10108, stack(0x000000509c700000,0x000000509c800000)]
  0x000001dffec1b800 JavaThread "Cache worker for Build Output Cleanup Cache (D:\AndroidStudioProjects\DoChat\.gradle\buildOutputCleanup)" [_thread_blocked, id=8472, stack(0x000000509c800000,0x000000509c900000)]
  0x000001dffec16000 JavaThread "Memory manager" [_thread_blocked, id=5732, stack(0x000000509c900000,0x000000509ca00000)]
  0x000001dffec1c800 JavaThread "Cache worker for file content cache (C:\Users\ELCOT\.gradle\caches\gradle-6.5\caches\6.1.1\fileContent)" [_thread_blocked, id=7468, stack(0x000000509ca00000,0x000000509cb00000)]
  0x000001dffec1d000 JavaThread "Cache worker for file content cache (D:\AndroidStudioProjects\DoChat\.gradle\6.1.1\fileContent)" [_thread_blocked, id=3740, stack(0x000000509cb00000,0x000000509cc00000)]
  0x000001dffec22000 JavaThread "Execution worker for ':'" [_thread_blocked, id=12088, stack(0x000000509cc00000,0x000000509cd00000)]
  0x000001dffec21000 JavaThread "Cache worker for execution history cache (D:\AndroidStudioProjects\DoChat\.gradle\6.1.1\executionHistory)" [_thread_blocked, id=5232, stack(0x000000509cf00000,0x000000509d000000)]
  0x000001dffec20800 JavaThread "WorkerExecutor Queue" [_thread_blocked, id=856, stack(0x000000509d000000,0x000000509d100000)]

Other Threads:
=>0x000001dfdcd3d800 VMThread "VM Thread" [stack: 0x000000509a700000,0x000000509a800000] [id=1520]
  0x000001dffb247000 WatcherThread [stack: 0x000000509b100000,0x000000509b200000] [id=1796]
  0x000001dfdcca1000 GCTaskThread "GC Thread#0" [stack: 0x000000509a200000,0x000000509a300000] [id=2284]
  0x000001dffb4c6800 GCTaskThread "GC Thread#1" [stack: 0x000000509b200000,0x000000509b300000] [id=8800]
  0x000001dfdccaa800 ConcurrentGCThread "G1 Main Marker" [stack: 0x000000509a300000,0x000000509a400000] [id=2960]
  0x000001dfdccac000 ConcurrentGCThread "G1 Conc#0" [stack: 0x000000509a400000,0x000000509a500000] [id=7528]
  0x000001dfdccf9800 ConcurrentGCThread "G1 Refine#0" [stack: 0x000000509a500000,0x000000509a600000] [id=8452]
  0x000001dffba24800 ConcurrentGCThread "G1 Refine#1" [stack: 0x000000509b300000,0x000000509b400000] [id=7748]
  0x000001dfdccfb800 ConcurrentGCThread "G1 Young RemSet Sampling" [stack: 0x000000509a600000,0x000000509a700000] [id=1416]

Threads with active compile tasks:
C1 CompilerThread0    48591 9187   !   3       com.android.tools.r8.graph.e0::g (89 bytes)

VM state:at safepoint (normal execution)

VM Mutex/Monitor currently owned by a thread:  ([mutex/lock_event])
[0x000001dfdcc6d330] Threads_lock - owner thread: 0x000001dfdcd3d800
[0x000001dfdcc6d3c0] Heap_lock - owner thread: 0x000001dfdccaa800

Heap address: 0x00000000c0000000, size: 1024 MB, Compressed Oops mode: 32-bit
Narrow klass base: 0x0000000800000000, Narrow klass shift: 3
Compressed class space size: 1073741824 Address: 0x0000000800b40000

Heap:
 garbage-first heap   total 194560K, used 114511K [0x00000000c0000000, 0x0000000100000000)
  region size 1024K, 5 young (5120K), 2 survivors (2048K)
 Metaspace       used 66593K, capacity 68497K, committed 68656K, reserved 1107968K
  class space    used 8944K, capacity 9587K, committed 9600K, reserved 1048576K
Heap Regions: E=young(eden), S=young(survivor), O=old, HS=humongous(starts), HC=humongous(continues), CS=collection set, F=free, A=archive, TAMS=top-at-mark-start (previous, next)
|   0|0x00000000c0000000, 0x00000000c0100000, 0x00000000c0100000|100%|HS|  |TAMS 0x00000000c0100000, 0x00000000c0000000| Complete 
|   1|0x00000000c0100000, 0x00000000c0200000, 0x00000000c0200000|100%|HC|  |TAMS 0x00000000c0200000, 0x00000000c0100000| Complete 
|   2|0x00000000c0200000, 0x00000000c0300000, 0x00000000c0300000|100%|HC|  |TAMS 0x00000000c0300000, 0x00000000c0200000| Complete 
|   3|0x00000000c0300000, 0x00000000c0400000, 0x00000000c0400000|100%| O|  |TAMS 0x00000000c0400000, 0x00000000c0300000| Updating 
|   4|0x00000000c0400000, 0x00000000c0500000, 0x00000000c0500000|100%| O|  |TAMS 0x00000000c0500000, 0x00000000c0400000| Updating 
|   5|0x00000000c0500000, 0x00000000c0600000, 0x00000000c0600000|100%| O|  |TAMS 0x00000000c0600000, 0x00000000c0500000| Updating 
|   6|0x00000000c0600000, 0x00000000c0700000, 0x00000000c0700000|100%| O|  |TAMS 0x00000000c0700000, 0x00000000c0600000| Updating 
|   7|0x00000000c0700000, 0x00000000c0800000, 0x00000000c0800000|100%| O|  |TAMS 0x00000000c0800000, 0x00000000c0700000| Updating 
|   8|0x00000000c0800000, 0x00000000c0900000, 0x00000000c0900000|100%| O|  |TAMS 0x00000000c0900000, 0x00000000c0800000| Updating 
|   9|0x00000000c0900000, 0x00000000c0a00000, 0x00000000c0a00000|100%| O|  |TAMS 0x00000000c0a00000, 0x00000000c0900000| Updating 
|  10|0x00000000c0a00000, 0x00000000c0b00000, 0x00000000c0b00000|100%| O|  |TAMS 0x00000000c0b00000, 0x00000000c0a00000| Updating 
|  11|0x00000000c0b00000, 0x00000000c0c00000, 0x00000000c0c00000|100%| O|  |TAMS 0x00000000c0c00000, 0x00000000c0b00000| Updating 
|  12|0x00000000c0c00000, 0x00000000c0d00000, 0x00000000c0d00000|100%| O|  |TAMS 0x00000000c0d00000, 0x00000000c0c00000| Updating 
|  13|0x00000000c0d00000, 0x00000000c0e00000, 0x00000000c0e00000|100%| O|  |TAMS 0x00000000c0e00000, 0x00000000c0d00000| Updating 
|  14|0x00000000c0e00000, 0x00000000c0f00000, 0x00000000c0f00000|100%| O|  |TAMS 0x00000000c0f00000, 0x00000000c0e00000| Updating 
|  15|0x00000000c0f00000, 0x00000000c1000000, 0x00000000c1000000|100%| O|  |TAMS 0x00000000c1000000, 0x00000000c0f00000| Updating 
|  16|0x00000000c1000000, 0x00000000c1100000, 0x00000000c1100000|100%| O|  |TAMS 0x00000000c1100000, 0x00000000c1000000| Updating 
|  17|0x00000000c1100000, 0x00000000c1200000, 0x00000000c1200000|100%|HS|  |TAMS 0x00000000c1200000, 0x00000000c1100000| Complete 
|  18|0x00000000c1200000, 0x00000000c1300000, 0x00000000c1300000|100%|HC|  |TAMS 0x00000000c1300000, 0x00000000c1200000| Complete 
|  19|0x00000000c1300000, 0x00000000c1400000, 0x00000000c1400000|100%|HS|  |TAMS 0x00000000c1400000, 0x00000000c1300000| Complete 
|  20|0x00000000c1400000, 0x00000000c1500000, 0x00000000c1500000|100%|HC|  |TAMS 0x00000000c1500000, 0x00000000c1400000| Complete 
|  21|0x00000000c1500000, 0x00000000c1600000, 0x00000000c1600000|100%|HC|  |TAMS 0x00000000c1600000, 0x00000000c1500000| Complete 
|  22|0x00000000c1600000, 0x00000000c1700000, 0x00000000c1700000|100%|HS|  |TAMS 0x00000000c1700000, 0x00000000c1600000| Complete 
|  23|0x00000000c1700000, 0x00000000c1800000, 0x00000000c1800000|100%|HC|  |TAMS 0x00000000c1800000, 0x00000000c1700000| Complete 
|  24|0x00000000c1800000, 0x00000000c1900000, 0x00000000c1900000|100%|HC|  |TAMS 0x00000000c1900000, 0x00000000c1800000| Complete 
|  25|0x00000000c1900000, 0x00000000c1a00000, 0x00000000c1a00000|100%|HC|  |TAMS 0x00000000c1a00000, 0x00000000c1900000| Complete 
|  26|0x00000000c1a00000, 0x00000000c1b00000, 0x00000000c1b00000|100%| O|  |TAMS 0x00000000c1b00000, 0x00000000c1a00000| Updating 
|  27|0x00000000c1b00000, 0x00000000c1c00000, 0x00000000c1c00000|100%| O|  |TAMS 0x00000000c1c00000, 0x00000000c1b00000| Updating 
|  28|0x00000000c1c00000, 0x00000000c1d00000, 0x00000000c1d00000|100%| O|  |TAMS 0x00000000c1d00000, 0x00000000c1c00000| Updating 
|  29|0x00000000c1d00000, 0x00000000c1e00000, 0x00000000c1e00000|100%| O|  |TAMS 0x00000000c1e00000, 0x00000000c1d00000| Updating 
|  30|0x00000000c1e00000, 0x00000000c1f00000, 0x00000000c1f00000|100%| O|  |TAMS 0x00000000c1f00000, 0x00000000c1e00000| Updating 
|  31|0x00000000c1f00000, 0x00000000c2000000, 0x00000000c2000000|100%| O|  |TAMS 0x00000000c2000000, 0x00000000c1f00000| Updating 
|  32|0x00000000c2000000, 0x00000000c2100000, 0x00000000c2100000|100%| O|  |TAMS 0x00000000c2100000, 0x00000000c2000000| Updating 
|  33|0x00000000c2100000, 0x00000000c2200000, 0x00000000c2200000|100%| O|  |TAMS 0x00000000c2200000, 0x00000000c2100000| Updating 
|  34|0x00000000c2200000, 0x00000000c2300000, 0x00000000c2300000|100%| O|  |TAMS 0x00000000c2300000, 0x00000000c2200000| Updating 
|  35|0x00000000c2300000, 0x00000000c2400000, 0x00000000c2400000|100%| O|  |TAMS 0x00000000c2400000, 0x00000000c2300000| Updating 
|  36|0x00000000c2400000, 0x00000000c2500000, 0x00000000c2500000|100%|HS|  |TAMS 0x00000000c2500000, 0x00000000c2400000| Complete 
|  37|0x00000000c2500000, 0x00000000c2600000, 0x00000000c2600000|100%|HC|  |TAMS 0x00000000c2600000, 0x00000000c2500000| Complete 
|  38|0x00000000c2600000, 0x00000000c2700000, 0x00000000c2700000|100%|HC|  |TAMS 0x00000000c2700000, 0x00000000c2600000| Complete 
|  39|0x00000000c2700000, 0x00000000c2800000, 0x00000000c2800000|100%| O|  |TAMS 0x00000000c2800000, 0x00000000c2700000| Updating 
|  40|0x00000000c2800000, 0x00000000c2900000, 0x00000000c2900000|100%| O|  |TAMS 0x00000000c2900000, 0x00000000c2800000| Updating 
|  41|0x00000000c2900000, 0x00000000c2a00000, 0x00000000c2a00000|100%| O|  |TAMS 0x00000000c2a00000, 0x00000000c2900000| Updating 
|  42|0x00000000c2a00000, 0x00000000c2b00000, 0x00000000c2b00000|100%| O|  |TAMS 0x00000000c2b00000, 0x00000000c2a00000| Updating 
|  43|0x00000000c2b00000, 0x00000000c2c00000, 0x00000000c2c00000|100%|HS|  |TAMS 0x00000000c2c00000, 0x00000000c2b00000| Complete 
|  44|0x00000000c2c00000, 0x00000000c2d00000, 0x00000000c2d00000|100%|HC|  |TAMS 0x00000000c2d00000, 0x00000000c2c00000| Complete 
|  45|0x00000000c2d00000, 0x00000000c2e00000, 0x00000000c2e00000|100%| O|  |TAMS 0x00000000c2e00000, 0x00000000c2d00000| Updating 
|  46|0x00000000c2e00000, 0x00000000c2f00000, 0x00000000c2f00000|100%| O|  |TAMS 0x00000000c2f00000, 0x00000000c2e00000| Updating 
|  47|0x00000000c2f00000, 0x00000000c3000000, 0x00000000c3000000|100%| O|  |TAMS 0x00000000c3000000, 0x00000000c2f00000| Updating 
|  48|0x00000000c3000000, 0x00000000c3100000, 0x00000000c3100000|100%| O|  |TAMS 0x00000000c3100000, 0x00000000c3000000| Updating 
|  49|0x00000000c3100000, 0x00000000c3200000, 0x00000000c3200000|100%| O|  |TAMS 0x00000000c3200000, 0x00000000c3100000| Updating 
|  50|0x00000000c3200000, 0x00000000c3300000, 0x00000000c3300000|100%| O|  |TAMS 0x00000000c3300000, 0x00000000c3200000| Updating 
|  51|0x00000000c3300000, 0x00000000c3400000, 0x00000000c3400000|100%| O|  |TAMS 0x00000000c3400000, 0x00000000c3300000| Updating 
|  52|0x00000000c3400000, 0x00000000c3500000, 0x00000000c3500000|100%| O|  |TAMS 0x00000000c3500000, 0x00000000c3400000| Updating 
|  53|0x00000000c3500000, 0x00000000c3600000, 0x00000000c3600000|100%| O|  |TAMS 0x00000000c3600000, 0x00000000c3500000| Updating 
|  54|0x00000000c3600000, 0x00000000c3700000, 0x00000000c3700000|100%| O|  |TAMS 0x00000000c3700000, 0x00000000c3600000| Updating 
|  55|0x00000000c3700000, 0x00000000c3800000, 0x00000000c3800000|100%| O|  |TAMS 0x00000000c3800000, 0x00000000c3700000| Updating 
|  56|0x00000000c3800000, 0x00000000c3900000, 0x00000000c3900000|100%| O|  |TAMS 0x00000000c3900000, 0x00000000c3800000| Updating 
|  57|0x00000000c3900000, 0x00000000c3a00000, 0x00000000c3a00000|100%| O|  |TAMS 0x00000000c3a00000, 0x00000000c3900000| Updating 
|  58|0x00000000c3a00000, 0x00000000c3b00000, 0x00000000c3b00000|100%| O|  |TAMS 0x00000000c3b00000, 0x00000000c3a00000| Updating 
|  59|0x00000000c3b00000, 0x00000000c3c00000, 0x00000000c3c00000|100%| O|  |TAMS 0x00000000c3c00000, 0x00000000c3b00000| Updating 
|  60|0x00000000c3c00000, 0x00000000c3d00000, 0x00000000c3d00000|100%| O|  |TAMS 0x00000000c3d00000, 0x00000000c3c00000| Updating 
|  61|0x00000000c3d00000, 0x00000000c3e00000, 0x00000000c3e00000|100%| O|  |TAMS 0x00000000c3e00000, 0x00000000c3d00000| Updating 
|  62|0x00000000c3e00000, 0x00000000c3f00000, 0x00000000c3f00000|100%| O|  |TAMS 0x00000000c3f00000, 0x00000000c3e00000| Updating 
|  63|0x00000000c3f00000, 0x00000000c4000000, 0x00000000c4000000|100%| O|  |TAMS 0x00000000c4000000, 0x00000000c3f00000| Updating 
|  64|0x00000000c4000000, 0x00000000c4100000, 0x00000000c4100000|100%| O|  |TAMS 0x00000000c4100000, 0x00000000c4000000| Updating 
|  65|0x00000000c4100000, 0x00000000c4200000, 0x00000000c4200000|100%| O|  |TAMS 0x00000000c4200000, 0x00000000c4100000| Updating 
|  66|0x00000000c4200000, 0x00000000c4300000, 0x00000000c4300000|100%| O|  |TAMS 0x00000000c4300000, 0x00000000c4200000| Updating 
|  67|0x00000000c4300000, 0x00000000c4400000, 0x00000000c4400000|100%| O|  |TAMS 0x00000000c4400000, 0x00000000c4300000| Updating 
|  68|0x00000000c4400000, 0x00000000c4500000, 0x00000000c4500000|100%| O|  |TAMS 0x00000000c4500000, 0x00000000c4400000| Updating 
|  69|0x00000000c4500000, 0x00000000c4600000, 0x00000000c4600000|100%| O|  |TAMS 0x00000000c4600000, 0x00000000c4500000| Updating 
|  70|0x00000000c4600000, 0x00000000c4700000, 0x00000000c4700000|100%| O|  |TAMS 0x00000000c4700000, 0x00000000c4600000| Updating 
|  71|0x00000000c4700000, 0x00000000c4800000, 0x00000000c4800000|100%| O|  |TAMS 0x00000000c4800000, 0x00000000c4700000| Updating 
|  72|0x00000000c4800000, 0x00000000c4900000, 0x00000000c4900000|100%| O|  |TAMS 0x00000000c4900000, 0x00000000c4800000| Updating 
|  73|0x00000000c4900000, 0x00000000c4a00000, 0x00000000c4a00000|100%| O|  |TAMS 0x00000000c4a00000, 0x00000000c4900000| Updating 
|  74|0x00000000c4a00000, 0x00000000c4b00000, 0x00000000c4b00000|100%| O|  |TAMS 0x00000000c4b00000, 0x00000000c4a00000| Updating 
|  75|0x00000000c4b00000, 0x00000000c4c00000, 0x00000000c4c00000|100%| O|  |TAMS 0x00000000c4c00000, 0x00000000c4b00000| Updating 
|  76|0x00000000c4c00000, 0x00000000c4d00000, 0x00000000c4d00000|100%| O|  |TAMS 0x00000000c4d00000, 0x00000000c4c00000| Updating 
|  77|0x00000000c4d00000, 0x00000000c4e00000, 0x00000000c4e00000|100%| O|  |TAMS 0x00000000c4e00000, 0x00000000c4d00000| Updating 
|  78|0x00000000c4e00000, 0x00000000c4f00000, 0x00000000c4f00000|100%| O|  |TAMS 0x00000000c4f00000, 0x00000000c4e00000| Updating 
|  79|0x00000000c4f00000, 0x00000000c5000000, 0x00000000c5000000|100%| O|  |TAMS 0x00000000c5000000, 0x00000000c4f00000| Updating 
|  80|0x00000000c5000000, 0x00000000c5100000, 0x00000000c5100000|100%| O|  |TAMS 0x00000000c5086a00, 0x00000000c5000000| Updating 
|  81|0x00000000c5100000, 0x00000000c5200000, 0x00000000c5200000|100%|HS|  |TAMS 0x00000000c5200000, 0x00000000c5100000| Complete 
|  82|0x00000000c5200000, 0x00000000c5300000, 0x00000000c5300000|100%|HC|  |TAMS 0x00000000c5300000, 0x00000000c5200000| Complete 
|  83|0x00000000c5300000, 0x00000000c5400000, 0x00000000c5400000|100%|HC|  |TAMS 0x00000000c5400000, 0x00000000c5300000| Complete 
|  84|0x00000000c5400000, 0x00000000c5500000, 0x00000000c5500000|100%|HC|  |TAMS 0x00000000c5500000, 0x00000000c5400000| Complete 
|  85|0x00000000c5500000, 0x00000000c5600000, 0x00000000c5600000|100%|HC|  |TAMS 0x00000000c5600000, 0x00000000c5500000| Complete 
|  86|0x00000000c5600000, 0x00000000c5700000, 0x00000000c5700000|100%|HC|  |TAMS 0x00000000c5700000, 0x00000000c5600000| Complete 
|  87|0x00000000c5700000, 0x00000000c5800000, 0x00000000c5800000|100%|HC|  |TAMS 0x00000000c5800000, 0x00000000c5700000| Complete 
|  88|0x00000000c5800000, 0x00000000c5900000, 0x00000000c5900000|100%|HC|  |TAMS 0x00000000c5900000, 0x00000000c5800000| Complete 
|  89|0x00000000c5900000, 0x00000000c5a00000, 0x00000000c5a00000|100%|HC|  |TAMS 0x00000000c5a00000, 0x00000000c5900000| Complete 
|  90|0x00000000c5a00000, 0x00000000c5a00000, 0x00000000c5b00000|  0%| F|  |TAMS 0x00000000c5a00000, 0x00000000c5a00000| Untracked 
|  91|0x00000000c5b00000, 0x00000000c5bd3e00, 0x00000000c5c00000| 82%| O|  |TAMS 0x00000000c5b00000, 0x00000000c5b00000| Updating 
|  92|0x00000000c5c00000, 0x00000000c5d00000, 0x00000000c5d00000|100%|HS|  |TAMS 0x00000000c5c00000, 0x00000000c5c00000| Complete 
|  93|0x00000000c5d00000, 0x00000000c5e00000, 0x00000000c5e00000|100%|HC|  |TAMS 0x00000000c5d00000, 0x00000000c5d00000| Complete 
|  94|0x00000000c5e00000, 0x00000000c5f00000, 0x00000000c5f00000|100%|HC|  |TAMS 0x00000000c5e00000, 0x00000000c5e00000| Complete 
|  95|0x00000000c5f00000, 0x00000000c6000000, 0x00000000c6000000|100%|HC|  |TAMS 0x00000000c5f00000, 0x00000000c5f00000| Complete 
|  96|0x00000000c6000000, 0x00000000c6100000, 0x00000000c6100000|100%|HC|  |TAMS 0x00000000c6000000, 0x00000000c6000000| Complete 
|  97|0x00000000c6100000, 0x00000000c6200000, 0x00000000c6200000|100%|HC|  |TAMS 0x00000000c6100000, 0x00000000c6100000| Complete 
|  98|0x00000000c6200000, 0x00000000c6300000, 0x00000000c6300000|100%|HC|  |TAMS 0x00000000c6200000, 0x00000000c6200000| Complete 
|  99|0x00000000c6300000, 0x00000000c6400000, 0x00000000c6400000|100%|HC|  |TAMS 0x00000000c6300000, 0x00000000c6300000| Complete 
| 100|0x00000000c6400000, 0x00000000c6500000, 0x00000000c6500000|100%|HC|  |TAMS 0x00000000c6400000, 0x00000000c6400000| Complete 
| 101|0x00000000c6500000, 0x00000000c6600000, 0x00000000c6600000|100%|HS|  |TAMS 0x00000000c6500000, 0x00000000c6500000| Complete 
| 102|0x00000000c6600000, 0x00000000c6700000, 0x00000000c6700000|100%|HC|  |TAMS 0x00000000c6600000, 0x00000000c6600000| Complete 
| 103|0x00000000c6700000, 0x00000000c6800000, 0x00000000c6800000|100%|HC|  |TAMS 0x00000000c6700000, 0x00000000c6700000| Complete 
| 104|0x00000000c6800000, 0x00000000c6900000, 0x00000000c6900000|100%|HC|  |TAMS 0x00000000c6800000, 0x00000000c6800000| Complete 
| 105|0x00000000c6900000, 0x00000000c6a00000, 0x00000000c6a00000|100%|HC|  |TAMS 0x00000000c6900000, 0x00000000c6900000| Complete 
| 106|0x00000000c6a00000, 0x00000000c6b00000, 0x00000000c6b00000|100%|HC|  |TAMS 0x00000000c6a00000, 0x00000000c6a00000| Complete 
| 107|0x00000000c6b00000, 0x00000000c6c00000, 0x00000000c6c00000|100%|HC|  |TAMS 0x00000000c6b00000, 0x00000000c6b00000| Complete 
| 108|0x00000000c6c00000, 0x00000000c6d00000, 0x00000000c6d00000|100%|HC|  |TAMS 0x00000000c6c00000, 0x00000000c6c00000| Complete 
| 109|0x00000000c6d00000, 0x00000000c6e00000, 0x00000000c6e00000|100%|HC|  |TAMS 0x00000000c6d00000, 0x00000000c6d00000| Complete 
| 110|0x00000000c6e00000, 0x00000000c6e00000, 0x00000000c6f00000|  0%| F|  |TAMS 0x00000000c6e00000, 0x00000000c6e00000| Untracked 
| 111|0x00000000c6f00000, 0x00000000c6f00000, 0x00000000c7000000|  0%| F|  |TAMS 0x00000000c6f00000, 0x00000000c6f00000| Untracked 
| 112|0x00000000c7000000, 0x00000000c7000000, 0x00000000c7100000|  0%| F|  |TAMS 0x00000000c7000000, 0x00000000c7000000| Untracked 
| 113|0x00000000c7100000, 0x00000000c7100000, 0x00000000c7200000|  0%| F|  |TAMS 0x00000000c7100000, 0x00000000c7100000| Untracked 
| 114|0x00000000c7200000, 0x00000000c7200000, 0x00000000c7300000|  0%| F|  |TAMS 0x00000000c7200000, 0x00000000c7200000| Untracked 
| 115|0x00000000c7300000, 0x00000000c7300000, 0x00000000c7400000|  0%| F|  |TAMS 0x00000000c7300000, 0x00000000c7300000| Untracked 
| 116|0x00000000c7400000, 0x00000000c7400000, 0x00000000c7500000|  0%| F|  |TAMS 0x00000000c7400000, 0x00000000c7400000| Untracked 
| 117|0x00000000c7500000, 0x00000000c7500000, 0x00000000c7600000|  0%| F|  |TAMS 0x00000000c7500000, 0x00000000c7500000| Untracked 
| 118|0x00000000c7600000, 0x00000000c7600000, 0x00000000c7700000|  0%| F|  |TAMS 0x00000000c7600000, 0x00000000c7600000| Untracked 
| 119|0x00000000c7700000, 0x00000000c7700000, 0x00000000c7800000|  0%| F|  |TAMS 0x00000000c7700000, 0x00000000c7700000| Untracked 
| 120|0x00000000c7800000, 0x00000000c7800000, 0x00000000c7900000|  0%| F|  |TAMS 0x00000000c7800000, 0x00000000c7800000| Untracked 
| 121|0x00000000c7900000, 0x00000000c7900000, 0x00000000c7a00000|  0%| F|  |TAMS 0x00000000c7900000, 0x00000000c7900000| Untracked 
| 122|0x00000000c7a00000, 0x00000000c7a00000, 0x00000000c7b00000|  0%| F|  |TAMS 0x00000000c7a00000, 0x00000000c7a00000| Untracked 
| 123|0x00000000c7b00000, 0x00000000c7b00000, 0x00000000c7c00000|  0%| F|  |TAMS 0x00000000c7b00000, 0x00000000c7b00000| Untracked 
| 124|0x00000000c7c00000, 0x00000000c7c00000, 0x00000000c7d00000|  0%| F|  |TAMS 0x00000000c7c00000, 0x00000000c7c00000| Untracked 
| 125|0x00000000c7d00000, 0x00000000c7d00000, 0x00000000c7e00000|  0%| F|  |TAMS 0x00000000c7d00000, 0x00000000c7d00000| Untracked 
| 126|0x00000000c7e00000, 0x00000000c7e00000, 0x00000000c7f00000|  0%| F|  |TAMS 0x00000000c7e00000, 0x00000000c7e00000| Untracked 
| 127|0x00000000c7f00000, 0x00000000c7f00000, 0x00000000c8000000|  0%| F|  |TAMS 0x00000000c7f00000, 0x00000000c7f00000| Untracked 
| 128|0x00000000c8000000, 0x00000000c8000000, 0x00000000c8100000|  0%| F|  |TAMS 0x00000000c8000000, 0x00000000c8000000| Untracked 
| 129|0x00000000c8100000, 0x00000000c8100000, 0x00000000c8200000|  0%| F|  |TAMS 0x00000000c8100000, 0x00000000c8100000| Untracked 
| 130|0x00000000c8200000, 0x00000000c8200000, 0x00000000c8300000|  0%| F|  |TAMS 0x00000000c8200000, 0x00000000c8200000| Untracked 
| 131|0x00000000c8300000, 0x00000000c8300000, 0x00000000c8400000|  0%| F|  |TAMS 0x00000000c8300000, 0x00000000c8300000| Untracked 
| 132|0x00000000c8400000, 0x00000000c8400000, 0x00000000c8500000|  0%| F|  |TAMS 0x00000000c8400000, 0x00000000c8400000| Untracked 
| 133|0x00000000c8500000, 0x00000000c8500000, 0x00000000c8600000|  0%| F|  |TAMS 0x00000000c8500000, 0x00000000c8500000| Untracked 
| 134|0x00000000c8600000, 0x00000000c8600000, 0x00000000c8700000|  0%| F|  |TAMS 0x00000000c8600000, 0x00000000c8600000| Untracked 
| 135|0x00000000c8700000, 0x00000000c8700000, 0x00000000c8800000|  0%| F|  |TAMS 0x00000000c8700000, 0x00000000c8700000| Untracked 
| 136|0x00000000c8800000, 0x00000000c8800000, 0x00000000c8900000|  0%| F|  |TAMS 0x00000000c8800000, 0x00000000c8800000| Untracked 
| 137|0x00000000c8900000, 0x00000000c8900000, 0x00000000c8a00000|  0%| F|  |TAMS 0x00000000c8900000, 0x00000000c8900000| Untracked 
| 138|0x00000000c8a00000, 0x00000000c8a00000, 0x00000000c8b00000|  0%| F|  |TAMS 0x00000000c8a00000, 0x00000000c8a00000| Untracked 
| 139|0x00000000c8b00000, 0x00000000c8b00000, 0x00000000c8c00000|  0%| F|  |TAMS 0x00000000c8b00000, 0x00000000c8b00000| Untracked 
| 140|0x00000000c8c00000, 0x00000000c8c00000, 0x00000000c8d00000|  0%| F|  |TAMS 0x00000000c8c00000, 0x00000000c8c00000| Untracked 
| 141|0x00000000c8d00000, 0x00000000c8d00000, 0x00000000c8e00000|  0%| F|  |TAMS 0x00000000c8d00000, 0x00000000c8d00000| Untracked 
| 142|0x00000000c8e00000, 0x00000000c8e00000, 0x00000000c8f00000|  0%| F|  |TAMS 0x00000000c8e00000, 0x00000000c8e00000| Untracked 
| 143|0x00000000c8f00000, 0x00000000c8f00000, 0x00000000c9000000|  0%| F|  |TAMS 0x00000000c8f00000, 0x00000000c8f00000| Untracked 
| 144|0x00000000c9000000, 0x00000000c9000000, 0x00000000c9100000|  0%| F|  |TAMS 0x00000000c9000000, 0x00000000c9000000| Untracked 
| 145|0x00000000c9100000, 0x00000000c9100000, 0x00000000c9200000|  0%| F|  |TAMS 0x00000000c9100000, 0x00000000c9100000| Untracked 
| 146|0x00000000c9200000, 0x00000000c9200000, 0x00000000c9300000|  0%| F|  |TAMS 0x00000000c9200000, 0x00000000c9200000| Untracked 
| 147|0x00000000c9300000, 0x00000000c9300000, 0x00000000c9400000|  0%| F|  |TAMS 0x00000000c9300000, 0x00000000c9300000| Untracked 
| 148|0x00000000c9400000, 0x00000000c9400000, 0x00000000c9500000|  0%| F|  |TAMS 0x00000000c9400000, 0x00000000c9400000| Untracked 
| 149|0x00000000c9500000, 0x00000000c9500000, 0x00000000c9600000|  0%| F|  |TAMS 0x00000000c9500000, 0x00000000c9500000| Untracked 
| 150|0x00000000c9600000, 0x00000000c9600000, 0x00000000c9700000|  0%| F|  |TAMS 0x00000000c9600000, 0x00000000c9600000| Untracked 
| 151|0x00000000c9700000, 0x00000000c9700000, 0x00000000c9800000|  0%| F|  |TAMS 0x00000000c9700000, 0x00000000c9700000| Untracked 
| 152|0x00000000c9800000, 0x00000000c9800000, 0x00000000c9900000|  0%| F|  |TAMS 0x00000000c9800000, 0x00000000c9800000| Untracked 
| 153|0x00000000c9900000, 0x00000000c9900000, 0x00000000c9a00000|  0%| F|  |TAMS 0x00000000c9900000, 0x00000000c9900000| Untracked 
| 154|0x00000000c9a00000, 0x00000000c9a00000, 0x00000000c9b00000|  0%| F|  |TAMS 0x00000000c9a00000, 0x00000000c9a00000| Untracked 
| 155|0x00000000c9b00000, 0x00000000c9c00000, 0x00000000c9c00000|100%| S|CS|TAMS 0x00000000c9b00000, 0x00000000c9b00000| Complete 
| 156|0x00000000c9c00000, 0x00000000c9d00000, 0x00000000c9d00000|100%| S|CS|TAMS 0x00000000c9c00000, 0x00000000c9c00000| Complete 
| 157|0x00000000c9d00000, 0x00000000c9d00000, 0x00000000c9e00000|  0%| F|  |TAMS 0x00000000c9d00000, 0x00000000c9d00000| Untracked 
| 158|0x00000000c9e00000, 0x00000000c9e00000, 0x00000000c9f00000|  0%| F|  |TAMS 0x00000000c9e00000, 0x00000000c9e00000| Untracked 
| 159|0x00000000c9f00000, 0x00000000ca000000, 0x00000000ca000000|100%| E|  |TAMS 0x00000000c9f00000, 0x00000000c9f00000| Complete 
| 160|0x00000000ca000000, 0x00000000ca100000, 0x00000000ca100000|100%| E|CS|TAMS 0x00000000ca000000, 0x00000000ca000000| Complete 
| 161|0x00000000ca100000, 0x00000000ca200000, 0x00000000ca200000|100%| E|  |TAMS 0x00000000ca100000, 0x00000000ca100000| Complete 

Card table byte_map: [0x000001dff60c0000,0x000001dff62c0000] _byte_map_base: 0x000001dff5ac0000

Marking Bits (Prev, Next): (CMBitMap*) 0x000001dfdcca1ea8, (CMBitMap*) 0x000001dfdcca1e68
 Prev Bits: [0x000001dff74c0000, 0x000001dff84c0000)
 Next Bits: [0x000001dff64c0000, 0x000001dff74c0000)

Polling page: 0x000001dfdca00000

Metaspace:

Usage:
  Non-class:     57.53 MB capacity,    56.30 MB ( 98%) used,     1.06 MB (  2%) free+waste,   174.50 KB ( <1%) overhead. 
      Class:      9.36 MB capacity,     8.73 MB ( 93%) used,   561.98 KB (  6%) free+waste,    80.75 KB ( <1%) overhead. 
       Both:     66.89 MB capacity,    65.03 MB ( 97%) used,     1.61 MB (  2%) free+waste,   255.25 KB ( <1%) overhead. 

Virtual space:
  Non-class space:       58.00 MB reserved,      57.67 MB (>99%) committed 
      Class space:        1.00 GB reserved,       9.38 MB ( <1%) committed 
             Both:        1.06 GB reserved,      67.05 MB (  6%) committed 

Chunk freelists:
   Non-Class:  18.00 KB
       Class:  13.00 KB
        Both:  31.00 KB

MaxMetaspaceSize: 17179869184.00 GB
CompressedClassSpaceSize: 1.00 GB

CodeHeap 'non-profiled nmethods': size=120064Kb used=4431Kb max_used=4431Kb free=115632Kb
 bounds [0x000001dfee440000, 0x000001dfee8a0000, 0x000001dff5980000]
CodeHeap 'profiled nmethods': size=120000Kb used=18826Kb max_used=18826Kb free=101173Kb
 bounds [0x000001dfe6f10000, 0x000001dfe8180000, 0x000001dfee440000]
CodeHeap 'non-nmethods': size=5696Kb used=2386Kb max_used=2420Kb free=3309Kb
 bounds [0x000001dfe6980000, 0x000001dfe6bf0000, 0x000001dfe6f10000]
 total_blobs=12544 nmethods=8231 adapters=780
 compilation: enabled
              stopped_count=0, restarted_count=0
 full_count=0

Compilation events (20 events):
Event: 48.517 Thread 0x000001dffa844800 nmethod 9177 0x000001dfee893610 code [0x000001dfee8937a0, 0x000001dfee8938b8]
Event: 48.518 Thread 0x000001dffa8b7000 9178       3       com.android.tools.r8.dex.n$$Lambda$668/0x000000080147c840::get (8 bytes)
Event: 48.518 Thread 0x000001dffa8b7000 nmethod 9178 0x000001dfe8162410 code [0x000001dfe81625c0, 0x000001dfe8162770]
Event: 48.518 Thread 0x000001dffa8b7000 9179       3       com.android.tools.r8.v.a.a.a.f.X::a (181 bytes)
Event: 48.519 Thread 0x000001dffa8b7000 nmethod 9179 0x000001dfe8162890 code [0x000001dfe8162ac0, 0x000001dfe8163460]
Event: 48.520 Thread 0x000001dffa8b7000 9180       3       com.android.tools.r8.graph.f0::<init> (66 bytes)
Event: 48.520 Thread 0x000001dffa8b7000 nmethod 9180 0x000001dfe8163790 code [0x000001dfe8163960, 0x000001dfe8163d78]
Event: 48.521 Thread 0x000001dffa8b7000 9181       3       com.android.tools.r8.graph.g0::equals (37 bytes)
Event: 48.521 Thread 0x000001dffa8b7000 nmethod 9181 0x000001dfe8163f10 code [0x000001dfe81640e0, 0x000001dfe8164590]
Event: 48.521 Thread 0x000001dffa8b7000 9182       3       com.android.tools.r8.dex.n::a (83 bytes)
Event: 48.522 Thread 0x000001dffa8b7000 nmethod 9182 0x000001dfe8164690 code [0x000001dfe81648a0, 0x000001dfe8164fc0]
Event: 48.523 Thread 0x000001dffa8b7000 9183       3       com.android.tools.r8.s.a.b.m.a::a (453 bytes)
Event: 48.527 Thread 0x000001dffa8b7000 nmethod 9183 0x000001dfe8165210 code [0x000001dfe8165740, 0x000001dfe8167d00]
Event: 48.529 Thread 0x000001dffa844800 9184       4       com.android.tools.r8.graph.k::equals (22 bytes)
Event: 48.530 Thread 0x000001dffa844800 nmethod 9184 0x000001dfee893990 code [0x000001dfee893b20, 0x000001dfee893bb8]
Event: 48.536 Thread 0x000001dffa8b7000 9185       3       com.android.tools.r8.dex.n::l (52 bytes)
Event: 48.537 Thread 0x000001dffa8b7000 nmethod 9185 0x000001dfe8168b90 code [0x000001dfe8168dc0, 0x000001dfe8169870]
Event: 48.538 Thread 0x000001dffa8b7000 9186       3       com.android.tools.r8.s.a.b.m.a::d (1471 bytes)
Event: 48.553 Thread 0x000001dffa8b7000 nmethod 9186 0x000001dfe8169c90 code [0x000001dfe816aa80, 0x000001dfe81728b0]
Event: 48.554 Thread 0x000001dffa8b7000 9187   !   3       com.android.tools.r8.graph.e0::g (89 bytes)

GC Heap History (20 events):
Event: 36.468 GC heap before
{Heap before GC invocations=44 (full 0):
 garbage-first heap   total 138240K, used 103356K [0x00000000c0000000, 0x0000000100000000)
  region size 1024K, 39 young (39936K), 5 survivors (5120K)
 Metaspace       used 61933K, capacity 63678K, committed 63920K, reserved 1103872K
  class space    used 8344K, capacity 8926K, committed 8960K, reserved 1048576K
}
Event: 36.501 GC heap after
{Heap after GC invocations=45 (full 0):
 garbage-first heap   total 138240K, used 73156K [0x00000000c0000000, 0x0000000100000000)
  region size 1024K, 4 young (4096K), 4 survivors (4096K)
 Metaspace       used 61933K, capacity 63678K, committed 63920K, reserved 1103872K
  class space    used 8344K, capacity 8926K, committed 8960K, reserved 1048576K
}
Event: 38.406 GC heap before
{Heap before GC invocations=45 (full 0):
 garbage-first heap   total 138240K, used 105924K [0x00000000c0000000, 0x0000000100000000)
  region size 1024K, 37 young (37888K), 4 survivors (4096K)
 Metaspace       used 62105K, capacity 63809K, committed 63920K, reserved 1103872K
  class space    used 8346K, capacity 8926K, committed 8960K, reserved 1048576K
}
Event: 38.426 GC heap after
{Heap after GC invocations=46 (full 0):
 garbage-first heap   total 138240K, used 75172K [0x00000000c0000000, 0x0000000100000000)
  region size 1024K, 2 young (2048K), 2 survivors (2048K)
 Metaspace       used 62105K, capacity 63809K, committed 63920K, reserved 1103872K
  class space    used 8346K, capacity 8926K, committed 8960K, reserved 1048576K
}
Event: 40.589 GC heap before
{Heap before GC invocations=47 (full 0):
 garbage-first heap   total 138240K, used 107940K [0x00000000c0000000, 0x0000000100000000)
  region size 1024K, 35 young (35840K), 2 survivors (2048K)
 Metaspace       used 63111K, capacity 64932K, committed 65072K, reserved 1105920K
  class space    used 8445K, capacity 9057K, committed 9088K, reserved 1048576K
}
Event: 40.606 GC heap after
{Heap after GC invocations=48 (full 0):
 garbage-first heap   total 138240K, used 77084K [0x00000000c0000000, 0x0000000100000000)
  region size 1024K, 4 young (4096K), 4 survivors (4096K)
 Metaspace       used 63111K, capacity 64932K, committed 65072K, reserved 1105920K
  class space    used 8445K, capacity 9057K, committed 9088K, reserved 1048576K
}
Event: 41.654 GC heap before
{Heap before GC invocations=48 (full 0):
 garbage-first heap   total 138240K, used 105756K [0x00000000c0000000, 0x0000000100000000)
  region size 1024K, 33 young (33792K), 4 survivors (4096K)
 Metaspace       used 63324K, capacity 65084K, committed 65200K, reserved 1105920K
  class space    used 8481K, capacity 9110K, committed 9216K, reserved 1048576K
}
Event: 41.676 GC heap after
{Heap after GC invocations=49 (full 0):
 garbage-first heap   total 138240K, used 78669K [0x00000000c0000000, 0x0000000100000000)
  region size 1024K, 4 young (4096K), 4 survivors (4096K)
 Metaspace       used 63324K, capacity 65084K, committed 65200K, reserved 1105920K
  class space    used 8481K, capacity 9110K, committed 9216K, reserved 1048576K
}
Event: 43.901 GC heap before
{Heap before GC invocations=50 (full 0):
 garbage-first heap   total 138240K, used 111437K [0x00000000c0000000, 0x0000000100000000)
  region size 1024K, 36 young (36864K), 4 survivors (4096K)
 Metaspace       used 63784K, capacity 65590K, committed 65712K, reserved 1105920K
  class space    used 8543K, capacity 9156K, committed 9216K, reserved 1048576K
}
Event: 43.927 GC heap after
{Heap after GC invocations=51 (full 0):
 garbage-first heap   total 138240K, used 80709K [0x00000000c0000000, 0x0000000100000000)
  region size 1024K, 4 young (4096K), 4 survivors (4096K)
 Metaspace       used 63784K, capacity 65590K, committed 65712K, reserved 1105920K
  class space    used 8543K, capacity 9156K, committed 9216K, reserved 1048576K
}
Event: 45.293 GC heap before
{Heap before GC invocations=51 (full 0):
 garbage-first heap   total 138240K, used 111429K [0x00000000c0000000, 0x0000000100000000)
  region size 1024K, 35 young (35840K), 4 survivors (4096K)
 Metaspace       used 63834K, capacity 65692K, committed 65968K, reserved 1105920K
  class space    used 8545K, capacity 9190K, committed 9216K, reserved 1048576K
}
Event: 45.312 GC heap after
{Heap after GC invocations=52 (full 0):
 garbage-first heap   total 138240K, used 82506K [0x00000000c0000000, 0x0000000100000000)
  region size 1024K, 4 young (4096K), 4 survivors (4096K)
 Metaspace       used 63834K, capacity 65692K, committed 65968K, reserved 1105920K
  class space    used 8545K, capacity 9190K, committed 9216K, reserved 1048576K
}
Event: 47.007 GC heap before
{Heap before GC invocations=53 (full 0):
 garbage-first heap   total 140288K, used 114250K [0x00000000c0000000, 0x0000000100000000)
  region size 1024K, 35 young (35840K), 4 survivors (4096K)
 Metaspace       used 64869K, capacity 66731K, committed 66864K, reserved 1107968K
  class space    used 8705K, capacity 9337K, committed 9344K, reserved 1048576K
}
Event: 47.029 GC heap after
{Heap after GC invocations=54 (full 0):
 garbage-first heap   total 140288K, used 83876K [0x00000000c0000000, 0x0000000100000000)
  region size 1024K, 3 young (3072K), 3 survivors (3072K)
 Metaspace       used 64869K, capacity 66731K, committed 66864K, reserved 1107968K
  class space    used 8705K, capacity 9337K, committed 9344K, reserved 1048576K
}
Event: 47.310 GC heap before
{Heap before GC invocations=54 (full 0):
 garbage-first heap   total 140288K, used 87972K [0x00000000c0000000, 0x0000000100000000)
  region size 1024K, 8 young (8192K), 3 survivors (3072K)
 Metaspace       used 64911K, capacity 66798K, committed 66864K, reserved 1107968K
  class space    used 8712K, capacity 9338K, committed 9344K, reserved 1048576K
}
Event: 47.325 GC heap after
{Heap after GC invocations=55 (full 0):
 garbage-first heap   total 140288K, used 84506K [0x00000000c0000000, 0x0000000100000000)
  region size 1024K, 2 young (2048K), 2 survivors (2048K)
 Metaspace       used 64911K, capacity 66798K, committed 66864K, reserved 1107968K
  class space    used 8712K, capacity 9338K, committed 9344K, reserved 1048576K
}
Event: 47.795 GC heap before
{Heap before GC invocations=56 (full 0):
 garbage-first heap   total 142336K, used 93722K [0x00000000c0000000, 0x0000000100000000)
  region size 1024K, 3 young (3072K), 2 survivors (2048K)
 Metaspace       used 64941K, capacity 66801K, committed 66864K, reserved 1107968K
  class space    used 8716K, capacity 9339K, committed 9344K, reserved 1048576K
}
Event: 47.809 GC heap after
{Heap after GC invocations=57 (full 0):
 garbage-first heap   total 142336K, used 94371K [0x00000000c0000000, 0x0000000100000000)
  region size 1024K, 3 young (3072K), 3 survivors (3072K)
 Metaspace       used 64941K, capacity 66801K, committed 66864K, reserved 1107968K
  class space    used 8716K, capacity 9339K, committed 9344K, reserved 1048576K
}
Event: 48.301 GC heap before
{Heap before GC invocations=58 (full 0):
 garbage-first heap   total 165888K, used 101539K [0x00000000c0000000, 0x0000000100000000)
  region size 1024K, 11 young (11264K), 3 survivors (3072K)
 Metaspace       used 66350K, capacity 68266K, committed 68400K, reserved 1107968K
  class space    used 8909K, capacity 9553K, committed 9600K, reserved 1048576K
}
Event: 48.319 GC heap after
{Heap after GC invocations=59 (full 0):
 garbage-first heap   total 165888K, used 95055K [0x00000000c0000000, 0x0000000100000000)
  region size 1024K, 2 young (2048K), 2 survivors (2048K)
 Metaspace       used 66350K, capacity 68266K, committed 68400K, reserved 1107968K
  class space    used 8909K, capacity 9553K, committed 9600K, reserved 1048576K
}

Deoptimization events (20 events):
Event: 46.476 Thread 0x000001dffec22000 DEOPT PACKING pc=0x000001dfee568610 sp=0x000000509ccfabb0
Event: 46.476 Thread 0x000001dffec22000 DEOPT UNPACKING pc=0x000001dfe69c942f sp=0x000000509ccfaaa8 mode 2
Event: 46.476 Thread 0x000001dffec22000 Uncommon trap: trap_request=0xffffff45 fr.pc=0x000001dfee54c9c4 relative=0x0000000000000224
Event: 46.476 Thread 0x000001dffec22000 Uncommon trap: reason=unstable_if action=reinterpret pc=0x000001dfee54c9c4 method=java.lang.Integer.getChars(II[B)I @ 4 c2
Event: 46.476 Thread 0x000001dffec22000 DEOPT PACKING pc=0x000001dfee54c9c4 sp=0x000000509ccfab00
Event: 46.476 Thread 0x000001dffec22000 DEOPT UNPACKING pc=0x000001dfe69c942f sp=0x000000509ccfaa90 mode 2
Event: 47.217 Thread 0x000001dffec20800 Uncommon trap: trap_request=0xffffff45 fr.pc=0x000001dfee4c2c5c relative=0x00000000000012fc
Event: 47.217 Thread 0x000001dffec20800 Uncommon trap: reason=unstable_if action=reinterpret pc=0x000001dfee4c2c5c method=sun.nio.fs.WindowsPathParser.isSlash(C)Z @ 9 c2
Event: 47.217 Thread 0x000001dffec20800 DEOPT PACKING pc=0x000001dfee4c2c5c sp=0x000000509d0fd820
Event: 47.217 Thread 0x000001dffec20800 DEOPT UNPACKING pc=0x000001dfe69c942f sp=0x000000509d0fd790 mode 2
Event: 47.217 Thread 0x000001dffec20800 Uncommon trap: trap_request=0xffffff45 fr.pc=0x000001dfee457ddc relative=0x000000000000003c
Event: 47.217 Thread 0x000001dffec20800 Uncommon trap: reason=unstable_if action=reinterpret pc=0x000001dfee457ddc method=sun.nio.fs.WindowsPathParser.isSlash(C)Z @ 9 c2
Event: 47.217 Thread 0x000001dffec20800 DEOPT PACKING pc=0x000001dfee457ddc sp=0x000000509d0fd800
Event: 47.217 Thread 0x000001dffec20800 DEOPT UNPACKING pc=0x000001dfe69c942f sp=0x000000509d0fd788 mode 2
Event: 48.276 Thread 0x000001dffec20800 Uncommon trap: trap_request=0xffffff45 fr.pc=0x000001dfee74556c relative=0x00000000000000cc
Event: 48.276 Thread 0x000001dffec20800 Uncommon trap: reason=unstable_if action=reinterpret pc=0x000001dfee74556c method=jdk.internal.misc.Unsafe.convEndian(ZS)S @ 4 c2
Event: 48.276 Thread 0x000001dffec20800 DEOPT PACKING pc=0x000001dfee74556c sp=0x000000509d0fd3f0
Event: 48.276 Thread 0x000001dffec20800 DEOPT UNPACKING pc=0x000001dfe69c942f sp=0x000000509d0fd2b0 mode 2
Event: 48.383 Thread 0x000001dffec20800 DEOPT PACKING pc=0x000001dfe814d7bd sp=0x000000509d0fd540
Event: 48.383 Thread 0x000001dffec20800 DEOPT UNPACKING pc=0x000001dfe69c994e sp=0x000000509d0fca28 mode 0

Classes unloaded (20 events):
Event: 21.853 Thread 0x000001dfdcd3d800 Unloading class 0x0000000801007c40 'org/gradle/api/internal/artifacts/ivyservice/ivyresolve/ErrorHandlingModuleComponentRepository$ErrorHandlingModuleComponentRepositoryAccess$$Lambda$220'
Event: 41.900 Thread 0x000001dfdcd3d800 Unloading class 0x00000008013e6440 'org/gradle/internal/execution/steps/ResolveChangesStep$$Lambda$560'
Event: 41.900 Thread 0x000001dfdcd3d800 Unloading class 0x00000008013e6c40 'org/gradle/internal/execution/steps/ResolveChangesStep$$Lambda$557'
Event: 41.900 Thread 0x000001dfdcd3d800 Unloading class 0x00000008013e7040 'org/gradle/internal/execution/steps/ResolveChangesStep$$Lambda$556'
Event: 41.900 Thread 0x000001dfdcd3d800 Unloading class 0x00000008013e7840 'org/gradle/internal/execution/steps/ResolveChangesStep$$Lambda$554'
Event: 41.900 Thread 0x000001dfdcd3d800 Unloading class 0x00000008013e1c40 'org/gradle/internal/execution/steps/CaptureStateBeforeExecutionStep$$Lambda$552'
Event: 41.900 Thread 0x000001dfdcd3d800 Unloading class 0x00000008013e1440 'org/gradle/api/internal/artifacts/transform/DefaultTransformerInvocationFactory$TransformerExecution$$Lambda$549'
Event: 41.900 Thread 0x000001dfdcd3d800 Unloading class 0x00000008013e0840 'org/gradle/internal/execution/steps/CaptureStateBeforeExecutionStep$$Lambda$547'
Event: 41.900 Thread 0x000001dfdcd3d800 Unloading class 0x00000008013d3040 'org/gradle/internal/execution/steps/CaptureStateBeforeExecutionStep$$Lambda$544'
Event: 41.900 Thread 0x000001dfdcd3d800 Unloading class 0x00000008013d4440 'org/gradle/internal/execution/steps/CaptureStateBeforeExecutionStep$$Lambda$540'
Event: 41.900 Thread 0x000001dfdcd3d800 Unloading class 0x00000008013d4840 'org/gradle/internal/execution/steps/ValidateStep$$Lambda$538'
Event: 41.900 Thread 0x000001dfdcd3d800 Unloading class 0x00000008013d5040 'org/gradle/internal/execution/steps/SkipEmptyWorkStep$$Lambda$535'
Event: 41.900 Thread 0x000001dfdcd3d800 Unloading class 0x00000008013d6440 'org/gradle/internal/execution/steps/SkipEmptyWorkStep$$Lambda$532'
Event: 41.900 Thread 0x000001dfdcd3d800 Unloading class 0x00000008013d7c40 'org/gradle/internal/snapshot/impl/DirectorySnapshotter$PathVisitor$$Lambda$527'
Event: 41.900 Thread 0x000001dfdcd3d800 Unloading class 0x00000008013d2840 'java/lang/invoke/LambdaForm$MH'
Event: 41.900 Thread 0x000001dfdcd3d800 Unloading class 0x00000008013d2040 'org/gradle/api/internal/artifacts/transform/DefaultTransformerInvocationFactory$2$$Lambda$524'
Event: 41.900 Thread 0x000001dfdcd3d800 Unloading class 0x00000008013d1840 'org/gradle/api/internal/artifacts/transform/ImmutableTransformationWorkspaceProvider$$Lambda$523'
Event: 41.900 Thread 0x000001dfdcd3d800 Unloading class 0x00000008013d1440 'org/gradle/api/internal/artifacts/transform/AbstractCachingTransformationWorkspaceProvider$$Lambda$521'
Event: 41.901 Thread 0x000001dfdcd3d800 Unloading class 0x00000008013d0c40 'java/lang/invoke/LambdaForm$MH'
Event: 41.901 Thread 0x000001dfdcd3d800 Unloading class 0x00000008013d0440 'org/gradle/api/internal/artifacts/transform/DefaultTransformerInvocationFactory$$Lambda$519'

Classes redefined (0 events):
No events

Internal exceptions (20 events):
Event: 43.534 Thread 0x000001dffa890800 Exception <a 'java/lang/NoSuchMethodError'{0x00000000c6e40c40}: static Lcom/android/build/gradle/internal/scope/SingleArtifactType;.<clinit>()V> (0x00000000c6e40c40) 
thrown [t:/workspace/open/src/hotspot/share/prims/jni.cpp, line 1347]
Event: 43.535 Thread 0x000001dffa890800 Exception <a 'java/lang/NoSuchMethodError'{0x00000000c6e44120}: static Lcom/android/build/gradle/internal/scope/SingleArtifactType;.<clinit>()V> (0x00000000c6e44120) 
thrown [t:/workspace/open/src/hotspot/share/prims/jni.cpp, line 1347]
Event: 43.537 Thread 0x000001dffa890800 Exception <a 'java/lang/NoSuchMethodError'{0x00000000c6e63b30}: static Lcom/android/build/api/artifact/ArtifactKind;.<clinit>()V> (0x00000000c6e63b30) 
thrown [t:/workspace/open/src/hotspot/share/prims/jni.cpp, line 1347]
Event: 43.538 Thread 0x000001dffa890800 Exception <a 'java/lang/NoSuchMethodError'{0x00000000c6e655b8}: static Lcom/android/build/api/artifact/ArtifactKind;.<clinit>()V> (0x00000000c6e655b8) 
thrown [t:/workspace/open/src/hotspot/share/prims/jni.cpp, line 1347]
Event: 43.738 Thread 0x000001dffec22000 Exception <a 'sun/nio/fs/WindowsException'{0x00000000c65224d0}> (0x00000000c65224d0) 
thrown [t:/workspace/open/src/hotspot/share/prims/jni.cpp, line 598]
Event: 43.739 Thread 0x000001dffec22000 Exception <a 'sun/nio/fs/WindowsException'{0x00000000c6522e50}> (0x00000000c6522e50) 
thrown [t:/workspace/open/src/hotspot/share/prims/jni.cpp, line 598]
Event: 43.739 Thread 0x000001dffec22000 Exception <a 'sun/nio/fs/WindowsException'{0x00000000c655c318}> (0x00000000c655c318) 
thrown [t:/workspace/open/src/hotspot/share/prims/jni.cpp, line 598]
Event: 43.742 Thread 0x000001dffec22000 Exception <a 'sun/nio/fs/WindowsException'{0x00000000c6563488}> (0x00000000c6563488) 
thrown [t:/workspace/open/src/hotspot/share/prims/jni.cpp, line 598]
Event: 43.742 Thread 0x000001dffec22000 Exception <a 'sun/nio/fs/WindowsException'{0x00000000c6563dc8}> (0x00000000c6563dc8) 
thrown [t:/workspace/open/src/hotspot/share/prims/jni.cpp, line 598]
Event: 43.742 Thread 0x000001dffec22000 Exception <a 'sun/nio/fs/WindowsException'{0x00000000c6564788}> (0x00000000c6564788) 
thrown [t:/workspace/open/src/hotspot/share/prims/jni.cpp, line 598]
Event: 43.743 Thread 0x000001dffec22000 Exception <a 'sun/nio/fs/WindowsException'{0x00000000c6566428}> (0x00000000c6566428) 
thrown [t:/workspace/open/src/hotspot/share/prims/jni.cpp, line 598]
Event: 43.743 Thread 0x000001dffec22000 Exception <a 'sun/nio/fs/WindowsException'{0x00000000c6566d78}> (0x00000000c6566d78) 
thrown [t:/workspace/open/src/hotspot/share/prims/jni.cpp, line 598]
Event: 43.743 Thread 0x000001dffec22000 Exception <a 'sun/nio/fs/WindowsException'{0x00000000c6567748}> (0x00000000c6567748) 
thrown [t:/workspace/open/src/hotspot/share/prims/jni.cpp, line 598]
Event: 44.809 Thread 0x000001dffa890800 Implicit null exception at 0x000001dfee83e3c2 to 0x000001dfee83e7ee
Event: 45.702 Thread 0x000001dffa890800 Implicit null exception at 0x000001dfee8143d0 to 0x000001dfee814dba
Event: 46.524 Thread 0x000001dffec22000 Exception <a 'java/lang/NoSuchMethodError'{0x00000000c754b110}: static Lcom/android/build/gradle/internal/tasks/Workers$ActionParameters;.<clinit>()V> (0x00000000c754b110) 
thrown [t:/workspace/open/src/hotspot/share/prims/jni.cpp, line 1347]
Event: 46.528 Thread 0x000001dffec22000 Exception <a 'java/lang/NoSuchMethodError'{0x00000000c755d5a8}: static Lcom/android/build/gradle/internal/tasks/DexMergingParams;.<clinit>()V> (0x00000000c755d5a8) 
thrown [t:/workspace/open/src/hotspot/share/prims/jni.cpp, line 1347]
Event: 47.946 Thread 0x000001dffec20800 Exception <a 'sun/nio/fs/WindowsException'{0x00000000c8a8d6b0}> (0x00000000c8a8d6b0) 
thrown [t:/workspace/open/src/hotspot/share/prims/jni.cpp, line 598]
Event: 48.209 Thread 0x000001dffec20800 Exception <a 'java/lang/NoSuchMethodError'{0x00000000ca099438}: 'java.lang.Object java.lang.invoke.DirectMethodHandle$Holder.invokeStatic(java.lang.Object, java.lang.Object, java.lang.Object, java.lang.Object, java.lang.Object, java.lang.Object, java.lang.Object, java.lang.Object, java.lang.Object, java.lang.Object, java.lang.Object, java.lang.Object, java.lang.Object, java.lang.Object, java.lang.Object, java.lang.Object, java.lang.Object, int, java.lang.Object)'> (0x00000000ca099438) 
thrown [t:/workspace
Event: 48.210 Thread 0x000001dffec20800 Exception <a 'java/lang/NoSuchMethodError'{0x00000000ca09de50}: 'java.lang.Object java.lang.invoke.DirectMethodHandle$Holder.invokeStaticInit(java.lang.Object, java.lang.Object, java.lang.Object, java.lang.Object, java.lang.Object, java.lang.Object, java.lang.Object, java.lang.Object, java.lang.Object, java.lang.Object, java.lang.Object, java.lang.Object, java.lang.Object, java.lang.Object, java.lang.Object, java.lang.Object, java.lang.Object, int, java.lang.Object)'> (0x00000000ca09de50) 
thrown [t:/works

Events (20 events):
Event: 48.430 loading class com/android/tools/r8/s/a/b/l/b done
Event: 48.433 loading class com/android/tools/r8/s/a/b/l/f
Event: 48.433 loading class com/android/tools/r8/s/a/b/l/f done
Event: 48.434 loading class com/android/tools/r8/s/a/b/l/d$a
Event: 48.434 loading class com/android/tools/r8/s/a/b/l/d$a done
Event: 48.435 loading class com/android/tools/r8/dex/d
Event: 48.435 loading class com/android/tools/r8/dex/d done
Event: 48.436 loading class com/android/tools/r8/s/a/b/l/c
Event: 48.436 loading class com/android/tools/r8/s/a/b/l/c done
Event: 48.436 loading class com/android/tools/r8/s/a/b/l/d$c
Event: 48.436 loading class com/android/tools/r8/s/a/b/l/d$c done
Event: 48.437 loading class com/android/tools/r8/dex/n
Event: 48.437 loading class com/android/tools/r8/dex/n done
Event: 48.437 loading class com/android/tools/r8/graph/g0
Event: 48.437 loading class com/android/tools/r8/graph/g0 done
Event: 48.437 loading class com/android/tools/r8/graph/g0
Event: 48.437 loading class com/android/tools/r8/graph/g0 done
Event: 48.452 loading class com/android/tools/r8/graph/B
Event: 48.452 loading class com/android/tools/r8/graph/B done
Event: 48.556 Executing VM operation: G1Concurrent


Dynamic libraries:
0x00007ff6585c0000 - 0x00007ff6585cf000 	C:\Program Files\Java\jdk-13.0.2\bin\java.exe
0x00007ff9f88b0000 - 0x00007ff9f8a9d000 	C:\Windows\SYSTEM32\ntdll.dll
0x00007ff9f5ad0000 - 0x00007ff9f5b83000 	C:\Windows\System32\KERNEL32.DLL
0x00007ff9f4d00000 - 0x00007ff9f4f95000 	C:\Windows\System32\KERNELBASE.dll
0x00007ff9f4a40000 - 0x00007ff9f4b3a000 	C:\Windows\System32\ucrtbase.dll
0x00007ff9ee090000 - 0x00007ff9ee0a8000 	C:\Program Files\Java\jdk-13.0.2\bin\jli.dll
0x00007ff9f7be0000 - 0x00007ff9f7c83000 	C:\Windows\System32\ADVAPI32.dll
0x00007ff9f82a0000 - 0x00007ff9f833e000 	C:\Windows\System32\msvcrt.dll
0x00007ff9f7980000 - 0x00007ff9f7a1e000 	C:\Windows\System32\sechost.dll
0x00007ff9f8470000 - 0x00007ff9f8592000 	C:\Windows\System32\RPCRT4.dll
0x00007ff9f77e0000 - 0x00007ff9f7977000 	C:\Windows\System32\USER32.dll
0x00007ff9f4ce0000 - 0x00007ff9f4d00000 	C:\Windows\System32\win32u.dll
0x00007ff9f8240000 - 0x00007ff9f8269000 	C:\Windows\System32\GDI32.dll
0x00007ff9f4b40000 - 0x00007ff9f4cd9000 	C:\Windows\System32\gdi32full.dll
0x00007ff9f5740000 - 0x00007ff9f57e0000 	C:\Windows\System32\msvcp_win.dll
0x00007ff9ee070000 - 0x00007ff9ee085000 	C:\Program Files\Java\jdk-13.0.2\bin\VCRUNTIME140.dll
0x00007ff9e1f10000 - 0x00007ff9e2189000 	C:\Windows\WinSxS\amd64_microsoft.windows.common-controls_6595b64144ccf1df_6.0.17763.1217_none_de6e4304534e0ad3\COMCTL32.dll
0x00007ff9f5fb0000 - 0x00007ff9f62dc000 	C:\Windows\System32\combase.dll
0x00007ff9f5a20000 - 0x00007ff9f5a9e000 	C:\Windows\System32\bcryptPrimitives.dll
0x00007ff9f0370000 - 0x00007ff9f037a000 	C:\Windows\SYSTEM32\VERSION.dll
0x00007ff9f8270000 - 0x00007ff9f829e000 	C:\Windows\System32\IMM32.DLL
0x00007ff9eb4a0000 - 0x00007ff9eb53b000 	C:\Program Files\Java\jdk-13.0.2\bin\msvcp140.dll
0x00007ff9cf650000 - 0x00007ff9d01ad000 	C:\Program Files\Java\jdk-13.0.2\bin\server\jvm.dll
0x00007ff9f85a0000 - 0x00007ff9f85a8000 	C:\Windows\System32\PSAPI.DLL
0x00007ff9f10d0000 - 0x00007ff9f10d9000 	C:\Windows\SYSTEM32\WSOCK32.dll
0x00007ff9f85b0000 - 0x00007ff9f861d000 	C:\Windows\System32\WS2_32.dll
0x00007ff9f28e0000 - 0x00007ff9f2904000 	C:\Windows\SYSTEM32\WINMM.dll
0x00007ff9f28b0000 - 0x00007ff9f28dd000 	C:\Windows\SYSTEM32\WINMMBASE.dll
0x00007ff9f56f0000 - 0x00007ff9f573a000 	C:\Windows\System32\cfgmgr32.dll
0x00007ff9f4920000 - 0x00007ff9f4931000 	C:\Windows\System32\kernel.appcore.dll
0x00007ff9f1160000 - 0x00007ff9f1170000 	C:\Program Files\Java\jdk-13.0.2\bin\verify.dll
0x00007ff9e3a50000 - 0x00007ff9e3c3d000 	C:\Windows\SYSTEM32\DBGHELP.DLL
0x00007ff9e3a20000 - 0x00007ff9e3a4a000 	C:\Windows\SYSTEM32\dbgcore.DLL
0x00007ff9edcd0000 - 0x00007ff9edcf6000 	C:\Program Files\Java\jdk-13.0.2\bin\java.dll
0x00007ff9edc20000 - 0x00007ff9edc37000 	C:\Program Files\Java\jdk-13.0.2\bin\zip.dll
0x00007ff9edb70000 - 0x00007ff9edb7a000 	C:\Program Files\Java\jdk-13.0.2\bin\jimage.dll
0x00007ff9f62e0000 - 0x00007ff9f77d4000 	C:\Windows\System32\SHELL32.dll
0x00007ff9f87d0000 - 0x00007ff9f8878000 	C:\Windows\System32\shcore.dll
0x00007ff9f4fa0000 - 0x00007ff9f56ee000 	C:\Windows\System32\windows.storage.dll
0x00007ff9f4940000 - 0x00007ff9f4964000 	C:\Windows\System32\profapi.dll
0x00007ff9f48c0000 - 0x00007ff9f491d000 	C:\Windows\System32\powrprof.dll
0x00007ff9f5c90000 - 0x00007ff9f5ce2000 	C:\Windows\System32\shlwapi.dll
0x00007ff9f4970000 - 0x00007ff9f4987000 	C:\Windows\System32\cryptsp.dll
0x00007ff9ebb80000 - 0x00007ff9ebb99000 	C:\Program Files\Java\jdk-13.0.2\bin\net.dll
0x00007ff9e8990000 - 0x00007ff9e8a82000 	C:\Windows\SYSTEM32\WINHTTP.dll
0x00007ff9f40c0000 - 0x00007ff9f4127000 	C:\Windows\system32\mswsock.dll
0x00007ff9eba20000 - 0x00007ff9eba33000 	C:\Program Files\Java\jdk-13.0.2\bin\nio.dll
0x00007ff9ddd10000 - 0x00007ff9ddd36000 	C:\Users\ELCOT\.gradle\caches\gradle-6.5\native\31\windows-amd64\native-platform.dll
0x00007ff9ec690000 - 0x00007ff9ec699000 	C:\Program Files\Java\jdk-13.0.2\bin\management.dll
0x00007ff9ec520000 - 0x00007ff9ec52b000 	C:\Program Files\Java\jdk-13.0.2\bin\management_ext.dll
0x00007ff9f3bf0000 - 0x00007ff9f3c23000 	C:\Windows\system32\rsaenh.dll
0x00007ff9f5aa0000 - 0x00007ff9f5ac6000 	C:\Windows\System32\bcrypt.dll
0x00007ff9f47a0000 - 0x00007ff9f47c8000 	C:\Windows\SYSTEM32\USERENV.dll
0x00007ff9f4240000 - 0x00007ff9f424c000 	C:\Windows\SYSTEM32\CRYPTBASE.dll
0x00007ff9f3df0000 - 0x00007ff9f3e2d000 	C:\Windows\SYSTEM32\IPHLPAPI.DLL
0x00007ff9f5cf0000 - 0x00007ff9f5cf8000 	C:\Windows\System32\NSI.dll
0x00007ff9ec560000 - 0x00007ff9ec576000 	C:\Windows\SYSTEM32\dhcpcsvc6.DLL
0x00007ff9ec540000 - 0x00007ff9ec55c000 	C:\Windows\SYSTEM32\dhcpcsvc.DLL
0x00007ff9f3e40000 - 0x00007ff9f3f07000 	C:\Windows\SYSTEM32\DNSAPI.dll

dbghelp: loaded successfully - version: 4.0.5 - missing functions: none
symbol engine: initialized successfully - sym options: 0x614 - pdb path: .;C:\Program Files\Java\jdk-13.0.2\bin;C:\Windows\SYSTEM32;C:\Windows\WinSxS\amd64_microsoft.windows.common-controls_6595b64144ccf1df_6.0.17763.1217_none_de6e4304534e0ad3;C:\Program Files\Java\jdk-13.0.2\bin\server;C:\Users\ELCOT\.gradle\caches\gradle-6.5\native\31\windows-amd64

VM Arguments:
jvm_args: --add-opens=java.base/java.util=ALL-UNNAMED --add-opens=java.base/java.lang=ALL-UNNAMED --add-opens=java.base/java.lang.invoke=ALL-UNNAMED --add-opens=java.prefs/java.util.prefs=ALL-UNNAMED -Xmx1024m -Dfile.encoding=windows-1252 -Duser.country=IN -Duser.language=en -Duser.variant 
java_command: org.gradle.launcher.daemon.bootstrap.GradleDaemon 6.1.1
java_class_path (initial): C:\Users\ELCOT\.gradle\caches\gradle-6.5\wrapper\dists\gradle-6.1.1-all\cfmwm155h49vnt3hynmlrsdst\gradle-6.1.1\lib\gradle-launcher-6.1.1.jar
Launcher Type: SUN_STANDARD

[Global flags]
     intx CICompilerCount                          = 2                                         {product} {ergonomic}
     uint ConcGCThreads                            = 1                                         {product} {ergonomic}
     uint G1ConcRefinementThreads                  = 2                                         {product} {ergonomic}
   size_t G1HeapRegionSize                         = 1048576                                   {product} {ergonomic}
    uintx GCDrainStackTargetSize                   = 64                                        {product} {ergonomic}
   size_t InitialHeapSize                          = 65011712                                  {product} {ergonomic}
   size_t MarkStackSize                            = 4194304                                   {product} {ergonomic}
   size_t MaxHeapSize                              = 1073741824                                {product} {command line}
   size_t MaxNewSize                               = 643825664                                 {product} {ergonomic}
   size_t MinHeapDeltaBytes                        = 1048576                                   {product} {ergonomic}
   size_t MinHeapSize                              = 8388608                                   {product} {ergonomic}
    uintx NonNMethodCodeHeapSize                   = 5826188                                {pd product} {ergonomic}
    uintx NonProfiledCodeHeapSize                  = 122916026                              {pd product} {ergonomic}
    uintx ProfiledCodeHeapSize                     = 122916026                              {pd product} {ergonomic}
    uintx ReservedCodeCacheSize                    = 251658240                              {pd product} {ergonomic}
     bool SegmentedCodeCache                       = true                                      {product} {ergonomic}
   size_t SoftMaxHeapSize                          = 1073741824                             {manageable} {ergonomic}
     bool UseCompressedClassPointers               = true                                 {lp64_product} {ergonomic}
     bool UseCompressedOops                        = true                                 {lp64_product} {ergonomic}
     bool UseG1GC                                  = true                                      {product} {ergonomic}
     bool UseLargePagesIndividualAllocation        = false                                  {pd product} {ergonomic}

Logging:
Log output configuration:
 #0: stdout all=warning uptime,level,tags
 #1: stderr all=off uptime,level,tags

Environment Variables:
JAVA_HOME=C:\Program Files\Android\Android Studio\jre
PATH=C:\Program Files\AdoptOpenJDK\jdk-11.0.7.10-hotspot\bin;C:\Program Files (x86)\Common Files\Oracle\Java\javapath;C:\MinGW\bin;C:\Windows\system32;C:\Windows;C:\Windows\System32\Wbem;C:\Windows\System32\WindowsPowerShell\v1.0\;C:\Windows\System32\OpenSSH\;C:\Program Files\nodejs\;C:\Users\ELCOT\Downloads\python-3.8.2;C:\Program Files\Dart\dart-sdk\bin;C:\drivers\chromedriver_win32.zip;C:\src\flutter\flutter_windows_v1.12.13+hotfix.9-stable\flutter\bin;C:\Program Files (x86)\Android\android-sdk\platforms\platform-tools;C:\Program Files (x86)\Android\android-sdk\platform-tools\api;C:\Downloads\installer_r16-windows.exe;C:\ProgramData\Microsoft\Windows\Start Menu\Programs\Android SDK Tools;D:\kishoreAndroid\Android\Android Studio\bin;D:\kishoreAndroid\Android\Android Studio;C:\ProgramData\Microsoft\Windows\Start Menu\Programs\Visual Studio Emulator for Android.lnk;C:\Downloads\vs_emulatorsetup.exe;C:\Program Files (x86)\Android\android-sdk\SDK Manager;D:\Kishore\platforms;C:\Users\ELCOT\AppData\Local\Programs\Python\Python38\Scripts\;C:\Users\;C:\Program Files\Android\Android Studio\jre;C:\Program Files\Java\jdk-13.0.2\bin;C:\Program Files\Java\jre1.8.0_251\bin;C:\Program Files (x86)\Android\platform-tools;C:\Downloads\python-3.8.2.exe;C:\Program Files\dotnet\;C:\Program Files\Microsoft SQL Server\130\Tools\Binn\;C:\Program Files\Microsoft SQL Server\Client SDK\ODBC\170\Tools\Binn\;D:\Git\cmd;C:\Users\ELCOT\AppData\Roaming\npm;D:\modelsim_ase\win32aloem;C:\Users\ELCOT\AppData\Local\Programs\Python\Python39\Scripts\;C:\Users\ELCOT\AppData\Local\Programs\Python\Python39\;C:\Users\ELCOT\AppData\Local\ValidatorBuddy;C:\Users\ELCOT\AppData\Local\Programs\Python\Python38;C:\src\flutter\bin;D:\Heroku\bin;D:\Microsoft VS Code\bin;C:\Users\ELCOT\AppData\Roaming\npm\node_modules\firebase\node_modules\protobufjs\bin;
USERNAME=ELCOT
OS=Windows_NT
PROCESSOR_IDENTIFIER=AMD64 Family 21 Model 112 Stepping 0, AuthenticAMD



---------------  S Y S T E M  ---------------

OS: Windows 10 , 64 bit Build 17763 (10.0.17763.1158)
HyperV virtualization detected

CPU:total 2 (initial active 2) (2 cores per cpu, 1 threads per core) family 21 model 112 stepping 0, cmov, cx8, fxsr, mmx, sse, sse2, sse3, ssse3, sse4.1, sse4.2, popcnt, avx, avx2, aes, clmul, mmxext, 3dnowpref, lzcnt, sse4a, tsc, tscinvbit, tscinv, bmi1, bmi2, fma

Memory: 4k page, system-wide physical 3935M (477M free)
TotalPageFile size 5322M (AvailPageFile size 15M)
current process WorkingSet (physical memory assigned to process): 347M, peak: 347M
current process commit charge ("private bytes"): 397M, peak: 425M

vm_info: Java HotSpot(TM) 64-Bit Server VM (13.0.2+8) for windows-amd64 JRE (13.0.2+8), built on Dec 11 2019 09:20:33 by "mach5one" with unknown MS VC++:1916

END.
