#
# There is insufficient memory for the Java Runtime Environment to continue.
# Native memory allocation (malloc) failed to allocate 1847856 bytes for Chunk::new
# Possible reasons:
#   The system is out of physical RAM or swap space
#   The process is running with CompressedOops enabled, and the Java Heap may be blocking the growth of the native heap
# Possible solutions:
#   Reduce memory load on the system
#   Increase physical memory or swap space
#   Check if swap backing store is full
#   Decrease Java heap size (-Xmx/-Xms)
#   Decrease number of Java threads
#   Decrease Java thread stack sizes (-Xss)
#   Set larger code cache with -XX:ReservedCodeCacheSize=
#   JVM is running with Unscaled Compressed Oops mode in which the Java heap is
#     placed in the first 4GB address space. The Java Heap base address is the
#     maximum limit for the native heap growth. Please use -XX:HeapBaseMinAddress
#     to set the Java Heap base and to place the Java Heap above 4GB virtual address.
# This output file may be truncated or incomplete.
#
#  Out of Memory Error (t:/workspace/open/src/hotspot/share/memory/arena.cpp:196), pid=5620, tid=8172
#
# JRE version: Java(TM) SE Runtime Environment (13.0.2+8) (build 13.0.2+8)
# Java VM: Java HotSpot(TM) 64-Bit Server VM (13.0.2+8, mixed mode, sharing, tiered, compressed oops, g1 gc, windows-amd64)
# No core dump will be written. Minidumps are not enabled by default on client versions of Windows
#

---------------  S U M M A R Y ------------

Command Line: --add-opens=java.base/java.util=ALL-UNNAMED --add-opens=java.base/java.lang=ALL-UNNAMED --add-opens=java.base/java.lang.invoke=ALL-UNNAMED --add-opens=java.prefs/java.util.prefs=ALL-UNNAMED -Xmx1024m -Dfile.encoding=windows-1252 -Duser.country=IN -Duser.language=en -Duser.variant org.gradle.launcher.daemon.bootstrap.GradleDaemon 6.1.1

Host: AMD PRO A4-4350B R4, 5 COMPUTE CORES 2C+3G     , 2 cores, 3G,  Windows 10 , 64 bit Build 17763 (10.0.17763.1158)
Time: Mon Oct 12 22:01:08 2020 Pacific Daylight Time elapsed time: 253 seconds (0d 0h 4m 13s)

---------------  T H R E A D  ---------------

Current thread (0x00000238ad026000):  JavaThread "C2 CompilerThread0" daemon [_thread_in_native, id=8172, stack(0x0000008885100000,0x0000008885200000)]


Current CompileTask:
C2: 253506 11480   !   4       java.io.ObjectOutputStream::writeObject0 (620 bytes)

Stack: [0x0000008885100000,0x0000008885200000]
Native frames: (J=compiled Java code, j=interpreted, Vv=VM code, C=native code)
V  [jvm.dll+0x624f9a]
V  [jvm.dll+0x770cfa]
V  [jvm.dll+0x7724af]
V  [jvm.dll+0x772ab3]
V  [jvm.dll+0x24bf08]
V  [jvm.dll+0xc1e47]
V  [jvm.dll+0xc23cc]
V  [jvm.dll+0x35c068]
V  [jvm.dll+0x327803]
V  [jvm.dll+0x326bda]
V  [jvm.dll+0x205c27]
V  [jvm.dll+0x204e3f]
V  [jvm.dll+0x189c2c]
V  [jvm.dll+0x213e6d]
V  [jvm.dll+0x2120bb]
V  [jvm.dll+0x736bb6]
V  [jvm.dll+0x72fcaa]
V  [jvm.dll+0x623ea6]
C  [ucrtbase.dll+0x21ffa]
C  [KERNEL32.DLL+0x17974]
C  [ntdll.dll+0x6a271]


---------------  P R O C E S S  ---------------

Threads class SMR info:
_java_thread_list=0x00000238b3a4bbe0, length=36, elements={
0x000002388f471800, 0x000002388f53d800, 0x00000238ad010000, 0x00000238ad024000,
0x00000238ad025000, 0x00000238ad026000, 0x00000238ad098800, 0x00000238ad099000,
0x00000238ada6d000, 0x00000238ada87800, 0x00000238aefc6800, 0x00000238aed2b800,
0x00000238aed35000, 0x00000238aea8b000, 0x00000238aea8c000, 0x00000238aea8c800,
0x00000238aea89800, 0x00000238af282800, 0x00000238af27f000, 0x00000238af283000,
0x00000238af27d800, 0x00000238af286800, 0x00000238af287800, 0x00000238af289000,
0x00000238af288000, 0x00000238af284000, 0x00000238af289800, 0x00000238af28a800,
0x00000238af285000, 0x00000238af28b800, 0x00000238af285800, 0x00000238aea88000,
0x00000238aea8e800, 0x00000238aea88800, 0x00000238b3ca7800, 0x00000238b3caa000
}

Java Threads: ( => current thread )
  0x000002388f471800 JavaThread "main" [_thread_blocked, id=6812, stack(0x0000008884600000,0x0000008884700000)]
  0x000002388f53d800 JavaThread "Reference Handler" daemon [_thread_blocked, id=5300, stack(0x0000008884d00000,0x0000008884e00000)]
  0x00000238ad010000 JavaThread "Finalizer" daemon [_thread_blocked, id=10984, stack(0x0000008884e00000,0x0000008884f00000)]
  0x00000238ad024000 JavaThread "Signal Dispatcher" daemon [_thread_blocked, id=1616, stack(0x0000008884f00000,0x0000008885000000)]
  0x00000238ad025000 JavaThread "Attach Listener" daemon [_thread_blocked, id=5332, stack(0x0000008885000000,0x0000008885100000)]
=>0x00000238ad026000 JavaThread "C2 CompilerThread0" daemon [_thread_in_native, id=8172, stack(0x0000008885100000,0x0000008885200000)]
  0x00000238ad098800 JavaThread "C1 CompilerThread0" daemon [_thread_blocked, id=9764, stack(0x0000008885200000,0x0000008885300000)]
  0x00000238ad099000 JavaThread "Sweeper thread" daemon [_thread_blocked, id=7388, stack(0x0000008885300000,0x0000008885400000)]
  0x00000238ada6d000 JavaThread "Common-Cleaner" daemon [_thread_blocked, id=11004, stack(0x0000008885400000,0x0000008885500000)]
  0x00000238ada87800 JavaThread "Service Thread" daemon [_thread_blocked, id=11312, stack(0x0000008885500000,0x0000008885600000)]
  0x00000238aefc6800 JavaThread "Daemon health stats" [_thread_blocked, id=11508, stack(0x0000008885800000,0x0000008885900000)]
  0x00000238aed2b800 JavaThread "Incoming local TCP Connector on port 63321" [_thread_in_native, id=2328, stack(0x0000008885900000,0x0000008885a00000)]
  0x00000238aed35000 JavaThread "Daemon periodic checks" [_thread_blocked, id=8832, stack(0x0000008885a00000,0x0000008885b00000)]
  0x00000238aea8b000 JavaThread "Cache worker for journal cache (C:\Users\ELCOT\.gradle\caches\gradle-6.5\caches\journal-1)" [_thread_blocked, id=11152, stack(0x0000008886200000,0x0000008886300000)]
  0x00000238aea8c000 JavaThread "File lock request listener" [_thread_in_native, id=12048, stack(0x0000008886300000,0x0000008886400000)]
  0x00000238aea8c800 JavaThread "Cache worker for file hash cache (C:\Users\ELCOT\.gradle\caches\gradle-6.5\caches\6.1.1\fileHashes)" [_thread_blocked, id=10936, stack(0x0000008886400000,0x0000008886500000)]
  0x00000238aea89800 JavaThread "Cache worker for execution history cache (C:\Users\ELCOT\.gradle\caches\gradle-6.5\caches\6.1.1\executionHistory)" [_thread_blocked, id=3792, stack(0x0000008886900000,0x0000008886a00000)]
  0x00000238af282800 JavaThread "Daemon Thread 2" [_thread_blocked, id=6436, stack(0x0000008884400000,0x0000008884500000)]
  0x00000238af27f000 JavaThread "Handler for socket connection from /127.0.0.1:63321 to /127.0.0.1:63328" [_thread_in_native, id=6488, stack(0x0000008884500000,0x0000008884600000)]
  0x00000238af283000 JavaThread "Cancel handler" [_thread_blocked, id=11984, stack(0x0000008885b00000,0x0000008885c00000)]
  0x00000238af27d800 JavaThread "Daemon worker Thread 2" [_thread_in_native, id=7928, stack(0x0000008885c00000,0x0000008885d00000)]
  0x00000238af286800 JavaThread "Asynchronous log dispatcher for DefaultDaemonConnection: socket connection from /127.0.0.1:63321 to /127.0.0.1:63328" [_thread_blocked, id=8216, stack(0x0000008885d00000,0x0000008885e00000)]
  0x00000238af287800 JavaThread "Stdin handler" [_thread_blocked, id=6472, stack(0x0000008885e00000,0x0000008885f00000)]
  0x00000238af289000 JavaThread "Thread-25" [_thread_blocked, id=4052, stack(0x0000008885f00000,0x0000008886000000)]
  0x00000238af288000 JavaThread "Cache worker for checksums cache (D:\AndroidStudioProjects\DoChat\.gradle\checksums)" [_thread_blocked, id=1108, stack(0x0000008886000000,0x0000008886100000)]
  0x00000238af284000 JavaThread "Cache worker for file hash cache (D:\AndroidStudioProjects\DoChat\.gradle\6.1.1\fileHashes)" [_thread_blocked, id=11844, stack(0x0000008886100000,0x0000008886200000)]
  0x00000238af289800 JavaThread "Cache worker for cache directory md-supplier (C:\Users\ELCOT\.gradle\caches\gradle-6.5\caches\6.1.1\md-supplier)" [_thread_blocked, id=6928, stack(0x0000008886500000,0x0000008886600000)]
  0x00000238af28a800 JavaThread "Cache worker for cache directory md-rule (C:\Users\ELCOT\.gradle\caches\gradle-6.5\caches\6.1.1\md-rule)" [_thread_blocked, id=1036, stack(0x0000008886600000,0x0000008886700000)]
  0x00000238af285000 JavaThread "Build operations" [_thread_blocked, id=9916, stack(0x0000008886700000,0x0000008886800000)]
  0x00000238af28b800 JavaThread "Build operations Thread 2" [_thread_blocked, id=6636, stack(0x0000008886800000,0x0000008886900000)]
  0x00000238af285800 JavaThread "Cache worker for Build Output Cleanup Cache (D:\AndroidStudioProjects\DoChat\.gradle\buildOutputCleanup)" [_thread_blocked, id=4948, stack(0x0000008886a00000,0x0000008886b00000)]
  0x00000238aea88000 JavaThread "Memory manager" [_thread_blocked, id=7092, stack(0x0000008886b00000,0x0000008886c00000)]
  0x00000238aea8e800 JavaThread "Cache worker for file content cache (C:\Users\ELCOT\.gradle\caches\gradle-6.5\caches\6.1.1\fileContent)" [_thread_blocked, id=10144, stack(0x0000008886c00000,0x0000008886d00000)]
  0x00000238aea88800 JavaThread "Cache worker for file content cache (D:\AndroidStudioProjects\DoChat\.gradle\6.1.1\fileContent)" [_thread_blocked, id=7804, stack(0x0000008886d00000,0x0000008886e00000)]
  0x00000238b3ca7800 JavaThread "Execution worker for ':'" [_thread_blocked, id=972, stack(0x0000008886e00000,0x0000008886f00000)]
  0x00000238b3caa000 JavaThread "Cache worker for execution history cache (D:\AndroidStudioProjects\DoChat\.gradle\6.1.1\executionHistory)" [_thread_blocked, id=10804, stack(0x0000008886f00000,0x0000008887000000)]

Other Threads:
  0x000002388f53a800 VMThread "VM Thread" [stack: 0x0000008884c00000,0x0000008884d00000] [id=9932]
  0x00000238adae1000 WatcherThread [stack: 0x0000008885600000,0x0000008885700000] [id=2404]
  0x000002388f4a0000 GCTaskThread "GC Thread#0" [stack: 0x0000008884700000,0x0000008884800000] [id=6032]
  0x00000238adbaa800 GCTaskThread "GC Thread#1" [stack: 0x0000008885700000,0x0000008885800000] [id=11324]
  0x000002388f4a9800 ConcurrentGCThread "G1 Main Marker" [stack: 0x0000008884800000,0x0000008884900000] [id=7608]
  0x000002388f4ab000 ConcurrentGCThread "G1 Conc#0" [stack: 0x0000008884900000,0x0000008884a00000] [id=4364]
  0x000002388f4f8000 ConcurrentGCThread "G1 Refine#0" [stack: 0x0000008884a00000,0x0000008884b00000] [id=11840]
  0x000002388f4fb000 ConcurrentGCThread "G1 Young RemSet Sampling" [stack: 0x0000008884b00000,0x0000008884c00000] [id=10656]

Threads with active compile tasks:
C2 CompilerThread0   253968 11480   !   4       java.io.ObjectOutputStream::writeObject0 (620 bytes)

VM state:not at safepoint (normal execution)

VM Mutex/Monitor currently owned by a thread: None

Heap address: 0x00000000c0000000, size: 1024 MB, Compressed Oops mode: 32-bit
Narrow klass base: 0x0000000800000000, Narrow klass shift: 3
Compressed class space size: 1073741824 Address: 0x0000000800b40000

Heap:
 garbage-first heap   total 176128K, used 122526K [0x00000000c0000000, 0x0000000100000000)
  region size 1024K, 25 young (25600K), 4 survivors (4096K)
 Metaspace       used 81485K, capacity 83972K, committed 84096K, reserved 1122304K
  class space    used 10607K, capacity 11386K, committed 11392K, reserved 1048576K
Heap Regions: E=young(eden), S=young(survivor), O=old, HS=humongous(starts), HC=humongous(continues), CS=collection set, F=free, A=archive, TAMS=top-at-mark-start (previous, next)
|   0|0x00000000c0000000, 0x00000000c0100000, 0x00000000c0100000|100%|HS|  |TAMS 0x00000000c0100000, 0x00000000c0000000| Complete 
|   1|0x00000000c0100000, 0x00000000c0200000, 0x00000000c0200000|100%|HC|  |TAMS 0x00000000c0200000, 0x00000000c0100000| Complete 
|   2|0x00000000c0200000, 0x00000000c0300000, 0x00000000c0300000|100%|HC|  |TAMS 0x00000000c0300000, 0x00000000c0200000| Complete 
|   3|0x00000000c0300000, 0x00000000c0400000, 0x00000000c0400000|100%| O|  |TAMS 0x00000000c0400000, 0x00000000c0300000| Untracked 
|   4|0x00000000c0400000, 0x00000000c0500000, 0x00000000c0500000|100%| O|  |TAMS 0x00000000c0500000, 0x00000000c0400000| Untracked 
|   5|0x00000000c0500000, 0x00000000c0600000, 0x00000000c0600000|100%| O|  |TAMS 0x00000000c0600000, 0x00000000c0500000| Untracked 
|   6|0x00000000c0600000, 0x00000000c0700000, 0x00000000c0700000|100%| O|  |TAMS 0x00000000c0700000, 0x00000000c0600000| Untracked 
|   7|0x00000000c0700000, 0x00000000c0800000, 0x00000000c0800000|100%| O|  |TAMS 0x00000000c0800000, 0x00000000c0700000| Untracked 
|   8|0x00000000c0800000, 0x00000000c0900000, 0x00000000c0900000|100%| O|  |TAMS 0x00000000c0900000, 0x00000000c0800000| Untracked 
|   9|0x00000000c0900000, 0x00000000c0a00000, 0x00000000c0a00000|100%| O|  |TAMS 0x00000000c0a00000, 0x00000000c0900000| Complete 
|  10|0x00000000c0a00000, 0x00000000c0b00000, 0x00000000c0b00000|100%| O|  |TAMS 0x00000000c0b00000, 0x00000000c0a00000| Complete 
|  11|0x00000000c0b00000, 0x00000000c0c00000, 0x00000000c0c00000|100%| O|  |TAMS 0x00000000c0c00000, 0x00000000c0b00000| Untracked 
|  12|0x00000000c0c00000, 0x00000000c0d00000, 0x00000000c0d00000|100%| O|  |TAMS 0x00000000c0d00000, 0x00000000c0c00000| Complete 
|  13|0x00000000c0d00000, 0x00000000c0e00000, 0x00000000c0e00000|100%| O|  |TAMS 0x00000000c0e00000, 0x00000000c0d00000| Untracked 
|  14|0x00000000c0e00000, 0x00000000c0f00000, 0x00000000c0f00000|100%| O|  |TAMS 0x00000000c0f00000, 0x00000000c0e00000| Untracked 
|  15|0x00000000c0f00000, 0x00000000c1000000, 0x00000000c1000000|100%| O|  |TAMS 0x00000000c1000000, 0x00000000c0f00000| Complete 
|  16|0x00000000c1000000, 0x00000000c1100000, 0x00000000c1100000|100%|HS|  |TAMS 0x00000000c1100000, 0x00000000c1000000| Complete 
|  17|0x00000000c1100000, 0x00000000c1200000, 0x00000000c1200000|100%|HC|  |TAMS 0x00000000c1200000, 0x00000000c1100000| Complete 
|  18|0x00000000c1200000, 0x00000000c1300000, 0x00000000c1300000|100%|HS|  |TAMS 0x00000000c1300000, 0x00000000c1200000| Complete 
|  19|0x00000000c1300000, 0x00000000c1400000, 0x00000000c1400000|100%|HC|  |TAMS 0x00000000c1400000, 0x00000000c1300000| Complete 
|  20|0x00000000c1400000, 0x00000000c1500000, 0x00000000c1500000|100%|HC|  |TAMS 0x00000000c1500000, 0x00000000c1400000| Complete 
|  21|0x00000000c1500000, 0x00000000c1600000, 0x00000000c1600000|100%|HS|  |TAMS 0x00000000c1600000, 0x00000000c1500000| Complete 
|  22|0x00000000c1600000, 0x00000000c1700000, 0x00000000c1700000|100%|HC|  |TAMS 0x00000000c1700000, 0x00000000c1600000| Complete 
|  23|0x00000000c1700000, 0x00000000c1800000, 0x00000000c1800000|100%|HC|  |TAMS 0x00000000c1800000, 0x00000000c1700000| Complete 
|  24|0x00000000c1800000, 0x00000000c1900000, 0x00000000c1900000|100%|HC|  |TAMS 0x00000000c1900000, 0x00000000c1800000| Complete 
|  25|0x00000000c1900000, 0x00000000c1a00000, 0x00000000c1a00000|100%| O|  |TAMS 0x00000000c1a00000, 0x00000000c1900000| Complete 
|  26|0x00000000c1a00000, 0x00000000c1b00000, 0x00000000c1b00000|100%|HS|  |TAMS 0x00000000c1b00000, 0x00000000c1a00000| Complete 
|  27|0x00000000c1b00000, 0x00000000c1c00000, 0x00000000c1c00000|100%|HC|  |TAMS 0x00000000c1c00000, 0x00000000c1b00000| Complete 
|  28|0x00000000c1c00000, 0x00000000c1d00000, 0x00000000c1d00000|100%|HC|  |TAMS 0x00000000c1d00000, 0x00000000c1c00000| Complete 
|  29|0x00000000c1d00000, 0x00000000c1e00000, 0x00000000c1e00000|100%|HC|  |TAMS 0x00000000c1e00000, 0x00000000c1d00000| Complete 
|  30|0x00000000c1e00000, 0x00000000c1f00000, 0x00000000c1f00000|100%| O|  |TAMS 0x00000000c1f00000, 0x00000000c1e00000| Untracked 
|  31|0x00000000c1f00000, 0x00000000c2000000, 0x00000000c2000000|100%| O|  |TAMS 0x00000000c2000000, 0x00000000c1f00000| Untracked 
|  32|0x00000000c2000000, 0x00000000c2100000, 0x00000000c2100000|100%| O|  |TAMS 0x00000000c2100000, 0x00000000c2000000| Untracked 
|  33|0x00000000c2100000, 0x00000000c2200000, 0x00000000c2200000|100%| O|  |TAMS 0x00000000c2200000, 0x00000000c2100000| Untracked 
|  34|0x00000000c2200000, 0x00000000c2300000, 0x00000000c2300000|100%| O|  |TAMS 0x00000000c2300000, 0x00000000c2200000| Complete 
|  35|0x00000000c2300000, 0x00000000c2400000, 0x00000000c2400000|100%| O|  |TAMS 0x00000000c2400000, 0x00000000c2300000| Untracked 
|  36|0x00000000c2400000, 0x00000000c2500000, 0x00000000c2500000|100%| O|  |TAMS 0x00000000c2500000, 0x00000000c2400000| Untracked 
|  37|0x00000000c2500000, 0x00000000c2600000, 0x00000000c2600000|100%| O|  |TAMS 0x00000000c2600000, 0x00000000c2500000| Complete 
|  38|0x00000000c2600000, 0x00000000c2700000, 0x00000000c2700000|100%| O|  |TAMS 0x00000000c2700000, 0x00000000c2600000| Untracked 
|  39|0x00000000c2700000, 0x00000000c2800000, 0x00000000c2800000|100%| O|  |TAMS 0x00000000c2800000, 0x00000000c2700000| Untracked 
|  40|0x00000000c2800000, 0x00000000c2900000, 0x00000000c2900000|100%| O|  |TAMS 0x00000000c2900000, 0x00000000c2800000| Untracked 
|  41|0x00000000c2900000, 0x00000000c2a00000, 0x00000000c2a00000|100%| O|  |TAMS 0x00000000c2a00000, 0x00000000c2900000| Complete 
|  42|0x00000000c2a00000, 0x00000000c2b00000, 0x00000000c2b00000|100%| O|  |TAMS 0x00000000c2b00000, 0x00000000c2a00000| Untracked 
|  43|0x00000000c2b00000, 0x00000000c2c00000, 0x00000000c2c00000|100%| O|  |TAMS 0x00000000c2c00000, 0x00000000c2b00000| Untracked 
|  44|0x00000000c2c00000, 0x00000000c2d00000, 0x00000000c2d00000|100%| O|  |TAMS 0x00000000c2d00000, 0x00000000c2c00000| Untracked 
|  45|0x00000000c2d00000, 0x00000000c2e00000, 0x00000000c2e00000|100%|HS|  |TAMS 0x00000000c2e00000, 0x00000000c2d00000| Complete 
|  46|0x00000000c2e00000, 0x00000000c2f00000, 0x00000000c2f00000|100%|HC|  |TAMS 0x00000000c2f00000, 0x00000000c2e00000| Complete 
|  47|0x00000000c2f00000, 0x00000000c3000000, 0x00000000c3000000|100%|HC|  |TAMS 0x00000000c3000000, 0x00000000c2f00000| Complete 
|  48|0x00000000c3000000, 0x00000000c3100000, 0x00000000c3100000|100%| O|  |TAMS 0x00000000c3100000, 0x00000000c3000000| Untracked 
|  49|0x00000000c3100000, 0x00000000c3200000, 0x00000000c3200000|100%| O|  |TAMS 0x00000000c3200000, 0x00000000c3100000| Complete 
|  50|0x00000000c3200000, 0x00000000c3300000, 0x00000000c3300000|100%| O|  |TAMS 0x00000000c3300000, 0x00000000c3200000| Complete 
|  51|0x00000000c3300000, 0x00000000c3400000, 0x00000000c3400000|100%|HS|  |TAMS 0x00000000c3400000, 0x00000000c3300000| Complete 
|  52|0x00000000c3400000, 0x00000000c3500000, 0x00000000c3500000|100%|HC|  |TAMS 0x00000000c3500000, 0x00000000c3400000| Complete 
|  53|0x00000000c3500000, 0x00000000c3600000, 0x00000000c3600000|100%| O|  |TAMS 0x00000000c3600000, 0x00000000c3500000| Untracked 
|  54|0x00000000c3600000, 0x00000000c3700000, 0x00000000c3700000|100%| O|  |TAMS 0x00000000c3700000, 0x00000000c3600000| Untracked 
|  55|0x00000000c3700000, 0x00000000c3800000, 0x00000000c3800000|100%| O|  |TAMS 0x00000000c3800000, 0x00000000c3700000| Untracked 
|  56|0x00000000c3800000, 0x00000000c3900000, 0x00000000c3900000|100%| O|  |TAMS 0x00000000c3900000, 0x00000000c3800000| Untracked 
|  57|0x00000000c3900000, 0x00000000c3a00000, 0x00000000c3a00000|100%| O|  |TAMS 0x00000000c3a00000, 0x00000000c3900000| Complete 
|  58|0x00000000c3a00000, 0x00000000c3b00000, 0x00000000c3b00000|100%| O|  |TAMS 0x00000000c3b00000, 0x00000000c3a00000| Untracked 
|  59|0x00000000c3b00000, 0x00000000c3c00000, 0x00000000c3c00000|100%| O|  |TAMS 0x00000000c3c00000, 0x00000000c3b00000| Untracked 
|  60|0x00000000c3c00000, 0x00000000c3d00000, 0x00000000c3d00000|100%| O|  |TAMS 0x00000000c3d00000, 0x00000000c3c00000| Complete 
|  61|0x00000000c3d00000, 0x00000000c3e00000, 0x00000000c3e00000|100%| O|  |TAMS 0x00000000c3e00000, 0x00000000c3d00000| Untracked 
|  62|0x00000000c3e00000, 0x00000000c3f00000, 0x00000000c3f00000|100%| O|  |TAMS 0x00000000c3f00000, 0x00000000c3e00000| Untracked 
|  63|0x00000000c3f00000, 0x00000000c4000000, 0x00000000c4000000|100%| O|  |TAMS 0x00000000c4000000, 0x00000000c3f00000| Untracked 
|  64|0x00000000c4000000, 0x00000000c4100000, 0x00000000c4100000|100%| O|  |TAMS 0x00000000c4100000, 0x00000000c4000000| Complete 
|  65|0x00000000c4100000, 0x00000000c4200000, 0x00000000c4200000|100%| O|  |TAMS 0x00000000c4200000, 0x00000000c4100000| Complete 
|  66|0x00000000c4200000, 0x00000000c4300000, 0x00000000c4300000|100%| O|  |TAMS 0x00000000c4300000, 0x00000000c4200000| Untracked 
|  67|0x00000000c4300000, 0x00000000c4400000, 0x00000000c4400000|100%| O|  |TAMS 0x00000000c4400000, 0x00000000c4300000| Untracked 
|  68|0x00000000c4400000, 0x00000000c4500000, 0x00000000c4500000|100%| O|  |TAMS 0x00000000c4500000, 0x00000000c4400000| Untracked 
|  69|0x00000000c4500000, 0x00000000c4600000, 0x00000000c4600000|100%| O|  |TAMS 0x00000000c4600000, 0x00000000c4500000| Complete 
|  70|0x00000000c4600000, 0x00000000c4700000, 0x00000000c4700000|100%| O|  |TAMS 0x00000000c4700000, 0x00000000c4600000| Complete 
|  71|0x00000000c4700000, 0x00000000c4800000, 0x00000000c4800000|100%| O|  |TAMS 0x00000000c4800000, 0x00000000c4700000| Untracked 
|  72|0x00000000c4800000, 0x00000000c4900000, 0x00000000c4900000|100%| O|  |TAMS 0x00000000c4900000, 0x00000000c4800000| Complete 
|  73|0x00000000c4900000, 0x00000000c4a00000, 0x00000000c4a00000|100%| O|  |TAMS 0x00000000c4a00000, 0x00000000c4900000| Complete 
|  74|0x00000000c4a00000, 0x00000000c4b00000, 0x00000000c4b00000|100%| O|  |TAMS 0x00000000c4b00000, 0x00000000c4a00000| Complete 
|  75|0x00000000c4b00000, 0x00000000c4c00000, 0x00000000c4c00000|100%| O|  |TAMS 0x00000000c4c00000, 0x00000000c4b00000| Complete 
|  76|0x00000000c4c00000, 0x00000000c4d00000, 0x00000000c4d00000|100%| O|  |TAMS 0x00000000c4d00000, 0x00000000c4c00000| Complete 
|  77|0x00000000c4d00000, 0x00000000c4e00000, 0x00000000c4e00000|100%| O|  |TAMS 0x00000000c4e00000, 0x00000000c4d00000| Complete 
|  78|0x00000000c4e00000, 0x00000000c4f00000, 0x00000000c4f00000|100%| O|  |TAMS 0x00000000c4f00000, 0x00000000c4e00000| Complete 
|  79|0x00000000c4f00000, 0x00000000c5000000, 0x00000000c5000000|100%| O|  |TAMS 0x00000000c5000000, 0x00000000c4f00000| Untracked 
|  80|0x00000000c5000000, 0x00000000c5100000, 0x00000000c5100000|100%| O|  |TAMS 0x00000000c5100000, 0x00000000c5000000| Complete 
|  81|0x00000000c5100000, 0x00000000c5200000, 0x00000000c5200000|100%| O|  |TAMS 0x00000000c5200000, 0x00000000c5100000| Complete 
|  82|0x00000000c5200000, 0x00000000c5300000, 0x00000000c5300000|100%| O|  |TAMS 0x00000000c5300000, 0x00000000c5200000| Complete 
|  83|0x00000000c5300000, 0x00000000c5400000, 0x00000000c5400000|100%| O|  |TAMS 0x00000000c5400000, 0x00000000c5300000| Untracked 
|  84|0x00000000c5400000, 0x00000000c5500000, 0x00000000c5500000|100%| O|  |TAMS 0x00000000c5500000, 0x00000000c5400000| Complete 
|  85|0x00000000c5500000, 0x00000000c5600000, 0x00000000c5600000|100%| O|  |TAMS 0x00000000c5600000, 0x00000000c5500000| Complete 
|  86|0x00000000c5600000, 0x00000000c5700000, 0x00000000c5700000|100%| O|  |TAMS 0x00000000c5700000, 0x00000000c5600000| Complete 
|  87|0x00000000c5700000, 0x00000000c5800000, 0x00000000c5800000|100%| O|  |TAMS 0x00000000c5800000, 0x00000000c5700000| Untracked 
|  88|0x00000000c5800000, 0x00000000c5900000, 0x00000000c5900000|100%| O|  |TAMS 0x00000000c5900000, 0x00000000c5800000| Complete 
|  89|0x00000000c5900000, 0x00000000c5a00000, 0x00000000c5a00000|100%| O|  |TAMS 0x00000000c5a00000, 0x00000000c5900000| Untracked 
|  90|0x00000000c5a00000, 0x00000000c5b00000, 0x00000000c5b00000|100%| O|  |TAMS 0x00000000c5b00000, 0x00000000c5a00000| Untracked 
|  91|0x00000000c5b00000, 0x00000000c5c00000, 0x00000000c5c00000|100%| O|  |TAMS 0x00000000c5c00000, 0x00000000c5b00000| Untracked 
|  92|0x00000000c5c00000, 0x00000000c5d00000, 0x00000000c5d00000|100%| O|  |TAMS 0x00000000c5d00000, 0x00000000c5c00000| Untracked 
|  93|0x00000000c5d00000, 0x00000000c5e00000, 0x00000000c5e00000|100%| O|  |TAMS 0x00000000c5e00000, 0x00000000c5d00000| Untracked 
|  94|0x00000000c5e00000, 0x00000000c5f00000, 0x00000000c5f00000|100%| O|  |TAMS 0x00000000c5f00000, 0x00000000c5e00000| Untracked 
|  95|0x00000000c5f00000, 0x00000000c6000000, 0x00000000c6000000|100%| O|  |TAMS 0x00000000c6000000, 0x00000000c5f00000| Complete 
|  96|0x00000000c6000000, 0x00000000c6100000, 0x00000000c6100000|100%|HS|  |TAMS 0x00000000c6000000, 0x00000000c6000000| Complete 
|  97|0x00000000c6100000, 0x00000000c6100000, 0x00000000c6200000|  0%| F|  |TAMS 0x00000000c6100000, 0x00000000c6100000| Untracked 
|  98|0x00000000c6200000, 0x00000000c6200000, 0x00000000c6300000|  0%| F|  |TAMS 0x00000000c6200000, 0x00000000c6200000| Untracked 
|  99|0x00000000c6300000, 0x00000000c6300000, 0x00000000c6400000|  0%| F|  |TAMS 0x00000000c6300000, 0x00000000c6300000| Untracked 
| 100|0x00000000c6400000, 0x00000000c6400000, 0x00000000c6500000|  0%| F|  |TAMS 0x00000000c6400000, 0x00000000c6400000| Untracked 
| 101|0x00000000c6500000, 0x00000000c6500000, 0x00000000c6600000|  0%| F|  |TAMS 0x00000000c6500000, 0x00000000c6500000| Untracked 
| 102|0x00000000c6600000, 0x00000000c6600000, 0x00000000c6700000|  0%| F|  |TAMS 0x00000000c6600000, 0x00000000c6600000| Untracked 
| 103|0x00000000c6700000, 0x00000000c6700000, 0x00000000c6800000|  0%| F|  |TAMS 0x00000000c6700000, 0x00000000c6700000| Untracked 
| 104|0x00000000c6800000, 0x00000000c6800000, 0x00000000c6900000|  0%| F|  |TAMS 0x00000000c6800000, 0x00000000c6800000| Untracked 
| 105|0x00000000c6900000, 0x00000000c6900000, 0x00000000c6a00000|  0%| F|  |TAMS 0x00000000c6900000, 0x00000000c6900000| Untracked 
| 106|0x00000000c6a00000, 0x00000000c6a00000, 0x00000000c6b00000|  0%| F|  |TAMS 0x00000000c6a00000, 0x00000000c6a00000| Untracked 
| 107|0x00000000c6b00000, 0x00000000c6b00000, 0x00000000c6c00000|  0%| F|  |TAMS 0x00000000c6b00000, 0x00000000c6b00000| Untracked 
| 108|0x00000000c6c00000, 0x00000000c6c00000, 0x00000000c6d00000|  0%| F|  |TAMS 0x00000000c6c00000, 0x00000000c6c00000| Untracked 
| 109|0x00000000c6d00000, 0x00000000c6d00000, 0x00000000c6e00000|  0%| F|  |TAMS 0x00000000c6d00000, 0x00000000c6d00000| Untracked 
| 110|0x00000000c6e00000, 0x00000000c6e00000, 0x00000000c6f00000|  0%| F|  |TAMS 0x00000000c6e00000, 0x00000000c6e00000| Untracked 
| 111|0x00000000c6f00000, 0x00000000c6f00000, 0x00000000c7000000|  0%| F|  |TAMS 0x00000000c6f00000, 0x00000000c6f00000| Untracked 
| 112|0x00000000c7000000, 0x00000000c7000000, 0x00000000c7100000|  0%| F|  |TAMS 0x00000000c7000000, 0x00000000c7000000| Untracked 
| 113|0x00000000c7100000, 0x00000000c7100000, 0x00000000c7200000|  0%| F|  |TAMS 0x00000000c7100000, 0x00000000c7100000| Untracked 
| 114|0x00000000c7200000, 0x00000000c7200000, 0x00000000c7300000|  0%| F|  |TAMS 0x00000000c7200000, 0x00000000c7200000| Untracked 
| 115|0x00000000c7300000, 0x00000000c7300000, 0x00000000c7400000|  0%| F|  |TAMS 0x00000000c7300000, 0x00000000c7300000| Untracked 
| 116|0x00000000c7400000, 0x00000000c7400000, 0x00000000c7500000|  0%| F|  |TAMS 0x00000000c7400000, 0x00000000c7400000| Untracked 
| 117|0x00000000c7500000, 0x00000000c7500000, 0x00000000c7600000|  0%| F|  |TAMS 0x00000000c7500000, 0x00000000c7500000| Untracked 
| 118|0x00000000c7600000, 0x00000000c7600000, 0x00000000c7700000|  0%| F|  |TAMS 0x00000000c7600000, 0x00000000c7600000| Untracked 
| 119|0x00000000c7700000, 0x00000000c7700000, 0x00000000c7800000|  0%| F|  |TAMS 0x00000000c7700000, 0x00000000c7700000| Untracked 
| 120|0x00000000c7800000, 0x00000000c7800000, 0x00000000c7900000|  0%| F|  |TAMS 0x00000000c7800000, 0x00000000c7800000| Untracked 
| 121|0x00000000c7900000, 0x00000000c7900000, 0x00000000c7a00000|  0%| F|  |TAMS 0x00000000c7900000, 0x00000000c7900000| Untracked 
| 122|0x00000000c7a00000, 0x00000000c7a00000, 0x00000000c7b00000|  0%| F|  |TAMS 0x00000000c7a00000, 0x00000000c7a00000| Untracked 
| 123|0x00000000c7b00000, 0x00000000c7b00000, 0x00000000c7c00000|  0%| F|  |TAMS 0x00000000c7b00000, 0x00000000c7b00000| Untracked 
| 124|0x00000000c7c00000, 0x00000000c7c00000, 0x00000000c7d00000|  0%| F|  |TAMS 0x00000000c7c00000, 0x00000000c7c00000| Untracked 
| 125|0x00000000c7d00000, 0x00000000c7da7be0, 0x00000000c7e00000| 65%| S|CS|TAMS 0x00000000c7d00000, 0x00000000c7d00000| Complete 
| 126|0x00000000c7e00000, 0x00000000c7f00000, 0x00000000c7f00000|100%| S|CS|TAMS 0x00000000c7e00000, 0x00000000c7e00000| Complete 
| 127|0x00000000c7f00000, 0x00000000c8000000, 0x00000000c8000000|100%| S|CS|TAMS 0x00000000c7f00000, 0x00000000c7f00000| Complete 
| 128|0x00000000c8000000, 0x00000000c8100000, 0x00000000c8100000|100%| S|CS|TAMS 0x00000000c8000000, 0x00000000c8000000| Complete 
| 129|0x00000000c8100000, 0x00000000c8100000, 0x00000000c8200000|  0%| F|  |TAMS 0x00000000c8100000, 0x00000000c8100000| Untracked 
| 130|0x00000000c8200000, 0x00000000c8200000, 0x00000000c8300000|  0%| F|  |TAMS 0x00000000c8200000, 0x00000000c8200000| Untracked 
| 131|0x00000000c8300000, 0x00000000c8300000, 0x00000000c8400000|  0%| F|  |TAMS 0x00000000c8300000, 0x00000000c8300000| Untracked 
| 132|0x00000000c8400000, 0x00000000c8400000, 0x00000000c8500000|  0%| F|  |TAMS 0x00000000c8400000, 0x00000000c8400000| Untracked 
| 133|0x00000000c8500000, 0x00000000c8500000, 0x00000000c8600000|  0%| F|  |TAMS 0x00000000c8500000, 0x00000000c8500000| Untracked 
| 134|0x00000000c8600000, 0x00000000c8600000, 0x00000000c8700000|  0%| F|  |TAMS 0x00000000c8600000, 0x00000000c8600000| Untracked 
| 135|0x00000000c8700000, 0x00000000c8700000, 0x00000000c8800000|  0%| F|  |TAMS 0x00000000c8700000, 0x00000000c8700000| Untracked 
| 136|0x00000000c8800000, 0x00000000c8800000, 0x00000000c8900000|  0%| F|  |TAMS 0x00000000c8800000, 0x00000000c8800000| Untracked 
| 137|0x00000000c8900000, 0x00000000c8900000, 0x00000000c8a00000|  0%| F|  |TAMS 0x00000000c8900000, 0x00000000c8900000| Untracked 
| 138|0x00000000c8a00000, 0x00000000c8a00000, 0x00000000c8b00000|  0%| F|  |TAMS 0x00000000c8a00000, 0x00000000c8a00000| Untracked 
| 139|0x00000000c8b00000, 0x00000000c8b00000, 0x00000000c8c00000|  0%| F|  |TAMS 0x00000000c8b00000, 0x00000000c8b00000| Untracked 
| 140|0x00000000c8c00000, 0x00000000c8c00000, 0x00000000c8d00000|  0%| F|  |TAMS 0x00000000c8c00000, 0x00000000c8c00000| Untracked 
| 141|0x00000000c8d00000, 0x00000000c8d00000, 0x00000000c8e00000|  0%| F|  |TAMS 0x00000000c8d00000, 0x00000000c8d00000| Untracked 
| 142|0x00000000c8e00000, 0x00000000c8e00000, 0x00000000c8f00000|  0%| F|  |TAMS 0x00000000c8e00000, 0x00000000c8e00000| Untracked 
| 143|0x00000000c8f00000, 0x00000000c8f00000, 0x00000000c9000000|  0%| F|  |TAMS 0x00000000c8f00000, 0x00000000c8f00000| Untracked 
| 144|0x00000000c9000000, 0x00000000c9000000, 0x00000000c9100000|  0%| F|  |TAMS 0x00000000c9000000, 0x00000000c9000000| Untracked 
| 145|0x00000000c9100000, 0x00000000c9100000, 0x00000000c9200000|  0%| F|  |TAMS 0x00000000c9100000, 0x00000000c9100000| Untracked 
| 146|0x00000000c9200000, 0x00000000c9200000, 0x00000000c9300000|  0%| F|  |TAMS 0x00000000c9200000, 0x00000000c9200000| Untracked 
| 147|0x00000000c9300000, 0x00000000c9300000, 0x00000000c9400000|  0%| F|  |TAMS 0x00000000c9300000, 0x00000000c9300000| Untracked 
| 148|0x00000000c9400000, 0x00000000c9400000, 0x00000000c9500000|  0%| F|  |TAMS 0x00000000c9400000, 0x00000000c9400000| Untracked 
| 149|0x00000000c9500000, 0x00000000c9500000, 0x00000000c9600000|  0%| F|  |TAMS 0x00000000c9500000, 0x00000000c9500000| Untracked 
| 150|0x00000000c9600000, 0x00000000c9600000, 0x00000000c9700000|  0%| F|  |TAMS 0x00000000c9600000, 0x00000000c9600000| Untracked 
| 151|0x00000000c9700000, 0x00000000c9755d20, 0x00000000c9800000| 33%| E|  |TAMS 0x00000000c9700000, 0x00000000c9700000| Complete 
| 152|0x00000000c9800000, 0x00000000c9900000, 0x00000000c9900000|100%| E|CS|TAMS 0x00000000c9800000, 0x00000000c9800000| Complete 
| 153|0x00000000c9900000, 0x00000000c9a00000, 0x00000000c9a00000|100%| E|CS|TAMS 0x00000000c9900000, 0x00000000c9900000| Complete 
| 154|0x00000000c9a00000, 0x00000000c9b00000, 0x00000000c9b00000|100%| E|CS|TAMS 0x00000000c9a00000, 0x00000000c9a00000| Complete 
| 155|0x00000000c9b00000, 0x00000000c9c00000, 0x00000000c9c00000|100%| E|CS|TAMS 0x00000000c9b00000, 0x00000000c9b00000| Complete 
| 156|0x00000000c9c00000, 0x00000000c9d00000, 0x00000000c9d00000|100%| E|CS|TAMS 0x00000000c9c00000, 0x00000000c9c00000| Complete 
| 157|0x00000000c9d00000, 0x00000000c9e00000, 0x00000000c9e00000|100%| E|CS|TAMS 0x00000000c9d00000, 0x00000000c9d00000| Complete 
| 158|0x00000000c9e00000, 0x00000000c9f00000, 0x00000000c9f00000|100%| E|CS|TAMS 0x00000000c9e00000, 0x00000000c9e00000| Complete 
| 159|0x00000000c9f00000, 0x00000000ca000000, 0x00000000ca000000|100%| E|CS|TAMS 0x00000000c9f00000, 0x00000000c9f00000| Complete 
| 160|0x00000000ca000000, 0x00000000ca100000, 0x00000000ca100000|100%| E|CS|TAMS 0x00000000ca000000, 0x00000000ca000000| Complete 
| 161|0x00000000ca100000, 0x00000000ca200000, 0x00000000ca200000|100%| E|CS|TAMS 0x00000000ca100000, 0x00000000ca100000| Complete 
| 162|0x00000000ca200000, 0x00000000ca300000, 0x00000000ca300000|100%| E|CS|TAMS 0x00000000ca200000, 0x00000000ca200000| Complete 
| 163|0x00000000ca300000, 0x00000000ca400000, 0x00000000ca400000|100%| E|CS|TAMS 0x00000000ca300000, 0x00000000ca300000| Complete 
| 164|0x00000000ca400000, 0x00000000ca500000, 0x00000000ca500000|100%| E|CS|TAMS 0x00000000ca400000, 0x00000000ca400000| Complete 
| 165|0x00000000ca500000, 0x00000000ca600000, 0x00000000ca600000|100%| E|CS|TAMS 0x00000000ca500000, 0x00000000ca500000| Complete 
| 166|0x00000000ca600000, 0x00000000ca700000, 0x00000000ca700000|100%| E|CS|TAMS 0x00000000ca600000, 0x00000000ca600000| Complete 
| 167|0x00000000ca700000, 0x00000000ca800000, 0x00000000ca800000|100%| E|CS|TAMS 0x00000000ca700000, 0x00000000ca700000| Complete 
| 168|0x00000000ca800000, 0x00000000ca900000, 0x00000000ca900000|100%| E|  |TAMS 0x00000000ca800000, 0x00000000ca800000| Complete 
| 169|0x00000000ca900000, 0x00000000caa00000, 0x00000000caa00000|100%| E|CS|TAMS 0x00000000ca900000, 0x00000000ca900000| Complete 
| 170|0x00000000caa00000, 0x00000000cab00000, 0x00000000cab00000|100%| E|CS|TAMS 0x00000000caa00000, 0x00000000caa00000| Complete 
| 171|0x00000000cab00000, 0x00000000cac00000, 0x00000000cac00000|100%| E|CS|TAMS 0x00000000cab00000, 0x00000000cab00000| Complete 

Card table byte_map: [0x00000238a88a0000,0x00000238a8aa0000] _byte_map_base: 0x00000238a82a0000

Marking Bits (Prev, Next): (CMBitMap*) 0x000002388f4a0c48, (CMBitMap*) 0x000002388f4a0c88
 Prev Bits: [0x00000238a8ca0000, 0x00000238a9ca0000)
 Next Bits: [0x00000238a9ca0000, 0x00000238aaca0000)

Polling page: 0x000002388f290000

Metaspace:

Usage:
  Non-class:     70.88 MB capacity,    69.22 MB ( 98%) used,     1.46 MB (  2%) free+waste,   215.50 KB ( <1%) overhead. 
      Class:     11.12 MB capacity,    10.36 MB ( 93%) used,   681.31 KB (  6%) free+waste,    97.44 KB ( <1%) overhead. 
       Both:     82.00 MB capacity,    79.58 MB ( 97%) used,     2.12 MB (  3%) free+waste,   312.94 KB ( <1%) overhead. 

Virtual space:
  Non-class space:       72.00 MB reserved,      71.00 MB ( 99%) committed 
      Class space:        1.00 GB reserved,      11.13 MB (  1%) committed 
             Both:        1.07 GB reserved,      82.13 MB (  7%) committed 

Chunk freelists:
   Non-Class:  0 bytes
       Class:  0 bytes
        Both:  0 bytes

MaxMetaspaceSize: 17179869184.00 GB
CompressedClassSpaceSize: 1.00 GB

CodeHeap 'non-profiled nmethods': size=120064Kb used=5753Kb max_used=5753Kb free=114310Kb
 bounds [0x00000238a0c20000, 0x00000238a11c0000, 0x00000238a8160000]
CodeHeap 'profiled nmethods': size=120000Kb used=23076Kb max_used=23146Kb free=96923Kb
 bounds [0x00000238996f0000, 0x000002389ada0000, 0x00000238a0c20000]
CodeHeap 'non-nmethods': size=5696Kb used=2398Kb max_used=2453Kb free=3297Kb
 bounds [0x0000023899160000, 0x00000238993e0000, 0x00000238996f0000]
 total_blobs=15445 nmethods=9999 adapters=796
 compilation: enabled
              stopped_count=0, restarted_count=0
 full_count=0

Compilation events (20 events):
Event: 253.298 Thread 0x00000238ad098800 nmethod 11500 0x0000023899ebbc10 code [0x0000023899ebbde0, 0x0000023899ebc060]
Event: 253.325 Thread 0x00000238ad098800 11501       1       org.gradle.api.internal.tasks.properties.AbstractPropertySpec::getPropertyName (5 bytes)
Event: 253.325 Thread 0x00000238ad098800 nmethod 11501 0x00000238a11be210 code [0x00000238a11be3a0, 0x00000238a11be4d8]
Event: 253.327 Thread 0x00000238ad098800 11502       3       java.util.concurrent.locks.AbstractQueuedSynchronizer$ConditionObject::awaitNanos (181 bytes)
Event: 253.331 Thread 0x00000238ad098800 nmethod 11502 0x000002389ad9bf10 code [0x000002389ad9c320, 0x000002389ad9dfa0]
Event: 253.358 Thread 0x00000238ad098800 11503       3       java.util.stream.ReferencePipeline::flatMap (30 bytes)
Event: 253.358 Thread 0x00000238ad098800 nmethod 11503 0x0000023899ec5e90 code [0x0000023899ec6080, 0x0000023899ec6640]
Event: 253.359 Thread 0x00000238ad098800 11504       3       java.util.stream.ReferencePipeline$7::opWrapSink (10 bytes)
Event: 253.359 Thread 0x00000238ad098800 nmethod 11504 0x0000023899ecd410 code [0x0000023899ecd600, 0x0000023899ecdc50]
Event: 253.359 Thread 0x00000238ad098800 11505       3       java.util.stream.ReferencePipeline$7$1::begin (13 bytes)
Event: 253.360 Thread 0x00000238ad098800 nmethod 11505 0x0000023899ebb710 code [0x0000023899ebb8c0, 0x0000023899ebbb10]
Event: 253.399 Thread 0x00000238ad098800 11506       3       org.gradle.internal.fingerprint.impl.DefaultFileSystemLocationFingerprint::hashForType (73 bytes)
Event: 253.400 Thread 0x00000238ad098800 nmethod 11506 0x000002389a435210 code [0x000002389a4354a0, 0x000002389a436020]
Event: 253.400 Thread 0x00000238ad098800 11507       3       org.gradle.internal.execution.history.impl.FingerprintMapSerializer::readFingerprint (91 bytes)
Event: 253.402 Thread 0x00000238ad098800 nmethod 11507 0x000002389a2a9b90 code [0x000002389a2a9de0, 0x000002389a2aa800]
Event: 253.402 Thread 0x00000238ad098800 11508       3       org.gradle.internal.execution.history.impl.FingerprintMapSerializer::readFileType (58 bytes)
Event: 253.402 Thread 0x00000238ad098800 nmethod 11508 0x0000023899eee190 code [0x0000023899eee360, 0x0000023899eee740]
Event: 253.403 Thread 0x00000238ad098800 11509       3       org.gradle.api.internal.provider.DefaultProperty::isPresent (14 bytes)
Event: 253.404 Thread 0x00000238ad098800 nmethod 11509 0x000002389a56d990 code [0x000002389a56db80, 0x000002389a56e300]
Event: 253.404 Thread 0x00000238ad098800 11510       3       org.gradle.api.internal.tasks.properties.bean.AbstractNestedRuntimeBeanNode$BeanPropertyValue::call (33 bytes)

GC Heap History (20 events):
Event: 65.588 GC heap before
{Heap before GC invocations=58 (full 0):
 garbage-first heap   total 137216K, used 104022K [0x00000000c0000000, 0x0000000100000000)
  region size 1024K, 29 young (29696K), 4 survivors (4096K)
 Metaspace       used 67856K, capacity 69811K, committed 70016K, reserved 1110016K
  class space    used 9190K, capacity 9819K, committed 9856K, reserved 1048576K
}
Event: 65.622 GC heap after
{Heap after GC invocations=59 (full 0):
 garbage-first heap   total 137216K, used 81000K [0x00000000c0000000, 0x0000000100000000)
  region size 1024K, 4 young (4096K), 4 survivors (4096K)
 Metaspace       used 67856K, capacity 69811K, committed 70016K, reserved 1110016K
  class space    used 9190K, capacity 9819K, committed 9856K, reserved 1048576K
}
Event: 69.218 GC heap before
{Heap before GC invocations=59 (full 0):
 garbage-first heap   total 137216K, used 109672K [0x00000000c0000000, 0x0000000100000000)
  region size 1024K, 33 young (33792K), 4 survivors (4096K)
 Metaspace       used 68137K, capacity 70147K, committed 70272K, reserved 1110016K
  class space    used 9191K, capacity 9820K, committed 9856K, reserved 1048576K
}
Event: 69.241 GC heap after
{Heap after GC invocations=60 (full 0):
 garbage-first heap   total 137216K, used 82721K [0x00000000c0000000, 0x0000000100000000)
  region size 1024K, 4 young (4096K), 4 survivors (4096K)
 Metaspace       used 68137K, capacity 70147K, committed 70272K, reserved 1110016K
  class space    used 9191K, capacity 9820K, committed 9856K, reserved 1048576K
}
Event: 71.949 GC heap before
{Heap before GC invocations=61 (full 0):
 garbage-first heap   total 143360K, used 110369K [0x00000000c0000000, 0x0000000100000000)
  region size 1024K, 32 young (32768K), 4 survivors (4096K)
 Metaspace       used 68924K, capacity 70902K, committed 71168K, reserved 1110016K
  class space    used 9278K, capacity 9934K, committed 9984K, reserved 1048576K
}
Event: 71.970 GC heap after
{Heap after GC invocations=62 (full 0):
 garbage-first heap   total 143360K, used 83965K [0x00000000c0000000, 0x0000000100000000)
  region size 1024K, 3 young (3072K), 3 survivors (3072K)
 Metaspace       used 68924K, capacity 70902K, committed 71168K, reserved 1110016K
  class space    used 9278K, capacity 9934K, committed 9984K, reserved 1048576K
}
Event: 73.857 GC heap before
{Heap before GC invocations=62 (full 0):
 garbage-first heap   total 143360K, used 116733K [0x00000000c0000000, 0x0000000100000000)
  region size 1024K, 35 young (35840K), 3 survivors (3072K)
 Metaspace       used 71754K, capacity 73700K, committed 73856K, reserved 1112064K
  class space    used 9629K, capacity 10290K, committed 10368K, reserved 1048576K
}
Event: 73.882 GC heap after
{Heap after GC invocations=63 (full 0):
 garbage-first heap   total 143360K, used 86981K [0x00000000c0000000, 0x0000000100000000)
  region size 1024K, 5 young (5120K), 5 survivors (5120K)
 Metaspace       used 71754K, capacity 73700K, committed 73856K, reserved 1112064K
  class space    used 9629K, capacity 10290K, committed 10368K, reserved 1048576K
}
Event: 77.987 GC heap before
{Heap before GC invocations=64 (full 0):
 garbage-first heap   total 150528K, used 116677K [0x00000000c0000000, 0x0000000100000000)
  region size 1024K, 35 young (35840K), 5 survivors (5120K)
 Metaspace       used 72956K, capacity 74990K, committed 75264K, reserved 1114112K
  class space    used 9736K, capacity 10432K, committed 10496K, reserved 1048576K
}
Event: 78.030 GC heap after
{Heap after GC invocations=65 (full 0):
 garbage-first heap   total 150528K, used 88975K [0x00000000c0000000, 0x0000000100000000)
  region size 1024K, 5 young (5120K), 5 survivors (5120K)
 Metaspace       used 72956K, capacity 74990K, committed 75264K, reserved 1114112K
  class space    used 9736K, capacity 10432K, committed 10496K, reserved 1048576K
}
Event: 82.435 GC heap before
{Heap before GC invocations=65 (full 0):
 garbage-first heap   total 150528K, used 121743K [0x00000000c0000000, 0x0000000100000000)
  region size 1024K, 38 young (38912K), 5 survivors (5120K)
 Metaspace       used 77193K, capacity 79503K, committed 79616K, reserved 1118208K
  class space    used 10189K, capacity 10896K, committed 11008K, reserved 1048576K
}
Event: 82.465 GC heap after
{Heap after GC invocations=66 (full 0):
 garbage-first heap   total 150528K, used 91085K [0x00000000c0000000, 0x0000000100000000)
  region size 1024K, 5 young (5120K), 5 survivors (5120K)
 Metaspace       used 77193K, capacity 79503K, committed 79616K, reserved 1118208K
  class space    used 10189K, capacity 10896K, committed 11008K, reserved 1048576K
}
Event: 240.646 GC heap before
{Heap before GC invocations=67 (full 0):
 garbage-first heap   total 155648K, used 122829K [0x00000000c0000000, 0x0000000100000000)
  region size 1024K, 37 young (37888K), 5 survivors (5120K)
 Metaspace       used 79989K, capacity 82332K, committed 82432K, reserved 1120256K
  class space    used 10426K, capacity 11183K, committed 11264K, reserved 1048576K
}
Event: 240.689 GC heap after
{Heap after GC invocations=68 (full 0):
 garbage-first heap   total 155648K, used 93729K [0x00000000c0000000, 0x0000000100000000)
  region size 1024K, 5 young (5120K), 5 survivors (5120K)
 Metaspace       used 79989K, capacity 82332K, committed 82432K, reserved 1120256K
  class space    used 10426K, capacity 11183K, committed 11264K, reserved 1048576K
}
Event: 244.870 GC heap before
{Heap before GC invocations=68 (full 0):
 garbage-first heap   total 155648K, used 126497K [0x00000000c0000000, 0x0000000100000000)
  region size 1024K, 38 young (38912K), 5 survivors (5120K)
 Metaspace       used 80522K, capacity 82942K, committed 83200K, reserved 1122304K
  class space    used 10484K, capacity 11235K, committed 11264K, reserved 1048576K
}
Event: 244.912 GC heap after
{Heap after GC invocations=69 (full 0):
 garbage-first heap   total 155648K, used 97901K [0x00000000c0000000, 0x0000000100000000)
  region size 1024K, 5 young (5120K), 5 survivors (5120K)
 Metaspace       used 80522K, capacity 82942K, committed 83200K, reserved 1122304K
  class space    used 10484K, capacity 11235K, committed 11264K, reserved 1048576K
}
Event: 248.580 GC heap before
{Heap before GC invocations=70 (full 0):
 garbage-first heap   total 167936K, used 126573K [0x00000000c0000000, 0x0000000100000000)
  region size 1024K, 34 young (34816K), 5 survivors (5120K)
 Metaspace       used 80933K, capacity 83325K, committed 83584K, reserved 1122304K
  class space    used 10518K, capacity 11306K, committed 11392K, reserved 1048576K
}
Event: 248.612 GC heap after
{Heap after GC invocations=71 (full 0):
 garbage-first heap   total 167936K, used 99829K [0x00000000c0000000, 0x0000000100000000)
  region size 1024K, 2 young (2048K), 2 survivors (2048K)
 Metaspace       used 80933K, capacity 83325K, committed 83584K, reserved 1122304K
  class space    used 10518K, capacity 11306K, committed 11392K, reserved 1048576K
}
Event: 251.272 GC heap before
{Heap before GC invocations=71 (full 0):
 garbage-first heap   total 167936K, used 132597K [0x00000000c0000000, 0x0000000100000000)
  region size 1024K, 35 young (35840K), 2 survivors (2048K)
 Metaspace       used 81297K, capacity 83763K, committed 83840K, reserved 1122304K
  class space    used 10569K, capacity 11360K, committed 11392K, reserved 1048576K
}
Event: 251.316 GC heap after
{Heap after GC invocations=72 (full 0):
 garbage-first heap   total 167936K, used 102046K [0x00000000c0000000, 0x0000000100000000)
  region size 1024K, 4 young (4096K), 4 survivors (4096K)
 Metaspace       used 81297K, capacity 83763K, committed 83840K, reserved 1122304K
  class space    used 10569K, capacity 11360K, committed 11392K, reserved 1048576K
}

Deoptimization events (20 events):
Event: 253.157 Thread 0x00000238af27d800 Uncommon trap: trap_request=0xffffff45 fr.pc=0x00000238a105ff0c relative=0x00000000000000cc
Event: 253.157 Thread 0x00000238af27d800 Uncommon trap: reason=unstable_if action=reinterpret pc=0x00000238a105ff0c method=com.google.gson.stream.JsonReader.nextString()Ljava/lang/String; @ 47 c2
Event: 253.157 Thread 0x00000238af27d800 DEOPT PACKING pc=0x00000238a105ff0c sp=0x0000008885cf8560
Event: 253.157 Thread 0x00000238af27d800 DEOPT UNPACKING pc=0x00000238991a942f sp=0x0000008885cf84e8 mode 2
Event: 253.159 Thread 0x00000238af27d800 Uncommon trap: trap_request=0xffffff45 fr.pc=0x00000238a0e9133c relative=0x000000000000083c
Event: 253.159 Thread 0x00000238af27d800 Uncommon trap: reason=unstable_if action=reinterpret pc=0x00000238a0e9133c method=java.lang.StringCoding.decode(Ljava/nio/charset/Charset;[BII)Ljava/lang/StringCoding$Result; @ 4 c2
Event: 253.159 Thread 0x00000238af27d800 DEOPT PACKING pc=0x00000238a0e9133c sp=0x0000008885cf8740
Event: 253.159 Thread 0x00000238af27d800 DEOPT UNPACKING pc=0x00000238991a942f sp=0x0000008885cf8688 mode 2
Event: 253.398 Thread 0x00000238b3caa000 Uncommon trap: trap_request=0xffffff45 fr.pc=0x00000238a0df79ac relative=0x000000000000112c
Event: 253.398 Thread 0x00000238b3caa000 Uncommon trap: reason=unstable_if action=reinterpret pc=0x00000238a0df79ac method=org.gradle.internal.execution.history.impl.FingerprintMapSerializer.readFileType(Lorg/gradle/internal/serialize/Decoder;)Lorg/gradle/internal/file/FileType; @ 8 c2
Event: 253.398 Thread 0x00000238b3caa000 DEOPT PACKING pc=0x00000238a0df79ac sp=0x0000008886ffdda0
Event: 253.398 Thread 0x00000238b3caa000 DEOPT UNPACKING pc=0x00000238991a942f sp=0x0000008886ffdd10 mode 2
Event: 253.398 Thread 0x00000238b3caa000 Uncommon trap: trap_request=0xffffff45 fr.pc=0x00000238a0db129c relative=0x000000000000007c
Event: 253.398 Thread 0x00000238b3caa000 Uncommon trap: reason=unstable_if action=reinterpret pc=0x00000238a0db129c method=org.gradle.internal.fingerprint.impl.DefaultFileSystemLocationFingerprint.hashForType(Lorg/gradle/internal/file/FileType;Lorg/gradle/internal/hash/HashCode;)Lorg/gradle/inte
Event: 253.398 Thread 0x00000238b3caa000 DEOPT PACKING pc=0x00000238a0db129c sp=0x0000008886ffdd00
Event: 253.398 Thread 0x00000238b3caa000 DEOPT UNPACKING pc=0x00000238991a942f sp=0x0000008886ffdc90 mode 2
Event: 253.399 Thread 0x00000238b3caa000 Uncommon trap: trap_request=0xffffff45 fr.pc=0x00000238a0df5f6c relative=0x000000000000028c
Event: 253.399 Thread 0x00000238b3caa000 Uncommon trap: reason=unstable_if action=reinterpret pc=0x00000238a0df5f6c method=org.gradle.internal.execution.history.impl.FingerprintMapSerializer.readFileType(Lorg/gradle/internal/serialize/Decoder;)Lorg/gradle/internal/file/FileType; @ 8 c2
Event: 253.399 Thread 0x00000238b3caa000 DEOPT PACKING pc=0x00000238a0df5f6c sp=0x0000008886ffdd30
Event: 253.399 Thread 0x00000238b3caa000 DEOPT UNPACKING pc=0x00000238991a942f sp=0x0000008886ffdcf8 mode 2

Classes unloaded (9 events):
Event: 74.111 Thread 0x000002388f53a800 Unloading class 0x00000008014c3c40 'org/gradle/api/internal/artifacts/transform/TransformationStep$$Lambda$557'
Event: 74.111 Thread 0x000002388f53a800 Unloading class 0x00000008014c4c40 'org/gradle/api/internal/artifacts/transform/DefaultTransformerInvocationFactory$2$$Lambda$552'
Event: 74.111 Thread 0x000002388f53a800 Unloading class 0x00000008014c5440 'org/gradle/internal/execution/steps/SkipUpToDateStep$$Lambda$550'
Event: 74.111 Thread 0x000002388f53a800 Unloading class 0x00000008014bd840 'java/lang/invoke/LambdaForm$MH'
Event: 74.111 Thread 0x000002388f53a800 Unloading class 0x00000008014bd440 'org/gradle/api/internal/artifacts/transform/DefaultTransformerInvocationFactory$2$$Lambda$524'
Event: 74.111 Thread 0x000002388f53a800 Unloading class 0x00000008014bcc40 'java/lang/invoke/LambdaForm$MH'
Event: 74.111 Thread 0x000002388f53a800 Unloading class 0x00000008014bb840 'java/lang/invoke/LambdaForm$DMH'
Event: 74.111 Thread 0x000002388f53a800 Unloading class 0x00000008014bb440 'org/gradle/api/internal/artifacts/transform/DefaultTransformerInvocationFactory$$Lambda$520'
Event: 74.111 Thread 0x000002388f53a800 Unloading class 0x00000008014bac40 'java/lang/invoke/LambdaForm$DMH'

Classes redefined (0 events):
No events

Internal exceptions (20 events):
Event: 239.333 Thread 0x00000238af289000 Exception <a 'java/lang/NoSuchMethodError'{0x00000000c81b0210}: static Lorg/gradle/internal/build/event/types/AbstractProjectConfigurationResult;.<clinit>()V> (0x00000000c81b0210) 
thrown [t:/workspace/open/src/hotspot/share/prims/jni.cpp, line 1347]
Event: 239.334 Thread 0x00000238af289000 Exception <a 'java/lang/NoSuchMethodError'{0x00000000c81b1588}: static Lorg/gradle/internal/build/event/types/AbstractOperationResult;.<clinit>()V> (0x00000000c81b1588) 
thrown [t:/workspace/open/src/hotspot/share/prims/jni.cpp, line 1347]
Event: 239.334 Thread 0x00000238af289000 Exception <a 'java/lang/NoSuchMethodError'{0x00000000c81b2610}: static Lorg/gradle/internal/build/event/types/AbstractResult;.<clinit>()V> (0x00000000c81b2610) 
thrown [t:/workspace/open/src/hotspot/share/prims/jni.cpp, line 1347]
Event: 239.359 Thread 0x00000238af289000 Exception <a 'java/lang/NoSuchMethodError'{0x00000000c81bbc00}: static Lorg/gradle/internal/build/event/types/DefaultPluginApplicationResult;.<clinit>()V> (0x00000000c81bbc00) 
thrown [t:/workspace/open/src/hotspot/share/prims/jni.cpp, line 1347]
Event: 239.366 Thread 0x00000238af289000 Exception <a 'java/lang/NoSuchMethodError'{0x00000000c81c5c80}: static Lorg/gradle/internal/build/event/types/DefaultBinaryPluginIdentifier;.<clinit>()V> (0x00000000c81c5c80) 
thrown [t:/workspace/open/src/hotspot/share/prims/jni.cpp, line 1347]
Event: 239.369 Thread 0x00000238af289000 Exception <a 'java/lang/NoSuchMethodError'{0x00000000c81ed6d8}: static Lorg/gradle/internal/build/event/types/DefaultScriptPluginIdentifier;.<clinit>()V> (0x00000000c81ed6d8) 
thrown [t:/workspace/open/src/hotspot/share/prims/jni.cpp, line 1347]
Event: 243.664 Thread 0x00000238b3ca7800 Implicit null exception at 0x00000238a1149352 to 0x00000238a1149c1e
Event: 248.478 Thread 0x00000238af289000 Exception <a 'java/lang/NoSuchMethodError'{0x00000000c878a3a0}: static Lorg/gradle/internal/build/event/types/DefaultTaskStartedProgressEvent;.<clinit>()V> (0x00000000c878a3a0) 
thrown [t:/workspace/open/src/hotspot/share/prims/jni.cpp, line 1347]
Event: 248.480 Thread 0x00000238af289000 Exception <a 'java/lang/NoSuchMethodError'{0x00000000c8796520}: static Lorg/gradle/internal/build/event/types/DefaultTaskDescriptor;.<clinit>()V> (0x00000000c8796520) 
thrown [t:/workspace/open/src/hotspot/share/prims/jni.cpp, line 1347]
Event: 248.761 Thread 0x00000238af289000 Exception <a 'java/lang/NoSuchMethodError'{0x00000000ca391c10}: static Lorg/gradle/internal/build/event/types/DefaultTaskFinishedProgressEvent;.<clinit>()V> (0x00000000ca391c10) 
thrown [t:/workspace/open/src/hotspot/share/prims/jni.cpp, line 1347]
Event: 248.764 Thread 0x00000238af289000 Exception <a 'java/lang/NoSuchMethodError'{0x00000000ca3a1280}: static Lorg/gradle/internal/build/event/types/DefaultTaskSuccessResult;.<clinit>()V> (0x00000000ca3a1280) 
thrown [t:/workspace/open/src/hotspot/share/prims/jni.cpp, line 1347]
Event: 248.764 Thread 0x00000238af289000 Exception <a 'java/lang/NoSuchMethodError'{0x00000000ca3a25c0}: static Lorg/gradle/internal/build/event/types/AbstractTaskResult;.<clinit>()V> (0x00000000ca3a25c0) 
thrown [t:/workspace/open/src/hotspot/share/prims/jni.cpp, line 1347]
Event: 248.799 Thread 0x00000238af27d800 Exception <a 'java/lang/NoSuchMethodError'{0x00000000ca3b38f8}: 'java.lang.Object java.lang.invoke.DirectMethodHandle$Holder.invokeSpecial(java.lang.Object, java.lang.Object, java.lang.Object, java.lang.Object, java.lang.Object, java.lang.Object, java.lang.Object, java.lang.Object, java.lang.Object)'> (0x00000000ca3b38f8) 
thrown [t:/workspace/open/src/hotspot/share/interpreter/linkResolver.cpp, line 767]
Event: 248.799 Thread 0x00000238af27d800 Exception <a 'java/lang/NoSuchMethodError'{0x00000000ca3b79b8}: 'java.lang.Object java.lang.invoke.Invokers$Holder.linkToTargetMethod(java.lang.Object, java.lang.Object, java.lang.Object, java.lang.Object, java.lang.Object, java.lang.Object, java.lang.Object, java.lang.Object)'> (0x00000000ca3b79b8) 
thrown [t:/workspace/open/src/hotspot/share/interpreter/linkResolver.cpp, line 767]
Event: 248.928 Thread 0x00000238af289000 Exception <a 'java/lang/NoSuchMethodError'{0x00000000ca150ff0}: static Lorg/gradle/internal/build/event/types/DefaultTaskSkippedResult;.<clinit>()V> (0x00000000ca150ff0) 
thrown [t:/workspace/open/src/hotspot/share/prims/jni.cpp, line 1347]
Event: 252.967 Thread 0x00000238af27d800 Implicit null exception at 0x00000238a111f9ac to 0x00000238a111f9e6
Event: 253.060 Thread 0x00000238af27d800 Exception <a 'java/lang/NoSuchMethodError'{0x00000000c9ca5e60}: 'void java.lang.invoke.DirectMethodHandle$Holder.invokeVirtual(java.lang.Object, java.lang.Object)'> (0x00000000c9ca5e60) 
thrown [t:/workspace/open/src/hotspot/share/interpreter/linkResolver.cpp, line 767]
Event: 253.221 Thread 0x00000238af27d800 Exception <a 'java/lang/NoSuchMethodError'{0x00000000c9b93c58}: 'java.lang.Object java.lang.invoke.DirectMethodHandle$Holder.invokeStatic(java.lang.Object, java.lang.Object, java.lang.Object, java.lang.Object, int)'> (0x00000000c9b93c58) 
thrown [t:/workspace/open/src/hotspot/share/interpreter/linkResolver.cpp, line 767]
Event: 253.280 Thread 0x00000238af27d800 Exception <a 'java/lang/NoSuchMethodError'{0x00000000c9b97ed8}: 'java.lang.Object java.lang.invoke.DirectMethodHandle$Holder.invokeSpecial(java.lang.Object, java.lang.Object, java.lang.Object, java.lang.Object, java.lang.Object, int)'> (0x00000000c9b97ed8) 
thrown [t:/workspace/open/src/hotspot/share/interpreter/linkResolver.cpp, line 767]
Event: 253.281 Thread 0x00000238af27d800 Exception <a 'java/lang/NoSuchMethodError'{0x00000000c9b9be08}: 'java.lang.Object java.lang.invoke.Invokers$Holder.linkToTargetMethod(java.lang.Object, java.lang.Object, java.lang.Object, int, java.lang.Object)'> (0x00000000c9b9be08) 
thrown [t:/workspace/open/src/hotspot/share/interpreter/linkResolver.cpp, line 767]

Events (20 events):
Event: 253.281 loading class org/gradle/internal/execution/steps/SnapshotOutputsStep$Operation$Result
Event: 253.281 loading class org/gradle/internal/execution/steps/SnapshotOutputsStep$Operation$Result done
Event: 253.282 loading class org/gradle/internal/execution/steps/SnapshotOutputsStep$Operation$Result$1
Event: 253.282 loading class org/gradle/internal/execution/steps/SnapshotOutputsStep$Operation$Result$1 done
Event: 253.283 loading class org/gradle/internal/execution/steps/SnapshotOutputsStep$1
Event: 253.283 loading class org/gradle/internal/execution/steps/SnapshotOutputsStep$1 done
Event: 253.284 loading class org/gradle/internal/execution/steps/StoreExecutionStateStep
Event: 253.284 loading class org/gradle/internal/execution/steps/StoreExecutionStateStep done
Event: 253.284 loading class org/gradle/internal/execution/BeforeExecutionContext
Event: 253.284 loading class org/gradle/internal/execution/BeforeExecutionContext done
Event: 253.284 loading class org/gradle/internal/execution/history/ExecutionHistoryStore
Event: 253.284 loading class org/gradle/internal/execution/history/ExecutionHistoryStore done
Event: 253.285 loading class org/gradle/internal/execution/steps/SkipUpToDateStep$2
Event: 253.285 loading class org/gradle/internal/execution/steps/SkipUpToDateStep$2 done
Event: 253.301 loading class com/google/common/collect/ImmutableList$SerializedForm
Event: 253.301 loading class com/google/common/collect/ImmutableList$SerializedForm done
Event: 253.394 loading class org/gradle/internal/snapshot/impl/SetValueSnapshot
Event: 253.394 loading class org/gradle/internal/snapshot/impl/SetValueSnapshot done
Event: 253.403 loading class com/android/build/gradle/tasks/MergeResources$Flag
Event: 253.403 loading class com/android/build/gradle/tasks/MergeResources$Flag done


Dynamic libraries:
0x00007ff7548d0000 - 0x00007ff7548df000 	C:\Program Files\Java\jdk-13.0.2\bin\java.exe
0x00007ff9f88b0000 - 0x00007ff9f8a9d000 	C:\Windows\SYSTEM32\ntdll.dll
0x00007ff9f5ad0000 - 0x00007ff9f5b83000 	C:\Windows\System32\KERNEL32.DLL
0x00007ff9f4d00000 - 0x00007ff9f4f95000 	C:\Windows\System32\KERNELBASE.dll
0x00007ff9f4a40000 - 0x00007ff9f4b3a000 	C:\Windows\System32\ucrtbase.dll
0x00007ff9ec0d0000 - 0x00007ff9ec0e8000 	C:\Program Files\Java\jdk-13.0.2\bin\jli.dll
0x00007ff9f7be0000 - 0x00007ff9f7c83000 	C:\Windows\System32\ADVAPI32.dll
0x00007ff9f82a0000 - 0x00007ff9f833e000 	C:\Windows\System32\msvcrt.dll
0x00007ff9f7980000 - 0x00007ff9f7a1e000 	C:\Windows\System32\sechost.dll
0x00007ff9f8470000 - 0x00007ff9f8592000 	C:\Windows\System32\RPCRT4.dll
0x00007ff9f77e0000 - 0x00007ff9f7977000 	C:\Windows\System32\USER32.dll
0x00007ff9f4ce0000 - 0x00007ff9f4d00000 	C:\Windows\System32\win32u.dll
0x00007ff9f8240000 - 0x00007ff9f8269000 	C:\Windows\System32\GDI32.dll
0x00007ff9f4b40000 - 0x00007ff9f4cd9000 	C:\Windows\System32\gdi32full.dll
0x00007ff9f5740000 - 0x00007ff9f57e0000 	C:\Windows\System32\msvcp_win.dll
0x00007ff9ebb80000 - 0x00007ff9ebb95000 	C:\Program Files\Java\jdk-13.0.2\bin\VCRUNTIME140.dll
0x00007ff9e1f10000 - 0x00007ff9e2189000 	C:\Windows\WinSxS\amd64_microsoft.windows.common-controls_6595b64144ccf1df_6.0.17763.1217_none_de6e4304534e0ad3\COMCTL32.dll
0x00007ff9f5fb0000 - 0x00007ff9f62dc000 	C:\Windows\System32\combase.dll
0x00007ff9f5a20000 - 0x00007ff9f5a9e000 	C:\Windows\System32\bcryptPrimitives.dll
0x00007ff9f0370000 - 0x00007ff9f037a000 	C:\Windows\SYSTEM32\VERSION.dll
0x00007ff9f8270000 - 0x00007ff9f829e000 	C:\Windows\System32\IMM32.DLL
0x00007ff9eac90000 - 0x00007ff9ead2b000 	C:\Program Files\Java\jdk-13.0.2\bin\msvcp140.dll
0x00007ff9ce830000 - 0x00007ff9cf38d000 	C:\Program Files\Java\jdk-13.0.2\bin\server\jvm.dll
0x00007ff9f85a0000 - 0x00007ff9f85a8000 	C:\Windows\System32\PSAPI.DLL
0x00007ff9f2930000 - 0x00007ff9f2939000 	C:\Windows\SYSTEM32\WSOCK32.dll
0x00007ff9f85b0000 - 0x00007ff9f861d000 	C:\Windows\System32\WS2_32.dll
0x00007ff9f28e0000 - 0x00007ff9f2904000 	C:\Windows\SYSTEM32\WINMM.dll
0x00007ff9f28b0000 - 0x00007ff9f28dd000 	C:\Windows\SYSTEM32\winmmbase.dll
0x00007ff9f56f0000 - 0x00007ff9f573a000 	C:\Windows\System32\cfgmgr32.dll
0x00007ff9f4920000 - 0x00007ff9f4931000 	C:\Windows\System32\kernel.appcore.dll
0x00007ff9ec520000 - 0x00007ff9ec530000 	C:\Program Files\Java\jdk-13.0.2\bin\verify.dll
0x00007ff9e3a50000 - 0x00007ff9e3c3d000 	C:\Windows\SYSTEM32\DBGHELP.DLL
0x00007ff9e3a20000 - 0x00007ff9e3a4a000 	C:\Windows\SYSTEM32\dbgcore.DLL
0x00007ff9eb430000 - 0x00007ff9eb456000 	C:\Program Files\Java\jdk-13.0.2\bin\java.dll
0x00007ff9eb410000 - 0x00007ff9eb427000 	C:\Program Files\Java\jdk-13.0.2\bin\zip.dll
0x00007ff9eba20000 - 0x00007ff9eba2a000 	C:\Program Files\Java\jdk-13.0.2\bin\jimage.dll
0x00007ff9f62e0000 - 0x00007ff9f77d4000 	C:\Windows\System32\SHELL32.dll
0x00007ff9f87d0000 - 0x00007ff9f8878000 	C:\Windows\System32\shcore.dll
0x00007ff9f4fa0000 - 0x00007ff9f56ee000 	C:\Windows\System32\windows.storage.dll
0x00007ff9f4940000 - 0x00007ff9f4964000 	C:\Windows\System32\profapi.dll
0x00007ff9f48c0000 - 0x00007ff9f491d000 	C:\Windows\System32\powrprof.dll
0x00007ff9f5c90000 - 0x00007ff9f5ce2000 	C:\Windows\System32\shlwapi.dll
0x00007ff9f4970000 - 0x00007ff9f4987000 	C:\Windows\System32\cryptsp.dll
0x00007ff9eac70000 - 0x00007ff9eac89000 	C:\Program Files\Java\jdk-13.0.2\bin\net.dll
0x00007ff9e8990000 - 0x00007ff9e8a82000 	C:\Windows\SYSTEM32\WINHTTP.dll
0x00007ff9f40c0000 - 0x00007ff9f4127000 	C:\Windows\system32\mswsock.dll
0x00007ff9eac50000 - 0x00007ff9eac63000 	C:\Program Files\Java\jdk-13.0.2\bin\nio.dll
0x00007ff9edcd0000 - 0x00007ff9edcf6000 	C:\Users\ELCOT\.gradle\caches\gradle-6.5\native\31\windows-amd64\native-platform.dll
0x00007ff9eb9f0000 - 0x00007ff9eb9f9000 	C:\Program Files\Java\jdk-13.0.2\bin\management.dll
0x00007ff9eaf60000 - 0x00007ff9eaf6b000 	C:\Program Files\Java\jdk-13.0.2\bin\management_ext.dll
0x00007ff9f3bf0000 - 0x00007ff9f3c23000 	C:\Windows\system32\rsaenh.dll
0x00007ff9f5aa0000 - 0x00007ff9f5ac6000 	C:\Windows\System32\bcrypt.dll
0x00007ff9f47a0000 - 0x00007ff9f47c8000 	C:\Windows\SYSTEM32\USERENV.dll
0x00007ff9f4240000 - 0x00007ff9f424c000 	C:\Windows\SYSTEM32\CRYPTBASE.dll
0x00007ff9f3df0000 - 0x00007ff9f3e2d000 	C:\Windows\SYSTEM32\IPHLPAPI.DLL
0x00007ff9f5cf0000 - 0x00007ff9f5cf8000 	C:\Windows\System32\NSI.dll
0x00007ff9ec560000 - 0x00007ff9ec576000 	C:\Windows\SYSTEM32\dhcpcsvc6.DLL
0x00007ff9ec540000 - 0x00007ff9ec55c000 	C:\Windows\SYSTEM32\dhcpcsvc.DLL
0x00007ff9f3e40000 - 0x00007ff9f3f07000 	C:\Windows\SYSTEM32\DNSAPI.dll

dbghelp: loaded successfully - version: 4.0.5 - missing functions: none
symbol engine: initialized successfully - sym options: 0x614 - pdb path: .;C:\Program Files\Java\jdk-13.0.2\bin;C:\Windows\SYSTEM32;C:\Windows\WinSxS\amd64_microsoft.windows.common-controls_6595b64144ccf1df_6.0.17763.1217_none_de6e4304534e0ad3;C:\Program Files\Java\jdk-13.0.2\bin\server;C:\Users\ELCOT\.gradle\caches\gradle-6.5\native\31\windows-amd64

VM Arguments:
jvm_args: --add-opens=java.base/java.util=ALL-UNNAMED --add-opens=java.base/java.lang=ALL-UNNAMED --add-opens=java.base/java.lang.invoke=ALL-UNNAMED --add-opens=java.prefs/java.util.prefs=ALL-UNNAMED -Xmx1024m -Dfile.encoding=windows-1252 -Duser.country=IN -Duser.language=en -Duser.variant 
java_command: org.gradle.launcher.daemon.bootstrap.GradleDaemon 6.1.1
java_class_path (initial): C:\Users\ELCOT\.gradle\caches\gradle-6.5\wrapper\dists\gradle-6.1.1-all\cfmwm155h49vnt3hynmlrsdst\gradle-6.1.1\lib\gradle-launcher-6.1.1.jar
Launcher Type: SUN_STANDARD

[Global flags]
     intx CICompilerCount                          = 2                                         {product} {ergonomic}
     uint ConcGCThreads                            = 1                                         {product} {ergonomic}
     uint G1ConcRefinementThreads                  = 2                                         {product} {ergonomic}
   size_t G1HeapRegionSize                         = 1048576                                   {product} {ergonomic}
    uintx GCDrainStackTargetSize                   = 64                                        {product} {ergonomic}
   size_t InitialHeapSize                          = 65011712                                  {product} {ergonomic}
   size_t MarkStackSize                            = 4194304                                   {product} {ergonomic}
   size_t MaxHeapSize                              = 1073741824                                {product} {command line}
   size_t MaxNewSize                               = 643825664                                 {product} {ergonomic}
   size_t MinHeapDeltaBytes                        = 1048576                                   {product} {ergonomic}
   size_t MinHeapSize                              = 8388608                                   {product} {ergonomic}
    uintx NonNMethodCodeHeapSize                   = 5826188                                {pd product} {ergonomic}
    uintx NonProfiledCodeHeapSize                  = 122916026                              {pd product} {ergonomic}
    uintx ProfiledCodeHeapSize                     = 122916026                              {pd product} {ergonomic}
    uintx ReservedCodeCacheSize                    = 251658240                              {pd product} {ergonomic}
     bool SegmentedCodeCache                       = true                                      {product} {ergonomic}
   size_t SoftMaxHeapSize                          = 1073741824                             {manageable} {ergonomic}
     bool UseCompressedClassPointers               = true                                 {lp64_product} {ergonomic}
     bool UseCompressedOops                        = true                                 {lp64_product} {ergonomic}
     bool UseG1GC                                  = true                                      {product} {ergonomic}
     bool UseLargePagesIndividualAllocation        = false                                  {pd product} {ergonomic}

Logging:
Log output configuration:
 #0: stdout all=warning uptime,level,tags
 #1: stderr all=off uptime,level,tags

Environment Variables:
JAVA_HOME=C:\Program Files\Android\Android Studio\jre
PATH=C:\Program Files\AdoptOpenJDK\jdk-11.0.7.10-hotspot\bin;C:\Program Files (x86)\Common Files\Oracle\Java\javapath;C:\MinGW\bin;C:\Windows\system32;C:\Windows;C:\Windows\System32\Wbem;C:\Windows\System32\WindowsPowerShell\v1.0\;C:\Windows\System32\OpenSSH\;C:\Program Files\nodejs\;C:\Users\ELCOT\Downloads\python-3.8.2;C:\Program Files\Dart\dart-sdk\bin;C:\drivers\chromedriver_win32.zip;C:\src\flutter\flutter_windows_v1.12.13+hotfix.9-stable\flutter\bin;C:\Program Files (x86)\Android\android-sdk\platforms\platform-tools;C:\Program Files (x86)\Android\android-sdk\platform-tools\api;C:\Downloads\installer_r16-windows.exe;C:\ProgramData\Microsoft\Windows\Start Menu\Programs\Android SDK Tools;D:\kishoreAndroid\Android\Android Studio\bin;D:\kishoreAndroid\Android\Android Studio;C:\ProgramData\Microsoft\Windows\Start Menu\Programs\Visual Studio Emulator for Android.lnk;C:\Downloads\vs_emulatorsetup.exe;C:\Program Files (x86)\Android\android-sdk\SDK Manager;D:\Kishore\platforms;C:\Users\ELCOT\AppData\Local\Programs\Python\Python38\Scripts\;C:\Users\;C:\Program Files\Android\Android Studio\jre;C:\Program Files\Java\jdk-13.0.2\bin;C:\Program Files\Java\jre1.8.0_251\bin;C:\Program Files (x86)\Android\platform-tools;C:\Downloads\python-3.8.2.exe;C:\Program Files\dotnet\;C:\Program Files\Microsoft SQL Server\130\Tools\Binn\;C:\Program Files\Microsoft SQL Server\Client SDK\ODBC\170\Tools\Binn\;D:\Git\cmd;C:\Users\ELCOT\AppData\Roaming\npm;D:\modelsim_ase\win32aloem;C:\Users\ELCOT\AppData\Local\Programs\Python\Python39\Scripts\;C:\Users\ELCOT\AppData\Local\Programs\Python\Python39\;C:\Users\ELCOT\AppData\Local\ValidatorBuddy;C:\Users\ELCOT\AppData\Local\Programs\Python\Python38;C:\src\flutter\bin;D:\Heroku\bin;D:\Microsoft VS Code\bin;C:\Users\ELCOT\AppData\Roaming\npm\node_modules\firebase\node_modules\protobufjs\bin;
USERNAME=ELCOT
OS=Windows_NT
PROCESSOR_IDENTIFIER=AMD64 Family 21 Model 112 Stepping 0, AuthenticAMD



---------------  S Y S T E M  ---------------

OS: Windows 10 , 64 bit Build 17763 (10.0.17763.1158)
HyperV virtualization detected

CPU:total 2 (initial active 2) (2 cores per cpu, 1 threads per core) family 21 model 112 stepping 0, cmov, cx8, fxsr, mmx, sse, sse2, sse3, ssse3, sse4.1, sse4.2, popcnt, avx, avx2, aes, clmul, mmxext, 3dnowpref, lzcnt, sse4a, tsc, tscinvbit, tscinv, bmi1, bmi2, fma

Memory: 4k page, system-wide physical 3935M (280M free)
TotalPageFile size 5322M (AvailPageFile size 5M)
current process WorkingSet (physical memory assigned to process): 395M, peak: 396M
current process commit charge ("private bytes"): 428M, peak: 430M

vm_info: Java HotSpot(TM) 64-Bit Server VM (13.0.2+8) for windows-amd64 JRE (13.0.2+8), built on Dec 11 2019 09:20:33 by "mach5one" with unknown MS VC++:1916

END.
