#
# There is insufficient memory for the Java Runtime Environment to continue.
# Native memory allocation (mmap) failed to map 36700160 bytes for Failed to commit area from 0x00000000d0600000 to 0x00000000d2900000 of length 36700160.
# Possible reasons:
#   The system is out of physical RAM or swap space
#   The process is running with CompressedOops enabled, and the Java Heap may be blocking the growth of the native heap
# Possible solutions:
#   Reduce memory load on the system
#   Increase physical memory or swap space
#   Check if swap backing store is full
#   Decrease Java heap size (-Xmx/-Xms)
#   Decrease number of Java threads
#   Decrease Java thread stack sizes (-Xss)
#   Set larger code cache with -XX:ReservedCodeCacheSize=
#   JVM is running with Unscaled Compressed Oops mode in which the Java heap is
#     placed in the first 4GB address space. The Java Heap base address is the
#     maximum limit for the native heap growth. Please use -XX:HeapBaseMinAddress
#     to set the Java Heap base and to place the Java Heap above 4GB virtual address.
# This output file may be truncated or incomplete.
#
#  Out of Memory Error (t:/workspace/open/src/hotspot/os/windows/os_windows.cpp:3301), pid=860, tid=1036
#
# JRE version: Java(TM) SE Runtime Environment (13.0.2+8) (build 13.0.2+8)
# Java VM: Java HotSpot(TM) 64-Bit Server VM (13.0.2+8, mixed mode, sharing, tiered, compressed oops, g1 gc, windows-amd64)
# No core dump will be written. Minidumps are not enabled by default on client versions of Windows
#

---------------  S U M M A R Y ------------

Command Line: --add-opens=java.base/java.util=ALL-UNNAMED --add-opens=java.base/java.lang=ALL-UNNAMED --add-opens=java.base/java.lang.invoke=ALL-UNNAMED --add-opens=java.prefs/java.util.prefs=ALL-UNNAMED -Xmx1024m -Dfile.encoding=windows-1252 -Duser.country=IN -Duser.language=en -Duser.variant org.gradle.launcher.daemon.bootstrap.GradleDaemon 6.1.1

Host: AMD PRO A4-4350B R4, 5 COMPUTE CORES 2C+3G     , 2 cores, 3G,  Windows 10 , 64 bit Build 17763 (10.0.17763.1158)
Time: Mon Oct 12 11:02:06 2020 Pacific Daylight Time elapsed time: 971 seconds (0d 0h 16m 11s)

---------------  T H R E A D  ---------------

Current thread (0x000001b1b47a0000):  VMThread "VM Thread" [stack: 0x0000001006700000,0x0000001006800000] [id=1036]

Stack: [0x0000001006700000,0x0000001006800000]
[error occurred during error reporting (printing stack bounds), id 0xc0000005, EXCEPTION_ACCESS_VIOLATION (0xc0000005) at pc=0x000001b1a08d10ad]

Native frames: (J=compiled Java code, j=interpreted, Vv=VM code, C=native code)
V  [jvm.dll+0x624f9a]
V  [jvm.dll+0x770cfa]
V  [jvm.dll+0x7724af]
V  [jvm.dll+0x772a15]
V  [jvm.dll+0x7729cb]
V  [jvm.dll+0x6244df]
C  [ntdll.dll+0x66b26]
C  [ntdll.dll+0x4849]
C  [ntdll.dll+0xa350e]
C  0x000001b1a08d10ad

VM_Operation (0x00000010063ff280): G1Concurrent, mode: safepoint, requested by thread 0x000001b196c39000


---------------  P R O C E S S  ---------------

Threads class SMR info:
_java_thread_list=0x000001b1ba66abb0, length=41, elements={
0x000001b196c00000, 0x000001b1b47ac800, 0x000001b1b47b0000, 0x000001b1b47cd800,
0x000001b1b47d0000, 0x000001b1b47d1000, 0x000001b1b480a000, 0x000001b1b484a000,
0x000001b1b520b000, 0x000001b1b5213800, 0x000001b1b6b72800, 0x000001b1b644d800,
0x000001b1b56d3000, 0x000001b1b52f9800, 0x000001b1b52f8800, 0x000001b1b52fb000,
0x000001b1b52fd000, 0x000001b1b9076000, 0x000001b1b9073800, 0x000001b1b906c000,
0x000001b1b906d000, 0x000001b1b52f6800, 0x000001b1b6ccd000, 0x000001b1b6ccc000,
0x000001b1b6ccf800, 0x000001b1b6cd0800, 0x000001b1b6cce800, 0x000001b1b6cd1000,
0x000001b1b6cd2000, 0x000001b1b6cd3000, 0x000001b1b6cd3800, 0x000001b1b6cce000,
0x000001b1b6cd6000, 0x000001b1b6cd5000, 0x000001b1b6cd7800, 0x000001b1b6cd7000,
0x000001b1b6cd8800, 0x000001b1b6cd9800, 0x000001b1b6cda000, 0x000001b1b6cd4800,
0x000001b1b6cdb000
}

Java Threads: ( => current thread )
  0x000001b196c00000 JavaThread "main" [_thread_blocked, id=8900, stack(0x0000001006100000,0x0000001006200000)]
  0x000001b1b47ac800 JavaThread "Reference Handler" daemon [_thread_blocked, id=4212, stack(0x0000001006800000,0x0000001006900000)]
  0x000001b1b47b0000 JavaThread "Finalizer" daemon [_thread_blocked, id=9584, stack(0x0000001006900000,0x0000001006a00000)]
  0x000001b1b47cd800 JavaThread "Signal Dispatcher" daemon [_thread_blocked, id=8224, stack(0x0000001006a00000,0x0000001006b00000)]
  0x000001b1b47d0000 JavaThread "Attach Listener" daemon [_thread_blocked, id=8404, stack(0x0000001006b00000,0x0000001006c00000)]
  0x000001b1b47d1000 JavaThread "C2 CompilerThread0" daemon [_thread_blocked, id=9884, stack(0x0000001006c00000,0x0000001006d00000)]
  0x000001b1b480a000 JavaThread "C1 CompilerThread0" daemon [_thread_blocked, id=1656, stack(0x0000001006d00000,0x0000001006e00000)]
  0x000001b1b484a000 JavaThread "Sweeper thread" daemon [_thread_blocked, id=9140, stack(0x0000001006e00000,0x0000001006f00000)]
  0x000001b1b520b000 JavaThread "Common-Cleaner" daemon [_thread_blocked, id=10564, stack(0x0000001006f00000,0x0000001007000000)]
  0x000001b1b5213800 JavaThread "Service Thread" daemon [_thread_blocked, id=7528, stack(0x0000001007000000,0x0000001007100000)]
  0x000001b1b6b72800 JavaThread "Daemon health stats" [_thread_blocked, id=11000, stack(0x0000001007400000,0x0000001007500000)]
  0x000001b1b644d800 JavaThread "Incoming local TCP Connector on port 62625" [_thread_in_native, id=5824, stack(0x0000001007500000,0x0000001007600000)]
  0x000001b1b56d3000 JavaThread "Daemon periodic checks" [_thread_blocked, id=8508, stack(0x0000001007600000,0x0000001007700000)]
  0x000001b1b52f9800 JavaThread "Cache worker for journal cache (C:\Users\ELCOT\.gradle\caches\gradle-6.5\caches\journal-1)" [_thread_blocked, id=5224, stack(0x0000001007e00000,0x0000001007f00000)]
  0x000001b1b52f8800 JavaThread "File lock request listener" [_thread_in_native, id=12124, stack(0x0000001007f00000,0x0000001008000000)]
  0x000001b1b52fb000 JavaThread "Cache worker for file hash cache (C:\Users\ELCOT\.gradle\caches\gradle-6.5\caches\6.1.1\fileHashes)" [_thread_blocked, id=8672, stack(0x0000001008000000,0x0000001008100000)]
  0x000001b1b52fd000 JavaThread "Cache worker for execution history cache (C:\Users\ELCOT\.gradle\caches\gradle-6.5\caches\6.1.1\executionHistory)" [_thread_blocked, id=10708, stack(0x0000001008500000,0x0000001008600000)]
  0x000001b1b9076000 JavaThread "Memory manager" [_thread_blocked, id=8772, stack(0x0000001008700000,0x0000001008800000)]
  0x000001b1b9073800 JavaThread "Cache worker for file content cache (C:\Users\ELCOT\.gradle\caches\gradle-6.5\caches\6.1.1\fileContent)" [_thread_blocked, id=7464, stack(0x0000001008800000,0x0000001008900000)]
  0x000001b1b906c000 JavaThread "Daemon Thread 3" [_thread_blocked, id=5784, stack(0x0000001005f00000,0x0000001006000000)]
  0x000001b1b906d000 JavaThread "Daemon worker Thread 3" [_thread_blocked, id=4960, stack(0x0000001007800000,0x0000001007900000)]
  0x000001b1b52f6800 JavaThread "Java2D Disposer" daemon [_thread_blocked, id=1456, stack(0x0000001009000000,0x0000001009100000)]
  0x000001b1b6ccd000 JavaThread "Cache worker for Java compile cache (C:\Users\ELCOT\.gradle\caches\gradle-6.5\caches\6.1.1\javaCompile)" [_thread_blocked, id=9548, stack(0x0000001007a00000,0x0000001007b00000)]
  0x000001b1b6ccc000 JavaThread "Handler for socket connection from /127.0.0.1:62625 to /127.0.0.1:62691" [_thread_in_native, id=5932, stack(0x0000001006000000,0x0000001006100000)]
  0x000001b1b6ccf800 JavaThread "Cancel handler" [_thread_blocked, id=5160, stack(0x0000001007700000,0x0000001007800000)]
  0x000001b1b6cd0800 JavaThread "Asynchronous log dispatcher for DefaultDaemonConnection: socket connection from /127.0.0.1:62625 to /127.0.0.1:62691" [_thread_blocked, id=8340, stack(0x0000001007900000,0x0000001007a00000)]
  0x000001b1b6cce800 JavaThread "Stdin handler" [_thread_blocked, id=1176, stack(0x0000001007b00000,0x0000001007c00000)]
  0x000001b1b6cd1000 JavaThread "Thread-79" [_thread_blocked, id=10752, stack(0x0000001007c00000,0x0000001007d00000)]
  0x000001b1b6cd2000 JavaThread "Cache worker for checksums cache (D:\AndroidStudioProjects\DoChat\.gradle\checksums)" [_thread_blocked, id=4824, stack(0x0000001007d00000,0x0000001007e00000)]
  0x000001b1b6cd3000 JavaThread "Cache worker for file hash cache (D:\AndroidStudioProjects\DoChat\.gradle\6.1.1\fileHashes)" [_thread_blocked, id=5620, stack(0x0000001008100000,0x0000001008200000)]
  0x000001b1b6cd3800 JavaThread "Cache worker for cache directory md-supplier (C:\Users\ELCOT\.gradle\caches\gradle-6.5\caches\6.1.1\md-supplier)" [_thread_blocked, id=5844, stack(0x0000001008200000,0x0000001008300000)]
  0x000001b1b6cce000 JavaThread "Cache worker for cache directory md-rule (C:\Users\ELCOT\.gradle\caches\gradle-6.5\caches\6.1.1\md-rule)" [_thread_blocked, id=10180, stack(0x0000001008300000,0x0000001008400000)]
  0x000001b1b6cd6000 JavaThread "Build operations" [_thread_blocked, id=8832, stack(0x0000001008400000,0x0000001008500000)]
  0x000001b1b6cd5000 JavaThread "Build operations Thread 2" [_thread_blocked, id=2896, stack(0x0000001008600000,0x0000001008700000)]
  0x000001b1b6cd7800 JavaThread "Cache worker for Build Output Cleanup Cache (D:\AndroidStudioProjects\DoChat\.gradle\buildOutputCleanup)" [_thread_blocked, id=10764, stack(0x0000001008900000,0x0000001008a00000)]
  0x000001b1b6cd7000 JavaThread "Cache worker for file content cache (D:\AndroidStudioProjects\DoChat\.gradle\6.1.1\fileContent)" [_thread_blocked, id=6792, stack(0x0000001008a00000,0x0000001008b00000)]
  0x000001b1b6cd8800 JavaThread "Execution worker for ':'" [_thread_blocked, id=6004, stack(0x0000001008b00000,0x0000001008c00000)]
  0x000001b1b6cd9800 JavaThread "Cache worker for execution history cache (D:\AndroidStudioProjects\DoChat\.gradle\6.1.1\executionHistory)" [_thread_blocked, id=10388, stack(0x0000001008c00000,0x0000001008d00000)]
  0x000001b1b6cda000 JavaThread "WorkerExecutor Queue" [_thread_blocked, id=9364, stack(0x0000001008d00000,0x0000001008e00000)]
  0x000001b1b6cd4800 JavaThread "ForkJoinPool-4-worker-3" daemon [_thread_blocked, id=2252, stack(0x0000001008e00000,0x0000001008f00000)]
  0x000001b1b6cdb000 JavaThread "ForkJoinPool-4-worker-1" daemon [_thread_blocked, id=4864, stack(0x0000001008f00000,0x0000001009000000)]

Other Threads:
=>0x000001b1b47a0000 VMThread "VM Thread" [stack: 0x0000001006700000,0x0000001006800000] [id=1036]
  0x000001b1b5222800 WatcherThread [stack: 0x0000001007100000,0x0000001007200000] [id=9044]
  0x000001b196c2f000 GCTaskThread "GC Thread#0" [stack: 0x0000001006200000,0x0000001006300000] [id=10152]
  0x000001b1b5320800 GCTaskThread "GC Thread#1" [stack: 0x0000001007200000,0x0000001007300000] [id=6772]
  0x000001b196c39000 ConcurrentGCThread "G1 Main Marker" [stack: 0x0000001006300000,0x0000001006400000] [id=10224]
  0x000001b196c3b800 ConcurrentGCThread "G1 Conc#0" [stack: 0x0000001006400000,0x0000001006500000] [id=9960]
  0x000001b196c87800 ConcurrentGCThread "G1 Refine#0" [stack: 0x0000001006500000,0x0000001006600000] [id=8996]
  0x000001b1b5a0d000 ConcurrentGCThread "G1 Refine#1" [stack: 0x0000001007300000,0x0000001007400000] [id=5680]
  0x000001b196c8a000 ConcurrentGCThread "G1 Young RemSet Sampling" [stack: 0x0000001006600000,0x0000001006700000] [id=6304]

Threads with active compile tasks:
C2 CompilerThread0   971434 21890       4       com.android.tools.r8.code.u1::a (4075 bytes)

VM state:at safepoint (normal execution)

VM Mutex/Monitor currently owned by a thread:  ([mutex/lock_event])
[0x000001b196bfcfe0] Threads_lock - owner thread: 0x000001b1b47a0000
[0x000001b196bfc6e0] Heap_lock - owner thread: 0x000001b196c39000

OutOfMemory and StackOverflow Exception counts:
OutOfMemoryError java_heap_errors=1
LinkageErrors=217

Heap address: 0x00000000c0000000, size: 1024 MB, Compressed Oops mode: 32-bit
Narrow klass base: 0x0000000800000000, Narrow klass shift: 3
Compressed class space size: 1073741824 Address: 0x0000000800b40000

Heap:
 garbage-first heap   total 304128K, used 180736K [0x00000000c0000000, 0x0000000100000000)
  region size 1024K, 10 young (10240K), 7 survivors (7168K)
 Metaspace       used 110310K, capacity 113343K, committed 114304K, reserved 1148928K
  class space    used 13676K, capacity 14697K, committed 14976K, reserved 1048576K
Heap Regions: E=young(eden), S=young(survivor), O=old, HS=humongous(starts), HC=humongous(continues), CS=collection set, F=free, A=archive, TAMS=top-at-mark-start (previous, next)
|   0|0x00000000c0000000, 0x00000000c0100000, 0x00000000c0100000|100%|HS|  |TAMS 0x00000000c0100000, 0x00000000c0000000| Complete 
|   1|0x00000000c0100000, 0x00000000c0200000, 0x00000000c0200000|100%|HC|  |TAMS 0x00000000c0200000, 0x00000000c0100000| Complete 
|   2|0x00000000c0200000, 0x00000000c0300000, 0x00000000c0300000|100%|HC|  |TAMS 0x00000000c0300000, 0x00000000c0200000| Complete 
|   3|0x00000000c0300000, 0x00000000c0400000, 0x00000000c0400000|100%| O|  |TAMS 0x00000000c0400000, 0x00000000c0300000| Updating 
|   4|0x00000000c0400000, 0x00000000c0500000, 0x00000000c0500000|100%| O|  |TAMS 0x00000000c0500000, 0x00000000c0400000| Updating 
|   5|0x00000000c0500000, 0x00000000c0600000, 0x00000000c0600000|100%| O|  |TAMS 0x00000000c0600000, 0x00000000c0500000| Updating 
|   6|0x00000000c0600000, 0x00000000c0700000, 0x00000000c0700000|100%| O|  |TAMS 0x00000000c0700000, 0x00000000c0600000| Updating 
|   7|0x00000000c0700000, 0x00000000c0800000, 0x00000000c0800000|100%| O|  |TAMS 0x00000000c0800000, 0x00000000c0700000| Updating 
|   8|0x00000000c0800000, 0x00000000c0900000, 0x00000000c0900000|100%| O|  |TAMS 0x00000000c0900000, 0x00000000c0800000| Updating 
|   9|0x00000000c0900000, 0x00000000c0a00000, 0x00000000c0a00000|100%| O|  |TAMS 0x00000000c0a00000, 0x00000000c0900000| Updating 
|  10|0x00000000c0a00000, 0x00000000c0b00000, 0x00000000c0b00000|100%| O|  |TAMS 0x00000000c0b00000, 0x00000000c0a00000| Updating 
|  11|0x00000000c0b00000, 0x00000000c0c00000, 0x00000000c0c00000|100%| O|  |TAMS 0x00000000c0c00000, 0x00000000c0b00000| Updating 
|  12|0x00000000c0c00000, 0x00000000c0d00000, 0x00000000c0d00000|100%| O|  |TAMS 0x00000000c0d00000, 0x00000000c0c00000| Updating 
|  13|0x00000000c0d00000, 0x00000000c0e00000, 0x00000000c0e00000|100%| O|  |TAMS 0x00000000c0e00000, 0x00000000c0d00000| Updating 
|  14|0x00000000c0e00000, 0x00000000c0f00000, 0x00000000c0f00000|100%| O|  |TAMS 0x00000000c0f00000, 0x00000000c0e00000| Updating 
|  15|0x00000000c0f00000, 0x00000000c1000000, 0x00000000c1000000|100%| O|  |TAMS 0x00000000c1000000, 0x00000000c0f00000| Updating 
|  16|0x00000000c1000000, 0x00000000c1100000, 0x00000000c1100000|100%| O|  |TAMS 0x00000000c1100000, 0x00000000c1000000| Updating 
|  17|0x00000000c1100000, 0x00000000c1200000, 0x00000000c1200000|100%|HS|  |TAMS 0x00000000c1200000, 0x00000000c1100000| Complete 
|  18|0x00000000c1200000, 0x00000000c1300000, 0x00000000c1300000|100%|HC|  |TAMS 0x00000000c1300000, 0x00000000c1200000| Complete 
|  19|0x00000000c1300000, 0x00000000c1400000, 0x00000000c1400000|100%|HS|  |TAMS 0x00000000c1400000, 0x00000000c1300000| Complete 
|  20|0x00000000c1400000, 0x00000000c1500000, 0x00000000c1500000|100%|HC|  |TAMS 0x00000000c1500000, 0x00000000c1400000| Complete 
|  21|0x00000000c1500000, 0x00000000c1600000, 0x00000000c1600000|100%|HC|  |TAMS 0x00000000c1600000, 0x00000000c1500000| Complete 
|  22|0x00000000c1600000, 0x00000000c1700000, 0x00000000c1700000|100%|HS|  |TAMS 0x00000000c1700000, 0x00000000c1600000| Complete 
|  23|0x00000000c1700000, 0x00000000c1800000, 0x00000000c1800000|100%|HC|  |TAMS 0x00000000c1800000, 0x00000000c1700000| Complete 
|  24|0x00000000c1800000, 0x00000000c1900000, 0x00000000c1900000|100%|HC|  |TAMS 0x00000000c1900000, 0x00000000c1800000| Complete 
|  25|0x00000000c1900000, 0x00000000c1a00000, 0x00000000c1a00000|100%|HC|  |TAMS 0x00000000c1a00000, 0x00000000c1900000| Complete 
|  26|0x00000000c1a00000, 0x00000000c1b00000, 0x00000000c1b00000|100%| O|  |TAMS 0x00000000c1b00000, 0x00000000c1a00000| Updating 
|  27|0x00000000c1b00000, 0x00000000c1c00000, 0x00000000c1c00000|100%|HS|  |TAMS 0x00000000c1c00000, 0x00000000c1b00000| Complete 
|  28|0x00000000c1c00000, 0x00000000c1d00000, 0x00000000c1d00000|100%|HC|  |TAMS 0x00000000c1d00000, 0x00000000c1c00000| Complete 
|  29|0x00000000c1d00000, 0x00000000c1e00000, 0x00000000c1e00000|100%|HC|  |TAMS 0x00000000c1e00000, 0x00000000c1d00000| Complete 
|  30|0x00000000c1e00000, 0x00000000c1f00000, 0x00000000c1f00000|100%|HC|  |TAMS 0x00000000c1f00000, 0x00000000c1e00000| Complete 
|  31|0x00000000c1f00000, 0x00000000c2000000, 0x00000000c2000000|100%| O|  |TAMS 0x00000000c2000000, 0x00000000c1f00000| Updating 
|  32|0x00000000c2000000, 0x00000000c2100000, 0x00000000c2100000|100%| O|  |TAMS 0x00000000c2100000, 0x00000000c2000000| Updating 
|  33|0x00000000c2100000, 0x00000000c2200000, 0x00000000c2200000|100%| O|  |TAMS 0x00000000c2200000, 0x00000000c2100000| Updating 
|  34|0x00000000c2200000, 0x00000000c2300000, 0x00000000c2300000|100%| O|  |TAMS 0x00000000c2300000, 0x00000000c2200000| Updating 
|  35|0x00000000c2300000, 0x00000000c2400000, 0x00000000c2400000|100%| O|  |TAMS 0x00000000c2400000, 0x00000000c2300000| Updating 
|  36|0x00000000c2400000, 0x00000000c2500000, 0x00000000c2500000|100%| O|  |TAMS 0x00000000c2500000, 0x00000000c2400000| Updating 
|  37|0x00000000c2500000, 0x00000000c2600000, 0x00000000c2600000|100%| O|  |TAMS 0x00000000c2600000, 0x00000000c2500000| Updating 
|  38|0x00000000c2600000, 0x00000000c2700000, 0x00000000c2700000|100%| O|  |TAMS 0x00000000c2700000, 0x00000000c2600000| Updating 
|  39|0x00000000c2700000, 0x00000000c2800000, 0x00000000c2800000|100%| O|  |TAMS 0x00000000c2800000, 0x00000000c2700000| Updating 
|  40|0x00000000c2800000, 0x00000000c2900000, 0x00000000c2900000|100%| O|  |TAMS 0x00000000c2900000, 0x00000000c2800000| Updating 
|  41|0x00000000c2900000, 0x00000000c2a00000, 0x00000000c2a00000|100%| O|  |TAMS 0x00000000c2a00000, 0x00000000c2900000| Updating 
|  42|0x00000000c2a00000, 0x00000000c2b00000, 0x00000000c2b00000|100%| O|  |TAMS 0x00000000c2b00000, 0x00000000c2a00000| Updating 
|  43|0x00000000c2b00000, 0x00000000c2c00000, 0x00000000c2c00000|100%| O|  |TAMS 0x00000000c2c00000, 0x00000000c2b00000| Updating 
|  44|0x00000000c2c00000, 0x00000000c2d00000, 0x00000000c2d00000|100%| O|  |TAMS 0x00000000c2c00000, 0x00000000c2c00000| Untracked 
|  45|0x00000000c2d00000, 0x00000000c2e00000, 0x00000000c2e00000|100%| O|  |TAMS 0x00000000c2e00000, 0x00000000c2d00000| Updating 
|  46|0x00000000c2e00000, 0x00000000c2f00000, 0x00000000c2f00000|100%|HS|  |TAMS 0x00000000c2f00000, 0x00000000c2e00000| Complete 
|  47|0x00000000c2f00000, 0x00000000c3000000, 0x00000000c3000000|100%|HC|  |TAMS 0x00000000c3000000, 0x00000000c2f00000| Complete 
|  48|0x00000000c3000000, 0x00000000c3100000, 0x00000000c3100000|100%|HC|  |TAMS 0x00000000c3100000, 0x00000000c3000000| Complete 
|  49|0x00000000c3100000, 0x00000000c3200000, 0x00000000c3200000|100%| O|  |TAMS 0x00000000c3200000, 0x00000000c3100000| Updating 
|  50|0x00000000c3200000, 0x00000000c3300000, 0x00000000c3300000|100%|HS|  |TAMS 0x00000000c3300000, 0x00000000c3200000| Complete 
|  51|0x00000000c3300000, 0x00000000c3400000, 0x00000000c3400000|100%| O|  |TAMS 0x00000000c3300000, 0x00000000c3300000| Untracked 
|  52|0x00000000c3400000, 0x00000000c3500000, 0x00000000c3500000|100%|HS|  |TAMS 0x00000000c3500000, 0x00000000c3400000| Complete 
|  53|0x00000000c3500000, 0x00000000c3600000, 0x00000000c3600000|100%|HC|  |TAMS 0x00000000c3600000, 0x00000000c3500000| Complete 
|  54|0x00000000c3600000, 0x00000000c3700000, 0x00000000c3700000|100%| O|  |TAMS 0x00000000c3700000, 0x00000000c3600000| Updating 
|  55|0x00000000c3700000, 0x00000000c3800000, 0x00000000c3800000|100%| O|  |TAMS 0x00000000c3800000, 0x00000000c3700000| Updating 
|  56|0x00000000c3800000, 0x00000000c3900000, 0x00000000c3900000|100%| O|  |TAMS 0x00000000c3900000, 0x00000000c3800000| Updating 
|  57|0x00000000c3900000, 0x00000000c3a00000, 0x00000000c3a00000|100%| O|  |TAMS 0x00000000c3a00000, 0x00000000c3900000| Updating 
|  58|0x00000000c3a00000, 0x00000000c3b00000, 0x00000000c3b00000|100%| O|  |TAMS 0x00000000c3a00000, 0x00000000c3a00000| Untracked 
|  59|0x00000000c3b00000, 0x00000000c3c00000, 0x00000000c3c00000|100%| O|  |TAMS 0x00000000c3c00000, 0x00000000c3b00000| Updating 
|  60|0x00000000c3c00000, 0x00000000c3d00000, 0x00000000c3d00000|100%| O|  |TAMS 0x00000000c3d00000, 0x00000000c3c00000| Updating 
|  61|0x00000000c3d00000, 0x00000000c3e00000, 0x00000000c3e00000|100%| O|  |TAMS 0x00000000c3e00000, 0x00000000c3d00000| Updating 
|  62|0x00000000c3e00000, 0x00000000c3f00000, 0x00000000c3f00000|100%| O|  |TAMS 0x00000000c3f00000, 0x00000000c3e00000| Updating 
|  63|0x00000000c3f00000, 0x00000000c4000000, 0x00000000c4000000|100%| O|  |TAMS 0x00000000c4000000, 0x00000000c3f00000| Updating 
|  64|0x00000000c4000000, 0x00000000c4100000, 0x00000000c4100000|100%| O|  |TAMS 0x00000000c4100000, 0x00000000c4000000| Updating 
|  65|0x00000000c4100000, 0x00000000c4200000, 0x00000000c4200000|100%| O|  |TAMS 0x00000000c4100000, 0x00000000c4100000| Untracked 
|  66|0x00000000c4200000, 0x00000000c4300000, 0x00000000c4300000|100%| O|  |TAMS 0x00000000c4300000, 0x00000000c4200000| Updating 
|  67|0x00000000c4300000, 0x00000000c4400000, 0x00000000c4400000|100%| O|  |TAMS 0x00000000c4300000, 0x00000000c4300000| Untracked 
|  68|0x00000000c4400000, 0x00000000c4500000, 0x00000000c4500000|100%| O|  |TAMS 0x00000000c4500000, 0x00000000c4400000| Updating 
|  69|0x00000000c4500000, 0x00000000c4600000, 0x00000000c4600000|100%| O|  |TAMS 0x00000000c4600000, 0x00000000c4500000| Updating 
|  70|0x00000000c4600000, 0x00000000c4700000, 0x00000000c4700000|100%| O|  |TAMS 0x00000000c4600000, 0x00000000c4600000| Untracked 
|  71|0x00000000c4700000, 0x00000000c4800000, 0x00000000c4800000|100%| O|  |TAMS 0x00000000c4800000, 0x00000000c4700000| Updating 
|  72|0x00000000c4800000, 0x00000000c4900000, 0x00000000c4900000|100%| O|  |TAMS 0x00000000c4900000, 0x00000000c4800000| Updating 
|  73|0x00000000c4900000, 0x00000000c4a00000, 0x00000000c4a00000|100%| O|  |TAMS 0x00000000c4a00000, 0x00000000c4900000| Updating 
|  74|0x00000000c4a00000, 0x00000000c4b00000, 0x00000000c4b00000|100%| O|  |TAMS 0x00000000c4b00000, 0x00000000c4a00000| Updating 
|  75|0x00000000c4b00000, 0x00000000c4c00000, 0x00000000c4c00000|100%| O|  |TAMS 0x00000000c4c00000, 0x00000000c4b00000| Updating 
|  76|0x00000000c4c00000, 0x00000000c4d00000, 0x00000000c4d00000|100%| O|  |TAMS 0x00000000c4d00000, 0x00000000c4c00000| Updating 
|  77|0x00000000c4d00000, 0x00000000c4e00000, 0x00000000c4e00000|100%| O|  |TAMS 0x00000000c4e00000, 0x00000000c4d00000| Updating 
|  78|0x00000000c4e00000, 0x00000000c4f00000, 0x00000000c4f00000|100%| O|  |TAMS 0x00000000c4f00000, 0x00000000c4e00000| Updating 
|  79|0x00000000c4f00000, 0x00000000c5000000, 0x00000000c5000000|100%| O|  |TAMS 0x00000000c5000000, 0x00000000c4f00000| Updating 
|  80|0x00000000c5000000, 0x00000000c5100000, 0x00000000c5100000|100%| O|  |TAMS 0x00000000c5100000, 0x00000000c5000000| Updating 
|  81|0x00000000c5100000, 0x00000000c5200000, 0x00000000c5200000|100%| O|  |TAMS 0x00000000c5200000, 0x00000000c5100000| Updating 
|  82|0x00000000c5200000, 0x00000000c5300000, 0x00000000c5300000|100%| O|  |TAMS 0x00000000c5300000, 0x00000000c5200000| Updating 
|  83|0x00000000c5300000, 0x00000000c5400000, 0x00000000c5400000|100%| O|  |TAMS 0x00000000c5400000, 0x00000000c5300000| Updating 
|  84|0x00000000c5400000, 0x00000000c5500000, 0x00000000c5500000|100%| O|  |TAMS 0x00000000c5500000, 0x00000000c5400000| Updating 
|  85|0x00000000c5500000, 0x00000000c5600000, 0x00000000c5600000|100%| O|  |TAMS 0x00000000c5600000, 0x00000000c5500000| Updating 
|  86|0x00000000c5600000, 0x00000000c5700000, 0x00000000c5700000|100%| O|  |TAMS 0x00000000c5700000, 0x00000000c5600000| Updating 
|  87|0x00000000c5700000, 0x00000000c5800000, 0x00000000c5800000|100%| O|  |TAMS 0x00000000c5780000, 0x00000000c5700000| Updating 
|  88|0x00000000c5800000, 0x00000000c5900000, 0x00000000c5900000|100%| O|  |TAMS 0x00000000c5900000, 0x00000000c5800000| Updating 
|  89|0x00000000c5900000, 0x00000000c5a00000, 0x00000000c5a00000|100%| O|  |TAMS 0x00000000c5a00000, 0x00000000c5900000| Updating 
|  90|0x00000000c5a00000, 0x00000000c5b00000, 0x00000000c5b00000|100%| O|  |TAMS 0x00000000c5a00000, 0x00000000c5a00000| Untracked 
|  91|0x00000000c5b00000, 0x00000000c5c00000, 0x00000000c5c00000|100%| O|  |TAMS 0x00000000c5b00000, 0x00000000c5b00000| Untracked 
|  92|0x00000000c5c00000, 0x00000000c5d00000, 0x00000000c5d00000|100%| O|  |TAMS 0x00000000c5c00000, 0x00000000c5c00000| Untracked 
|  93|0x00000000c5d00000, 0x00000000c5e00000, 0x00000000c5e00000|100%|HS|  |TAMS 0x00000000c5e00000, 0x00000000c5d00000| Complete 
|  94|0x00000000c5e00000, 0x00000000c5f00000, 0x00000000c5f00000|100%| O|  |TAMS 0x00000000c5f00000, 0x00000000c5e00000| Updating 
|  95|0x00000000c5f00000, 0x00000000c6000000, 0x00000000c6000000|100%| O|  |TAMS 0x00000000c6000000, 0x00000000c5f00000| Updating 
|  96|0x00000000c6000000, 0x00000000c6100000, 0x00000000c6100000|100%| O|  |TAMS 0x00000000c6100000, 0x00000000c6000000| Updating 
|  97|0x00000000c6100000, 0x00000000c6200000, 0x00000000c6200000|100%| O|  |TAMS 0x00000000c6200000, 0x00000000c6100000| Updating 
|  98|0x00000000c6200000, 0x00000000c6300000, 0x00000000c6300000|100%| O|  |TAMS 0x00000000c6300000, 0x00000000c6200000| Updating 
|  99|0x00000000c6300000, 0x00000000c6400000, 0x00000000c6400000|100%| O|  |TAMS 0x00000000c6300000, 0x00000000c6300000| Untracked 
| 100|0x00000000c6400000, 0x00000000c6500000, 0x00000000c6500000|100%| O|  |TAMS 0x00000000c6500000, 0x00000000c6400000| Updating 
| 101|0x00000000c6500000, 0x00000000c6600000, 0x00000000c6600000|100%| O|  |TAMS 0x00000000c6500000, 0x00000000c6500000| Untracked 
| 102|0x00000000c6600000, 0x00000000c6700000, 0x00000000c6700000|100%| O|  |TAMS 0x00000000c6700000, 0x00000000c6600000| Updating 
| 103|0x00000000c6700000, 0x00000000c6800000, 0x00000000c6800000|100%| O|  |TAMS 0x00000000c6800000, 0x00000000c6700000| Updating 
| 104|0x00000000c6800000, 0x00000000c6900000, 0x00000000c6900000|100%| O|  |TAMS 0x00000000c6900000, 0x00000000c6800000| Updating 
| 105|0x00000000c6900000, 0x00000000c6a00000, 0x00000000c6a00000|100%| O|  |TAMS 0x00000000c6a00000, 0x00000000c6900000| Updating 
| 106|0x00000000c6a00000, 0x00000000c6b00000, 0x00000000c6b00000|100%| O|  |TAMS 0x00000000c6b00000, 0x00000000c6a00000| Updating 
| 107|0x00000000c6b00000, 0x00000000c6c00000, 0x00000000c6c00000|100%| O|  |TAMS 0x00000000c6c00000, 0x00000000c6b00000| Updating 
| 108|0x00000000c6c00000, 0x00000000c6d00000, 0x00000000c6d00000|100%| O|  |TAMS 0x00000000c6c00000, 0x00000000c6c00000| Untracked 
| 109|0x00000000c6d00000, 0x00000000c6e00000, 0x00000000c6e00000|100%| O|  |TAMS 0x00000000c6e00000, 0x00000000c6d00000| Updating 
| 110|0x00000000c6e00000, 0x00000000c6f00000, 0x00000000c6f00000|100%| O|  |TAMS 0x00000000c6f00000, 0x00000000c6e00000| Updating 
| 111|0x00000000c6f00000, 0x00000000c7000000, 0x00000000c7000000|100%| O|  |TAMS 0x00000000c7000000, 0x00000000c6f00000| Updating 
| 112|0x00000000c7000000, 0x00000000c7100000, 0x00000000c7100000|100%| O|  |TAMS 0x00000000c7000000, 0x00000000c7000000| Untracked 
| 113|0x00000000c7100000, 0x00000000c7200000, 0x00000000c7200000|100%| O|  |TAMS 0x00000000c7200000, 0x00000000c7100000| Updating 
| 114|0x00000000c7200000, 0x00000000c7300000, 0x00000000c7300000|100%| O|  |TAMS 0x00000000c7300000, 0x00000000c7200000| Updating 
| 115|0x00000000c7300000, 0x00000000c7400000, 0x00000000c7400000|100%| O|  |TAMS 0x00000000c7400000, 0x00000000c7300000| Updating 
| 116|0x00000000c7400000, 0x00000000c7500000, 0x00000000c7500000|100%| O|  |TAMS 0x00000000c7500000, 0x00000000c7400000| Updating 
| 117|0x00000000c7500000, 0x00000000c7600000, 0x00000000c7600000|100%| O|  |TAMS 0x00000000c7600000, 0x00000000c7500000| Updating 
| 118|0x00000000c7600000, 0x00000000c7700000, 0x00000000c7700000|100%| O|  |TAMS 0x00000000c7700000, 0x00000000c7600000| Updating 
| 119|0x00000000c7700000, 0x00000000c7800000, 0x00000000c7800000|100%| O|  |TAMS 0x00000000c7700000, 0x00000000c7700000| Untracked 
| 120|0x00000000c7800000, 0x00000000c7900000, 0x00000000c7900000|100%| O|  |TAMS 0x00000000c7900000, 0x00000000c7800000| Updating 
| 121|0x00000000c7900000, 0x00000000c7a00000, 0x00000000c7a00000|100%| O|  |TAMS 0x00000000c7a00000, 0x00000000c7900000| Updating 
| 122|0x00000000c7a00000, 0x00000000c7b00000, 0x00000000c7b00000|100%| O|  |TAMS 0x00000000c7a00000, 0x00000000c7a00000| Untracked 
| 123|0x00000000c7b00000, 0x00000000c7c00000, 0x00000000c7c00000|100%| O|  |TAMS 0x00000000c7c00000, 0x00000000c7b00000| Updating 
| 124|0x00000000c7c00000, 0x00000000c7d00000, 0x00000000c7d00000|100%| O|  |TAMS 0x00000000c7d00000, 0x00000000c7c00000| Updating 
| 125|0x00000000c7d00000, 0x00000000c7e00000, 0x00000000c7e00000|100%| O|  |TAMS 0x00000000c7e00000, 0x00000000c7d00000| Updating 
| 126|0x00000000c7e00000, 0x00000000c7f00000, 0x00000000c7f00000|100%| O|  |TAMS 0x00000000c7f00000, 0x00000000c7e00000| Updating 
| 127|0x00000000c7f00000, 0x00000000c8000000, 0x00000000c8000000|100%| O|  |TAMS 0x00000000c8000000, 0x00000000c7f00000| Updating 
| 128|0x00000000c8000000, 0x00000000c8100000, 0x00000000c8100000|100%| O|  |TAMS 0x00000000c8000000, 0x00000000c8000000| Untracked 
| 129|0x00000000c8100000, 0x00000000c8200000, 0x00000000c8200000|100%| O|  |TAMS 0x00000000c8200000, 0x00000000c8100000| Updating 
| 130|0x00000000c8200000, 0x00000000c8300000, 0x00000000c8300000|100%| O|  |TAMS 0x00000000c8300000, 0x00000000c8200000| Updating 
| 131|0x00000000c8300000, 0x00000000c8400000, 0x00000000c8400000|100%| O|  |TAMS 0x00000000c8400000, 0x00000000c8300000| Updating 
| 132|0x00000000c8400000, 0x00000000c8500000, 0x00000000c8500000|100%| O|  |TAMS 0x00000000c8500000, 0x00000000c8400000| Updating 
| 133|0x00000000c8500000, 0x00000000c8600000, 0x00000000c8600000|100%| O|  |TAMS 0x00000000c8600000, 0x00000000c8500000| Updating 
| 134|0x00000000c8600000, 0x00000000c8700000, 0x00000000c8700000|100%| O|  |TAMS 0x00000000c8700000, 0x00000000c8600000| Updating 
| 135|0x00000000c8700000, 0x00000000c8800000, 0x00000000c8800000|100%| O|  |TAMS 0x00000000c8700000, 0x00000000c8700000| Untracked 
| 136|0x00000000c8800000, 0x00000000c8900000, 0x00000000c8900000|100%| O|  |TAMS 0x00000000c8800000, 0x00000000c8800000| Untracked 
| 137|0x00000000c8900000, 0x00000000c8a00000, 0x00000000c8a00000|100%| O|  |TAMS 0x00000000c8900000, 0x00000000c8900000| Untracked 
| 138|0x00000000c8a00000, 0x00000000c8b00000, 0x00000000c8b00000|100%| O|  |TAMS 0x00000000c8b00000, 0x00000000c8a00000| Updating 
| 139|0x00000000c8b00000, 0x00000000c8c00000, 0x00000000c8c00000|100%| O|  |TAMS 0x00000000c8c00000, 0x00000000c8b00000| Updating 
| 140|0x00000000c8c00000, 0x00000000c8d00000, 0x00000000c8d00000|100%|HS|  |TAMS 0x00000000c8d00000, 0x00000000c8c00000| Complete 
| 141|0x00000000c8d00000, 0x00000000c8e00000, 0x00000000c8e00000|100%|HC|  |TAMS 0x00000000c8e00000, 0x00000000c8d00000| Complete 
| 142|0x00000000c8e00000, 0x00000000c8f00000, 0x00000000c8f00000|100%|HC|  |TAMS 0x00000000c8f00000, 0x00000000c8e00000| Complete 
| 143|0x00000000c8f00000, 0x00000000c9000000, 0x00000000c9000000|100%|HC|  |TAMS 0x00000000c9000000, 0x00000000c8f00000| Complete 
| 144|0x00000000c9000000, 0x00000000c9100000, 0x00000000c9100000|100%|HC|  |TAMS 0x00000000c9100000, 0x00000000c9000000| Complete 
| 145|0x00000000c9100000, 0x00000000c9200000, 0x00000000c9200000|100%|HC|  |TAMS 0x00000000c9200000, 0x00000000c9100000| Complete 
| 146|0x00000000c9200000, 0x00000000c9300000, 0x00000000c9300000|100%|HC|  |TAMS 0x00000000c9300000, 0x00000000c9200000| Complete 
| 147|0x00000000c9300000, 0x00000000c9400000, 0x00000000c9400000|100%|HC|  |TAMS 0x00000000c9400000, 0x00000000c9300000| Complete 
| 148|0x00000000c9400000, 0x00000000c9500000, 0x00000000c9500000|100%|HC|  |TAMS 0x00000000c9500000, 0x00000000c9400000| Complete 
| 149|0x00000000c9500000, 0x00000000c9600000, 0x00000000c9600000|100%| O|  |TAMS 0x00000000c9600000, 0x00000000c9500000| Updating 
| 150|0x00000000c9600000, 0x00000000c9700000, 0x00000000c9700000|100%| O|  |TAMS 0x00000000c9700000, 0x00000000c9600000| Updating 
| 151|0x00000000c9700000, 0x00000000c9800000, 0x00000000c9800000|100%| O|  |TAMS 0x00000000c9800000, 0x00000000c9700000| Updating 
| 152|0x00000000c9800000, 0x00000000c9900000, 0x00000000c9900000|100%| O|  |TAMS 0x00000000c9800000, 0x00000000c9800000| Untracked 
| 153|0x00000000c9900000, 0x00000000c9980000, 0x00000000c9a00000| 50%| O|  |TAMS 0x00000000c9900000, 0x00000000c9900000| Updating 
| 154|0x00000000c9a00000, 0x00000000c9b00000, 0x00000000c9b00000|100%|HS|  |TAMS 0x00000000c9a00000, 0x00000000c9a00000| Complete 
| 155|0x00000000c9b00000, 0x00000000c9c00000, 0x00000000c9c00000|100%|HS|  |TAMS 0x00000000c9b00000, 0x00000000c9b00000| Complete 
| 156|0x00000000c9c00000, 0x00000000c9d00000, 0x00000000c9d00000|100%| O|  |TAMS 0x00000000c9d00000, 0x00000000c9c00000| Updating 
| 157|0x00000000c9d00000, 0x00000000c9e00000, 0x00000000c9e00000|100%| O|  |TAMS 0x00000000c9e00000, 0x00000000c9d00000| Updating 
| 158|0x00000000c9e00000, 0x00000000c9f00000, 0x00000000c9f00000|100%| O|  |TAMS 0x00000000c9f00000, 0x00000000c9e00000| Updating 
| 159|0x00000000c9f00000, 0x00000000c9f00000, 0x00000000ca000000|  0%| F|  |TAMS 0x00000000c9f00000, 0x00000000c9f00000| Untracked 
| 160|0x00000000ca000000, 0x00000000ca000000, 0x00000000ca100000|  0%| F|  |TAMS 0x00000000ca000000, 0x00000000ca000000| Untracked 
| 161|0x00000000ca100000, 0x00000000ca100000, 0x00000000ca200000|  0%| F|  |TAMS 0x00000000ca100000, 0x00000000ca100000| Untracked 
| 162|0x00000000ca200000, 0x00000000ca200000, 0x00000000ca300000|  0%| F|  |TAMS 0x00000000ca200000, 0x00000000ca200000| Untracked 
| 163|0x00000000ca300000, 0x00000000ca300000, 0x00000000ca400000|  0%| F|  |TAMS 0x00000000ca300000, 0x00000000ca300000| Untracked 
| 164|0x00000000ca400000, 0x00000000ca400000, 0x00000000ca500000|  0%| F|  |TAMS 0x00000000ca400000, 0x00000000ca400000| Untracked 
| 165|0x00000000ca500000, 0x00000000ca500000, 0x00000000ca600000|  0%| F|  |TAMS 0x00000000ca500000, 0x00000000ca500000| Untracked 
| 166|0x00000000ca600000, 0x00000000ca600000, 0x00000000ca700000|  0%| F|  |TAMS 0x00000000ca600000, 0x00000000ca600000| Untracked 
| 167|0x00000000ca700000, 0x00000000ca700000, 0x00000000ca800000|  0%| F|  |TAMS 0x00000000ca700000, 0x00000000ca700000| Untracked 
| 168|0x00000000ca800000, 0x00000000ca800000, 0x00000000ca900000|  0%| F|  |TAMS 0x00000000ca800000, 0x00000000ca800000| Untracked 
| 169|0x00000000ca900000, 0x00000000ca900000, 0x00000000caa00000|  0%| F|  |TAMS 0x00000000ca900000, 0x00000000ca900000| Untracked 
| 170|0x00000000caa00000, 0x00000000caa00000, 0x00000000cab00000|  0%| F|  |TAMS 0x00000000caa00000, 0x00000000caa00000| Untracked 
| 171|0x00000000cab00000, 0x00000000cab00000, 0x00000000cac00000|  0%| F|  |TAMS 0x00000000cab00000, 0x00000000cab00000| Untracked 
| 172|0x00000000cac00000, 0x00000000cac00000, 0x00000000cad00000|  0%| F|  |TAMS 0x00000000cac00000, 0x00000000cac00000| Untracked 
| 173|0x00000000cad00000, 0x00000000cad00000, 0x00000000cae00000|  0%| F|  |TAMS 0x00000000cad00000, 0x00000000cad00000| Untracked 
| 174|0x00000000cae00000, 0x00000000cae00000, 0x00000000caf00000|  0%| F|  |TAMS 0x00000000cae00000, 0x00000000cae00000| Untracked 
| 175|0x00000000caf00000, 0x00000000cb000000, 0x00000000cb000000|100%|HS|  |TAMS 0x00000000cb000000, 0x00000000caf00000| Complete 
| 176|0x00000000cb000000, 0x00000000cb100000, 0x00000000cb100000|100%|HC|  |TAMS 0x00000000cb100000, 0x00000000cb000000| Complete 
| 177|0x00000000cb100000, 0x00000000cb200000, 0x00000000cb200000|100%|HC|  |TAMS 0x00000000cb200000, 0x00000000cb100000| Complete 
| 178|0x00000000cb200000, 0x00000000cb300000, 0x00000000cb300000|100%|HC|  |TAMS 0x00000000cb300000, 0x00000000cb200000| Complete 
| 179|0x00000000cb300000, 0x00000000cb400000, 0x00000000cb400000|100%|HC|  |TAMS 0x00000000cb400000, 0x00000000cb300000| Complete 
| 180|0x00000000cb400000, 0x00000000cb500000, 0x00000000cb500000|100%|HC|  |TAMS 0x00000000cb500000, 0x00000000cb400000| Complete 
| 181|0x00000000cb500000, 0x00000000cb600000, 0x00000000cb600000|100%|HC|  |TAMS 0x00000000cb600000, 0x00000000cb500000| Complete 
| 182|0x00000000cb600000, 0x00000000cb700000, 0x00000000cb700000|100%|HC|  |TAMS 0x00000000cb700000, 0x00000000cb600000| Complete 
| 183|0x00000000cb700000, 0x00000000cb800000, 0x00000000cb800000|100%|HC|  |TAMS 0x00000000cb800000, 0x00000000cb700000| Complete 
| 184|0x00000000cb800000, 0x00000000cb800000, 0x00000000cb900000|  0%| F|  |TAMS 0x00000000cb800000, 0x00000000cb800000| Untracked 
| 185|0x00000000cb900000, 0x00000000cb900000, 0x00000000cba00000|  0%| F|  |TAMS 0x00000000cb900000, 0x00000000cb900000| Untracked 
| 186|0x00000000cba00000, 0x00000000cba00000, 0x00000000cbb00000|  0%| F|  |TAMS 0x00000000cba00000, 0x00000000cba00000| Untracked 
| 187|0x00000000cbb00000, 0x00000000cbb00000, 0x00000000cbc00000|  0%| F|  |TAMS 0x00000000cbb00000, 0x00000000cbb00000| Untracked 
| 188|0x00000000cbc00000, 0x00000000cbc00000, 0x00000000cbd00000|  0%| F|  |TAMS 0x00000000cbc00000, 0x00000000cbc00000| Untracked 
| 189|0x00000000cbd00000, 0x00000000cbd00000, 0x00000000cbe00000|  0%| F|  |TAMS 0x00000000cbd00000, 0x00000000cbd00000| Untracked 
| 190|0x00000000cbe00000, 0x00000000cbe00000, 0x00000000cbf00000|  0%| F|  |TAMS 0x00000000cbe00000, 0x00000000cbe00000| Untracked 
| 191|0x00000000cbf00000, 0x00000000cbf00000, 0x00000000cc000000|  0%| F|  |TAMS 0x00000000cbf00000, 0x00000000cbf00000| Untracked 
| 192|0x00000000cc000000, 0x00000000cc000000, 0x00000000cc100000|  0%| F|  |TAMS 0x00000000cc000000, 0x00000000cc000000| Untracked 
| 193|0x00000000cc100000, 0x00000000cc100000, 0x00000000cc200000|  0%| F|  |TAMS 0x00000000cc100000, 0x00000000cc100000| Untracked 
| 194|0x00000000cc200000, 0x00000000cc200000, 0x00000000cc300000|  0%| F|  |TAMS 0x00000000cc200000, 0x00000000cc200000| Untracked 
| 195|0x00000000cc300000, 0x00000000cc300000, 0x00000000cc400000|  0%| F|  |TAMS 0x00000000cc300000, 0x00000000cc300000| Untracked 
| 196|0x00000000cc400000, 0x00000000cc400000, 0x00000000cc500000|  0%| F|  |TAMS 0x00000000cc400000, 0x00000000cc400000| Untracked 
| 197|0x00000000cc500000, 0x00000000cc500000, 0x00000000cc600000|  0%| F|  |TAMS 0x00000000cc500000, 0x00000000cc500000| Untracked 
| 198|0x00000000cc600000, 0x00000000cc600000, 0x00000000cc700000|  0%| F|  |TAMS 0x00000000cc600000, 0x00000000cc600000| Untracked 
| 199|0x00000000cc700000, 0x00000000cc700000, 0x00000000cc800000|  0%| F|  |TAMS 0x00000000cc700000, 0x00000000cc700000| Untracked 
| 200|0x00000000cc800000, 0x00000000cc800000, 0x00000000cc900000|  0%| F|  |TAMS 0x00000000cc800000, 0x00000000cc800000| Untracked 
| 201|0x00000000cc900000, 0x00000000cc900000, 0x00000000cca00000|  0%| F|  |TAMS 0x00000000cc900000, 0x00000000cc900000| Untracked 
| 202|0x00000000cca00000, 0x00000000cca00000, 0x00000000ccb00000|  0%| F|  |TAMS 0x00000000cca00000, 0x00000000cca00000| Untracked 
| 203|0x00000000ccb00000, 0x00000000ccb00000, 0x00000000ccc00000|  0%| F|  |TAMS 0x00000000ccb00000, 0x00000000ccb00000| Untracked 
| 204|0x00000000ccc00000, 0x00000000ccc00000, 0x00000000ccd00000|  0%| F|  |TAMS 0x00000000ccc00000, 0x00000000ccc00000| Untracked 
| 205|0x00000000ccd00000, 0x00000000ccd00000, 0x00000000cce00000|  0%| F|  |TAMS 0x00000000ccd00000, 0x00000000ccd00000| Untracked 
| 206|0x00000000cce00000, 0x00000000cce00000, 0x00000000ccf00000|  0%| F|  |TAMS 0x00000000cce00000, 0x00000000cce00000| Untracked 
| 207|0x00000000ccf00000, 0x00000000ccf00000, 0x00000000cd000000|  0%| F|  |TAMS 0x00000000ccf00000, 0x00000000ccf00000| Untracked 
| 208|0x00000000cd000000, 0x00000000cd100000, 0x00000000cd100000|100%| S|CS|TAMS 0x00000000cd000000, 0x00000000cd000000| Complete 
| 209|0x00000000cd100000, 0x00000000cd200000, 0x00000000cd200000|100%| S|CS|TAMS 0x00000000cd100000, 0x00000000cd100000| Complete 
| 210|0x00000000cd200000, 0x00000000cd300000, 0x00000000cd300000|100%| S|CS|TAMS 0x00000000cd200000, 0x00000000cd200000| Complete 
| 211|0x00000000cd300000, 0x00000000cd400000, 0x00000000cd400000|100%| S|CS|TAMS 0x00000000cd300000, 0x00000000cd300000| Complete 
| 212|0x00000000cd400000, 0x00000000cd500000, 0x00000000cd500000|100%| S|CS|TAMS 0x00000000cd400000, 0x00000000cd400000| Complete 
| 213|0x00000000cd500000, 0x00000000cd600000, 0x00000000cd600000|100%| S|CS|TAMS 0x00000000cd500000, 0x00000000cd500000| Complete 
| 214|0x00000000cd600000, 0x00000000cd700000, 0x00000000cd700000|100%| S|CS|TAMS 0x00000000cd600000, 0x00000000cd600000| Complete 
| 215|0x00000000cd700000, 0x00000000cd700000, 0x00000000cd800000|  0%| F|  |TAMS 0x00000000cd700000, 0x00000000cd700000| Untracked 
| 216|0x00000000cd800000, 0x00000000cd800000, 0x00000000cd900000|  0%| F|  |TAMS 0x00000000cd800000, 0x00000000cd800000| Untracked 
| 217|0x00000000cd900000, 0x00000000cd900000, 0x00000000cda00000|  0%| F|  |TAMS 0x00000000cd900000, 0x00000000cd900000| Untracked 
| 218|0x00000000cda00000, 0x00000000cda00000, 0x00000000cdb00000|  0%| F|  |TAMS 0x00000000cda00000, 0x00000000cda00000| Untracked 
| 219|0x00000000cdb00000, 0x00000000cdb00000, 0x00000000cdc00000|  0%| F|  |TAMS 0x00000000cdb00000, 0x00000000cdb00000| Untracked 
| 220|0x00000000cdc00000, 0x00000000cdc00000, 0x00000000cdd00000|  0%| F|  |TAMS 0x00000000cdc00000, 0x00000000cdc00000| Untracked 
| 221|0x00000000cdd00000, 0x00000000cdd00000, 0x00000000cde00000|  0%| F|  |TAMS 0x00000000cdd00000, 0x00000000cdd00000| Untracked 
| 222|0x00000000cde00000, 0x00000000cde00000, 0x00000000cdf00000|  0%| F|  |TAMS 0x00000000cde00000, 0x00000000cde00000| Untracked 
| 223|0x00000000cdf00000, 0x00000000cdf00000, 0x00000000ce000000|  0%| F|  |TAMS 0x00000000cdf00000, 0x00000000cdf00000| Untracked 
| 224|0x00000000ce000000, 0x00000000ce000000, 0x00000000ce100000|  0%| F|  |TAMS 0x00000000ce000000, 0x00000000ce000000| Untracked 
| 225|0x00000000ce100000, 0x00000000ce100000, 0x00000000ce200000|  0%| F|  |TAMS 0x00000000ce100000, 0x00000000ce100000| Untracked 
| 226|0x00000000ce200000, 0x00000000ce200000, 0x00000000ce300000|  0%| F|  |TAMS 0x00000000ce200000, 0x00000000ce200000| Untracked 
| 227|0x00000000ce300000, 0x00000000ce300000, 0x00000000ce400000|  0%| F|  |TAMS 0x00000000ce300000, 0x00000000ce300000| Untracked 
| 228|0x00000000ce400000, 0x00000000ce400000, 0x00000000ce500000|  0%| F|  |TAMS 0x00000000ce400000, 0x00000000ce400000| Untracked 
| 229|0x00000000ce500000, 0x00000000ce500000, 0x00000000ce600000|  0%| F|  |TAMS 0x00000000ce500000, 0x00000000ce500000| Untracked 
| 230|0x00000000ce600000, 0x00000000ce600000, 0x00000000ce700000|  0%| F|  |TAMS 0x00000000ce600000, 0x00000000ce600000| Untracked 
| 231|0x00000000ce700000, 0x00000000ce700000, 0x00000000ce800000|  0%| F|  |TAMS 0x00000000ce700000, 0x00000000ce700000| Untracked 
| 232|0x00000000ce800000, 0x00000000ce800000, 0x00000000ce900000|  0%| F|  |TAMS 0x00000000ce800000, 0x00000000ce800000| Untracked 
| 233|0x00000000ce900000, 0x00000000ce900000, 0x00000000cea00000|  0%| F|  |TAMS 0x00000000ce900000, 0x00000000ce900000| Untracked 
| 234|0x00000000cea00000, 0x00000000cea00000, 0x00000000ceb00000|  0%| F|  |TAMS 0x00000000cea00000, 0x00000000cea00000| Untracked 
| 235|0x00000000ceb00000, 0x00000000ceb00000, 0x00000000cec00000|  0%| F|  |TAMS 0x00000000ceb00000, 0x00000000ceb00000| Untracked 
| 236|0x00000000cec00000, 0x00000000cec00000, 0x00000000ced00000|  0%| F|  |TAMS 0x00000000cec00000, 0x00000000cec00000| Untracked 
| 237|0x00000000ced00000, 0x00000000ced00000, 0x00000000cee00000|  0%| F|  |TAMS 0x00000000ced00000, 0x00000000ced00000| Untracked 
| 238|0x00000000cee00000, 0x00000000cee00000, 0x00000000cef00000|  0%| F|  |TAMS 0x00000000cee00000, 0x00000000cee00000| Untracked 
| 239|0x00000000cef00000, 0x00000000cef00000, 0x00000000cf000000|  0%| F|  |TAMS 0x00000000cef00000, 0x00000000cef00000| Untracked 
| 240|0x00000000cf000000, 0x00000000cf000000, 0x00000000cf100000|  0%| F|  |TAMS 0x00000000cf000000, 0x00000000cf000000| Untracked 
| 241|0x00000000cf100000, 0x00000000cf100000, 0x00000000cf200000|  0%| F|  |TAMS 0x00000000cf100000, 0x00000000cf100000| Untracked 
| 242|0x00000000cf200000, 0x00000000cf200000, 0x00000000cf300000|  0%| F|  |TAMS 0x00000000cf200000, 0x00000000cf200000| Untracked 
| 243|0x00000000cf300000, 0x00000000cf300000, 0x00000000cf400000|  0%| F|  |TAMS 0x00000000cf300000, 0x00000000cf300000| Untracked 
| 244|0x00000000cf400000, 0x00000000cf400000, 0x00000000cf500000|  0%| F|  |TAMS 0x00000000cf400000, 0x00000000cf400000| Untracked 
| 245|0x00000000cf500000, 0x00000000cf500000, 0x00000000cf600000|  0%| F|  |TAMS 0x00000000cf500000, 0x00000000cf500000| Untracked 
| 246|0x00000000cf600000, 0x00000000cf600000, 0x00000000cf700000|  0%| F|  |TAMS 0x00000000cf600000, 0x00000000cf600000| Untracked 
| 247|0x00000000cf700000, 0x00000000cf700000, 0x00000000cf800000|  0%| F|  |TAMS 0x00000000cf700000, 0x00000000cf700000| Untracked 
| 248|0x00000000cf800000, 0x00000000cf800000, 0x00000000cf900000|  0%| F|  |TAMS 0x00000000cf800000, 0x00000000cf800000| Untracked 
| 249|0x00000000cf900000, 0x00000000cf900000, 0x00000000cfa00000|  0%| F|  |TAMS 0x00000000cf900000, 0x00000000cf900000| Untracked 
| 250|0x00000000cfa00000, 0x00000000cfa00000, 0x00000000cfb00000|  0%| F|  |TAMS 0x00000000cfa00000, 0x00000000cfa00000| Untracked 
| 251|0x00000000cfb00000, 0x00000000cfb00000, 0x00000000cfc00000|  0%| F|  |TAMS 0x00000000cfb00000, 0x00000000cfb00000| Untracked 
| 252|0x00000000cfc00000, 0x00000000cfc00000, 0x00000000cfd00000|  0%| F|  |TAMS 0x00000000cfc00000, 0x00000000cfc00000| Untracked 
| 253|0x00000000cfd00000, 0x00000000cfd00000, 0x00000000cfe00000|  0%| F|  |TAMS 0x00000000cfd00000, 0x00000000cfd00000| Untracked 
| 254|0x00000000cfe00000, 0x00000000cfe00000, 0x00000000cff00000|  0%| F|  |TAMS 0x00000000cfe00000, 0x00000000cfe00000| Untracked 
| 255|0x00000000cff00000, 0x00000000cff00000, 0x00000000d0000000|  0%| F|  |TAMS 0x00000000cff00000, 0x00000000cff00000| Untracked 
| 256|0x00000000d0000000, 0x00000000d0000000, 0x00000000d0100000|  0%| F|  |TAMS 0x00000000d0000000, 0x00000000d0000000| Untracked 
| 257|0x00000000d0100000, 0x00000000d0100000, 0x00000000d0200000|  0%| F|  |TAMS 0x00000000d0100000, 0x00000000d0100000| Untracked 
| 258|0x00000000d0200000, 0x00000000d0200000, 0x00000000d0300000|  0%| F|  |TAMS 0x00000000d0200000, 0x00000000d0200000| Untracked 
| 259|0x00000000d0300000, 0x00000000d0358eb0, 0x00000000d0400000| 34%| E|  |TAMS 0x00000000d0300000, 0x00000000d0300000| Complete 
| 260|0x00000000d0400000, 0x00000000d0500000, 0x00000000d0500000|100%| E|CS|TAMS 0x00000000d0400000, 0x00000000d0400000| Complete 
| 261|0x00000000d0500000, 0x00000000d0600000, 0x00000000d0600000|100%| E|CS|TAMS 0x00000000d0500000, 0x00000000d0500000| Complete 

Card table byte_map: [0x000001b1b0010000,0x000001b1b0210000] _byte_map_base: 0x000001b1afa10000

Marking Bits (Prev, Next): (CMBitMap*) 0x000001b196c30058, (CMBitMap*) 0x000001b196c30098
 Prev Bits: [0x000001b1b0410000, 0x000001b1b1410000)
 Next Bits: [0x000001b1b1410000, 0x000001b1b2410000)

Polling page: 0x000001b196ab0000

Metaspace:

Usage:
  Non-class:     96.33 MB capacity,    94.37 MB ( 98%) used,     1.65 MB (  2%) free+waste,   317.63 KB ( <1%) overhead. 
      Class:     14.35 MB capacity,    13.36 MB ( 93%) used,   884.77 KB (  6%) free+waste,   135.75 KB ( <1%) overhead. 
       Both:    110.69 MB capacity,   107.72 MB ( 97%) used,     2.52 MB (  2%) free+waste,   453.38 KB ( <1%) overhead. 

Virtual space:
  Non-class space:       98.00 MB reserved,      97.00 MB ( 99%) committed 
      Class space:        1.00 GB reserved,      14.63 MB (  1%) committed 
             Both:        1.10 GB reserved,     111.63 MB ( 10%) committed 

Chunk freelists:
   Non-Class:  682.00 KB
       Class:  183.00 KB
        Both:  865.00 KB

MaxMetaspaceSize: 17179869184.00 GB
CompressedClassSpaceSize: 1.00 GB

CodeHeap 'non-profiled nmethods': size=120064Kb used=12365Kb max_used=12365Kb free=107698Kb
 bounds [0x000001b1a8390000, 0x000001b1a8fb0000, 0x000001b1af8d0000]
CodeHeap 'profiled nmethods': size=120000Kb used=41909Kb max_used=41909Kb free=78090Kb
 bounds [0x000001b1a0e60000, 0x000001b1a3760000, 0x000001b1a8390000]
CodeHeap 'non-nmethods': size=5696Kb used=2598Kb max_used=2598Kb free=3097Kb
 bounds [0x000001b1a08d0000, 0x000001b1a0b80000, 0x000001b1a0e60000]
 total_blobs=29843 nmethods=17627 adapters=965
 compilation: enabled
              stopped_count=0, restarted_count=0
 full_count=0

Compilation events (20 events):
Event: 970.247 Thread 0x000001b1b47d1000 nmethod 21865 0x000001b1a8f96c90 code [0x000001b1a8f97200, 0x000001b1a8f9e210]
Event: 970.248 Thread 0x000001b1b47d1000 21890       4       com.android.tools.r8.code.u1::a (4075 bytes)
Event: 970.275 Thread 0x000001b1b480a000 21965       2       com.android.tools.r8.code.q::<init> (7 bytes)
Event: 970.276 Thread 0x000001b1b480a000 nmethod 21965 0x000001b1a3758310 code [0x000001b1a37584e0, 0x000001b1a37587e0]
Event: 970.281 Thread 0x000001b1b480a000 21966       2       java.util.Arrays::hashCode (44 bytes)
Event: 970.281 Thread 0x000001b1b480a000 nmethod 21966 0x000001b1a3758a10 code [0x000001b1a3758bc0, 0x000001b1a3758d98]
Event: 970.302 Thread 0x000001b1b480a000 21967       2       com.android.tools.r8.code.L0::<init> (34 bytes)
Event: 970.302 Thread 0x000001b1b480a000 nmethod 21967 0x000001b1a3758e90 code [0x000001b1a3759040, 0x000001b1a37592b0]
Event: 970.303 Thread 0x000001b1b480a000 21968       2       com.android.tools.r8.code.L0::hashCode (28 bytes)
Event: 970.303 Thread 0x000001b1b480a000 nmethod 21968 0x000001b1a3759410 code [0x000001b1a37595c0, 0x000001b1a37597b0]
Event: 970.327 Thread 0x000001b1b480a000 21969       2       com.android.tools.r8.code.P::<init> (7 bytes)
Event: 970.328 Thread 0x000001b1b480a000 nmethod 21969 0x000001b1a3759890 code [0x000001b1a3759a60, 0x000001b1a3759d60]
Event: 971.122 Thread 0x000001b1b480a000 21972       2       com.android.tools.r8.code.H2::<init> (7 bytes)
Event: 971.122 Thread 0x000001b1b480a000 nmethod 21972 0x000001b1a3759f90 code [0x000001b1a375a140, 0x000001b1a375a338]
Event: 971.127 Thread 0x000001b1b480a000 21973       2       com.android.tools.r8.code.t::<init> (7 bytes)
Event: 971.128 Thread 0x000001b1b480a000 nmethod 21973 0x000001b1a375a490 code [0x000001b1a375a640, 0x000001b1a375a8b0]
Event: 971.130 Thread 0x000001b1b480a000 21974       2       com.android.tools.r8.code.r::<init> (7 bytes)
Event: 971.131 Thread 0x000001b1b480a000 nmethod 21974 0x000001b1a375aa90 code [0x000001b1a375ac40, 0x000001b1a375ae38]
Event: 971.131 Thread 0x000001b1b480a000 21975       2       com.android.tools.r8.code.O2::<init> (59 bytes)
Event: 971.133 Thread 0x000001b1b480a000 nmethod 21975 0x000001b1a375af90 code [0x000001b1a375b1a0, 0x000001b1a375b810]

GC Heap History (20 events):
Event: 816.354 GC heap before
{Heap before GC invocations=102 (full 0):
 garbage-first heap   total 225280K, used 190000K [0x00000000c0000000, 0x0000000100000000)
  region size 1024K, 53 young (54272K), 7 survivors (7168K)
 Metaspace       used 109783K, capacity 113111K, committed 113408K, reserved 1148928K
  class space    used 13643K, capacity 14731K, committed 14848K, reserved 1048576K
}
Event: 816.382 GC heap after
{Heap after GC invocations=103 (full 0):
 garbage-first heap   total 225280K, used 142035K [0x00000000c0000000, 0x0000000100000000)
  region size 1024K, 4 young (4096K), 4 survivors (4096K)
 Metaspace       used 109783K, capacity 113111K, committed 113408K, reserved 1148928K
  class space    used 13643K, capacity 14731K, committed 14848K, reserved 1048576K
}
Event: 818.342 GC heap before
{Heap before GC invocations=104 (full 0):
 garbage-first heap   total 268288K, used 203475K [0x00000000c0000000, 0x0000000100000000)
  region size 1024K, 45 young (46080K), 4 survivors (4096K)
 Metaspace       used 109852K, capacity 113110K, committed 113408K, reserved 1148928K
  class space    used 13647K, capacity 14730K, committed 14848K, reserved 1048576K
}
Event: 818.583 GC heap after
{Heap after GC invocations=105 (full 0):
 garbage-first heap   total 268288K, used 169685K [0x00000000c0000000, 0x0000000100000000)
  region size 1024K, 6 young (6144K), 6 survivors (6144K)
 Metaspace       used 109852K, capacity 113110K, committed 113408K, reserved 1148928K
  class space    used 13647K, capacity 14730K, committed 14848K, reserved 1048576K
}
Event: 919.726 GC heap before
{Heap before GC invocations=105 (full 0):
 garbage-first heap   total 268288K, used 175829K [0x00000000c0000000, 0x0000000100000000)
  region size 1024K, 13 young (13312K), 6 survivors (6144K)
 Metaspace       used 109880K, capacity 113178K, committed 113408K, reserved 1148928K
  class space    used 13649K, capacity 14731K, committed 14848K, reserved 1048576K
}
Event: 919.833 GC heap after
{Heap after GC invocations=106 (full 0):
 garbage-first heap   total 268288K, used 156442K [0x00000000c0000000, 0x0000000100000000)
  region size 1024K, 2 young (2048K), 2 survivors (2048K)
 Metaspace       used 109880K, capacity 113178K, committed 113408K, reserved 1148928K
  class space    used 13649K, capacity 14731K, committed 14848K, reserved 1048576K
}
Event: 959.703 GC heap before
{Heap before GC invocations=106 (full 0):
 garbage-first heap   total 268288K, used 203546K [0x00000000c0000000, 0x0000000100000000)
  region size 1024K, 49 young (50176K), 2 survivors (2048K)
 Metaspace       used 110055K, capacity 113387K, committed 113664K, reserved 1148928K
  class space    used 13660K, capacity 14749K, committed 14848K, reserved 1048576K
}
Event: 959.752 GC heap after
{Heap after GC invocations=107 (full 0):
 garbage-first heap   total 268288K, used 162816K [0x00000000c0000000, 0x0000000100000000)
  region size 1024K, 7 young (7168K), 7 survivors (7168K)
 Metaspace       used 110055K, capacity 113387K, committed 113664K, reserved 1148928K
  class space    used 13660K, capacity 14749K, committed 14848K, reserved 1048576K
}
Event: 963.946 GC heap before
{Heap before GC invocations=107 (full 0):
 garbage-first heap   total 268288K, used 211968K [0x00000000c0000000, 0x0000000100000000)
  region size 1024K, 55 young (56320K), 7 survivors (7168K)
 Metaspace       used 110078K, capacity 113414K, committed 113664K, reserved 1148928K
  class space    used 13663K, capacity 14755K, committed 14848K, reserved 1048576K
}
Event: 963.981 GC heap after
{Heap after GC invocations=108 (full 0):
 garbage-first heap   total 268288K, used 164595K [0x00000000c0000000, 0x0000000100000000)
  region size 1024K, 2 young (2048K), 2 survivors (2048K)
 Metaspace       used 110078K, capacity 113414K, committed 113664K, reserved 1148928K
  class space    used 13663K, capacity 14755K, committed 14848K, reserved 1048576K
}
Event: 966.794 GC heap before
{Heap before GC invocations=108 (full 0):
 garbage-first heap   total 268288K, used 213747K [0x00000000c0000000, 0x0000000100000000)
  region size 1024K, 51 young (52224K), 2 survivors (2048K)
 Metaspace       used 110172K, capacity 113544K, committed 113664K, reserved 1148928K
  class space    used 13674K, capacity 14775K, committed 14848K, reserved 1048576K
}
Event: 966.809 GC heap after
{Heap after GC invocations=109 (full 0):
 garbage-first heap   total 268288K, used 164967K [0x00000000c0000000, 0x0000000100000000)
  region size 1024K, 2 young (2048K), 2 survivors (2048K)
 Metaspace       used 110172K, capacity 113544K, committed 113664K, reserved 1148928K
  class space    used 13674K, capacity 14775K, committed 14848K, reserved 1048576K
}
Event: 968.191 GC heap before
{Heap before GC invocations=110 (full 0):
 garbage-first heap   total 268288K, used 211047K [0x00000000c0000000, 0x0000000100000000)
  region size 1024K, 53 young (54272K), 2 survivors (2048K)
 Metaspace       used 109617K, capacity 112564K, committed 113664K, reserved 1148928K
  class space    used 13555K, capacity 14546K, committed 14848K, reserved 1048576K
}
Event: 968.363 GC heap after
{Heap after GC invocations=111 (full 0):
 garbage-first heap   total 268288K, used 167060K [0x00000000c0000000, 0x0000000100000000)
  region size 1024K, 7 young (7168K), 7 survivors (7168K)
 Metaspace       used 109617K, capacity 112564K, committed 113664K, reserved 1148928K
  class space    used 13555K, capacity 14546K, committed 14848K, reserved 1048576K
}
Event: 968.454 GC heap before
{Heap before GC invocations=111 (full 0):
 garbage-first heap   total 268288K, used 173204K [0x00000000c0000000, 0x0000000100000000)
  region size 1024K, 13 young (13312K), 7 survivors (7168K)
 Metaspace       used 109617K, capacity 112564K, committed 113664K, reserved 1148928K
  class space    used 13555K, capacity 14546K, committed 14848K, reserved 1048576K
}
Event: 968.595 GC heap after
{Heap after GC invocations=112 (full 0):
 garbage-first heap   total 268288K, used 148480K [0x00000000c0000000, 0x0000000100000000)
  region size 1024K, 2 young (2048K), 2 survivors (2048K)
 Metaspace       used 109617K, capacity 112564K, committed 113664K, reserved 1148928K
  class space    used 13555K, capacity 14546K, committed 14848K, reserved 1048576K
}
Event: 969.423 GC heap before
{Heap before GC invocations=112 (full 0):
 garbage-first heap   total 268288K, used 159744K [0x00000000c0000000, 0x0000000100000000)
  region size 1024K, 13 young (13312K), 2 survivors (2048K)
 Metaspace       used 110267K, capacity 113343K, committed 114304K, reserved 1148928K
  class space    used 13676K, capacity 14697K, committed 14976K, reserved 1048576K
}
Event: 969.539 GC heap after
{Heap after GC invocations=113 (full 0):
 garbage-first heap   total 268288K, used 150016K [0x00000000c0000000, 0x0000000100000000)
  region size 1024K, 2 young (2048K), 2 survivors (2048K)
 Metaspace       used 110267K, capacity 113343K, committed 114304K, reserved 1148928K
  class space    used 13676K, capacity 14697K, committed 14976K, reserved 1048576K
}
Event: 970.382 GC heap before
{Heap before GC invocations=113 (full 0):
 garbage-first heap   total 268288K, used 194048K [0x00000000c0000000, 0x0000000100000000)
  region size 1024K, 47 young (48128K), 2 survivors (2048K)
 Metaspace       used 110307K, capacity 113343K, committed 114304K, reserved 1148928K
  class space    used 13676K, capacity 14697K, committed 14976K, reserved 1048576K
}
Event: 970.534 GC heap after
{Heap after GC invocations=114 (full 0):
 garbage-first heap   total 268288K, used 176640K [0x00000000c0000000, 0x0000000100000000)
  region size 1024K, 7 young (7168K), 7 survivors (7168K)
 Metaspace       used 110307K, capacity 113343K, committed 114304K, reserved 1148928K
  class space    used 13676K, capacity 14697K, committed 14976K, reserved 1048576K
}

Deoptimization events (20 events):
Event: 968.889 Thread 0x000001b1b6cd4800 Uncommon trap: reason=unstable_if action=reinterpret pc=0x000001b1a8564fb0 method=java.util.Arrays.hashCode([Ljava/lang/Object;)I @ 1 c2
Event: 968.889 Thread 0x000001b1b6cdb000 Uncommon trap: reason=unstable_if action=reinterpret pc=0x000001b1a8564fb0 method=java.util.Arrays.hashCode([Ljava/lang/Object;)I @ 1 c2
Event: 968.889 Thread 0x000001b1b6cdb000 DEOPT PACKING pc=0x000001b1a8564fb0 sp=0x0000001008ffea00
Event: 968.889 Thread 0x000001b1b6cd4800 DEOPT PACKING pc=0x000001b1a8564fb0 sp=0x0000001008efe920
Event: 968.889 Thread 0x000001b1b6cdb000 DEOPT UNPACKING pc=0x000001b1a091942f sp=0x0000001008ffe970 mode 2
Event: 968.889 Thread 0x000001b1b6cd4800 DEOPT UNPACKING pc=0x000001b1a091942f sp=0x0000001008efe890 mode 2
Event: 968.904 Thread 0x000001b1b6cd4800 DEOPT PACKING pc=0x000001b1a31eb5bf sp=0x0000001008efe8d0
Event: 968.904 Thread 0x000001b1b6cd4800 DEOPT UNPACKING pc=0x000001b1a091994e sp=0x0000001008efdd50 mode 0
Event: 968.926 Thread 0x000001b1b6cdb000 DEOPT PACKING pc=0x000001b1a31eb5bf sp=0x0000001008ffe9e0
Event: 968.926 Thread 0x000001b1b6cdb000 DEOPT UNPACKING pc=0x000001b1a091994e sp=0x0000001008ffde50 mode 0
Event: 969.008 Thread 0x000001b1b6cdb000 DEOPT PACKING pc=0x000001b1a31eb5bf sp=0x0000001008ffea80
Event: 969.008 Thread 0x000001b1b6cdb000 DEOPT UNPACKING pc=0x000001b1a091994e sp=0x0000001008ffdef0 mode 0
Event: 969.374 Thread 0x000001b1b6cd4800 Uncommon trap: trap_request=0xffffff45 fr.pc=0x000001b1a8f95700 relative=0x0000000000001240
Event: 969.374 Thread 0x000001b1b6cd4800 Uncommon trap: reason=unstable_if action=reinterpret pc=0x000001b1a8f95700 method=com.android.tools.r8.dex.n.i()Lcom/android/tools/r8/graph/h0; @ 56 c2
Event: 969.374 Thread 0x000001b1b6cd4800 DEOPT PACKING pc=0x000001b1a8f95700 sp=0x0000001008efe960
Event: 969.374 Thread 0x000001b1b6cd4800 DEOPT UNPACKING pc=0x000001b1a091942f sp=0x0000001008efe950 mode 2
Event: 969.392 Thread 0x000001b1b6cd4800 Uncommon trap: trap_request=0xffffff45 fr.pc=0x000001b1a8e89a38 relative=0x0000000000000558
Event: 969.392 Thread 0x000001b1b6cd4800 Uncommon trap: reason=unstable_if action=reinterpret pc=0x000001b1a8e89a38 method=com.android.tools.r8.graph.c0.computeEquals(Ljava/lang/Object;)Z @ 37 c2
Event: 969.393 Thread 0x000001b1b6cd4800 DEOPT PACKING pc=0x000001b1a8e89a38 sp=0x0000001008efe950
Event: 969.393 Thread 0x000001b1b6cd4800 DEOPT UNPACKING pc=0x000001b1a091942f sp=0x0000001008efe820 mode 2

Classes unloaded (20 events):
Event: 967.225 Thread 0x000001b1b47a0000 Unloading class 0x0000000800c9b040 'java/lang/invoke/LambdaForm$MH'
Event: 967.225 Thread 0x000001b1b47a0000 Unloading class 0x0000000800c9bc40 'java/lang/invoke/LambdaForm$MH'
Event: 967.225 Thread 0x000001b1b47a0000 Unloading class 0x0000000800c9b840 'java/lang/invoke/LambdaForm$MH'
Event: 967.225 Thread 0x000001b1b47a0000 Unloading class 0x0000000800c9c440 'java/lang/invoke/LambdaForm$MH'
Event: 967.225 Thread 0x000001b1b47a0000 Unloading class 0x0000000800c9c040 'java/lang/invoke/LambdaForm$MH'
Event: 967.225 Thread 0x000001b1b47a0000 Unloading class 0x0000000800c9cc40 'java/lang/invoke/LambdaForm$BMH'
Event: 967.225 Thread 0x000001b1b47a0000 Unloading class 0x0000000800c9e440 'java/lang/invoke/LambdaForm$MH'
Event: 967.225 Thread 0x000001b1b47a0000 Unloading class 0x0000000800c9e040 'java/lang/invoke/LambdaForm$MH'
Event: 967.225 Thread 0x000001b1b47a0000 Unloading class 0x0000000800c9ec40 'java/lang/invoke/LambdaForm$MH'
Event: 967.225 Thread 0x000001b1b47a0000 Unloading class 0x0000000800c9e840 'java/lang/invoke/LambdaForm$MH'
Event: 967.225 Thread 0x000001b1b47a0000 Unloading class 0x0000000800c9f440 'java/lang/invoke/LambdaForm$MH'
Event: 967.225 Thread 0x000001b1b47a0000 Unloading class 0x0000000800c9f040 'java/lang/invoke/LambdaForm$BMH'
Event: 967.225 Thread 0x000001b1b47a0000 Unloading class 0x0000000800c81440 'jdk/internal/reflect/GeneratedSerializationConstructorAccessor2'
Event: 967.225 Thread 0x000001b1b47a0000 Unloading class 0x0000000800c68840 'java/lang/invoke/LambdaForm$DMH'
Event: 967.225 Thread 0x000001b1b47a0000 Unloading class 0x0000000800c45440 'java/lang/invoke/LambdaForm$DMH'
Event: 967.225 Thread 0x000001b1b47a0000 Unloading class 0x0000000800c45c40 'java/lang/invoke/LambdaForm$MH'
Event: 967.225 Thread 0x000001b1b47a0000 Unloading class 0x0000000800c45840 'java/lang/invoke/LambdaForm$MH'
Event: 967.225 Thread 0x000001b1b47a0000 Unloading class 0x0000000800c46440 'java/lang/invoke/LambdaForm$MH'
Event: 967.225 Thread 0x000001b1b47a0000 Unloading class 0x0000000800c46c40 'java/lang/invoke/LambdaForm$MH'
Event: 967.225 Thread 0x000001b1b47a0000 Unloading class 0x0000000800c47840 'java/lang/invoke/LambdaForm$MH'

Classes redefined (0 events):
No events

Internal exceptions (20 events):
Event: 812.277 Thread 0x000001b1b6cd3000 Exception <a 'sun/nio/fs/WindowsException'{0x00000000cd1d0998}> (0x00000000cd1d0998) 
thrown [t:/workspace/open/src/hotspot/share/prims/jni.cpp, line 598]
Event: 812.285 Thread 0x000001b1b6cd3000 Exception <a 'sun/nio/fs/WindowsException'{0x00000000cd1dbd10}> (0x00000000cd1dbd10) 
thrown [t:/workspace/open/src/hotspot/share/prims/jni.cpp, line 598]
Event: 814.560 Thread 0x000001b1b906d000 Exception <a 'java/lang/NoSuchMethodError'{0x00000000cbf32c70}: static Lcom/android/build/gradle/internal/tasks/DexMergingParams;.<clinit>()V> (0x00000000cbf32c70) 
thrown [t:/workspace/open/src/hotspot/share/prims/jni.cpp, line 1347]
Event: 816.244 Thread 0x000001b1b6cd0800 Exception <a 'sun/nio/fs/WindowsException'{0x00000000cb165a48}> (0x00000000cb165a48) 
thrown [t:/workspace/open/src/hotspot/share/prims/jni.cpp, line 598]
Event: 819.721 Thread 0x000001b1b6cd0800 Exception <a 'java/lang/OutOfMemoryError'{0x00000000d01ddf08}: unable to create native thread: possibly out of memory or process/resource limits reached> (0x00000000d01ddf08) 
thrown [t:/workspace/open/src/hotspot/share/prims/jvm.cpp, line 2800]
Event: 919.995 Thread 0x000001b1b906d000 Exception <a 'sun/nio/fs/WindowsException'{0x00000000d04b6ba8}> (0x00000000d04b6ba8) 
thrown [t:/workspace/open/src/hotspot/share/prims/jni.cpp, line 598]
Event: 965.093 Thread 0x000001b1b6cd8800 Exception <a 'sun/nio/fs/WindowsException'{0x00000000cf631d78}> (0x00000000cf631d78) 
thrown [t:/workspace/open/src/hotspot/share/prims/jni.cpp, line 598]
Event: 965.094 Thread 0x000001b1b6cd8800 Exception <a 'sun/nio/fs/WindowsException'{0x00000000cf632660}> (0x00000000cf632660) 
thrown [t:/workspace/open/src/hotspot/share/prims/jni.cpp, line 598]
Event: 965.094 Thread 0x000001b1b6cd8800 Exception <a 'sun/nio/fs/WindowsException'{0x00000000cf632fc8}> (0x00000000cf632fc8) 
thrown [t:/workspace/open/src/hotspot/share/prims/jni.cpp, line 598]
Event: 965.099 Thread 0x000001b1b6cd8800 Exception <a 'sun/nio/fs/WindowsException'{0x00000000cf638f78}> (0x00000000cf638f78) 
thrown [t:/workspace/open/src/hotspot/share/prims/jni.cpp, line 598]
Event: 965.099 Thread 0x000001b1b6cd8800 Exception <a 'sun/nio/fs/WindowsException'{0x00000000cf6398a0}> (0x00000000cf6398a0) 
thrown [t:/workspace/open/src/hotspot/share/prims/jni.cpp, line 598]
Event: 965.133 Thread 0x000001b1b6cd8800 Exception <a 'sun/nio/fs/WindowsException'{0x00000000cf63a248}> (0x00000000cf63a248) 
thrown [t:/workspace/open/src/hotspot/share/prims/jni.cpp, line 598]
Event: 965.143 Thread 0x000001b1b6cd8800 Exception <a 'sun/nio/fs/WindowsException'{0x00000000cf63bb80}> (0x00000000cf63bb80) 
thrown [t:/workspace/open/src/hotspot/share/prims/jni.cpp, line 598]
Event: 965.143 Thread 0x000001b1b6cd8800 Exception <a 'sun/nio/fs/WindowsException'{0x00000000cf63c4b8}> (0x00000000cf63c4b8) 
thrown [t:/workspace/open/src/hotspot/share/prims/jni.cpp, line 598]
Event: 965.143 Thread 0x000001b1b6cd8800 Exception <a 'sun/nio/fs/WindowsException'{0x00000000cf63ce70}> (0x00000000cf63ce70) 
thrown [t:/workspace/open/src/hotspot/share/prims/jni.cpp, line 598]
Event: 967.563 Thread 0x000001b1b6cda000 Exception <a 'sun/nio/fs/WindowsException'{0x00000000cffc3508}> (0x00000000cffc3508) 
thrown [t:/workspace/open/src/hotspot/share/prims/jni.cpp, line 598]
Event: 968.068 Thread 0x000001b1b6cda000 Implicit null exception at 0x000001b1a8f78020 to 0x000001b1a8f792b6
Event: 968.889 Thread 0x000001b1b6cdb000 Implicit null exception at 0x000001b1a8564eaf to 0x000001b1a8564fa2
Event: 968.889 Thread 0x000001b1b6cd4800 Implicit null exception at 0x000001b1a8564eaf to 0x000001b1a8564fa2
Event: 968.892 Thread 0x000001b1b6cd4800 Exception <a 'java/lang/NoSuchMethodError'{0x00000000d0342610}: 'long java.lang.invoke.DirectMethodHandle$Holder.invokeStatic(java.lang.Object, java.lang.Object, java.lang.Object)'> (0x00000000d0342610) 
thrown [t:/workspace/open/src/hotspot/share/interpreter/linkResolver.cpp, line 767]

Events (20 events):
Event: 968.892 loading class com/android/tools/r8/graph/b0 done
Event: 968.900 Executing VM operation: RevokeBias
Event: 968.904 Executing VM operation: RevokeBias done
Event: 968.904 Executing VM operation: RevokeBias
Event: 968.904 Executing VM operation: RevokeBias done
Event: 968.907 Executing VM operation: RevokeBias
Event: 968.909 loading class com/android/tools/r8/graph/H$e
Event: 968.909 loading class com/android/tools/r8/graph/H$e done
Event: 968.910 Executing VM operation: RevokeBias done
Event: 968.911 loading class com/android/tools/r8/graph/H$e
Event: 968.911 loading class com/android/tools/r8/graph/H$e done
Event: 969.053 loading class com/android/tools/r8/v/a/a/a/f/r
Event: 969.053 loading class com/android/tools/r8/v/a/a/a/f/r done
Event: 969.056 loading class com/android/tools/r8/v/a/a/a/f/b
Event: 969.056 loading class com/android/tools/r8/v/a/a/a/f/b done
Event: 969.423 Executing VM operation: G1CollectForAllocation
Event: 969.580 Executing VM operation: G1CollectForAllocation done
Event: 970.382 Executing VM operation: G1CollectForAllocation
Event: 970.652 Executing VM operation: G1CollectForAllocation done
Event: 971.139 Executing VM operation: G1Concurrent


Dynamic libraries:
0x00007ff70a000000 - 0x00007ff70a00f000 	C:\Program Files\Java\jdk-13.0.2\bin\java.exe
0x00007ff9f88b0000 - 0x00007ff9f8a9d000 	C:\Windows\SYSTEM32\ntdll.dll
0x00007ff9f5ad0000 - 0x00007ff9f5b83000 	C:\Windows\System32\KERNEL32.DLL
0x00007ff9f4d00000 - 0x00007ff9f4f95000 	C:\Windows\System32\KERNELBASE.dll
0x00007ff9f4a40000 - 0x00007ff9f4b3a000 	C:\Windows\System32\ucrtbase.dll
0x00007ff9eb520000 - 0x00007ff9eb535000 	C:\Program Files\Java\jdk-13.0.2\bin\VCRUNTIME140.dll
0x00007ff9ebaa0000 - 0x00007ff9ebab8000 	C:\Program Files\Java\jdk-13.0.2\bin\jli.dll
0x00007ff9f7be0000 - 0x00007ff9f7c83000 	C:\Windows\System32\ADVAPI32.dll
0x00007ff9f82a0000 - 0x00007ff9f833e000 	C:\Windows\System32\msvcrt.dll
0x00007ff9f7980000 - 0x00007ff9f7a1e000 	C:\Windows\System32\sechost.dll
0x00007ff9f8470000 - 0x00007ff9f8592000 	C:\Windows\System32\RPCRT4.dll
0x00007ff9f77e0000 - 0x00007ff9f7977000 	C:\Windows\System32\USER32.dll
0x00007ff9f4ce0000 - 0x00007ff9f4d00000 	C:\Windows\System32\win32u.dll
0x00007ff9f8240000 - 0x00007ff9f8269000 	C:\Windows\System32\GDI32.dll
0x00007ff9f4b40000 - 0x00007ff9f4cd9000 	C:\Windows\System32\gdi32full.dll
0x00007ff9f5740000 - 0x00007ff9f57e0000 	C:\Windows\System32\msvcp_win.dll
0x00007ff9e1f10000 - 0x00007ff9e2189000 	C:\Windows\WinSxS\amd64_microsoft.windows.common-controls_6595b64144ccf1df_6.0.17763.1217_none_de6e4304534e0ad3\COMCTL32.dll
0x00007ff9f5fb0000 - 0x00007ff9f62dc000 	C:\Windows\System32\combase.dll
0x00007ff9f5a20000 - 0x00007ff9f5a9e000 	C:\Windows\System32\bcryptPrimitives.dll
0x00007ff9f0370000 - 0x00007ff9f037a000 	C:\Windows\SYSTEM32\VERSION.dll
0x00007ff9f8270000 - 0x00007ff9f829e000 	C:\Windows\System32\IMM32.DLL
0x00007ff9eb1e0000 - 0x00007ff9eb27b000 	C:\Program Files\Java\jdk-13.0.2\bin\msvcp140.dll
0x00007ff9c7330000 - 0x00007ff9c7e8d000 	C:\Program Files\Java\jdk-13.0.2\bin\server\jvm.dll
0x00007ff9f2940000 - 0x00007ff9f2949000 	C:\Windows\SYSTEM32\WSOCK32.dll
0x00007ff9f85a0000 - 0x00007ff9f85a8000 	C:\Windows\System32\PSAPI.DLL
0x00007ff9f85b0000 - 0x00007ff9f861d000 	C:\Windows\System32\WS2_32.dll
0x00007ff9f28e0000 - 0x00007ff9f2904000 	C:\Windows\SYSTEM32\WINMM.dll
0x00007ff9f28b0000 - 0x00007ff9f28dd000 	C:\Windows\SYSTEM32\WINMMBASE.dll
0x00007ff9f56f0000 - 0x00007ff9f573a000 	C:\Windows\System32\cfgmgr32.dll
0x00007ff9f4920000 - 0x00007ff9f4931000 	C:\Windows\System32\kernel.appcore.dll
0x00007ff9f2970000 - 0x00007ff9f2980000 	C:\Program Files\Java\jdk-13.0.2\bin\verify.dll
0x00007ff9e3a50000 - 0x00007ff9e3c3d000 	C:\Windows\SYSTEM32\DBGHELP.DLL
0x00007ff9e3a20000 - 0x00007ff9e3a4a000 	C:\Windows\SYSTEM32\dbgcore.DLL
0x00007ff9eb0e0000 - 0x00007ff9eb106000 	C:\Program Files\Java\jdk-13.0.2\bin\java.dll
0x00007ff9eb500000 - 0x00007ff9eb517000 	C:\Program Files\Java\jdk-13.0.2\bin\zip.dll
0x00007ff9f1450000 - 0x00007ff9f145a000 	C:\Program Files\Java\jdk-13.0.2\bin\jimage.dll
0x00007ff9f62e0000 - 0x00007ff9f77d4000 	C:\Windows\System32\SHELL32.dll
0x00007ff9f87d0000 - 0x00007ff9f8878000 	C:\Windows\System32\shcore.dll
0x00007ff9f4fa0000 - 0x00007ff9f56ee000 	C:\Windows\System32\windows.storage.dll
0x00007ff9f4940000 - 0x00007ff9f4964000 	C:\Windows\System32\profapi.dll
0x00007ff9f48c0000 - 0x00007ff9f491d000 	C:\Windows\System32\powrprof.dll
0x00007ff9f5c90000 - 0x00007ff9f5ce2000 	C:\Windows\System32\shlwapi.dll
0x00007ff9f4970000 - 0x00007ff9f4987000 	C:\Windows\System32\cryptsp.dll
0x00007ff9eb460000 - 0x00007ff9eb479000 	C:\Program Files\Java\jdk-13.0.2\bin\net.dll
0x00007ff9e8990000 - 0x00007ff9e8a82000 	C:\Windows\SYSTEM32\WINHTTP.dll
0x00007ff9f40c0000 - 0x00007ff9f4127000 	C:\Windows\system32\mswsock.dll
0x00007ff9eb2f0000 - 0x00007ff9eb303000 	C:\Program Files\Java\jdk-13.0.2\bin\nio.dll
0x00007ff9eb3b0000 - 0x00007ff9eb3d6000 	C:\Users\ELCOT\.gradle\caches\gradle-6.5\native\31\windows-amd64\native-platform.dll
0x00007ff9ee760000 - 0x00007ff9ee769000 	C:\Program Files\Java\jdk-13.0.2\bin\management.dll
0x00007ff9edb70000 - 0x00007ff9edb7b000 	C:\Program Files\Java\jdk-13.0.2\bin\management_ext.dll
0x00007ff9f3bf0000 - 0x00007ff9f3c23000 	C:\Windows\system32\rsaenh.dll
0x00007ff9f5aa0000 - 0x00007ff9f5ac6000 	C:\Windows\System32\bcrypt.dll
0x00007ff9f47a0000 - 0x00007ff9f47c8000 	C:\Windows\SYSTEM32\USERENV.dll
0x00007ff9f4240000 - 0x00007ff9f424c000 	C:\Windows\SYSTEM32\CRYPTBASE.dll
0x00007ff9f3df0000 - 0x00007ff9f3e2d000 	C:\Windows\SYSTEM32\IPHLPAPI.DLL
0x00007ff9f5cf0000 - 0x00007ff9f5cf8000 	C:\Windows\System32\NSI.dll
0x00007ff9ec560000 - 0x00007ff9ec576000 	C:\Windows\SYSTEM32\dhcpcsvc6.DLL
0x00007ff9ec540000 - 0x00007ff9ec55c000 	C:\Windows\SYSTEM32\dhcpcsvc.DLL
0x00007ff9f3e40000 - 0x00007ff9f3f07000 	C:\Windows\SYSTEM32\DNSAPI.dll
0x00007ff9d0a40000 - 0x00007ff9d0bd9000 	C:\Program Files\Java\jdk-13.0.2\bin\awt.dll
0x00007ff9f5d00000 - 0x00007ff9f5dc4000 	C:\Windows\System32\OLEAUT32.dll
0x00007ff9f2b00000 - 0x00007ff9f2b8c000 	C:\Windows\SYSTEM32\apphelp.dll
0x00007ff9f2ef0000 - 0x00007ff9f2f1e000 	C:\Windows\system32\DWMAPI.DLL
0x00007ff9f57e0000 - 0x00007ff9f59bc000 	C:\Windows\System32\CRYPT32.dll
0x00007ff9f48a0000 - 0x00007ff9f48b2000 	C:\Windows\System32\MSASN1.dll
0x00007ff9f2e00000 - 0x00007ff9f2e9c000 	C:\Windows\system32\uxtheme.dll

dbghelp: loaded successfully - version: 4.0.5 - missing functions: none
symbol engine: initialized successfully - sym options: 0x614 - pdb path: .;C:\Program Files\Java\jdk-13.0.2\bin;C:\Windows\SYSTEM32;C:\Windows\WinSxS\amd64_microsoft.windows.common-controls_6595b64144ccf1df_6.0.17763.1217_none_de6e4304534e0ad3;C:\Program Files\Java\jdk-13.0.2\bin\server;C:\Users\ELCOT\.gradle\caches\gradle-6.5\native\31\windows-amd64

VM Arguments:
jvm_args: --add-opens=java.base/java.util=ALL-UNNAMED --add-opens=java.base/java.lang=ALL-UNNAMED --add-opens=java.base/java.lang.invoke=ALL-UNNAMED --add-opens=java.prefs/java.util.prefs=ALL-UNNAMED -Xmx1024m -Dfile.encoding=windows-1252 -Duser.country=IN -Duser.language=en -Duser.variant 
java_command: org.gradle.launcher.daemon.bootstrap.GradleDaemon 6.1.1
java_class_path (initial): C:\Users\ELCOT\.gradle\caches\gradle-6.5\wrapper\dists\gradle-6.1.1-all\cfmwm155h49vnt3hynmlrsdst\gradle-6.1.1\lib\gradle-launcher-6.1.1.jar
Launcher Type: SUN_STANDARD

[Global flags]
     intx CICompilerCount                          = 2                                         {product} {ergonomic}
     uint ConcGCThreads                            = 1                                         {product} {ergonomic}
     uint G1ConcRefinementThreads                  = 2                                         {product} {ergonomic}
   size_t G1HeapRegionSize                         = 1048576                                   {product} {ergonomic}
    uintx GCDrainStackTargetSize                   = 64                                        {product} {ergonomic}
   size_t InitialHeapSize                          = 65011712                                  {product} {ergonomic}
   size_t MarkStackSize                            = 4194304                                   {product} {ergonomic}
   size_t MaxHeapSize                              = 1073741824                                {product} {command line}
   size_t MaxNewSize                               = 643825664                                 {product} {ergonomic}
   size_t MinHeapDeltaBytes                        = 1048576                                   {product} {ergonomic}
   size_t MinHeapSize                              = 8388608                                   {product} {ergonomic}
    uintx NonNMethodCodeHeapSize                   = 5826188                                {pd product} {ergonomic}
    uintx NonProfiledCodeHeapSize                  = 122916026                              {pd product} {ergonomic}
    uintx ProfiledCodeHeapSize                     = 122916026                              {pd product} {ergonomic}
    uintx ReservedCodeCacheSize                    = 251658240                              {pd product} {ergonomic}
     bool SegmentedCodeCache                       = true                                      {product} {ergonomic}
   size_t SoftMaxHeapSize                          = 1073741824                             {manageable} {ergonomic}
     bool UseCompressedClassPointers               = true                                 {lp64_product} {ergonomic}
     bool UseCompressedOops                        = true                                 {lp64_product} {ergonomic}
     bool UseG1GC                                  = true                                      {product} {ergonomic}
     bool UseLargePagesIndividualAllocation        = false                                  {pd product} {ergonomic}

Logging:
Log output configuration:
 #0: stdout all=warning uptime,level,tags
 #1: stderr all=off uptime,level,tags

Environment Variables:
JAVA_HOME=C:\Program Files\Android\Android Studio\jre
PATH=C:\Program Files\AdoptOpenJDK\jdk-11.0.7.10-hotspot\bin;C:\Program Files (x86)\Common Files\Oracle\Java\javapath;C:\MinGW\bin;C:\Windows\system32;C:\Windows;C:\Windows\System32\Wbem;C:\Windows\System32\WindowsPowerShell\v1.0\;C:\Windows\System32\OpenSSH\;C:\Program Files\nodejs\;C:\Users\ELCOT\Downloads\python-3.8.2;C:\Program Files\Dart\dart-sdk\bin;C:\drivers\chromedriver_win32.zip;C:\src\flutter\flutter_windows_v1.12.13+hotfix.9-stable\flutter\bin;C:\Program Files (x86)\Android\android-sdk\platforms\platform-tools;C:\Program Files (x86)\Android\android-sdk\platform-tools\api;C:\Downloads\installer_r16-windows.exe;C:\ProgramData\Microsoft\Windows\Start Menu\Programs\Android SDK Tools;D:\kishoreAndroid\Android\Android Studio\bin;D:\kishoreAndroid\Android\Android Studio;C:\ProgramData\Microsoft\Windows\Start Menu\Programs\Visual Studio Emulator for Android.lnk;C:\Downloads\vs_emulatorsetup.exe;C:\Program Files (x86)\Android\android-sdk\SDK Manager;D:\Kishore\platforms;C:\Users\ELCOT\AppData\Local\Programs\Python\Python38\Scripts\;C:\Users\;C:\Program Files\Android\Android Studio\jre;C:\Program Files\Java\jdk-13.0.2\bin;C:\Program Files\Java\jre1.8.0_251\bin;C:\Program Files (x86)\Android\platform-tools;C:\Downloads\python-3.8.2.exe;C:\Program Files\dotnet\;C:\Program Files\Microsoft SQL Server\130\Tools\Binn\;C:\Program Files\Microsoft SQL Server\Client SDK\ODBC\170\Tools\Binn\;D:\Git\cmd;C:\Users\ELCOT\AppData\Roaming\npm;D:\modelsim_ase\win32aloem;C:\Users\ELCOT\AppData\Local\Programs\Python\Python39\Scripts\;C:\Users\ELCOT\AppData\Local\Programs\Python\Python39\;C:\Users\ELCOT\AppData\Local\ValidatorBuddy;C:\Users\ELCOT\AppData\Local\Programs\Python\Python38;C:\src\flutter\bin;D:\Heroku\bin;D:\Microsoft VS Code\bin;C:\Users\ELCOT\AppData\Roaming\npm\node_modules\firebase\node_modules\protobufjs\bin;
USERNAME=ELCOT
OS=Windows_NT
PROCESSOR_IDENTIFIER=AMD64 Family 21 Model 112 Stepping 0, AuthenticAMD



---------------  S Y S T E M  ---------------

OS: Windows 10 , 64 bit Build 17763 (10.0.17763.1158)
HyperV virtualization detected

CPU:total 2 (initial active 2) (2 cores per cpu, 1 threads per core) family 21 model 112 stepping 0, cmov, cx8, fxsr, mmx, sse, sse2, sse3, ssse3, sse4.1, sse4.2, popcnt, avx, avx2, aes, clmul, mmxext, 3dnowpref, lzcnt, sse4a, tsc, tscinvbit, tscinv, bmi1, bmi2, fma

Memory: 4k page, system-wide physical 3935M (388M free)
TotalPageFile size 5322M (AvailPageFile size 20M)
current process WorkingSet (physical memory assigned to process): 537M, peak: 560M
current process commit charge ("private bytes"): 611M, peak: 646M

vm_info: Java HotSpot(TM) 64-Bit Server VM (13.0.2+8) for windows-amd64 JRE (13.0.2+8), built on Dec 11 2019 09:20:33 by "mach5one" with unknown MS VC++:1916

END.
