#
# There is insufficient memory for the Java Runtime Environment to continue.
# Native memory allocation (malloc) failed to allocate 32744 bytes for ChunkPool::allocate
# Possible reasons:
#   The system is out of physical RAM or swap space
#   The process is running with CompressedOops enabled, and the Java Heap may be blocking the growth of the native heap
# Possible solutions:
#   Reduce memory load on the system
#   Increase physical memory or swap space
#   Check if swap backing store is full
#   Decrease Java heap size (-Xmx/-Xms)
#   Decrease number of Java threads
#   Decrease Java thread stack sizes (-Xss)
#   Set larger code cache with -XX:ReservedCodeCacheSize=
#   JVM is running with Unscaled Compressed Oops mode in which the Java heap is
#     placed in the first 4GB address space. The Java Heap base address is the
#     maximum limit for the native heap growth. Please use -XX:HeapBaseMinAddress
#     to set the Java Heap base and to place the Java Heap above 4GB virtual address.
# This output file may be truncated or incomplete.
#
#  Out of Memory Error (t:/workspace/open/src/hotspot/share/memory/arena.cpp:80), pid=3616, tid=1736
#
# JRE version: Java(TM) SE Runtime Environment (13.0.2+8) (build 13.0.2+8)
# Java VM: Java HotSpot(TM) 64-Bit Server VM (13.0.2+8, mixed mode, sharing, tiered, compressed oops, g1 gc, windows-amd64)
# No core dump will be written. Minidumps are not enabled by default on client versions of Windows
#

---------------  S U M M A R Y ------------

Command Line: --add-opens=java.base/java.util=ALL-UNNAMED --add-opens=java.base/java.lang=ALL-UNNAMED --add-opens=java.base/java.lang.invoke=ALL-UNNAMED --add-opens=java.prefs/java.util.prefs=ALL-UNNAMED -Xmx1024m -Dfile.encoding=windows-1252 -Duser.country=IN -Duser.language=en -Duser.variant org.gradle.launcher.daemon.bootstrap.GradleDaemon 6.1.1

Host: AMD PRO A4-4350B R4, 5 COMPUTE CORES 2C+3G     , 2 cores, 3G,  Windows 10 , 64 bit Build 17763 (10.0.17763.1158)
Time: Wed Sep 16 22:48:24 2020 Pacific Daylight Time elapsed time: 92 seconds (0d 0h 1m 32s)

---------------  T H R E A D  ---------------

Current thread (0x0000015ee36dd000):  JavaThread "C2 CompilerThread0" daemon [_thread_in_native, id=1736, stack(0x0000001d48100000,0x0000001d48200000)]


Current CompileTask:
C2:  92843 11828   !   4       java.io.ObjectOutputStream::writeObject0 (620 bytes)

Stack: [0x0000001d48100000,0x0000001d48200000]
Native frames: (J=compiled Java code, j=interpreted, Vv=VM code, C=native code)
V  [jvm.dll+0x624f9a]
V  [jvm.dll+0x770cfa]
V  [jvm.dll+0x7724af]
V  [jvm.dll+0x772ab3]
V  [jvm.dll+0x24bf08]
V  [jvm.dll+0xc2076]
V  [jvm.dll+0xc23cc]
V  [jvm.dll+0x361648]
V  [jvm.dll+0x360be1]
V  [jvm.dll+0x360c24]
V  [jvm.dll+0x52a576]
V  [jvm.dll+0x52a334]
V  [jvm.dll+0x327832]
V  [jvm.dll+0x326bda]
V  [jvm.dll+0x205c27]
V  [jvm.dll+0x204e3f]
V  [jvm.dll+0x189c2c]
V  [jvm.dll+0x213e6d]
V  [jvm.dll+0x2120bb]
V  [jvm.dll+0x736bb6]
V  [jvm.dll+0x72fcaa]
V  [jvm.dll+0x623ea6]
C  [ucrtbase.dll+0x21ffa]
C  [KERNEL32.DLL+0x17974]
C  [ntdll.dll+0x6a271]


---------------  P R O C E S S  ---------------

Threads class SMR info:
_java_thread_list=0x0000015ee8fc5630, length=25, elements={
0x0000015ec5aff800, 0x0000015ee36b9000, 0x0000015ee36bd000, 0x0000015ee36d9000,
0x0000015ee36db800, 0x0000015ee36dd000, 0x0000015ee36e3000, 0x0000015ee374b800,
0x0000015ee412c000, 0x0000015ee412d800, 0x0000015ee563f800, 0x0000015ee4fb1800,
0x0000015ee44b2800, 0x0000015ee57d1800, 0x0000015ee3739000, 0x0000015ee5160800,
0x0000015ee4c50000, 0x0000015ee4c51000, 0x0000015ee4c4f800, 0x0000015ee4c4e800,
0x0000015ee9027000, 0x0000015ee9028000, 0x0000015ee9682800, 0x0000015ee9680800,
0x0000015ee9684000
}

Java Threads: ( => current thread )
  0x0000015ec5aff800 JavaThread "main" [_thread_blocked, id=4628, stack(0x0000001d47600000,0x0000001d47700000)]
  0x0000015ee36b9000 JavaThread "Reference Handler" daemon [_thread_blocked, id=1008, stack(0x0000001d47d00000,0x0000001d47e00000)]
  0x0000015ee36bd000 JavaThread "Finalizer" daemon [_thread_blocked, id=6580, stack(0x0000001d47e00000,0x0000001d47f00000)]
  0x0000015ee36d9000 JavaThread "Signal Dispatcher" daemon [_thread_blocked, id=3548, stack(0x0000001d47f00000,0x0000001d48000000)]
  0x0000015ee36db800 JavaThread "Attach Listener" daemon [_thread_blocked, id=1036, stack(0x0000001d48000000,0x0000001d48100000)]
=>0x0000015ee36dd000 JavaThread "C2 CompilerThread0" daemon [_thread_in_native, id=1736, stack(0x0000001d48100000,0x0000001d48200000)]
  0x0000015ee36e3000 JavaThread "C1 CompilerThread0" daemon [_thread_blocked, id=6348, stack(0x0000001d48200000,0x0000001d48300000)]
  0x0000015ee374b800 JavaThread "Sweeper thread" daemon [_thread_blocked, id=5664, stack(0x0000001d48300000,0x0000001d48400000)]
  0x0000015ee412c000 JavaThread "Common-Cleaner" daemon [_thread_blocked, id=5384, stack(0x0000001d48400000,0x0000001d48500000)]
  0x0000015ee412d800 JavaThread "Service Thread" daemon [_thread_blocked, id=7248, stack(0x0000001d48500000,0x0000001d48600000)]
  0x0000015ee563f800 JavaThread "Daemon health stats" [_thread_blocked, id=9368, stack(0x0000001d48900000,0x0000001d48a00000)]
  0x0000015ee4fb1800 JavaThread "Incoming local TCP Connector on port 54561" [_thread_in_native, id=532, stack(0x0000001d48a00000,0x0000001d48b00000)]
  0x0000015ee44b2800 JavaThread "Daemon periodic checks" [_thread_blocked, id=9844, stack(0x0000001d48b00000,0x0000001d48c00000)]
  0x0000015ee57d1800 JavaThread "Daemon" [_thread_blocked, id=6168, stack(0x0000001d48c00000,0x0000001d48d00000)]
  0x0000015ee3739000 JavaThread "Handler for socket connection from /127.0.0.1:54561 to /127.0.0.1:54562" [_thread_blocked, id=3400, stack(0x0000001d48d00000,0x0000001d48e00000)]
  0x0000015ee5160800 JavaThread "Daemon worker" [_thread_blocked, id=5604, stack(0x0000001d48f00000,0x0000001d49000000)]
  0x0000015ee4c50000 JavaThread "Cache worker for journal cache (C:\Users\ELCOT\.gradle\caches\gradle-6.5\caches\journal-1)" [_thread_blocked, id=7520, stack(0x0000001d49300000,0x0000001d49400000)]
  0x0000015ee4c51000 JavaThread "File lock request listener" [_thread_in_native, id=3408, stack(0x0000001d49400000,0x0000001d49500000)]
  0x0000015ee4c4f800 JavaThread "Cache worker for file hash cache (C:\Users\ELCOT\.gradle\caches\gradle-6.5\caches\6.1.1\fileHashes)" [_thread_blocked, id=7144, stack(0x0000001d49500000,0x0000001d49600000)]
  0x0000015ee4c4e800 JavaThread "Cache worker for execution history cache (C:\Users\ELCOT\.gradle\caches\gradle-6.5\caches\6.1.1\executionHistory)" [_thread_blocked, id=4764, stack(0x0000001d49a00000,0x0000001d49b00000)]
  0x0000015ee9027000 JavaThread "Memory manager" [_thread_blocked, id=6944, stack(0x0000001d4a000000,0x0000001d4a100000)]
  0x0000015ee9028000 JavaThread "Cache worker for file content cache (C:\Users\ELCOT\.gradle\caches\gradle-6.5\caches\6.1.1\fileContent)" [_thread_blocked, id=6492, stack(0x0000001d4a100000,0x0000001d4a200000)]
  0x0000015ee9682800 JavaThread "ForkJoinPool.commonPool-worker-3" daemon [_thread_blocked, id=6388, stack(0x0000001d4a600000,0x0000001d4a700000)]
  0x0000015ee9680800 JavaThread "ForkJoinPool.commonPool-worker-1" daemon [_thread_blocked, id=9040, stack(0x0000001d4a700000,0x0000001d4a800000)]
  0x0000015ee9684000 JavaThread "pool-1-thread-1" [_thread_in_vm, id=2056, stack(0x0000001d49800000,0x0000001d49900000)]

Other Threads:
  0x0000015ec5bcc800 VMThread "VM Thread" [stack: 0x0000001d47c00000,0x0000001d47d00000] [id=3288]
  0x0000015ee4135800 WatcherThread [stack: 0x0000001d48600000,0x0000001d48700000] [id=6716]
  0x0000015ec5b2f000 GCTaskThread "GC Thread#0" [stack: 0x0000001d47700000,0x0000001d47800000] [id=6772]
  0x0000015ee427e000 GCTaskThread "GC Thread#1" [stack: 0x0000001d48700000,0x0000001d48800000] [id=10084]
  0x0000015ec5b39000 ConcurrentGCThread "G1 Main Marker" [stack: 0x0000001d47800000,0x0000001d47900000] [id=2160]
  0x0000015ec5b3a000 ConcurrentGCThread "G1 Conc#0" [stack: 0x0000001d47900000,0x0000001d47a00000] [id=7840]
  0x0000015ec5b86800 ConcurrentGCThread "G1 Refine#0" [stack: 0x0000001d47a00000,0x0000001d47b00000] [id=72]
  0x0000015ee492d800 ConcurrentGCThread "G1 Refine#1" [stack: 0x0000001d48800000,0x0000001d48900000] [id=1808]
  0x0000015ec5b89800 ConcurrentGCThread "G1 Young RemSet Sampling" [stack: 0x0000001d47b00000,0x0000001d47c00000] [id=9068]

Threads with active compile tasks:
C2 CompilerThread0    93075 11828   !   4       java.io.ObjectOutputStream::writeObject0 (620 bytes)

VM state:not at safepoint (normal execution)

VM Mutex/Monitor currently owned by a thread: None

Heap address: 0x00000000c0000000, size: 1024 MB, Compressed Oops mode: 32-bit
Narrow klass base: 0x0000000800000000, Narrow klass shift: 3
Compressed class space size: 1073741824 Address: 0x0000000800b40000

Heap:
 garbage-first heap   total 355328K, used 216349K [0x00000000c0000000, 0x0000000100000000)
  region size 1024K, 30 young (30720K), 3 survivors (3072K)
 Metaspace       used 76621K, capacity 78801K, committed 79024K, reserved 1118208K
  class space    used 10278K, capacity 11001K, committed 11008K, reserved 1048576K
Heap Regions: E=young(eden), S=young(survivor), O=old, HS=humongous(starts), HC=humongous(continues), CS=collection set, F=free, A=archive, TAMS=top-at-mark-start (previous, next)
|   0|0x00000000c0000000, 0x00000000c0100000, 0x00000000c0100000|100%|HS|  |TAMS 0x00000000c0100000, 0x00000000c0000000| Complete 
|   1|0x00000000c0100000, 0x00000000c0200000, 0x00000000c0200000|100%|HC|  |TAMS 0x00000000c0200000, 0x00000000c0100000| Complete 
|   2|0x00000000c0200000, 0x00000000c0300000, 0x00000000c0300000|100%|HC|  |TAMS 0x00000000c0300000, 0x00000000c0200000| Complete 
|   3|0x00000000c0300000, 0x00000000c0400000, 0x00000000c0400000|100%| O|  |TAMS 0x00000000c0400000, 0x00000000c0300000| Untracked 
|   4|0x00000000c0400000, 0x00000000c0500000, 0x00000000c0500000|100%| O|  |TAMS 0x00000000c0500000, 0x00000000c0400000| Untracked 
|   5|0x00000000c0500000, 0x00000000c0600000, 0x00000000c0600000|100%| O|  |TAMS 0x00000000c0600000, 0x00000000c0500000| Untracked 
|   6|0x00000000c0600000, 0x00000000c0700000, 0x00000000c0700000|100%| O|  |TAMS 0x00000000c0700000, 0x00000000c0600000| Untracked 
|   7|0x00000000c0700000, 0x00000000c0800000, 0x00000000c0800000|100%| O|  |TAMS 0x00000000c0800000, 0x00000000c0700000| Complete 
|   8|0x00000000c0800000, 0x00000000c0900000, 0x00000000c0900000|100%| O|  |TAMS 0x00000000c0900000, 0x00000000c0800000| Untracked 
|   9|0x00000000c0900000, 0x00000000c0900000, 0x00000000c0a00000|  0%| F|  |TAMS 0x00000000c0900000, 0x00000000c0900000| Untracked 
|  10|0x00000000c0a00000, 0x00000000c0a00000, 0x00000000c0b00000|  0%| F|  |TAMS 0x00000000c0a00000, 0x00000000c0a00000| Untracked 
|  11|0x00000000c0b00000, 0x00000000c0c00000, 0x00000000c0c00000|100%| O|  |TAMS 0x00000000c0c00000, 0x00000000c0b00000| Untracked 
|  12|0x00000000c0c00000, 0x00000000c0c00000, 0x00000000c0d00000|  0%| F|  |TAMS 0x00000000c0c00000, 0x00000000c0c00000| Untracked 
|  13|0x00000000c0d00000, 0x00000000c0e00000, 0x00000000c0e00000|100%| O|  |TAMS 0x00000000c0e00000, 0x00000000c0d00000| Untracked 
|  14|0x00000000c0e00000, 0x00000000c0f00000, 0x00000000c0f00000|100%| O|  |TAMS 0x00000000c0f00000, 0x00000000c0e00000| Complete 
|  15|0x00000000c0f00000, 0x00000000c1000000, 0x00000000c1000000|100%| O|  |TAMS 0x00000000c1000000, 0x00000000c0f00000| Untracked 
|  16|0x00000000c1000000, 0x00000000c1100000, 0x00000000c1100000|100%| O|  |TAMS 0x00000000c1100000, 0x00000000c1000000| Complete 
|  17|0x00000000c1100000, 0x00000000c1200000, 0x00000000c1200000|100%|HS|  |TAMS 0x00000000c1200000, 0x00000000c1100000| Complete 
|  18|0x00000000c1200000, 0x00000000c1300000, 0x00000000c1300000|100%|HC|  |TAMS 0x00000000c1300000, 0x00000000c1200000| Complete 
|  19|0x00000000c1300000, 0x00000000c1400000, 0x00000000c1400000|100%|HS|  |TAMS 0x00000000c1400000, 0x00000000c1300000| Complete 
|  20|0x00000000c1400000, 0x00000000c1500000, 0x00000000c1500000|100%|HC|  |TAMS 0x00000000c1500000, 0x00000000c1400000| Complete 
|  21|0x00000000c1500000, 0x00000000c1600000, 0x00000000c1600000|100%|HC|  |TAMS 0x00000000c1600000, 0x00000000c1500000| Complete 
|  22|0x00000000c1600000, 0x00000000c1700000, 0x00000000c1700000|100%|HS|  |TAMS 0x00000000c1700000, 0x00000000c1600000| Complete 
|  23|0x00000000c1700000, 0x00000000c1800000, 0x00000000c1800000|100%|HC|  |TAMS 0x00000000c1800000, 0x00000000c1700000| Complete 
|  24|0x00000000c1800000, 0x00000000c1900000, 0x00000000c1900000|100%|HC|  |TAMS 0x00000000c1900000, 0x00000000c1800000| Complete 
|  25|0x00000000c1900000, 0x00000000c1a00000, 0x00000000c1a00000|100%|HC|  |TAMS 0x00000000c1a00000, 0x00000000c1900000| Complete 
|  26|0x00000000c1a00000, 0x00000000c1b00000, 0x00000000c1b00000|100%| O|  |TAMS 0x00000000c1b00000, 0x00000000c1a00000| Untracked 
|  27|0x00000000c1b00000, 0x00000000c1c00000, 0x00000000c1c00000|100%| O|  |TAMS 0x00000000c1c00000, 0x00000000c1b00000| Untracked 
|  28|0x00000000c1c00000, 0x00000000c1d00000, 0x00000000c1d00000|100%| O|  |TAMS 0x00000000c1d00000, 0x00000000c1c00000| Untracked 
|  29|0x00000000c1d00000, 0x00000000c1e00000, 0x00000000c1e00000|100%| O|  |TAMS 0x00000000c1e00000, 0x00000000c1d00000| Complete 
|  30|0x00000000c1e00000, 0x00000000c1f00000, 0x00000000c1f00000|100%| O|  |TAMS 0x00000000c1f00000, 0x00000000c1e00000| Untracked 
|  31|0x00000000c1f00000, 0x00000000c2000000, 0x00000000c2000000|100%| O|  |TAMS 0x00000000c2000000, 0x00000000c1f00000| Untracked 
|  32|0x00000000c2000000, 0x00000000c2100000, 0x00000000c2100000|100%| O|  |TAMS 0x00000000c2100000, 0x00000000c2000000| Untracked 
|  33|0x00000000c2100000, 0x00000000c2200000, 0x00000000c2200000|100%| O|  |TAMS 0x00000000c2200000, 0x00000000c2100000| Untracked 
|  34|0x00000000c2200000, 0x00000000c2300000, 0x00000000c2300000|100%| O|  |TAMS 0x00000000c2300000, 0x00000000c2200000| Complete 
|  35|0x00000000c2300000, 0x00000000c2400000, 0x00000000c2400000|100%| O|  |TAMS 0x00000000c2400000, 0x00000000c2300000| Untracked 
|  36|0x00000000c2400000, 0x00000000c2500000, 0x00000000c2500000|100%|HS|  |TAMS 0x00000000c2500000, 0x00000000c2400000| Complete 
|  37|0x00000000c2500000, 0x00000000c2600000, 0x00000000c2600000|100%|HC|  |TAMS 0x00000000c2600000, 0x00000000c2500000| Complete 
|  38|0x00000000c2600000, 0x00000000c2700000, 0x00000000c2700000|100%|HC|  |TAMS 0x00000000c2700000, 0x00000000c2600000| Complete 
|  39|0x00000000c2700000, 0x00000000c2700000, 0x00000000c2800000|  0%| F|  |TAMS 0x00000000c2700000, 0x00000000c2700000| Untracked 
|  40|0x00000000c2800000, 0x00000000c2900000, 0x00000000c2900000|100%| O|  |TAMS 0x00000000c2900000, 0x00000000c2800000| Untracked 
|  41|0x00000000c2900000, 0x00000000c2a00000, 0x00000000c2a00000|100%| O|  |TAMS 0x00000000c2a00000, 0x00000000c2900000| Untracked 
|  42|0x00000000c2a00000, 0x00000000c2b00000, 0x00000000c2b00000|100%|HS|  |TAMS 0x00000000c2b00000, 0x00000000c2a00000| Complete 
|  43|0x00000000c2b00000, 0x00000000c2c00000, 0x00000000c2c00000|100%|HC|  |TAMS 0x00000000c2c00000, 0x00000000c2b00000| Complete 
|  44|0x00000000c2c00000, 0x00000000c2d00000, 0x00000000c2d00000|100%| O|  |TAMS 0x00000000c2d00000, 0x00000000c2c00000| Untracked 
|  45|0x00000000c2d00000, 0x00000000c2e00000, 0x00000000c2e00000|100%| O|  |TAMS 0x00000000c2e00000, 0x00000000c2d00000| Untracked 
|  46|0x00000000c2e00000, 0x00000000c2e00000, 0x00000000c2f00000|  0%| F|  |TAMS 0x00000000c2e00000, 0x00000000c2e00000| Untracked 
|  47|0x00000000c2f00000, 0x00000000c3000000, 0x00000000c3000000|100%| O|  |TAMS 0x00000000c3000000, 0x00000000c2f00000| Untracked 
|  48|0x00000000c3000000, 0x00000000c3100000, 0x00000000c3100000|100%| O|  |TAMS 0x00000000c3100000, 0x00000000c3000000| Untracked 
|  49|0x00000000c3100000, 0x00000000c3200000, 0x00000000c3200000|100%| O|  |TAMS 0x00000000c3200000, 0x00000000c3100000| Untracked 
|  50|0x00000000c3200000, 0x00000000c3300000, 0x00000000c3300000|100%| O|  |TAMS 0x00000000c3300000, 0x00000000c3200000| Untracked 
|  51|0x00000000c3300000, 0x00000000c3400000, 0x00000000c3400000|100%| O|  |TAMS 0x00000000c3400000, 0x00000000c3300000| Untracked 
|  52|0x00000000c3400000, 0x00000000c3500000, 0x00000000c3500000|100%| O|  |TAMS 0x00000000c3500000, 0x00000000c3400000| Complete 
|  53|0x00000000c3500000, 0x00000000c3600000, 0x00000000c3600000|100%| O|  |TAMS 0x00000000c3600000, 0x00000000c3500000| Untracked 
|  54|0x00000000c3600000, 0x00000000c3700000, 0x00000000c3700000|100%| O|  |TAMS 0x00000000c3700000, 0x00000000c3600000| Complete 
|  55|0x00000000c3700000, 0x00000000c3800000, 0x00000000c3800000|100%| O|  |TAMS 0x00000000c3800000, 0x00000000c3700000| Untracked 
|  56|0x00000000c3800000, 0x00000000c3900000, 0x00000000c3900000|100%| O|  |TAMS 0x00000000c3900000, 0x00000000c3800000| Untracked 
|  57|0x00000000c3900000, 0x00000000c3a00000, 0x00000000c3a00000|100%| O|  |TAMS 0x00000000c3a00000, 0x00000000c3900000| Untracked 
|  58|0x00000000c3a00000, 0x00000000c3b00000, 0x00000000c3b00000|100%| O|  |TAMS 0x00000000c3b00000, 0x00000000c3a00000| Untracked 
|  59|0x00000000c3b00000, 0x00000000c3c00000, 0x00000000c3c00000|100%| O|  |TAMS 0x00000000c3c00000, 0x00000000c3b00000| Untracked 
|  60|0x00000000c3c00000, 0x00000000c3d00000, 0x00000000c3d00000|100%| O|  |TAMS 0x00000000c3d00000, 0x00000000c3c00000| Complete 
|  61|0x00000000c3d00000, 0x00000000c3e00000, 0x00000000c3e00000|100%| O|  |TAMS 0x00000000c3e00000, 0x00000000c3d00000| Untracked 
|  62|0x00000000c3e00000, 0x00000000c3f00000, 0x00000000c3f00000|100%| O|  |TAMS 0x00000000c3f00000, 0x00000000c3e00000| Untracked 
|  63|0x00000000c3f00000, 0x00000000c4000000, 0x00000000c4000000|100%| O|  |TAMS 0x00000000c4000000, 0x00000000c3f00000| Untracked 
|  64|0x00000000c4000000, 0x00000000c4000000, 0x00000000c4100000|  0%| F|  |TAMS 0x00000000c4000000, 0x00000000c4000000| Untracked 
|  65|0x00000000c4100000, 0x00000000c4200000, 0x00000000c4200000|100%| O|  |TAMS 0x00000000c4200000, 0x00000000c4100000| Untracked 
|  66|0x00000000c4200000, 0x00000000c4300000, 0x00000000c4300000|100%| O|  |TAMS 0x00000000c4300000, 0x00000000c4200000| Untracked 
|  67|0x00000000c4300000, 0x00000000c4400000, 0x00000000c4400000|100%| O|  |TAMS 0x00000000c4400000, 0x00000000c4300000| Untracked 
|  68|0x00000000c4400000, 0x00000000c4500000, 0x00000000c4500000|100%| O|  |TAMS 0x00000000c4500000, 0x00000000c4400000| Untracked 
|  69|0x00000000c4500000, 0x00000000c4600000, 0x00000000c4600000|100%| O|  |TAMS 0x00000000c4600000, 0x00000000c4500000| Untracked 
|  70|0x00000000c4600000, 0x00000000c4700000, 0x00000000c4700000|100%| O|  |TAMS 0x00000000c4700000, 0x00000000c4600000| Untracked 
|  71|0x00000000c4700000, 0x00000000c4800000, 0x00000000c4800000|100%| O|  |TAMS 0x00000000c4800000, 0x00000000c4700000| Untracked 
|  72|0x00000000c4800000, 0x00000000c4900000, 0x00000000c4900000|100%| O|  |TAMS 0x00000000c4900000, 0x00000000c4800000| Untracked 
|  73|0x00000000c4900000, 0x00000000c4a00000, 0x00000000c4a00000|100%| O|  |TAMS 0x00000000c4a00000, 0x00000000c4900000| Untracked 
|  74|0x00000000c4a00000, 0x00000000c4b00000, 0x00000000c4b00000|100%| O|  |TAMS 0x00000000c4b00000, 0x00000000c4a00000| Untracked 
|  75|0x00000000c4b00000, 0x00000000c4c00000, 0x00000000c4c00000|100%| O|  |TAMS 0x00000000c4c00000, 0x00000000c4b00000| Untracked 
|  76|0x00000000c4c00000, 0x00000000c4d00000, 0x00000000c4d00000|100%| O|  |TAMS 0x00000000c4d00000, 0x00000000c4c00000| Untracked 
|  77|0x00000000c4d00000, 0x00000000c4e00000, 0x00000000c4e00000|100%|HS|  |TAMS 0x00000000c4d00000, 0x00000000c4d00000| Complete 
|  78|0x00000000c4e00000, 0x00000000c4f00000, 0x00000000c4f00000|100%|HC|  |TAMS 0x00000000c4e00000, 0x00000000c4e00000| Complete 
|  79|0x00000000c4f00000, 0x00000000c5000000, 0x00000000c5000000|100%|HC|  |TAMS 0x00000000c4f00000, 0x00000000c4f00000| Complete 
|  80|0x00000000c5000000, 0x00000000c5100000, 0x00000000c5100000|100%|HC|  |TAMS 0x00000000c5000000, 0x00000000c5000000| Complete 
|  81|0x00000000c5100000, 0x00000000c5200000, 0x00000000c5200000|100%|HC|  |TAMS 0x00000000c5100000, 0x00000000c5100000| Complete 
|  82|0x00000000c5200000, 0x00000000c5300000, 0x00000000c5300000|100%|HC|  |TAMS 0x00000000c5200000, 0x00000000c5200000| Complete 
|  83|0x00000000c5300000, 0x00000000c5400000, 0x00000000c5400000|100%|HC|  |TAMS 0x00000000c5300000, 0x00000000c5300000| Complete 
|  84|0x00000000c5400000, 0x00000000c5500000, 0x00000000c5500000|100%|HC|  |TAMS 0x00000000c5400000, 0x00000000c5400000| Complete 
|  85|0x00000000c5500000, 0x00000000c5600000, 0x00000000c5600000|100%|HC|  |TAMS 0x00000000c5500000, 0x00000000c5500000| Complete 
|  86|0x00000000c5600000, 0x00000000c5600000, 0x00000000c5700000|  0%| F|  |TAMS 0x00000000c5600000, 0x00000000c5600000| Untracked 
|  87|0x00000000c5700000, 0x00000000c5800000, 0x00000000c5800000|100%| O|  |TAMS 0x00000000c5800000, 0x00000000c5700000| Untracked 
|  88|0x00000000c5800000, 0x00000000c5900000, 0x00000000c5900000|100%| O|  |TAMS 0x00000000c5900000, 0x00000000c5800000| Complete 
|  89|0x00000000c5900000, 0x00000000c5a00000, 0x00000000c5a00000|100%| O|  |TAMS 0x00000000c5a00000, 0x00000000c5900000| Untracked 
|  90|0x00000000c5a00000, 0x00000000c5b00000, 0x00000000c5b00000|100%| O|  |TAMS 0x00000000c5b00000, 0x00000000c5a00000| Complete 
|  91|0x00000000c5b00000, 0x00000000c5b00000, 0x00000000c5c00000|  0%| F|  |TAMS 0x00000000c5b00000, 0x00000000c5b00000| Untracked 
|  92|0x00000000c5c00000, 0x00000000c5d00000, 0x00000000c5d00000|100%| O|  |TAMS 0x00000000c5d00000, 0x00000000c5c00000| Complete 
|  93|0x00000000c5d00000, 0x00000000c5e00000, 0x00000000c5e00000|100%| O|  |TAMS 0x00000000c5e00000, 0x00000000c5d00000| Complete 
|  94|0x00000000c5e00000, 0x00000000c5f00000, 0x00000000c5f00000|100%| O|  |TAMS 0x00000000c5f00000, 0x00000000c5e00000| Complete 
|  95|0x00000000c5f00000, 0x00000000c5f00000, 0x00000000c6000000|  0%| F|  |TAMS 0x00000000c5f00000, 0x00000000c5f00000| Untracked 
|  96|0x00000000c6000000, 0x00000000c6000000, 0x00000000c6100000|  0%| F|  |TAMS 0x00000000c6000000, 0x00000000c6000000| Untracked 
|  97|0x00000000c6100000, 0x00000000c6100000, 0x00000000c6200000|  0%| F|  |TAMS 0x00000000c6100000, 0x00000000c6100000| Untracked 
|  98|0x00000000c6200000, 0x00000000c6300000, 0x00000000c6300000|100%| O|  |TAMS 0x00000000c6300000, 0x00000000c6200000| Complete 
|  99|0x00000000c6300000, 0x00000000c6400000, 0x00000000c6400000|100%| O|  |TAMS 0x00000000c6400000, 0x00000000c6300000| Complete 
| 100|0x00000000c6400000, 0x00000000c6500000, 0x00000000c6500000|100%| O|  |TAMS 0x00000000c6500000, 0x00000000c6400000| Untracked 
| 101|0x00000000c6500000, 0x00000000c6600000, 0x00000000c6600000|100%| O|  |TAMS 0x00000000c6600000, 0x00000000c6500000| Untracked 
| 102|0x00000000c6600000, 0x00000000c6700000, 0x00000000c6700000|100%| O|  |TAMS 0x00000000c6700000, 0x00000000c6600000| Untracked 
| 103|0x00000000c6700000, 0x00000000c6800000, 0x00000000c6800000|100%| O|  |TAMS 0x00000000c6800000, 0x00000000c6700000| Untracked 
| 104|0x00000000c6800000, 0x00000000c6900000, 0x00000000c6900000|100%| O|  |TAMS 0x00000000c6900000, 0x00000000c6800000| Complete 
| 105|0x00000000c6900000, 0x00000000c6900000, 0x00000000c6a00000|  0%| F|  |TAMS 0x00000000c6900000, 0x00000000c6900000| Untracked 
| 106|0x00000000c6a00000, 0x00000000c6a00000, 0x00000000c6b00000|  0%| F|  |TAMS 0x00000000c6a00000, 0x00000000c6a00000| Untracked 
| 107|0x00000000c6b00000, 0x00000000c6b00000, 0x00000000c6c00000|  0%| F|  |TAMS 0x00000000c6b00000, 0x00000000c6b00000| Untracked 
| 108|0x00000000c6c00000, 0x00000000c6c00000, 0x00000000c6d00000|  0%| F|  |TAMS 0x00000000c6c00000, 0x00000000c6c00000| Untracked 
| 109|0x00000000c6d00000, 0x00000000c6e00000, 0x00000000c6e00000|100%| O|  |TAMS 0x00000000c6e00000, 0x00000000c6d00000| Complete 
| 110|0x00000000c6e00000, 0x00000000c6f00000, 0x00000000c6f00000|100%| O|  |TAMS 0x00000000c6f00000, 0x00000000c6e00000| Complete 
| 111|0x00000000c6f00000, 0x00000000c7000000, 0x00000000c7000000|100%| O|  |TAMS 0x00000000c7000000, 0x00000000c6f00000| Complete 
| 112|0x00000000c7000000, 0x00000000c7100000, 0x00000000c7100000|100%| O|  |TAMS 0x00000000c7100000, 0x00000000c7000000| Complete 
| 113|0x00000000c7100000, 0x00000000c7200000, 0x00000000c7200000|100%| O|  |TAMS 0x00000000c7200000, 0x00000000c7100000| Complete 
| 114|0x00000000c7200000, 0x00000000c7300000, 0x00000000c7300000|100%| O|  |TAMS 0x00000000c7300000, 0x00000000c7200000| Complete 
| 115|0x00000000c7300000, 0x00000000c7400000, 0x00000000c7400000|100%| O|  |TAMS 0x00000000c7400000, 0x00000000c7300000| Complete 
| 116|0x00000000c7400000, 0x00000000c7400000, 0x00000000c7500000|  0%| F|  |TAMS 0x00000000c7400000, 0x00000000c7400000| Untracked 
| 117|0x00000000c7500000, 0x00000000c7600000, 0x00000000c7600000|100%| O|  |TAMS 0x00000000c7600000, 0x00000000c7500000| Complete 
| 118|0x00000000c7600000, 0x00000000c7700000, 0x00000000c7700000|100%| O|  |TAMS 0x00000000c7700000, 0x00000000c7600000| Complete 
| 119|0x00000000c7700000, 0x00000000c7800000, 0x00000000c7800000|100%| O|  |TAMS 0x00000000c7800000, 0x00000000c7700000| Untracked 
| 120|0x00000000c7800000, 0x00000000c7900000, 0x00000000c7900000|100%| O|  |TAMS 0x00000000c7900000, 0x00000000c7800000| Untracked 
| 121|0x00000000c7900000, 0x00000000c7a00000, 0x00000000c7a00000|100%| O|  |TAMS 0x00000000c7a00000, 0x00000000c7900000| Untracked 
| 122|0x00000000c7a00000, 0x00000000c7b00000, 0x00000000c7b00000|100%| O|  |TAMS 0x00000000c7b00000, 0x00000000c7a00000| Untracked 
| 123|0x00000000c7b00000, 0x00000000c7c00000, 0x00000000c7c00000|100%| O|  |TAMS 0x00000000c7c00000, 0x00000000c7b00000| Untracked 
| 124|0x00000000c7c00000, 0x00000000c7d00000, 0x00000000c7d00000|100%| O|  |TAMS 0x00000000c7d00000, 0x00000000c7c00000| Untracked 
| 125|0x00000000c7d00000, 0x00000000c7e00000, 0x00000000c7e00000|100%| O|  |TAMS 0x00000000c7e00000, 0x00000000c7d00000| Complete 
| 126|0x00000000c7e00000, 0x00000000c7f00000, 0x00000000c7f00000|100%| O|  |TAMS 0x00000000c7f00000, 0x00000000c7e00000| Complete 
| 127|0x00000000c7f00000, 0x00000000c8000000, 0x00000000c8000000|100%| O|  |TAMS 0x00000000c8000000, 0x00000000c7f00000| Complete 
| 128|0x00000000c8000000, 0x00000000c8100000, 0x00000000c8100000|100%| O|  |TAMS 0x00000000c8100000, 0x00000000c8000000| Complete 
| 129|0x00000000c8100000, 0x00000000c8200000, 0x00000000c8200000|100%| O|  |TAMS 0x00000000c8200000, 0x00000000c8100000| Untracked 
| 130|0x00000000c8200000, 0x00000000c8300000, 0x00000000c8300000|100%| O|  |TAMS 0x00000000c8300000, 0x00000000c8200000| Complete 
| 131|0x00000000c8300000, 0x00000000c8300000, 0x00000000c8400000|  0%| F|  |TAMS 0x00000000c8300000, 0x00000000c8300000| Untracked 
| 132|0x00000000c8400000, 0x00000000c8500000, 0x00000000c8500000|100%| O|  |TAMS 0x00000000c8500000, 0x00000000c8400000| Untracked 
| 133|0x00000000c8500000, 0x00000000c8600000, 0x00000000c8600000|100%| O|  |TAMS 0x00000000c8600000, 0x00000000c8500000| Untracked 
| 134|0x00000000c8600000, 0x00000000c8700000, 0x00000000c8700000|100%| O|  |TAMS 0x00000000c8700000, 0x00000000c8600000| Untracked 
| 135|0x00000000c8700000, 0x00000000c8800000, 0x00000000c8800000|100%| O|  |TAMS 0x00000000c8800000, 0x00000000c8700000| Untracked 
| 136|0x00000000c8800000, 0x00000000c8900000, 0x00000000c8900000|100%| O|  |TAMS 0x00000000c8900000, 0x00000000c8800000| Complete 
| 137|0x00000000c8900000, 0x00000000c8a00000, 0x00000000c8a00000|100%| O|  |TAMS 0x00000000c8a00000, 0x00000000c8900000| Complete 
| 138|0x00000000c8a00000, 0x00000000c8b00000, 0x00000000c8b00000|100%| O|  |TAMS 0x00000000c8b00000, 0x00000000c8a00000| Complete 
| 139|0x00000000c8b00000, 0x00000000c8c00000, 0x00000000c8c00000|100%| O|  |TAMS 0x00000000c8c00000, 0x00000000c8b00000| Complete 
| 140|0x00000000c8c00000, 0x00000000c8c00000, 0x00000000c8d00000|  0%| F|  |TAMS 0x00000000c8c00000, 0x00000000c8c00000| Untracked 
| 141|0x00000000c8d00000, 0x00000000c8e00000, 0x00000000c8e00000|100%| O|  |TAMS 0x00000000c8e00000, 0x00000000c8d00000| Untracked 
| 142|0x00000000c8e00000, 0x00000000c8f00000, 0x00000000c8f00000|100%| O|  |TAMS 0x00000000c8f00000, 0x00000000c8e00000| Untracked 
| 143|0x00000000c8f00000, 0x00000000c9000000, 0x00000000c9000000|100%| O|  |TAMS 0x00000000c9000000, 0x00000000c8f00000| Untracked 
| 144|0x00000000c9000000, 0x00000000c9100000, 0x00000000c9100000|100%| O|  |TAMS 0x00000000c9100000, 0x00000000c9000000| Untracked 
| 145|0x00000000c9100000, 0x00000000c9100000, 0x00000000c9200000|  0%| F|  |TAMS 0x00000000c9100000, 0x00000000c9100000| Untracked 
| 146|0x00000000c9200000, 0x00000000c9200000, 0x00000000c9300000|  0%| F|  |TAMS 0x00000000c9200000, 0x00000000c9200000| Untracked 
| 147|0x00000000c9300000, 0x00000000c9400000, 0x00000000c9400000|100%| O|  |TAMS 0x00000000c9400000, 0x00000000c9300000| Untracked 
| 148|0x00000000c9400000, 0x00000000c9400000, 0x00000000c9500000|  0%| F|  |TAMS 0x00000000c9400000, 0x00000000c9400000| Untracked 
| 149|0x00000000c9500000, 0x00000000c9600000, 0x00000000c9600000|100%| O|  |TAMS 0x00000000c9600000, 0x00000000c9500000| Untracked 
| 150|0x00000000c9600000, 0x00000000c9700000, 0x00000000c9700000|100%| O|  |TAMS 0x00000000c9700000, 0x00000000c9600000| Complete 
| 151|0x00000000c9700000, 0x00000000c9800000, 0x00000000c9800000|100%| O|  |TAMS 0x00000000c9800000, 0x00000000c9700000| Untracked 
| 152|0x00000000c9800000, 0x00000000c9900000, 0x00000000c9900000|100%| O|  |TAMS 0x00000000c9900000, 0x00000000c9800000| Untracked 
| 153|0x00000000c9900000, 0x00000000c9a00000, 0x00000000c9a00000|100%| O|  |TAMS 0x00000000c9a00000, 0x00000000c9900000| Untracked 
| 154|0x00000000c9a00000, 0x00000000c9a00000, 0x00000000c9b00000|  0%| F|  |TAMS 0x00000000c9a00000, 0x00000000c9a00000| Untracked 
| 155|0x00000000c9b00000, 0x00000000c9b00000, 0x00000000c9c00000|  0%| F|  |TAMS 0x00000000c9b00000, 0x00000000c9b00000| Untracked 
| 156|0x00000000c9c00000, 0x00000000c9c00000, 0x00000000c9d00000|  0%| F|  |TAMS 0x00000000c9c00000, 0x00000000c9c00000| Untracked 
| 157|0x00000000c9d00000, 0x00000000c9e00000, 0x00000000c9e00000|100%| O|  |TAMS 0x00000000c9e00000, 0x00000000c9d00000| Untracked 
| 158|0x00000000c9e00000, 0x00000000c9f00000, 0x00000000c9f00000|100%| O|  |TAMS 0x00000000c9f00000, 0x00000000c9e00000| Untracked 
| 159|0x00000000c9f00000, 0x00000000ca000000, 0x00000000ca000000|100%| O|  |TAMS 0x00000000ca000000, 0x00000000c9f00000| Untracked 
| 160|0x00000000ca000000, 0x00000000ca100000, 0x00000000ca100000|100%| O|  |TAMS 0x00000000ca100000, 0x00000000ca000000| Untracked 
| 161|0x00000000ca100000, 0x00000000ca200000, 0x00000000ca200000|100%| O|  |TAMS 0x00000000ca200000, 0x00000000ca100000| Untracked 
| 162|0x00000000ca200000, 0x00000000ca300000, 0x00000000ca300000|100%| O|  |TAMS 0x00000000ca300000, 0x00000000ca200000| Untracked 
| 163|0x00000000ca300000, 0x00000000ca400000, 0x00000000ca400000|100%| O|  |TAMS 0x00000000ca400000, 0x00000000ca300000| Untracked 
| 164|0x00000000ca400000, 0x00000000ca500000, 0x00000000ca500000|100%| O|  |TAMS 0x00000000ca500000, 0x00000000ca400000| Untracked 
| 165|0x00000000ca500000, 0x00000000ca600000, 0x00000000ca600000|100%| O|  |TAMS 0x00000000ca600000, 0x00000000ca500000| Untracked 
| 166|0x00000000ca600000, 0x00000000ca700000, 0x00000000ca700000|100%| O|  |TAMS 0x00000000ca700000, 0x00000000ca600000| Untracked 
| 167|0x00000000ca700000, 0x00000000ca800000, 0x00000000ca800000|100%| O|  |TAMS 0x00000000ca800000, 0x00000000ca700000| Untracked 
| 168|0x00000000ca800000, 0x00000000ca800000, 0x00000000ca900000|  0%| F|  |TAMS 0x00000000ca800000, 0x00000000ca800000| Untracked 
| 169|0x00000000ca900000, 0x00000000ca900000, 0x00000000caa00000|  0%| F|  |TAMS 0x00000000ca900000, 0x00000000ca900000| Untracked 
| 170|0x00000000caa00000, 0x00000000cab00000, 0x00000000cab00000|100%| O|  |TAMS 0x00000000cab00000, 0x00000000caa00000| Untracked 
| 171|0x00000000cab00000, 0x00000000cab00000, 0x00000000cac00000|  0%| F|  |TAMS 0x00000000cab00000, 0x00000000cab00000| Untracked 
| 172|0x00000000cac00000, 0x00000000cad00000, 0x00000000cad00000|100%| O|  |TAMS 0x00000000cad00000, 0x00000000cac00000| Complete 
| 173|0x00000000cad00000, 0x00000000cae00000, 0x00000000cae00000|100%| O|  |TAMS 0x00000000cae00000, 0x00000000cad00000| Complete 
| 174|0x00000000cae00000, 0x00000000caf00000, 0x00000000caf00000|100%|HS|  |TAMS 0x00000000cae00000, 0x00000000cae00000| Complete 
| 175|0x00000000caf00000, 0x00000000cb000000, 0x00000000cb000000|100%|HC|  |TAMS 0x00000000caf00000, 0x00000000caf00000| Complete 
| 176|0x00000000cb000000, 0x00000000cb100000, 0x00000000cb100000|100%|HC|  |TAMS 0x00000000cb000000, 0x00000000cb000000| Complete 
| 177|0x00000000cb100000, 0x00000000cb200000, 0x00000000cb200000|100%|HC|  |TAMS 0x00000000cb100000, 0x00000000cb100000| Complete 
| 178|0x00000000cb200000, 0x00000000cb300000, 0x00000000cb300000|100%|HC|  |TAMS 0x00000000cb200000, 0x00000000cb200000| Complete 
| 179|0x00000000cb300000, 0x00000000cb400000, 0x00000000cb400000|100%|HC|  |TAMS 0x00000000cb300000, 0x00000000cb300000| Complete 
| 180|0x00000000cb400000, 0x00000000cb500000, 0x00000000cb500000|100%|HC|  |TAMS 0x00000000cb400000, 0x00000000cb400000| Complete 
| 181|0x00000000cb500000, 0x00000000cb600000, 0x00000000cb600000|100%|HC|  |TAMS 0x00000000cb500000, 0x00000000cb500000| Complete 
| 182|0x00000000cb600000, 0x00000000cb700000, 0x00000000cb700000|100%|HC|  |TAMS 0x00000000cb600000, 0x00000000cb600000| Complete 
| 183|0x00000000cb700000, 0x00000000cb700000, 0x00000000cb800000|  0%| F|  |TAMS 0x00000000cb700000, 0x00000000cb700000| Untracked 
| 184|0x00000000cb800000, 0x00000000cb900000, 0x00000000cb900000|100%| O|  |TAMS 0x00000000cb900000, 0x00000000cb800000| Complete 
| 185|0x00000000cb900000, 0x00000000cb900000, 0x00000000cba00000|  0%| F|  |TAMS 0x00000000cb900000, 0x00000000cb900000| Untracked 
| 186|0x00000000cba00000, 0x00000000cba00000, 0x00000000cbb00000|  0%| F|  |TAMS 0x00000000cba00000, 0x00000000cba00000| Untracked 
| 187|0x00000000cbb00000, 0x00000000cbb00000, 0x00000000cbc00000|  0%| F|  |TAMS 0x00000000cbb00000, 0x00000000cbb00000| Untracked 
| 188|0x00000000cbc00000, 0x00000000cbc00000, 0x00000000cbd00000|  0%| F|  |TAMS 0x00000000cbc00000, 0x00000000cbc00000| Untracked 
| 189|0x00000000cbd00000, 0x00000000cbd00000, 0x00000000cbe00000|  0%| F|  |TAMS 0x00000000cbd00000, 0x00000000cbd00000| Untracked 
| 190|0x00000000cbe00000, 0x00000000cbe00000, 0x00000000cbf00000|  0%| F|  |TAMS 0x00000000cbe00000, 0x00000000cbe00000| Untracked 
| 191|0x00000000cbf00000, 0x00000000cbf00000, 0x00000000cc000000|  0%| F|  |TAMS 0x00000000cbf00000, 0x00000000cbf00000| Untracked 
| 192|0x00000000cc000000, 0x00000000cc000000, 0x00000000cc100000|  0%| F|  |TAMS 0x00000000cc000000, 0x00000000cc000000| Untracked 
| 193|0x00000000cc100000, 0x00000000cc200000, 0x00000000cc200000|100%| O|  |TAMS 0x00000000cc200000, 0x00000000cc100000| Complete 
| 194|0x00000000cc200000, 0x00000000cc200000, 0x00000000cc300000|  0%| F|  |TAMS 0x00000000cc200000, 0x00000000cc200000| Untracked 
| 195|0x00000000cc300000, 0x00000000cc400000, 0x00000000cc400000|100%|HS|  |TAMS 0x00000000cc400000, 0x00000000cc300000| Complete 
| 196|0x00000000cc400000, 0x00000000cc400000, 0x00000000cc500000|  0%| F|  |TAMS 0x00000000cc400000, 0x00000000cc400000| Untracked 
| 197|0x00000000cc500000, 0x00000000cc500000, 0x00000000cc600000|  0%| F|  |TAMS 0x00000000cc500000, 0x00000000cc500000| Untracked 
| 198|0x00000000cc600000, 0x00000000cc600000, 0x00000000cc700000|  0%| F|  |TAMS 0x00000000cc600000, 0x00000000cc600000| Untracked 
| 199|0x00000000cc700000, 0x00000000cc700000, 0x00000000cc800000|  0%| F|  |TAMS 0x00000000cc700000, 0x00000000cc700000| Untracked 
| 200|0x00000000cc800000, 0x00000000cc900000, 0x00000000cc900000|100%| O|  |TAMS 0x00000000cc900000, 0x00000000cc800000| Complete 
| 201|0x00000000cc900000, 0x00000000cca00000, 0x00000000cca00000|100%|HS|  |TAMS 0x00000000cca00000, 0x00000000cc900000| Complete 
| 202|0x00000000cca00000, 0x00000000ccb00000, 0x00000000ccb00000|100%|HS|  |TAMS 0x00000000ccb00000, 0x00000000cca00000| Complete 
| 203|0x00000000ccb00000, 0x00000000ccc00000, 0x00000000ccc00000|100%|HS|  |TAMS 0x00000000ccc00000, 0x00000000ccb00000| Complete 
| 204|0x00000000ccc00000, 0x00000000ccd00000, 0x00000000ccd00000|100%|HC|  |TAMS 0x00000000ccd00000, 0x00000000ccc00000| Complete 
| 205|0x00000000ccd00000, 0x00000000cce00000, 0x00000000cce00000|100%| O|  |TAMS 0x00000000cce00000, 0x00000000ccd00000| Complete 
| 206|0x00000000cce00000, 0x00000000ccf00000, 0x00000000ccf00000|100%| O|  |TAMS 0x00000000ccf00000, 0x00000000cce00000| Complete 
| 207|0x00000000ccf00000, 0x00000000ccf00000, 0x00000000cd000000|  0%| F|  |TAMS 0x00000000ccf00000, 0x00000000ccf00000| Untracked 
| 208|0x00000000cd000000, 0x00000000cd000000, 0x00000000cd100000|  0%| F|  |TAMS 0x00000000cd000000, 0x00000000cd000000| Untracked 
| 209|0x00000000cd100000, 0x00000000cd100000, 0x00000000cd200000|  0%| F|  |TAMS 0x00000000cd100000, 0x00000000cd100000| Untracked 
| 210|0x00000000cd200000, 0x00000000cd200000, 0x00000000cd300000|  0%| F|  |TAMS 0x00000000cd200000, 0x00000000cd200000| Untracked 
| 211|0x00000000cd300000, 0x00000000cd300000, 0x00000000cd400000|  0%| F|  |TAMS 0x00000000cd300000, 0x00000000cd300000| Untracked 
| 212|0x00000000cd400000, 0x00000000cd400000, 0x00000000cd500000|  0%| F|  |TAMS 0x00000000cd400000, 0x00000000cd400000| Untracked 
| 213|0x00000000cd500000, 0x00000000cd500000, 0x00000000cd600000|  0%| F|  |TAMS 0x00000000cd500000, 0x00000000cd500000| Untracked 
| 214|0x00000000cd600000, 0x00000000cd600000, 0x00000000cd700000|  0%| F|  |TAMS 0x00000000cd600000, 0x00000000cd600000| Untracked 
| 215|0x00000000cd700000, 0x00000000cd700000, 0x00000000cd800000|  0%| F|  |TAMS 0x00000000cd700000, 0x00000000cd700000| Untracked 
| 216|0x00000000cd800000, 0x00000000cd800000, 0x00000000cd900000|  0%| F|  |TAMS 0x00000000cd800000, 0x00000000cd800000| Untracked 
| 217|0x00000000cd900000, 0x00000000cda00000, 0x00000000cda00000|100%| O|  |TAMS 0x00000000cda00000, 0x00000000cd900000| Untracked 
| 218|0x00000000cda00000, 0x00000000cdb00000, 0x00000000cdb00000|100%| O|  |TAMS 0x00000000cdb00000, 0x00000000cda00000| Complete 
| 219|0x00000000cdb00000, 0x00000000cdb00000, 0x00000000cdc00000|  0%| F|  |TAMS 0x00000000cdb00000, 0x00000000cdb00000| Untracked 
| 220|0x00000000cdc00000, 0x00000000cdd00000, 0x00000000cdd00000|100%| O|  |TAMS 0x00000000cdd00000, 0x00000000cdc00000| Complete 
| 221|0x00000000cdd00000, 0x00000000cde00000, 0x00000000cde00000|100%| O|  |TAMS 0x00000000cde00000, 0x00000000cdd00000| Complete 
| 222|0x00000000cde00000, 0x00000000cdf00000, 0x00000000cdf00000|100%| O|  |TAMS 0x00000000cdf00000, 0x00000000cde00000| Untracked 
| 223|0x00000000cdf00000, 0x00000000ce000000, 0x00000000ce000000|100%| O|  |TAMS 0x00000000ce000000, 0x00000000cdf00000| Untracked 
| 224|0x00000000ce000000, 0x00000000ce100000, 0x00000000ce100000|100%| O|  |TAMS 0x00000000ce100000, 0x00000000ce000000| Untracked 
| 225|0x00000000ce100000, 0x00000000ce200000, 0x00000000ce200000|100%| O|  |TAMS 0x00000000ce200000, 0x00000000ce100000| Complete 
| 226|0x00000000ce200000, 0x00000000ce300000, 0x00000000ce300000|100%| O|  |TAMS 0x00000000ce300000, 0x00000000ce200000| Complete 
| 227|0x00000000ce300000, 0x00000000ce400000, 0x00000000ce400000|100%| O|  |TAMS 0x00000000ce400000, 0x00000000ce300000| Complete 
| 228|0x00000000ce400000, 0x00000000ce400000, 0x00000000ce500000|  0%| F|  |TAMS 0x00000000ce400000, 0x00000000ce400000| Untracked 
| 229|0x00000000ce500000, 0x00000000ce600000, 0x00000000ce600000|100%| O|  |TAMS 0x00000000ce600000, 0x00000000ce500000| Complete 
| 230|0x00000000ce600000, 0x00000000ce700000, 0x00000000ce700000|100%| O|  |TAMS 0x00000000ce700000, 0x00000000ce600000| Complete 
| 231|0x00000000ce700000, 0x00000000ce800000, 0x00000000ce800000|100%| O|  |TAMS 0x00000000ce800000, 0x00000000ce700000| Untracked 
| 232|0x00000000ce800000, 0x00000000ce900000, 0x00000000ce900000|100%| O|  |TAMS 0x00000000ce900000, 0x00000000ce800000| Untracked 
| 233|0x00000000ce900000, 0x00000000cea00000, 0x00000000cea00000|100%| O|  |TAMS 0x00000000cea00000, 0x00000000ce900000| Complete 
| 234|0x00000000cea00000, 0x00000000ceb00000, 0x00000000ceb00000|100%| O|  |TAMS 0x00000000ceb00000, 0x00000000cea00000| Complete 
| 235|0x00000000ceb00000, 0x00000000cec00000, 0x00000000cec00000|100%| O|  |TAMS 0x00000000cec00000, 0x00000000ceb00000| Complete 
| 236|0x00000000cec00000, 0x00000000cecb8c00, 0x00000000ced00000| 72%| O|  |TAMS 0x00000000cecb8c00, 0x00000000cec00000| Untracked 
| 237|0x00000000ced00000, 0x00000000ced00000, 0x00000000cee00000|  0%| F|  |TAMS 0x00000000ced00000, 0x00000000ced00000| Untracked 
| 238|0x00000000cee00000, 0x00000000cee00000, 0x00000000cef00000|  0%| F|  |TAMS 0x00000000cee00000, 0x00000000cee00000| Untracked 
| 239|0x00000000cef00000, 0x00000000cef00000, 0x00000000cf000000|  0%| F|  |TAMS 0x00000000cef00000, 0x00000000cef00000| Untracked 
| 240|0x00000000cf000000, 0x00000000cf000000, 0x00000000cf100000|  0%| F|  |TAMS 0x00000000cf000000, 0x00000000cf000000| Untracked 
| 241|0x00000000cf100000, 0x00000000cf100000, 0x00000000cf200000|  0%| F|  |TAMS 0x00000000cf100000, 0x00000000cf100000| Untracked 
| 242|0x00000000cf200000, 0x00000000cf200000, 0x00000000cf300000|  0%| F|  |TAMS 0x00000000cf200000, 0x00000000cf200000| Untracked 
| 243|0x00000000cf300000, 0x00000000cf300000, 0x00000000cf400000|  0%| F|  |TAMS 0x00000000cf300000, 0x00000000cf300000| Untracked 
| 244|0x00000000cf400000, 0x00000000cf400000, 0x00000000cf500000|  0%| F|  |TAMS 0x00000000cf400000, 0x00000000cf400000| Untracked 
| 245|0x00000000cf500000, 0x00000000cf500000, 0x00000000cf600000|  0%| F|  |TAMS 0x00000000cf500000, 0x00000000cf500000| Untracked 
| 246|0x00000000cf600000, 0x00000000cf600000, 0x00000000cf700000|  0%| F|  |TAMS 0x00000000cf600000, 0x00000000cf600000| Untracked 
| 247|0x00000000cf700000, 0x00000000cf700000, 0x00000000cf800000|  0%| F|  |TAMS 0x00000000cf700000, 0x00000000cf700000| Untracked 
| 248|0x00000000cf800000, 0x00000000cf800000, 0x00000000cf900000|  0%| F|  |TAMS 0x00000000cf800000, 0x00000000cf800000| Untracked 
| 249|0x00000000cf900000, 0x00000000cf900000, 0x00000000cfa00000|  0%| F|  |TAMS 0x00000000cf900000, 0x00000000cf900000| Untracked 
| 250|0x00000000cfa00000, 0x00000000cfa00000, 0x00000000cfb00000|  0%| F|  |TAMS 0x00000000cfa00000, 0x00000000cfa00000| Untracked 
| 251|0x00000000cfb00000, 0x00000000cfb00000, 0x00000000cfc00000|  0%| F|  |TAMS 0x00000000cfb00000, 0x00000000cfb00000| Untracked 
| 252|0x00000000cfc00000, 0x00000000cfc00000, 0x00000000cfd00000|  0%| F|  |TAMS 0x00000000cfc00000, 0x00000000cfc00000| Untracked 
| 253|0x00000000cfd00000, 0x00000000cfd00000, 0x00000000cfe00000|  0%| F|  |TAMS 0x00000000cfd00000, 0x00000000cfd00000| Untracked 
| 254|0x00000000cfe00000, 0x00000000cfe00000, 0x00000000cff00000|  0%| F|  |TAMS 0x00000000cfe00000, 0x00000000cfe00000| Untracked 
| 255|0x00000000cff00000, 0x00000000cff00000, 0x00000000d0000000|  0%| F|  |TAMS 0x00000000cff00000, 0x00000000cff00000| Untracked 
| 256|0x00000000d0000000, 0x00000000d0000000, 0x00000000d0100000|  0%| F|  |TAMS 0x00000000d0000000, 0x00000000d0000000| Untracked 
| 257|0x00000000d0100000, 0x00000000d0100000, 0x00000000d0200000|  0%| F|  |TAMS 0x00000000d0100000, 0x00000000d0100000| Untracked 
| 258|0x00000000d0200000, 0x00000000d0200000, 0x00000000d0300000|  0%| F|  |TAMS 0x00000000d0200000, 0x00000000d0200000| Untracked 
| 259|0x00000000d0300000, 0x00000000d0300000, 0x00000000d0400000|  0%| F|  |TAMS 0x00000000d0300000, 0x00000000d0300000| Untracked 
| 260|0x00000000d0400000, 0x00000000d0400000, 0x00000000d0500000|  0%| F|  |TAMS 0x00000000d0400000, 0x00000000d0400000| Untracked 
| 261|0x00000000d0500000, 0x00000000d0500000, 0x00000000d0600000|  0%| F|  |TAMS 0x00000000d0500000, 0x00000000d0500000| Untracked 
| 262|0x00000000d0600000, 0x00000000d0600000, 0x00000000d0700000|  0%| F|  |TAMS 0x00000000d0600000, 0x00000000d0600000| Untracked 
| 263|0x00000000d0700000, 0x00000000d0700000, 0x00000000d0800000|  0%| F|  |TAMS 0x00000000d0700000, 0x00000000d0700000| Untracked 
| 264|0x00000000d0800000, 0x00000000d0800000, 0x00000000d0900000|  0%| F|  |TAMS 0x00000000d0800000, 0x00000000d0800000| Untracked 
| 265|0x00000000d0900000, 0x00000000d0900000, 0x00000000d0a00000|  0%| F|  |TAMS 0x00000000d0900000, 0x00000000d0900000| Untracked 
| 266|0x00000000d0a00000, 0x00000000d0a00000, 0x00000000d0b00000|  0%| F|  |TAMS 0x00000000d0a00000, 0x00000000d0a00000| Untracked 
| 267|0x00000000d0b00000, 0x00000000d0b00000, 0x00000000d0c00000|  0%| F|  |TAMS 0x00000000d0b00000, 0x00000000d0b00000| Untracked 
| 268|0x00000000d0c00000, 0x00000000d0c00000, 0x00000000d0d00000|  0%| F|  |TAMS 0x00000000d0c00000, 0x00000000d0c00000| Untracked 
| 269|0x00000000d0d00000, 0x00000000d0d00000, 0x00000000d0e00000|  0%| F|  |TAMS 0x00000000d0d00000, 0x00000000d0d00000| Untracked 
| 270|0x00000000d0e00000, 0x00000000d0e00000, 0x00000000d0f00000|  0%| F|  |TAMS 0x00000000d0e00000, 0x00000000d0e00000| Untracked 
| 271|0x00000000d0f00000, 0x00000000d0f00000, 0x00000000d1000000|  0%| F|  |TAMS 0x00000000d0f00000, 0x00000000d0f00000| Untracked 
| 272|0x00000000d1000000, 0x00000000d1000000, 0x00000000d1100000|  0%| F|  |TAMS 0x00000000d1000000, 0x00000000d1000000| Untracked 
| 273|0x00000000d1100000, 0x00000000d1100000, 0x00000000d1200000|  0%| F|  |TAMS 0x00000000d1100000, 0x00000000d1100000| Untracked 
| 274|0x00000000d1200000, 0x00000000d1200000, 0x00000000d1300000|  0%| F|  |TAMS 0x00000000d1200000, 0x00000000d1200000| Untracked 
| 275|0x00000000d1300000, 0x00000000d1300000, 0x00000000d1400000|  0%| F|  |TAMS 0x00000000d1300000, 0x00000000d1300000| Untracked 
| 276|0x00000000d1400000, 0x00000000d1400000, 0x00000000d1500000|  0%| F|  |TAMS 0x00000000d1400000, 0x00000000d1400000| Untracked 
| 277|0x00000000d1500000, 0x00000000d1500000, 0x00000000d1600000|  0%| F|  |TAMS 0x00000000d1500000, 0x00000000d1500000| Untracked 
| 278|0x00000000d1600000, 0x00000000d1600000, 0x00000000d1700000|  0%| F|  |TAMS 0x00000000d1600000, 0x00000000d1600000| Untracked 
| 279|0x00000000d1700000, 0x00000000d1700000, 0x00000000d1800000|  0%| F|  |TAMS 0x00000000d1700000, 0x00000000d1700000| Untracked 
| 280|0x00000000d1800000, 0x00000000d1800000, 0x00000000d1900000|  0%| F|  |TAMS 0x00000000d1800000, 0x00000000d1800000| Untracked 
| 281|0x00000000d1900000, 0x00000000d1900000, 0x00000000d1a00000|  0%| F|  |TAMS 0x00000000d1900000, 0x00000000d1900000| Untracked 
| 282|0x00000000d1a00000, 0x00000000d1a00000, 0x00000000d1b00000|  0%| F|  |TAMS 0x00000000d1a00000, 0x00000000d1a00000| Untracked 
| 283|0x00000000d1b00000, 0x00000000d1b00000, 0x00000000d1c00000|  0%| F|  |TAMS 0x00000000d1b00000, 0x00000000d1b00000| Untracked 
| 284|0x00000000d1c00000, 0x00000000d1c00000, 0x00000000d1d00000|  0%| F|  |TAMS 0x00000000d1c00000, 0x00000000d1c00000| Untracked 
| 285|0x00000000d1d00000, 0x00000000d1d00000, 0x00000000d1e00000|  0%| F|  |TAMS 0x00000000d1d00000, 0x00000000d1d00000| Untracked 
| 286|0x00000000d1e00000, 0x00000000d1e00000, 0x00000000d1f00000|  0%| F|  |TAMS 0x00000000d1e00000, 0x00000000d1e00000| Untracked 
| 287|0x00000000d1f00000, 0x00000000d1f00000, 0x00000000d2000000|  0%| F|  |TAMS 0x00000000d1f00000, 0x00000000d1f00000| Untracked 
| 288|0x00000000d2000000, 0x00000000d2000000, 0x00000000d2100000|  0%| F|  |TAMS 0x00000000d2000000, 0x00000000d2000000| Untracked 
| 289|0x00000000d2100000, 0x00000000d2100000, 0x00000000d2200000|  0%| F|  |TAMS 0x00000000d2100000, 0x00000000d2100000| Untracked 
| 290|0x00000000d2200000, 0x00000000d2200000, 0x00000000d2300000|  0%| F|  |TAMS 0x00000000d2200000, 0x00000000d2200000| Untracked 
| 291|0x00000000d2300000, 0x00000000d2300000, 0x00000000d2400000|  0%| F|  |TAMS 0x00000000d2300000, 0x00000000d2300000| Untracked 
| 292|0x00000000d2400000, 0x00000000d2400000, 0x00000000d2500000|  0%| F|  |TAMS 0x00000000d2400000, 0x00000000d2400000| Untracked 
| 293|0x00000000d2500000, 0x00000000d2500000, 0x00000000d2600000|  0%| F|  |TAMS 0x00000000d2500000, 0x00000000d2500000| Untracked 
| 294|0x00000000d2600000, 0x00000000d2600000, 0x00000000d2700000|  0%| F|  |TAMS 0x00000000d2600000, 0x00000000d2600000| Untracked 
| 295|0x00000000d2700000, 0x00000000d2700000, 0x00000000d2800000|  0%| F|  |TAMS 0x00000000d2700000, 0x00000000d2700000| Untracked 
| 296|0x00000000d2800000, 0x00000000d2800000, 0x00000000d2900000|  0%| F|  |TAMS 0x00000000d2800000, 0x00000000d2800000| Untracked 
| 297|0x00000000d2900000, 0x00000000d2900000, 0x00000000d2a00000|  0%| F|  |TAMS 0x00000000d2900000, 0x00000000d2900000| Untracked 
| 298|0x00000000d2a00000, 0x00000000d2a8e990, 0x00000000d2b00000| 55%| S|CS|TAMS 0x00000000d2a00000, 0x00000000d2a00000| Complete 
| 299|0x00000000d2b00000, 0x00000000d2c00000, 0x00000000d2c00000|100%| S|CS|TAMS 0x00000000d2b00000, 0x00000000d2b00000| Complete 
| 300|0x00000000d2c00000, 0x00000000d2d00000, 0x00000000d2d00000|100%| S|CS|TAMS 0x00000000d2c00000, 0x00000000d2c00000| Complete 
| 301|0x00000000d2d00000, 0x00000000d2d00000, 0x00000000d2e00000|  0%| F|  |TAMS 0x00000000d2d00000, 0x00000000d2d00000| Untracked 
| 302|0x00000000d2e00000, 0x00000000d2e00000, 0x00000000d2f00000|  0%| F|  |TAMS 0x00000000d2e00000, 0x00000000d2e00000| Untracked 
| 303|0x00000000d2f00000, 0x00000000d2f00000, 0x00000000d3000000|  0%| F|  |TAMS 0x00000000d2f00000, 0x00000000d2f00000| Untracked 
| 304|0x00000000d3000000, 0x00000000d3000000, 0x00000000d3100000|  0%| F|  |TAMS 0x00000000d3000000, 0x00000000d3000000| Untracked 
| 305|0x00000000d3100000, 0x00000000d3100000, 0x00000000d3200000|  0%| F|  |TAMS 0x00000000d3100000, 0x00000000d3100000| Untracked 
| 306|0x00000000d3200000, 0x00000000d3200000, 0x00000000d3300000|  0%| F|  |TAMS 0x00000000d3200000, 0x00000000d3200000| Untracked 
| 307|0x00000000d3300000, 0x00000000d3300000, 0x00000000d3400000|  0%| F|  |TAMS 0x00000000d3300000, 0x00000000d3300000| Untracked 
| 308|0x00000000d3400000, 0x00000000d3400000, 0x00000000d3500000|  0%| F|  |TAMS 0x00000000d3400000, 0x00000000d3400000| Untracked 
| 309|0x00000000d3500000, 0x00000000d3500000, 0x00000000d3600000|  0%| F|  |TAMS 0x00000000d3500000, 0x00000000d3500000| Untracked 
| 310|0x00000000d3600000, 0x00000000d3600000, 0x00000000d3700000|  0%| F|  |TAMS 0x00000000d3600000, 0x00000000d3600000| Untracked 
| 311|0x00000000d3700000, 0x00000000d3700000, 0x00000000d3800000|  0%| F|  |TAMS 0x00000000d3700000, 0x00000000d3700000| Untracked 
| 312|0x00000000d3800000, 0x00000000d3800000, 0x00000000d3900000|  0%| F|  |TAMS 0x00000000d3800000, 0x00000000d3800000| Untracked 
| 313|0x00000000d3900000, 0x00000000d3900000, 0x00000000d3a00000|  0%| F|  |TAMS 0x00000000d3900000, 0x00000000d3900000| Untracked 
| 314|0x00000000d3a00000, 0x00000000d3a00000, 0x00000000d3b00000|  0%| F|  |TAMS 0x00000000d3a00000, 0x00000000d3a00000| Untracked 
| 315|0x00000000d3b00000, 0x00000000d3b00000, 0x00000000d3c00000|  0%| F|  |TAMS 0x00000000d3b00000, 0x00000000d3b00000| Untracked 
| 316|0x00000000d3c00000, 0x00000000d3c00000, 0x00000000d3d00000|  0%| F|  |TAMS 0x00000000d3c00000, 0x00000000d3c00000| Untracked 
| 317|0x00000000d3d00000, 0x00000000d3d00000, 0x00000000d3e00000|  0%| F|  |TAMS 0x00000000d3d00000, 0x00000000d3d00000| Untracked 
| 318|0x00000000d3e00000, 0x00000000d3e00000, 0x00000000d3f00000|  0%| F|  |TAMS 0x00000000d3e00000, 0x00000000d3e00000| Untracked 
| 319|0x00000000d3f00000, 0x00000000d3f00000, 0x00000000d4000000|  0%| F|  |TAMS 0x00000000d3f00000, 0x00000000d3f00000| Untracked 
| 320|0x00000000d4000000, 0x00000000d404cf00, 0x00000000d4100000| 30%| E|  |TAMS 0x00000000d4000000, 0x00000000d4000000| Complete 
| 321|0x00000000d4100000, 0x00000000d41fad20, 0x00000000d4200000| 97%| E|  |TAMS 0x00000000d4100000, 0x00000000d4100000| Complete 
| 322|0x00000000d4200000, 0x00000000d4300000, 0x00000000d4300000|100%| E|CS|TAMS 0x00000000d4200000, 0x00000000d4200000| Complete 
| 323|0x00000000d4300000, 0x00000000d4400000, 0x00000000d4400000|100%| E|CS|TAMS 0x00000000d4300000, 0x00000000d4300000| Complete 
| 324|0x00000000d4400000, 0x00000000d4500000, 0x00000000d4500000|100%| E|CS|TAMS 0x00000000d4400000, 0x00000000d4400000| Complete 
| 325|0x00000000d4500000, 0x00000000d4600000, 0x00000000d4600000|100%| E|CS|TAMS 0x00000000d4500000, 0x00000000d4500000| Complete 
| 326|0x00000000d4600000, 0x00000000d4700000, 0x00000000d4700000|100%| E|CS|TAMS 0x00000000d4600000, 0x00000000d4600000| Complete 
| 327|0x00000000d4700000, 0x00000000d4800000, 0x00000000d4800000|100%| E|CS|TAMS 0x00000000d4700000, 0x00000000d4700000| Complete 
| 328|0x00000000d4800000, 0x00000000d4900000, 0x00000000d4900000|100%| E|CS|TAMS 0x00000000d4800000, 0x00000000d4800000| Complete 
| 329|0x00000000d4900000, 0x00000000d4a00000, 0x00000000d4a00000|100%| E|CS|TAMS 0x00000000d4900000, 0x00000000d4900000| Complete 
| 330|0x00000000d4a00000, 0x00000000d4b00000, 0x00000000d4b00000|100%| E|CS|TAMS 0x00000000d4a00000, 0x00000000d4a00000| Complete 
| 331|0x00000000d4b00000, 0x00000000d4c00000, 0x00000000d4c00000|100%| E|CS|TAMS 0x00000000d4b00000, 0x00000000d4b00000| Complete 
| 332|0x00000000d4c00000, 0x00000000d4d00000, 0x00000000d4d00000|100%| E|CS|TAMS 0x00000000d4c00000, 0x00000000d4c00000| Complete 
| 333|0x00000000d4d00000, 0x00000000d4e00000, 0x00000000d4e00000|100%| E|CS|TAMS 0x00000000d4d00000, 0x00000000d4d00000| Complete 
| 334|0x00000000d4e00000, 0x00000000d4f00000, 0x00000000d4f00000|100%| E|CS|TAMS 0x00000000d4e00000, 0x00000000d4e00000| Complete 
| 335|0x00000000d4f00000, 0x00000000d5000000, 0x00000000d5000000|100%| E|CS|TAMS 0x00000000d4f00000, 0x00000000d4f00000| Complete 
| 336|0x00000000d5000000, 0x00000000d5100000, 0x00000000d5100000|100%| E|CS|TAMS 0x00000000d5000000, 0x00000000d5000000| Complete 
| 337|0x00000000d5100000, 0x00000000d5200000, 0x00000000d5200000|100%| E|CS|TAMS 0x00000000d5100000, 0x00000000d5100000| Complete 
| 338|0x00000000d5200000, 0x00000000d5300000, 0x00000000d5300000|100%| E|CS|TAMS 0x00000000d5200000, 0x00000000d5200000| Complete 
| 339|0x00000000d5300000, 0x00000000d5400000, 0x00000000d5400000|100%| E|CS|TAMS 0x00000000d5300000, 0x00000000d5300000| Complete 
| 340|0x00000000d5400000, 0x00000000d5500000, 0x00000000d5500000|100%| E|CS|TAMS 0x00000000d5400000, 0x00000000d5400000| Complete 
| 341|0x00000000d5500000, 0x00000000d5600000, 0x00000000d5600000|100%| E|CS|TAMS 0x00000000d5500000, 0x00000000d5500000| Complete 
| 342|0x00000000d5600000, 0x00000000d5700000, 0x00000000d5700000|100%| E|CS|TAMS 0x00000000d5600000, 0x00000000d5600000| Complete 
| 343|0x00000000d5700000, 0x00000000d5800000, 0x00000000d5800000|100%| E|CS|TAMS 0x00000000d5700000, 0x00000000d5700000| Complete 
| 344|0x00000000d5800000, 0x00000000d5900000, 0x00000000d5900000|100%| E|CS|TAMS 0x00000000d5800000, 0x00000000d5800000| Complete 
| 345|0x00000000d5900000, 0x00000000d5a00000, 0x00000000d5a00000|100%| E|CS|TAMS 0x00000000d5900000, 0x00000000d5900000| Complete 
| 346|0x00000000d5a00000, 0x00000000d5b00000, 0x00000000d5b00000|100%| E|CS|TAMS 0x00000000d5a00000, 0x00000000d5a00000| Complete 

Card table byte_map: [0x0000015edef20000,0x0000015edf120000] _byte_map_base: 0x0000015ede920000

Marking Bits (Prev, Next): (CMBitMap*) 0x0000015ec5b2ffe8, (CMBitMap*) 0x0000015ec5b2ffa8
 Prev Bits: [0x0000015ee0320000, 0x0000015ee1320000)
 Next Bits: [0x0000015edf320000, 0x0000015ee0320000)

Polling page: 0x0000015ec7380000

Metaspace:

Usage:
  Non-class:     66.46 MB capacity,    65.01 MB ( 98%) used,     1.24 MB (  2%) free+waste,   215.69 KB ( <1%) overhead. 
      Class:     10.74 MB capacity,    10.04 MB ( 93%) used,   621.31 KB (  6%) free+waste,    97.44 KB ( <1%) overhead. 
       Both:     77.20 MB capacity,    75.05 MB ( 97%) used,     1.84 MB (  2%) free+waste,   313.13 KB ( <1%) overhead. 

Virtual space:
  Non-class space:       68.00 MB reserved,      66.67 MB ( 98%) committed 
      Class space:        1.00 GB reserved,      10.75 MB (  1%) committed 
             Both:        1.07 GB reserved,      77.42 MB (  7%) committed 

Chunk freelists:
   Non-Class:  24.00 KB
       Class:  7.00 KB
        Both:  31.00 KB

MaxMetaspaceSize: 17179869184.00 GB
CompressedClassSpaceSize: 1.00 GB

CodeHeap 'non-profiled nmethods': size=120064Kb used=6099Kb max_used=6407Kb free=113964Kb
 bounds [0x0000015ed7290000, 0x0000015ed78e0000, 0x0000015ede7d0000]
CodeHeap 'profiled nmethods': size=120000Kb used=20924Kb max_used=21759Kb free=99075Kb
 bounds [0x0000015ecfd60000, 0x0000015ed12b0000, 0x0000015ed7290000]
CodeHeap 'non-nmethods': size=5696Kb used=2414Kb max_used=2448Kb free=3281Kb
 bounds [0x0000015ecf7d0000, 0x0000015ecfa50000, 0x0000015ecfd60000]
 total_blobs=16150 nmethods=9879 adapters=814
 compilation: enabled
              stopped_count=0, restarted_count=0
 full_count=0

Compilation events (20 events):
Event: 92.556 Thread 0x0000015ee36e3000 11846       3       java.util.concurrent.ConcurrentLinkedQueue$$Lambda$820/0x00000008015ccc40::test (5 bytes)
Event: 92.557 Thread 0x0000015ee36e3000 nmethod 11846 0x0000015ed129c410 code [0x0000015ed129c5c0, 0x0000015ed129c798]
Event: 92.557 Thread 0x0000015ee36e3000 11847  s!   3       org.gradle.internal.concurrent.CompositeStoppable::stop (123 bytes)
Event: 92.561 Thread 0x0000015ee36e3000 nmethod 11847 0x0000015ed129c890 code [0x0000015ed129cc80, 0x0000015ed129ecd0]
Event: 92.561 Thread 0x0000015ee36e3000 11848       3       org.gradle.internal.concurrent.CompositeStoppable::add (34 bytes)
Event: 92.562 Thread 0x0000015ee36e3000 nmethod 11848 0x0000015ed129fa90 code [0x0000015ed129fca0, 0x0000015ed12a0470]
Event: 92.593 Thread 0x0000015ee36e3000 11849       3       java.util.HashMap::remove (26 bytes)
Event: 92.593 Thread 0x0000015ee36e3000 nmethod 11849 0x0000015ed12a0710 code [0x0000015ed12a08e0, 0x0000015ed12a0cc0]
Event: 92.594 Thread 0x0000015ee36e3000 11851       3       jdk.internal.reflect.Label::<init> (16 bytes)
Event: 92.595 Thread 0x0000015ee36e3000 nmethod 11851 0x0000015ed12a0e10 code [0x0000015ed12a0fe0, 0x0000015ed12a1478]
Event: 92.595 Thread 0x0000015ee36e3000 11852       3       jdk.internal.reflect.Label::bind (74 bytes)
Event: 92.596 Thread 0x0000015ee36e3000 nmethod 11852 0x0000015ed12a1610 code [0x0000015ed12a1840, 0x0000015ed12a2040]
Event: 92.598 Thread 0x0000015ee36e3000 11853       3       java.util.concurrent.ConcurrentLinkedQueue::iterator (9 bytes)
Event: 92.598 Thread 0x0000015ee36e3000 nmethod 11853 0x0000015ed12a2310 code [0x0000015ed12a24c0, 0x0000015ed12a26f0]
Event: 92.610 Thread 0x0000015ee36e3000 11854       3       java.util.concurrent.SynchronousQueue$TransferStack::shouldSpin (30 bytes)
Event: 92.611 Thread 0x0000015ee36e3000 nmethod 11854 0x0000015ed12a2790 code [0x0000015ed12a2940, 0x0000015ed12a2c58]
Event: 92.611 Thread 0x0000015ee36e3000 11855       3       java.lang.Thread::onSpinWait (1 bytes)
Event: 92.611 Thread 0x0000015ee36e3000 nmethod 11855 0x0000015ed0fe5710 code [0x0000015ed0fe58a0, 0x0000015ed0fe59d8]
Event: 92.620 Thread 0x0000015ee36e3000 11856       1       org.gradle.cache.internal.DefaultFileLockManager$DefaultFileLock::access$300 (5 bytes)
Event: 92.621 Thread 0x0000015ee36e3000 nmethod 11856 0x0000015ed78d1a10 code [0x0000015ed78d1ba0, 0x0000015ed78d1c98]

GC Heap History (20 events):
Event: 74.091 GC heap before
{Heap before GC invocations=76 (full 0):
 garbage-first heap   total 306176K, used 196608K [0x00000000c0000000, 0x0000000100000000)
  region size 1024K, 32 young (32768K), 5 survivors (5120K)
 Metaspace       used 69577K, capacity 71554K, committed 71728K, reserved 1112064K
  class space    used 9423K, capacity 10088K, committed 10112K, reserved 1048576K
}
Event: 74.213 GC heap after
{Heap after GC invocations=77 (full 0):
 garbage-first heap   total 306176K, used 178688K [0x00000000c0000000, 0x0000000100000000)
  region size 1024K, 4 young (4096K), 4 survivors (4096K)
 Metaspace       used 69577K, capacity 71554K, committed 71728K, reserved 1112064K
  class space    used 9423K, capacity 10088K, committed 10112K, reserved 1048576K
}
Event: 74.261 GC heap before
{Heap before GC invocations=77 (full 0):
 garbage-first heap   total 306176K, used 178688K [0x00000000c0000000, 0x0000000100000000)
  region size 1024K, 5 young (5120K), 4 survivors (4096K)
 Metaspace       used 69577K, capacity 71554K, committed 71728K, reserved 1112064K
  class space    used 9423K, capacity 10088K, committed 10112K, reserved 1048576K
}
Event: 74.305 GC heap after
{Heap after GC invocations=78 (full 0):
 garbage-first heap   total 306176K, used 180029K [0x00000000c0000000, 0x0000000100000000)
  region size 1024K, 1 young (1024K), 1 survivors (1024K)
 Metaspace       used 69577K, capacity 71554K, committed 71728K, reserved 1112064K
  class space    used 9423K, capacity 10088K, committed 10112K, reserved 1048576K
}
Event: 75.619 GC heap before
{Heap before GC invocations=79 (full 0):
 garbage-first heap   total 306176K, used 185149K [0x00000000c0000000, 0x0000000100000000)
  region size 1024K, 6 young (6144K), 1 survivors (1024K)
 Metaspace       used 69578K, capacity 71554K, committed 71728K, reserved 1112064K
  class space    used 9423K, capacity 10088K, committed 10112K, reserved 1048576K
}
Event: 75.653 GC heap after
{Heap after GC invocations=80 (full 0):
 garbage-first heap   total 306176K, used 182152K [0x00000000c0000000, 0x0000000100000000)
  region size 1024K, 2 young (2048K), 2 survivors (2048K)
 Metaspace       used 69578K, capacity 71554K, committed 71728K, reserved 1112064K
  class space    used 9423K, capacity 10088K, committed 10112K, reserved 1048576K
}
Event: 78.166 GC heap before
{Heap before GC invocations=81 (full 0):
 garbage-first heap   total 332800K, used 210824K [0x00000000c0000000, 0x0000000100000000)
  region size 1024K, 24 young (24576K), 2 survivors (2048K)
 Metaspace       used 69845K, capacity 71834K, committed 72112K, reserved 1112064K
  class space    used 9449K, capacity 10134K, committed 10240K, reserved 1048576K
}
Event: 78.233 GC heap after
{Heap after GC invocations=82 (full 0):
 garbage-first heap   total 332800K, used 194688K [0x00000000c0000000, 0x0000000100000000)
  region size 1024K, 5 young (5120K), 5 survivors (5120K)
 Metaspace       used 69845K, capacity 71834K, committed 72112K, reserved 1112064K
  class space    used 9449K, capacity 10134K, committed 10240K, reserved 1048576K
}
Event: 79.853 GC heap before
{Heap before GC invocations=83 (full 0):
 garbage-first heap   total 336896K, used 211072K [0x00000000c0000000, 0x0000000100000000)
  region size 1024K, 16 young (16384K), 5 survivors (5120K)
 Metaspace       used 69981K, capacity 71980K, committed 72112K, reserved 1112064K
  class space    used 9459K, capacity 10139K, committed 10240K, reserved 1048576K
}
Event: 79.906 GC heap after
{Heap after GC invocations=84 (full 0):
 garbage-first heap   total 336896K, used 205184K [0x00000000c0000000, 0x0000000100000000)
  region size 1024K, 6 young (6144K), 6 survivors (6144K)
 Metaspace       used 69981K, capacity 71980K, committed 72112K, reserved 1112064K
  class space    used 9459K, capacity 10139K, committed 10240K, reserved 1048576K
}
Event: 81.214 GC heap before
{Heap before GC invocations=85 (full 0):
 garbage-first heap   total 347136K, used 206208K [0x00000000c0000000, 0x0000000100000000)
  region size 1024K, 8 young (8192K), 6 survivors (6144K)
 Metaspace       used 69981K, capacity 71980K, committed 72112K, reserved 1112064K
  class space    used 9459K, capacity 10139K, committed 10240K, reserved 1048576K
}
Event: 81.256 GC heap after
{Heap after GC invocations=86 (full 0):
 garbage-first heap   total 347136K, used 207162K [0x00000000c0000000, 0x0000000100000000)
  region size 1024K, 4 young (4096K), 4 survivors (4096K)
 Metaspace       used 69981K, capacity 71980K, committed 72112K, reserved 1112064K
  class space    used 9459K, capacity 10139K, committed 10240K, reserved 1048576K
}
Event: 82.833 GC heap before
{Heap before GC invocations=87 (full 0):
 garbage-first heap   total 352256K, used 250170K [0x00000000c0000000, 0x0000000100000000)
  region size 1024K, 42 young (43008K), 4 survivors (4096K)
 Metaspace       used 70123K, capacity 72127K, committed 72368K, reserved 1112064K
  class space    used 9479K, capacity 10144K, committed 10240K, reserved 1048576K
}
Event: 82.861 GC heap after
{Heap after GC invocations=88 (full 0):
 garbage-first heap   total 352256K, used 216879K [0x00000000c0000000, 0x0000000100000000)
  region size 1024K, 6 young (6144K), 6 survivors (6144K)
 Metaspace       used 70123K, capacity 72127K, committed 72368K, reserved 1112064K
  class space    used 9479K, capacity 10144K, committed 10240K, reserved 1048576K
}
Event: 84.463 GC heap before
{Heap before GC invocations=89 (full 0):
 garbage-first heap   total 355328K, used 266031K [0x00000000c0000000, 0x0000000100000000)
  region size 1024K, 45 young (46080K), 6 survivors (6144K)
 Metaspace       used 70202K, capacity 72204K, committed 72368K, reserved 1112064K
  class space    used 9482K, capacity 10148K, committed 10240K, reserved 1048576K
}
Event: 84.494 GC heap after
{Heap after GC invocations=90 (full 0):
 garbage-first heap   total 355328K, used 229490K [0x00000000c0000000, 0x0000000100000000)
  region size 1024K, 4 young (4096K), 4 survivors (4096K)
 Metaspace       used 70202K, capacity 72204K, committed 72368K, reserved 1112064K
  class space    used 9482K, capacity 10148K, committed 10240K, reserved 1048576K
}
Event: 85.518 GC heap before
{Heap before GC invocations=90 (full 0):
 garbage-first heap   total 355328K, used 242802K [0x00000000c0000000, 0x0000000100000000)
  region size 1024K, 17 young (17408K), 4 survivors (4096K)
 Metaspace       used 70431K, capacity 72430K, committed 72624K, reserved 1112064K
  class space    used 9498K, capacity 10175K, committed 10240K, reserved 1048576K
}
Event: 85.680 GC heap after
{Heap after GC invocations=91 (full 0):
 garbage-first heap   total 355328K, used 215396K [0x00000000c0000000, 0x0000000100000000)
  region size 1024K, 1 young (1024K), 1 survivors (1024K)
 Metaspace       used 70431K, capacity 72430K, committed 72624K, reserved 1112064K
  class space    used 9498K, capacity 10175K, committed 10240K, reserved 1048576K
}
Event: 89.134 GC heap before
{Heap before GC invocations=91 (full 0):
 garbage-first heap   total 355328K, used 261476K [0x00000000c0000000, 0x0000000100000000)
  region size 1024K, 46 young (47104K), 1 survivors (1024K)
 Metaspace       used 74372K, capacity 76471K, committed 76720K, reserved 1116160K
  class space    used 10002K, capacity 10703K, committed 10752K, reserved 1048576K
}
Event: 89.165 GC heap after
{Heap after GC invocations=92 (full 0):
 garbage-first heap   total 355328K, used 217373K [0x00000000c0000000, 0x0000000100000000)
  region size 1024K, 3 young (3072K), 3 survivors (3072K)
 Metaspace       used 74372K, capacity 76471K, committed 76720K, reserved 1116160K
  class space    used 10002K, capacity 10703K, committed 10752K, reserved 1048576K
}

Deoptimization events (20 events):
Event: 92.248 Thread 0x0000015ee5160800 Uncommon trap: trap_request=0xffffff45 fr.pc=0x0000015ed762dc18 relative=0x0000000000000178
Event: 92.248 Thread 0x0000015ee5160800 Uncommon trap: reason=unstable_if action=reinterpret pc=0x0000015ed762dc18 method=org.gradle.internal.io.StreamByteBuffer.prepareRead()I @ 30 c2
Event: 92.248 Thread 0x0000015ee5160800 DEOPT PACKING pc=0x0000015ed762dc18 sp=0x0000001d48ffd5a0
Event: 92.248 Thread 0x0000015ee5160800 DEOPT UNPACKING pc=0x0000015ecf81942f sp=0x0000001d48ffd550 mode 2
Event: 92.339 Thread 0x0000015ee5160800 Uncommon trap: trap_request=0xffffffc6 fr.pc=0x0000015ed761903c relative=0x00000000000003dc
Event: 92.339 Thread 0x0000015ee5160800 Uncommon trap: reason=bimorphic_or_optimized_type_check action=maybe_recompile pc=0x0000015ed761903c method=com.google.common.cache.LocalCache$Segment.getEntry(Ljava/lang/Object;I)Lcom/google/common/cache/ReferenceEntry; @ 11 c2
Event: 92.339 Thread 0x0000015ee5160800 DEOPT PACKING pc=0x0000015ed761903c sp=0x0000001d48ffc1b0
Event: 92.339 Thread 0x0000015ee5160800 DEOPT UNPACKING pc=0x0000015ecf81942f sp=0x0000001d48ffc0d0 mode 2
Event: 92.343 Thread 0x0000015ee5160800 Uncommon trap: trap_request=0xffffffc6 fr.pc=0x0000015ed761903c relative=0x00000000000003dc
Event: 92.343 Thread 0x0000015ee5160800 Uncommon trap: reason=bimorphic_or_optimized_type_check action=maybe_recompile pc=0x0000015ed761903c method=com.google.common.cache.LocalCache$Segment.getEntry(Ljava/lang/Object;I)Lcom/google/common/cache/ReferenceEntry; @ 11 c2
Event: 92.343 Thread 0x0000015ee5160800 DEOPT PACKING pc=0x0000015ed761903c sp=0x0000001d48ffca60
Event: 92.343 Thread 0x0000015ee5160800 DEOPT UNPACKING pc=0x0000015ecf81942f sp=0x0000001d48ffc980 mode 2
Event: 92.597 Thread 0x0000015ee5160800 Uncommon trap: trap_request=0xffffff45 fr.pc=0x0000015ed7375f18 relative=0x00000000000006b8
Event: 92.597 Thread 0x0000015ee5160800 Uncommon trap: reason=unstable_if action=reinterpret pc=0x0000015ed7375f18 method=java.util.HashMap$HashIterator.<init>(Ljava/util/HashMap;)V @ 45 c2
Event: 92.597 Thread 0x0000015ee5160800 DEOPT PACKING pc=0x0000015ed7375f18 sp=0x0000001d48ffdbb0
Event: 92.597 Thread 0x0000015ee5160800 DEOPT UNPACKING pc=0x0000015ecf81942f sp=0x0000001d48ffda40 mode 2
Event: 92.605 Thread 0x0000015ee5160800 Uncommon trap: trap_request=0xffffff45 fr.pc=0x0000015ed73e61f0 relative=0x0000000000000150
Event: 92.605 Thread 0x0000015ee5160800 Uncommon trap: reason=unstable_if action=reinterpret pc=0x0000015ed73e61f0 method=java.util.concurrent.TimeUnit.convert(JLjava/util/concurrent/TimeUnit;)J @ 8 c2
Event: 92.605 Thread 0x0000015ee5160800 DEOPT PACKING pc=0x0000015ed73e61f0 sp=0x0000001d48ffd030
Event: 92.605 Thread 0x0000015ee5160800 DEOPT UNPACKING pc=0x0000015ecf81942f sp=0x0000001d48ffcfe0 mode 2

Classes unloaded (18 events):
Event: 51.230 Thread 0x0000015ec5bcc800 Unloading class 0x00000008013e6440 'org/gradle/api/internal/artifacts/transform/DefaultTransformerInvocationFactory$2$$Lambda$552'
Event: 51.230 Thread 0x0000015ec5bcc800 Unloading class 0x00000008013d2c40 'java/lang/invoke/LambdaForm$MH'
Event: 51.230 Thread 0x0000015ec5bcc800 Unloading class 0x00000008013d1840 'java/lang/invoke/LambdaForm$DMH'
Event: 51.230 Thread 0x0000015ec5bcc800 Unloading class 0x00000008013d1440 'org/gradle/api/internal/artifacts/transform/DefaultTransformerInvocationFactory$$Lambda$522'
Event: 51.230 Thread 0x0000015ec5bcc800 Unloading class 0x00000008013d0840 'org/gradle/api/internal/artifacts/transform/TransformationStep$$Lambda$520'
Event: 51.230 Thread 0x0000015ec5bcc800 Unloading class 0x00000008013a9440 'org/gradle/api/internal/artifacts/transform/TransformationStep$$Lambda$516'
Event: 51.230 Thread 0x0000015ec5bcc800 Unloading class 0x00000008013a9c40 'org/gradle/api/internal/artifacts/transform/TransformationStep$$Lambda$515'
Event: 51.230 Thread 0x0000015ec5bcc800 Unloading class 0x00000008013aa040 'org/gradle/execution/plan/DefaultPlanExecutor$ExecutorWorker$$Lambda$512'
Event: 51.230 Thread 0x0000015ec5bcc800 Unloading class 0x00000008013abc40 'org/gradle/execution/plan/DefaultPlanExecutor$ExecutorWorker$$Lambda$507'
Event: 70.443 Thread 0x0000015ec5bcc800 Unloading class 0x00000008014a3040 'com/android/tools/r8/dex/n$$Lambda$686'
Event: 70.443 Thread 0x0000015ec5bcc800 Unloading class 0x00000008014a4c40 'java/lang/invoke/LambdaForm$DMH'
Event: 70.443 Thread 0x0000015ec5bcc800 Unloading class 0x00000008014a5840 'com/android/tools/r8/dex/n$$Lambda$678'
Event: 70.443 Thread 0x0000015ec5bcc800 Unloading class 0x00000008014a6c40 'com/android/tools/r8/dex/n$$Lambda$676'
Event: 70.443 Thread 0x0000015ec5bcc800 Unloading class 0x00000008014a6840 'com/android/tools/r8/dex/n$$Lambda$675'
Event: 70.443 Thread 0x0000015ec5bcc800 Unloading class 0x00000008014a7040 'com/android/tools/r8/dex/n$$Lambda$673'
Event: 70.443 Thread 0x0000015ec5bcc800 Unloading class 0x00000008014a0040 'com/android/tools/r8/dex/n$$Lambda$666'
Event: 70.443 Thread 0x0000015ec5bcc800 Unloading class 0x000000080147a040 'com/android/tools/r8/dex/n$$Lambda$664'
Event: 70.443 Thread 0x0000015ec5bcc800 Unloading class 0x000000080147b440 'com/android/tools/r8/dex/n$$Lambda$662'

Classes redefined (0 events):
No events

Internal exceptions (20 events):
Event: 71.579 Thread 0x0000015ee9023800 Exception <a 'java/lang/NoSuchMethodError'{0x00000000d12875c0}: 'long java.lang.invoke.DirectMethodHandle$Holder.invokeStatic(java.lang.Object, java.lang.Object)'> (0x00000000d12875c0) 
thrown [t:/workspace/open/src/hotspot/share/interpreter/linkResolver.cpp, line 767]
Event: 71.603 Thread 0x0000015ee5b54000 Exception <a 'java/lang/NoSuchMethodError'{0x00000000d1148848}: 'void java.lang.invoke.DirectMethodHandle$Holder.invokeSpecial(java.lang.Object, java.lang.Object, int, java.lang.Object)'> (0x00000000d1148848) 
thrown [t:/workspace/open/src/hotspot/share/interpreter/linkResolver.cpp, line 767]
Event: 72.056 Thread 0x0000015ee9023800 Implicit null exception at 0x0000015ed7709a9e to 0x0000015ed770a466
Event: 79.682 Thread 0x0000015ee5b54000 Implicit null exception at 0x0000015ed77095dc to 0x0000015ed770972e
Event: 84.302 Thread 0x0000015ee5b54000 Exception <a 'java/lang/NoSuchMethodError'{0x00000000d44ad208}: 'void java.lang.invoke.DirectMethodHandle$Holder.invokeVirtual(java.lang.Object, java.lang.Object, int)'> (0x00000000d44ad208) 
thrown [t:/workspace/open/src/hotspot/share/interpreter/linkResolver.cpp, line 767]
Event: 86.015 Thread 0x0000015ee5b54000 Exception <a 'sun/nio/fs/WindowsException'{0x00000000d569cb38}> (0x00000000d569cb38) 
thrown [t:/workspace/open/src/hotspot/share/prims/jni.cpp, line 598]
Event: 88.416 Thread 0x0000015ee9024800 Exception <a 'java/lang/NoSuchMethodError'{0x00000000d336b0a8}: static Lcom/android/build/gradle/tasks/PackageAndroidArtifact$SplitterParams;.<clinit>()V> (0x00000000d336b0a8) 
thrown [t:/workspace/open/src/hotspot/share/prims/jni.cpp, line 1347]
Event: 88.416 Thread 0x0000015ee9024800 Exception <a 'java/lang/NoSuchMethodError'{0x00000000d336e7c0}: static Lcom/android/build/gradle/internal/scope/BuildElementsTransformParams;.<clinit>()V> (0x00000000d336e7c0) 
thrown [t:/workspace/open/src/hotspot/share/prims/jni.cpp, line 1347]
Event: 88.422 Thread 0x0000015ee9024800 Exception <a 'java/lang/NoSuchMethodError'{0x00000000d33b1188}: static Lcom/android/build/gradle/internal/scope/DefaultApkData;.<clinit>()V> (0x00000000d33b1188) 
thrown [t:/workspace/open/src/hotspot/share/prims/jni.cpp, line 1347]
Event: 88.902 Thread 0x0000015ee9023800 Exception <a 'sun/nio/fs/WindowsException'{0x00000000d31b90d0}> (0x00000000d31b90d0) 
thrown [t:/workspace/open/src/hotspot/share/prims/jni.cpp, line 598]
Event: 88.946 Thread 0x0000015ee9023800 Implicit null exception at 0x0000015ed74ed5f7 to 0x0000015ed74efa42
Event: 89.125 Thread 0x0000015ee9023800 Exception <a 'java/lang/NoSuchMethodError'{0x00000000d2dca220}: 'java.lang.Object java.lang.invoke.Invokers$Holder.linkToTargetMethod(java.lang.Object, java.lang.Object, java.lang.Object, java.lang.Object, int, java.lang.Object, java.lang.Object)'> (0x00000000d2dca220) 
thrown [t:/workspace/open/src/hotspot/share/interpreter/linkResolver.cpp, line 767]
Event: 89.723 Thread 0x0000015ee9023800 Exception <a 'java/lang/NoSuchMethodError'{0x00000000d565c148}: 'java.lang.Object java.lang.invoke.DirectMethodHandle$Holder.invokeStatic(java.lang.Object, java.lang.Object, java.lang.Object, java.lang.Object, java.lang.Object, java.lang.Object, java.lang.Object, int)'> (0x00000000d565c148) 
thrown [t:/workspace/open/src/hotspot/share/interpreter/linkResolver.cpp, line 767]
Event: 89.725 Thread 0x0000015ee9023800 Exception <a 'java/lang/NoSuchMethodError'{0x00000000d565fff8}: 'java.lang.Object java.lang.invoke.DirectMethodHandle$Holder.invokeSpecial(java.lang.Object, java.lang.Object, java.lang.Object, java.lang.Object, java.lang.Object, java.lang.Object, java.lang.Object, java.lang.Object, int)'> (0x00000000d565fff8) 
thrown [t:/workspace/open/src/hotspot/share/interpreter/linkResolver.cpp, line 767]
Event: 89.725 Thread 0x0000015ee9023800 Exception <a 'java/lang/NoSuchMethodError'{0x00000000d5663788}: 'java.lang.Object java.lang.invoke.Invokers$Holder.linkToTargetMethod(java.lang.Object, java.lang.Object, java.lang.Object, java.lang.Object, java.lang.Object, java.lang.Object, int, java.lang.Object)'> (0x00000000d5663788) 
thrown [t:/workspace/open/src/hotspot/share/interpreter/linkResolver.cpp, line 767]
Event: 91.618 Thread 0x0000015ee9023800 Exception <a 'java/lang/ClassNotFoundException'{0x00000000d4cc5b90}: sun/misc/SharedSecrets> (0x00000000d4cc5b90) 
thrown [t:/workspace/open/src/hotspot/share/classfile/systemDictionary.cpp, line 232]
Event: 91.622 Thread 0x0000015ee9024800 Exception <a 'java/lang/reflect/InvocationTargetException'{0x00000000d4b8ebe8}> (0x00000000d4b8ebe8) 
thrown [t:/workspace/open/src/hotspot/share/runtime/reflection.cpp, line 1188]
Event: 91.767 Thread 0x0000015ee57c4800 Exception <a 'java/lang/NoSuchMethodError'{0x00000000d498e578}: static Lorg/gradle/internal/build/event/types/DefaultTaskFailureResult;.<clinit>()V> (0x00000000d498e578) 
thrown [t:/workspace/open/src/hotspot/share/prims/jni.cpp, line 1347]
Event: 91.770 Thread 0x0000015ee57c4800 Exception <a 'java/lang/NoSuchMethodError'{0x00000000d49a0a48}: static Lorg/gradle/internal/build/event/types/DefaultFailure;.<clinit>()V> (0x00000000d49a0a48) 
thrown [t:/workspace/open/src/hotspot/share/prims/jni.cpp, line 1347]
Event: 92.012 Thread 0x0000015ee5160800 Exception <a 'sun/nio/fs/WindowsException'{0x00000000d484bd38}> (0x00000000d484bd38) 
thrown [t:/workspace/open/src/hotspot/share/prims/jni.cpp, line 598]

Events (20 events):
Event: 92.661 loading class com/google/common/cache/LocalCache$WriteThroughEntry
Event: 92.661 loading class com/google/common/cache/LocalCache$WriteThroughEntry done
Event: 92.663 Executing VM operation: RevokeBias
Event: 92.665 loading class org/gradle/cache/internal/VersionSpecificCacheCleanupAction$MinimumTimestampProvider
Event: 92.665 loading class org/gradle/cache/internal/VersionSpecificCacheCleanupAction$MinimumTimestampProvider done
Event: 92.666 loading class com/google/common/collect/TreeMultimap
Event: 92.666 loading class com/google/common/collect/TreeMultimap done
Event: 92.666 Executing VM operation: RevokeBias done
Event: 92.667 loading class com/google/wireless/android/sdk/stats/AndroidStudioEvent
Event: 92.667 loading class com/google/wireless/android/sdk/stats/AndroidStudioEvent done
Event: 92.677 loading class com/google/common/collect/AbstractSortedKeySortedSetMultimap
Event: 92.677 loading class com/google/common/collect/AbstractSortedKeySortedSetMultimap done
Event: 92.689 loading class com/google/common/collect/AbstractSortedSetMultimap
Event: 92.689 loading class com/google/common/collect/AbstractSortedSetMultimap done
Event: 92.690 Executing VM operation: Deoptimize
Event: 92.692 Executing VM operation: Deoptimize done
Event: 92.693 loading class org/apache/commons/io/filefilter/FileFilterUtils
Event: 92.693 loading class org/apache/commons/io/filefilter/FileFilterUtils done
Event: 92.712 loading class com/google/wireless/android/sdk/stats/AndroidStudioEventOrBuilder
Event: 92.712 loading class com/google/wireless/android/sdk/stats/AndroidStudioEventOrBuilder done


Dynamic libraries:
0x00007ff7421b0000 - 0x00007ff7421bf000 	C:\Program Files\Java\jdk-13.0.2\bin\java.exe
0x00007ffa41bc0000 - 0x00007ffa41dad000 	C:\Windows\SYSTEM32\ntdll.dll
0x00007ffa3f440000 - 0x00007ffa3f4f3000 	C:\Windows\System32\KERNEL32.DLL
0x00007ffa3e850000 - 0x00007ffa3eae5000 	C:\Windows\System32\KERNELBASE.dll
0x00007ffa3eba0000 - 0x00007ffa3ec9a000 	C:\Windows\System32\ucrtbase.dll
0x00007ffa37f00000 - 0x00007ffa37f18000 	C:\Program Files\Java\jdk-13.0.2\bin\jli.dll
0x00007ffa3fcf0000 - 0x00007ffa3fd93000 	C:\Windows\System32\ADVAPI32.dll
0x00007ffa3ee40000 - 0x00007ffa3eede000 	C:\Windows\System32\msvcrt.dll
0x00007ffa41390000 - 0x00007ffa4142e000 	C:\Windows\System32\sechost.dll
0x00007ffa41760000 - 0x00007ffa41882000 	C:\Windows\System32\RPCRT4.dll
0x00007ffa3f770000 - 0x00007ffa3f907000 	C:\Windows\System32\USER32.dll
0x00007ffa3eca0000 - 0x00007ffa3ecc0000 	C:\Windows\System32\win32u.dll
0x00007ffa41900000 - 0x00007ffa41929000 	C:\Windows\System32\GDI32.dll
0x00007ffa3e420000 - 0x00007ffa3e5b9000 	C:\Windows\System32\gdi32full.dll
0x00007ffa3ed40000 - 0x00007ffa3ede0000 	C:\Windows\System32\msvcp_win.dll
0x00007ffa37980000 - 0x00007ffa37995000 	C:\Program Files\Java\jdk-13.0.2\bin\VCRUNTIME140.dll
0x00007ffa2bb90000 - 0x00007ffa2be09000 	C:\Windows\WinSxS\amd64_microsoft.windows.common-controls_6595b64144ccf1df_6.0.17763.1217_none_de6e4304534e0ad3\COMCTL32.dll
0x00007ffa41430000 - 0x00007ffa4175c000 	C:\Windows\System32\combase.dll
0x00007ffa3ecc0000 - 0x00007ffa3ed3e000 	C:\Windows\System32\bcryptPrimitives.dll
0x00007ffa398b0000 - 0x00007ffa398ba000 	C:\Windows\SYSTEM32\VERSION.dll
0x00007ffa3f610000 - 0x00007ffa3f63e000 	C:\Windows\System32\IMM32.DLL
0x00007ffa36db0000 - 0x00007ffa36e4b000 	C:\Program Files\Java\jdk-13.0.2\bin\msvcp140.dll
0x00007ffa12530000 - 0x00007ffa1308d000 	C:\Program Files\Java\jdk-13.0.2\bin\server\jvm.dll
0x00007ffa3f910000 - 0x00007ffa3f918000 	C:\Windows\System32\PSAPI.DLL
0x00007ffa37ef0000 - 0x00007ffa37ef9000 	C:\Windows\SYSTEM32\WSOCK32.dll
0x00007ffa3bcd0000 - 0x00007ffa3bcf4000 	C:\Windows\SYSTEM32\WINMM.dll
0x00007ffa41890000 - 0x00007ffa418fd000 	C:\Windows\System32\WS2_32.dll
0x00007ffa3bca0000 - 0x00007ffa3bccd000 	C:\Windows\SYSTEM32\WINMMBASE.dll
0x00007ffa3dc80000 - 0x00007ffa3dcca000 	C:\Windows\System32\cfgmgr32.dll
0x00007ffa3dc60000 - 0x00007ffa3dc71000 	C:\Windows\System32\kernel.appcore.dll
0x00007ffa37bc0000 - 0x00007ffa37bd0000 	C:\Program Files\Java\jdk-13.0.2\bin\verify.dll
0x00007ffa31e00000 - 0x00007ffa31fed000 	C:\Windows\SYSTEM32\DBGHELP.DLL
0x00007ffa31dd0000 - 0x00007ffa31dfa000 	C:\Windows\SYSTEM32\dbgcore.DLL
0x00007ffa37720000 - 0x00007ffa37746000 	C:\Program Files\Java\jdk-13.0.2\bin\java.dll
0x00007ffa37700000 - 0x00007ffa37717000 	C:\Program Files\Java\jdk-13.0.2\bin\zip.dll
0x00007ffa37970000 - 0x00007ffa3797a000 	C:\Program Files\Java\jdk-13.0.2\bin\jimage.dll
0x00007ffa3fe70000 - 0x00007ffa41364000 	C:\Windows\System32\SHELL32.dll
0x00007ffa3f930000 - 0x00007ffa3f9d8000 	C:\Windows\System32\shcore.dll
0x00007ffa3dcd0000 - 0x00007ffa3e41e000 	C:\Windows\System32\windows.storage.dll
0x00007ffa3dc10000 - 0x00007ffa3dc34000 	C:\Windows\System32\profapi.dll
0x00007ffa3dbb0000 - 0x00007ffa3dc0d000 	C:\Windows\System32\powrprof.dll
0x00007ffa41930000 - 0x00007ffa41982000 	C:\Windows\System32\shlwapi.dll
0x00007ffa3eaf0000 - 0x00007ffa3eb07000 	C:\Windows\System32\cryptsp.dll
0x00007ffa37430000 - 0x00007ffa37449000 	C:\Program Files\Java\jdk-13.0.2\bin\net.dll
0x00007ffa31af0000 - 0x00007ffa31be2000 	C:\Windows\SYSTEM32\WINHTTP.dll
0x00007ffa3d370000 - 0x00007ffa3d3d7000 	C:\Windows\system32\mswsock.dll
0x00007ffa37410000 - 0x00007ffa37423000 	C:\Program Files\Java\jdk-13.0.2\bin\nio.dll
0x00007ffa22dd0000 - 0x00007ffa22df6000 	C:\Users\ELCOT\.gradle\caches\gradle-6.5\native\31\windows-amd64\native-platform.dll
0x00007ffa376f0000 - 0x00007ffa376f9000 	C:\Program Files\Java\jdk-13.0.2\bin\management.dll
0x00007ffa346a0000 - 0x00007ffa346ab000 	C:\Program Files\Java\jdk-13.0.2\bin\management_ext.dll
0x00007ffa3cf00000 - 0x00007ffa3cf33000 	C:\Windows\system32\rsaenh.dll
0x00007ffa3eb10000 - 0x00007ffa3eb36000 	C:\Windows\System32\bcrypt.dll
0x00007ffa3dae0000 - 0x00007ffa3db08000 	C:\Windows\SYSTEM32\USERENV.dll
0x00007ffa3d4f0000 - 0x00007ffa3d4fc000 	C:\Windows\SYSTEM32\CRYPTBASE.dll
0x00007ffa3d0a0000 - 0x00007ffa3d0dd000 	C:\Windows\SYSTEM32\IPHLPAPI.DLL
0x00007ffa41b80000 - 0x00007ffa41b88000 	C:\Windows\System32\NSI.dll
0x00007ffa35d90000 - 0x00007ffa35da6000 	C:\Windows\SYSTEM32\dhcpcsvc6.DLL
0x00007ffa35d70000 - 0x00007ffa35d8c000 	C:\Windows\SYSTEM32\dhcpcsvc.DLL
0x00007ffa3d0e0000 - 0x00007ffa3d1a7000 	C:\Windows\SYSTEM32\DNSAPI.dll
0x00007ffa3ba00000 - 0x00007ffa3ba0e000 	C:\Program Files\Java\jdk-13.0.2\bin\sunmscapi.dll
0x00007ffa3e5c0000 - 0x00007ffa3e79c000 	C:\Windows\System32\CRYPT32.dll
0x00007ffa3dc40000 - 0x00007ffa3dc52000 	C:\Windows\System32\MSASN1.dll
0x00007ffa3d5f0000 - 0x00007ffa3d616000 	C:\Windows\SYSTEM32\ncrypt.dll
0x00007ffa3d5b0000 - 0x00007ffa3d5ec000 	C:\Windows\SYSTEM32\NTASN1.dll
0x00007ffa34670000 - 0x00007ffa34695000 	C:\Program Files\Java\jdk-13.0.2\bin\sunec.dll

dbghelp: loaded successfully - version: 4.0.5 - missing functions: none
symbol engine: initialized successfully - sym options: 0x614 - pdb path: .;C:\Program Files\Java\jdk-13.0.2\bin;C:\Windows\SYSTEM32;C:\Windows\WinSxS\amd64_microsoft.windows.common-controls_6595b64144ccf1df_6.0.17763.1217_none_de6e4304534e0ad3;C:\Program Files\Java\jdk-13.0.2\bin\server;C:\Users\ELCOT\.gradle\caches\gradle-6.5\native\31\windows-amd64

VM Arguments:
jvm_args: --add-opens=java.base/java.util=ALL-UNNAMED --add-opens=java.base/java.lang=ALL-UNNAMED --add-opens=java.base/java.lang.invoke=ALL-UNNAMED --add-opens=java.prefs/java.util.prefs=ALL-UNNAMED -Xmx1024m -Dfile.encoding=windows-1252 -Duser.country=IN -Duser.language=en -Duser.variant 
java_command: org.gradle.launcher.daemon.bootstrap.GradleDaemon 6.1.1
java_class_path (initial): C:\Users\ELCOT\.gradle\caches\gradle-6.5\wrapper\dists\gradle-6.1.1-all\cfmwm155h49vnt3hynmlrsdst\gradle-6.1.1\lib\gradle-launcher-6.1.1.jar
Launcher Type: SUN_STANDARD

[Global flags]
     intx CICompilerCount                          = 2                                         {product} {ergonomic}
     uint ConcGCThreads                            = 1                                         {product} {ergonomic}
     uint G1ConcRefinementThreads                  = 2                                         {product} {ergonomic}
   size_t G1HeapRegionSize                         = 1048576                                   {product} {ergonomic}
    uintx GCDrainStackTargetSize                   = 64                                        {product} {ergonomic}
   size_t InitialHeapSize                          = 65011712                                  {product} {ergonomic}
   size_t MarkStackSize                            = 4194304                                   {product} {ergonomic}
   size_t MaxHeapSize                              = 1073741824                                {product} {command line}
   size_t MaxNewSize                               = 643825664                                 {product} {ergonomic}
   size_t MinHeapDeltaBytes                        = 1048576                                   {product} {ergonomic}
   size_t MinHeapSize                              = 8388608                                   {product} {ergonomic}
    uintx NonNMethodCodeHeapSize                   = 5826188                                {pd product} {ergonomic}
    uintx NonProfiledCodeHeapSize                  = 122916026                              {pd product} {ergonomic}
    uintx ProfiledCodeHeapSize                     = 122916026                              {pd product} {ergonomic}
    uintx ReservedCodeCacheSize                    = 251658240                              {pd product} {ergonomic}
     bool SegmentedCodeCache                       = true                                      {product} {ergonomic}
   size_t SoftMaxHeapSize                          = 1073741824                             {manageable} {ergonomic}
     bool UseCompressedClassPointers               = true                                 {lp64_product} {ergonomic}
     bool UseCompressedOops                        = true                                 {lp64_product} {ergonomic}
     bool UseG1GC                                  = true                                      {product} {ergonomic}
     bool UseLargePagesIndividualAllocation        = false                                  {pd product} {ergonomic}

Logging:
Log output configuration:
 #0: stdout all=warning uptime,level,tags
 #1: stderr all=off uptime,level,tags

Environment Variables:
JAVA_HOME=C:\Program Files\Android\Android Studio\jre
PATH=C:\Program Files\AdoptOpenJDK\jdk-11.0.7.10-hotspot\bin;C:\Program Files (x86)\Common Files\Oracle\Java\javapath;C:\MinGW\bin;C:\Windows\system32;C:\Windows;C:\Windows\System32\Wbem;C:\Windows\System32\WindowsPowerShell\v1.0\;C:\Windows\System32\OpenSSH\;C:\Program Files\nodejs\;C:\Users\ELCOT\Downloads\python-3.8.2;C:\Program Files\Dart\dart-sdk\bin;C:\drivers\chromedriver_win32.zip;C:\src\flutter\flutter_windows_v1.12.13+hotfix.9-stable\flutter\bin;C:\Program Files (x86)\Android\android-sdk\platforms\platform-tools;C:\Program Files (x86)\Android\android-sdk\platform-tools\api;C:\Downloads\installer_r16-windows.exe;C:\ProgramData\Microsoft\Windows\Start Menu\Programs\Android SDK Tools;D:\kishoreAndroid\Android\Android Studio\bin;D:\kishoreAndroid\Android\Android Studio;C:\ProgramData\Microsoft\Windows\Start Menu\Programs\Visual Studio Emulator for Android.lnk;C:\Downloads\vs_emulatorsetup.exe;C:\Program Files (x86)\Android\android-sdk\SDK Manager;D:\Kishore\platforms;C:\Users\ELCOT\AppData\Local\Programs\Python\Python38\Scripts\;C:\Users\;C:\Program Files\Android\Android Studio\jre;C:\Program Files\Java\jdk-13.0.2\bin;C:\Program Files\Java\jre1.8.0_251\bin;C:\Program Files (x86)\Android\platform-tools;C:\Downloads\python-3.8.2.exe;C:\Program Files\dotnet\;C:\Program Files\Microsoft SQL Server\130\Tools\Binn\;C:\Program Files\Microsoft SQL Server\Client SDK\ODBC\170\Tools\Binn\;D:\Git\cmd;C:\Users\ELCOT\AppData\Roaming\npm;C:\Users\ELCOT\AppData\Local\Programs\Python\Python39\Scripts\;C:\Users\ELCOT\AppData\Local\Programs\Python\Python39\;C:\Users\ELCOT\AppData\Local\ValidatorBuddy;C:\Users\ELCOT\AppData\Local\Programs\Python\Python38;C:\src\flutter\bin;D:\Heroku\bin;D:\Microsoft VS Code\bin;C:\Users\ELCOT\AppData\Roaming\npm\node_modules\firebase\node_modules\protobufjs\bin;
USERNAME=ELCOT
OS=Windows_NT
PROCESSOR_IDENTIFIER=AMD64 Family 21 Model 112 Stepping 0, AuthenticAMD



---------------  S Y S T E M  ---------------

OS: Windows 10 , 64 bit Build 17763 (10.0.17763.1158)
HyperV virtualization detected

CPU:total 2 (initial active 2) (2 cores per cpu, 1 threads per core) family 21 model 112 stepping 0, cmov, cx8, fxsr, mmx, sse, sse2, sse3, ssse3, sse4.1, sse4.2, popcnt, avx, avx2, aes, clmul, mmxext, 3dnowpref, lzcnt, sse4a, tsc, tscinvbit, tscinv, bmi1, bmi2, fma

Memory: 4k page, system-wide physical 3935M (279M free)
TotalPageFile size 5322M (AvailPageFile size 13M)
current process WorkingSet (physical memory assigned to process): 570M, peak: 578M
current process commit charge ("private bytes"): 621M, peak: 630M

vm_info: Java HotSpot(TM) 64-Bit Server VM (13.0.2+8) for windows-amd64 JRE (13.0.2+8), built on Dec 11 2019 09:20:33 by "mach5one" with unknown MS VC++:1916

END.
