#
# There is insufficient memory for the Java Runtime Environment to continue.
# Native memory allocation (mmap) failed to map 54525952 bytes for Failed to commit area from 0x00000000d4700000 to 0x00000000d7b00000 of length 54525952.
# Possible reasons:
#   The system is out of physical RAM or swap space
#   The process is running with CompressedOops enabled, and the Java Heap may be blocking the growth of the native heap
# Possible solutions:
#   Reduce memory load on the system
#   Increase physical memory or swap space
#   Check if swap backing store is full
#   Decrease Java heap size (-Xmx/-Xms)
#   Decrease number of Java threads
#   Decrease Java thread stack sizes (-Xss)
#   Set larger code cache with -XX:ReservedCodeCacheSize=
#   JVM is running with Unscaled Compressed Oops mode in which the Java heap is
#     placed in the first 4GB address space. The Java Heap base address is the
#     maximum limit for the native heap growth. Please use -XX:HeapBaseMinAddress
#     to set the Java Heap base and to place the Java Heap above 4GB virtual address.
# This output file may be truncated or incomplete.
#
#  Out of Memory Error (t:/workspace/open/src/hotspot/os/windows/os_windows.cpp:3301), pid=3884, tid=6224
#
# JRE version: Java(TM) SE Runtime Environment (13.0.2+8) (build 13.0.2+8)
# Java VM: Java HotSpot(TM) 64-Bit Server VM (13.0.2+8, mixed mode, sharing, tiered, compressed oops, g1 gc, windows-amd64)
# No core dump will be written. Minidumps are not enabled by default on client versions of Windows
#

---------------  S U M M A R Y ------------

Command Line: --add-opens=java.base/java.util=ALL-UNNAMED --add-opens=java.base/java.lang=ALL-UNNAMED --add-opens=java.base/java.lang.invoke=ALL-UNNAMED --add-opens=java.prefs/java.util.prefs=ALL-UNNAMED -Xmx1024m -Dfile.encoding=windows-1252 -Duser.country=IN -Duser.language=en -Duser.variant org.gradle.launcher.daemon.bootstrap.GradleDaemon 6.1.1

Host: AMD PRO A4-4350B R4, 5 COMPUTE CORES 2C+3G     , 2 cores, 3G,  Windows 10 , 64 bit Build 17763 (10.0.17763.1158)
Time: Mon Oct 12 20:58:28 2020 Pacific Daylight Time elapsed time: 103 seconds (0d 0h 1m 43s)

---------------  T H R E A D  ---------------

Current thread (0x00000224e000d000):  VMThread "VM Thread" [stack: 0x000000e9b3500000,0x000000e9b3600000] [id=6224]

Stack: [0x000000e9b3500000,0x000000e9b3600000]
[error occurred during error reporting (printing stack bounds), id 0xc0000005, EXCEPTION_ACCESS_VIOLATION (0xc0000005) at pc=0x00000224e84410ad]

Native frames: (J=compiled Java code, j=interpreted, Vv=VM code, C=native code)
V  [jvm.dll+0x624f9a]
V  [jvm.dll+0x770cfa]
V  [jvm.dll+0x7724af]
V  [jvm.dll+0x772a15]
V  [jvm.dll+0x7729cb]
V  [jvm.dll+0x6244df]
C  [ntdll.dll+0x66b26]
C  [ntdll.dll+0x4849]
C  [ntdll.dll+0xa350e]
C  0x00000224e84410ad

VM_Operation (0x000000e9b2efe5c0): G1CollectForAllocation, mode: safepoint, requested by thread 0x00000224fefbe800


---------------  P R O C E S S  ---------------

Threads class SMR info:
_java_thread_list=0x00000224fc741a60, length=38, elements={
0x00000224dff41800, 0x00000224fbba9000, 0x00000224fbbad000, 0x00000224fbbcd800,
0x00000224fbbd0000, 0x00000224fbbd1800, 0x00000224fbbf9000, 0x00000224fbc0d000,
0x00000224fc630800, 0x00000224fc636800, 0x00000224fd71b000, 0x00000224fdd3b800,
0x00000224fd58e800, 0x00000224fd93f800, 0x00000224fc829800, 0x00000224fc5c1000,
0x00000224fc5cc000, 0x00000224fda88000, 0x00000224fda34800, 0x00000224fc730800,
0x00000224fc72d000, 0x00000224fc72f800, 0x00000224fc72b000, 0x00000224fc72b800,
0x00000224fc72e000, 0x00000224fc731800, 0x00000224fc72c800, 0x00000224fefc2000,
0x00000224fefbf800, 0x00000224fefc0800, 0x00000224fefbd000, 0x00000224fefbc000,
0x00000224fefc3800, 0x00000224fefc1000, 0x00000224fefc3000, 0x00000224fefc4800,
0x00000224fefbe800, 0x00000224fefc9800
}

Java Threads: ( => current thread )
  0x00000224dff41800 JavaThread "main" [_thread_blocked, id=7724, stack(0x000000e9b2f00000,0x000000e9b3000000)]
  0x00000224fbba9000 JavaThread "Reference Handler" daemon [_thread_blocked, id=9612, stack(0x000000e9b3600000,0x000000e9b3700000)]
  0x00000224fbbad000 JavaThread "Finalizer" daemon [_thread_blocked, id=11656, stack(0x000000e9b3700000,0x000000e9b3800000)]
  0x00000224fbbcd800 JavaThread "Signal Dispatcher" daemon [_thread_blocked, id=4100, stack(0x000000e9b3800000,0x000000e9b3900000)]
  0x00000224fbbd0000 JavaThread "Attach Listener" daemon [_thread_blocked, id=11084, stack(0x000000e9b3900000,0x000000e9b3a00000)]
  0x00000224fbbd1800 JavaThread "C2 CompilerThread0" daemon [_thread_blocked, id=9940, stack(0x000000e9b3a00000,0x000000e9b3b00000)]
  0x00000224fbbf9000 JavaThread "C1 CompilerThread0" daemon [_thread_blocked, id=10360, stack(0x000000e9b3b00000,0x000000e9b3c00000)]
  0x00000224fbc0d000 JavaThread "Sweeper thread" daemon [_thread_blocked, id=5000, stack(0x000000e9b3c00000,0x000000e9b3d00000)]
  0x00000224fc630800 JavaThread "Common-Cleaner" daemon [_thread_blocked, id=1952, stack(0x000000e9b3d00000,0x000000e9b3e00000)]
  0x00000224fc636800 JavaThread "Service Thread" daemon [_thread_blocked, id=6976, stack(0x000000e9b3e00000,0x000000e9b3f00000)]
  0x00000224fd71b000 JavaThread "Daemon health stats" [_thread_blocked, id=9688, stack(0x000000e9b4100000,0x000000e9b4200000)]
  0x00000224fdd3b800 JavaThread "Incoming local TCP Connector on port 62883" [_thread_in_native, id=7552, stack(0x000000e9b4200000,0x000000e9b4300000)]
  0x00000224fd58e800 JavaThread "Daemon periodic checks" [_thread_blocked, id=10532, stack(0x000000e9b4300000,0x000000e9b4400000)]
  0x00000224fd93f800 JavaThread "Daemon" [_thread_blocked, id=7160, stack(0x000000e9b4400000,0x000000e9b4500000)]
  0x00000224fc829800 JavaThread "Handler for socket connection from /127.0.0.1:62883 to /127.0.0.1:62884" [_thread_in_native, id=7396, stack(0x000000e9b4500000,0x000000e9b4600000)]
  0x00000224fc5c1000 JavaThread "Cancel handler" [_thread_blocked, id=5880, stack(0x000000e9b4600000,0x000000e9b4700000)]
  0x00000224fc5cc000 JavaThread "Daemon worker" [_thread_blocked, id=5524, stack(0x000000e9b4700000,0x000000e9b4800000)]
  0x00000224fda88000 JavaThread "Asynchronous log dispatcher for DefaultDaemonConnection: socket connection from /127.0.0.1:62883 to /127.0.0.1:62884" [_thread_blocked, id=8528, stack(0x000000e9b4800000,0x000000e9b4900000)]
  0x00000224fda34800 JavaThread "Thread-8" [_thread_blocked, id=4320, stack(0x000000e9b4a00000,0x000000e9b4b00000)]
  0x00000224fc730800 JavaThread "Cache worker for journal cache (C:\Users\ELCOT\.gradle\caches\gradle-6.5\caches\journal-1)" [_thread_blocked, id=1368, stack(0x000000e9b4b00000,0x000000e9b4c00000)]
  0x00000224fc72d000 JavaThread "File lock request listener" [_thread_in_native, id=10916, stack(0x000000e9b4c00000,0x000000e9b4d00000)]
  0x00000224fc72f800 JavaThread "Cache worker for file hash cache (C:\Users\ELCOT\.gradle\caches\gradle-6.5\caches\6.1.1\fileHashes)" [_thread_blocked, id=7520, stack(0x000000e9b4d00000,0x000000e9b4e00000)]
  0x00000224fc72b000 JavaThread "Cache worker for checksums cache (D:\AndroidStudioProjects\DoChat\.gradle\checksums)" [_thread_blocked, id=8284, stack(0x000000e9b4e00000,0x000000e9b4f00000)]
  0x00000224fc72b800 JavaThread "Cache worker for file hash cache (D:\AndroidStudioProjects\DoChat\.gradle\6.1.1\fileHashes)" [_thread_blocked, id=2040, stack(0x000000e9b4f00000,0x000000e9b5000000)]
  0x00000224fc72e000 JavaThread "Cache worker for cache directory md-supplier (C:\Users\ELCOT\.gradle\caches\gradle-6.5\caches\6.1.1\md-supplier)" [_thread_blocked, id=5784, stack(0x000000e9b5000000,0x000000e9b5100000)]
  0x00000224fc731800 JavaThread "Cache worker for cache directory md-rule (C:\Users\ELCOT\.gradle\caches\gradle-6.5\caches\6.1.1\md-rule)" [_thread_blocked, id=3816, stack(0x000000e9b5100000,0x000000e9b5200000)]
  0x00000224fc72c800 JavaThread "Cache worker for execution history cache (C:\Users\ELCOT\.gradle\caches\gradle-6.5\caches\6.1.1\executionHistory)" [_thread_blocked, id=1080, stack(0x000000e9b5200000,0x000000e9b5300000)]
  0x00000224fefc2000 JavaThread "Build operations" [_thread_blocked, id=11696, stack(0x000000e9b5300000,0x000000e9b5400000)]
  0x00000224fefbf800 JavaThread "Build operations Thread 2" [_thread_blocked, id=7972, stack(0x000000e9b5400000,0x000000e9b5500000)]
  0x00000224fefc0800 JavaThread "Cache worker for Build Output Cleanup Cache (D:\AndroidStudioProjects\DoChat\.gradle\buildOutputCleanup)" [_thread_blocked, id=528, stack(0x000000e9b5500000,0x000000e9b5600000)]
  0x00000224fefbd000 JavaThread "Memory manager" [_thread_blocked, id=3640, stack(0x000000e9b5800000,0x000000e9b5900000)]
  0x00000224fefbc000 JavaThread "Cache worker for file content cache (C:\Users\ELCOT\.gradle\caches\gradle-6.5\caches\6.1.1\fileContent)" [_thread_blocked, id=5592, stack(0x000000e9b5900000,0x000000e9b5a00000)]
  0x00000224fefc3800 JavaThread "Cache worker for file content cache (D:\AndroidStudioProjects\DoChat\.gradle\6.1.1\fileContent)" [_thread_blocked, id=10648, stack(0x000000e9b5a00000,0x000000e9b5b00000)]
  0x00000224fefc1000 JavaThread "Execution worker for ':'" [_thread_blocked, id=5268, stack(0x000000e9b5b00000,0x000000e9b5c00000)]
  0x00000224fefc3000 JavaThread "Cache worker for execution history cache (D:\AndroidStudioProjects\DoChat\.gradle\6.1.1\executionHistory)" [_thread_blocked, id=1776, stack(0x000000e9b5c00000,0x000000e9b5d00000)]
  0x00000224fefc4800 JavaThread "WorkerExecutor Queue" [_thread_blocked, id=1212, stack(0x000000e9b2d00000,0x000000e9b2e00000)]
  0x00000224fefbe800 JavaThread "ForkJoinPool-1-worker-3" daemon [_thread_blocked, id=6804, stack(0x000000e9b2e00000,0x000000e9b2f00000)]
  0x00000224fefc9800 JavaThread "ForkJoinPool-1-worker-1" daemon [_thread_blocked, id=8676, stack(0x000000e9b4900000,0x000000e9b4a00000)]

Other Threads:
=>0x00000224e000d000 VMThread "VM Thread" [stack: 0x000000e9b3500000,0x000000e9b3600000] [id=6224]
  0x00000224fc638000 WatcherThread [stack: 0x000000e9b3f00000,0x000000e9b4000000] [id=9148]
  0x00000224dff6f800 GCTaskThread "GC Thread#0" [stack: 0x000000e9b3000000,0x000000e9b3100000] [id=6432]
  0x00000224fc75f000 GCTaskThread "GC Thread#1" [stack: 0x000000e9b4000000,0x000000e9b4100000] [id=9932]
  0x00000224dff79000 ConcurrentGCThread "G1 Main Marker" [stack: 0x000000e9b3100000,0x000000e9b3200000] [id=9644]
  0x00000224dff7a800 ConcurrentGCThread "G1 Conc#0" [stack: 0x000000e9b3200000,0x000000e9b3300000] [id=1700]
  0x00000224dffc6800 ConcurrentGCThread "G1 Refine#0" [stack: 0x000000e9b3300000,0x000000e9b3400000] [id=3620]
  0x00000224fed56000 ConcurrentGCThread "G1 Refine#1" [stack: 0x000000e9b5d00000,0x000000e9b5e00000] [id=8848]
  0x00000224dffc8800 ConcurrentGCThread "G1 Young RemSet Sampling" [stack: 0x000000e9b3400000,0x000000e9b3500000] [id=12244]

Threads with active compile tasks:
C2 CompilerThread0   103418 10654       4       com.android.tools.r8.graph.C::b (75 bytes)

VM state:at safepoint (normal execution)

VM Mutex/Monitor currently owned by a thread:  ([mutex/lock_event])
[0x00000224dff3dc20] Threads_lock - owner thread: 0x00000224e000d000
[0x00000224dff3db90] Heap_lock - owner thread: 0x00000224fefbe800

Heap address: 0x00000000c0000000, size: 1024 MB, Compressed Oops mode: 32-bit
Narrow klass base: 0x0000000800000000, Narrow klass shift: 3
Compressed class space size: 1073741824 Address: 0x0000000800b40000

Heap:
 garbage-first heap   total 388096K, used 206011K [0x00000000c0000000, 0x0000000100000000)
  region size 1024K, 2 young (2048K), 2 survivors (2048K)
 Metaspace       used 70055K, capacity 72005K, committed 72112K, reserved 1112064K
  class space    used 9461K, capacity 10146K, committed 10240K, reserved 1048576K
Heap Regions: E=young(eden), S=young(survivor), O=old, HS=humongous(starts), HC=humongous(continues), CS=collection set, F=free, A=archive, TAMS=top-at-mark-start (previous, next)
|   0|0x00000000c0000000, 0x00000000c0100000, 0x00000000c0100000|100%|HS|  |TAMS 0x00000000c0100000, 0x00000000c0100000| Complete 
|   1|0x00000000c0100000, 0x00000000c0200000, 0x00000000c0200000|100%|HC|  |TAMS 0x00000000c0200000, 0x00000000c0200000| Complete 
|   2|0x00000000c0200000, 0x00000000c0300000, 0x00000000c0300000|100%|HC|  |TAMS 0x00000000c0300000, 0x00000000c0300000| Complete 
|   3|0x00000000c0300000, 0x00000000c0400000, 0x00000000c0400000|100%| O|  |TAMS 0x00000000c0400000, 0x00000000c0400000| Untracked 
|   4|0x00000000c0400000, 0x00000000c0500000, 0x00000000c0500000|100%| O|  |TAMS 0x00000000c0500000, 0x00000000c0500000| Untracked 
|   5|0x00000000c0500000, 0x00000000c0600000, 0x00000000c0600000|100%| O|  |TAMS 0x00000000c0600000, 0x00000000c0600000| Untracked 
|   6|0x00000000c0600000, 0x00000000c0700000, 0x00000000c0700000|100%| O|  |TAMS 0x00000000c0700000, 0x00000000c0700000| Untracked 
|   7|0x00000000c0700000, 0x00000000c0800000, 0x00000000c0800000|100%| O|  |TAMS 0x00000000c0800000, 0x00000000c0800000| Untracked 
|   8|0x00000000c0800000, 0x00000000c0900000, 0x00000000c0900000|100%| O|  |TAMS 0x00000000c0900000, 0x00000000c0900000| Untracked 
|   9|0x00000000c0900000, 0x00000000c0900000, 0x00000000c0a00000|  0%| F|  |TAMS 0x00000000c0900000, 0x00000000c0900000| Untracked 
|  10|0x00000000c0a00000, 0x00000000c0b00000, 0x00000000c0b00000|100%| O|  |TAMS 0x00000000c0b00000, 0x00000000c0b00000| Untracked 
|  11|0x00000000c0b00000, 0x00000000c0c00000, 0x00000000c0c00000|100%| O|  |TAMS 0x00000000c0c00000, 0x00000000c0c00000| Untracked 
|  12|0x00000000c0c00000, 0x00000000c0d00000, 0x00000000c0d00000|100%| O|  |TAMS 0x00000000c0d00000, 0x00000000c0d00000| Untracked 
|  13|0x00000000c0d00000, 0x00000000c0e00000, 0x00000000c0e00000|100%| O|  |TAMS 0x00000000c0e00000, 0x00000000c0e00000| Untracked 
|  14|0x00000000c0e00000, 0x00000000c0f00000, 0x00000000c0f00000|100%| O|  |TAMS 0x00000000c0f00000, 0x00000000c0f00000| Untracked 
|  15|0x00000000c0f00000, 0x00000000c1000000, 0x00000000c1000000|100%| O|  |TAMS 0x00000000c1000000, 0x00000000c1000000| Untracked 
|  16|0x00000000c1000000, 0x00000000c1100000, 0x00000000c1100000|100%|HS|  |TAMS 0x00000000c1100000, 0x00000000c1100000| Complete 
|  17|0x00000000c1100000, 0x00000000c1200000, 0x00000000c1200000|100%|HC|  |TAMS 0x00000000c1200000, 0x00000000c1200000| Complete 
|  18|0x00000000c1200000, 0x00000000c1300000, 0x00000000c1300000|100%|HS|  |TAMS 0x00000000c1300000, 0x00000000c1300000| Complete 
|  19|0x00000000c1300000, 0x00000000c1400000, 0x00000000c1400000|100%|HC|  |TAMS 0x00000000c1400000, 0x00000000c1400000| Complete 
|  20|0x00000000c1400000, 0x00000000c1500000, 0x00000000c1500000|100%|HC|  |TAMS 0x00000000c1500000, 0x00000000c1500000| Complete 
|  21|0x00000000c1500000, 0x00000000c1600000, 0x00000000c1600000|100%|HS|  |TAMS 0x00000000c1600000, 0x00000000c1600000| Complete 
|  22|0x00000000c1600000, 0x00000000c1700000, 0x00000000c1700000|100%|HC|  |TAMS 0x00000000c1700000, 0x00000000c1700000| Complete 
|  23|0x00000000c1700000, 0x00000000c1800000, 0x00000000c1800000|100%|HC|  |TAMS 0x00000000c1800000, 0x00000000c1800000| Complete 
|  24|0x00000000c1800000, 0x00000000c1900000, 0x00000000c1900000|100%|HC|  |TAMS 0x00000000c1900000, 0x00000000c1900000| Complete 
|  25|0x00000000c1900000, 0x00000000c1a00000, 0x00000000c1a00000|100%| O|  |TAMS 0x00000000c1a00000, 0x00000000c1a00000| Untracked 
|  26|0x00000000c1a00000, 0x00000000c1b00000, 0x00000000c1b00000|100%| O|  |TAMS 0x00000000c1b00000, 0x00000000c1b00000| Untracked 
|  27|0x00000000c1b00000, 0x00000000c1c00000, 0x00000000c1c00000|100%| O|  |TAMS 0x00000000c1c00000, 0x00000000c1c00000| Untracked 
|  28|0x00000000c1c00000, 0x00000000c1d00000, 0x00000000c1d00000|100%| O|  |TAMS 0x00000000c1d00000, 0x00000000c1d00000| Untracked 
|  29|0x00000000c1d00000, 0x00000000c1e00000, 0x00000000c1e00000|100%| O|  |TAMS 0x00000000c1e00000, 0x00000000c1e00000| Untracked 
|  30|0x00000000c1e00000, 0x00000000c1f00000, 0x00000000c1f00000|100%| O|  |TAMS 0x00000000c1f00000, 0x00000000c1f00000| Untracked 
|  31|0x00000000c1f00000, 0x00000000c2000000, 0x00000000c2000000|100%| O|  |TAMS 0x00000000c2000000, 0x00000000c2000000| Untracked 
|  32|0x00000000c2000000, 0x00000000c2100000, 0x00000000c2100000|100%| O|  |TAMS 0x00000000c2100000, 0x00000000c2100000| Untracked 
|  33|0x00000000c2100000, 0x00000000c2200000, 0x00000000c2200000|100%| O|  |TAMS 0x00000000c2200000, 0x00000000c2200000| Untracked 
|  34|0x00000000c2200000, 0x00000000c2300000, 0x00000000c2300000|100%| O|  |TAMS 0x00000000c2300000, 0x00000000c2300000| Untracked 
|  35|0x00000000c2300000, 0x00000000c2400000, 0x00000000c2400000|100%|HS|  |TAMS 0x00000000c2400000, 0x00000000c2400000| Complete 
|  36|0x00000000c2400000, 0x00000000c2500000, 0x00000000c2500000|100%|HC|  |TAMS 0x00000000c2500000, 0x00000000c2500000| Complete 
|  37|0x00000000c2500000, 0x00000000c2600000, 0x00000000c2600000|100%|HC|  |TAMS 0x00000000c2600000, 0x00000000c2600000| Complete 
|  38|0x00000000c2600000, 0x00000000c2700000, 0x00000000c2700000|100%| O|  |TAMS 0x00000000c2700000, 0x00000000c2700000| Untracked 
|  39|0x00000000c2700000, 0x00000000c2800000, 0x00000000c2800000|100%| O|  |TAMS 0x00000000c2800000, 0x00000000c2800000| Untracked 
|  40|0x00000000c2800000, 0x00000000c2900000, 0x00000000c2900000|100%| O|  |TAMS 0x00000000c2900000, 0x00000000c2900000| Untracked 
|  41|0x00000000c2900000, 0x00000000c2a00000, 0x00000000c2a00000|100%| O|  |TAMS 0x00000000c2a00000, 0x00000000c2a00000| Untracked 
|  42|0x00000000c2a00000, 0x00000000c2b00000, 0x00000000c2b00000|100%|HS|  |TAMS 0x00000000c2b00000, 0x00000000c2b00000| Complete 
|  43|0x00000000c2b00000, 0x00000000c2c00000, 0x00000000c2c00000|100%|HC|  |TAMS 0x00000000c2c00000, 0x00000000c2c00000| Complete 
|  44|0x00000000c2c00000, 0x00000000c2d00000, 0x00000000c2d00000|100%| O|  |TAMS 0x00000000c2d00000, 0x00000000c2d00000| Untracked 
|  45|0x00000000c2d00000, 0x00000000c2e00000, 0x00000000c2e00000|100%| O|  |TAMS 0x00000000c2e00000, 0x00000000c2e00000| Untracked 
|  46|0x00000000c2e00000, 0x00000000c2f00000, 0x00000000c2f00000|100%| O|  |TAMS 0x00000000c2f00000, 0x00000000c2f00000| Untracked 
|  47|0x00000000c2f00000, 0x00000000c3000000, 0x00000000c3000000|100%| O|  |TAMS 0x00000000c3000000, 0x00000000c3000000| Untracked 
|  48|0x00000000c3000000, 0x00000000c3100000, 0x00000000c3100000|100%| O|  |TAMS 0x00000000c3100000, 0x00000000c3100000| Untracked 
|  49|0x00000000c3100000, 0x00000000c3200000, 0x00000000c3200000|100%| O|  |TAMS 0x00000000c3200000, 0x00000000c3200000| Untracked 
|  50|0x00000000c3200000, 0x00000000c3300000, 0x00000000c3300000|100%| O|  |TAMS 0x00000000c3300000, 0x00000000c3300000| Untracked 
|  51|0x00000000c3300000, 0x00000000c3400000, 0x00000000c3400000|100%| O|  |TAMS 0x00000000c3400000, 0x00000000c3400000| Untracked 
|  52|0x00000000c3400000, 0x00000000c3500000, 0x00000000c3500000|100%| O|  |TAMS 0x00000000c3500000, 0x00000000c3500000| Untracked 
|  53|0x00000000c3500000, 0x00000000c3600000, 0x00000000c3600000|100%| O|  |TAMS 0x00000000c3600000, 0x00000000c3600000| Untracked 
|  54|0x00000000c3600000, 0x00000000c3700000, 0x00000000c3700000|100%| O|  |TAMS 0x00000000c3700000, 0x00000000c3700000| Untracked 
|  55|0x00000000c3700000, 0x00000000c3800000, 0x00000000c3800000|100%| O|  |TAMS 0x00000000c3800000, 0x00000000c3800000| Untracked 
|  56|0x00000000c3800000, 0x00000000c3800000, 0x00000000c3900000|  0%| F|  |TAMS 0x00000000c3800000, 0x00000000c3800000| Untracked 
|  57|0x00000000c3900000, 0x00000000c3a00000, 0x00000000c3a00000|100%| O|  |TAMS 0x00000000c3a00000, 0x00000000c3a00000| Untracked 
|  58|0x00000000c3a00000, 0x00000000c3b00000, 0x00000000c3b00000|100%| O|  |TAMS 0x00000000c3b00000, 0x00000000c3b00000| Untracked 
|  59|0x00000000c3b00000, 0x00000000c3c00000, 0x00000000c3c00000|100%| O|  |TAMS 0x00000000c3c00000, 0x00000000c3c00000| Untracked 
|  60|0x00000000c3c00000, 0x00000000c3d00000, 0x00000000c3d00000|100%| O|  |TAMS 0x00000000c3d00000, 0x00000000c3d00000| Untracked 
|  61|0x00000000c3d00000, 0x00000000c3e00000, 0x00000000c3e00000|100%| O|  |TAMS 0x00000000c3e00000, 0x00000000c3e00000| Untracked 
|  62|0x00000000c3e00000, 0x00000000c3f00000, 0x00000000c3f00000|100%| O|  |TAMS 0x00000000c3f00000, 0x00000000c3f00000| Untracked 
|  63|0x00000000c3f00000, 0x00000000c4000000, 0x00000000c4000000|100%| O|  |TAMS 0x00000000c4000000, 0x00000000c4000000| Untracked 
|  64|0x00000000c4000000, 0x00000000c4100000, 0x00000000c4100000|100%| O|  |TAMS 0x00000000c4100000, 0x00000000c4100000| Untracked 
|  65|0x00000000c4100000, 0x00000000c4200000, 0x00000000c4200000|100%| O|  |TAMS 0x00000000c4200000, 0x00000000c4200000| Untracked 
|  66|0x00000000c4200000, 0x00000000c4300000, 0x00000000c4300000|100%| O|  |TAMS 0x00000000c4300000, 0x00000000c4300000| Untracked 
|  67|0x00000000c4300000, 0x00000000c4400000, 0x00000000c4400000|100%| O|  |TAMS 0x00000000c4400000, 0x00000000c4400000| Untracked 
|  68|0x00000000c4400000, 0x00000000c4500000, 0x00000000c4500000|100%| O|  |TAMS 0x00000000c4500000, 0x00000000c4500000| Untracked 
|  69|0x00000000c4500000, 0x00000000c4600000, 0x00000000c4600000|100%| O|  |TAMS 0x00000000c4600000, 0x00000000c4600000| Untracked 
|  70|0x00000000c4600000, 0x00000000c4700000, 0x00000000c4700000|100%| O|  |TAMS 0x00000000c4700000, 0x00000000c4700000| Untracked 
|  71|0x00000000c4700000, 0x00000000c4800000, 0x00000000c4800000|100%| O|  |TAMS 0x00000000c4800000, 0x00000000c4800000| Untracked 
|  72|0x00000000c4800000, 0x00000000c4900000, 0x00000000c4900000|100%| O|  |TAMS 0x00000000c4900000, 0x00000000c4900000| Untracked 
|  73|0x00000000c4900000, 0x00000000c4a00000, 0x00000000c4a00000|100%| O|  |TAMS 0x00000000c4a00000, 0x00000000c4a00000| Untracked 
|  74|0x00000000c4a00000, 0x00000000c4b00000, 0x00000000c4b00000|100%| O|  |TAMS 0x00000000c4b00000, 0x00000000c4b00000| Untracked 
|  75|0x00000000c4b00000, 0x00000000c4c00000, 0x00000000c4c00000|100%| O|  |TAMS 0x00000000c4c00000, 0x00000000c4c00000| Untracked 
|  76|0x00000000c4c00000, 0x00000000c4d00000, 0x00000000c4d00000|100%| O|  |TAMS 0x00000000c4d00000, 0x00000000c4d00000| Untracked 
|  77|0x00000000c4d00000, 0x00000000c4e00000, 0x00000000c4e00000|100%|HS|  |TAMS 0x00000000c4e00000, 0x00000000c4e00000| Complete 
|  78|0x00000000c4e00000, 0x00000000c4f00000, 0x00000000c4f00000|100%|HC|  |TAMS 0x00000000c4f00000, 0x00000000c4f00000| Complete 
|  79|0x00000000c4f00000, 0x00000000c5000000, 0x00000000c5000000|100%|HC|  |TAMS 0x00000000c5000000, 0x00000000c5000000| Complete 
|  80|0x00000000c5000000, 0x00000000c5100000, 0x00000000c5100000|100%|HC|  |TAMS 0x00000000c5100000, 0x00000000c5100000| Complete 
|  81|0x00000000c5100000, 0x00000000c5200000, 0x00000000c5200000|100%|HC|  |TAMS 0x00000000c5200000, 0x00000000c5200000| Complete 
|  82|0x00000000c5200000, 0x00000000c5300000, 0x00000000c5300000|100%|HC|  |TAMS 0x00000000c5300000, 0x00000000c5300000| Complete 
|  83|0x00000000c5300000, 0x00000000c5400000, 0x00000000c5400000|100%|HC|  |TAMS 0x00000000c5400000, 0x00000000c5400000| Complete 
|  84|0x00000000c5400000, 0x00000000c5500000, 0x00000000c5500000|100%|HC|  |TAMS 0x00000000c5500000, 0x00000000c5500000| Complete 
|  85|0x00000000c5500000, 0x00000000c5600000, 0x00000000c5600000|100%|HC|  |TAMS 0x00000000c5600000, 0x00000000c5600000| Complete 
|  86|0x00000000c5600000, 0x00000000c5700000, 0x00000000c5700000|100%| O|  |TAMS 0x00000000c5700000, 0x00000000c5700000| Untracked 
|  87|0x00000000c5700000, 0x00000000c5800000, 0x00000000c5800000|100%| O|  |TAMS 0x00000000c5800000, 0x00000000c5800000| Untracked 
|  88|0x00000000c5800000, 0x00000000c5900000, 0x00000000c5900000|100%| O|  |TAMS 0x00000000c5900000, 0x00000000c5900000| Untracked 
|  89|0x00000000c5900000, 0x00000000c5a00000, 0x00000000c5a00000|100%| O|  |TAMS 0x00000000c5a00000, 0x00000000c5a00000| Untracked 
|  90|0x00000000c5a00000, 0x00000000c5b00000, 0x00000000c5b00000|100%|HS|  |TAMS 0x00000000c5b00000, 0x00000000c5b00000| Complete 
|  91|0x00000000c5b00000, 0x00000000c5c00000, 0x00000000c5c00000|100%| O|  |TAMS 0x00000000c5c00000, 0x00000000c5c00000| Untracked 
|  92|0x00000000c5c00000, 0x00000000c5d00000, 0x00000000c5d00000|100%| O|  |TAMS 0x00000000c5d00000, 0x00000000c5d00000| Untracked 
|  93|0x00000000c5d00000, 0x00000000c5d00000, 0x00000000c5e00000|  0%| F|  |TAMS 0x00000000c5d00000, 0x00000000c5d00000| Untracked 
|  94|0x00000000c5e00000, 0x00000000c5f00000, 0x00000000c5f00000|100%|HS|  |TAMS 0x00000000c5f00000, 0x00000000c5f00000| Complete 
|  95|0x00000000c5f00000, 0x00000000c6000000, 0x00000000c6000000|100%| O|  |TAMS 0x00000000c6000000, 0x00000000c6000000| Untracked 
|  96|0x00000000c6000000, 0x00000000c6100000, 0x00000000c6100000|100%| O|  |TAMS 0x00000000c6100000, 0x00000000c6100000| Untracked 
|  97|0x00000000c6100000, 0x00000000c6200000, 0x00000000c6200000|100%| O|  |TAMS 0x00000000c6200000, 0x00000000c6200000| Untracked 
|  98|0x00000000c6200000, 0x00000000c6300000, 0x00000000c6300000|100%| O|  |TAMS 0x00000000c6300000, 0x00000000c6300000| Untracked 
|  99|0x00000000c6300000, 0x00000000c6400000, 0x00000000c6400000|100%| O|  |TAMS 0x00000000c6400000, 0x00000000c6400000| Untracked 
| 100|0x00000000c6400000, 0x00000000c6500000, 0x00000000c6500000|100%| O|  |TAMS 0x00000000c6500000, 0x00000000c6500000| Untracked 
| 101|0x00000000c6500000, 0x00000000c6600000, 0x00000000c6600000|100%| O|  |TAMS 0x00000000c6600000, 0x00000000c6600000| Untracked 
| 102|0x00000000c6600000, 0x00000000c6700000, 0x00000000c6700000|100%| O|  |TAMS 0x00000000c6700000, 0x00000000c6700000| Untracked 
| 103|0x00000000c6700000, 0x00000000c6800000, 0x00000000c6800000|100%| O|  |TAMS 0x00000000c6800000, 0x00000000c6800000| Untracked 
| 104|0x00000000c6800000, 0x00000000c6900000, 0x00000000c6900000|100%| O|  |TAMS 0x00000000c6900000, 0x00000000c6900000| Untracked 
| 105|0x00000000c6900000, 0x00000000c6a00000, 0x00000000c6a00000|100%| O|  |TAMS 0x00000000c6a00000, 0x00000000c6a00000| Untracked 
| 106|0x00000000c6a00000, 0x00000000c6b00000, 0x00000000c6b00000|100%| O|  |TAMS 0x00000000c6b00000, 0x00000000c6b00000| Untracked 
| 107|0x00000000c6b00000, 0x00000000c6c00000, 0x00000000c6c00000|100%| O|  |TAMS 0x00000000c6c00000, 0x00000000c6c00000| Untracked 
| 108|0x00000000c6c00000, 0x00000000c6d00000, 0x00000000c6d00000|100%| O|  |TAMS 0x00000000c6d00000, 0x00000000c6d00000| Untracked 
| 109|0x00000000c6d00000, 0x00000000c6e00000, 0x00000000c6e00000|100%| O|  |TAMS 0x00000000c6e00000, 0x00000000c6e00000| Untracked 
| 110|0x00000000c6e00000, 0x00000000c6f00000, 0x00000000c6f00000|100%| O|  |TAMS 0x00000000c6f00000, 0x00000000c6f00000| Untracked 
| 111|0x00000000c6f00000, 0x00000000c6f00000, 0x00000000c7000000|  0%| F|  |TAMS 0x00000000c6f00000, 0x00000000c6f00000| Untracked 
| 112|0x00000000c7000000, 0x00000000c7100000, 0x00000000c7100000|100%| O|  |TAMS 0x00000000c7100000, 0x00000000c7100000| Untracked 
| 113|0x00000000c7100000, 0x00000000c7200000, 0x00000000c7200000|100%| O|  |TAMS 0x00000000c7200000, 0x00000000c7200000| Untracked 
| 114|0x00000000c7200000, 0x00000000c7300000, 0x00000000c7300000|100%| O|  |TAMS 0x00000000c7300000, 0x00000000c7300000| Untracked 
| 115|0x00000000c7300000, 0x00000000c7400000, 0x00000000c7400000|100%| O|  |TAMS 0x00000000c7400000, 0x00000000c7400000| Untracked 
| 116|0x00000000c7400000, 0x00000000c7500000, 0x00000000c7500000|100%| O|  |TAMS 0x00000000c7500000, 0x00000000c7500000| Untracked 
| 117|0x00000000c7500000, 0x00000000c7600000, 0x00000000c7600000|100%| O|  |TAMS 0x00000000c7600000, 0x00000000c7600000| Untracked 
| 118|0x00000000c7600000, 0x00000000c7700000, 0x00000000c7700000|100%| O|  |TAMS 0x00000000c7700000, 0x00000000c7700000| Untracked 
| 119|0x00000000c7700000, 0x00000000c7800000, 0x00000000c7800000|100%| O|  |TAMS 0x00000000c7800000, 0x00000000c7800000| Untracked 
| 120|0x00000000c7800000, 0x00000000c7800000, 0x00000000c7900000|  0%| F|  |TAMS 0x00000000c7800000, 0x00000000c7800000| Untracked 
| 121|0x00000000c7900000, 0x00000000c7a00000, 0x00000000c7a00000|100%| O|  |TAMS 0x00000000c7a00000, 0x00000000c7a00000| Untracked 
| 122|0x00000000c7a00000, 0x00000000c7b00000, 0x00000000c7b00000|100%| O|  |TAMS 0x00000000c7b00000, 0x00000000c7b00000| Untracked 
| 123|0x00000000c7b00000, 0x00000000c7c00000, 0x00000000c7c00000|100%| O|  |TAMS 0x00000000c7c00000, 0x00000000c7c00000| Untracked 
| 124|0x00000000c7c00000, 0x00000000c7d00000, 0x00000000c7d00000|100%| O|  |TAMS 0x00000000c7d00000, 0x00000000c7d00000| Untracked 
| 125|0x00000000c7d00000, 0x00000000c7e00000, 0x00000000c7e00000|100%| O|  |TAMS 0x00000000c7e00000, 0x00000000c7e00000| Untracked 
| 126|0x00000000c7e00000, 0x00000000c7f00000, 0x00000000c7f00000|100%| O|  |TAMS 0x00000000c7f00000, 0x00000000c7f00000| Untracked 
| 127|0x00000000c7f00000, 0x00000000c8000000, 0x00000000c8000000|100%| O|  |TAMS 0x00000000c8000000, 0x00000000c8000000| Untracked 
| 128|0x00000000c8000000, 0x00000000c8100000, 0x00000000c8100000|100%| O|  |TAMS 0x00000000c8100000, 0x00000000c8100000| Untracked 
| 129|0x00000000c8100000, 0x00000000c8100000, 0x00000000c8200000|  0%| F|  |TAMS 0x00000000c8100000, 0x00000000c8100000| Untracked 
| 130|0x00000000c8200000, 0x00000000c8300000, 0x00000000c8300000|100%| O|  |TAMS 0x00000000c8300000, 0x00000000c8300000| Untracked 
| 131|0x00000000c8300000, 0x00000000c8400000, 0x00000000c8400000|100%| O|  |TAMS 0x00000000c8400000, 0x00000000c8400000| Untracked 
| 132|0x00000000c8400000, 0x00000000c8500000, 0x00000000c8500000|100%| O|  |TAMS 0x00000000c8500000, 0x00000000c8500000| Untracked 
| 133|0x00000000c8500000, 0x00000000c8600000, 0x00000000c8600000|100%| O|  |TAMS 0x00000000c8600000, 0x00000000c8600000| Untracked 
| 134|0x00000000c8600000, 0x00000000c8700000, 0x00000000c8700000|100%| O|  |TAMS 0x00000000c8700000, 0x00000000c8700000| Untracked 
| 135|0x00000000c8700000, 0x00000000c8800000, 0x00000000c8800000|100%| O|  |TAMS 0x00000000c8800000, 0x00000000c8800000| Untracked 
| 136|0x00000000c8800000, 0x00000000c8800000, 0x00000000c8900000|  0%| F|  |TAMS 0x00000000c8800000, 0x00000000c8800000| Untracked 
| 137|0x00000000c8900000, 0x00000000c8a00000, 0x00000000c8a00000|100%| O|  |TAMS 0x00000000c8a00000, 0x00000000c8a00000| Untracked 
| 138|0x00000000c8a00000, 0x00000000c8b00000, 0x00000000c8b00000|100%| O|  |TAMS 0x00000000c8b00000, 0x00000000c8b00000| Untracked 
| 139|0x00000000c8b00000, 0x00000000c8c00000, 0x00000000c8c00000|100%| O|  |TAMS 0x00000000c8c00000, 0x00000000c8c00000| Untracked 
| 140|0x00000000c8c00000, 0x00000000c8d00000, 0x00000000c8d00000|100%| O|  |TAMS 0x00000000c8d00000, 0x00000000c8d00000| Untracked 
| 141|0x00000000c8d00000, 0x00000000c8e00000, 0x00000000c8e00000|100%| O|  |TAMS 0x00000000c8e00000, 0x00000000c8e00000| Untracked 
| 142|0x00000000c8e00000, 0x00000000c8f00000, 0x00000000c8f00000|100%| O|  |TAMS 0x00000000c8f00000, 0x00000000c8f00000| Untracked 
| 143|0x00000000c8f00000, 0x00000000c9000000, 0x00000000c9000000|100%| O|  |TAMS 0x00000000c9000000, 0x00000000c9000000| Untracked 
| 144|0x00000000c9000000, 0x00000000c9000000, 0x00000000c9100000|  0%| F|  |TAMS 0x00000000c9000000, 0x00000000c9000000| Untracked 
| 145|0x00000000c9100000, 0x00000000c9200000, 0x00000000c9200000|100%| O|  |TAMS 0x00000000c9200000, 0x00000000c9200000| Untracked 
| 146|0x00000000c9200000, 0x00000000c9300000, 0x00000000c9300000|100%| O|  |TAMS 0x00000000c9300000, 0x00000000c9300000| Untracked 
| 147|0x00000000c9300000, 0x00000000c9400000, 0x00000000c9400000|100%| O|  |TAMS 0x00000000c9400000, 0x00000000c9400000| Untracked 
| 148|0x00000000c9400000, 0x00000000c9500000, 0x00000000c9500000|100%| O|  |TAMS 0x00000000c9500000, 0x00000000c9500000| Untracked 
| 149|0x00000000c9500000, 0x00000000c9600000, 0x00000000c9600000|100%| O|  |TAMS 0x00000000c9600000, 0x00000000c9600000| Untracked 
| 150|0x00000000c9600000, 0x00000000c9700000, 0x00000000c9700000|100%| O|  |TAMS 0x00000000c9700000, 0x00000000c9700000| Untracked 
| 151|0x00000000c9700000, 0x00000000c9800000, 0x00000000c9800000|100%| O|  |TAMS 0x00000000c9800000, 0x00000000c9800000| Untracked 
| 152|0x00000000c9800000, 0x00000000c9800000, 0x00000000c9900000|  0%| F|  |TAMS 0x00000000c9800000, 0x00000000c9800000| Untracked 
| 153|0x00000000c9900000, 0x00000000c9a00000, 0x00000000c9a00000|100%| O|  |TAMS 0x00000000c9980000, 0x00000000c9a00000| Untracked 
| 154|0x00000000c9a00000, 0x00000000c9b00000, 0x00000000c9b00000|100%| O|  |TAMS 0x00000000c9b00000, 0x00000000c9b00000| Untracked 
| 155|0x00000000c9b00000, 0x00000000c9c00000, 0x00000000c9c00000|100%| O|  |TAMS 0x00000000c9c00000, 0x00000000c9c00000| Untracked 
| 156|0x00000000c9c00000, 0x00000000c9d00000, 0x00000000c9d00000|100%| O|  |TAMS 0x00000000c9d00000, 0x00000000c9d00000| Untracked 
| 157|0x00000000c9d00000, 0x00000000c9e00000, 0x00000000c9e00000|100%| O|  |TAMS 0x00000000c9e00000, 0x00000000c9e00000| Untracked 
| 158|0x00000000c9e00000, 0x00000000c9e00000, 0x00000000c9f00000|  0%| F|  |TAMS 0x00000000c9e00000, 0x00000000c9e00000| Untracked 
| 159|0x00000000c9f00000, 0x00000000ca000000, 0x00000000ca000000|100%| O|  |TAMS 0x00000000c9f00000, 0x00000000ca000000| Untracked 
| 160|0x00000000ca000000, 0x00000000ca100000, 0x00000000ca100000|100%| O|  |TAMS 0x00000000ca100000, 0x00000000ca100000| Untracked 
| 161|0x00000000ca100000, 0x00000000ca200000, 0x00000000ca200000|100%| O|  |TAMS 0x00000000ca200000, 0x00000000ca200000| Untracked 
| 162|0x00000000ca200000, 0x00000000ca300000, 0x00000000ca300000|100%| O|  |TAMS 0x00000000ca300000, 0x00000000ca300000| Untracked 
| 163|0x00000000ca300000, 0x00000000ca400000, 0x00000000ca400000|100%| O|  |TAMS 0x00000000ca400000, 0x00000000ca400000| Untracked 
| 164|0x00000000ca400000, 0x00000000ca500000, 0x00000000ca500000|100%| O|  |TAMS 0x00000000ca500000, 0x00000000ca500000| Untracked 
| 165|0x00000000ca500000, 0x00000000ca600000, 0x00000000ca600000|100%| O|  |TAMS 0x00000000ca600000, 0x00000000ca600000| Untracked 
| 166|0x00000000ca600000, 0x00000000ca700000, 0x00000000ca700000|100%| O|  |TAMS 0x00000000ca700000, 0x00000000ca700000| Untracked 
| 167|0x00000000ca700000, 0x00000000ca800000, 0x00000000ca800000|100%| O|  |TAMS 0x00000000ca800000, 0x00000000ca800000| Untracked 
| 168|0x00000000ca800000, 0x00000000ca900000, 0x00000000ca900000|100%| O|  |TAMS 0x00000000ca900000, 0x00000000ca900000| Untracked 
| 169|0x00000000ca900000, 0x00000000caa00000, 0x00000000caa00000|100%| O|  |TAMS 0x00000000caa00000, 0x00000000caa00000| Untracked 
| 170|0x00000000caa00000, 0x00000000caa00000, 0x00000000cab00000|  0%| F|  |TAMS 0x00000000caa00000, 0x00000000caa00000| Untracked 
| 171|0x00000000cab00000, 0x00000000cac00000, 0x00000000cac00000|100%| O|  |TAMS 0x00000000cac00000, 0x00000000cac00000| Untracked 
| 172|0x00000000cac00000, 0x00000000cad00000, 0x00000000cad00000|100%| O|  |TAMS 0x00000000cad00000, 0x00000000cad00000| Untracked 
| 173|0x00000000cad00000, 0x00000000cae00000, 0x00000000cae00000|100%| O|  |TAMS 0x00000000cae00000, 0x00000000cae00000| Untracked 
| 174|0x00000000cae00000, 0x00000000cae00000, 0x00000000caf00000|  0%| F|  |TAMS 0x00000000cae00000, 0x00000000cae00000| Untracked 
| 175|0x00000000caf00000, 0x00000000caf00000, 0x00000000cb000000|  0%| F|  |TAMS 0x00000000caf00000, 0x00000000caf00000| Untracked 
| 176|0x00000000cb000000, 0x00000000cb100000, 0x00000000cb100000|100%| O|  |TAMS 0x00000000cb000000, 0x00000000cb100000| Untracked 
| 177|0x00000000cb100000, 0x00000000cb200000, 0x00000000cb200000|100%| O|  |TAMS 0x00000000cb100000, 0x00000000cb200000| Untracked 
| 178|0x00000000cb200000, 0x00000000cb300000, 0x00000000cb300000|100%|HS|  |TAMS 0x00000000cb200000, 0x00000000cb300000| Complete 
| 179|0x00000000cb300000, 0x00000000cb400000, 0x00000000cb400000|100%|HS|  |TAMS 0x00000000cb300000, 0x00000000cb400000| Complete 
| 180|0x00000000cb400000, 0x00000000cb500000, 0x00000000cb500000|100%|HS|  |TAMS 0x00000000cb400000, 0x00000000cb500000| Complete 
| 181|0x00000000cb500000, 0x00000000cb600000, 0x00000000cb600000|100%|HS|  |TAMS 0x00000000cb500000, 0x00000000cb600000| Complete 
| 182|0x00000000cb600000, 0x00000000cb700000, 0x00000000cb700000|100%|HS|  |TAMS 0x00000000cb600000, 0x00000000cb700000| Complete 
| 183|0x00000000cb700000, 0x00000000cb800000, 0x00000000cb800000|100%|HC|  |TAMS 0x00000000cb700000, 0x00000000cb800000| Complete 
| 184|0x00000000cb800000, 0x00000000cb900000, 0x00000000cb900000|100%|HS|  |TAMS 0x00000000cb800000, 0x00000000cb900000| Complete 
| 185|0x00000000cb900000, 0x00000000cba00000, 0x00000000cba00000|100%|HS|  |TAMS 0x00000000cb900000, 0x00000000cba00000| Complete 
| 186|0x00000000cba00000, 0x00000000cbb00000, 0x00000000cbb00000|100%|HC|  |TAMS 0x00000000cba00000, 0x00000000cbb00000| Complete 
| 187|0x00000000cbb00000, 0x00000000cbc00000, 0x00000000cbc00000|100%| O|  |TAMS 0x00000000cbb00000, 0x00000000cbc00000| Untracked 
| 188|0x00000000cbc00000, 0x00000000cbd00000, 0x00000000cbd00000|100%| O|  |TAMS 0x00000000cbc00000, 0x00000000cbd00000| Untracked 
| 189|0x00000000cbd00000, 0x00000000cbe00000, 0x00000000cbe00000|100%| O|  |TAMS 0x00000000cbd00000, 0x00000000cbe00000| Untracked 
| 190|0x00000000cbe00000, 0x00000000cbf00000, 0x00000000cbf00000|100%| O|  |TAMS 0x00000000cbe00000, 0x00000000cbf00000| Untracked 
| 191|0x00000000cbf00000, 0x00000000cc000000, 0x00000000cc000000|100%| O|  |TAMS 0x00000000cbf00000, 0x00000000cc000000| Untracked 
| 192|0x00000000cc000000, 0x00000000cc100000, 0x00000000cc100000|100%| O|  |TAMS 0x00000000cc000000, 0x00000000cc100000| Untracked 
| 193|0x00000000cc100000, 0x00000000cc200000, 0x00000000cc200000|100%| O|  |TAMS 0x00000000cc100000, 0x00000000cc200000| Untracked 
| 194|0x00000000cc200000, 0x00000000cc300000, 0x00000000cc300000|100%|HS|  |TAMS 0x00000000cc200000, 0x00000000cc300000| Complete 
| 195|0x00000000cc300000, 0x00000000cc400000, 0x00000000cc400000|100%|HS|  |TAMS 0x00000000cc300000, 0x00000000cc400000| Complete 
| 196|0x00000000cc400000, 0x00000000cc500000, 0x00000000cc500000|100%|HS|  |TAMS 0x00000000cc400000, 0x00000000cc500000| Complete 
| 197|0x00000000cc500000, 0x00000000cc600000, 0x00000000cc600000|100%|HC|  |TAMS 0x00000000cc500000, 0x00000000cc600000| Complete 
| 198|0x00000000cc600000, 0x00000000cc700000, 0x00000000cc700000|100%|HS|  |TAMS 0x00000000cc600000, 0x00000000cc700000| Complete 
| 199|0x00000000cc700000, 0x00000000cc800000, 0x00000000cc800000|100%|HS|  |TAMS 0x00000000cc700000, 0x00000000cc800000| Complete 
| 200|0x00000000cc800000, 0x00000000cc900000, 0x00000000cc900000|100%|HS|  |TAMS 0x00000000cc800000, 0x00000000cc900000| Complete 
| 201|0x00000000cc900000, 0x00000000cca00000, 0x00000000cca00000|100%|HS|  |TAMS 0x00000000cc900000, 0x00000000cca00000| Complete 
| 202|0x00000000cca00000, 0x00000000ccb00000, 0x00000000ccb00000|100%|HC|  |TAMS 0x00000000cca00000, 0x00000000ccb00000| Complete 
| 203|0x00000000ccb00000, 0x00000000ccc00000, 0x00000000ccc00000|100%| O|  |TAMS 0x00000000ccb00000, 0x00000000ccc00000| Untracked 
| 204|0x00000000ccc00000, 0x00000000ccd00000, 0x00000000ccd00000|100%| O|  |TAMS 0x00000000ccc00000, 0x00000000ccd00000| Untracked 
| 205|0x00000000ccd00000, 0x00000000cce00000, 0x00000000cce00000|100%| O|  |TAMS 0x00000000ccd00000, 0x00000000cce00000| Untracked 
| 206|0x00000000cce00000, 0x00000000ccf00000, 0x00000000ccf00000|100%| O|  |TAMS 0x00000000cce00000, 0x00000000ccf00000| Untracked 
| 207|0x00000000ccf00000, 0x00000000cd000000, 0x00000000cd000000|100%| O|  |TAMS 0x00000000ccf00000, 0x00000000cd000000| Untracked 
| 208|0x00000000cd000000, 0x00000000cd100000, 0x00000000cd100000|100%| O|  |TAMS 0x00000000cd000000, 0x00000000cd100000| Untracked 
| 209|0x00000000cd100000, 0x00000000cd200000, 0x00000000cd200000|100%| O|  |TAMS 0x00000000cd100000, 0x00000000cd200000| Untracked 
| 210|0x00000000cd200000, 0x00000000cd300000, 0x00000000cd300000|100%| O|  |TAMS 0x00000000cd200000, 0x00000000cd300000| Untracked 
| 211|0x00000000cd300000, 0x00000000cd400000, 0x00000000cd400000|100%| O|  |TAMS 0x00000000cd300000, 0x00000000cd400000| Untracked 
| 212|0x00000000cd400000, 0x00000000cd47ee00, 0x00000000cd500000| 49%| O|  |TAMS 0x00000000cd400000, 0x00000000cd47ec08| Untracked 
| 213|0x00000000cd500000, 0x00000000cd500000, 0x00000000cd600000|  0%| F|  |TAMS 0x00000000cd500000, 0x00000000cd500000| Untracked 
| 214|0x00000000cd600000, 0x00000000cd600000, 0x00000000cd700000|  0%| F|  |TAMS 0x00000000cd600000, 0x00000000cd600000| Untracked 
| 215|0x00000000cd700000, 0x00000000cd700000, 0x00000000cd800000|  0%| F|  |TAMS 0x00000000cd700000, 0x00000000cd700000| Untracked 
| 216|0x00000000cd800000, 0x00000000cd800000, 0x00000000cd900000|  0%| F|  |TAMS 0x00000000cd800000, 0x00000000cd800000| Untracked 
| 217|0x00000000cd900000, 0x00000000cd900000, 0x00000000cda00000|  0%| F|  |TAMS 0x00000000cd900000, 0x00000000cd900000| Untracked 
| 218|0x00000000cda00000, 0x00000000cda00000, 0x00000000cdb00000|  0%| F|  |TAMS 0x00000000cda00000, 0x00000000cda00000| Untracked 
| 219|0x00000000cdb00000, 0x00000000cdb00000, 0x00000000cdc00000|  0%| F|  |TAMS 0x00000000cdb00000, 0x00000000cdb00000| Untracked 
| 220|0x00000000cdc00000, 0x00000000cdc00000, 0x00000000cdd00000|  0%| F|  |TAMS 0x00000000cdc00000, 0x00000000cdc00000| Untracked 
| 221|0x00000000cdd00000, 0x00000000cdd00000, 0x00000000cde00000|  0%| F|  |TAMS 0x00000000cdd00000, 0x00000000cdd00000| Untracked 
| 222|0x00000000cde00000, 0x00000000cde00000, 0x00000000cdf00000|  0%| F|  |TAMS 0x00000000cde00000, 0x00000000cde00000| Untracked 
| 223|0x00000000cdf00000, 0x00000000cdf00000, 0x00000000ce000000|  0%| F|  |TAMS 0x00000000cdf00000, 0x00000000cdf00000| Untracked 
| 224|0x00000000ce000000, 0x00000000ce000000, 0x00000000ce100000|  0%| F|  |TAMS 0x00000000ce000000, 0x00000000ce000000| Untracked 
| 225|0x00000000ce100000, 0x00000000ce100000, 0x00000000ce200000|  0%| F|  |TAMS 0x00000000ce100000, 0x00000000ce100000| Untracked 
| 226|0x00000000ce200000, 0x00000000ce200000, 0x00000000ce300000|  0%| F|  |TAMS 0x00000000ce200000, 0x00000000ce200000| Untracked 
| 227|0x00000000ce300000, 0x00000000ce300000, 0x00000000ce400000|  0%| F|  |TAMS 0x00000000ce300000, 0x00000000ce300000| Untracked 
| 228|0x00000000ce400000, 0x00000000ce400000, 0x00000000ce500000|  0%| F|  |TAMS 0x00000000ce400000, 0x00000000ce400000| Untracked 
| 229|0x00000000ce500000, 0x00000000ce500000, 0x00000000ce600000|  0%| F|  |TAMS 0x00000000ce500000, 0x00000000ce500000| Untracked 
| 230|0x00000000ce600000, 0x00000000ce600000, 0x00000000ce700000|  0%| F|  |TAMS 0x00000000ce600000, 0x00000000ce600000| Untracked 
| 231|0x00000000ce700000, 0x00000000ce700000, 0x00000000ce800000|  0%| F|  |TAMS 0x00000000ce700000, 0x00000000ce700000| Untracked 
| 232|0x00000000ce800000, 0x00000000ce800000, 0x00000000ce900000|  0%| F|  |TAMS 0x00000000ce800000, 0x00000000ce800000| Untracked 
| 233|0x00000000ce900000, 0x00000000ce900000, 0x00000000cea00000|  0%| F|  |TAMS 0x00000000ce900000, 0x00000000ce900000| Untracked 
| 234|0x00000000cea00000, 0x00000000cea00000, 0x00000000ceb00000|  0%| F|  |TAMS 0x00000000cea00000, 0x00000000cea00000| Untracked 
| 235|0x00000000ceb00000, 0x00000000ceb00000, 0x00000000cec00000|  0%| F|  |TAMS 0x00000000ceb00000, 0x00000000ceb00000| Untracked 
| 236|0x00000000cec00000, 0x00000000cec00000, 0x00000000ced00000|  0%| F|  |TAMS 0x00000000cec00000, 0x00000000cec00000| Untracked 
| 237|0x00000000ced00000, 0x00000000ced00000, 0x00000000cee00000|  0%| F|  |TAMS 0x00000000ced00000, 0x00000000ced00000| Untracked 
| 238|0x00000000cee00000, 0x00000000cee00000, 0x00000000cef00000|  0%| F|  |TAMS 0x00000000cee00000, 0x00000000cee00000| Untracked 
| 239|0x00000000cef00000, 0x00000000cef00000, 0x00000000cf000000|  0%| F|  |TAMS 0x00000000cef00000, 0x00000000cef00000| Untracked 
| 240|0x00000000cf000000, 0x00000000cf000000, 0x00000000cf100000|  0%| F|  |TAMS 0x00000000cf000000, 0x00000000cf000000| Untracked 
| 241|0x00000000cf100000, 0x00000000cf100000, 0x00000000cf200000|  0%| F|  |TAMS 0x00000000cf100000, 0x00000000cf100000| Untracked 
| 242|0x00000000cf200000, 0x00000000cf200000, 0x00000000cf300000|  0%| F|  |TAMS 0x00000000cf200000, 0x00000000cf200000| Untracked 
| 243|0x00000000cf300000, 0x00000000cf300000, 0x00000000cf400000|  0%| F|  |TAMS 0x00000000cf300000, 0x00000000cf300000| Untracked 
| 244|0x00000000cf400000, 0x00000000cf400000, 0x00000000cf500000|  0%| F|  |TAMS 0x00000000cf400000, 0x00000000cf400000| Untracked 
| 245|0x00000000cf500000, 0x00000000cf500000, 0x00000000cf600000|  0%| F|  |TAMS 0x00000000cf500000, 0x00000000cf500000| Untracked 
| 246|0x00000000cf600000, 0x00000000cf600000, 0x00000000cf700000|  0%| F|  |TAMS 0x00000000cf600000, 0x00000000cf600000| Untracked 
| 247|0x00000000cf700000, 0x00000000cf700000, 0x00000000cf800000|  0%| F|  |TAMS 0x00000000cf700000, 0x00000000cf700000| Untracked 
| 248|0x00000000cf800000, 0x00000000cf800000, 0x00000000cf900000|  0%| F|  |TAMS 0x00000000cf800000, 0x00000000cf800000| Untracked 
| 249|0x00000000cf900000, 0x00000000cf900000, 0x00000000cfa00000|  0%| F|  |TAMS 0x00000000cf900000, 0x00000000cf900000| Untracked 
| 250|0x00000000cfa00000, 0x00000000cfa00000, 0x00000000cfb00000|  0%| F|  |TAMS 0x00000000cfa00000, 0x00000000cfa00000| Untracked 
| 251|0x00000000cfb00000, 0x00000000cfb00000, 0x00000000cfc00000|  0%| F|  |TAMS 0x00000000cfb00000, 0x00000000cfb00000| Untracked 
| 252|0x00000000cfc00000, 0x00000000cfc00000, 0x00000000cfd00000|  0%| F|  |TAMS 0x00000000cfc00000, 0x00000000cfc00000| Untracked 
| 253|0x00000000cfd00000, 0x00000000cfd00000, 0x00000000cfe00000|  0%| F|  |TAMS 0x00000000cfd00000, 0x00000000cfd00000| Untracked 
| 254|0x00000000cfe00000, 0x00000000cfe00000, 0x00000000cff00000|  0%| F|  |TAMS 0x00000000cfe00000, 0x00000000cfe00000| Untracked 
| 255|0x00000000cff00000, 0x00000000cff00000, 0x00000000d0000000|  0%| F|  |TAMS 0x00000000cff00000, 0x00000000cff00000| Untracked 
| 256|0x00000000d0000000, 0x00000000d0000000, 0x00000000d0100000|  0%| F|  |TAMS 0x00000000d0000000, 0x00000000d0000000| Untracked 
| 257|0x00000000d0100000, 0x00000000d0100000, 0x00000000d0200000|  0%| F|  |TAMS 0x00000000d0100000, 0x00000000d0100000| Untracked 
| 258|0x00000000d0200000, 0x00000000d0200000, 0x00000000d0300000|  0%| F|  |TAMS 0x00000000d0200000, 0x00000000d0200000| Untracked 
| 259|0x00000000d0300000, 0x00000000d0300000, 0x00000000d0400000|  0%| F|  |TAMS 0x00000000d0300000, 0x00000000d0300000| Untracked 
| 260|0x00000000d0400000, 0x00000000d0400000, 0x00000000d0500000|  0%| F|  |TAMS 0x00000000d0400000, 0x00000000d0400000| Untracked 
| 261|0x00000000d0500000, 0x00000000d0500000, 0x00000000d0600000|  0%| F|  |TAMS 0x00000000d0500000, 0x00000000d0500000| Untracked 
| 262|0x00000000d0600000, 0x00000000d0600000, 0x00000000d0700000|  0%| F|  |TAMS 0x00000000d0600000, 0x00000000d0600000| Untracked 
| 263|0x00000000d0700000, 0x00000000d0700000, 0x00000000d0800000|  0%| F|  |TAMS 0x00000000d0700000, 0x00000000d0700000| Untracked 
| 264|0x00000000d0800000, 0x00000000d0800000, 0x00000000d0900000|  0%| F|  |TAMS 0x00000000d0800000, 0x00000000d0800000| Untracked 
| 265|0x00000000d0900000, 0x00000000d0900000, 0x00000000d0a00000|  0%| F|  |TAMS 0x00000000d0900000, 0x00000000d0900000| Untracked 
| 266|0x00000000d0a00000, 0x00000000d0a00000, 0x00000000d0b00000|  0%| F|  |TAMS 0x00000000d0a00000, 0x00000000d0a00000| Untracked 
| 267|0x00000000d0b00000, 0x00000000d0b00000, 0x00000000d0c00000|  0%| F|  |TAMS 0x00000000d0b00000, 0x00000000d0b00000| Untracked 
| 268|0x00000000d0c00000, 0x00000000d0c00000, 0x00000000d0d00000|  0%| F|  |TAMS 0x00000000d0c00000, 0x00000000d0c00000| Untracked 
| 269|0x00000000d0d00000, 0x00000000d0d00000, 0x00000000d0e00000|  0%| F|  |TAMS 0x00000000d0d00000, 0x00000000d0d00000| Untracked 
| 270|0x00000000d0e00000, 0x00000000d0e00000, 0x00000000d0f00000|  0%| F|  |TAMS 0x00000000d0e00000, 0x00000000d0e00000| Untracked 
| 271|0x00000000d0f00000, 0x00000000d0f00000, 0x00000000d1000000|  0%| F|  |TAMS 0x00000000d0f00000, 0x00000000d0f00000| Untracked 
| 272|0x00000000d1000000, 0x00000000d1000000, 0x00000000d1100000|  0%| F|  |TAMS 0x00000000d1000000, 0x00000000d1000000| Untracked 
| 273|0x00000000d1100000, 0x00000000d1100000, 0x00000000d1200000|  0%| F|  |TAMS 0x00000000d1100000, 0x00000000d1100000| Untracked 
| 274|0x00000000d1200000, 0x00000000d1200000, 0x00000000d1300000|  0%| F|  |TAMS 0x00000000d1200000, 0x00000000d1200000| Untracked 
| 275|0x00000000d1300000, 0x00000000d1300000, 0x00000000d1400000|  0%| F|  |TAMS 0x00000000d1300000, 0x00000000d1300000| Untracked 
| 276|0x00000000d1400000, 0x00000000d1400000, 0x00000000d1500000|  0%| F|  |TAMS 0x00000000d1400000, 0x00000000d1400000| Untracked 
| 277|0x00000000d1500000, 0x00000000d1500000, 0x00000000d1600000|  0%| F|  |TAMS 0x00000000d1500000, 0x00000000d1500000| Untracked 
| 278|0x00000000d1600000, 0x00000000d1600000, 0x00000000d1700000|  0%| F|  |TAMS 0x00000000d1600000, 0x00000000d1600000| Untracked 
| 279|0x00000000d1700000, 0x00000000d1700000, 0x00000000d1800000|  0%| F|  |TAMS 0x00000000d1700000, 0x00000000d1700000| Untracked 
| 280|0x00000000d1800000, 0x00000000d1800000, 0x00000000d1900000|  0%| F|  |TAMS 0x00000000d1800000, 0x00000000d1800000| Untracked 
| 281|0x00000000d1900000, 0x00000000d1900000, 0x00000000d1a00000|  0%| F|  |TAMS 0x00000000d1900000, 0x00000000d1900000| Untracked 
| 282|0x00000000d1a00000, 0x00000000d1a00000, 0x00000000d1b00000|  0%| F|  |TAMS 0x00000000d1a00000, 0x00000000d1a00000| Untracked 
| 283|0x00000000d1b00000, 0x00000000d1b00000, 0x00000000d1c00000|  0%| F|  |TAMS 0x00000000d1b00000, 0x00000000d1b00000| Untracked 
| 284|0x00000000d1c00000, 0x00000000d1c00000, 0x00000000d1d00000|  0%| F|  |TAMS 0x00000000d1c00000, 0x00000000d1c00000| Untracked 
| 285|0x00000000d1d00000, 0x00000000d1d00000, 0x00000000d1e00000|  0%| F|  |TAMS 0x00000000d1d00000, 0x00000000d1d00000| Untracked 
| 286|0x00000000d1e00000, 0x00000000d1e00000, 0x00000000d1f00000|  0%| F|  |TAMS 0x00000000d1e00000, 0x00000000d1e00000| Untracked 
| 287|0x00000000d1f00000, 0x00000000d1f00000, 0x00000000d2000000|  0%| F|  |TAMS 0x00000000d1f00000, 0x00000000d1f00000| Untracked 
| 288|0x00000000d2000000, 0x00000000d2000000, 0x00000000d2100000|  0%| F|  |TAMS 0x00000000d2000000, 0x00000000d2000000| Untracked 
| 289|0x00000000d2100000, 0x00000000d2100000, 0x00000000d2200000|  0%| F|  |TAMS 0x00000000d2100000, 0x00000000d2100000| Untracked 
| 290|0x00000000d2200000, 0x00000000d2200000, 0x00000000d2300000|  0%| F|  |TAMS 0x00000000d2200000, 0x00000000d2200000| Untracked 
| 291|0x00000000d2300000, 0x00000000d2300000, 0x00000000d2400000|  0%| F|  |TAMS 0x00000000d2300000, 0x00000000d2300000| Untracked 
| 292|0x00000000d2400000, 0x00000000d2400000, 0x00000000d2500000|  0%| F|  |TAMS 0x00000000d2400000, 0x00000000d2400000| Untracked 
| 293|0x00000000d2500000, 0x00000000d2500000, 0x00000000d2600000|  0%| F|  |TAMS 0x00000000d2500000, 0x00000000d2500000| Untracked 
| 294|0x00000000d2600000, 0x00000000d2600000, 0x00000000d2700000|  0%| F|  |TAMS 0x00000000d2600000, 0x00000000d2600000| Untracked 
| 295|0x00000000d2700000, 0x00000000d2700000, 0x00000000d2800000|  0%| F|  |TAMS 0x00000000d2700000, 0x00000000d2700000| Untracked 
| 296|0x00000000d2800000, 0x00000000d2800000, 0x00000000d2900000|  0%| F|  |TAMS 0x00000000d2800000, 0x00000000d2800000| Untracked 
| 297|0x00000000d2900000, 0x00000000d2900000, 0x00000000d2a00000|  0%| F|  |TAMS 0x00000000d2900000, 0x00000000d2900000| Untracked 
| 298|0x00000000d2a00000, 0x00000000d2a00000, 0x00000000d2b00000|  0%| F|  |TAMS 0x00000000d2a00000, 0x00000000d2a00000| Untracked 
| 299|0x00000000d2b00000, 0x00000000d2b00000, 0x00000000d2c00000|  0%| F|  |TAMS 0x00000000d2b00000, 0x00000000d2b00000| Untracked 
| 300|0x00000000d2c00000, 0x00000000d2c00000, 0x00000000d2d00000|  0%| F|  |TAMS 0x00000000d2c00000, 0x00000000d2c00000| Untracked 
| 301|0x00000000d2d00000, 0x00000000d2d00000, 0x00000000d2e00000|  0%| F|  |TAMS 0x00000000d2d00000, 0x00000000d2d00000| Untracked 
| 302|0x00000000d2e00000, 0x00000000d2e00000, 0x00000000d2f00000|  0%| F|  |TAMS 0x00000000d2e00000, 0x00000000d2e00000| Untracked 
| 303|0x00000000d2f00000, 0x00000000d2f00000, 0x00000000d3000000|  0%| F|  |TAMS 0x00000000d2f00000, 0x00000000d2f00000| Untracked 
| 304|0x00000000d3000000, 0x00000000d3000000, 0x00000000d3100000|  0%| F|  |TAMS 0x00000000d3000000, 0x00000000d3000000| Untracked 
| 305|0x00000000d3100000, 0x00000000d3100000, 0x00000000d3200000|  0%| F|  |TAMS 0x00000000d3100000, 0x00000000d3100000| Untracked 
| 306|0x00000000d3200000, 0x00000000d3200000, 0x00000000d3300000|  0%| F|  |TAMS 0x00000000d3200000, 0x00000000d3200000| Untracked 
| 307|0x00000000d3300000, 0x00000000d3300000, 0x00000000d3400000|  0%| F|  |TAMS 0x00000000d3300000, 0x00000000d3300000| Untracked 
| 308|0x00000000d3400000, 0x00000000d3400000, 0x00000000d3500000|  0%| F|  |TAMS 0x00000000d3400000, 0x00000000d3400000| Untracked 
| 309|0x00000000d3500000, 0x00000000d3500000, 0x00000000d3600000|  0%| F|  |TAMS 0x00000000d3500000, 0x00000000d3500000| Untracked 
| 310|0x00000000d3600000, 0x00000000d3600000, 0x00000000d3700000|  0%| F|  |TAMS 0x00000000d3600000, 0x00000000d3600000| Untracked 
| 311|0x00000000d3700000, 0x00000000d3700000, 0x00000000d3800000|  0%| F|  |TAMS 0x00000000d3700000, 0x00000000d3700000| Untracked 
| 312|0x00000000d3800000, 0x00000000d3800000, 0x00000000d3900000|  0%| F|  |TAMS 0x00000000d3800000, 0x00000000d3800000| Untracked 
| 313|0x00000000d3900000, 0x00000000d3900000, 0x00000000d3a00000|  0%| F|  |TAMS 0x00000000d3900000, 0x00000000d3900000| Untracked 
| 314|0x00000000d3a00000, 0x00000000d3a00000, 0x00000000d3b00000|  0%| F|  |TAMS 0x00000000d3a00000, 0x00000000d3a00000| Untracked 
| 315|0x00000000d3b00000, 0x00000000d3b00000, 0x00000000d3c00000|  0%| F|  |TAMS 0x00000000d3b00000, 0x00000000d3b00000| Untracked 
| 316|0x00000000d3c00000, 0x00000000d3c00000, 0x00000000d3d00000|  0%| F|  |TAMS 0x00000000d3c00000, 0x00000000d3c00000| Untracked 
| 317|0x00000000d3d00000, 0x00000000d3d00000, 0x00000000d3e00000|  0%| F|  |TAMS 0x00000000d3d00000, 0x00000000d3d00000| Untracked 
| 318|0x00000000d3e00000, 0x00000000d3e00000, 0x00000000d3f00000|  0%| F|  |TAMS 0x00000000d3e00000, 0x00000000d3e00000| Untracked 
| 319|0x00000000d3f00000, 0x00000000d3f00000, 0x00000000d4000000|  0%| F|  |TAMS 0x00000000d3f00000, 0x00000000d3f00000| Untracked 
| 320|0x00000000d4000000, 0x00000000d4000000, 0x00000000d4100000|  0%| F|  |TAMS 0x00000000d4000000, 0x00000000d4000000| Untracked 
| 321|0x00000000d4100000, 0x00000000d41b0060, 0x00000000d4200000| 68%| S|CS|TAMS 0x00000000d4100000, 0x00000000d4100000| Complete 
| 322|0x00000000d4200000, 0x00000000d4300000, 0x00000000d4300000|100%| S|CS|TAMS 0x00000000d4200000, 0x00000000d4200000| Complete 
| 323|0x00000000d4300000, 0x00000000d4300000, 0x00000000d4400000|  0%| F|  |TAMS 0x00000000d4300000, 0x00000000d4300000| Untracked 
| 324|0x00000000d4400000, 0x00000000d4400000, 0x00000000d4500000|  0%| F|  |TAMS 0x00000000d4400000, 0x00000000d4400000| Untracked 
| 325|0x00000000d4500000, 0x00000000d4500000, 0x00000000d4600000|  0%| F|  |TAMS 0x00000000d4500000, 0x00000000d4500000| Untracked 
| 326|0x00000000d4600000, 0x00000000d4600000, 0x00000000d4700000|  0%| F|  |TAMS 0x00000000d4600000, 0x00000000d4600000| Untracked 

Card table byte_map: [0x00000224f7440000,0x00000224f7640000] _byte_map_base: 0x00000224f6e40000

Marking Bits (Prev, Next): (CMBitMap*) 0x00000224dff70468, (CMBitMap*) 0x00000224dff704a8
 Prev Bits: [0x00000224f7840000, 0x00000224f8840000)
 Next Bits: [0x00000224f8840000, 0x00000224f9840000)

Polling page: 0x00000224dde00000

Metaspace:

Usage:
  Non-class:     60.41 MB capacity,    59.17 MB ( 98%) used,     1.05 MB (  2%) free+waste,   189.13 KB ( <1%) overhead. 
      Class:      9.91 MB capacity,     9.24 MB ( 93%) used,   597.67 KB (  6%) free+waste,    86.63 KB ( <1%) overhead. 
       Both:     70.32 MB capacity,    68.41 MB ( 97%) used,     1.63 MB (  2%) free+waste,   275.75 KB ( <1%) overhead. 

Virtual space:
  Non-class space:       62.00 MB reserved,      60.42 MB ( 97%) committed 
      Class space:        1.00 GB reserved,      10.00 MB ( <1%) committed 
             Both:        1.06 GB reserved,      70.42 MB (  6%) committed 

Chunk freelists:
   Non-Class:  13.00 KB
       Class:  0 bytes
        Both:  13.00 KB

MaxMetaspaceSize: 17179869184.00 GB
CompressedClassSpaceSize: 1.00 GB

CodeHeap 'non-profiled nmethods': size=120064Kb used=5669Kb max_used=5669Kb free=114394Kb
 bounds [0x00000224eff00000, 0x00000224f0490000, 0x00000224f7440000]
CodeHeap 'profiled nmethods': size=120000Kb used=20232Kb max_used=20325Kb free=99767Kb
 bounds [0x00000224e89d0000, 0x00000224e9e10000, 0x00000224eff00000]
CodeHeap 'non-nmethods': size=5696Kb used=2388Kb max_used=2451Kb free=3307Kb
 bounds [0x00000224e8440000, 0x00000224e86b0000, 0x00000224e89d0000]
 total_blobs=14897 nmethods=8995 adapters=783
 compilation: enabled
              stopped_count=0, restarted_count=0
 full_count=0

Compilation events (20 events):
Event: 103.149 Thread 0x00000224fbbf9000 10681       2       java.util.IdentityHashMap::init (11 bytes)
Event: 103.149 Thread 0x00000224fbbf9000 nmethod 10681 0x00000224e9ae3590 code [0x00000224e9ae3740, 0x00000224e9ae39b8]
Event: 103.152 Thread 0x00000224fbbf9000 10682       2       com.android.tools.r8.v.a.a.a.f.e::<init> (5 bytes)
Event: 103.152 Thread 0x00000224fbbf9000 nmethod 10682 0x00000224e9c92f90 code [0x00000224e9c93120, 0x00000224e9c93298]
Event: 103.153 Thread 0x00000224fbbf9000 10683       2       com.android.tools.r8.v.a.a.a.f.X::<init> (96 bytes)
Event: 103.154 Thread 0x00000224fbbf9000 nmethod 10683 0x00000224e92d4010 code [0x00000224e92d4240, 0x00000224e92d48c0]
Event: 103.157 Thread 0x00000224fbbf9000 10684       1       com.android.tools.r8.graph.E::a (5 bytes)
Event: 103.158 Thread 0x00000224fbbf9000 nmethod 10684 0x00000224f0489390 code [0x00000224f0489520, 0x00000224f0489658]
Event: 103.165 Thread 0x00000224fbbf9000 10686       2       com.android.tools.r8.dex.A::a (203 bytes)
Event: 103.167 Thread 0x00000224fbbf9000 nmethod 10686 0x00000224e98f1390 code [0x00000224e98f16a0, 0x00000224e98f2310]
Event: 103.167 Thread 0x00000224fbbf9000 10687       2       java.util.IdentityHashMap::values (25 bytes)
Event: 103.168 Thread 0x00000224fbbf9000 nmethod 10687 0x00000224e92d3b10 code [0x00000224e92d3cc0, 0x00000224e92d3f78]
Event: 103.168 Thread 0x00000224fbbf9000 10688       2       java.util.IdentityHashMap$Values::iterator (12 bytes)
Event: 103.168 Thread 0x00000224fbbf9000 nmethod 10688 0x00000224e92d3410 code [0x00000224e92d35c0, 0x00000224e92d3830]
Event: 103.176 Thread 0x00000224fbbf9000 10690       2       java.util.IdentityHashMap::<init> (11 bytes)
Event: 103.176 Thread 0x00000224fbbf9000 nmethod 10690 0x00000224e98f0e90 code [0x00000224e98f1040, 0x00000224e98f12b8]
Event: 103.178 Thread 0x00000224fbbf9000 10691       2       com.android.tools.r8.s.a.a.b.v::a (38 bytes)
Event: 103.179 Thread 0x00000224fbbf9000 nmethod 10691 0x00000224e98f0490 code [0x00000224e98f06a0, 0x00000224e98f0b50]
Event: 103.184 Thread 0x00000224fbbf9000 10693       2       com.android.tools.r8.s.a.a.b.v::c (49 bytes)
Event: 103.185 Thread 0x00000224fbbf9000 nmethod 10693 0x00000224e993df90 code [0x00000224e993e160, 0x00000224e993e430]

GC Heap History (20 events):
Event: 92.324 GC heap after
{Heap after GC invocations=70 (full 0):
 garbage-first heap   total 211968K, used 138065K [0x00000000c0000000, 0x0000000100000000)
  region size 1024K, 3 young (3072K), 3 survivors (3072K)
 Metaspace       used 68250K, capacity 70227K, committed 70320K, reserved 1110016K
  class space    used 9247K, capacity 9902K, committed 9984K, reserved 1048576K
}
Event: 93.565 GC heap before
{Heap before GC invocations=71 (full 0):
 garbage-first heap   total 232448K, used 158545K [0x00000000c0000000, 0x0000000100000000)
  region size 1024K, 24 young (24576K), 3 survivors (3072K)
 Metaspace       used 68281K, capacity 70227K, committed 70320K, reserved 1110016K
  class space    used 9248K, capacity 9902K, committed 9984K, reserved 1048576K
}
Event: 93.676 GC heap after
{Heap after GC invocations=72 (full 0):
 garbage-first heap   total 232448K, used 151552K [0x00000000c0000000, 0x0000000100000000)
  region size 1024K, 3 young (3072K), 3 survivors (3072K)
 Metaspace       used 68281K, capacity 70227K, committed 70320K, reserved 1110016K
  class space    used 9248K, capacity 9902K, committed 9984K, reserved 1048576K
}
Event: 93.892 GC heap before
{Heap before GC invocations=72 (full 0):
 garbage-first heap   total 232448K, used 163840K [0x00000000c0000000, 0x0000000100000000)
  region size 1024K, 17 young (17408K), 3 survivors (3072K)
 Metaspace       used 68285K, capacity 70227K, committed 70320K, reserved 1110016K
  class space    used 9248K, capacity 9902K, committed 9984K, reserved 1048576K
}
Event: 93.949 GC heap after
{Heap after GC invocations=73 (full 0):
 garbage-first heap   total 232448K, used 160768K [0x00000000c0000000, 0x0000000100000000)
  region size 1024K, 4 young (4096K), 4 survivors (4096K)
 Metaspace       used 68285K, capacity 70227K, committed 70320K, reserved 1110016K
  class space    used 9248K, capacity 9902K, committed 9984K, reserved 1048576K
}
Event: 95.019 GC heap before
{Heap before GC invocations=74 (full 0):
 garbage-first heap   total 268288K, used 161792K [0x00000000c0000000, 0x0000000100000000)
  region size 1024K, 5 young (5120K), 4 survivors (4096K)
 Metaspace       used 68285K, capacity 70227K, committed 70320K, reserved 1110016K
  class space    used 9248K, capacity 9902K, committed 9984K, reserved 1048576K
}
Event: 95.058 GC heap after
{Heap after GC invocations=75 (full 0):
 garbage-first heap   total 268288K, used 162662K [0x00000000c0000000, 0x0000000100000000)
  region size 1024K, 1 young (1024K), 1 survivors (1024K)
 Metaspace       used 68285K, capacity 70227K, committed 70320K, reserved 1110016K
  class space    used 9248K, capacity 9902K, committed 9984K, reserved 1048576K
}
Event: 96.148 GC heap before
{Heap before GC invocations=76 (full 0):
 garbage-first heap   total 278528K, used 189286K [0x00000000c0000000, 0x0000000100000000)
  region size 1024K, 26 young (26624K), 1 survivors (1024K)
 Metaspace       used 68303K, capacity 70291K, committed 70576K, reserved 1110016K
  class space    used 9248K, capacity 9902K, committed 9984K, reserved 1048576K
}
Event: 96.230 GC heap after
{Heap after GC invocations=77 (full 0):
 garbage-first heap   total 278528K, used 179200K [0x00000000c0000000, 0x0000000100000000)
  region size 1024K, 4 young (4096K), 4 survivors (4096K)
 Metaspace       used 68303K, capacity 70291K, committed 70576K, reserved 1110016K
  class space    used 9248K, capacity 9902K, committed 9984K, reserved 1048576K
}
Event: 96.972 GC heap before
{Heap before GC invocations=77 (full 0):
 garbage-first heap   total 278528K, used 193536K [0x00000000c0000000, 0x0000000100000000)
  region size 1024K, 19 young (19456K), 4 survivors (4096K)
 Metaspace       used 69358K, capacity 71321K, committed 71472K, reserved 1110016K
  class space    used 9396K, capacity 10074K, committed 10112K, reserved 1048576K
}
Event: 97.056 GC heap after
{Heap after GC invocations=78 (full 0):
 garbage-first heap   total 278528K, used 184320K [0x00000000c0000000, 0x0000000100000000)
  region size 1024K, 4 young (4096K), 4 survivors (4096K)
 Metaspace       used 69358K, capacity 71321K, committed 71472K, reserved 1110016K
  class space    used 9396K, capacity 10074K, committed 10112K, reserved 1048576K
}
Event: 98.486 GC heap before
{Heap before GC invocations=79 (full 0):
 garbage-first heap   total 304128K, used 193536K [0x00000000c0000000, 0x0000000100000000)
  region size 1024K, 24 young (24576K), 4 survivors (4096K)
 Metaspace       used 69649K, capacity 71625K, committed 71728K, reserved 1112064K
  class space    used 9422K, capacity 10089K, committed 10112K, reserved 1048576K
}
Event: 98.581 GC heap after
{Heap after GC invocations=80 (full 0):
 garbage-first heap   total 334848K, used 181760K [0x00000000c0000000, 0x0000000100000000)
  region size 1024K, 3 young (3072K), 3 survivors (3072K)
 Metaspace       used 69649K, capacity 71625K, committed 71728K, reserved 1112064K
  class space    used 9422K, capacity 10089K, committed 10112K, reserved 1048576K
}
Event: 98.884 GC heap before
{Heap before GC invocations=80 (full 0):
 garbage-first heap   total 334848K, used 188928K [0x00000000c0000000, 0x0000000100000000)
  region size 1024K, 11 young (11264K), 3 survivors (3072K)
 Metaspace       used 69653K, capacity 71625K, committed 71728K, reserved 1112064K
  class space    used 9422K, capacity 10089K, committed 10112K, reserved 1048576K
}
Event: 98.945 GC heap after
{Heap after GC invocations=81 (full 0):
 garbage-first heap   total 334848K, used 185344K [0x00000000c0000000, 0x0000000100000000)
  region size 1024K, 3 young (3072K), 3 survivors (3072K)
 Metaspace       used 69653K, capacity 71625K, committed 71728K, reserved 1112064K
  class space    used 9422K, capacity 10089K, committed 10112K, reserved 1048576K
}
Event: 100.931 GC heap before
{Heap before GC invocations=82 (full 0):
 garbage-first heap   total 334848K, used 211968K [0x00000000c0000000, 0x0000000100000000)
  region size 1024K, 21 young (21504K), 3 survivors (3072K)
 Metaspace       used 69774K, capacity 71799K, committed 72112K, reserved 1112064K
  class space    used 9433K, capacity 10123K, committed 10240K, reserved 1048576K
}
Event: 101.027 GC heap after
{Heap after GC invocations=83 (full 0):
 garbage-first heap   total 334848K, used 201723K [0x00000000c0000000, 0x0000000100000000)
  region size 1024K, 3 young (3072K), 3 survivors (3072K)
 Metaspace       used 69774K, capacity 71799K, committed 72112K, reserved 1112064K
  class space    used 9433K, capacity 10123K, committed 10240K, reserved 1048576K
}
Event: 102.695 GC heap before
{Heap before GC invocations=83 (full 0):
 garbage-first heap   total 334848K, used 223227K [0x00000000c0000000, 0x0000000100000000)
  region size 1024K, 16 young (16384K), 3 survivors (3072K)
 Metaspace       used 69929K, capacity 71911K, committed 72112K, reserved 1112064K
  class space    used 9449K, capacity 10137K, committed 10240K, reserved 1048576K
}
Event: 102.809 GC heap after
{Heap after GC invocations=84 (full 0):
 garbage-first heap   total 334848K, used 206331K [0x00000000c0000000, 0x0000000100000000)
  region size 1024K, 2 young (2048K), 2 survivors (2048K)
 Metaspace       used 69929K, capacity 71911K, committed 72112K, reserved 1112064K
  class space    used 9449K, capacity 10137K, committed 10240K, reserved 1048576K
}
Event: 103.203 GC heap before
{Heap before GC invocations=84 (full 0):
 garbage-first heap   total 334848K, used 208379K [0x00000000c0000000, 0x0000000100000000)
  region size 1024K, 6 young (6144K), 2 survivors (2048K)
 Metaspace       used 70055K, capacity 72005K, committed 72112K, reserved 1112064K
  class space    used 9461K, capacity 10146K, committed 10240K, reserved 1048576K
}

Deoptimization events (20 events):
Event: 103.010 Thread 0x00000224fefbe800 DEOPT PACKING pc=0x00000224e96970f4 sp=0x000000e9b2efe970
Event: 103.010 Thread 0x00000224fefbe800 DEOPT UNPACKING pc=0x00000224e848994e sp=0x000000e9b2efdf20 mode 0
Event: 103.012 Thread 0x00000224fefbe800 DEOPT PACKING pc=0x00000224e96970f4 sp=0x000000e9b2efe970
Event: 103.012 Thread 0x00000224fefbe800 DEOPT UNPACKING pc=0x00000224e848994e sp=0x000000e9b2efdf20 mode 0
Event: 103.015 Thread 0x00000224fefbe800 DEOPT PACKING pc=0x00000224e96970f4 sp=0x000000e9b2efe970
Event: 103.015 Thread 0x00000224fefbe800 DEOPT UNPACKING pc=0x00000224e848994e sp=0x000000e9b2efdf20 mode 0
Event: 103.018 Thread 0x00000224fefbe800 DEOPT PACKING pc=0x00000224e96970f4 sp=0x000000e9b2efe970
Event: 103.018 Thread 0x00000224fefbe800 DEOPT UNPACKING pc=0x00000224e848994e sp=0x000000e9b2efdf20 mode 0
Event: 103.020 Thread 0x00000224fefbe800 DEOPT PACKING pc=0x00000224e96970f4 sp=0x000000e9b2efe970
Event: 103.021 Thread 0x00000224fefbe800 DEOPT UNPACKING pc=0x00000224e848994e sp=0x000000e9b2efdf20 mode 0
Event: 103.030 Thread 0x00000224fefbe800 DEOPT PACKING pc=0x00000224e96970f4 sp=0x000000e9b2efe970
Event: 103.030 Thread 0x00000224fefbe800 DEOPT UNPACKING pc=0x00000224e848994e sp=0x000000e9b2efdf20 mode 0
Event: 103.034 Thread 0x00000224fefbe800 DEOPT PACKING pc=0x00000224e96970f4 sp=0x000000e9b2efe970
Event: 103.034 Thread 0x00000224fefbe800 DEOPT UNPACKING pc=0x00000224e848994e sp=0x000000e9b2efdf20 mode 0
Event: 103.127 Thread 0x00000224fefbe800 DEOPT PACKING pc=0x00000224e8fcbf2d sp=0x000000e9b2efeb90
Event: 103.127 Thread 0x00000224fefbe800 DEOPT UNPACKING pc=0x00000224e848994e sp=0x000000e9b2efe050 mode 0
Event: 103.162 Thread 0x00000224fefbe800 DEOPT PACKING pc=0x00000224e8fcbf2d sp=0x000000e9b2efeb90
Event: 103.162 Thread 0x00000224fefbe800 DEOPT UNPACKING pc=0x00000224e848994e sp=0x000000e9b2efe050 mode 0
Event: 103.190 Thread 0x00000224fefbe800 DEOPT PACKING pc=0x00000224e8fcbf2d sp=0x000000e9b2efeb90
Event: 103.190 Thread 0x00000224fefbe800 DEOPT UNPACKING pc=0x00000224e848994e sp=0x000000e9b2efe050 mode 0

Classes unloaded (7 events):
Event: 31.369 Thread 0x00000224e000d000 Unloading class 0x000000080100ec40 'org/gradle/api/internal/artifacts/ivyservice/ivyresolve/ErrorHandlingModuleComponentRepository$ErrorHandlingModuleComponentRepositoryAccess$$Lambda$224'
Event: 31.370 Thread 0x00000224e000d000 Unloading class 0x000000080100f440 'org/gradle/api/internal/artifacts/ivyservice/ivyresolve/ErrorHandlingModuleComponentRepository$ErrorHandlingModuleComponentRepositoryAccess$$Lambda$222'
Event: 31.370 Thread 0x00000224e000d000 Unloading class 0x000000080100f840 'org/gradle/api/internal/artifacts/ivyservice/ivyresolve/ErrorHandlingModuleComponentRepository$ErrorHandlingModuleComponentRepositoryAccess$$Lambda$219'
Event: 60.698 Thread 0x00000224e000d000 Unloading class 0x00000008013d5040 'org/gradle/internal/execution/steps/CaptureStateBeforeExecutionStep$$Lambda$535'
Event: 60.698 Thread 0x00000224e000d000 Unloading class 0x00000008013d1840 'java/lang/invoke/LambdaForm$MH'
Event: 60.698 Thread 0x00000224e000d000 Unloading class 0x00000008013d0040 'java/lang/invoke/LambdaForm$DMH'
Event: 60.698 Thread 0x00000224e000d000 Unloading class 0x00000008013a9440 'org/gradle/api/internal/artifacts/transform/DefaultTransformerInvocationFactory$$Lambda$519'

Classes redefined (0 events):
No events

Internal exceptions (20 events):
Event: 66.989 Thread 0x00000224fc5cc000 Exception <a 'sun/nio/fs/WindowsException'{0x00000000c637b008}> (0x00000000c637b008) 
thrown [t:/workspace/open/src/hotspot/share/prims/jni.cpp, line 598]
Event: 66.989 Thread 0x00000224fc5cc000 Exception <a 'sun/nio/fs/WindowsException'{0x00000000c637d520}> (0x00000000c637d520) 
thrown [t:/workspace/open/src/hotspot/share/prims/jni.cpp, line 598]
Event: 66.990 Thread 0x00000224fc5cc000 Exception <a 'sun/nio/fs/WindowsException'{0x00000000c637e668}> (0x00000000c637e668) 
thrown [t:/workspace/open/src/hotspot/share/prims/jni.cpp, line 598]
Event: 66.990 Thread 0x00000224fc5cc000 Exception <a 'sun/nio/fs/WindowsException'{0x00000000c637f830}> (0x00000000c637f830) 
thrown [t:/workspace/open/src/hotspot/share/prims/jni.cpp, line 598]
Event: 74.588 Thread 0x00000224fefc1000 Implicit null exception at 0x00000224f034b55e to 0x00000224f034be2a
Event: 74.595 Thread 0x00000224fc5cc000 Implicit null exception at 0x00000224f034cbc2 to 0x00000224f034cfee
Event: 78.231 Thread 0x00000224fc5cc000 Implicit null exception at 0x00000224f0229898 to 0x00000224f022a939
Event: 78.265 Thread 0x00000224fc5cc000 Exception <a 'java/lang/NoSuchMethodError'{0x00000000c6d51bd0}: static Lcom/android/build/gradle/internal/tasks/Workers$ActionParameters;.<clinit>()V> (0x00000000c6d51bd0) 
thrown [t:/workspace/open/src/hotspot/share/prims/jni.cpp, line 1347]
Event: 78.269 Thread 0x00000224fc5cc000 Exception <a 'java/lang/NoSuchMethodError'{0x00000000c6d68c58}: static Lcom/android/build/gradle/internal/tasks/DexMergingParams;.<clinit>()V> (0x00000000c6d68c58) 
thrown [t:/workspace/open/src/hotspot/share/prims/jni.cpp, line 1347]
Event: 85.205 Thread 0x00000224fefc4800 Exception <a 'sun/nio/fs/WindowsException'{0x00000000c86bc340}> (0x00000000c86bc340) 
thrown [t:/workspace/open/src/hotspot/share/prims/jni.cpp, line 598]
Event: 85.786 Thread 0x00000224fefc4800 Exception <a 'java/lang/NoSuchMethodError'{0x00000000c933bbc0}: 'java.lang.Object java.lang.invoke.DirectMethodHandle$Holder.invokeStatic(java.lang.Object, java.lang.Object, java.lang.Object, java.lang.Object, java.lang.Object, java.lang.Object, java.lang.Object, java.lang.Object, java.lang.Object, java.lang.Object, java.lang.Object, java.lang.Object, java.lang.Object, java.lang.Object, java.lang.Object, java.lang.Object, java.lang.Object, int, java.lang.Object)'> (0x00000000c933bbc0) 
thrown [t:/workspace
Event: 85.788 Thread 0x00000224fefc4800 Exception <a 'java/lang/NoSuchMethodError'{0x00000000c93405d8}: 'java.lang.Object java.lang.invoke.DirectMethodHandle$Holder.invokeStaticInit(java.lang.Object, java.lang.Object, java.lang.Object, java.lang.Object, java.lang.Object, java.lang.Object, java.lang.Object, java.lang.Object, java.lang.Object, java.lang.Object, java.lang.Object, java.lang.Object, java.lang.Object, java.lang.Object, java.lang.Object, java.lang.Object, java.lang.Object, int, java.lang.Object)'> (0x00000000c93405d8) 
thrown [t:/works
Event: 90.370 Thread 0x00000224fefbe800 Exception <a 'java/lang/NoSuchMethodError'{0x00000000ccad4ac0}: 'java.lang.Object java.lang.invoke.DirectMethodHandle$Holder.newInvokeSpecial(java.lang.Object, int)'> (0x00000000ccad4ac0) 
thrown [t:/workspace/open/src/hotspot/share/interpreter/linkResolver.cpp, line 767]
Event: 90.704 Thread 0x00000224fefbe800 Implicit null exception at 0x00000224f00a73af to 0x00000224f00a74a2
Event: 90.714 Thread 0x00000224fefbe800 Exception <a 'java/lang/NoSuchMethodError'{0x00000000cccb92e8}: 'long java.lang.invoke.DirectMethodHandle$Holder.invokeStatic(java.lang.Object, java.lang.Object, java.lang.Object)'> (0x00000000cccb92e8) 
thrown [t:/workspace/open/src/hotspot/share/interpreter/linkResolver.cpp, line 767]
Event: 96.541 Thread 0x00000224fefc4800 Exception <a 'java/lang/NoSuchMethodError'{0x00000000d0c876e8}: 'long java.lang.invoke.DirectMethodHandle$Holder.invokeStatic(java.lang.Object, java.lang.Object)'> (0x00000000d0c876e8) 
thrown [t:/workspace/open/src/hotspot/share/interpreter/linkResolver.cpp, line 767]
Event: 96.575 Thread 0x00000224fefc9800 Exception <a 'java/lang/NoSuchMethodError'{0x00000000d0bc8248}: 'void java.lang.invoke.DirectMethodHandle$Holder.invokeSpecial(java.lang.Object, java.lang.Object, int, java.lang.Object)'> (0x00000000d0bc8248) 
thrown [t:/workspace/open/src/hotspot/share/interpreter/linkResolver.cpp, line 767]
Event: 103.037 Thread 0x00000224fefbe800 Exception <a 'java/lang/NoSuchMethodError'{0x00000000d46b14a0}: 'void java.lang.invoke.DirectMethodHandle$Holder.invokeSpecial(java.lang.Object, java.lang.Object, java.lang.Object, java.lang.Object, java.lang.Object, int, java.lang.Object)'> (0x00000000d46b14a0) 
thrown [t:/workspace/open/src/hotspot/share/interpreter/linkResolver.cpp, line 767]
Event: 103.040 Thread 0x00000224fefbe800 Exception <a 'java/lang/NoSuchMethodError'{0x00000000d46b7ec8}: 'java.lang.Object java.lang.invoke.DirectMethodHandle$Holder.invokeStatic(java.lang.Object, java.lang.Object, java.lang.Object, java.lang.Object, java.lang.Object, int)'> (0x00000000d46b7ec8) 
thrown [t:/workspace/open/src/hotspot/share/interpreter/linkResolver.cpp, line 767]
Event: 103.041 Thread 0x00000224fefbe800 Exception <a 'java/lang/NoSuchMethodError'{0x00000000d46bb298}: 'java.lang.Object java.lang.invoke.DirectMethodHandle$Holder.invokeSpecial(java.lang.Object, java.lang.Object, java.lang.Object, java.lang.Object, java.lang.Object, java.lang.Object, int)'> (0x00000000d46bb298) 
thrown [t:/workspace/open/src/hotspot/share/interpreter/linkResolver.cpp, line 767]

Events (20 events):
Event: 103.099 loading class com/android/tools/r8/v/a/a/a/f/X$f done
Event: 103.099 loading class com/android/tools/r8/v/a/a/a/f/X$d
Event: 103.099 loading class com/android/tools/r8/v/a/a/a/f/X$d done
Event: 103.100 loading class com/android/tools/r8/v/a/a/a/f/S$a
Event: 103.100 loading class com/android/tools/r8/v/a/a/a/f/S$a done
Event: 103.100 loading class java/util/IdentityHashMap$EntrySet
Event: 103.101 loading class java/util/IdentityHashMap$EntrySet done
Event: 103.101 loading class java/util/IdentityHashMap$EntryIterator
Event: 103.101 loading class java/util/IdentityHashMap$EntryIterator done
Event: 103.102 loading class java/util/IdentityHashMap$EntryIterator$Entry
Event: 103.102 loading class java/util/IdentityHashMap$EntryIterator$Entry done
Event: 103.103 loading class com/android/tools/r8/code/t1
Event: 103.103 loading class com/android/tools/r8/code/t1 done
Event: 103.103 loading class com/android/tools/r8/code/t1
Event: 103.103 loading class com/android/tools/r8/code/t1 done
Event: 103.104 Executing VM operation: RevokeBias
Event: 103.104 Executing VM operation: RevokeBias done
Event: 103.104 Executing VM operation: BulkRevokeBias
Event: 103.105 Executing VM operation: BulkRevokeBias done
Event: 103.195 Executing VM operation: G1CollectForAllocation


Dynamic libraries:
0x00007ff6585c0000 - 0x00007ff6585cf000 	C:\Program Files\Java\jdk-13.0.2\bin\java.exe
0x00007ff9f88b0000 - 0x00007ff9f8a9d000 	C:\Windows\SYSTEM32\ntdll.dll
0x00007ff9f5ad0000 - 0x00007ff9f5b83000 	C:\Windows\System32\KERNEL32.DLL
0x00007ff9f4d00000 - 0x00007ff9f4f95000 	C:\Windows\System32\KERNELBASE.dll
0x00007ff9f4a40000 - 0x00007ff9f4b3a000 	C:\Windows\System32\ucrtbase.dll
0x00007ff9e9140000 - 0x00007ff9e9158000 	C:\Program Files\Java\jdk-13.0.2\bin\jli.dll
0x00007ff9e9100000 - 0x00007ff9e9115000 	C:\Program Files\Java\jdk-13.0.2\bin\VCRUNTIME140.dll
0x00007ff9f7be0000 - 0x00007ff9f7c83000 	C:\Windows\System32\ADVAPI32.dll
0x00007ff9f82a0000 - 0x00007ff9f833e000 	C:\Windows\System32\msvcrt.dll
0x00007ff9f7980000 - 0x00007ff9f7a1e000 	C:\Windows\System32\sechost.dll
0x00007ff9f8470000 - 0x00007ff9f8592000 	C:\Windows\System32\RPCRT4.dll
0x00007ff9f77e0000 - 0x00007ff9f7977000 	C:\Windows\System32\USER32.dll
0x00007ff9f4ce0000 - 0x00007ff9f4d00000 	C:\Windows\System32\win32u.dll
0x00007ff9f8240000 - 0x00007ff9f8269000 	C:\Windows\System32\GDI32.dll
0x00007ff9e1f10000 - 0x00007ff9e2189000 	C:\Windows\WinSxS\amd64_microsoft.windows.common-controls_6595b64144ccf1df_6.0.17763.1217_none_de6e4304534e0ad3\COMCTL32.dll
0x00007ff9f4b40000 - 0x00007ff9f4cd9000 	C:\Windows\System32\gdi32full.dll
0x00007ff9f5fb0000 - 0x00007ff9f62dc000 	C:\Windows\System32\combase.dll
0x00007ff9f5740000 - 0x00007ff9f57e0000 	C:\Windows\System32\msvcp_win.dll
0x00007ff9f5a20000 - 0x00007ff9f5a9e000 	C:\Windows\System32\bcryptPrimitives.dll
0x00007ff9f0370000 - 0x00007ff9f037a000 	C:\Windows\SYSTEM32\VERSION.dll
0x00007ff9f8270000 - 0x00007ff9f829e000 	C:\Windows\System32\IMM32.DLL
0x00007ff9d5900000 - 0x00007ff9d599b000 	C:\Program Files\Java\jdk-13.0.2\bin\msvcp140.dll
0x00007ff9ce440000 - 0x00007ff9cef9d000 	C:\Program Files\Java\jdk-13.0.2\bin\server\jvm.dll
0x00007ff9f85a0000 - 0x00007ff9f85a8000 	C:\Windows\System32\PSAPI.DLL
0x00007ff9f28e0000 - 0x00007ff9f2904000 	C:\Windows\SYSTEM32\WINMM.dll
0x00007ff9f10d0000 - 0x00007ff9f10d9000 	C:\Windows\SYSTEM32\WSOCK32.dll
0x00007ff9f28b0000 - 0x00007ff9f28dd000 	C:\Windows\SYSTEM32\WINMMBASE.dll
0x00007ff9f85b0000 - 0x00007ff9f861d000 	C:\Windows\System32\WS2_32.dll
0x00007ff9f56f0000 - 0x00007ff9f573a000 	C:\Windows\System32\cfgmgr32.dll
0x00007ff9f4920000 - 0x00007ff9f4931000 	C:\Windows\System32\kernel.appcore.dll
0x00007ff9edb50000 - 0x00007ff9edb60000 	C:\Program Files\Java\jdk-13.0.2\bin\verify.dll
0x00007ff9e3a50000 - 0x00007ff9e3c3d000 	C:\Windows\SYSTEM32\DBGHELP.DLL
0x00007ff9e3a20000 - 0x00007ff9e3a4a000 	C:\Windows\SYSTEM32\dbgcore.DLL
0x00007ff9d9b10000 - 0x00007ff9d9b36000 	C:\Program Files\Java\jdk-13.0.2\bin\java.dll
0x00007ff9e2430000 - 0x00007ff9e2447000 	C:\Program Files\Java\jdk-13.0.2\bin\zip.dll
0x00007ff9ec520000 - 0x00007ff9ec52a000 	C:\Program Files\Java\jdk-13.0.2\bin\jimage.dll
0x00007ff9f62e0000 - 0x00007ff9f77d4000 	C:\Windows\System32\SHELL32.dll
0x00007ff9f87d0000 - 0x00007ff9f8878000 	C:\Windows\System32\shcore.dll
0x00007ff9f4fa0000 - 0x00007ff9f56ee000 	C:\Windows\System32\windows.storage.dll
0x00007ff9f4940000 - 0x00007ff9f4964000 	C:\Windows\System32\profapi.dll
0x00007ff9f48c0000 - 0x00007ff9f491d000 	C:\Windows\System32\powrprof.dll
0x00007ff9f5c90000 - 0x00007ff9f5ce2000 	C:\Windows\System32\shlwapi.dll
0x00007ff9f4970000 - 0x00007ff9f4987000 	C:\Windows\System32\cryptsp.dll
0x00007ff9e06e0000 - 0x00007ff9e06f9000 	C:\Program Files\Java\jdk-13.0.2\bin\net.dll
0x00007ff9e8990000 - 0x00007ff9e8a82000 	C:\Windows\SYSTEM32\WINHTTP.dll
0x00007ff9f40c0000 - 0x00007ff9f4127000 	C:\Windows\system32\mswsock.dll
0x00007ff9e0690000 - 0x00007ff9e06a3000 	C:\Program Files\Java\jdk-13.0.2\bin\nio.dll
0x00007ff9ddd10000 - 0x00007ff9ddd36000 	C:\Users\ELCOT\.gradle\caches\gradle-6.5\native\31\windows-amd64\native-platform.dll
0x00007ff9ed0b0000 - 0x00007ff9ed0b9000 	C:\Program Files\Java\jdk-13.0.2\bin\management.dll
0x00007ff9ed0a0000 - 0x00007ff9ed0ab000 	C:\Program Files\Java\jdk-13.0.2\bin\management_ext.dll
0x00007ff9f3bf0000 - 0x00007ff9f3c23000 	C:\Windows\system32\rsaenh.dll
0x00007ff9f5aa0000 - 0x00007ff9f5ac6000 	C:\Windows\System32\bcrypt.dll
0x00007ff9f47a0000 - 0x00007ff9f47c8000 	C:\Windows\SYSTEM32\USERENV.dll
0x00007ff9f4240000 - 0x00007ff9f424c000 	C:\Windows\SYSTEM32\CRYPTBASE.dll
0x00007ff9f3df0000 - 0x00007ff9f3e2d000 	C:\Windows\SYSTEM32\IPHLPAPI.DLL
0x00007ff9f5cf0000 - 0x00007ff9f5cf8000 	C:\Windows\System32\NSI.dll
0x00007ff9ec560000 - 0x00007ff9ec576000 	C:\Windows\SYSTEM32\dhcpcsvc6.DLL
0x00007ff9ec540000 - 0x00007ff9ec55c000 	C:\Windows\SYSTEM32\dhcpcsvc.DLL
0x00007ff9f3e40000 - 0x00007ff9f3f07000 	C:\Windows\SYSTEM32\DNSAPI.dll

dbghelp: loaded successfully - version: 4.0.5 - missing functions: none
symbol engine: initialized successfully - sym options: 0x614 - pdb path: .;C:\Program Files\Java\jdk-13.0.2\bin;C:\Windows\SYSTEM32;C:\Windows\WinSxS\amd64_microsoft.windows.common-controls_6595b64144ccf1df_6.0.17763.1217_none_de6e4304534e0ad3;C:\Program Files\Java\jdk-13.0.2\bin\server;C:\Users\ELCOT\.gradle\caches\gradle-6.5\native\31\windows-amd64

VM Arguments:
jvm_args: --add-opens=java.base/java.util=ALL-UNNAMED --add-opens=java.base/java.lang=ALL-UNNAMED --add-opens=java.base/java.lang.invoke=ALL-UNNAMED --add-opens=java.prefs/java.util.prefs=ALL-UNNAMED -Xmx1024m -Dfile.encoding=windows-1252 -Duser.country=IN -Duser.language=en -Duser.variant 
java_command: org.gradle.launcher.daemon.bootstrap.GradleDaemon 6.1.1
java_class_path (initial): C:\Users\ELCOT\.gradle\caches\gradle-6.5\wrapper\dists\gradle-6.1.1-all\cfmwm155h49vnt3hynmlrsdst\gradle-6.1.1\lib\gradle-launcher-6.1.1.jar
Launcher Type: SUN_STANDARD

[Global flags]
     intx CICompilerCount                          = 2                                         {product} {ergonomic}
     uint ConcGCThreads                            = 1                                         {product} {ergonomic}
     uint G1ConcRefinementThreads                  = 2                                         {product} {ergonomic}
   size_t G1HeapRegionSize                         = 1048576                                   {product} {ergonomic}
    uintx GCDrainStackTargetSize                   = 64                                        {product} {ergonomic}
   size_t InitialHeapSize                          = 65011712                                  {product} {ergonomic}
   size_t MarkStackSize                            = 4194304                                   {product} {ergonomic}
   size_t MaxHeapSize                              = 1073741824                                {product} {command line}
   size_t MaxNewSize                               = 643825664                                 {product} {ergonomic}
   size_t MinHeapDeltaBytes                        = 1048576                                   {product} {ergonomic}
   size_t MinHeapSize                              = 8388608                                   {product} {ergonomic}
    uintx NonNMethodCodeHeapSize                   = 5826188                                {pd product} {ergonomic}
    uintx NonProfiledCodeHeapSize                  = 122916026                              {pd product} {ergonomic}
    uintx ProfiledCodeHeapSize                     = 122916026                              {pd product} {ergonomic}
    uintx ReservedCodeCacheSize                    = 251658240                              {pd product} {ergonomic}
     bool SegmentedCodeCache                       = true                                      {product} {ergonomic}
   size_t SoftMaxHeapSize                          = 1073741824                             {manageable} {ergonomic}
     bool UseCompressedClassPointers               = true                                 {lp64_product} {ergonomic}
     bool UseCompressedOops                        = true                                 {lp64_product} {ergonomic}
     bool UseG1GC                                  = true                                      {product} {ergonomic}
     bool UseLargePagesIndividualAllocation        = false                                  {pd product} {ergonomic}

Logging:
Log output configuration:
 #0: stdout all=warning uptime,level,tags
 #1: stderr all=off uptime,level,tags

Environment Variables:
JAVA_HOME=C:\Program Files\Android\Android Studio\jre
PATH=C:\Program Files\AdoptOpenJDK\jdk-11.0.7.10-hotspot\bin;C:\Program Files (x86)\Common Files\Oracle\Java\javapath;C:\MinGW\bin;C:\Windows\system32;C:\Windows;C:\Windows\System32\Wbem;C:\Windows\System32\WindowsPowerShell\v1.0\;C:\Windows\System32\OpenSSH\;C:\Program Files\nodejs\;C:\Users\ELCOT\Downloads\python-3.8.2;C:\Program Files\Dart\dart-sdk\bin;C:\drivers\chromedriver_win32.zip;C:\src\flutter\flutter_windows_v1.12.13+hotfix.9-stable\flutter\bin;C:\Program Files (x86)\Android\android-sdk\platforms\platform-tools;C:\Program Files (x86)\Android\android-sdk\platform-tools\api;C:\Downloads\installer_r16-windows.exe;C:\ProgramData\Microsoft\Windows\Start Menu\Programs\Android SDK Tools;D:\kishoreAndroid\Android\Android Studio\bin;D:\kishoreAndroid\Android\Android Studio;C:\ProgramData\Microsoft\Windows\Start Menu\Programs\Visual Studio Emulator for Android.lnk;C:\Downloads\vs_emulatorsetup.exe;C:\Program Files (x86)\Android\android-sdk\SDK Manager;D:\Kishore\platforms;C:\Users\ELCOT\AppData\Local\Programs\Python\Python38\Scripts\;C:\Users\;C:\Program Files\Android\Android Studio\jre;C:\Program Files\Java\jdk-13.0.2\bin;C:\Program Files\Java\jre1.8.0_251\bin;C:\Program Files (x86)\Android\platform-tools;C:\Downloads\python-3.8.2.exe;C:\Program Files\dotnet\;C:\Program Files\Microsoft SQL Server\130\Tools\Binn\;C:\Program Files\Microsoft SQL Server\Client SDK\ODBC\170\Tools\Binn\;D:\Git\cmd;C:\Users\ELCOT\AppData\Roaming\npm;D:\modelsim_ase\win32aloem;C:\Users\ELCOT\AppData\Local\Programs\Python\Python39\Scripts\;C:\Users\ELCOT\AppData\Local\Programs\Python\Python39\;C:\Users\ELCOT\AppData\Local\ValidatorBuddy;C:\Users\ELCOT\AppData\Local\Programs\Python\Python38;C:\src\flutter\bin;D:\Heroku\bin;D:\Microsoft VS Code\bin;C:\Users\ELCOT\AppData\Roaming\npm\node_modules\firebase\node_modules\protobufjs\bin;
USERNAME=ELCOT
OS=Windows_NT
PROCESSOR_IDENTIFIER=AMD64 Family 21 Model 112 Stepping 0, AuthenticAMD



---------------  S Y S T E M  ---------------

OS: Windows 10 , 64 bit Build 17763 (10.0.17763.1158)
HyperV virtualization detected

CPU:total 2 (initial active 2) (2 cores per cpu, 1 threads per core) family 21 model 112 stepping 0, cmov, cx8, fxsr, mmx, sse, sse2, sse3, ssse3, sse4.1, sse4.2, popcnt, avx, avx2, aes, clmul, mmxext, 3dnowpref, lzcnt, sse4a, tsc, tscinvbit, tscinv, bmi1, bmi2, fma

Memory: 4k page, system-wide physical 3935M (280M free)
TotalPageFile size 5322M (AvailPageFile size 43M)
current process WorkingSet (physical memory assigned to process): 518M, peak: 532M
current process commit charge ("private bytes"): 586M, peak: 638M

vm_info: Java HotSpot(TM) 64-Bit Server VM (13.0.2+8) for windows-amd64 JRE (13.0.2+8), built on Dec 11 2019 09:20:33 by "mach5one" with unknown MS VC++:1916

END.
